WARNING: Be aware that are nodes in the graph that share an exact name, this can have unintended side effects.
/gazebo
/joint_state_merger
/left/controller_manager
/left/joint_state_broadcaster
/left/left_gazebo_ros2_control
/left/robot_state_publisher
/left/static_transform_publisher
/left/ur_left_joint_group_vel_controller
/left_static_transform_publisher_back_left
/left_static_transform_publisher_back_right
/left_static_transform_publisher_front_left
/left_summit/omni_steering
/left_summit_front_laser_controller
/left_summit_imu_imu_plugin
/left_summit_rear_laser_controller
/move_group
/move_group_private_93918926202608
/moveit_simple_controller_manager
/right/controller_manager
/right/joint_state_broadcaster
/right/right_gazebo_ros2_control
/right/robot_state_publisher
/right/static_transform_publisher
/right/ur_right_joint_group_vel_controller
/right_static_transform_publisher_back_left
/right_static_transform_publisher_back_right
/right_static_transform_publisher_front_left
/right_summit/omni_steering
/right_summit_front_laser_controller
/right_summit_imu_imu_plugin
/right_summit_rear_laser_controller
/rviz2
/rviz2_private_140378197033616
/state/gazebo_ros_state
/static_transform_publisher_front_right
/static_transform_publisher_front_right
/transform_listener_impl_556b34425250
/transform_listener_impl_559083b053c0
/transform_listener_impl_559085966450
