Unknown tag "joint_property" in /robot[@name='srm_left']
Unknown tag "joint_property" in /robot[@name='srm_left']
Unknown tag "joint_property" in /robot[@name='srm_left']
disable_collisionss:
- link1: left_summit_back_left_wheel_link
  link2: left_summit_back_right_wheel_link
  reason: Never
- link1: left_summit_back_left_wheel_link
  link2: left_summit_base_link
  reason: Adjacent
- link1: left_summit_back_left_wheel_link
  link2: left_summit_front_laser_base_link
  reason: Never
- link1: left_summit_back_left_wheel_link
  link2: left_summit_front_left_wheel_link
  reason: Never
- link1: left_summit_back_left_wheel_link
  link2: left_summit_front_right_wheel_link
  reason: Never
- link1: left_summit_back_left_wheel_link
  link2: left_summit_rear_laser_base_link
  reason: Never
- link1: left_summit_back_left_wheel_link
  link2: ur_left_base_link_inertia
  reason: Never
- link1: left_summit_back_left_wheel_link
  link2: ur_left_shoulder_link
  reason: Never
- link1: left_summit_back_right_wheel_link
  link2: left_summit_base_link
  reason: Adjacent
- link1: left_summit_back_right_wheel_link
  link2: left_summit_front_laser_base_link
  reason: Never
- link1: left_summit_back_right_wheel_link
  link2: left_summit_front_left_wheel_link
  reason: Never
- link1: left_summit_back_right_wheel_link
  link2: left_summit_front_right_wheel_link
  reason: Never
- link1: left_summit_back_right_wheel_link
  link2: left_summit_rear_laser_base_link
  reason: Never
- link1: left_summit_back_right_wheel_link
  link2: ur_left_base_link_inertia
  reason: Never
- link1: left_summit_back_right_wheel_link
  link2: ur_left_shoulder_link
  reason: Never
- link1: left_summit_base_link
  link2: left_summit_front_laser_base_link
  reason: Adjacent
- link1: left_summit_base_link
  link2: left_summit_front_left_wheel_link
  reason: Adjacent
- link1: left_summit_base_link
  link2: left_summit_front_right_wheel_link
  reason: Adjacent
- link1: left_summit_base_link
  link2: left_summit_rear_laser_base_link
  reason: Adjacent
- link1: left_summit_base_link
  link2: ur_left_base_link_inertia
  reason: Adjacent
- link1: left_summit_base_link
  link2: ur_left_shoulder_link
  reason: Never
- link1: left_summit_front_laser_base_link
  link2: left_summit_front_left_wheel_link
  reason: Never
- link1: left_summit_front_laser_base_link
  link2: left_summit_front_right_wheel_link
  reason: Never
- link1: left_summit_front_laser_base_link
  link2: left_summit_rear_laser_base_link
  reason: Never
- link1: left_summit_front_laser_base_link
  link2: ur_left_base_link_inertia
  reason: Never
- link1: left_summit_front_laser_base_link
  link2: ur_left_shoulder_link
  reason: Never
- link1: left_summit_front_left_wheel_link
  link2: left_summit_front_right_wheel_link
  reason: Never
- link1: left_summit_front_left_wheel_link
  link2: left_summit_rear_laser_base_link
  reason: Never
- link1: left_summit_front_left_wheel_link
  link2: ur_left_base_link_inertia
  reason: Never
- link1: left_summit_front_left_wheel_link
  link2: ur_left_shoulder_link
  reason: Never
- link1: left_summit_front_right_wheel_link
  link2: left_summit_rear_laser_base_link
  reason: Never
- link1: left_summit_front_right_wheel_link
  link2: ur_left_base_link_inertia
  reason: Never
- link1: left_summit_front_right_wheel_link
  link2: ur_left_shoulder_link
  reason: Never
- link1: left_summit_rear_laser_base_link
  link2: ur_left_base_link_inertia
  reason: Never
- link1: left_summit_rear_laser_base_link
  link2: ur_left_shoulder_link
  reason: Never
- link1: ur_left_base_link_inertia
  link2: ur_left_shoulder_link
  reason: Adjacent
end_effectors:
- group: srm_l_ur
  name: srm_l_ee
  parent_group: srm_l_paletta
  parent_link: ur_left_tool0
group_states:
- group: srm_l_ur
  joints:
  - name: ur_left_elbow_joint
    value:
    - -2.5861
  - name: ur_left_shoulder_lift_joint
    value:
    - 0.3124
  - name: ur_left_shoulder_pan_joint
    value:
    - 4.8251
  - name: ur_left_wrist_1_joint
    value:
    - -1.5621
  - name: ur_left_wrist_2_joint
    value:
    - 1.7009
  - name: ur_left_wrist_3_joint
    value:
    - 0.1041
  name: standby
- group: srm_l_ur
  joints:
  - name: ur_left_elbow_joint
    value:
    - -1.6836
  - name: ur_left_shoulder_lift_joint
    value:
    - -0.7984
  - name: ur_left_shoulder_pan_joint
    value:
    - 4.6863
  - name: ur_left_wrist_1_joint
    value:
    - -1.5621
  - name: ur_left_wrist_2_joint
    value:
    - 1.7009
  - name: ur_left_wrist_3_joint
    value:
    - 0.1041
  name: default
groups:
- chains:
  - base_link: ur_left_base_link_inertia
    tip_link: ur_left_tool0
  groups: []
  joints:
  - name: ur_left_shoulder_pan_joint
  - name: ur_left_shoulder_lift_joint
  - name: ur_left_elbow_joint
  - name: ur_left_wrist_1_joint
  - name: ur_left_wrist_2_joint
  - name: ur_left_wrist_3_joint
  - name: ur_left_base_link-base_link_inertia
  links: []
  name: srm_l_ur
- chains:
  - base_link: left_summit_base_footprint
    tip_link: left_summit_base_footprint
  groups: []
  joints:
  - name: position
  links: []
  name: srm_l_base
- chains: []
  groups:
  - chains: []
    groups: []
    joints: []
    links: []
    name: srm_l_ur
  - chains: []
    groups: []
    joints: []
    links: []
    name: srm_l_base
  joints: []
  links: []
  name: srm_l
- chains: []
  groups: []
  joints: []
  links:
  - name: ur_left_tool0
  - name: ur_left_paletta
  name: srm_l_paletta
link_sphere_approximations: []
name: srm_left
passive_joints:
- name: left_summit_back_left_wheel_joint
- name: left_summit_back_right_wheel_joint
- name: left_summit_front_left_wheel_joint
- name: left_summit_front_right_wheel_joint
virtual_joints:
- child_link: left_summit_base_footprint
  name: position
  parent_frame: left_summit_odom
  type: planar
