[INFO] [launch]: All log files can be found below /root/.ros/log/2025-04-28-12-20-03-185674-outlander-Aspire-V3-571G-1411
[INFO] [launch]: Default logging verbosity is set to INFO
[INFO] [gzserver-1]: process started with pid [1415]
[INFO] [gzclient-2]: process started with pid [1417]
[INFO] [rviz2-3]: process started with pid [1419]
[INFO] [robot_state_publisher-4]: process started with pid [1421]
[INFO] [spawn_entity.py-5]: process started with pid [1423]
[INFO] [spawner-6]: process started with pid [1425]
[INFO] [spawner-7]: process started with pid [1427]
[INFO] [move_group-8]: process started with pid [1429]
[INFO] [static_transform_publisher-9]: process started with pid [1431]
[INFO] [static_transform_publisher-10]: process started with pid [1434]
[INFO] [static_transform_publisher-11]: process started with pid [1451]
[INFO] [robot_state_publisher-12]: process started with pid [1456]
[INFO] [spawn_entity.py-13]: process started with pid [1458]
[INFO] [spawner-14]: process started with pid [1470]
[INFO] [spawner-15]: process started with pid [1495]
[INFO] [move_group-16]: process started with pid [1501]
[INFO] [static_transform_publisher-17]: process started with pid [1509]
[INFO] [static_transform_publisher-18]: process started with pid [1511]
[INFO] [static_transform_publisher-19]: process started with pid [1513]
[rviz2-3] QStandardPaths: XDG_RUNTIME_DIR not set, defaulting to '/tmp/runtime-root'
[robot_state_publisher-4] [INFO] [1745842807.337542378] [left.robot_state_publisher]: got segment left_summit_back_left_wheel_link
[robot_state_publisher-4] [INFO] [1745842807.337705891] [left.robot_state_publisher]: got segment left_summit_back_right_wheel_link
[robot_state_publisher-4] [INFO] [1745842807.337729318] [left.robot_state_publisher]: got segment left_summit_base_chapa
[robot_state_publisher-4] [INFO] [1745842807.337748946] [left.robot_state_publisher]: got segment left_summit_base_docking_contact
[robot_state_publisher-4] [INFO] [1745842807.337767216] [left.robot_state_publisher]: got segment left_summit_base_footprint
[robot_state_publisher-4] [INFO] [1745842807.337782714] [left.robot_state_publisher]: got segment left_summit_base_link
[robot_state_publisher-4] [INFO] [1745842807.337797192] [left.robot_state_publisher]: got segment left_summit_base_logo_front
[robot_state_publisher-4] [INFO] [1745842807.337812469] [left.robot_state_publisher]: got segment left_summit_base_logo_left
[robot_state_publisher-4] [INFO] [1745842807.337827431] [left.robot_state_publisher]: got segment left_summit_base_logo_rear
[robot_state_publisher-4] [INFO] [1745842807.337842436] [left.robot_state_publisher]: got segment left_summit_base_logo_right
[robot_state_publisher-4] [INFO] [1745842807.337858716] [left.robot_state_publisher]: got segment left_summit_front_laser_base_link
[robot_state_publisher-4] [INFO] [1745842807.337875475] [left.robot_state_publisher]: got segment left_summit_front_laser_link
[robot_state_publisher-4] [INFO] [1745842807.337891681] [left.robot_state_publisher]: got segment left_summit_front_left_wheel_link
[robot_state_publisher-4] [INFO] [1745842807.337908164] [left.robot_state_publisher]: got segment left_summit_front_right_wheel_link
[robot_state_publisher-4] [INFO] [1745842807.337925302] [left.robot_state_publisher]: got segment left_summit_imu_link
[robot_state_publisher-4] [INFO] [1745842807.337944295] [left.robot_state_publisher]: got segment left_summit_rear_laser_base_link
[robot_state_publisher-4] [INFO] [1745842807.337961249] [left.robot_state_publisher]: got segment left_summit_rear_laser_link
[robot_state_publisher-4] [INFO] [1745842807.337979111] [left.robot_state_publisher]: got segment ur_left_base
[robot_state_publisher-4] [INFO] [1745842807.337996144] [left.robot_state_publisher]: got segment ur_left_base_link
[robot_state_publisher-4] [INFO] [1745842807.338014890] [left.robot_state_publisher]: got segment ur_left_base_link_inertia
[robot_state_publisher-4] [INFO] [1745842807.338034674] [left.robot_state_publisher]: got segment ur_left_finger_left
[robot_state_publisher-4] [INFO] [1745842807.338052975] [left.robot_state_publisher]: got segment ur_left_finger_right
[robot_state_publisher-4] [INFO] [1745842807.338070320] [left.robot_state_publisher]: got segment ur_left_finger_tip
[robot_state_publisher-4] [INFO] [1745842807.338086124] [left.robot_state_publisher]: got segment ur_left_flange
[robot_state_publisher-4] [INFO] [1745842807.338102502] [left.robot_state_publisher]: got segment ur_left_forearm_link
[robot_state_publisher-4] [INFO] [1745842807.338118455] [left.robot_state_publisher]: got segment ur_left_ft_frame
[robot_state_publisher-4] [INFO] [1745842807.338134506] [left.robot_state_publisher]: got segment ur_left_robotiq_hand
[robot_state_publisher-4] [INFO] [1745842807.338152110] [left.robot_state_publisher]: got segment ur_left_shoulder_link
[robot_state_publisher-4] [INFO] [1745842807.338170319] [left.robot_state_publisher]: got segment ur_left_tool0
[robot_state_publisher-4] [INFO] [1745842807.338186158] [left.robot_state_publisher]: got segment ur_left_upper_arm_link
[robot_state_publisher-4] [INFO] [1745842807.338202686] [left.robot_state_publisher]: got segment ur_left_wrist_1_link
[robot_state_publisher-4] [INFO] [1745842807.338218911] [left.robot_state_publisher]: got segment ur_left_wrist_2_link
[robot_state_publisher-4] [INFO] [1745842807.338234273] [left.robot_state_publisher]: got segment ur_left_wrist_3_link
[static_transform_publisher-9] [WARN] [1745842807.294679153] []: Old-style arguments are deprecated; see --help for new-style arguments
[static_transform_publisher-9] [INFO] [1745842807.341951434] [left.static_tf_publisher_odom_to_base_left]: Spinning until stopped - publishing transform
[static_transform_publisher-9] translation: ('0.000000', '0.000000', '0.000000')
[static_transform_publisher-9] rotation: ('0.000000', '0.000000', '0.000000', '1.000000')
[static_transform_publisher-9] from 'left_summit_odom' to 'left_summit_base_footprint'
[static_transform_publisher-10] [WARN] [1745842807.346522054] []: Old-style arguments are deprecated; see --help for new-style arguments
[static_transform_publisher-10] [INFO] [1745842807.386943324] [left.static_tf_publisher_base_to_arm_left]: Spinning until stopped - publishing transform
[static_transform_publisher-10] translation: ('0.000000', '0.000000', '0.000000')
[static_transform_publisher-10] rotation: ('0.000000', '0.000000', '0.000000', '1.000000')
[static_transform_publisher-10] from 'ur_left_base_link_inertia' to 'ur_left_wrist_3_link'
[static_transform_publisher-11] [WARN] [1745842807.370492541] []: Old-style arguments are deprecated; see --help for new-style arguments
[static_transform_publisher-11] [INFO] [1745842807.460132073] [left.static_transform_publisher]: Spinning until stopped - publishing transform
[static_transform_publisher-11] translation: ('-0.660000', '0.000000', '0.000000')
[static_transform_publisher-11] rotation: ('0.000000', '0.000000', '0.000000', '1.000000')
[static_transform_publisher-11] from 'world' to 'left_summit_odom'
[static_transform_publisher-17] [WARN] [1745842807.516340447] []: Old-style arguments are deprecated; see --help for new-style arguments
[static_transform_publisher-18] [WARN] [1745842807.537877396] []: Old-style arguments are deprecated; see --help for new-style arguments
[static_transform_publisher-19] [WARN] [1745842807.560867396] []: Old-style arguments are deprecated; see --help for new-style arguments
[move_group-8] [INFO] [1745842807.562870011] [moveit_rdf_loader.rdf_loader]: Loaded robot model in 0.0277513 seconds
[move_group-8] [INFO] [1745842807.564176764] [moveit_robot_model.robot_model]: Loading robot model 'dual'...
[move_group-8] [INFO] [1745842807.564210308] [moveit_robot_model.robot_model]: No root/virtual joint specified in SRDF. Assuming fixed joint
[move_group-8] [WARN] [1745842807.564674916] [moveit_robot_model.robot_model]: Link left_summit_base_footprint has visual geometry but no collision geometry. Collision geometry will be left empty. Fix your URDF file by explicitly specifying collision geometry.
[move_group-8] [WARN] [1745842807.594629518] [moveit_robot_model.robot_model]: Link left_summit_base_logo_front has visual geometry but no collision geometry. Collision geometry will be left empty. Fix your URDF file by explicitly specifying collision geometry.
[move_group-8] [WARN] [1745842807.594694701] [moveit_robot_model.robot_model]: Link left_summit_base_logo_left has visual geometry but no collision geometry. Collision geometry will be left empty. Fix your URDF file by explicitly specifying collision geometry.
[move_group-8] [WARN] [1745842807.594714644] [moveit_robot_model.robot_model]: Link left_summit_base_logo_rear has visual geometry but no collision geometry. Collision geometry will be left empty. Fix your URDF file by explicitly specifying collision geometry.
[move_group-8] [WARN] [1745842807.594732725] [moveit_robot_model.robot_model]: Link left_summit_base_logo_right has visual geometry but no collision geometry. Collision geometry will be left empty. Fix your URDF file by explicitly specifying collision geometry.
[move_group-8] [WARN] [1745842807.594752052] [moveit_robot_model.robot_model]: Link left_summit_base_chapa has visual geometry but no collision geometry. Collision geometry will be left empty. Fix your URDF file by explicitly specifying collision geometry.
[move_group-8] [WARN] [1745842807.602497578] [moveit_robot_model.robot_model]: Link left_summit_imu_link has visual geometry but no collision geometry. Collision geometry will be left empty. Fix your URDF file by explicitly specifying collision geometry.
[rviz2-3] [INFO] [1745842808.493724893] [rviz2]: Stereo is NOT SUPPORTED
[rviz2-3] [INFO] [1745842808.493959078] [rviz2]: OpenGl version: 4.6 (GLSL 4.6)
[rviz2-3] [INFO] [1745842808.557398317] [rviz2]: Stereo is NOT SUPPORTED
[move_group-8] [INFO] [1745842808.602611587] [moveit_ros.planning_scene_monitor.planning_scene_monitor]: Publishing maintained planning scene on 'monitored_planning_scene'
[move_group-8] [INFO] [1745842808.602819765] [moveit.ros_planning_interface.moveit_cpp]: Listening to 'joint_states' for joint states
[move_group-8] [INFO] [1745842808.603979596] [moveit_ros.current_state_monitor]: Listening to joint states on topic 'joint_states'
[move_group-8] [INFO] [1745842808.604671792] [moveit_ros.planning_scene_monitor.planning_scene_monitor]: Listening to '/attached_collision_object' for attached collision objects
[move_group-8] [INFO] [1745842808.604698684] [moveit_ros.planning_scene_monitor.planning_scene_monitor]: Starting planning scene monitor
[move_group-8] [INFO] [1745842808.605011178] [moveit_ros.planning_scene_monitor.planning_scene_monitor]: Listening to '/planning_scene'
[move_group-8] [INFO] [1745842808.605031346] [moveit_ros.planning_scene_monitor.planning_scene_monitor]: Starting world geometry update monitor for collision objects, attached objects, octomap updates.
[move_group-8] [INFO] [1745842808.605392246] [moveit_ros.planning_scene_monitor.planning_scene_monitor]: Listening to 'collision_object'
[move_group-8] [INFO] [1745842808.605740175] [moveit_ros.planning_scene_monitor.planning_scene_monitor]: Listening to 'planning_scene_world' for planning scene world geometry
[move_group-8] [WARN] [1745842808.609386558] [moveit.ros.occupancy_map_monitor.middleware_handle]: Resolution not specified for Octomap. Assuming resolution = 0.1 instead
[move_group-8] [INFO] [1745842810.058586640] [moveit.ros_planning_interface.moveit_cpp]: Loading planning pipeline 'ompl'
[move_group-8] [INFO] [1745842810.107890618] [moveit.ros_planning.planning_pipeline]: Using planning interface 'OMPL'
[move_group-8] [INFO] [1745842810.119847257] [moveit_ros.add_time_optimal_parameterization]: Param 'ompl.path_tolerance' was not set. Using default value: 0.100000
[move_group-8] [INFO] [1745842810.119883613] [moveit_ros.add_time_optimal_parameterization]: Param 'ompl.resample_dt' was not set. Using default value: 0.100000
[move_group-8] [INFO] [1745842810.119892895] [moveit_ros.add_time_optimal_parameterization]: Param 'ompl.min_angle_change' was not set. Using default value: 0.001000
[move_group-8] [INFO] [1745842810.119970337] [moveit_ros.fix_workspace_bounds]: Param 'ompl.default_workspace_bounds' was not set. Using default value: 10.000000
[move_group-8] [INFO] [1745842810.119996166] [moveit_ros.fix_start_state_bounds]: Param 'ompl.start_state_max_bounds_error' was set to 0.100000
[move_group-8] [INFO] [1745842810.120005627] [moveit_ros.fix_start_state_bounds]: Param 'ompl.start_state_max_dt' was not set. Using default value: 0.500000
[move_group-8] [INFO] [1745842810.120023685] [moveit_ros.fix_start_state_collision]: Param 'ompl.start_state_max_dt' was not set. Using default value: 0.500000
[move_group-8] [INFO] [1745842810.120032701] [moveit_ros.fix_start_state_collision]: Param 'ompl.jiggle_fraction' was set to 0.050000
[move_group-8] [INFO] [1745842810.120056746] [moveit_ros.fix_start_state_collision]: Param 'ompl.max_sampling_attempts' was not set. Using default value: 100
[move_group-8] [INFO] [1745842810.120076959] [moveit.ros_planning.planning_pipeline]: Using planning request adapter 'Add Time Optimal Parameterization'
[move_group-8] [INFO] [1745842810.120111215] [moveit.ros_planning.planning_pipeline]: Using planning request adapter 'Resolve constraint frames to robot links'
[move_group-8] [INFO] [1745842810.120119745] [moveit.ros_planning.planning_pipeline]: Using planning request adapter 'Fix Workspace Bounds'
[move_group-8] [INFO] [1745842810.120125309] [moveit.ros_planning.planning_pipeline]: Using planning request adapter 'Fix Start State Bounds'
[move_group-8] [INFO] [1745842810.120130524] [moveit.ros_planning.planning_pipeline]: Using planning request adapter 'Fix Start State In Collision'
[move_group-8] [INFO] [1745842810.120135823] [moveit.ros_planning.planning_pipeline]: Using planning request adapter 'Fix Start State Path Constraints'
[move_group-8] [INFO] [1745842810.125461405] [moveit.ros_planning_interface.moveit_cpp]: Loading planning pipeline 'chomp'
[move_group-8] [INFO] [1745842810.141911266] [moveit.ros_planning.planning_pipeline]: Using planning interface 'CHOMP'
[move_group-8] [INFO] [1745842810.147686024] [moveit_ros.add_time_optimal_parameterization]: Param 'chomp.path_tolerance' was not set. Using default value: 0.100000
[move_group-8] [INFO] [1745842810.147711701] [moveit_ros.add_time_optimal_parameterization]: Param 'chomp.resample_dt' was not set. Using default value: 0.100000
[move_group-8] [INFO] [1745842810.147724978] [moveit_ros.add_time_optimal_parameterization]: Param 'chomp.min_angle_change' was not set. Using default value: 0.001000
[move_group-8] [INFO] [1745842810.147772979] [moveit_ros.fix_workspace_bounds]: Param 'chomp.default_workspace_bounds' was not set. Using default value: 10.000000
[move_group-8] [INFO] [1745842810.147809537] [moveit_ros.fix_start_state_bounds]: Param 'chomp.start_state_max_bounds_error' was set to 0.100000
[move_group-8] [INFO] [1745842810.147823730] [moveit_ros.fix_start_state_bounds]: Param 'chomp.start_state_max_dt' was not set. Using default value: 0.500000
[move_group-8] [INFO] [1745842810.147852301] [moveit_ros.fix_start_state_collision]: Param 'chomp.start_state_max_dt' was not set. Using default value: 0.500000
[move_group-8] [INFO] [1745842810.147867219] [moveit_ros.fix_start_state_collision]: Param 'chomp.jiggle_fraction' was set to 0.050000
[move_group-8] [INFO] [1745842810.147878523] [moveit_ros.fix_start_state_collision]: Param 'chomp.max_sampling_attempts' was not set. Using default value: 100
[move_group-8] [INFO] [1745842810.147905112] [moveit.ros_planning.planning_pipeline]: Using planning request adapter 'Add Time Optimal Parameterization'
[move_group-8] [INFO] [1745842810.147917695] [moveit.ros_planning.planning_pipeline]: Using planning request adapter 'Resolve constraint frames to robot links'
[move_group-8] [INFO] [1745842810.147927287] [moveit.ros_planning.planning_pipeline]: Using planning request adapter 'Fix Workspace Bounds'
[move_group-8] [INFO] [1745842810.147936792] [moveit.ros_planning.planning_pipeline]: Using planning request adapter 'Fix Start State Bounds'
[move_group-8] [INFO] [1745842810.147954681] [moveit.ros_planning.planning_pipeline]: Using planning request adapter 'Fix Start State In Collision'
[move_group-8] [INFO] [1745842810.147964060] [moveit.ros_planning.planning_pipeline]: Using planning request adapter 'Fix Start State Path Constraints'
[move_group-8] [INFO] [1745842810.149397435] [moveit.ros_planning_interface.moveit_cpp]: Loading planning pipeline 'pilz_industrial_motion_planner'
[move_group-8] [INFO] [1745842810.160312947] [moveit.pilz_industrial_motion_planner.joint_limits_aggregator]: Reading limits from namespace robot_description_planning
[move_group-8] [INFO] [1745842810.172903617] [moveit.pilz_industrial_motion_planner]: Available plugins: pilz_industrial_motion_planner/PlanningContextLoaderCIRC pilz_industrial_motion_planner/PlanningContextLoaderLIN pilz_industrial_motion_planner/PlanningContextLoaderPTP 
[move_group-8] [INFO] [1745842810.172931664] [moveit.pilz_industrial_motion_planner]: About to load: pilz_industrial_motion_planner/PlanningContextLoaderCIRC
[move_group-8] [INFO] [1745842810.178436938] [moveit.pilz_industrial_motion_planner]: Registered Algorithm [CIRC]
[move_group-8] [INFO] [1745842810.178462816] [moveit.pilz_industrial_motion_planner]: About to load: pilz_industrial_motion_planner/PlanningContextLoaderLIN
[move_group-8] [INFO] [1745842810.180868866] [moveit.pilz_industrial_motion_planner]: Registered Algorithm [LIN]
[move_group-8] [INFO] [1745842810.180893798] [moveit.pilz_industrial_motion_planner]: About to load: pilz_industrial_motion_planner/PlanningContextLoaderPTP
[move_group-8] [INFO] [1745842810.183620396] [moveit.pilz_industrial_motion_planner]: Registered Algorithm [PTP]
[move_group-8] [INFO] [1745842810.183666698] [moveit.ros_planning.planning_pipeline]: Using planning interface 'Pilz Industrial Motion Planner'
[move_group-8] [ERROR] [1745842810.248997291] [moveit.plugins.moveit_simple_controller_manager]: No controller_names specified.
[move_group-8] [INFO] [1745842810.249227951] [moveit.plugins.moveit_simple_controller_manager]: Returned 0 controllers in list
[move_group-8] [INFO] [1745842810.249256409] [moveit.plugins.moveit_simple_controller_manager]: Returned 0 controllers in list
[move_group-8] [INFO] [1745842810.251234215] [moveit_ros.trajectory_execution_manager]: Trajectory execution is managing controllers
[move_group-8] [INFO] [1745842810.251271447] [move_group.move_group]: MoveGroup debug mode is ON
[move_group-8] [ERROR] [1745842810.276455795] [move_group.move_group]: Exception while loading move_group capability 'move_group/ExecuteTaskSolutionCapability': According to the loaded plugin descriptions the class move_group/ExecuteTaskSolutionCapability with base class type move_group::MoveGroupCapability does not exist. Declared types are  move_group/ApplyPlanningSceneService move_group/ClearOctomapService move_group/MoveGroupCartesianPathService move_group/MoveGroupExecuteService move_group/MoveGroupExecuteTrajectoryAction move_group/MoveGroupGetPlanningSceneService move_group/MoveGroupKinematicsService move_group/MoveGroupMoveAction move_group/MoveGroupPlanService move_group/MoveGroupQueryPlannersService move_group/MoveGroupStateValidationService move_group/TfPublisher pilz_industrial_motion_planner/MoveGroupSequenceAction pilz_industrial_motion_planner/MoveGroupSequenceService
[move_group-8] [INFO] [1745842810.293627317] [move_group.move_group]: 
[move_group-8] 
[move_group-8] ********************************************************
[move_group-8] * MoveGroup using: 
[move_group-8] *     - ApplyPlanningSceneService
[move_group-8] *     - ClearOctomapService
[move_group-8] *     - CartesianPathService
[move_group-8] *     - ExecuteTrajectoryAction
[move_group-8] *     - GetPlanningSceneService
[move_group-8] *     - KinematicsService
[move_group-8] *     - MoveAction
[move_group-8] *     - MotionPlanService
[move_group-8] *     - QueryPlannersService
[move_group-8] *     - StateValidationService
[move_group-8] ********************************************************
[move_group-8] 
[move_group-8] [INFO] [1745842810.293694844] [moveit_move_group_capabilities_base.move_group_context]: MoveGroup context using planning plugin ompl_interface/OMPLPlanner
[move_group-8] [INFO] [1745842810.293715771] [moveit_move_group_capabilities_base.move_group_context]: MoveGroup context initialization complete
[move_group-8] [96mLoading 'move_group/ApplyPlanningSceneService'...
[move_group-8] [0m[96mLoading 'move_group/ClearOctomapService'...
[move_group-8] [0m[96mLoading 'move_group/ExecuteTaskSolutionCapability'...
[move_group-8] [0m[96mLoading 'move_group/MoveGroupCartesianPathService'...
[move_group-8] [0m[96mLoading 'move_group/MoveGroupExecuteTrajectoryAction'...
[move_group-8] [0m[96mLoading 'move_group/MoveGroupGetPlanningSceneService'...
[move_group-8] [0m[96mLoading 'move_group/MoveGroupKinematicsService'...
[move_group-8] [0m[96mLoading 'move_group/MoveGroupMoveAction'...
[move_group-8] [0m[96mLoading 'move_group/MoveGroupPlanService'...
[move_group-8] [0m[96mLoading 'move_group/MoveGroupQueryPlannersService'...
[move_group-8] [0m[96mLoading 'move_group/MoveGroupStateValidationService'...
[move_group-8] [0m[92m
[move_group-8] You can start planning now!
[move_group-8] 
[WARNING] [launch]: user interrupted with ctrl-c (SIGINT)
[move_group-8] [INFO] [1745842824.841138076] [rclcpp]: signal_handler(signum=2)
[static_transform_publisher-10] [INFO] [1745842824.841123995] [rclcpp]: signal_handler(signum=2)
[ERROR] [gzclient-2]: process has died [pid 1417, exit code -2, cmd 'gzclient'].
[static_transform_publisher-11] [INFO] [1745842824.841134348] [rclcpp]: signal_handler(signum=2)
[robot_state_publisher-4] [INFO] [1745842824.841158460] [rclcpp]: signal_handler(signum=2)
[static_transform_publisher-9] [INFO] [1745842824.841239678] [rclcpp]: signal_handler(signum=2)
[robot_state_publisher-12] [INFO] [1745842824.842247803] [rclcpp]: signal_handler(signum=2)
[static_transform_publisher-17] [INFO] [1745842824.842384673] [rclcpp]: signal_handler(signum=2)
[move_group-16] [INFO] [1745842824.842462478] [rclcpp]: signal_handler(signum=2)
[static_transform_publisher-18] [INFO] [1745842824.842731927] [rclcpp]: signal_handler(signum=2)
[static_transform_publisher-19] [INFO] [1745842824.842916850] [rclcpp]: signal_handler(signum=2)
[gzserver-1] [INFO] [1745842824.842881037] [rclcpp]: signal_handler(signum=2)
[rviz2-3] [INFO] [1745842824.845111490] [rclcpp]: signal_handler(signum=2)
[move_group-8] [INFO] [1745842824.869105422] [moveit.ros_planning_interface.moveit_cpp]: Deleting MoveItCpp
[move_group-8] [INFO] [1745842824.870918245] [moveit_ros.planning_scene_monitor.planning_scene_monitor]: Stopped publishing maintained planning scene.
[move_group-8] [INFO] [1745842824.871805269] [moveit_ros.planning_scene_monitor.planning_scene_monitor]: Stopping world geometry monitor
[move_group-8] [INFO] [1745842824.873383019] [moveit_ros.planning_scene_monitor.planning_scene_monitor]: Stopping planning scene monitor
[move_group-8] Warning: class_loader.ClassLoader: SEVERE WARNING!!! Attempting to unload library while objects created by this loader exist in the heap! You should delete your objects before attempting to unload the library or destroying the ClassLoader. The library will NOT be unloaded.
[move_group-8]          at line 127 in ./src/class_loader.cpp
[move_group-8] Stack trace (most recent call last):
[move_group-8] #11   Object "", at 0xffffffffffffffff, in 
[move_group-8] #10   Object "/ros2_ws/build/moveit_ros_move_group/move_group", at 0x558b0e13ceb4, in _start
[INFO] [static_transform_publisher-11]: process has finished cleanly [pid 1451]
[INFO] [robot_state_publisher-4]: process has finished cleanly [pid 1421]
[INFO] [static_transform_publisher-9]: process has finished cleanly [pid 1431]
[INFO] [static_transform_publisher-10]: process has finished cleanly [pid 1434]
[move_group-8] #9    Object "/usr/lib/x86_64-linux-gnu/libc.so.6", at 0x7ff716ba6e3f, in __libc_start_main
[move_group-8] #8    Object "/usr/lib/x86_64-linux-gnu/libc.so.6", at 0x7ff716ba6d8f, in 
[move_group-8] #7    Object "/ros2_ws/build/moveit_ros_move_group/move_group", at 0x558b0e13c483, in main
[move_group-8] #6    Object "/ros2_ws/build/moveit_ros_move_group/move_group", at 0x558b0e1439c1, in std::_Sp_counted_base<(__gnu_cxx::_Lock_policy)2>::_M_release()
[move_group-8] #5    Object "/opt/ros/humble/lib/librclcpp.so", at 0x7ff71710384e, in rclcpp::Node::~Node()
[move_group-8] #4    Object "/opt/ros/humble/lib/librclcpp.so", at 0x7ff7170dec69, in 
[move_group-8] #3    Object "/opt/ros/humble/lib/librclcpp.so", at 0x7ff71710cef9, in 
[move_group-8] #2    Object "/opt/ros/humble/lib/librclcpp.so", at 0x7ff71710ce40, in rclcpp::node_interfaces::NodeBase::~NodeBase()
[move_group-8] #1    Object "/opt/ros/humble/lib/librclcpp.so", at 0x7ff7170dec69, in 
[move_group-8] #0    Object "/opt/ros/humble/lib/librclcpp.so", at 0x7ff7170e39e1, in rclcpp::CallbackGroup::~CallbackGroup()
[move_group-8] Segmentation fault (Address not mapped to object [0x7ff70c2e6c70])
[INFO] [rviz2-3]: process has finished cleanly [pid 1419]
[ERROR] [move_group-8]: process has died [pid 1429, exit code -11, cmd '/ros2_ws/install/moveit_ros_move_group/lib/moveit_ros_move_group/move_group --ros-args --params-file /tmp/launch_params_xd1n3anw --params-file /tmp/launch_params_fkfywho0 --params-file /tmp/launch_params_kohw4k4h --params-file /tmp/launch_params_m063xi4h'].
[move_group-8] [0m
[ERROR] [static_transform_publisher-19]: process[static_transform_publisher-19] failed to terminate '5' seconds after receiving 'SIGINT', escalating to 'SIGTERM'
[ERROR] [static_transform_publisher-18]: process[static_transform_publisher-18] failed to terminate '5' seconds after receiving 'SIGINT', escalating to 'SIGTERM'
[ERROR] [static_transform_publisher-17]: process[static_transform_publisher-17] failed to terminate '5' seconds after receiving 'SIGINT', escalating to 'SIGTERM'
[ERROR] [move_group-16]: process[move_group-16] failed to terminate '5' seconds after receiving 'SIGINT', escalating to 'SIGTERM'
[ERROR] [spawner-15]: process[spawner-15] failed to terminate '5' seconds after receiving 'SIGINT', escalating to 'SIGTERM'
[ERROR] [spawner-14]: process[spawner-14] failed to terminate '5' seconds after receiving 'SIGINT', escalating to 'SIGTERM'
[ERROR] [spawn_entity.py-13]: process[spawn_entity.py-13] failed to terminate '5' seconds after receiving 'SIGINT', escalating to 'SIGTERM'
[ERROR] [robot_state_publisher-12]: process[robot_state_publisher-12] failed to terminate '5' seconds after receiving 'SIGINT', escalating to 'SIGTERM'
[ERROR] [spawner-7]: process[spawner-7] failed to terminate '5' seconds after receiving 'SIGINT', escalating to 'SIGTERM'
[INFO] [static_transform_publisher-19]: sending signal 'SIGTERM' to process[static_transform_publisher-19]
[ERROR] [spawner-6]: process[spawner-6] failed to terminate '5' seconds after receiving 'SIGINT', escalating to 'SIGTERM'
[INFO] [static_transform_publisher-18]: sending signal 'SIGTERM' to process[static_transform_publisher-18]
[ERROR] [spawn_entity.py-5]: process[spawn_entity.py-5] failed to terminate '5' seconds after receiving 'SIGINT', escalating to 'SIGTERM'
[ERROR] [gzserver-1]: process[gzserver-1] failed to terminate '5' seconds after receiving 'SIGINT', escalating to 'SIGTERM'
[INFO] [static_transform_publisher-17]: sending signal 'SIGTERM' to process[static_transform_publisher-17]
[INFO] [move_group-16]: sending signal 'SIGTERM' to process[move_group-16]
[INFO] [spawner-15]: sending signal 'SIGTERM' to process[spawner-15]
[INFO] [spawner-14]: sending signal 'SIGTERM' to process[spawner-14]
[INFO] [spawn_entity.py-13]: sending signal 'SIGTERM' to process[spawn_entity.py-13]
[ERROR] [spawner-15]: process has died [pid 1495, exit code -15, cmd '/opt/ros/humble/lib/controller_manager/spawner ur_right_joint_group_vel_controller -c /right/controller_manager --ros-args -r __ns:=/right'].
[INFO] [robot_state_publisher-12]: sending signal 'SIGTERM' to process[robot_state_publisher-12]
[ERROR] [spawner-14]: process has died [pid 1470, exit code -15, cmd '/opt/ros/humble/lib/controller_manager/spawner joint_state_broadcaster -c /right/controller_manager --ros-args -r __ns:=/right'].
[INFO] [spawner-7]: sending signal 'SIGTERM' to process[spawner-7]
[static_transform_publisher-19] [INFO] [1745842829.876917851] [rclcpp]: signal_handler(signum=15)
[INFO] [spawner-6]: sending signal 'SIGTERM' to process[spawner-6]
[static_transform_publisher-18] [INFO] [1745842829.880708069] [rclcpp]: signal_handler(signum=15)
[ERROR] [spawner-7]: process has died [pid 1427, exit code -15, cmd '/opt/ros/humble/lib/controller_manager/spawner ur_left_joint_group_vel_controller -c /left/controller_manager --ros-args -r __ns:=/left'].
[INFO] [spawn_entity.py-5]: sending signal 'SIGTERM' to process[spawn_entity.py-5]
[INFO] [gzserver-1]: sending signal 'SIGTERM' to process[gzserver-1]
[ERROR] [spawner-6]: process has died [pid 1425, exit code -15, cmd '/opt/ros/humble/lib/controller_manager/spawner joint_state_broadcaster -c /left/controller_manager --ros-args -r __ns:=/left'].
[static_transform_publisher-17] [INFO] [1745842829.885710981] [rclcpp]: signal_handler(signum=15)
[move_group-16] [INFO] [1745842829.889106130] [rclcpp]: signal_handler(signum=15)
[robot_state_publisher-12] [INFO] [1745842829.903626380] [rclcpp]: signal_handler(signum=15)
[gzserver-1] [INFO] [1745842829.922228918] [rclcpp]: signal_handler(signum=15)
[ERROR] [static_transform_publisher-19]: process[static_transform_publisher-19] failed to terminate '10.0' seconds after receiving 'SIGTERM', escalating to 'SIGKILL'
[ERROR] [static_transform_publisher-18]: process[static_transform_publisher-18] failed to terminate '10.0' seconds after receiving 'SIGTERM', escalating to 'SIGKILL'
[ERROR] [static_transform_publisher-17]: process[static_transform_publisher-17] failed to terminate '10.0' seconds after receiving 'SIGTERM', escalating to 'SIGKILL'
[ERROR] [move_group-16]: process[move_group-16] failed to terminate '10.0' seconds after receiving 'SIGTERM', escalating to 'SIGKILL'
[ERROR] [spawn_entity.py-13]: process[spawn_entity.py-13] failed to terminate '10.0' seconds after receiving 'SIGTERM', escalating to 'SIGKILL'
[ERROR] [robot_state_publisher-12]: process[robot_state_publisher-12] failed to terminate '10.0' seconds after receiving 'SIGTERM', escalating to 'SIGKILL'
[INFO] [static_transform_publisher-19]: sending signal 'SIGKILL' to process[static_transform_publisher-19]
[INFO] [static_transform_publisher-18]: sending signal 'SIGKILL' to process[static_transform_publisher-18]
[ERROR] [spawn_entity.py-5]: process[spawn_entity.py-5] failed to terminate '10.0' seconds after receiving 'SIGTERM', escalating to 'SIGKILL'
[ERROR] [static_transform_publisher-19]: process has died [pid 1513, exit code -9, cmd '/opt/ros/humble/lib/tf2_ros/static_transform_publisher 0.66 0 0 0 0 0 1 world right_summit_odom --ros-args -r __node:=static_transform_publisher -r __ns:=/right'].
[ERROR] [gzserver-1]: process[gzserver-1] failed to terminate '10.0' seconds after receiving 'SIGTERM', escalating to 'SIGKILL'
[ERROR] [static_transform_publisher-18]: process has died [pid 1511, exit code -9, cmd '/opt/ros/humble/lib/tf2_ros/static_transform_publisher 0 0 0 0 0 0 1 ur_right_base_link_inertia ur_right_wrist_3_link --ros-args -r __node:=static_tf_publisher_base_to_arm_right -r __ns:=/right'].
[INFO] [static_transform_publisher-17]: sending signal 'SIGKILL' to process[static_transform_publisher-17]
[INFO] [move_group-16]: sending signal 'SIGKILL' to process[move_group-16]
[INFO] [spawn_entity.py-13]: sending signal 'SIGKILL' to process[spawn_entity.py-13]
[ERROR] [static_transform_publisher-17]: process has died [pid 1509, exit code -9, cmd '/opt/ros/humble/lib/tf2_ros/static_transform_publisher 0 0 0 0 0 0 1 right_summit_odom right_summit_base_footprint --ros-args -r __node:=static_tf_publisher_odom_to_base_right -r __ns:=/right'].
[ERROR] [move_group-16]: process has died [pid 1501, exit code -9, cmd '/ros2_ws/install/moveit_ros_move_group/lib/moveit_ros_move_group/move_group --ros-args --params-file /tmp/launch_params_l2krmq92 --params-file /tmp/launch_params_v7fiqepl --params-file /tmp/launch_params_1wl1h_6p --params-file /tmp/launch_params_lzmzgvk7'].
[INFO] [robot_state_publisher-12]: sending signal 'SIGKILL' to process[robot_state_publisher-12]
[INFO] [spawn_entity.py-5]: sending signal 'SIGKILL' to process[spawn_entity.py-5]
[ERROR] [spawn_entity.py-13]: process has died [pid 1458, exit code -9, cmd '/opt/ros/humble/lib/gazebo_ros/spawn_entity.py -entity right_robot -topic /right/robot_description -x 0.66 -y 0 -z 0 -timeout 5 -unpause --ros-args -r __node:=right'].
[ERROR] [robot_state_publisher-12]: process has died [pid 1456, exit code -9, cmd '/opt/ros/humble/lib/robot_state_publisher/robot_state_publisher --ros-args -r __node:=robot_state_publisher -r __ns:=/right --params-file /tmp/launch_params_6n8ktwbl --params-file /tmp/launch_params_gf4syfeo'].
[INFO] [gzserver-1]: sending signal 'SIGKILL' to process[gzserver-1]
[ERROR] [spawn_entity.py-5]: process has died [pid 1423, exit code -9, cmd '/opt/ros/humble/lib/gazebo_ros/spawn_entity.py -entity left_robot -topic /left/robot_description -x -0.66 -y 0 -z 0 -timeout 5 -unpause --ros-args -r __node:=left'].
[ERROR] [gzserver-1]: process has died [pid 1415, exit code -9, cmd 'gzserver /ros2_ws/install/ur/share/ur/xacro/gazebo.world --physics False -slibgazebo_ros_init.so -slibgazebo_ros_factory.so -slibgazebo_ros_force_system.so'].
