[INFO] [launch]: All log files can be found below /root/.ros/log/2025-04-30-08-57-30-370988-outlander-Aspire-V3-571G-2925
[INFO] [launch]: Default logging verbosity is set to INFO
[INFO] [gzserver-1]: process started with pid [2928]
[INFO] [gzclient-2]: process started with pid [2930]
[INFO] [rviz2-3]: process started with pid [2932]
[INFO] [robot_state_publisher-4]: process started with pid [2934]
[INFO] [spawn_entity.py-5]: process started with pid [2936]
[INFO] [spawner-6]: process started with pid [2938]
[INFO] [spawner-7]: process started with pid [2940]
[INFO] [move_group-8]: process started with pid [2942]
[INFO] [static_transform_publisher-9]: process started with pid [2953]
[INFO] [robot_state_publisher-10]: process started with pid [2956]
[INFO] [spawn_entity.py-11]: process started with pid [2959]
[INFO] [spawner-12]: process started with pid [2979]
[INFO] [spawner-13]: process started with pid [2989]
[INFO] [move_group-14]: process started with pid [2994]
[INFO] [static_transform_publisher-15]: process started with pid [3005]
[rviz2-3] QStandardPaths: XDG_RUNTIME_DIR not set, defaulting to '/tmp/runtime-root'
[robot_state_publisher-4] [INFO] [1746003454.150302566] [left.robot_state_publisher]: got segment left_summit_back_left_wheel_link
[robot_state_publisher-4] [INFO] [1746003454.150476145] [left.robot_state_publisher]: got segment left_summit_back_right_wheel_link
[robot_state_publisher-4] [INFO] [1746003454.150499252] [left.robot_state_publisher]: got segment left_summit_base_chapa
[robot_state_publisher-4] [INFO] [1746003454.150516762] [left.robot_state_publisher]: got segment left_summit_base_docking_contact
[robot_state_publisher-4] [INFO] [1746003454.150533870] [left.robot_state_publisher]: got segment left_summit_base_footprint
[robot_state_publisher-4] [INFO] [1746003454.150551029] [left.robot_state_publisher]: got segment left_summit_base_link
[robot_state_publisher-4] [INFO] [1746003454.150567458] [left.robot_state_publisher]: got segment left_summit_base_logo_front
[robot_state_publisher-4] [INFO] [1746003454.150584963] [left.robot_state_publisher]: got segment left_summit_base_logo_left
[robot_state_publisher-4] [INFO] [1746003454.150600947] [left.robot_state_publisher]: got segment left_summit_base_logo_rear
[robot_state_publisher-4] [INFO] [1746003454.150617251] [left.robot_state_publisher]: got segment left_summit_base_logo_right
[robot_state_publisher-4] [INFO] [1746003454.150634108] [left.robot_state_publisher]: got segment left_summit_front_laser_base_link
[robot_state_publisher-4] [INFO] [1746003454.150650526] [left.robot_state_publisher]: got segment left_summit_front_laser_link
[robot_state_publisher-4] [INFO] [1746003454.150667133] [left.robot_state_publisher]: got segment left_summit_front_left_wheel_link
[robot_state_publisher-4] [INFO] [1746003454.150683425] [left.robot_state_publisher]: got segment left_summit_front_right_wheel_link
[robot_state_publisher-4] [INFO] [1746003454.150700521] [left.robot_state_publisher]: got segment left_summit_imu_link
[robot_state_publisher-4] [INFO] [1746003454.150717577] [left.robot_state_publisher]: got segment left_summit_rear_laser_base_link
[robot_state_publisher-4] [INFO] [1746003454.150734902] [left.robot_state_publisher]: got segment left_summit_rear_laser_link
[robot_state_publisher-4] [INFO] [1746003454.150753074] [left.robot_state_publisher]: got segment ur_left_base
[robot_state_publisher-4] [INFO] [1746003454.150770443] [left.robot_state_publisher]: got segment ur_left_base_link
[robot_state_publisher-4] [INFO] [1746003454.150786571] [left.robot_state_publisher]: got segment ur_left_base_link_inertia
[robot_state_publisher-4] [INFO] [1746003454.150803203] [left.robot_state_publisher]: got segment ur_left_finger_left
[robot_state_publisher-4] [INFO] [1746003454.150819913] [left.robot_state_publisher]: got segment ur_left_finger_right
[robot_state_publisher-4] [INFO] [1746003454.150835896] [left.robot_state_publisher]: got segment ur_left_finger_tip
[robot_state_publisher-4] [INFO] [1746003454.150854648] [left.robot_state_publisher]: got segment ur_left_flange
[robot_state_publisher-4] [INFO] [1746003454.150870745] [left.robot_state_publisher]: got segment ur_left_forearm_link
[robot_state_publisher-4] [INFO] [1746003454.150887462] [left.robot_state_publisher]: got segment ur_left_ft_frame
[robot_state_publisher-4] [INFO] [1746003454.150906950] [left.robot_state_publisher]: got segment ur_left_robotiq_hand
[robot_state_publisher-4] [INFO] [1746003454.150923334] [left.robot_state_publisher]: got segment ur_left_shoulder_link
[robot_state_publisher-4] [INFO] [1746003454.150939381] [left.robot_state_publisher]: got segment ur_left_tool0
[robot_state_publisher-4] [INFO] [1746003454.150954829] [left.robot_state_publisher]: got segment ur_left_upper_arm_link
[robot_state_publisher-4] [INFO] [1746003454.150970887] [left.robot_state_publisher]: got segment ur_left_wrist_1_link
[robot_state_publisher-4] [INFO] [1746003454.150986436] [left.robot_state_publisher]: got segment ur_left_wrist_2_link
[robot_state_publisher-4] [INFO] [1746003454.151002222] [left.robot_state_publisher]: got segment ur_left_wrist_3_link
[move_group-8] [INFO] [1746003454.269044164] [moveit_rdf_loader.rdf_loader]: Loaded robot model in 0.0184743 seconds
[move_group-8] [INFO] [1746003454.269181099] [moveit_robot_model.robot_model]: Loading robot model 'dual'...
[move_group-8] [WARN] [1746003454.269267491] [moveit_robot_model.robot_model]: Link left_summit_base_footprint has visual geometry but no collision geometry. Collision geometry will be left empty. Fix your URDF file by explicitly specifying collision geometry.
[static_transform_publisher-9] [WARN] [1746003454.173189786] []: Old-style arguments are deprecated; see --help for new-style arguments
[static_transform_publisher-9] [INFO] [1746003454.200773161] [left.static_transform_publisher]: Spinning until stopped - publishing transform
[static_transform_publisher-9] translation: ('-0.660000', '0.000000', '0.000000')
[static_transform_publisher-9] rotation: ('0.000000', '0.000000', '0.000000', '1.000000')
[static_transform_publisher-9] from 'world' to 'left_summit_odom'
[move_group-8] [WARN] [1746003454.275762220] [moveit_robot_model.robot_model]: Link left_summit_base_logo_front has visual geometry but no collision geometry. Collision geometry will be left empty. Fix your URDF file by explicitly specifying collision geometry.
[move_group-8] [WARN] [1746003454.275803704] [moveit_robot_model.robot_model]: Link left_summit_base_logo_left has visual geometry but no collision geometry. Collision geometry will be left empty. Fix your URDF file by explicitly specifying collision geometry.
[move_group-8] [WARN] [1746003454.275821872] [moveit_robot_model.robot_model]: Link left_summit_base_logo_rear has visual geometry but no collision geometry. Collision geometry will be left empty. Fix your URDF file by explicitly specifying collision geometry.
[move_group-8] [WARN] [1746003454.275838186] [moveit_robot_model.robot_model]: Link left_summit_base_logo_right has visual geometry but no collision geometry. Collision geometry will be left empty. Fix your URDF file by explicitly specifying collision geometry.
[move_group-8] [WARN] [1746003454.275853481] [moveit_robot_model.robot_model]: Link left_summit_base_chapa has visual geometry but no collision geometry. Collision geometry will be left empty. Fix your URDF file by explicitly specifying collision geometry.
[move_group-8] [WARN] [1746003454.283921217] [moveit_robot_model.robot_model]: Link left_summit_imu_link has visual geometry but no collision geometry. Collision geometry will be left empty. Fix your URDF file by explicitly specifying collision geometry.
[robot_state_publisher-10] [INFO] [1746003454.295431621] [right.robot_state_publisher]: got segment right_summit_back_left_wheel_link
[robot_state_publisher-10] [INFO] [1746003454.295591535] [right.robot_state_publisher]: got segment right_summit_back_right_wheel_link
[robot_state_publisher-10] [INFO] [1746003454.295616708] [right.robot_state_publisher]: got segment right_summit_base_chapa
[robot_state_publisher-10] [INFO] [1746003454.295638184] [right.robot_state_publisher]: got segment right_summit_base_docking_contact
[robot_state_publisher-10] [INFO] [1746003454.295658281] [right.robot_state_publisher]: got segment right_summit_base_footprint
[robot_state_publisher-10] [INFO] [1746003454.295678944] [right.robot_state_publisher]: got segment right_summit_base_link
[robot_state_publisher-10] [INFO] [1746003454.295700279] [right.robot_state_publisher]: got segment right_summit_base_logo_front
[robot_state_publisher-10] [INFO] [1746003454.295719733] [right.robot_state_publisher]: got segment right_summit_base_logo_left
[robot_state_publisher-10] [INFO] [1746003454.295739189] [right.robot_state_publisher]: got segment right_summit_base_logo_rear
[robot_state_publisher-10] [INFO] [1746003454.295758487] [right.robot_state_publisher]: got segment right_summit_base_logo_right
[robot_state_publisher-10] [INFO] [1746003454.295779091] [right.robot_state_publisher]: got segment right_summit_front_laser_base_link
[robot_state_publisher-10] [INFO] [1746003454.295798223] [right.robot_state_publisher]: got segment right_summit_front_laser_link
[robot_state_publisher-10] [INFO] [1746003454.295815132] [right.robot_state_publisher]: got segment right_summit_front_left_wheel_link
[robot_state_publisher-10] [INFO] [1746003454.295830900] [right.robot_state_publisher]: got segment right_summit_front_right_wheel_link
[robot_state_publisher-10] [INFO] [1746003454.295846666] [right.robot_state_publisher]: got segment right_summit_imu_link
[robot_state_publisher-10] [INFO] [1746003454.295862104] [right.robot_state_publisher]: got segment right_summit_rear_laser_base_link
[robot_state_publisher-10] [INFO] [1746003454.295877748] [right.robot_state_publisher]: got segment right_summit_rear_laser_link
[robot_state_publisher-10] [INFO] [1746003454.295897065] [right.robot_state_publisher]: got segment ur_right_base
[robot_state_publisher-10] [INFO] [1746003454.295916622] [right.robot_state_publisher]: got segment ur_right_base_link
[robot_state_publisher-10] [INFO] [1746003454.295936619] [right.robot_state_publisher]: got segment ur_right_base_link_inertia
[robot_state_publisher-10] [INFO] [1746003454.295956762] [right.robot_state_publisher]: got segment ur_right_finger_left
[robot_state_publisher-10] [INFO] [1746003454.295977595] [right.robot_state_publisher]: got segment ur_right_finger_right
[robot_state_publisher-10] [INFO] [1746003454.295998226] [right.robot_state_publisher]: got segment ur_right_finger_tip
[robot_state_publisher-10] [INFO] [1746003454.296017691] [right.robot_state_publisher]: got segment ur_right_flange
[robot_state_publisher-10] [INFO] [1746003454.296036307] [right.robot_state_publisher]: got segment ur_right_forearm_link
[robot_state_publisher-10] [INFO] [1746003454.296055666] [right.robot_state_publisher]: got segment ur_right_ft_frame
[robot_state_publisher-10] [INFO] [1746003454.296075195] [right.robot_state_publisher]: got segment ur_right_robotiq_hand
[robot_state_publisher-10] [INFO] [1746003454.296092980] [right.robot_state_publisher]: got segment ur_right_shoulder_link
[robot_state_publisher-10] [INFO] [1746003454.296109911] [right.robot_state_publisher]: got segment ur_right_tool0
[robot_state_publisher-10] [INFO] [1746003454.296125533] [right.robot_state_publisher]: got segment ur_right_upper_arm_link
[robot_state_publisher-10] [INFO] [1746003454.296141006] [right.robot_state_publisher]: got segment ur_right_wrist_1_link
[robot_state_publisher-10] [INFO] [1746003454.296156487] [right.robot_state_publisher]: got segment ur_right_wrist_2_link
[robot_state_publisher-10] [INFO] [1746003454.296172033] [right.robot_state_publisher]: got segment ur_right_wrist_3_link
[static_transform_publisher-15] [WARN] [1746003454.321744995] []: Old-style arguments are deprecated; see --help for new-style arguments
[static_transform_publisher-15] [INFO] [1746003454.380908505] [right.static_transform_publisher]: Spinning until stopped - publishing transform
[static_transform_publisher-15] translation: ('0.660000', '0.000000', '0.000000')
[static_transform_publisher-15] rotation: ('0.000000', '0.000000', '0.000000', '1.000000')
[static_transform_publisher-15] from 'world' to 'right_summit_odom'
[move_group-14] [INFO] [1746003454.633190637] [moveit_rdf_loader.rdf_loader]: Loaded robot model in 0.0210801 seconds
[move_group-14] [INFO] [1746003454.633393874] [moveit_robot_model.robot_model]: Loading robot model 'dual'...
[move_group-14] [WARN] [1746003454.633489058] [moveit_robot_model.robot_model]: Link right_summit_base_footprint has visual geometry but no collision geometry. Collision geometry will be left empty. Fix your URDF file by explicitly specifying collision geometry.
[move_group-14] [WARN] [1746003454.651091714] [moveit_robot_model.robot_model]: Link right_summit_base_logo_front has visual geometry but no collision geometry. Collision geometry will be left empty. Fix your URDF file by explicitly specifying collision geometry.
[move_group-14] [WARN] [1746003454.651143057] [moveit_robot_model.robot_model]: Link right_summit_base_logo_left has visual geometry but no collision geometry. Collision geometry will be left empty. Fix your URDF file by explicitly specifying collision geometry.
[move_group-14] [WARN] [1746003454.651163576] [moveit_robot_model.robot_model]: Link right_summit_base_logo_rear has visual geometry but no collision geometry. Collision geometry will be left empty. Fix your URDF file by explicitly specifying collision geometry.
[move_group-14] [WARN] [1746003454.651183280] [moveit_robot_model.robot_model]: Link right_summit_base_logo_right has visual geometry but no collision geometry. Collision geometry will be left empty. Fix your URDF file by explicitly specifying collision geometry.
[move_group-14] [WARN] [1746003454.651202441] [moveit_robot_model.robot_model]: Link right_summit_base_chapa has visual geometry but no collision geometry. Collision geometry will be left empty. Fix your URDF file by explicitly specifying collision geometry.
[move_group-14] [WARN] [1746003454.665053938] [moveit_robot_model.robot_model]: Link right_summit_imu_link has visual geometry but no collision geometry. Collision geometry will be left empty. Fix your URDF file by explicitly specifying collision geometry.
[spawner-7] [INFO] [1746003454.913496496] [left.spawner_ur_left_joint_group_vel_controller]: waiting for service /left/controller_manager/list_controllers to become available...
[spawn_entity.py-5] [INFO] [1746003454.978823670] [left]: Spawn Entity started
[spawn_entity.py-5] [INFO] [1746003454.980313887] [left]: Loading entity published on topic /left/robot_description
[spawn_entity.py-5] /opt/ros/humble/local/lib/python3.10/dist-packages/rclpy/qos.py:307: UserWarning: DurabilityPolicy.RMW_QOS_POLICY_DURABILITY_TRANSIENT_LOCAL is deprecated. Use DurabilityPolicy.TRANSIENT_LOCAL instead.
[spawn_entity.py-5]   warnings.warn(
[spawn_entity.py-5] [INFO] [1746003454.989853117] [left]: Waiting for entity xml on /left/robot_description
[spawn_entity.py-5] [INFO] [1746003455.002245827] [left]: Waiting for service /spawn_entity, timeout = 5
[spawn_entity.py-5] [INFO] [1746003455.003366219] [left]: Waiting for service /spawn_entity
[spawner-13] [INFO] [1746003455.180601342] [right.spawner_ur_right_joint_group_vel_controller]: waiting for service /right/controller_manager/list_controllers to become available...
[spawner-12] [INFO] [1746003455.232693719] [right.spawner_joint_state_broadcaster]: waiting for service /right/controller_manager/list_controllers to become available...
[spawner-6] [INFO] [1746003455.279543634] [left.spawner_joint_state_broadcaster]: waiting for service /left/controller_manager/list_controllers to become available...
[spawn_entity.py-11] [INFO] [1746003455.317172352] [right]: Spawn Entity started
[spawn_entity.py-11] [INFO] [1746003455.318382639] [right]: Loading entity published on topic /right/robot_description
[spawn_entity.py-11] /opt/ros/humble/local/lib/python3.10/dist-packages/rclpy/qos.py:307: UserWarning: DurabilityPolicy.RMW_QOS_POLICY_DURABILITY_TRANSIENT_LOCAL is deprecated. Use DurabilityPolicy.TRANSIENT_LOCAL instead.
[spawn_entity.py-11]   warnings.warn(
[spawn_entity.py-11] [INFO] [1746003455.324406353] [right]: Waiting for entity xml on /right/robot_description
[spawn_entity.py-11] [INFO] [1746003455.337136775] [right]: Waiting for service /spawn_entity, timeout = 5
[spawn_entity.py-11] [INFO] [1746003455.338268362] [right]: Waiting for service /spawn_entity
[move_group-8] [INFO] [1746003455.477994010] [moveit_ros.planning_scene_monitor.planning_scene_monitor]: Publishing maintained planning scene on 'monitored_planning_scene'
[move_group-8] [INFO] [1746003455.478302992] [moveit.ros_planning_interface.moveit_cpp]: Listening to 'joint_states' for joint states
[move_group-8] [INFO] [1746003455.482947049] [moveit_ros.current_state_monitor]: Listening to joint states on topic 'joint_states'
[move_group-8] [INFO] [1746003455.484754938] [moveit_ros.planning_scene_monitor.planning_scene_monitor]: Listening to '/attached_collision_object' for attached collision objects
[move_group-8] [INFO] [1746003455.484804860] [moveit_ros.planning_scene_monitor.planning_scene_monitor]: Starting planning scene monitor
[move_group-8] [INFO] [1746003455.486383776] [moveit_ros.planning_scene_monitor.planning_scene_monitor]: Listening to '/planning_scene'
[move_group-8] [INFO] [1746003455.486419229] [moveit_ros.planning_scene_monitor.planning_scene_monitor]: Starting world geometry update monitor for collision objects, attached objects, octomap updates.
[move_group-8] [INFO] [1746003455.488194723] [moveit_ros.planning_scene_monitor.planning_scene_monitor]: Listening to 'collision_object'
[move_group-8] [INFO] [1746003455.489894824] [moveit_ros.planning_scene_monitor.planning_scene_monitor]: Listening to 'planning_scene_world' for planning scene world geometry
[move_group-8] [WARN] [1746003455.492054698] [moveit.ros.occupancy_map_monitor.middleware_handle]: Resolution not specified for Octomap. Assuming resolution = 0.1 instead
[move_group-8] [WARN] [1746003455.493343434] [moveit_ros.current_state_monitor]: Unable to update multi-DOF joint 'Vjoint_left':Failure to lookup transform between 'left_summit_odom'and 'left_summit_base_footprint' with TF exception: Could not find a connection between 'left_summit_odom' and 'left_summit_base_footprint' because they are not part of the same tree.Tf has two or more unconnected trees.
[rviz2-3] [INFO] [1746003455.495884796] [rviz2]: Stereo is NOT SUPPORTED
[rviz2-3] [INFO] [1746003455.496091425] [rviz2]: OpenGl version: 4.6 (GLSL 4.6)
[rviz2-3] [INFO] [1746003455.568931843] [rviz2]: Stereo is NOT SUPPORTED
[move_group-14] [INFO] [1746003455.711099550] [moveit_ros.planning_scene_monitor.planning_scene_monitor]: Publishing maintained planning scene on 'monitored_planning_scene'
[move_group-14] [INFO] [1746003455.711353526] [moveit.ros_planning_interface.moveit_cpp]: Listening to 'joint_states' for joint states
[move_group-14] [INFO] [1746003455.716066271] [moveit_ros.current_state_monitor]: Listening to joint states on topic 'joint_states'
[move_group-14] [INFO] [1746003455.717710155] [moveit_ros.planning_scene_monitor.planning_scene_monitor]: Listening to '/attached_collision_object' for attached collision objects
[move_group-14] [INFO] [1746003455.717751329] [moveit_ros.planning_scene_monitor.planning_scene_monitor]: Starting planning scene monitor
[move_group-14] [INFO] [1746003455.719172357] [moveit_ros.planning_scene_monitor.planning_scene_monitor]: Listening to '/planning_scene'
[move_group-14] [INFO] [1746003455.719211943] [moveit_ros.planning_scene_monitor.planning_scene_monitor]: Starting world geometry update monitor for collision objects, attached objects, octomap updates.
[move_group-14] [INFO] [1746003455.720478781] [moveit_ros.planning_scene_monitor.planning_scene_monitor]: Listening to 'collision_object'
[move_group-14] [INFO] [1746003455.721718007] [moveit_ros.planning_scene_monitor.planning_scene_monitor]: Listening to 'planning_scene_world' for planning scene world geometry
[move_group-14] [WARN] [1746003455.723195788] [moveit.ros.occupancy_map_monitor.middleware_handle]: Resolution not specified for Octomap. Assuming resolution = 0.1 instead
[move_group-14] [WARN] [1746003455.726403805] [moveit_ros.current_state_monitor]: Unable to update multi-DOF joint 'Vjoint_right':Failure to lookup transform between 'right_summit_odom'and 'right_summit_base_footprint' with TF exception: Could not find a connection between 'right_summit_odom' and 'right_summit_base_footprint' because they are not part of the same tree.Tf has two or more unconnected trees.
[rviz2-3] [WARN] [1746003456.606434600] [rcl.logging_rosout]: Publisher already registered for provided node name. If this is due to multiple nodes with the same name then all logs for that logger name will go out over the existing publisher. As soon as any node with that name is destructed it will unregister the publisher, preventing any further logs for that name from being published on the rosout topic.
[move_group-8] [INFO] [1746003457.234865260] [moveit.ros_planning_interface.moveit_cpp]: Loading planning pipeline 'ompl'
[move_group-8] [INFO] [1746003457.265145157] [moveit.ros_planning.planning_pipeline]: Using planning interface 'OMPL'
[move_group-8] [INFO] [1746003457.276244401] [moveit_ros.add_time_optimal_parameterization]: Param 'ompl.path_tolerance' was not set. Using default value: 0.100000
[move_group-8] [INFO] [1746003457.276279958] [moveit_ros.add_time_optimal_parameterization]: Param 'ompl.resample_dt' was not set. Using default value: 0.100000
[move_group-8] [INFO] [1746003457.276333406] [moveit_ros.add_time_optimal_parameterization]: Param 'ompl.min_angle_change' was not set. Using default value: 0.001000
[move_group-8] [INFO] [1746003457.276381447] [moveit_ros.fix_workspace_bounds]: Param 'ompl.default_workspace_bounds' was not set. Using default value: 10.000000
[move_group-8] [INFO] [1746003457.276406957] [moveit_ros.fix_start_state_bounds]: Param 'ompl.start_state_max_bounds_error' was set to 0.100000
[move_group-8] [INFO] [1746003457.276421734] [moveit_ros.fix_start_state_bounds]: Param 'ompl.start_state_max_dt' was not set. Using default value: 0.500000
[move_group-8] [INFO] [1746003457.276453162] [moveit_ros.fix_start_state_collision]: Param 'ompl.start_state_max_dt' was not set. Using default value: 0.500000
[move_group-8] [INFO] [1746003457.276470103] [moveit_ros.fix_start_state_collision]: Param 'ompl.jiggle_fraction' was set to 0.050000
[move_group-8] [INFO] [1746003457.276491582] [moveit_ros.fix_start_state_collision]: Param 'ompl.max_sampling_attempts' was not set. Using default value: 100
[move_group-8] [INFO] [1746003457.276511782] [moveit.ros_planning.planning_pipeline]: Using planning request adapter 'Add Time Optimal Parameterization'
[move_group-8] [INFO] [1746003457.276520705] [moveit.ros_planning.planning_pipeline]: Using planning request adapter 'Resolve constraint frames to robot links'
[move_group-8] [INFO] [1746003457.276526372] [moveit.ros_planning.planning_pipeline]: Using planning request adapter 'Fix Workspace Bounds'
[move_group-8] [INFO] [1746003457.276531713] [moveit.ros_planning.planning_pipeline]: Using planning request adapter 'Fix Start State Bounds'
[move_group-8] [INFO] [1746003457.276536849] [moveit.ros_planning.planning_pipeline]: Using planning request adapter 'Fix Start State In Collision'
[move_group-8] [INFO] [1746003457.276541939] [moveit.ros_planning.planning_pipeline]: Using planning request adapter 'Fix Start State Path Constraints'
[move_group-8] [INFO] [1746003457.281325930] [moveit.ros_planning_interface.moveit_cpp]: Loading planning pipeline 'chomp'
[move_group-8] [INFO] [1746003457.292387482] [moveit.ros_planning.planning_pipeline]: Using planning interface 'CHOMP'
[move_group-8] [INFO] [1746003457.301447529] [moveit_ros.add_time_optimal_parameterization]: Param 'chomp.path_tolerance' was not set. Using default value: 0.100000
[move_group-8] [INFO] [1746003457.301485407] [moveit_ros.add_time_optimal_parameterization]: Param 'chomp.resample_dt' was not set. Using default value: 0.100000
[move_group-8] [INFO] [1746003457.301500613] [moveit_ros.add_time_optimal_parameterization]: Param 'chomp.min_angle_change' was not set. Using default value: 0.001000
[move_group-8] [INFO] [1746003457.301552903] [moveit_ros.fix_workspace_bounds]: Param 'chomp.default_workspace_bounds' was not set. Using default value: 10.000000
[move_group-8] [INFO] [1746003457.301594957] [moveit_ros.fix_start_state_bounds]: Param 'chomp.start_state_max_bounds_error' was set to 0.100000
[move_group-8] [INFO] [1746003457.301608957] [moveit_ros.fix_start_state_bounds]: Param 'chomp.start_state_max_dt' was not set. Using default value: 0.500000
[move_group-8] [INFO] [1746003457.301641302] [moveit_ros.fix_start_state_collision]: Param 'chomp.start_state_max_dt' was not set. Using default value: 0.500000
[move_group-8] [INFO] [1746003457.301658149] [moveit_ros.fix_start_state_collision]: Param 'chomp.jiggle_fraction' was set to 0.050000
[move_group-8] [INFO] [1746003457.301669668] [moveit_ros.fix_start_state_collision]: Param 'chomp.max_sampling_attempts' was not set. Using default value: 100
[move_group-8] [INFO] [1746003457.301697517] [moveit.ros_planning.planning_pipeline]: Using planning request adapter 'Add Time Optimal Parameterization'
[move_group-8] [INFO] [1746003457.301708217] [moveit.ros_planning.planning_pipeline]: Using planning request adapter 'Resolve constraint frames to robot links'
[move_group-8] [INFO] [1746003457.301713797] [moveit.ros_planning.planning_pipeline]: Using planning request adapter 'Fix Workspace Bounds'
[move_group-8] [INFO] [1746003457.301719210] [moveit.ros_planning.planning_pipeline]: Using planning request adapter 'Fix Start State Bounds'
[move_group-8] [INFO] [1746003457.301724406] [moveit.ros_planning.planning_pipeline]: Using planning request adapter 'Fix Start State In Collision'
[move_group-8] [INFO] [1746003457.301729558] [moveit.ros_planning.planning_pipeline]: Using planning request adapter 'Fix Start State Path Constraints'
[move_group-8] [INFO] [1746003457.304234303] [moveit.ros_planning_interface.moveit_cpp]: Loading planning pipeline 'pilz_industrial_motion_planner'
[move_group-8] [INFO] [1746003457.312641963] [moveit.pilz_industrial_motion_planner.joint_limits_aggregator]: Reading limits from namespace robot_description_planning
[move_group-8] [WARN] [1746003457.316734392] [moveit.pilz_industrial_motion_planner.joint_limits_aggregator]: Multi-DOF-Joint 'Vjoint_left' not supported.
[move_group-8] [WARN] [1746003457.316798313] [moveit.pilz_industrial_motion_planner.joint_limits_aggregator]: Multi-DOF-Joint 'Vjoint_left' not supported.
[move_group-8] [INFO] [1746003457.333966216] [moveit.pilz_industrial_motion_planner]: Available plugins: pilz_industrial_motion_planner/PlanningContextLoaderCIRC pilz_industrial_motion_planner/PlanningContextLoaderLIN pilz_industrial_motion_planner/PlanningContextLoaderPTP 
[move_group-8] [INFO] [1746003457.333996273] [moveit.pilz_industrial_motion_planner]: About to load: pilz_industrial_motion_planner/PlanningContextLoaderCIRC
[move_group-8] [INFO] [1746003457.336876642] [moveit.pilz_industrial_motion_planner]: Registered Algorithm [CIRC]
[move_group-8] [INFO] [1746003457.336907655] [moveit.pilz_industrial_motion_planner]: About to load: pilz_industrial_motion_planner/PlanningContextLoaderLIN
[move_group-8] [INFO] [1746003457.338715961] [moveit.pilz_industrial_motion_planner]: Registered Algorithm [LIN]
[move_group-8] [INFO] [1746003457.338740815] [moveit.pilz_industrial_motion_planner]: About to load: pilz_industrial_motion_planner/PlanningContextLoaderPTP
[move_group-8] [INFO] [1746003457.340480111] [moveit.pilz_industrial_motion_planner]: Registered Algorithm [PTP]
[move_group-8] [INFO] [1746003457.340534018] [moveit.ros_planning.planning_pipeline]: Using planning interface 'Pilz Industrial Motion Planner'
[move_group-8] [ERROR] [1746003457.442419203] [moveit.plugins.moveit_simple_controller_manager]: No controller_names specified.
[move_group-8] [INFO] [1746003457.444201401] [moveit.plugins.moveit_simple_controller_manager]: Returned 0 controllers in list
[move_group-8] [INFO] [1746003457.445309046] [moveit.plugins.moveit_simple_controller_manager]: Returned 0 controllers in list
[move_group-8] [INFO] [1746003457.447951356] [moveit_ros.trajectory_execution_manager]: Trajectory execution is managing controllers
[move_group-8] [INFO] [1746003457.449259806] [move_group.move_group]: MoveGroup debug mode is ON
[move_group-8] [ERROR] [1746003457.470306674] [move_group.move_group]: Exception while loading move_group capability 'move_group/ExecuteTaskSolutionCapability': According to the loaded plugin descriptions the class move_group/ExecuteTaskSolutionCapability with base class type move_group::MoveGroupCapability does not exist. Declared types are  move_group/ApplyPlanningSceneService move_group/ClearOctomapService move_group/MoveGroupCartesianPathService move_group/MoveGroupExecuteService move_group/MoveGroupExecuteTrajectoryAction move_group/MoveGroupGetPlanningSceneService move_group/MoveGroupKinematicsService move_group/MoveGroupMoveAction move_group/MoveGroupPlanService move_group/MoveGroupQueryPlannersService move_group/MoveGroupStateValidationService move_group/TfPublisher pilz_industrial_motion_planner/MoveGroupSequenceAction pilz_industrial_motion_planner/MoveGroupSequenceService
[move_group-8] [INFO] [1746003457.503363368] [move_group.move_group]: 
[move_group-8] 
[move_group-8] ********************************************************
[move_group-8] * MoveGroup using: 
[move_group-8] *     - ApplyPlanningSceneService
[move_group-8] *     - ClearOctomapService
[move_group-8] *     - CartesianPathService
[move_group-8] *     - ExecuteTrajectoryAction
[move_group-8] *     - GetPlanningSceneService
[move_group-8] *     - KinematicsService
[move_group-8] *     - MoveAction
[move_group-8] *     - MotionPlanService
[move_group-8] *     - QueryPlannersService
[move_group-8] *     - StateValidationService
[move_group-8] ********************************************************
[move_group-8] 
[move_group-8] [INFO] [1746003457.503435243] [moveit_move_group_capabilities_base.move_group_context]: MoveGroup context using planning plugin ompl_interface/OMPLPlanner
[move_group-8] [INFO] [1746003457.503456527] [moveit_move_group_capabilities_base.move_group_context]: MoveGroup context initialization complete
[move_group-8] [96mLoading 'move_group/ApplyPlanningSceneService'...
[move_group-8] [0m[96mLoading 'move_group/ClearOctomapService'...
[move_group-8] [0m[96mLoading 'move_group/ExecuteTaskSolutionCapability'...
[move_group-8] [0m[96mLoading 'move_group/MoveGroupCartesianPathService'...
[move_group-8] [0m[96mLoading 'move_group/MoveGroupExecuteTrajectoryAction'...
[move_group-8] [0m[96mLoading 'move_group/MoveGroupGetPlanningSceneService'...
[move_group-8] [0m[96mLoading 'move_group/MoveGroupKinematicsService'...
[move_group-8] [0m[96mLoading 'move_group/MoveGroupMoveAction'...
[move_group-8] [0m[96mLoading 'move_group/MoveGroupPlanService'...
[move_group-8] [0m[96mLoading 'move_group/MoveGroupQueryPlannersService'...
[move_group-8] [0m[96mLoading 'move_group/MoveGroupStateValidationService'...
[move_group-8] [0m[92m
[move_group-8] You can start planning now!
[move_group-8] 
[move_group-14] [INFO] [1746003457.547764552] [moveit.ros_planning_interface.moveit_cpp]: Loading planning pipeline 'ompl'
[move_group-14] [INFO] [1746003457.589705467] [moveit.ros_planning.planning_pipeline]: Using planning interface 'OMPL'
[move_group-14] [INFO] [1746003457.602149435] [moveit_ros.add_time_optimal_parameterization]: Param 'ompl.path_tolerance' was not set. Using default value: 0.100000
[move_group-14] [INFO] [1746003457.602189209] [moveit_ros.add_time_optimal_parameterization]: Param 'ompl.resample_dt' was not set. Using default value: 0.100000
[move_group-14] [INFO] [1746003457.602258195] [moveit_ros.add_time_optimal_parameterization]: Param 'ompl.min_angle_change' was not set. Using default value: 0.001000
[move_group-14] [INFO] [1746003457.602330447] [moveit_ros.fix_workspace_bounds]: Param 'ompl.default_workspace_bounds' was not set. Using default value: 10.000000
[move_group-14] [INFO] [1746003457.602369994] [moveit_ros.fix_start_state_bounds]: Param 'ompl.start_state_max_bounds_error' was set to 0.100000
[move_group-14] [INFO] [1746003457.602386861] [moveit_ros.fix_start_state_bounds]: Param 'ompl.start_state_max_dt' was not set. Using default value: 0.500000
[move_group-14] [INFO] [1746003457.602421789] [moveit_ros.fix_start_state_collision]: Param 'ompl.start_state_max_dt' was not set. Using default value: 0.500000
[move_group-14] [INFO] [1746003457.602438286] [moveit_ros.fix_start_state_collision]: Param 'ompl.jiggle_fraction' was set to 0.050000
[move_group-14] [INFO] [1746003457.602470962] [moveit_ros.fix_start_state_collision]: Param 'ompl.max_sampling_attempts' was not set. Using default value: 100
[move_group-14] [INFO] [1746003457.602504167] [moveit.ros_planning.planning_pipeline]: Using planning request adapter 'Add Time Optimal Parameterization'
[move_group-14] [INFO] [1746003457.602519222] [moveit.ros_planning.planning_pipeline]: Using planning request adapter 'Resolve constraint frames to robot links'
[move_group-14] [INFO] [1746003457.602529981] [moveit.ros_planning.planning_pipeline]: Using planning request adapter 'Fix Workspace Bounds'
[move_group-14] [INFO] [1746003457.602539834] [moveit.ros_planning.planning_pipeline]: Using planning request adapter 'Fix Start State Bounds'
[move_group-14] [INFO] [1746003457.602549329] [moveit.ros_planning.planning_pipeline]: Using planning request adapter 'Fix Start State In Collision'
[move_group-14] [INFO] [1746003457.602559773] [moveit.ros_planning.planning_pipeline]: Using planning request adapter 'Fix Start State Path Constraints'
[move_group-14] [INFO] [1746003457.609374554] [moveit.ros_planning_interface.moveit_cpp]: Loading planning pipeline 'chomp'
[move_group-14] [INFO] [1746003457.624612532] [moveit.ros_planning.planning_pipeline]: Using planning interface 'CHOMP'
[move_group-14] [INFO] [1746003457.633922222] [moveit_ros.add_time_optimal_parameterization]: Param 'chomp.path_tolerance' was not set. Using default value: 0.100000
[move_group-14] [INFO] [1746003457.633961160] [moveit_ros.add_time_optimal_parameterization]: Param 'chomp.resample_dt' was not set. Using default value: 0.100000
[move_group-14] [INFO] [1746003457.633977242] [moveit_ros.add_time_optimal_parameterization]: Param 'chomp.min_angle_change' was not set. Using default value: 0.001000
[move_group-14] [INFO] [1746003457.634036748] [moveit_ros.fix_workspace_bounds]: Param 'chomp.default_workspace_bounds' was not set. Using default value: 10.000000
[move_group-14] [INFO] [1746003457.634080429] [moveit_ros.fix_start_state_bounds]: Param 'chomp.start_state_max_bounds_error' was set to 0.100000
[move_group-14] [INFO] [1746003457.634098022] [moveit_ros.fix_start_state_bounds]: Param 'chomp.start_state_max_dt' was not set. Using default value: 0.500000
[move_group-14] [INFO] [1746003457.634132446] [moveit_ros.fix_start_state_collision]: Param 'chomp.start_state_max_dt' was not set. Using default value: 0.500000
[move_group-14] [INFO] [1746003457.634149600] [moveit_ros.fix_start_state_collision]: Param 'chomp.jiggle_fraction' was set to 0.050000
[move_group-14] [INFO] [1746003457.634163301] [moveit_ros.fix_start_state_collision]: Param 'chomp.max_sampling_attempts' was not set. Using default value: 100
[move_group-14] [INFO] [1746003457.634194707] [moveit.ros_planning.planning_pipeline]: Using planning request adapter 'Add Time Optimal Parameterization'
[move_group-14] [INFO] [1746003457.634207940] [moveit.ros_planning.planning_pipeline]: Using planning request adapter 'Resolve constraint frames to robot links'
[move_group-14] [INFO] [1746003457.634217559] [moveit.ros_planning.planning_pipeline]: Using planning request adapter 'Fix Workspace Bounds'
[move_group-14] [INFO] [1746003457.634228203] [moveit.ros_planning.planning_pipeline]: Using planning request adapter 'Fix Start State Bounds'
[move_group-14] [INFO] [1746003457.634237868] [moveit.ros_planning.planning_pipeline]: Using planning request adapter 'Fix Start State In Collision'
[move_group-14] [INFO] [1746003457.634247996] [moveit.ros_planning.planning_pipeline]: Using planning request adapter 'Fix Start State Path Constraints'
[move_group-14] [INFO] [1746003457.636776031] [moveit.ros_planning_interface.moveit_cpp]: Loading planning pipeline 'pilz_industrial_motion_planner'
[move_group-14] [INFO] [1746003457.648536671] [moveit.pilz_industrial_motion_planner.joint_limits_aggregator]: Reading limits from namespace robot_description_planning
[move_group-14] [WARN] [1746003457.654827260] [moveit.pilz_industrial_motion_planner.joint_limits_aggregator]: Multi-DOF-Joint 'Vjoint_right' not supported.
[move_group-14] [WARN] [1746003457.654884150] [moveit.pilz_industrial_motion_planner.joint_limits_aggregator]: Multi-DOF-Joint 'Vjoint_right' not supported.
[move_group-14] [INFO] [1746003457.677967881] [moveit.pilz_industrial_motion_planner]: Available plugins: pilz_industrial_motion_planner/PlanningContextLoaderCIRC pilz_industrial_motion_planner/PlanningContextLoaderLIN pilz_industrial_motion_planner/PlanningContextLoaderPTP 
[move_group-14] [INFO] [1746003457.679171987] [moveit.pilz_industrial_motion_planner]: About to load: pilz_industrial_motion_planner/PlanningContextLoaderCIRC
[move_group-14] [INFO] [1746003457.683450689] [moveit.pilz_industrial_motion_planner]: Registered Algorithm [CIRC]
[move_group-14] [INFO] [1746003457.683915918] [moveit.pilz_industrial_motion_planner]: About to load: pilz_industrial_motion_planner/PlanningContextLoaderLIN
[move_group-14] [INFO] [1746003457.685965081] [moveit.pilz_industrial_motion_planner]: Registered Algorithm [LIN]
[move_group-14] [INFO] [1746003457.685994474] [moveit.pilz_industrial_motion_planner]: About to load: pilz_industrial_motion_planner/PlanningContextLoaderPTP
[move_group-14] [INFO] [1746003457.687856328] [moveit.pilz_industrial_motion_planner]: Registered Algorithm [PTP]
[move_group-14] [INFO] [1746003457.687929917] [moveit.ros_planning.planning_pipeline]: Using planning interface 'Pilz Industrial Motion Planner'
[move_group-14] [ERROR] [1746003457.805474241] [moveit.plugins.moveit_simple_controller_manager]: No controller_names specified.
[move_group-14] [INFO] [1746003457.805666759] [moveit.plugins.moveit_simple_controller_manager]: Returned 0 controllers in list
[move_group-14] [INFO] [1746003457.805683072] [moveit.plugins.moveit_simple_controller_manager]: Returned 0 controllers in list
[move_group-14] [INFO] [1746003457.807385922] [moveit_ros.trajectory_execution_manager]: Trajectory execution is managing controllers
[move_group-14] [INFO] [1746003457.807421569] [move_group.move_group]: MoveGroup debug mode is ON
[move_group-14] [ERROR] [1746003457.820143018] [move_group.move_group]: Exception while loading move_group capability 'move_group/ExecuteTaskSolutionCapability': According to the loaded plugin descriptions the class move_group/ExecuteTaskSolutionCapability with base class type move_group::MoveGroupCapability does not exist. Declared types are  move_group/ApplyPlanningSceneService move_group/ClearOctomapService move_group/MoveGroupCartesianPathService move_group/MoveGroupExecuteService move_group/MoveGroupExecuteTrajectoryAction move_group/MoveGroupGetPlanningSceneService move_group/MoveGroupKinematicsService move_group/MoveGroupMoveAction move_group/MoveGroupPlanService move_group/MoveGroupQueryPlannersService move_group/MoveGroupStateValidationService move_group/TfPublisher pilz_industrial_motion_planner/MoveGroupSequenceAction pilz_industrial_motion_planner/MoveGroupSequenceService
[move_group-14] [INFO] [1746003457.852006505] [move_group.move_group]: 
[move_group-14] 
[move_group-14] ********************************************************
[move_group-14] * MoveGroup using: 
[move_group-14] *     - ApplyPlanningSceneService
[move_group-14] *     - ClearOctomapService
[move_group-14] *     - CartesianPathService
[move_group-14] *     - ExecuteTrajectoryAction
[move_group-14] *     - GetPlanningSceneService
[move_group-14] *     - KinematicsService
[move_group-14] *     - MoveAction
[move_group-14] *     - MotionPlanService
[move_group-14] *     - QueryPlannersService
[move_group-14] *     - StateValidationService
[move_group-14] ********************************************************
[move_group-14] 
[move_group-14] [INFO] [1746003457.852089795] [moveit_move_group_capabilities_base.move_group_context]: MoveGroup context using planning plugin ompl_interface/OMPLPlanner
[move_group-14] [INFO] [1746003457.852110414] [moveit_move_group_capabilities_base.move_group_context]: MoveGroup context initialization complete
[move_group-14] [96mLoading 'move_group/ApplyPlanningSceneService'...
[move_group-14] [0m[96mLoading 'move_group/ClearOctomapService'...
[move_group-14] [0m[96mLoading 'move_group/ExecuteTaskSolutionCapability'...
[move_group-14] [0m[96mLoading 'move_group/MoveGroupCartesianPathService'...
[move_group-14] [0m[96mLoading 'move_group/MoveGroupExecuteTrajectoryAction'...
[move_group-14] [0m[96mLoading 'move_group/MoveGroupGetPlanningSceneService'...
[move_group-14] [0m[96mLoading 'move_group/MoveGroupKinematicsService'...
[move_group-14] [0m[96mLoading 'move_group/MoveGroupMoveAction'...
[move_group-14] [0m[96mLoading 'move_group/MoveGroupPlanService'...
[move_group-14] [0m[96mLoading 'move_group/MoveGroupQueryPlannersService'...
[move_group-14] [0m[96mLoading 'move_group/MoveGroupStateValidationService'...
[move_group-14] [0m[92m
[move_group-14] You can start planning now!
[move_group-14] 
[spawn_entity.py-11] [INFO] [1746003458.103768481] [right]: Calling service /spawn_entity
[gzserver-1] [WARN] [1746003458.108567327] [rcl]: Found remap rule 'model_states:=model_states'. This syntax is deprecated. Use '--ros-args --remap model_states:=model_states' instead.
[gzserver-1] [WARN] [1746003458.108888416] [rcl]: Found remap rule 'link_states:=link_states'. This syntax is deprecated. Use '--ros-args --remap link_states:=link_states' instead.
[gzserver-1] [INFO] [1746003458.131191150] [state.gazebo_ros_state]: Publishing states of gazebo models at [/state/model_states]
[gzserver-1] [INFO] [1746003458.133064282] [state.gazebo_ros_state]: Publishing states of gazebo links at [/state/link_states]
[spawn_entity.py-5] [INFO] [1746003458.288316408] [left]: Calling service /spawn_entity
[gzserver-1] [INFO] [1746003458.882551631] [right_summit_imu_imu_plugin]: <initial_orientation_as_reference> is unset, using default value of false to comply with REP 145 (world as orientation reference)
[spawn_entity.py-11] [INFO] [1746003459.200996304] [right]: Spawn status: SpawnEntity: Successfully spawned entity [right_robot]
[spawn_entity.py-11] [INFO] [1746003459.210718881] [right]: Calling service /unpause_physics
[INFO] [spawn_entity.py-11]: process has finished cleanly [pid 2959]
[gzserver-1] [INFO] [1746003459.472584304] [right_summit.omni_steering]: Subscribed to [/right_summit/cmd_vel]
[gzserver-1] [INFO] [1746003459.478247695] [right_summit.omni_steering]: Advertise odometry on [/right_summit/odom]
[gzserver-1] [INFO] [1746003459.484274258] [right_summit.omni_steering]: Publishing odom transforms between [right_summit_odom] and [right_summit_base_footprint]
[gzserver-1] [INFO] [1746003459.532598022] [gazebo_ros2_control]: Loading gazebo_ros2_control plugin
[gzserver-1] [INFO] [1746003459.548058420] [right.right_gazebo_ros2_control]: Starting gazebo_ros2_control plugin in namespace: /right
[gzserver-1] [INFO] [1746003459.548175412] [right.right_gazebo_ros2_control]: Starting gazebo_ros2_control plugin in ros 2 node: right_gazebo_ros2_control
[gzserver-1] [INFO] [1746003459.565348650] [right.right_gazebo_ros2_control]: connected to service!! robot_state_publisher
[gzserver-1] [INFO] [1746003459.571396321] [right.right_gazebo_ros2_control]: Received urdf from param server, parsing...
[gzserver-1] [INFO] [1746003459.572936088] [right.right_gazebo_ros2_control]: Loading parameter files /ros2_ws/install/ur/share/ur/config/right_controller.yaml
[gzserver-1] [INFO] [1746003459.583432453] [resource_manager]: Loading hardware 'right_ur' 
[gzserver-1] [ERROR] [1746003459.583591530] [right.right_gazebo_ros2_control]: Error initializing URDF to resource manager!
[gzserver-1] [INFO] [1746003459.612823863] [right.right_gazebo_ros2_control]: Loading joint: ur_right_shoulder_pan_joint
[gzserver-1] [INFO] [1746003459.613278305] [right.right_gazebo_ros2_control]: 	State:
[gzserver-1] [INFO] [1746003459.613377752] [right.right_gazebo_ros2_control]: 		 position
[gzserver-1] [INFO] [1746003459.614303535] [right.right_gazebo_ros2_control]: 			 found initial value: -1.300000
[gzserver-1] [INFO] [1746003459.614367193] [right.right_gazebo_ros2_control]: 		 velocity
[gzserver-1] [INFO] [1746003459.614693211] [right.right_gazebo_ros2_control]: 		 effort
[gzserver-1] [INFO] [1746003459.614854160] [right.right_gazebo_ros2_control]: 	Command:
[gzserver-1] [INFO] [1746003459.614884921] [right.right_gazebo_ros2_control]: 		 position
[gzserver-1] [INFO] [1746003459.615855136] [right.right_gazebo_ros2_control]: 		 velocity
[gzserver-1] [INFO] [1746003459.616459493] [right.right_gazebo_ros2_control]: Loading joint: ur_right_shoulder_lift_joint
[gzserver-1] [INFO] [1746003459.616506719] [right.right_gazebo_ros2_control]: 	State:
[gzserver-1] [INFO] [1746003459.616536476] [right.right_gazebo_ros2_control]: 		 position
[gzserver-1] [INFO] [1746003459.616566609] [right.right_gazebo_ros2_control]: 			 found initial value: -0.800000
[gzserver-1] [INFO] [1746003459.616603873] [right.right_gazebo_ros2_control]: 		 velocity
[gzserver-1] [INFO] [1746003459.616644110] [right.right_gazebo_ros2_control]: 		 effort
[gzserver-1] [INFO] [1746003459.616674463] [right.right_gazebo_ros2_control]: 	Command:
[gzserver-1] [INFO] [1746003459.616697276] [right.right_gazebo_ros2_control]: 		 position
[gzserver-1] [INFO] [1746003459.616759601] [right.right_gazebo_ros2_control]: 		 velocity
[gzserver-1] [INFO] [1746003459.616799173] [right.right_gazebo_ros2_control]: Loading joint: ur_right_elbow_joint
[gzserver-1] [INFO] [1746003459.616832478] [right.right_gazebo_ros2_control]: 	State:
[gzserver-1] [INFO] [1746003459.616862733] [right.right_gazebo_ros2_control]: 		 position
[gzserver-1] [INFO] [1746003459.616893742] [right.right_gazebo_ros2_control]: 			 found initial value: -1.800000
[gzserver-1] [INFO] [1746003459.616921378] [right.right_gazebo_ros2_control]: 		 velocity
[gzserver-1] [INFO] [1746003459.616949563] [right.right_gazebo_ros2_control]: 		 effort
[gzserver-1] [INFO] [1746003459.617054868] [right.right_gazebo_ros2_control]: 	Command:
[gzserver-1] [INFO] [1746003459.617084256] [right.right_gazebo_ros2_control]: 		 position
[gzserver-1] [INFO] [1746003459.617201812] [right.right_gazebo_ros2_control]: 		 velocity
[gzserver-1] [INFO] [1746003459.617245308] [right.right_gazebo_ros2_control]: Loading joint: ur_right_wrist_1_joint
[gzserver-1] [INFO] [1746003459.617272389] [right.right_gazebo_ros2_control]: 	State:
[gzserver-1] [INFO] [1746003459.617313222] [right.right_gazebo_ros2_control]: 		 position
[gzserver-1] [INFO] [1746003459.617343051] [right.right_gazebo_ros2_control]: 			 found initial value: -1.570000
[gzserver-1] [INFO] [1746003459.617364615] [right.right_gazebo_ros2_control]: 		 velocity
[gzserver-1] [INFO] [1746003459.617381484] [right.right_gazebo_ros2_control]: 		 effort
[gzserver-1] [INFO] [1746003459.617402655] [right.right_gazebo_ros2_control]: 	Command:
[gzserver-1] [INFO] [1746003459.617427908] [right.right_gazebo_ros2_control]: 		 position
[gzserver-1] [INFO] [1746003459.617478262] [right.right_gazebo_ros2_control]: 		 velocity
[gzserver-1] [INFO] [1746003459.617524239] [right.right_gazebo_ros2_control]: Loading joint: ur_right_wrist_2_joint
[gzserver-1] [INFO] [1746003459.617553402] [right.right_gazebo_ros2_control]: 	State:
[gzserver-1] [INFO] [1746003459.617580110] [right.right_gazebo_ros2_control]: 		 position
[gzserver-1] [INFO] [1746003459.617600304] [right.right_gazebo_ros2_control]: 			 found initial value: 1.638000
[gzserver-1] [INFO] [1746003459.617618723] [right.right_gazebo_ros2_control]: 		 velocity
[gzserver-1] [INFO] [1746003459.617635511] [right.right_gazebo_ros2_control]: 		 effort
[gzserver-1] [INFO] [1746003459.617651955] [right.right_gazebo_ros2_control]: 	Command:
[gzserver-1] [INFO] [1746003459.617667069] [right.right_gazebo_ros2_control]: 		 position
[gzserver-1] [INFO] [1746003459.617718547] [right.right_gazebo_ros2_control]: 		 velocity
[gzserver-1] [INFO] [1746003459.617761556] [right.right_gazebo_ros2_control]: Loading joint: ur_right_wrist_3_joint
[gzserver-1] [INFO] [1746003459.617785479] [right.right_gazebo_ros2_control]: 	State:
[gzserver-1] [INFO] [1746003459.617811996] [right.right_gazebo_ros2_control]: 		 position
[gzserver-1] [INFO] [1746003459.617841666] [right.right_gazebo_ros2_control]: 			 found initial value: 0.000000
[gzserver-1] [INFO] [1746003459.617869794] [right.right_gazebo_ros2_control]: 		 velocity
[gzserver-1] [INFO] [1746003459.617903085] [right.right_gazebo_ros2_control]: 		 effort
[gzserver-1] [INFO] [1746003459.617929784] [right.right_gazebo_ros2_control]: 	Command:
[gzserver-1] [INFO] [1746003459.617957226] [right.right_gazebo_ros2_control]: 		 position
[gzserver-1] [INFO] [1746003459.617988795] [right.right_gazebo_ros2_control]: 		 velocity
[gzserver-1] [INFO] [1746003459.618919523] [resource_manager]: Initialize hardware 'right_ur' 
[gzserver-1] [INFO] [1746003459.622001670] [resource_manager]: Successful initialization of hardware 'right_ur'
[gzserver-1] [INFO] [1746003459.622617944] [resource_manager]: 'configure' hardware 'right_ur' 
[gzserver-1] [INFO] [1746003459.622638730] [resource_manager]: Successful 'configure' of hardware 'right_ur'
[gzserver-1] [INFO] [1746003459.622653692] [resource_manager]: 'activate' hardware 'right_ur' 
[gzserver-1] [INFO] [1746003459.622662654] [resource_manager]: Successful 'activate' of hardware 'right_ur'
[gzserver-1] [INFO] [1746003459.623676421] [right.right_gazebo_ros2_control]: Loading controller_manager
[gzserver-1] [WARN] [1746003459.683397547] [right.right_gazebo_ros2_control]:  Desired controller update period (0.002 s) is slower than the gazebo simulation period (0.001 s).
[gzserver-1] [INFO] [1746003459.687840523] [right.right_gazebo_ros2_control]: Loaded gazebo_ros2_control.
[gzserver-1] [INFO] [1746003459.691238434] [right.controller_manager]: Loading controller 'ur_right_joint_group_vel_controller'
[spawner-13] [INFO] [1746003459.745058439] [right.spawner_ur_right_joint_group_vel_controller]: [94mLoaded [1mur_right_joint_group_vel_controller[0m
[gzserver-1] [INFO] [1746003459.748436916] [right.controller_manager]: Loading controller 'joint_state_broadcaster'
[move_group-14] [WARN] [1746003459.748866560] [moveit_ros.planning_scene_monitor.planning_scene_monitor]: The complete state of the robot is not yet known.  Missing right_summit_back_left_wheel_joint, right_summit_back_right_wheel_joint, right_summit_front_left_wheel_joint, right_summit_front_right_wheel_joint, ur_right_shoulder_pan_joint, ur_right_shoulder_lift_joint, ur_right_elbow_joint, ur_right_wrist_1_joint, ur_right_wrist_2_joint, ur_right_wrist_3_joint
[gzserver-1] [INFO] [1746003459.787591687] [right.controller_manager]: Configuring controller 'ur_right_joint_group_vel_controller'
[spawner-12] [INFO] [1746003459.788828093] [right.spawner_joint_state_broadcaster]: [94mLoaded [1mjoint_state_broadcaster[0m
[gzserver-1] [INFO] [1746003459.792500610] [right.ur_right_joint_group_vel_controller]: configure successful
[gzserver-1] [INFO] [1746003459.795260523] [right.controller_manager]: Configuring controller 'joint_state_broadcaster'
[gzserver-1] [INFO] [1746003459.795418810] [right.joint_state_broadcaster]: 'joints' or 'interfaces' parameter is empty. All available state interfaces will be published
[gzserver-1] [INFO] [1746003459.817189579] [right.ur_right_joint_group_vel_controller]: activate successful
[spawner-13] [INFO] [1746003459.821860461] [right.spawner_ur_right_joint_group_vel_controller]: [92mConfigured and activated [1mur_right_joint_group_vel_controller[0m
[INFO] [spawner-13]: process has finished cleanly [pid 2989]
[gzserver-1] [INFO] [1746003460.430900467] [left_summit_imu_imu_plugin]: <initial_orientation_as_reference> is unset, using default value of false to comply with REP 145 (world as orientation reference)
[spawn_entity.py-5] [INFO] [1746003460.741963248] [left]: Spawn status: SpawnEntity: Successfully spawned entity [left_robot]
[spawn_entity.py-5] [INFO] [1746003461.748972236] [left]: Calling service /unpause_physics
[INFO] [spawn_entity.py-5]: process has finished cleanly [pid 2936]
[ERROR] [gzserver-1]: process has died [pid 2928, exit code -11, cmd 'gzserver /ros2_ws/install/ur/share/ur/xacro/gazebo.world --physics False -slibgazebo_ros_init.so -slibgazebo_ros_factory.so -slibgazebo_ros_force_system.so'].
[spawner-7] [WARN] [1746003464.930834857] [left.spawner_ur_left_joint_group_vel_controller]: Could not contact service /left/controller_manager/list_controllers
[spawner-7] [INFO] [1746003464.931952708] [left.spawner_ur_left_joint_group_vel_controller]: waiting for service /left/controller_manager/list_controllers to become available...
[spawner-6] [WARN] [1746003465.295730311] [left.spawner_joint_state_broadcaster]: Could not contact service /left/controller_manager/list_controllers
[spawner-6] [INFO] [1746003465.296979523] [left.spawner_joint_state_broadcaster]: waiting for service /left/controller_manager/list_controllers to become available...
[rviz2-3] [ERROR] [1746003466.642831216] [rviz2]: Could not find parameter robot_description and did not receive robot_description via std_msgs::msg::String subscription within 10.000000 seconds.
[spawner-12] [WARN] [1746003469.818180775] [right.spawner_joint_state_broadcaster]: Failed getting a result from calling /right/controller_manager/switch_controller in 10.0. (Attempt 1 of 3.)
[WARNING] [launch]: user interrupted with ctrl-c (SIGINT)
[robot_state_publisher-10] [INFO] [1746003470.162104234] [rclcpp]: signal_handler(signum=2)
[static_transform_publisher-9] [INFO] [1746003470.162104150] [rclcpp]: signal_handler(signum=2)
[static_transform_publisher-15] [INFO] [1746003470.162116672] [rclcpp]: signal_handler(signum=2)
[robot_state_publisher-4] [INFO] [1746003470.162174381] [rclcpp]: signal_handler(signum=2)
[move_group-8] [INFO] [1746003470.162191593] [rclcpp]: signal_handler(signum=2)
[move_group-14] [INFO] [1746003470.162365784] [rclcpp]: signal_handler(signum=2)
[move_group-14] [INFO] [1746003470.218288291] [moveit.ros_planning_interface.moveit_cpp]: Deleting MoveItCpp
[move_group-8] [INFO] [1746003470.219170947] [moveit.ros_planning_interface.moveit_cpp]: Deleting MoveItCpp
[move_group-14] [INFO] [1746003470.220061421] [moveit_ros.planning_scene_monitor.planning_scene_monitor]: Stopped publishing maintained planning scene.
[move_group-8] [INFO] [1746003470.220847714] [moveit_ros.planning_scene_monitor.planning_scene_monitor]: Stopped publishing maintained planning scene.
[ERROR] [rviz2-3]: process has died [pid 2932, exit code -2, cmd '/opt/ros/humble/lib/rviz2/rviz2 -d /ros2_ws/install/ur/share/ur/rviz/rviz_config.rviz --ros-args -r __node:=rviz2 --params-file /tmp/launch_params_5wh07ed5 --params-file /tmp/launch_params__yets4xj'].
[move_group-14] [INFO] [1746003470.224493838] [moveit_ros.planning_scene_monitor.planning_scene_monitor]: Stopping world geometry monitor
[move_group-8] [INFO] [1746003470.225088433] [moveit_ros.planning_scene_monitor.planning_scene_monitor]: Stopping world geometry monitor
[move_group-14] [INFO] [1746003470.229701326] [moveit_ros.planning_scene_monitor.planning_scene_monitor]: Stopping planning scene monitor
[move_group-8] [INFO] [1746003470.229913130] [moveit_ros.planning_scene_monitor.planning_scene_monitor]: Stopping planning scene monitor
[move_group-8] Warning: class_loader.ClassLoader: SEVERE WARNING!!! Attempting to unload library while objects created by this loader exist in the heap! You should delete your objects before attempting to unload the library or destroying the ClassLoader. The library will NOT be unloaded.
[move_group-8]          at line 127 in ./src/class_loader.cpp
[move_group-14] Warning: class_loader.ClassLoader: SEVERE WARNING!!! Attempting to unload library while objects created by this loader exist in the heap! You should delete your objects before attempting to unload the library or destroying the ClassLoader. The library will NOT be unloaded.
[move_group-14]          at line 127 in ./src/class_loader.cpp
[INFO] [robot_state_publisher-4]: process has finished cleanly [pid 2934]
[INFO] [robot_state_publisher-10]: process has finished cleanly [pid 2956]
[move_group-14] Stack trace (most recent call last):
[move_group-8] Stack trace (most recent call last):
[move_group-14] #11   Object "", at 0xffffffffffffffff, in 
[move_group-8] #11   Object "", at 0xffffffffffffffff, in 
[move_group-14] #10   Object "/ros2_ws/build/moveit_ros_move_group/move_group", at 0x55ee25337eb4, in _start
[move_group-8] #10   Object "/ros2_ws/build/moveit_ros_move_group/move_group", at 0x561bff4d9eb4, in _start
[move_group-14] #9    Object "/usr/lib/x86_64-linux-gnu/libc.so.6", at 0x7f74989dee3f, in __libc_start_main
[move_group-14] #8    Object "/usr/lib/x86_64-linux-gnu/libc.so.6", at 0x7f74989ded8f, in 
[move_group-14] #7    Object "/ros2_ws/build/moveit_ros_move_group/move_group", at 0x55ee25337483, in main
[move_group-8] #9    Object "/usr/lib/x86_64-linux-gnu/libc.so.6", at 0x7f0ae7365e3f, in __libc_start_main
[move_group-14] #6    Object "/ros2_ws/build/moveit_ros_move_group/move_group", at 0x55ee2533e9c1, in std::_Sp_counted_base<(__gnu_cxx::_Lock_policy)2>::_M_release()
[move_group-8] #8    Object "/usr/lib/x86_64-linux-gnu/libc.so.6", at 0x7f0ae7365d8f, in 
[move_group-8] #7    Object "/ros2_ws/build/moveit_ros_move_group/move_group", at 0x561bff4d9483, in main
[move_group-8] #6    Object "/ros2_ws/build/moveit_ros_move_group/move_group", at 0x561bff4e09c1, in std::_Sp_counted_base<(__gnu_cxx::_Lock_policy)2>::_M_release()
[move_group-14] #5    Object "/opt/ros/humble/lib/librclcpp.so", at 0x7f7498f0384e, in rclcpp::Node::~Node()
[move_group-8] #5    Object "/opt/ros/humble/lib/librclcpp.so", at 0x7f0ae790384e, in rclcpp::Node::~Node()
[move_group-8] #4    Object "/opt/ros/humble/lib/librclcpp.so", at 0x7f0ae78dec69, in 
[move_group-8] #3    Object "/opt/ros/humble/lib/librclcpp.so", at 0x7f0ae790cef9, in 
[move_group-14] #4    Object "/opt/ros/humble/lib/librclcpp.so", at 0x7f7498edec69, in 
[move_group-14] #3    Object "/opt/ros/humble/lib/librclcpp.so", at 0x7f7498f0cef9, in 
[move_group-14] #2    Object "/opt/ros/humble/lib/librclcpp.so", at 0x7f7498f0ce40, in rclcpp::node_interfaces::NodeBase::~NodeBase()
[move_group-14] #1    Object "/opt/ros/humble/lib/librclcpp.so", at 0x7f7498edec69, in 
[move_group-14] #0    Object "/opt/ros/humble/lib/librclcpp.so", at 0x7f7498ee39e1, in rclcpp::CallbackGroup::~CallbackGroup()
[move_group-14] Segmentation fault (Address not mapped to object [0x7f7480430c70])
[move_group-8] #2    Object "/opt/ros/humble/lib/librclcpp.so", at 0x7f0ae790ce40, in rclcpp::node_interfaces::NodeBase::~NodeBase()
[move_group-8] #1    Object "/opt/ros/humble/lib/librclcpp.so", at 0x7f0ae78dec69, in 
[move_group-8] #0    Object "/opt/ros/humble/lib/librclcpp.so", at 0x7f0ae78e39e1, in rclcpp::CallbackGroup::~CallbackGroup()
[move_group-8] Segmentation fault (Address not mapped to object [0x7f0adc64ac70])
[INFO] [static_transform_publisher-9]: process has finished cleanly [pid 2953]
[INFO] [static_transform_publisher-15]: process has finished cleanly [pid 3005]
[INFO] [spawner-6]: process has finished cleanly [pid 2938]
[INFO] [spawner-7]: process has finished cleanly [pid 2940]
[ERROR] [move_group-14]: process[move_group-14] failed to terminate '5' seconds after receiving 'SIGINT', escalating to 'SIGTERM'
[ERROR] [spawner-12]: process[spawner-12] failed to terminate '5' seconds after receiving 'SIGINT', escalating to 'SIGTERM'
[ERROR] [move_group-8]: process[move_group-8] failed to terminate '5' seconds after receiving 'SIGINT', escalating to 'SIGTERM'
[ERROR] [gzclient-2]: process[gzclient-2] failed to terminate '5' seconds after receiving 'SIGINT', escalating to 'SIGTERM'
[INFO] [move_group-14]: sending signal 'SIGTERM' to process[move_group-14]
[INFO] [spawner-12]: sending signal 'SIGTERM' to process[spawner-12]
[INFO] [move_group-8]: sending signal 'SIGTERM' to process[move_group-8]
[INFO] [gzclient-2]: sending signal 'SIGTERM' to process[gzclient-2]
[ERROR] [spawner-12]: process has died [pid 2979, exit code -15, cmd '/opt/ros/humble/lib/controller_manager/spawner joint_state_broadcaster -c /right/controller_manager --ros-args -r __ns:=/right'].
[ERROR] [move_group-14]: process[move_group-14] failed to terminate '10.0' seconds after receiving 'SIGTERM', escalating to 'SIGKILL'
[ERROR] [move_group-8]: process[move_group-8] failed to terminate '10.0' seconds after receiving 'SIGTERM', escalating to 'SIGKILL'
[ERROR] [gzclient-2]: process[gzclient-2] failed to terminate '10.0' seconds after receiving 'SIGTERM', escalating to 'SIGKILL'
[INFO] [move_group-14]: sending signal 'SIGKILL' to process[move_group-14]
[INFO] [move_group-8]: sending signal 'SIGKILL' to process[move_group-8]
[INFO] [gzclient-2]: sending signal 'SIGKILL' to process[gzclient-2]
[ERROR] [move_group-14]: process has died [pid 2994, exit code -9, cmd '/ros2_ws/install/moveit_ros_move_group/lib/moveit_ros_move_group/move_group --ros-args --params-file /tmp/launch_params_3dclw9o5 --params-file /tmp/launch_params__x0u72yo --params-file /tmp/launch_params_z5aubm7e --params-file /tmp/launch_params_w0coyo0s'].
[move_group-14] [0m
[ERROR] [move_group-8]: process has died [pid 2942, exit code -9, cmd '/ros2_ws/install/moveit_ros_move_group/lib/moveit_ros_move_group/move_group --ros-args --params-file /tmp/launch_params_b11omoo6 --params-file /tmp/launch_params_tdaioodn --params-file /tmp/launch_params_a5vn7xyp --params-file /tmp/launch_params__3bwjp0j'].
[move_group-8] [0m
[ERROR] [gzclient-2]: process has died [pid 2930, exit code -9, cmd 'gzclient'].
