[INFO] [launch]: All log files can be found below /root/.ros/log/2025-05-05-11-27-43-688848-outlander-Aspire-V3-571G-19907
[INFO] [launch]: Default logging verbosity is set to INFO
[INFO] [gzserver-1]: process started with pid [19910]
[INFO] [gzclient-2]: process started with pid [19912]
[INFO] [rviz2-3]: process started with pid [19914]
[INFO] [robot_state_publisher-4]: process started with pid [19916]
[INFO] [spawn_entity.py-5]: process started with pid [19918]
[INFO] [spawner-6]: process started with pid [19920]
[INFO] [spawner-7]: process started with pid [19922]
[INFO] [move_group-8]: process started with pid [19924]
[INFO] [static_transform_publisher-9]: process started with pid [19926]
[INFO] [static_transform_publisher-10]: process started with pid [19928]
[INFO] [robot_state_publisher-11]: process started with pid [19938]
[INFO] [spawn_entity.py-12]: process started with pid [19940]
[INFO] [spawner-13]: process started with pid [19949]
[INFO] [spawner-14]: process started with pid [19965]
[INFO] [move_group-15]: process started with pid [19979]
[INFO] [static_transform_publisher-16]: process started with pid [19988]
[INFO] [static_transform_publisher-17]: process started with pid [19998]
[rviz2-3] QStandardPaths: XDG_RUNTIME_DIR not set, defaulting to '/tmp/runtime-root'
[robot_state_publisher-4] [INFO] [1746444467.873293112] [left.robot_state_publisher]: got segment left_summit_back_left_wheel_link
[robot_state_publisher-4] [INFO] [1746444467.879047876] [left.robot_state_publisher]: got segment left_summit_back_right_wheel_link
[robot_state_publisher-4] [INFO] [1746444467.879186857] [left.robot_state_publisher]: got segment left_summit_base_chapa
[robot_state_publisher-4] [INFO] [1746444467.879260211] [left.robot_state_publisher]: got segment left_summit_base_docking_contact
[robot_state_publisher-4] [INFO] [1746444467.879280498] [left.robot_state_publisher]: got segment left_summit_base_footprint
[robot_state_publisher-4] [INFO] [1746444467.879299807] [left.robot_state_publisher]: got segment left_summit_base_link
[robot_state_publisher-4] [INFO] [1746444467.879318236] [left.robot_state_publisher]: got segment left_summit_base_logo_front
[robot_state_publisher-4] [INFO] [1746444467.879336498] [left.robot_state_publisher]: got segment left_summit_base_logo_left
[robot_state_publisher-4] [INFO] [1746444467.879388795] [left.robot_state_publisher]: got segment left_summit_base_logo_rear
[robot_state_publisher-4] [INFO] [1746444467.879408163] [left.robot_state_publisher]: got segment left_summit_base_logo_right
[robot_state_publisher-4] [INFO] [1746444467.879426455] [left.robot_state_publisher]: got segment left_summit_front_laser_base_link
[robot_state_publisher-4] [INFO] [1746444467.879444612] [left.robot_state_publisher]: got segment left_summit_front_laser_link
[robot_state_publisher-4] [INFO] [1746444467.879462048] [left.robot_state_publisher]: got segment left_summit_front_left_wheel_link
[robot_state_publisher-4] [INFO] [1746444467.879480412] [left.robot_state_publisher]: got segment left_summit_front_right_wheel_link
[robot_state_publisher-4] [INFO] [1746444467.879498877] [left.robot_state_publisher]: got segment left_summit_imu_link
[robot_state_publisher-4] [INFO] [1746444467.879516234] [left.robot_state_publisher]: got segment left_summit_rear_laser_base_link
[robot_state_publisher-4] [INFO] [1746444467.879533113] [left.robot_state_publisher]: got segment left_summit_rear_laser_link
[robot_state_publisher-4] [INFO] [1746444467.879551277] [left.robot_state_publisher]: got segment ur_left_base
[robot_state_publisher-4] [INFO] [1746444467.879570723] [left.robot_state_publisher]: got segment ur_left_base_link
[robot_state_publisher-4] [INFO] [1746444467.879828240] [left.robot_state_publisher]: got segment ur_left_base_link_inertia
[robot_state_publisher-4] [INFO] [1746444467.879849636] [left.robot_state_publisher]: got segment ur_left_finger_left
[robot_state_publisher-4] [INFO] [1746444467.879867908] [left.robot_state_publisher]: got segment ur_left_finger_right
[robot_state_publisher-4] [INFO] [1746444467.879884898] [left.robot_state_publisher]: got segment ur_left_finger_tip
[robot_state_publisher-4] [INFO] [1746444467.879903245] [left.robot_state_publisher]: got segment ur_left_flange
[robot_state_publisher-4] [INFO] [1746444467.879920570] [left.robot_state_publisher]: got segment ur_left_forearm_link
[robot_state_publisher-4] [INFO] [1746444467.879939463] [left.robot_state_publisher]: got segment ur_left_ft_frame
[robot_state_publisher-4] [INFO] [1746444467.879958460] [left.robot_state_publisher]: got segment ur_left_robotiq_hand
[robot_state_publisher-4] [INFO] [1746444467.879976880] [left.robot_state_publisher]: got segment ur_left_shoulder_link
[robot_state_publisher-4] [INFO] [1746444467.879994425] [left.robot_state_publisher]: got segment ur_left_tool0
[robot_state_publisher-4] [INFO] [1746444467.880009216] [left.robot_state_publisher]: got segment ur_left_upper_arm_link
[robot_state_publisher-4] [INFO] [1746444467.880024161] [left.robot_state_publisher]: got segment ur_left_wrist_1_link
[robot_state_publisher-4] [INFO] [1746444467.880865409] [left.robot_state_publisher]: got segment ur_left_wrist_2_link
[robot_state_publisher-4] [INFO] [1746444467.880901927] [left.robot_state_publisher]: got segment ur_left_wrist_3_link
[static_transform_publisher-9] [WARN] [1746444467.761983906] []: Old-style arguments are deprecated; see --help for new-style arguments
[static_transform_publisher-9] [INFO] [1746444467.821709210] [left.static_transform_publisher]: Spinning until stopped - publishing transform
[static_transform_publisher-9] translation: ('-0.660000', '0.000000', '0.000000')
[static_transform_publisher-9] rotation: ('0.000000', '0.000000', '0.000000', '1.000000')
[static_transform_publisher-9] from 'world' to 'left_summit_odom'
[static_transform_publisher-10] [WARN] [1746444467.780715252] []: Old-style arguments are deprecated; see --help for new-style arguments
[robot_state_publisher-11] [INFO] [1746444467.856636541] [right.robot_state_publisher]: got segment right_summit_back_left_wheel_link
[robot_state_publisher-11] [INFO] [1746444467.856941190] [right.robot_state_publisher]: got segment right_summit_back_right_wheel_link
[robot_state_publisher-11] [INFO] [1746444467.856970659] [right.robot_state_publisher]: got segment right_summit_base_chapa
[robot_state_publisher-11] [INFO] [1746444467.856991060] [right.robot_state_publisher]: got segment right_summit_base_docking_contact
[robot_state_publisher-11] [INFO] [1746444467.857011670] [right.robot_state_publisher]: got segment right_summit_base_footprint
[robot_state_publisher-11] [INFO] [1746444467.857030180] [right.robot_state_publisher]: got segment right_summit_base_link
[robot_state_publisher-11] [INFO] [1746444467.857083765] [right.robot_state_publisher]: got segment right_summit_base_logo_front
[robot_state_publisher-11] [INFO] [1746444467.857104595] [right.robot_state_publisher]: got segment right_summit_base_logo_left
[robot_state_publisher-11] [INFO] [1746444467.857122630] [right.robot_state_publisher]: got segment right_summit_base_logo_rear
[robot_state_publisher-11] [INFO] [1746444467.857139920] [right.robot_state_publisher]: got segment right_summit_base_logo_right
[robot_state_publisher-11] [INFO] [1746444467.857157809] [right.robot_state_publisher]: got segment right_summit_front_laser_base_link
[robot_state_publisher-11] [INFO] [1746444467.857176116] [right.robot_state_publisher]: got segment right_summit_front_laser_link
[robot_state_publisher-11] [INFO] [1746444467.857193745] [right.robot_state_publisher]: got segment right_summit_front_left_wheel_link
[robot_state_publisher-11] [INFO] [1746444467.857211427] [right.robot_state_publisher]: got segment right_summit_front_right_wheel_link
[robot_state_publisher-11] [INFO] [1746444467.857230590] [right.robot_state_publisher]: got segment right_summit_imu_link
[robot_state_publisher-11] [INFO] [1746444467.857248955] [right.robot_state_publisher]: got segment right_summit_rear_laser_base_link
[robot_state_publisher-11] [INFO] [1746444467.857267997] [right.robot_state_publisher]: got segment right_summit_rear_laser_link
[robot_state_publisher-11] [INFO] [1746444467.857286130] [right.robot_state_publisher]: got segment ur_right_base
[robot_state_publisher-11] [INFO] [1746444467.857304250] [right.robot_state_publisher]: got segment ur_right_base_link
[robot_state_publisher-11] [INFO] [1746444467.857321982] [right.robot_state_publisher]: got segment ur_right_base_link_inertia
[robot_state_publisher-11] [INFO] [1746444467.857340511] [right.robot_state_publisher]: got segment ur_right_finger_left
[robot_state_publisher-11] [INFO] [1746444467.857358960] [right.robot_state_publisher]: got segment ur_right_finger_right
[robot_state_publisher-11] [INFO] [1746444467.857375253] [right.robot_state_publisher]: got segment ur_right_finger_tip
[robot_state_publisher-11] [INFO] [1746444467.857392554] [right.robot_state_publisher]: got segment ur_right_flange
[robot_state_publisher-11] [INFO] [1746444467.857411146] [right.robot_state_publisher]: got segment ur_right_forearm_link
[robot_state_publisher-11] [INFO] [1746444467.857429224] [right.robot_state_publisher]: got segment ur_right_ft_frame
[robot_state_publisher-11] [INFO] [1746444467.857447351] [right.robot_state_publisher]: got segment ur_right_robotiq_hand
[robot_state_publisher-11] [INFO] [1746444467.857465569] [right.robot_state_publisher]: got segment ur_right_shoulder_link
[robot_state_publisher-11] [INFO] [1746444467.857483368] [right.robot_state_publisher]: got segment ur_right_tool0
[robot_state_publisher-11] [INFO] [1746444467.857501607] [right.robot_state_publisher]: got segment ur_right_upper_arm_link
[robot_state_publisher-11] [INFO] [1746444467.857519843] [right.robot_state_publisher]: got segment ur_right_wrist_1_link
[robot_state_publisher-11] [INFO] [1746444467.857539007] [right.robot_state_publisher]: got segment ur_right_wrist_2_link
[robot_state_publisher-11] [INFO] [1746444467.857558837] [right.robot_state_publisher]: got segment ur_right_wrist_3_link
[static_transform_publisher-10] [INFO] [1746444467.916749606] [wheels_static_transform_publisher]: Spinning until stopped - publishing transform
[static_transform_publisher-10] translation: ('0.000000', '0.000000', '0.000000')
[static_transform_publisher-10] rotation: ('0.000000', '0.000000', '0.000000', '1.000000')
[static_transform_publisher-10] from 'world' to 'left_summit_back_left_wheel_link'
[static_transform_publisher-16] [WARN] [1746444467.971624082] []: Old-style arguments are deprecated; see --help for new-style arguments
[static_transform_publisher-17] [WARN] [1746444467.991854293] []: Old-style arguments are deprecated; see --help for new-style arguments
[static_transform_publisher-16] [INFO] [1746444468.079418183] [right.static_transform_publisher]: Spinning until stopped - publishing transform
[static_transform_publisher-16] translation: ('0.660000', '0.000000', '0.000000')
[static_transform_publisher-16] rotation: ('0.000000', '0.000000', '0.000000', '1.000000')
[static_transform_publisher-16] from 'world' to 'right_summit_odom'
[move_group-8] [INFO] [1746444468.080297643] [moveit_rdf_loader.rdf_loader]: Loaded robot model in 0.0300636 seconds
[move_group-8] [INFO] [1746444468.080425060] [moveit_robot_model.robot_model]: Loading robot model 'dual'...
[move_group-8] [WARN] [1746444468.080530666] [moveit_robot_model.robot_model]: Link left_summit_base_footprint has visual geometry but no collision geometry. Collision geometry will be left empty. Fix your URDF file by explicitly specifying collision geometry.
[move_group-8] [WARN] [1746444468.093556742] [moveit_robot_model.robot_model]: Link left_summit_base_logo_front has visual geometry but no collision geometry. Collision geometry will be left empty. Fix your URDF file by explicitly specifying collision geometry.
[move_group-8] [WARN] [1746444468.093607589] [moveit_robot_model.robot_model]: Link left_summit_base_logo_left has visual geometry but no collision geometry. Collision geometry will be left empty. Fix your URDF file by explicitly specifying collision geometry.
[move_group-8] [WARN] [1746444468.093628671] [moveit_robot_model.robot_model]: Link left_summit_base_logo_rear has visual geometry but no collision geometry. Collision geometry will be left empty. Fix your URDF file by explicitly specifying collision geometry.
[move_group-8] [WARN] [1746444468.093649669] [moveit_robot_model.robot_model]: Link left_summit_base_logo_right has visual geometry but no collision geometry. Collision geometry will be left empty. Fix your URDF file by explicitly specifying collision geometry.
[move_group-8] [WARN] [1746444468.093668706] [moveit_robot_model.robot_model]: Link left_summit_base_chapa has visual geometry but no collision geometry. Collision geometry will be left empty. Fix your URDF file by explicitly specifying collision geometry.
[static_transform_publisher-17] [INFO] [1746444468.119902252] [wheels_static_transform_publisher]: Spinning until stopped - publishing transform
[static_transform_publisher-17] translation: ('0.000000', '0.000000', '0.000000')
[static_transform_publisher-17] rotation: ('0.000000', '0.000000', '0.000000', '1.000000')
[static_transform_publisher-17] from 'world' to 'right_summit_back_left_wheel_link'
[move_group-8] [WARN] [1746444468.122196423] [moveit_robot_model.robot_model]: Link left_summit_imu_link has visual geometry but no collision geometry. Collision geometry will be left empty. Fix your URDF file by explicitly specifying collision geometry.
[move_group-15] [INFO] [1746444468.185845083] [moveit_rdf_loader.rdf_loader]: Loaded robot model in 0.0178288 seconds
[move_group-15] [INFO] [1746444468.186046691] [moveit_robot_model.robot_model]: Loading robot model 'dual'...
[move_group-15] [WARN] [1746444468.186211116] [moveit_robot_model.robot_model]: Link right_summit_base_footprint has visual geometry but no collision geometry. Collision geometry will be left empty. Fix your URDF file by explicitly specifying collision geometry.
[move_group-15] [WARN] [1746444468.195824936] [moveit_robot_model.robot_model]: Link right_summit_base_logo_front has visual geometry but no collision geometry. Collision geometry will be left empty. Fix your URDF file by explicitly specifying collision geometry.
[move_group-15] [WARN] [1746444468.195885865] [moveit_robot_model.robot_model]: Link right_summit_base_logo_left has visual geometry but no collision geometry. Collision geometry will be left empty. Fix your URDF file by explicitly specifying collision geometry.
[move_group-15] [WARN] [1746444468.195907299] [moveit_robot_model.robot_model]: Link right_summit_base_logo_rear has visual geometry but no collision geometry. Collision geometry will be left empty. Fix your URDF file by explicitly specifying collision geometry.
[move_group-15] [WARN] [1746444468.195926732] [moveit_robot_model.robot_model]: Link right_summit_base_logo_right has visual geometry but no collision geometry. Collision geometry will be left empty. Fix your URDF file by explicitly specifying collision geometry.
[move_group-15] [WARN] [1746444468.195945734] [moveit_robot_model.robot_model]: Link right_summit_base_chapa has visual geometry but no collision geometry. Collision geometry will be left empty. Fix your URDF file by explicitly specifying collision geometry.
[move_group-15] [WARN] [1746444468.204303566] [moveit_robot_model.robot_model]: Link right_summit_imu_link has visual geometry but no collision geometry. Collision geometry will be left empty. Fix your URDF file by explicitly specifying collision geometry.
[spawner-7] [INFO] [1746444469.035544282] [left.spawner_ur_left_joint_group_vel_controller]: waiting for service /left/controller_manager/list_controllers to become available...
[spawner-6] [INFO] [1746444469.102555814] [left.spawner_joint_state_broadcaster]: waiting for service /left/controller_manager/list_controllers to become available...
[spawn_entity.py-12] [INFO] [1746444469.136163485] [right]: Spawn Entity started
[spawn_entity.py-12] [INFO] [1746444469.137174140] [right]: Loading entity published on topic /right/robot_description
[spawn_entity.py-12] /opt/ros/humble/local/lib/python3.10/dist-packages/rclpy/qos.py:307: UserWarning: DurabilityPolicy.RMW_QOS_POLICY_DURABILITY_TRANSIENT_LOCAL is deprecated. Use DurabilityPolicy.TRANSIENT_LOCAL instead.
[spawn_entity.py-12]   warnings.warn(
[spawn_entity.py-12] [INFO] [1746444469.145058141] [right]: Waiting for entity xml on /right/robot_description
[spawner-14] [INFO] [1746444469.159979177] [right.spawner_ur_right_joint_group_vel_controller]: waiting for service /right/controller_manager/list_controllers to become available...
[spawn_entity.py-5] [INFO] [1746444469.167556636] [left]: Spawn Entity started
[spawn_entity.py-5] [INFO] [1746444469.169157731] [left]: Loading entity published on topic /left/robot_description
[spawn_entity.py-5] /opt/ros/humble/local/lib/python3.10/dist-packages/rclpy/qos.py:307: UserWarning: DurabilityPolicy.RMW_QOS_POLICY_DURABILITY_TRANSIENT_LOCAL is deprecated. Use DurabilityPolicy.TRANSIENT_LOCAL instead.
[spawn_entity.py-5]   warnings.warn(
[spawn_entity.py-5] [INFO] [1746444469.176737719] [left]: Waiting for entity xml on /left/robot_description
[spawner-13] [INFO] [1746444469.325493127] [right.spawner_joint_state_broadcaster]: waiting for service /right/controller_manager/list_controllers to become available...
[spawn_entity.py-12] [INFO] [1746444469.397368582] [right]: Waiting for service /spawn_entity, timeout = 5
[spawn_entity.py-12] [INFO] [1746444469.398544936] [right]: Waiting for service /spawn_entity
[spawn_entity.py-5] [INFO] [1746444469.463280013] [left]: Waiting for service /spawn_entity, timeout = 5
[spawn_entity.py-5] [INFO] [1746444469.465180840] [left]: Waiting for service /spawn_entity
[move_group-8] [INFO] [1746444469.523621503] [moveit_ros.planning_scene_monitor.planning_scene_monitor]: Publishing maintained planning scene on 'monitored_planning_scene'
[move_group-8] [INFO] [1746444469.523893781] [moveit.ros_planning_interface.moveit_cpp]: Listening to 'joint_states' for joint states
[move_group-8] [INFO] [1746444469.529619606] [moveit_ros.current_state_monitor]: Listening to joint states on topic 'joint_states'
[move_group-8] [INFO] [1746444469.531095606] [moveit_ros.planning_scene_monitor.planning_scene_monitor]: Listening to '/attached_collision_object' for attached collision objects
[move_group-8] [INFO] [1746444469.531131061] [moveit_ros.planning_scene_monitor.planning_scene_monitor]: Starting planning scene monitor
[move_group-8] [INFO] [1746444469.532457671] [moveit_ros.planning_scene_monitor.planning_scene_monitor]: Listening to '/planning_scene'
[move_group-8] [INFO] [1746444469.532495517] [moveit_ros.planning_scene_monitor.planning_scene_monitor]: Starting world geometry update monitor for collision objects, attached objects, octomap updates.
[move_group-8] [INFO] [1746444469.533775957] [moveit_ros.planning_scene_monitor.planning_scene_monitor]: Listening to 'collision_object'
[move_group-8] [INFO] [1746444469.535674031] [moveit_ros.planning_scene_monitor.planning_scene_monitor]: Listening to 'planning_scene_world' for planning scene world geometry
[move_group-8] [WARN] [1746444469.538087309] [moveit.ros.occupancy_map_monitor.middleware_handle]: Resolution not specified for Octomap. Assuming resolution = 0.1 instead
[move_group-8] [WARN] [1746444469.540756551] [moveit_ros.current_state_monitor]: Unable to update multi-DOF joint 'Vjoint_left':Failure to lookup transform between 'left_summit_odom'and 'left_summit_base_footprint' with TF exception: Could not find a connection between 'left_summit_odom' and 'left_summit_base_footprint' because they are not part of the same tree.Tf has two or more unconnected trees.
[move_group-15] [INFO] [1746444469.691217339] [moveit_ros.planning_scene_monitor.planning_scene_monitor]: Publishing maintained planning scene on 'monitored_planning_scene'
[move_group-15] [INFO] [1746444469.691472856] [moveit.ros_planning_interface.moveit_cpp]: Listening to 'joint_states' for joint states
[move_group-15] [INFO] [1746444469.695941842] [moveit_ros.current_state_monitor]: Listening to joint states on topic 'joint_states'
[move_group-15] [INFO] [1746444469.698049792] [moveit_ros.planning_scene_monitor.planning_scene_monitor]: Listening to '/attached_collision_object' for attached collision objects
[move_group-15] [INFO] [1746444469.698093024] [moveit_ros.planning_scene_monitor.planning_scene_monitor]: Starting planning scene monitor
[move_group-15] [INFO] [1746444469.699726808] [moveit_ros.planning_scene_monitor.planning_scene_monitor]: Listening to '/planning_scene'
[move_group-15] [INFO] [1746444469.699762041] [moveit_ros.planning_scene_monitor.planning_scene_monitor]: Starting world geometry update monitor for collision objects, attached objects, octomap updates.
[move_group-15] [INFO] [1746444469.701426383] [moveit_ros.planning_scene_monitor.planning_scene_monitor]: Listening to 'collision_object'
[move_group-15] [INFO] [1746444469.702929276] [moveit_ros.planning_scene_monitor.planning_scene_monitor]: Listening to 'planning_scene_world' for planning scene world geometry
[move_group-15] [WARN] [1746444469.705179047] [moveit.ros.occupancy_map_monitor.middleware_handle]: Resolution not specified for Octomap. Assuming resolution = 0.1 instead
[move_group-15] [WARN] [1746444469.706592723] [moveit_ros.current_state_monitor]: Unable to update multi-DOF joint 'Vjoint_right':Failure to lookup transform between 'right_summit_odom'and 'right_summit_base_footprint' with TF exception: Could not find a connection between 'right_summit_odom' and 'right_summit_base_footprint' because they are not part of the same tree.Tf has two or more unconnected trees.
[rviz2-3] [INFO] [1746444469.992105902] [rviz2]: Stereo is NOT SUPPORTED
[rviz2-3] [INFO] [1746444469.992405988] [rviz2]: OpenGl version: 4.6 (GLSL 4.6)
[move_group-15] move_group: ../../src/xcb_io.c:257: poll_for_event: Assertion `dpy->xcb->event_owner == XlibOwnsEventQueue && !dpy->xcb->event_waiter' failed.
[move_group-15] Stack trace (most recent call last) in thread 20122:
[move_group-15] #8    Object "/usr/lib/x86_64-linux-gnu/libGLX_nvidia.so.390.157", at 0x7fc43fcbe9b7, in 
[move_group-15] #7    Object "/usr/lib/x86_64-linux-gnu/libX11.so.6.4.0", at 0x7fc45b4bb414, in _XReply
[move_group-15] #6    Object "/usr/lib/x86_64-linux-gnu/libX11.so.6.4.0", at 0x7fc45b4b6c21, in 
[move_group-15] #5    Object "/usr/lib/x86_64-linux-gnu/libX11.so.6.4.0", at 0x7fc45b4b6a35, in 
[move_group-15] #4    Object "/usr/lib/x86_64-linux-gnu/libc.so.6", at 0x7fc4889eee95, in __assert_fail
[move_group-15] #3    Object "/usr/lib/x86_64-linux-gnu/libc.so.6", at 0x7fc4889dd71a, in 
[move_group-15] #2    Object "/usr/lib/x86_64-linux-gnu/libc.so.6", at 0x7fc4889dd7f2, in abort
[move_group-15] #1    Object "/usr/lib/x86_64-linux-gnu/libc.so.6", at 0x7fc4889f7475, in raise
[move_group-15] #0    Object "/usr/lib/x86_64-linux-gnu/libc.so.6", at 0x7fc488a4b9fc, in pthread_kill
[move_group-15] Aborted (Signal sent by tkill() 19979 0)
[rviz2-3] [INFO] [1746444470.095414376] [rviz2]: Stereo is NOT SUPPORTED
[ERROR] [move_group-15]: process has died [pid 19979, exit code -6, cmd '/ros2_ws/install/moveit_ros_move_group/lib/moveit_ros_move_group/move_group --ros-args --params-file /tmp/launch_params_1wf5a7ib --params-file /tmp/launch_params_o97dsvg_ --params-file /tmp/launch_params_hzfng1wy --params-file /tmp/launch_params_1a43608v'].
[rviz2-3] [WARN] [1746444471.172204234] [rcl.logging_rosout]: Publisher already registered for provided node name. If this is due to multiple nodes with the same name then all logs for that logger name will go out over the existing publisher. As soon as any node with that name is destructed it will unregister the publisher, preventing any further logs for that name from being published on the rosout topic.
[move_group-8] [INFO] [1746444471.225180498] [moveit.ros_planning_interface.moveit_cpp]: Loading planning pipeline 'ompl'
[move_group-8] [INFO] [1746444471.257879665] [moveit.ros_planning.planning_pipeline]: Using planning interface 'OMPL'
[move_group-8] [INFO] [1746444471.267673632] [moveit_ros.add_time_optimal_parameterization]: Param 'ompl.path_tolerance' was not set. Using default value: 0.100000
[move_group-8] [INFO] [1746444471.267715840] [moveit_ros.add_time_optimal_parameterization]: Param 'ompl.resample_dt' was not set. Using default value: 0.100000
[move_group-8] [INFO] [1746444471.267798510] [moveit_ros.add_time_optimal_parameterization]: Param 'ompl.min_angle_change' was not set. Using default value: 0.001000
[move_group-8] [INFO] [1746444471.267874437] [moveit_ros.fix_workspace_bounds]: Param 'ompl.default_workspace_bounds' was not set. Using default value: 10.000000
[move_group-8] [INFO] [1746444471.267914244] [moveit_ros.fix_start_state_bounds]: Param 'ompl.start_state_max_bounds_error' was set to 0.100000
[move_group-8] [INFO] [1746444471.267930069] [moveit_ros.fix_start_state_bounds]: Param 'ompl.start_state_max_dt' was not set. Using default value: 0.500000
[move_group-8] [INFO] [1746444471.267964581] [moveit_ros.fix_start_state_collision]: Param 'ompl.start_state_max_dt' was not set. Using default value: 0.500000
[move_group-8] [INFO] [1746444471.267983089] [moveit_ros.fix_start_state_collision]: Param 'ompl.jiggle_fraction' was set to 0.050000
[move_group-8] [INFO] [1746444471.268014553] [moveit_ros.fix_start_state_collision]: Param 'ompl.max_sampling_attempts' was not set. Using default value: 100
[move_group-8] [INFO] [1746444471.268047143] [moveit.ros_planning.planning_pipeline]: Using planning request adapter 'Add Time Optimal Parameterization'
[move_group-8] [INFO] [1746444471.268061985] [moveit.ros_planning.planning_pipeline]: Using planning request adapter 'Resolve constraint frames to robot links'
[move_group-8] [INFO] [1746444471.268072250] [moveit.ros_planning.planning_pipeline]: Using planning request adapter 'Fix Workspace Bounds'
[move_group-8] [INFO] [1746444471.268081766] [moveit.ros_planning.planning_pipeline]: Using planning request adapter 'Fix Start State Bounds'
[move_group-8] [INFO] [1746444471.268091539] [moveit.ros_planning.planning_pipeline]: Using planning request adapter 'Fix Start State In Collision'
[move_group-8] [INFO] [1746444471.268101207] [moveit.ros_planning.planning_pipeline]: Using planning request adapter 'Fix Start State Path Constraints'
[move_group-8] [INFO] [1746444471.274102737] [moveit.ros_planning_interface.moveit_cpp]: Loading planning pipeline 'chomp'
[move_group-8] [INFO] [1746444471.284883085] [moveit.ros_planning.planning_pipeline]: Using planning interface 'CHOMP'
[move_group-8] [INFO] [1746444471.291675889] [moveit_ros.add_time_optimal_parameterization]: Param 'chomp.path_tolerance' was not set. Using default value: 0.100000
[move_group-8] [INFO] [1746444471.291705295] [moveit_ros.add_time_optimal_parameterization]: Param 'chomp.resample_dt' was not set. Using default value: 0.100000
[move_group-8] [INFO] [1746444471.291714007] [moveit_ros.add_time_optimal_parameterization]: Param 'chomp.min_angle_change' was not set. Using default value: 0.001000
[move_group-8] [INFO] [1746444471.291747365] [moveit_ros.fix_workspace_bounds]: Param 'chomp.default_workspace_bounds' was not set. Using default value: 10.000000
[move_group-8] [INFO] [1746444471.291771956] [moveit_ros.fix_start_state_bounds]: Param 'chomp.start_state_max_bounds_error' was set to 0.100000
[move_group-8] [INFO] [1746444471.291781460] [moveit_ros.fix_start_state_bounds]: Param 'chomp.start_state_max_dt' was not set. Using default value: 0.500000
[move_group-8] [INFO] [1746444471.291800566] [moveit_ros.fix_start_state_collision]: Param 'chomp.start_state_max_dt' was not set. Using default value: 0.500000
[move_group-8] [INFO] [1746444471.291809873] [moveit_ros.fix_start_state_collision]: Param 'chomp.jiggle_fraction' was set to 0.050000
[move_group-8] [INFO] [1746444471.291818208] [moveit_ros.fix_start_state_collision]: Param 'chomp.max_sampling_attempts' was not set. Using default value: 100
[move_group-8] [INFO] [1746444471.291835119] [moveit.ros_planning.planning_pipeline]: Using planning request adapter 'Add Time Optimal Parameterization'
[move_group-8] [INFO] [1746444471.291842398] [moveit.ros_planning.planning_pipeline]: Using planning request adapter 'Resolve constraint frames to robot links'
[move_group-8] [INFO] [1746444471.291847694] [moveit.ros_planning.planning_pipeline]: Using planning request adapter 'Fix Workspace Bounds'
[move_group-8] [INFO] [1746444471.291853044] [moveit.ros_planning.planning_pipeline]: Using planning request adapter 'Fix Start State Bounds'
[move_group-8] [INFO] [1746444471.291862307] [moveit.ros_planning.planning_pipeline]: Using planning request adapter 'Fix Start State In Collision'
[move_group-8] [INFO] [1746444471.291871846] [moveit.ros_planning.planning_pipeline]: Using planning request adapter 'Fix Start State Path Constraints'
[move_group-8] [INFO] [1746444471.294221496] [moveit.ros_planning_interface.moveit_cpp]: Loading planning pipeline 'pilz_industrial_motion_planner'
[move_group-8] [INFO] [1746444471.301453132] [moveit.pilz_industrial_motion_planner.joint_limits_aggregator]: Reading limits from namespace robot_description_planning
[move_group-8] [WARN] [1746444471.305661219] [moveit.pilz_industrial_motion_planner.joint_limits_aggregator]: Multi-DOF-Joint 'Vjoint_left' not supported.
[move_group-8] [WARN] [1746444471.305715334] [moveit.pilz_industrial_motion_planner.joint_limits_aggregator]: Multi-DOF-Joint 'Vjoint_left' not supported.
[move_group-8] [INFO] [1746444471.325461175] [moveit.pilz_industrial_motion_planner]: Available plugins: pilz_industrial_motion_planner/PlanningContextLoaderCIRC pilz_industrial_motion_planner/PlanningContextLoaderLIN pilz_industrial_motion_planner/PlanningContextLoaderPTP 
[move_group-8] [INFO] [1746444471.325490984] [moveit.pilz_industrial_motion_planner]: About to load: pilz_industrial_motion_planner/PlanningContextLoaderCIRC
[move_group-8] [INFO] [1746444471.328241230] [moveit.pilz_industrial_motion_planner]: Registered Algorithm [CIRC]
[move_group-8] [INFO] [1746444471.328270660] [moveit.pilz_industrial_motion_planner]: About to load: pilz_industrial_motion_planner/PlanningContextLoaderLIN
[move_group-8] [INFO] [1746444471.329770039] [moveit.pilz_industrial_motion_planner]: Registered Algorithm [LIN]
[move_group-8] [INFO] [1746444471.329796168] [moveit.pilz_industrial_motion_planner]: About to load: pilz_industrial_motion_planner/PlanningContextLoaderPTP
[move_group-8] [INFO] [1746444471.331198017] [moveit.pilz_industrial_motion_planner]: Registered Algorithm [PTP]
[move_group-8] [INFO] [1746444471.331240207] [moveit.ros_planning.planning_pipeline]: Using planning interface 'Pilz Industrial Motion Planner'
[move_group-8] [ERROR] [1746444471.472893973] [moveit.plugins.moveit_simple_controller_manager]: No controller_names specified.
[move_group-8] [INFO] [1746444471.473285437] [moveit.plugins.moveit_simple_controller_manager]: Returned 0 controllers in list
[move_group-8] [INFO] [1746444471.473314924] [moveit.plugins.moveit_simple_controller_manager]: Returned 0 controllers in list
[move_group-8] [INFO] [1746444471.475656458] [moveit_ros.trajectory_execution_manager]: Trajectory execution is managing controllers
[move_group-8] [INFO] [1746444471.475690249] [move_group.move_group]: MoveGroup debug mode is ON
[move_group-8] [ERROR] [1746444471.495674755] [move_group.move_group]: Exception while loading move_group capability 'move_group/ExecuteTaskSolutionCapability': According to the loaded plugin descriptions the class move_group/ExecuteTaskSolutionCapability with base class type move_group::MoveGroupCapability does not exist. Declared types are  move_group/ApplyPlanningSceneService move_group/ClearOctomapService move_group/MoveGroupCartesianPathService move_group/MoveGroupExecuteService move_group/MoveGroupExecuteTrajectoryAction move_group/MoveGroupGetPlanningSceneService move_group/MoveGroupKinematicsService move_group/MoveGroupMoveAction move_group/MoveGroupPlanService move_group/MoveGroupQueryPlannersService move_group/MoveGroupStateValidationService move_group/TfPublisher pilz_industrial_motion_planner/MoveGroupSequenceAction pilz_industrial_motion_planner/MoveGroupSequenceService
[move_group-8] [INFO] [1746444471.530981658] [move_group.move_group]: 
[move_group-8] 
[move_group-8] ********************************************************
[move_group-8] * MoveGroup using: 
[move_group-8] *     - ApplyPlanningSceneService
[move_group-8] *     - ClearOctomapService
[move_group-8] *     - CartesianPathService
[move_group-8] *     - ExecuteTrajectoryAction
[move_group-8] *     - GetPlanningSceneService
[move_group-8] *     - KinematicsService
[move_group-8] *     - MoveAction
[move_group-8] *     - MotionPlanService
[move_group-8] *     - QueryPlannersService
[move_group-8] *     - StateValidationService
[move_group-8] ********************************************************
[move_group-8] 
[move_group-8] [INFO] [1746444471.531118462] [moveit_move_group_capabilities_base.move_group_context]: MoveGroup context using planning plugin ompl_interface/OMPLPlanner
[move_group-8] [INFO] [1746444471.531148356] [moveit_move_group_capabilities_base.move_group_context]: MoveGroup context initialization complete
[move_group-8] [96mLoading 'move_group/ApplyPlanningSceneService'...
[move_group-8] [0m[96mLoading 'move_group/ClearOctomapService'...
[move_group-8] [0m[96mLoading 'move_group/ExecuteTaskSolutionCapability'...
[move_group-8] [0m[96mLoading 'move_group/MoveGroupCartesianPathService'...
[move_group-8] [0m[96mLoading 'move_group/MoveGroupExecuteTrajectoryAction'...
[move_group-8] [0m[96mLoading 'move_group/MoveGroupGetPlanningSceneService'...
[move_group-8] [0m[96mLoading 'move_group/MoveGroupKinematicsService'...
[move_group-8] [0m[96mLoading 'move_group/MoveGroupMoveAction'...
[move_group-8] [0m[96mLoading 'move_group/MoveGroupPlanService'...
[move_group-8] [0m[96mLoading 'move_group/MoveGroupQueryPlannersService'...
[move_group-8] [0m[96mLoading 'move_group/MoveGroupStateValidationService'...
[move_group-8] [0m[92m
[move_group-8] You can start planning now!
[move_group-8] 
[gzserver-1] ALSA lib pcm_dmix.c:1032:(snd_pcm_dmix_open) unable to open slave
[gzserver-1] AL lib: (EE) ALCplaybackAlsa_open: Could not open playback device 'default': Device or resource busy
[gzserver-1] [WARN] [1746444471.629081037] [rcl]: Found remap rule 'model_states:=model_states'. This syntax is deprecated. Use '--ros-args --remap model_states:=model_states' instead.
[gzserver-1] [WARN] [1746444471.629405456] [rcl]: Found remap rule 'link_states:=link_states'. This syntax is deprecated. Use '--ros-args --remap link_states:=link_states' instead.
[gzserver-1] [INFO] [1746444471.668217364] [state.gazebo_ros_state]: Publishing states of gazebo models at [/state/model_states]
[gzserver-1] [INFO] [1746444471.671919798] [state.gazebo_ros_state]: Publishing states of gazebo links at [/state/link_states]
[spawn_entity.py-12] [INFO] [1746444471.679814165] [right]: Calling service /spawn_entity
[spawn_entity.py-5] [INFO] [1746444471.743752867] [left]: Calling service /spawn_entity
[gzserver-1] [INFO] [1746444472.532711710] [right_summit_imu_imu_plugin]: <initial_orientation_as_reference> is unset, using default value of false to comply with REP 145 (world as orientation reference)
[spawn_entity.py-12] [INFO] [1746444472.867660441] [right]: Spawn status: SpawnEntity: Successfully spawned entity [right_robot]
[spawn_entity.py-12] [INFO] [1746444472.888211965] [right]: Calling service /unpause_physics
[INFO] [spawn_entity.py-12]: process has finished cleanly [pid 19940]
[ERROR] [gzserver-1]: process has died [pid 19910, exit code -11, cmd 'gzserver /ros2_ws/install/ur/share/ur/xacro/gazebo.world --physics False -slibgazebo_ros_init.so -slibgazebo_ros_factory.so -slibgazebo_ros_force_system.so'].
[spawner-7] [WARN] [1746444479.052634645] [left.spawner_ur_left_joint_group_vel_controller]: Could not contact service /left/controller_manager/list_controllers
[spawner-7] [INFO] [1746444479.053858175] [left.spawner_ur_left_joint_group_vel_controller]: waiting for service /left/controller_manager/list_controllers to become available...
[spawner-6] [WARN] [1746444479.119554922] [left.spawner_joint_state_broadcaster]: Could not contact service /left/controller_manager/list_controllers
[spawner-6] [INFO] [1746444479.120645189] [left.spawner_joint_state_broadcaster]: waiting for service /left/controller_manager/list_controllers to become available...
[spawner-14] [WARN] [1746444479.186975957] [right.spawner_ur_right_joint_group_vel_controller]: Could not contact service /right/controller_manager/list_controllers
[spawner-14] [INFO] [1746444479.187903679] [right.spawner_ur_right_joint_group_vel_controller]: waiting for service /right/controller_manager/list_controllers to become available...
[spawner-13] [WARN] [1746444479.341725650] [right.spawner_joint_state_broadcaster]: Could not contact service /right/controller_manager/list_controllers
[spawner-13] [INFO] [1746444479.342515207] [right.spawner_joint_state_broadcaster]: waiting for service /right/controller_manager/list_controllers to become available...
[INFO] [gzclient-2]: process has finished cleanly [pid 19912]
[rviz2-3] [ERROR] [1746444481.216550911] [rviz2]: Could not find parameter robot_description and did not receive robot_description via std_msgs::msg::String subscription within 10.000000 seconds.
[WARNING] [launch]: user interrupted with ctrl-c (SIGINT)
[static_transform_publisher-17] [INFO] [1746444482.613675187] [rclcpp]: signal_handler(signum=2)
[static_transform_publisher-10] [INFO] [1746444482.613700776] [rclcpp]: signal_handler(signum=2)
[move_group-8] [INFO] [1746444482.613723561] [rclcpp]: signal_handler(signum=2)
[static_transform_publisher-16] [INFO] [1746444482.613723952] [rclcpp]: signal_handler(signum=2)
[robot_state_publisher-11] [INFO] [1746444482.613858489] [rclcpp]: signal_handler(signum=2)
[static_transform_publisher-9] [INFO] [1746444482.613862489] [rclcpp]: signal_handler(signum=2)
[robot_state_publisher-4] [INFO] [1746444482.613876403] [rclcpp]: signal_handler(signum=2)
[spawn_entity.py-5] Traceback (most recent call last):
[spawn_entity.py-5]   File "/opt/ros/humble/lib/gazebo_ros/spawn_entity.py", line 370, in <module>
[spawn_entity.py-5]     main()
[spawn_entity.py-5]   File "/opt/ros/humble/lib/gazebo_ros/spawn_entity.py", line 365, in main
[spawn_entity.py-5]     exit_code = spawn_entity_node.run()
[spawn_entity.py-5]   File "/opt/ros/humble/lib/gazebo_ros/spawn_entity.py", line 228, in run
[spawn_entity.py-5]     success = self._spawn_entity(entity_xml, initial_pose, spawn_service_timeout)
[spawn_entity.py-5]   File "/opt/ros/humble/lib/gazebo_ros/spawn_entity.py", line 289, in _spawn_entity
[spawn_entity.py-5]     rclpy.spin_once(self)
[spawn_entity.py-5]   File "/opt/ros/humble/local/lib/python3.10/dist-packages/rclpy/__init__.py", line 202, in spin_once
[spawn_entity.py-5]     executor.spin_once(timeout_sec=timeout_sec)
[spawn_entity.py-5]   File "/opt/ros/humble/local/lib/python3.10/dist-packages/rclpy/executors.py", line 739, in spin_once
[spawn_entity.py-5]     self._spin_once_impl(timeout_sec)
[spawn_entity.py-5]   File "/opt/ros/humble/local/lib/python3.10/dist-packages/rclpy/executors.py", line 728, in _spin_once_impl
[spawn_entity.py-5]     handler, entity, node = self.wait_for_ready_callbacks(timeout_sec=timeout_sec)
[spawn_entity.py-5]   File "/opt/ros/humble/local/lib/python3.10/dist-packages/rclpy/executors.py", line 711, in wait_for_ready_callbacks
[spawn_entity.py-5]     return next(self._cb_iter)
[spawn_entity.py-5]   File "/opt/ros/humble/local/lib/python3.10/dist-packages/rclpy/executors.py", line 608, in _wait_for_ready_callbacks
[spawn_entity.py-5]     wait_set.wait(timeout_nsec)
[spawn_entity.py-5] KeyboardInterrupt
[ERROR] [rviz2-3]: process has died [pid 19914, exit code -2, cmd '/opt/ros/humble/lib/rviz2/rviz2 -d /ros2_ws/install/ur/share/ur/rviz/rviz_config.rviz --ros-args -r __node:=rviz2 --params-file /tmp/launch_params_w_xat0bk --params-file /tmp/launch_params_jjhvxa8k'].
[move_group-8] [INFO] [1746444482.763375880] [moveit.ros_planning_interface.moveit_cpp]: Deleting MoveItCpp
[move_group-8] [INFO] [1746444482.765935532] [moveit_ros.planning_scene_monitor.planning_scene_monitor]: Stopped publishing maintained planning scene.
[move_group-8] [INFO] [1746444482.775548334] [moveit_ros.planning_scene_monitor.planning_scene_monitor]: Stopping world geometry monitor
[move_group-8] [INFO] [1746444482.788422568] [moveit_ros.planning_scene_monitor.planning_scene_monitor]: Stopping planning scene monitor
[move_group-8] Warning: class_loader.ClassLoader: SEVERE WARNING!!! Attempting to unload library while objects created by this loader exist in the heap! You should delete your objects before attempting to unload the library or destroying the ClassLoader. The library will NOT be unloaded.
[move_group-8]          at line 127 in ./src/class_loader.cpp
[INFO] [static_transform_publisher-9]: process has finished cleanly [pid 19926]
[INFO] [static_transform_publisher-10]: process has finished cleanly [pid 19928]
[INFO] [static_transform_publisher-16]: process has finished cleanly [pid 19988]
[INFO] [static_transform_publisher-17]: process has finished cleanly [pid 19998]
[ERROR] [spawn_entity.py-5]: process has died [pid 19918, exit code -2, cmd '/opt/ros/humble/lib/gazebo_ros/spawn_entity.py -entity left_robot -topic /left/robot_description -x -0.66 -y 0 -z 0 -timeout 5 -unpause --ros-args -r __node:=left'].
[INFO] [robot_state_publisher-11]: process has finished cleanly [pid 19938]
[INFO] [robot_state_publisher-4]: process has finished cleanly [pid 19916]
[move_group-8] Stack trace (most recent call last):
[move_group-8] #11   Object "", at 0xffffffffffffffff, in 
[move_group-8] #10   Object "/ros2_ws/build/moveit_ros_move_group/move_group", at 0x55b96cb37eb4, in _start
[move_group-8] #9    Object "/usr/lib/x86_64-linux-gnu/libc.so.6", at 0x7f51d11dee3f, in __libc_start_main
[move_group-8] #8    Object "/usr/lib/x86_64-linux-gnu/libc.so.6", at 0x7f51d11ded8f, in 
[move_group-8] #7    Object "/ros2_ws/build/moveit_ros_move_group/move_group", at 0x55b96cb37483, in main
[move_group-8] #6    Object "/ros2_ws/build/moveit_ros_move_group/move_group", at 0x55b96cb3e9c1, in std::_Sp_counted_base<(__gnu_cxx::_Lock_policy)2>::_M_release()
[move_group-8] #5    Object "/opt/ros/humble/lib/librclcpp.so", at 0x7f51d170384e, in rclcpp::Node::~Node()
[move_group-8] #4    Object "/opt/ros/humble/lib/librclcpp.so", at 0x7f51d16dec69, in 
[move_group-8] #3    Object "/opt/ros/humble/lib/librclcpp.so", at 0x7f51d170cef9, in 
[move_group-8] #2    Object "/opt/ros/humble/lib/librclcpp.so", at 0x7f51d170ce40, in rclcpp::node_interfaces::NodeBase::~NodeBase()
[move_group-8] #1    Object "/opt/ros/humble/lib/librclcpp.so", at 0x7f51d16dec69, in 
[move_group-8] #0    Object "/opt/ros/humble/lib/librclcpp.so", at 0x7f51d16e39e1, in rclcpp::CallbackGroup::~CallbackGroup()
[move_group-8] Segmentation fault (Address not mapped to object [0x7f51b01fec70])
[INFO] [spawner-7]: process has finished cleanly [pid 19922]
[INFO] [spawner-13]: process has finished cleanly [pid 19949]
[INFO] [spawner-14]: process has finished cleanly [pid 19965]
[INFO] [spawner-6]: process has finished cleanly [pid 19920]
[ERROR] [move_group-8]: process has died [pid 19924, exit code -11, cmd '/ros2_ws/install/moveit_ros_move_group/lib/moveit_ros_move_group/move_group --ros-args --params-file /tmp/launch_params_54qy6rpn --params-file /tmp/launch_params_uy4whh0b --params-file /tmp/launch_params_9gaawyz5 --params-file /tmp/launch_params_o1blao0k'].
[move_group-8] [0m
