[INFO] [launch]: All log files can be found below /root/.ros/log/2025-05-05-11-28-14-284023-outlander-Aspire-V3-571G-20249
[INFO] [launch]: Default logging verbosity is set to INFO
[INFO] [gzserver-1]: process started with pid [20252]
[INFO] [gzclient-2]: process started with pid [20254]
[INFO] [rviz2-3]: process started with pid [20256]
[INFO] [robot_state_publisher-4]: process started with pid [20258]
[INFO] [spawn_entity.py-5]: process started with pid [20260]
[INFO] [spawner-6]: process started with pid [20262]
[INFO] [spawner-7]: process started with pid [20264]
[INFO] [move_group-8]: process started with pid [20266]
[INFO] [static_transform_publisher-9]: process started with pid [20268]
[INFO] [static_transform_publisher-10]: process started with pid [20278]
[INFO] [robot_state_publisher-11]: process started with pid [20281]
[INFO] [spawn_entity.py-12]: process started with pid [20301]
[INFO] [spawner-13]: process started with pid [20304]
[INFO] [spawner-14]: process started with pid [20319]
[INFO] [move_group-15]: process started with pid [20333]
[INFO] [static_transform_publisher-16]: process started with pid [20337]
[INFO] [static_transform_publisher-17]: process started with pid [20342]
[rviz2-3] QStandardPaths: XDG_RUNTIME_DIR not set, defaulting to '/tmp/runtime-root'
[robot_state_publisher-4] [INFO] [1746444498.461252530] [left.robot_state_publisher]: got segment left_summit_back_left_wheel_link
[robot_state_publisher-4] [INFO] [1746444498.461392688] [left.robot_state_publisher]: got segment left_summit_back_right_wheel_link
[robot_state_publisher-4] [INFO] [1746444498.461421089] [left.robot_state_publisher]: got segment left_summit_base_chapa
[robot_state_publisher-4] [INFO] [1746444498.461442104] [left.robot_state_publisher]: got segment left_summit_base_docking_contact
[robot_state_publisher-4] [INFO] [1746444498.461460257] [left.robot_state_publisher]: got segment left_summit_base_footprint
[robot_state_publisher-4] [INFO] [1746444498.461478510] [left.robot_state_publisher]: got segment left_summit_base_link
[robot_state_publisher-4] [INFO] [1746444498.461497389] [left.robot_state_publisher]: got segment left_summit_base_logo_front
[robot_state_publisher-4] [INFO] [1746444498.461515455] [left.robot_state_publisher]: got segment left_summit_base_logo_left
[robot_state_publisher-4] [INFO] [1746444498.461534193] [left.robot_state_publisher]: got segment left_summit_base_logo_rear
[robot_state_publisher-4] [INFO] [1746444498.461552958] [left.robot_state_publisher]: got segment left_summit_base_logo_right
[robot_state_publisher-4] [INFO] [1746444498.461569852] [left.robot_state_publisher]: got segment left_summit_front_laser_base_link
[robot_state_publisher-4] [INFO] [1746444498.461588818] [left.robot_state_publisher]: got segment left_summit_front_laser_link
[robot_state_publisher-4] [INFO] [1746444498.461607376] [left.robot_state_publisher]: got segment left_summit_front_left_wheel_link
[robot_state_publisher-4] [INFO] [1746444498.461626432] [left.robot_state_publisher]: got segment left_summit_front_right_wheel_link
[robot_state_publisher-4] [INFO] [1746444498.461645071] [left.robot_state_publisher]: got segment left_summit_imu_link
[robot_state_publisher-4] [INFO] [1746444498.461663942] [left.robot_state_publisher]: got segment left_summit_rear_laser_base_link
[robot_state_publisher-4] [INFO] [1746444498.461681974] [left.robot_state_publisher]: got segment left_summit_rear_laser_link
[robot_state_publisher-4] [INFO] [1746444498.461699812] [left.robot_state_publisher]: got segment ur_left_base
[robot_state_publisher-4] [INFO] [1746444498.461717286] [left.robot_state_publisher]: got segment ur_left_base_link
[robot_state_publisher-4] [INFO] [1746444498.461735494] [left.robot_state_publisher]: got segment ur_left_base_link_inertia
[robot_state_publisher-4] [INFO] [1746444498.461754160] [left.robot_state_publisher]: got segment ur_left_finger_left
[robot_state_publisher-4] [INFO] [1746444498.461772243] [left.robot_state_publisher]: got segment ur_left_finger_right
[robot_state_publisher-4] [INFO] [1746444498.461790878] [left.robot_state_publisher]: got segment ur_left_finger_tip
[robot_state_publisher-4] [INFO] [1746444498.461808890] [left.robot_state_publisher]: got segment ur_left_flange
[robot_state_publisher-4] [INFO] [1746444498.461827059] [left.robot_state_publisher]: got segment ur_left_forearm_link
[robot_state_publisher-4] [INFO] [1746444498.461846020] [left.robot_state_publisher]: got segment ur_left_ft_frame
[robot_state_publisher-4] [INFO] [1746444498.461864226] [left.robot_state_publisher]: got segment ur_left_robotiq_hand
[robot_state_publisher-4] [INFO] [1746444498.461882761] [left.robot_state_publisher]: got segment ur_left_shoulder_link
[robot_state_publisher-4] [INFO] [1746444498.461901934] [left.robot_state_publisher]: got segment ur_left_tool0
[robot_state_publisher-4] [INFO] [1746444498.461920074] [left.robot_state_publisher]: got segment ur_left_upper_arm_link
[robot_state_publisher-4] [INFO] [1746444498.461939257] [left.robot_state_publisher]: got segment ur_left_wrist_1_link
[robot_state_publisher-4] [INFO] [1746444498.461957970] [left.robot_state_publisher]: got segment ur_left_wrist_2_link
[robot_state_publisher-4] [INFO] [1746444498.461976699] [left.robot_state_publisher]: got segment ur_left_wrist_3_link
[static_transform_publisher-9] [WARN] [1746444498.434156907] []: Old-style arguments are deprecated; see --help for new-style arguments
[static_transform_publisher-9] [INFO] [1746444498.505227508] [left.static_transform_publisher]: Spinning until stopped - publishing transform
[static_transform_publisher-9] translation: ('-0.660000', '0.000000', '0.000000')
[static_transform_publisher-9] rotation: ('0.000000', '0.000000', '0.000000', '1.000000')
[static_transform_publisher-9] from 'world' to 'left_summit_odom'
[static_transform_publisher-10] [WARN] [1746444498.434325064] []: Old-style arguments are deprecated; see --help for new-style arguments
[static_transform_publisher-10] [INFO] [1746444498.517649425] [wheels_static_transform_publisher]: Spinning until stopped - publishing transform
[static_transform_publisher-10] translation: ('0.000000', '0.000000', '0.000000')
[static_transform_publisher-10] rotation: ('0.000000', '0.000000', '0.000000', '1.000000')
[static_transform_publisher-10] from 'world' to 'left_summit_back_left_wheel_link'
[robot_state_publisher-11] [INFO] [1746444498.602824439] [right.robot_state_publisher]: got segment right_summit_back_left_wheel_link
[robot_state_publisher-11] [INFO] [1746444498.604936070] [right.robot_state_publisher]: got segment right_summit_back_right_wheel_link
[robot_state_publisher-11] [INFO] [1746444498.604996683] [right.robot_state_publisher]: got segment right_summit_base_chapa
[robot_state_publisher-11] [INFO] [1746444498.605020439] [right.robot_state_publisher]: got segment right_summit_base_docking_contact
[robot_state_publisher-11] [INFO] [1746444498.605041241] [right.robot_state_publisher]: got segment right_summit_base_footprint
[robot_state_publisher-11] [INFO] [1746444498.605061976] [right.robot_state_publisher]: got segment right_summit_base_link
[robot_state_publisher-11] [INFO] [1746444498.605082357] [right.robot_state_publisher]: got segment right_summit_base_logo_front
[robot_state_publisher-11] [INFO] [1746444498.605102549] [right.robot_state_publisher]: got segment right_summit_base_logo_left
[robot_state_publisher-11] [INFO] [1746444498.605122299] [right.robot_state_publisher]: got segment right_summit_base_logo_rear
[robot_state_publisher-11] [INFO] [1746444498.605140500] [right.robot_state_publisher]: got segment right_summit_base_logo_right
[robot_state_publisher-11] [INFO] [1746444498.605159561] [right.robot_state_publisher]: got segment right_summit_front_laser_base_link
[robot_state_publisher-11] [INFO] [1746444498.605178086] [right.robot_state_publisher]: got segment right_summit_front_laser_link
[robot_state_publisher-11] [INFO] [1746444498.605216364] [right.robot_state_publisher]: got segment right_summit_front_left_wheel_link
[robot_state_publisher-11] [INFO] [1746444498.605280041] [right.robot_state_publisher]: got segment right_summit_front_right_wheel_link
[robot_state_publisher-11] [INFO] [1746444498.605301646] [right.robot_state_publisher]: got segment right_summit_imu_link
[robot_state_publisher-11] [INFO] [1746444498.605589550] [right.robot_state_publisher]: got segment right_summit_rear_laser_base_link
[robot_state_publisher-11] [INFO] [1746444498.605656609] [right.robot_state_publisher]: got segment right_summit_rear_laser_link
[robot_state_publisher-11] [INFO] [1746444498.605679005] [right.robot_state_publisher]: got segment ur_right_base
[robot_state_publisher-11] [INFO] [1746444498.605699087] [right.robot_state_publisher]: got segment ur_right_base_link
[robot_state_publisher-11] [INFO] [1746444498.605718935] [right.robot_state_publisher]: got segment ur_right_base_link_inertia
[robot_state_publisher-11] [INFO] [1746444498.605738101] [right.robot_state_publisher]: got segment ur_right_finger_left
[robot_state_publisher-11] [INFO] [1746444498.605759083] [right.robot_state_publisher]: got segment ur_right_finger_right
[robot_state_publisher-11] [INFO] [1746444498.605778729] [right.robot_state_publisher]: got segment ur_right_finger_tip
[robot_state_publisher-11] [INFO] [1746444498.605797816] [right.robot_state_publisher]: got segment ur_right_flange
[robot_state_publisher-11] [INFO] [1746444498.605816992] [right.robot_state_publisher]: got segment ur_right_forearm_link
[robot_state_publisher-11] [INFO] [1746444498.605835351] [right.robot_state_publisher]: got segment ur_right_ft_frame
[robot_state_publisher-11] [INFO] [1746444498.605853726] [right.robot_state_publisher]: got segment ur_right_robotiq_hand
[robot_state_publisher-11] [INFO] [1746444498.605872806] [right.robot_state_publisher]: got segment ur_right_shoulder_link
[robot_state_publisher-11] [INFO] [1746444498.605890931] [right.robot_state_publisher]: got segment ur_right_tool0
[robot_state_publisher-11] [INFO] [1746444498.605909041] [right.robot_state_publisher]: got segment ur_right_upper_arm_link
[robot_state_publisher-11] [INFO] [1746444498.605927522] [right.robot_state_publisher]: got segment ur_right_wrist_1_link
[robot_state_publisher-11] [INFO] [1746444498.605946816] [right.robot_state_publisher]: got segment ur_right_wrist_2_link
[robot_state_publisher-11] [INFO] [1746444498.605966388] [right.robot_state_publisher]: got segment ur_right_wrist_3_link
[static_transform_publisher-17] [WARN] [1746444498.604059228] []: Old-style arguments are deprecated; see --help for new-style arguments
[static_transform_publisher-16] [WARN] [1746444498.611471631] []: Old-style arguments are deprecated; see --help for new-style arguments
[static_transform_publisher-17] [INFO] [1746444498.668948775] [wheels_static_transform_publisher]: Spinning until stopped - publishing transform
[static_transform_publisher-17] translation: ('0.000000', '0.000000', '0.000000')
[static_transform_publisher-17] rotation: ('0.000000', '0.000000', '0.000000', '1.000000')
[static_transform_publisher-17] from 'world' to 'right_summit_back_left_wheel_link'
[move_group-8] [INFO] [1746444498.679958241] [moveit_rdf_loader.rdf_loader]: Loaded robot model in 0.0537644 seconds
[move_group-8] [INFO] [1746444498.680079986] [moveit_robot_model.robot_model]: Loading robot model 'dual'...
[move_group-8] [WARN] [1746444498.680185925] [moveit_robot_model.robot_model]: Link left_summit_base_footprint has visual geometry but no collision geometry. Collision geometry will be left empty. Fix your URDF file by explicitly specifying collision geometry.
[move_group-8] [WARN] [1746444498.709358739] [moveit_robot_model.robot_model]: Link left_summit_base_logo_front has visual geometry but no collision geometry. Collision geometry will be left empty. Fix your URDF file by explicitly specifying collision geometry.
[move_group-8] [WARN] [1746444498.710590591] [moveit_robot_model.robot_model]: Link left_summit_base_logo_left has visual geometry but no collision geometry. Collision geometry will be left empty. Fix your URDF file by explicitly specifying collision geometry.
[move_group-8] [WARN] [1746444498.710614822] [moveit_robot_model.robot_model]: Link left_summit_base_logo_rear has visual geometry but no collision geometry. Collision geometry will be left empty. Fix your URDF file by explicitly specifying collision geometry.
[move_group-8] [WARN] [1746444498.710635480] [moveit_robot_model.robot_model]: Link left_summit_base_logo_right has visual geometry but no collision geometry. Collision geometry will be left empty. Fix your URDF file by explicitly specifying collision geometry.
[move_group-8] [WARN] [1746444498.710654624] [moveit_robot_model.robot_model]: Link left_summit_base_chapa has visual geometry but no collision geometry. Collision geometry will be left empty. Fix your URDF file by explicitly specifying collision geometry.
[move_group-8] [WARN] [1746444498.738200526] [moveit_robot_model.robot_model]: Link left_summit_imu_link has visual geometry but no collision geometry. Collision geometry will be left empty. Fix your URDF file by explicitly specifying collision geometry.
[static_transform_publisher-16] [INFO] [1746444498.750022438] [right.static_transform_publisher]: Spinning until stopped - publishing transform
[static_transform_publisher-16] translation: ('0.660000', '0.000000', '0.000000')
[static_transform_publisher-16] rotation: ('0.000000', '0.000000', '0.000000', '1.000000')
[static_transform_publisher-16] from 'world' to 'right_summit_odom'
[move_group-15] [INFO] [1746444499.082503265] [moveit_rdf_loader.rdf_loader]: Loaded robot model in 0.0271454 seconds
[move_group-15] [INFO] [1746444499.082862795] [moveit_robot_model.robot_model]: Loading robot model 'dual'...
[move_group-15] [WARN] [1746444499.083758216] [moveit_robot_model.robot_model]: Link right_summit_base_footprint has visual geometry but no collision geometry. Collision geometry will be left empty. Fix your URDF file by explicitly specifying collision geometry.
[move_group-15] [WARN] [1746444499.104310923] [moveit_robot_model.robot_model]: Link right_summit_base_logo_front has visual geometry but no collision geometry. Collision geometry will be left empty. Fix your URDF file by explicitly specifying collision geometry.
[move_group-15] [WARN] [1746444499.104369648] [moveit_robot_model.robot_model]: Link right_summit_base_logo_left has visual geometry but no collision geometry. Collision geometry will be left empty. Fix your URDF file by explicitly specifying collision geometry.
[move_group-15] [WARN] [1746444499.104390659] [moveit_robot_model.robot_model]: Link right_summit_base_logo_rear has visual geometry but no collision geometry. Collision geometry will be left empty. Fix your URDF file by explicitly specifying collision geometry.
[move_group-15] [WARN] [1746444499.104410503] [moveit_robot_model.robot_model]: Link right_summit_base_logo_right has visual geometry but no collision geometry. Collision geometry will be left empty. Fix your URDF file by explicitly specifying collision geometry.
[move_group-15] [WARN] [1746444499.104429618] [moveit_robot_model.robot_model]: Link right_summit_base_chapa has visual geometry but no collision geometry. Collision geometry will be left empty. Fix your URDF file by explicitly specifying collision geometry.
[move_group-15] [WARN] [1746444499.139473005] [moveit_robot_model.robot_model]: Link right_summit_imu_link has visual geometry but no collision geometry. Collision geometry will be left empty. Fix your URDF file by explicitly specifying collision geometry.
[spawner-7] [INFO] [1746444499.266246220] [left.spawner_ur_left_joint_group_vel_controller]: waiting for service /left/controller_manager/list_controllers to become available...
[spawner-6] [INFO] [1746444499.307062305] [left.spawner_joint_state_broadcaster]: waiting for service /left/controller_manager/list_controllers to become available...
[spawner-13] [INFO] [1746444499.660888474] [right.spawner_joint_state_broadcaster]: waiting for service /right/controller_manager/list_controllers to become available...
[spawner-14] [INFO] [1746444499.668814489] [right.spawner_ur_right_joint_group_vel_controller]: waiting for service /right/controller_manager/list_controllers to become available...
[spawn_entity.py-12] [INFO] [1746444499.685456921] [right]: Spawn Entity started
[spawn_entity.py-12] [INFO] [1746444499.686951120] [right]: Loading entity published on topic /right/robot_description
[spawn_entity.py-12] /opt/ros/humble/local/lib/python3.10/dist-packages/rclpy/qos.py:307: UserWarning: DurabilityPolicy.RMW_QOS_POLICY_DURABILITY_TRANSIENT_LOCAL is deprecated. Use DurabilityPolicy.TRANSIENT_LOCAL instead.
[spawn_entity.py-12]   warnings.warn(
[spawn_entity.py-5] [INFO] [1746444499.694006473] [left]: Spawn Entity started
[spawn_entity.py-5] [INFO] [1746444499.695307993] [left]: Loading entity published on topic /left/robot_description
[spawn_entity.py-12] [INFO] [1746444499.695725001] [right]: Waiting for entity xml on /right/robot_description
[spawn_entity.py-5] /opt/ros/humble/local/lib/python3.10/dist-packages/rclpy/qos.py:307: UserWarning: DurabilityPolicy.RMW_QOS_POLICY_DURABILITY_TRANSIENT_LOCAL is deprecated. Use DurabilityPolicy.TRANSIENT_LOCAL instead.
[spawn_entity.py-5]   warnings.warn(
[spawn_entity.py-5] [INFO] [1746444499.702837966] [left]: Waiting for entity xml on /left/robot_description
[spawn_entity.py-12] [INFO] [1746444499.709872440] [right]: Waiting for service /spawn_entity, timeout = 5
[spawn_entity.py-12] [INFO] [1746444499.711875481] [right]: Waiting for service /spawn_entity
[spawn_entity.py-5] [INFO] [1746444499.716271221] [left]: Waiting for service /spawn_entity, timeout = 5
[spawn_entity.py-5] [INFO] [1746444499.717376681] [left]: Waiting for service /spawn_entity
[rviz2-3] [INFO] [1746444499.862559507] [rviz2]: Stereo is NOT SUPPORTED
[rviz2-3] [INFO] [1746444499.862873391] [rviz2]: OpenGl version: 4.6 (GLSL 4.6)
[rviz2-3] [INFO] [1746444499.955993877] [rviz2]: Stereo is NOT SUPPORTED
[move_group-8] [INFO] [1746444500.193922769] [moveit_ros.planning_scene_monitor.planning_scene_monitor]: Publishing maintained planning scene on 'monitored_planning_scene'
[move_group-8] [INFO] [1746444500.194201614] [moveit.ros_planning_interface.moveit_cpp]: Listening to 'joint_states' for joint states
[move_group-8] [INFO] [1746444500.198618982] [moveit_ros.current_state_monitor]: Listening to joint states on topic 'joint_states'
[move_group-8] [INFO] [1746444500.200137694] [moveit_ros.planning_scene_monitor.planning_scene_monitor]: Listening to '/attached_collision_object' for attached collision objects
[move_group-8] [INFO] [1746444500.200178352] [moveit_ros.planning_scene_monitor.planning_scene_monitor]: Starting planning scene monitor
[move_group-8] [INFO] [1746444500.201802685] [moveit_ros.planning_scene_monitor.planning_scene_monitor]: Listening to '/planning_scene'
[move_group-8] [INFO] [1746444500.201836861] [moveit_ros.planning_scene_monitor.planning_scene_monitor]: Starting world geometry update monitor for collision objects, attached objects, octomap updates.
[move_group-8] [INFO] [1746444500.203831699] [moveit_ros.planning_scene_monitor.planning_scene_monitor]: Listening to 'collision_object'
[move_group-8] [INFO] [1746444500.205727923] [moveit_ros.planning_scene_monitor.planning_scene_monitor]: Listening to 'planning_scene_world' for planning scene world geometry
[move_group-8] [WARN] [1746444500.207629223] [moveit.ros.occupancy_map_monitor.middleware_handle]: Resolution not specified for Octomap. Assuming resolution = 0.1 instead
[move_group-8] [WARN] [1746444500.208965199] [moveit_ros.current_state_monitor]: Unable to update multi-DOF joint 'Vjoint_left':Failure to lookup transform between 'left_summit_odom'and 'left_summit_base_footprint' with TF exception: Could not find a connection between 'left_summit_odom' and 'left_summit_base_footprint' because they are not part of the same tree.Tf has two or more unconnected trees.
[move_group-15] [INFO] [1746444500.298902816] [moveit_ros.planning_scene_monitor.planning_scene_monitor]: Publishing maintained planning scene on 'monitored_planning_scene'
[move_group-15] [INFO] [1746444500.299139080] [moveit.ros_planning_interface.moveit_cpp]: Listening to 'joint_states' for joint states
[move_group-15] [INFO] [1746444500.304414020] [moveit_ros.current_state_monitor]: Listening to joint states on topic 'joint_states'
[move_group-15] [INFO] [1746444500.305662392] [moveit_ros.planning_scene_monitor.planning_scene_monitor]: Listening to '/attached_collision_object' for attached collision objects
[move_group-15] [INFO] [1746444500.305698159] [moveit_ros.planning_scene_monitor.planning_scene_monitor]: Starting planning scene monitor
[move_group-15] [INFO] [1746444500.307003401] [moveit_ros.planning_scene_monitor.planning_scene_monitor]: Listening to '/planning_scene'
[move_group-15] [INFO] [1746444500.307047219] [moveit_ros.planning_scene_monitor.planning_scene_monitor]: Starting world geometry update monitor for collision objects, attached objects, octomap updates.
[move_group-15] [INFO] [1746444500.309809737] [moveit_ros.planning_scene_monitor.planning_scene_monitor]: Listening to 'collision_object'
[move_group-15] [INFO] [1746444500.312387395] [moveit_ros.planning_scene_monitor.planning_scene_monitor]: Listening to 'planning_scene_world' for planning scene world geometry
[move_group-15] [WARN] [1746444500.314373143] [moveit.ros.occupancy_map_monitor.middleware_handle]: Resolution not specified for Octomap. Assuming resolution = 0.1 instead
[move_group-15] [WARN] [1746444500.315294782] [moveit_ros.current_state_monitor]: Unable to update multi-DOF joint 'Vjoint_right':Failure to lookup transform between 'right_summit_odom'and 'right_summit_base_footprint' with TF exception: Could not find a connection between 'right_summit_odom' and 'right_summit_base_footprint' because they are not part of the same tree.Tf has two or more unconnected trees.
[rviz2-3] [WARN] [1746444501.015176771] [rcl.logging_rosout]: Publisher already registered for provided node name. If this is due to multiple nodes with the same name then all logs for that logger name will go out over the existing publisher. As soon as any node with that name is destructed it will unregister the publisher, preventing any further logs for that name from being published on the rosout topic.
[move_group-8] [INFO] [1746444501.972753720] [moveit.ros_planning_interface.moveit_cpp]: Loading planning pipeline 'ompl'
[move_group-8] [INFO] [1746444502.003956174] [moveit.ros_planning.planning_pipeline]: Using planning interface 'OMPL'
[move_group-8] [INFO] [1746444502.017213193] [moveit_ros.add_time_optimal_parameterization]: Param 'ompl.path_tolerance' was not set. Using default value: 0.100000
[move_group-8] [INFO] [1746444502.017257656] [moveit_ros.add_time_optimal_parameterization]: Param 'ompl.resample_dt' was not set. Using default value: 0.100000
[move_group-8] [INFO] [1746444502.017344197] [moveit_ros.add_time_optimal_parameterization]: Param 'ompl.min_angle_change' was not set. Using default value: 0.001000
[move_group-8] [INFO] [1746444502.017419071] [moveit_ros.fix_workspace_bounds]: Param 'ompl.default_workspace_bounds' was not set. Using default value: 10.000000
[move_group-8] [INFO] [1746444502.017463307] [moveit_ros.fix_start_state_bounds]: Param 'ompl.start_state_max_bounds_error' was set to 0.100000
[move_group-8] [INFO] [1746444502.017480101] [moveit_ros.fix_start_state_bounds]: Param 'ompl.start_state_max_dt' was not set. Using default value: 0.500000
[move_group-8] [INFO] [1746444502.017513476] [moveit_ros.fix_start_state_collision]: Param 'ompl.start_state_max_dt' was not set. Using default value: 0.500000
[move_group-8] [INFO] [1746444502.017528480] [moveit_ros.fix_start_state_collision]: Param 'ompl.jiggle_fraction' was set to 0.050000
[move_group-8] [INFO] [1746444502.017561205] [moveit_ros.fix_start_state_collision]: Param 'ompl.max_sampling_attempts' was not set. Using default value: 100
[move_group-8] [INFO] [1746444502.017595962] [moveit.ros_planning.planning_pipeline]: Using planning request adapter 'Add Time Optimal Parameterization'
[move_group-8] [INFO] [1746444502.017612495] [moveit.ros_planning.planning_pipeline]: Using planning request adapter 'Resolve constraint frames to robot links'
[move_group-8] [INFO] [1746444502.017622716] [moveit.ros_planning.planning_pipeline]: Using planning request adapter 'Fix Workspace Bounds'
[move_group-8] [INFO] [1746444502.017632531] [moveit.ros_planning.planning_pipeline]: Using planning request adapter 'Fix Start State Bounds'
[move_group-8] [INFO] [1746444502.017641673] [moveit.ros_planning.planning_pipeline]: Using planning request adapter 'Fix Start State In Collision'
[move_group-8] [INFO] [1746444502.017651761] [moveit.ros_planning.planning_pipeline]: Using planning request adapter 'Fix Start State Path Constraints'
[move_group-8] [INFO] [1746444502.024315290] [moveit.ros_planning_interface.moveit_cpp]: Loading planning pipeline 'chomp'
[move_group-8] [INFO] [1746444502.039962195] [moveit.ros_planning.planning_pipeline]: Using planning interface 'CHOMP'
[move_group-8] [INFO] [1746444502.049300526] [moveit_ros.add_time_optimal_parameterization]: Param 'chomp.path_tolerance' was not set. Using default value: 0.100000
[move_group-8] [INFO] [1746444502.049342831] [moveit_ros.add_time_optimal_parameterization]: Param 'chomp.resample_dt' was not set. Using default value: 0.100000
[move_group-8] [INFO] [1746444502.049358283] [moveit_ros.add_time_optimal_parameterization]: Param 'chomp.min_angle_change' was not set. Using default value: 0.001000
[move_group-8] [INFO] [1746444502.049416859] [moveit_ros.fix_workspace_bounds]: Param 'chomp.default_workspace_bounds' was not set. Using default value: 10.000000
[move_group-8] [INFO] [1746444502.049460401] [moveit_ros.fix_start_state_bounds]: Param 'chomp.start_state_max_bounds_error' was set to 0.100000
[move_group-8] [INFO] [1746444502.049476779] [moveit_ros.fix_start_state_bounds]: Param 'chomp.start_state_max_dt' was not set. Using default value: 0.500000
[move_group-8] [INFO] [1746444502.049511459] [moveit_ros.fix_start_state_collision]: Param 'chomp.start_state_max_dt' was not set. Using default value: 0.500000
[move_group-8] [INFO] [1746444502.049530254] [moveit_ros.fix_start_state_collision]: Param 'chomp.jiggle_fraction' was set to 0.050000
[move_group-8] [INFO] [1746444502.049549487] [moveit_ros.fix_start_state_collision]: Param 'chomp.max_sampling_attempts' was not set. Using default value: 100
[move_group-8] [INFO] [1746444502.049585114] [moveit.ros_planning.planning_pipeline]: Using planning request adapter 'Add Time Optimal Parameterization'
[move_group-8] [INFO] [1746444502.049600516] [moveit.ros_planning.planning_pipeline]: Using planning request adapter 'Resolve constraint frames to robot links'
[move_group-8] [INFO] [1746444502.049610680] [moveit.ros_planning.planning_pipeline]: Using planning request adapter 'Fix Workspace Bounds'
[move_group-8] [INFO] [1746444502.049620238] [moveit.ros_planning.planning_pipeline]: Using planning request adapter 'Fix Start State Bounds'
[move_group-8] [INFO] [1746444502.049628694] [moveit.ros_planning.planning_pipeline]: Using planning request adapter 'Fix Start State In Collision'
[move_group-8] [INFO] [1746444502.049637605] [moveit.ros_planning.planning_pipeline]: Using planning request adapter 'Fix Start State Path Constraints'
[move_group-8] [INFO] [1746444502.053092043] [moveit.ros_planning_interface.moveit_cpp]: Loading planning pipeline 'pilz_industrial_motion_planner'
[move_group-8] [INFO] [1746444502.065431359] [moveit.pilz_industrial_motion_planner.joint_limits_aggregator]: Reading limits from namespace robot_description_planning
[move_group-8] [WARN] [1746444502.074572619] [moveit.pilz_industrial_motion_planner.joint_limits_aggregator]: Multi-DOF-Joint 'Vjoint_left' not supported.
[move_group-8] [WARN] [1746444502.074641330] [moveit.pilz_industrial_motion_planner.joint_limits_aggregator]: Multi-DOF-Joint 'Vjoint_left' not supported.
[move_group-15] [INFO] [1746444502.112654932] [moveit.ros_planning_interface.moveit_cpp]: Loading planning pipeline 'ompl'
[move_group-8] [INFO] [1746444502.114624633] [moveit.pilz_industrial_motion_planner]: Available plugins: pilz_industrial_motion_planner/PlanningContextLoaderCIRC pilz_industrial_motion_planner/PlanningContextLoaderLIN pilz_industrial_motion_planner/PlanningContextLoaderPTP 
[move_group-8] [INFO] [1746444502.114661541] [moveit.pilz_industrial_motion_planner]: About to load: pilz_industrial_motion_planner/PlanningContextLoaderCIRC
[move_group-8] [INFO] [1746444502.119227190] [moveit.pilz_industrial_motion_planner]: Registered Algorithm [CIRC]
[move_group-8] [INFO] [1746444502.119274806] [moveit.pilz_industrial_motion_planner]: About to load: pilz_industrial_motion_planner/PlanningContextLoaderLIN
[move_group-8] [INFO] [1746444502.122106391] [moveit.pilz_industrial_motion_planner]: Registered Algorithm [LIN]
[move_group-8] [INFO] [1746444502.122164129] [moveit.pilz_industrial_motion_planner]: About to load: pilz_industrial_motion_planner/PlanningContextLoaderPTP
[move_group-8] [INFO] [1746444502.124556703] [moveit.pilz_industrial_motion_planner]: Registered Algorithm [PTP]
[move_group-8] [INFO] [1746444502.124624264] [moveit.ros_planning.planning_pipeline]: Using planning interface 'Pilz Industrial Motion Planner'
[gzserver-1] ALSA lib pcm_dmix.c:1032:(snd_pcm_dmix_open) unable to open slave
[gzserver-1] AL lib: (EE) ALCplaybackAlsa_open: Could not open playback device 'default': Device or resource busy
[move_group-15] [INFO] [1746444502.155642850] [moveit.ros_planning.planning_pipeline]: Using planning interface 'OMPL'
[move_group-15] [INFO] [1746444502.171119668] [moveit_ros.add_time_optimal_parameterization]: Param 'ompl.path_tolerance' was not set. Using default value: 0.100000
[move_group-15] [INFO] [1746444502.171247811] [moveit_ros.add_time_optimal_parameterization]: Param 'ompl.resample_dt' was not set. Using default value: 0.100000
[move_group-15] [INFO] [1746444502.171337917] [moveit_ros.add_time_optimal_parameterization]: Param 'ompl.min_angle_change' was not set. Using default value: 0.001000
[move_group-15] [INFO] [1746444502.171422646] [moveit_ros.fix_workspace_bounds]: Param 'ompl.default_workspace_bounds' was not set. Using default value: 10.000000
[move_group-15] [INFO] [1746444502.171463760] [moveit_ros.fix_start_state_bounds]: Param 'ompl.start_state_max_bounds_error' was set to 0.100000
[move_group-15] [INFO] [1746444502.171480960] [moveit_ros.fix_start_state_bounds]: Param 'ompl.start_state_max_dt' was not set. Using default value: 0.500000
[move_group-15] [INFO] [1746444502.171516776] [moveit_ros.fix_start_state_collision]: Param 'ompl.start_state_max_dt' was not set. Using default value: 0.500000
[move_group-15] [INFO] [1746444502.171535099] [moveit_ros.fix_start_state_collision]: Param 'ompl.jiggle_fraction' was set to 0.050000
[move_group-15] [INFO] [1746444502.171573103] [moveit_ros.fix_start_state_collision]: Param 'ompl.max_sampling_attempts' was not set. Using default value: 100
[move_group-15] [INFO] [1746444502.171617243] [moveit.ros_planning.planning_pipeline]: Using planning request adapter 'Add Time Optimal Parameterization'
[move_group-15] [INFO] [1746444502.171635225] [moveit.ros_planning.planning_pipeline]: Using planning request adapter 'Resolve constraint frames to robot links'
[move_group-15] [INFO] [1746444502.171645935] [moveit.ros_planning.planning_pipeline]: Using planning request adapter 'Fix Workspace Bounds'
[move_group-15] [INFO] [1746444502.171654766] [moveit.ros_planning.planning_pipeline]: Using planning request adapter 'Fix Start State Bounds'
[move_group-15] [INFO] [1746444502.171664007] [moveit.ros_planning.planning_pipeline]: Using planning request adapter 'Fix Start State In Collision'
[move_group-15] [INFO] [1746444502.171672867] [moveit.ros_planning.planning_pipeline]: Using planning request adapter 'Fix Start State Path Constraints'
[move_group-15] [INFO] [1746444502.179495576] [moveit.ros_planning_interface.moveit_cpp]: Loading planning pipeline 'chomp'
[move_group-15] [INFO] [1746444502.215327914] [moveit.ros_planning.planning_pipeline]: Using planning interface 'CHOMP'
[spawn_entity.py-12] [INFO] [1746444502.228993126] [right]: Calling service /spawn_entity
[spawn_entity.py-5] [INFO] [1746444502.231987053] [left]: Calling service /spawn_entity
[move_group-15] [INFO] [1746444502.238213401] [moveit_ros.add_time_optimal_parameterization]: Param 'chomp.path_tolerance' was not set. Using default value: 0.100000
[move_group-15] [INFO] [1746444502.238252471] [moveit_ros.add_time_optimal_parameterization]: Param 'chomp.resample_dt' was not set. Using default value: 0.100000
[move_group-15] [INFO] [1746444502.238265973] [moveit_ros.add_time_optimal_parameterization]: Param 'chomp.min_angle_change' was not set. Using default value: 0.001000
[move_group-15] [INFO] [1746444502.238319125] [moveit_ros.fix_workspace_bounds]: Param 'chomp.default_workspace_bounds' was not set. Using default value: 10.000000
[move_group-15] [INFO] [1746444502.238355337] [moveit_ros.fix_start_state_bounds]: Param 'chomp.start_state_max_bounds_error' was set to 0.100000
[move_group-15] [INFO] [1746444502.238369314] [moveit_ros.fix_start_state_bounds]: Param 'chomp.start_state_max_dt' was not set. Using default value: 0.500000
[move_group-15] [INFO] [1746444502.238400317] [moveit_ros.fix_start_state_collision]: Param 'chomp.start_state_max_dt' was not set. Using default value: 0.500000
[move_group-15] [INFO] [1746444502.238415078] [moveit_ros.fix_start_state_collision]: Param 'chomp.jiggle_fraction' was set to 0.050000
[move_group-15] [INFO] [1746444502.238427061] [moveit_ros.fix_start_state_collision]: Param 'chomp.max_sampling_attempts' was not set. Using default value: 100
[move_group-15] [INFO] [1746444502.238454618] [moveit.ros_planning.planning_pipeline]: Using planning request adapter 'Add Time Optimal Parameterization'
[move_group-15] [INFO] [1746444502.238466113] [moveit.ros_planning.planning_pipeline]: Using planning request adapter 'Resolve constraint frames to robot links'
[move_group-15] [INFO] [1746444502.238475135] [moveit.ros_planning.planning_pipeline]: Using planning request adapter 'Fix Workspace Bounds'
[move_group-15] [INFO] [1746444502.238483915] [moveit.ros_planning.planning_pipeline]: Using planning request adapter 'Fix Start State Bounds'
[move_group-15] [INFO] [1746444502.238548260] [moveit.ros_planning.planning_pipeline]: Using planning request adapter 'Fix Start State In Collision'
[move_group-15] [INFO] [1746444502.238559054] [moveit.ros_planning.planning_pipeline]: Using planning request adapter 'Fix Start State Path Constraints'
[move_group-15] [INFO] [1746444502.242783717] [moveit.ros_planning_interface.moveit_cpp]: Loading planning pipeline 'pilz_industrial_motion_planner'
[move_group-15] [INFO] [1746444502.254916093] [moveit.pilz_industrial_motion_planner.joint_limits_aggregator]: Reading limits from namespace robot_description_planning
[move_group-15] [WARN] [1746444502.266608958] [moveit.pilz_industrial_motion_planner.joint_limits_aggregator]: Multi-DOF-Joint 'Vjoint_right' not supported.
[move_group-15] [WARN] [1746444502.266944824] [moveit.pilz_industrial_motion_planner.joint_limits_aggregator]: Multi-DOF-Joint 'Vjoint_right' not supported.
[move_group-8] [ERROR] [1746444502.324246569] [moveit.plugins.moveit_simple_controller_manager]: No controller_names specified.
[move_group-8] [INFO] [1746444502.324501660] [moveit.plugins.moveit_simple_controller_manager]: Returned 0 controllers in list
[move_group-8] [INFO] [1746444502.324526790] [moveit.plugins.moveit_simple_controller_manager]: Returned 0 controllers in list
[move_group-8] [INFO] [1746444502.326746030] [moveit_ros.trajectory_execution_manager]: Trajectory execution is managing controllers
[move_group-8] [INFO] [1746444502.326795026] [move_group.move_group]: MoveGroup debug mode is ON
[move_group-15] [INFO] [1746444502.343698769] [moveit.pilz_industrial_motion_planner]: Available plugins: pilz_industrial_motion_planner/PlanningContextLoaderCIRC pilz_industrial_motion_planner/PlanningContextLoaderLIN pilz_industrial_motion_planner/PlanningContextLoaderPTP 
[move_group-15] [INFO] [1746444502.343729638] [moveit.pilz_industrial_motion_planner]: About to load: pilz_industrial_motion_planner/PlanningContextLoaderCIRC
[move_group-15] [INFO] [1746444502.346749972] [moveit.pilz_industrial_motion_planner]: Registered Algorithm [CIRC]
[move_group-15] [INFO] [1746444502.346795553] [moveit.pilz_industrial_motion_planner]: About to load: pilz_industrial_motion_planner/PlanningContextLoaderLIN
[move_group-15] [INFO] [1746444502.349147571] [moveit.pilz_industrial_motion_planner]: Registered Algorithm [LIN]
[move_group-15] [INFO] [1746444502.349186334] [moveit.pilz_industrial_motion_planner]: About to load: pilz_industrial_motion_planner/PlanningContextLoaderPTP
[move_group-15] [INFO] [1746444502.352036067] [moveit.pilz_industrial_motion_planner]: Registered Algorithm [PTP]
[move_group-15] [INFO] [1746444502.352115617] [moveit.ros_planning.planning_pipeline]: Using planning interface 'Pilz Industrial Motion Planner'
[move_group-8] [ERROR] [1746444502.359788223] [move_group.move_group]: Exception while loading move_group capability 'move_group/ExecuteTaskSolutionCapability': According to the loaded plugin descriptions the class move_group/ExecuteTaskSolutionCapability with base class type move_group::MoveGroupCapability does not exist. Declared types are  move_group/ApplyPlanningSceneService move_group/ClearOctomapService move_group/MoveGroupCartesianPathService move_group/MoveGroupExecuteService move_group/MoveGroupExecuteTrajectoryAction move_group/MoveGroupGetPlanningSceneService move_group/MoveGroupKinematicsService move_group/MoveGroupMoveAction move_group/MoveGroupPlanService move_group/MoveGroupQueryPlannersService move_group/MoveGroupStateValidationService move_group/TfPublisher pilz_industrial_motion_planner/MoveGroupSequenceAction pilz_industrial_motion_planner/MoveGroupSequenceService
[gzserver-1] [WARN] [1746444502.375993591] [rcl]: Found remap rule 'model_states:=model_states'. This syntax is deprecated. Use '--ros-args --remap model_states:=model_states' instead.
[gzserver-1] [WARN] [1746444502.377530365] [rcl]: Found remap rule 'link_states:=link_states'. This syntax is deprecated. Use '--ros-args --remap link_states:=link_states' instead.
[move_group-8] [INFO] [1746444502.426742181] [move_group.move_group]: 
[move_group-8] 
[move_group-8] ********************************************************
[move_group-8] * MoveGroup using: 
[move_group-8] *     - ApplyPlanningSceneService
[move_group-8] *     - ClearOctomapService
[move_group-8] *     - CartesianPathService
[move_group-8] *     - ExecuteTrajectoryAction
[move_group-8] *     - GetPlanningSceneService
[move_group-8] *     - KinematicsService
[move_group-8] *     - MoveAction
[move_group-8] *     - MotionPlanService
[move_group-8] *     - QueryPlannersService
[move_group-8] *     - StateValidationService
[move_group-8] ********************************************************
[move_group-8] 
[move_group-8] [INFO] [1746444502.426888477] [moveit_move_group_capabilities_base.move_group_context]: MoveGroup context using planning plugin ompl_interface/OMPLPlanner
[move_group-8] [INFO] [1746444502.426914346] [moveit_move_group_capabilities_base.move_group_context]: MoveGroup context initialization complete
[move_group-8] [96mLoading 'move_group/ApplyPlanningSceneService'...
[move_group-8] [0m[96mLoading 'move_group/ClearOctomapService'...
[move_group-8] [0m[96mLoading 'move_group/ExecuteTaskSolutionCapability'...
[move_group-8] [0m[96mLoading 'move_group/MoveGroupCartesianPathService'...
[move_group-8] [0m[96mLoading 'move_group/MoveGroupExecuteTrajectoryAction'...
[move_group-8] [0m[96mLoading 'move_group/MoveGroupGetPlanningSceneService'...
[move_group-8] [0m[96mLoading 'move_group/MoveGroupKinematicsService'...
[move_group-8] [0m[96mLoading 'move_group/MoveGroupMoveAction'...
[move_group-8] [0m[96mLoading 'move_group/MoveGroupPlanService'...
[move_group-8] [0m[96mLoading 'move_group/MoveGroupQueryPlannersService'...
[move_group-8] [0m[96mLoading 'move_group/MoveGroupStateValidationService'...
[move_group-8] [0m[92m
[move_group-8] You can start planning now!
[move_group-8] 
[gzserver-1] [INFO] [1746444502.476971332] [state.gazebo_ros_state]: Publishing states of gazebo models at [/state/model_states]
[gzserver-1] [INFO] [1746444502.481801428] [state.gazebo_ros_state]: Publishing states of gazebo links at [/state/link_states]
[move_group-15] [ERROR] [1746444502.581269166] [moveit.plugins.moveit_simple_controller_manager]: No controller_names specified.
[move_group-15] [INFO] [1746444502.581687602] [moveit.plugins.moveit_simple_controller_manager]: Returned 0 controllers in list
[move_group-15] [INFO] [1746444502.581711312] [moveit.plugins.moveit_simple_controller_manager]: Returned 0 controllers in list
[move_group-15] [INFO] [1746444502.584054434] [moveit_ros.trajectory_execution_manager]: Trajectory execution is managing controllers
[move_group-15] [INFO] [1746444502.584270619] [move_group.move_group]: MoveGroup debug mode is ON
[move_group-15] [ERROR] [1746444502.601132290] [move_group.move_group]: Exception while loading move_group capability 'move_group/ExecuteTaskSolutionCapability': According to the loaded plugin descriptions the class move_group/ExecuteTaskSolutionCapability with base class type move_group::MoveGroupCapability does not exist. Declared types are  move_group/ApplyPlanningSceneService move_group/ClearOctomapService move_group/MoveGroupCartesianPathService move_group/MoveGroupExecuteService move_group/MoveGroupExecuteTrajectoryAction move_group/MoveGroupGetPlanningSceneService move_group/MoveGroupKinematicsService move_group/MoveGroupMoveAction move_group/MoveGroupPlanService move_group/MoveGroupQueryPlannersService move_group/MoveGroupStateValidationService move_group/TfPublisher pilz_industrial_motion_planner/MoveGroupSequenceAction pilz_industrial_motion_planner/MoveGroupSequenceService
[move_group-15] [INFO] [1746444502.641122710] [move_group.move_group]: 
[move_group-15] 
[move_group-15] ********************************************************
[move_group-15] * MoveGroup using: 
[move_group-15] *     - ApplyPlanningSceneService
[move_group-15] *     - ClearOctomapService
[move_group-15] *     - CartesianPathService
[move_group-15] *     - ExecuteTrajectoryAction
[move_group-15] *     - GetPlanningSceneService
[move_group-15] *     - KinematicsService
[move_group-15] *     - MoveAction
[move_group-15] *     - MotionPlanService
[move_group-15] *     - QueryPlannersService
[move_group-15] *     - StateValidationService
[move_group-15] ********************************************************
[move_group-15] 
[move_group-15] [INFO] [1746444502.641229187] [moveit_move_group_capabilities_base.move_group_context]: MoveGroup context using planning plugin ompl_interface/OMPLPlanner
[move_group-15] [INFO] [1746444502.641251537] [moveit_move_group_capabilities_base.move_group_context]: MoveGroup context initialization complete
[move_group-15] [96mLoading 'move_group/ApplyPlanningSceneService'...
[move_group-15] [0m[96mLoading 'move_group/ClearOctomapService'...
[move_group-15] [0m[96mLoading 'move_group/ExecuteTaskSolutionCapability'...
[move_group-15] [0m[96mLoading 'move_group/MoveGroupCartesianPathService'...
[move_group-15] [0m[96mLoading 'move_group/MoveGroupExecuteTrajectoryAction'...
[move_group-15] [0m[96mLoading 'move_group/MoveGroupGetPlanningSceneService'...
[move_group-15] [0m[96mLoading 'move_group/MoveGroupKinematicsService'...
[move_group-15] [0m[96mLoading 'move_group/MoveGroupMoveAction'...
[move_group-15] [0m[96mLoading 'move_group/MoveGroupPlanService'...
[move_group-15] [0m[96mLoading 'move_group/MoveGroupQueryPlannersService'...
[move_group-15] [0m[96mLoading 'move_group/MoveGroupStateValidationService'...
[move_group-15] [0m[92m
[move_group-15] You can start planning now!
[move_group-15] 
[gzserver-1] [INFO] [1746444503.323740051] [right_summit_imu_imu_plugin]: <initial_orientation_as_reference> is unset, using default value of false to comply with REP 145 (world as orientation reference)
[spawn_entity.py-12] [INFO] [1746444503.679637983] [right]: Spawn status: SpawnEntity: Successfully spawned entity [right_robot]
[spawn_entity.py-12] [INFO] [1746444503.685599761] [right]: Calling service /unpause_physics
[INFO] [spawn_entity.py-12]: process has finished cleanly [pid 20301]
[gzserver-1] [INFO] [1746444503.999858667] [right_summit.omni_steering]: Subscribed to [/right_summit/cmd_vel]
[gzserver-1] [INFO] [1746444504.005369674] [right_summit.omni_steering]: Advertise odometry on [/right_summit/odom]
[gzserver-1] [INFO] [1746444504.012711237] [right_summit.omni_steering]: Publishing odom transforms between [right_summit_odom] and [right_summit_base_footprint]
[gzserver-1] [INFO] [1746444504.073409431] [gazebo_ros2_control]: Loading gazebo_ros2_control plugin
[gzserver-1] [INFO] [1746444504.094410287] [right.right_gazebo_ros2_control]: Starting gazebo_ros2_control plugin in namespace: /right
[gzserver-1] [INFO] [1746444504.094495628] [right.right_gazebo_ros2_control]: Starting gazebo_ros2_control plugin in ros 2 node: right_gazebo_ros2_control
[gzserver-1] [INFO] [1746444504.110700931] [right.right_gazebo_ros2_control]: connected to service!! robot_state_publisher
[gzserver-1] [INFO] [1746444504.116919464] [right.right_gazebo_ros2_control]: Received urdf from param server, parsing...
[gzserver-1] [INFO] [1746444504.118723145] [right.right_gazebo_ros2_control]: Loading parameter files /ros2_ws/install/ur/share/ur/config/right_controller.yaml
[gzserver-1] [INFO] [1746444504.138231902] [resource_manager]: Loading hardware 'right_ur' 
[gzserver-1] [ERROR] [1746444504.138467008] [right.right_gazebo_ros2_control]: Error initializing URDF to resource manager!
[gzserver-1] [INFO] [1746444504.189218855] [right.right_gazebo_ros2_control]: Loading joint: ur_right_shoulder_pan_joint
[gzserver-1] [INFO] [1746444504.189706478] [right.right_gazebo_ros2_control]: 	State:
[gzserver-1] [INFO] [1746444504.189901079] [right.right_gazebo_ros2_control]: 		 position
[gzserver-1] [INFO] [1746444504.191406966] [right.right_gazebo_ros2_control]: 			 found initial value: -1.300000
[gzserver-1] [INFO] [1746444504.191523310] [right.right_gazebo_ros2_control]: 		 velocity
[gzserver-1] [INFO] [1746444504.192172684] [right.right_gazebo_ros2_control]: 		 effort
[gzserver-1] [INFO] [1746444504.192427099] [right.right_gazebo_ros2_control]: 	Command:
[gzserver-1] [INFO] [1746444504.192466427] [right.right_gazebo_ros2_control]: 		 position
[gzserver-1] [INFO] [1746444504.193795875] [right.right_gazebo_ros2_control]: 		 velocity
[gzserver-1] [INFO] [1746444504.194624779] [right.right_gazebo_ros2_control]: Loading joint: ur_right_shoulder_lift_joint
[gzserver-1] [INFO] [1746444504.194675076] [right.right_gazebo_ros2_control]: 	State:
[gzserver-1] [INFO] [1746444504.194705140] [right.right_gazebo_ros2_control]: 		 position
[gzserver-1] [INFO] [1746444504.194738200] [right.right_gazebo_ros2_control]: 			 found initial value: -0.800000
[gzserver-1] [INFO] [1746444504.194773848] [right.right_gazebo_ros2_control]: 		 velocity
[gzserver-1] [INFO] [1746444504.194812444] [right.right_gazebo_ros2_control]: 		 effort
[gzserver-1] [INFO] [1746444504.194842259] [right.right_gazebo_ros2_control]: 	Command:
[gzserver-1] [INFO] [1746444504.194868359] [right.right_gazebo_ros2_control]: 		 position
[gzserver-1] [INFO] [1746444504.194940930] [right.right_gazebo_ros2_control]: 		 velocity
[gzserver-1] [INFO] [1746444504.194988726] [right.right_gazebo_ros2_control]: Loading joint: ur_right_elbow_joint
[gzserver-1] [INFO] [1746444504.195018604] [right.right_gazebo_ros2_control]: 	State:
[gzserver-1] [INFO] [1746444504.195046572] [right.right_gazebo_ros2_control]: 		 position
[gzserver-1] [INFO] [1746444504.195076225] [right.right_gazebo_ros2_control]: 			 found initial value: -1.800000
[gzserver-1] [INFO] [1746444504.195108457] [right.right_gazebo_ros2_control]: 		 velocity
[gzserver-1] [INFO] [1746444504.195138803] [right.right_gazebo_ros2_control]: 		 effort
[gzserver-1] [INFO] [1746444504.195251113] [right.right_gazebo_ros2_control]: 	Command:
[gzserver-1] [INFO] [1746444504.195278919] [right.right_gazebo_ros2_control]: 		 position
[gzserver-1] [INFO] [1746444504.195397900] [right.right_gazebo_ros2_control]: 		 velocity
[gzserver-1] [INFO] [1746444504.195446004] [right.right_gazebo_ros2_control]: Loading joint: ur_right_wrist_1_joint
[gzserver-1] [INFO] [1746444504.195478600] [right.right_gazebo_ros2_control]: 	State:
[gzserver-1] [INFO] [1746444504.195508323] [right.right_gazebo_ros2_control]: 		 position
[gzserver-1] [INFO] [1746444504.195539214] [right.right_gazebo_ros2_control]: 			 found initial value: -1.570000
[gzserver-1] [INFO] [1746444504.195571101] [right.right_gazebo_ros2_control]: 		 velocity
[gzserver-1] [INFO] [1746444504.195622925] [right.right_gazebo_ros2_control]: 		 effort
[gzserver-1] [INFO] [1746444504.195654979] [right.right_gazebo_ros2_control]: 	Command:
[gzserver-1] [INFO] [1746444504.195684675] [right.right_gazebo_ros2_control]: 		 position
[gzserver-1] [INFO] [1746444504.195739940] [right.right_gazebo_ros2_control]: 		 velocity
[gzserver-1] [INFO] [1746444504.195787855] [right.right_gazebo_ros2_control]: Loading joint: ur_right_wrist_2_joint
[gzserver-1] [INFO] [1746444504.195817683] [right.right_gazebo_ros2_control]: 	State:
[gzserver-1] [INFO] [1746444504.195843004] [right.right_gazebo_ros2_control]: 		 position
[gzserver-1] [INFO] [1746444504.195871164] [right.right_gazebo_ros2_control]: 			 found initial value: 1.638000
[gzserver-1] [INFO] [1746444504.195901697] [right.right_gazebo_ros2_control]: 		 velocity
[gzserver-1] [INFO] [1746444504.195931598] [right.right_gazebo_ros2_control]: 		 effort
[gzserver-1] [INFO] [1746444504.195961057] [right.right_gazebo_ros2_control]: 	Command:
[gzserver-1] [INFO] [1746444504.195988069] [right.right_gazebo_ros2_control]: 		 position
[gzserver-1] [INFO] [1746444504.196056266] [right.right_gazebo_ros2_control]: 		 velocity
[gzserver-1] [INFO] [1746444504.196101927] [right.right_gazebo_ros2_control]: Loading joint: ur_right_wrist_3_joint
[gzserver-1] [INFO] [1746444504.196138152] [right.right_gazebo_ros2_control]: 	State:
[gzserver-1] [INFO] [1746444504.196162982] [right.right_gazebo_ros2_control]: 		 position
[gzserver-1] [INFO] [1746444504.196187037] [right.right_gazebo_ros2_control]: 			 found initial value: 0.000000
[gzserver-1] [INFO] [1746444504.196214653] [right.right_gazebo_ros2_control]: 		 velocity
[gzserver-1] [INFO] [1746444504.196259356] [right.right_gazebo_ros2_control]: 		 effort
[gzserver-1] [INFO] [1746444504.196291532] [right.right_gazebo_ros2_control]: 	Command:
[gzserver-1] [INFO] [1746444504.196319703] [right.right_gazebo_ros2_control]: 		 position
[gzserver-1] [INFO] [1746444504.196368707] [right.right_gazebo_ros2_control]: 		 velocity
[gzserver-1] [INFO] [1746444504.197418848] [resource_manager]: Initialize hardware 'right_ur' 
[gzserver-1] [INFO] [1746444504.201088763] [resource_manager]: Successful initialization of hardware 'right_ur'
[gzserver-1] [INFO] [1746444504.201687228] [resource_manager]: 'configure' hardware 'right_ur' 
[gzserver-1] [INFO] [1746444504.201715279] [resource_manager]: Successful 'configure' of hardware 'right_ur'
[gzserver-1] [INFO] [1746444504.201733724] [resource_manager]: 'activate' hardware 'right_ur' 
[gzserver-1] [INFO] [1746444504.201742842] [resource_manager]: Successful 'activate' of hardware 'right_ur'
[gzserver-1] [INFO] [1746444504.202831947] [right.right_gazebo_ros2_control]: Loading controller_manager
[gzserver-1] [WARN] [1746444504.291753489] [right.right_gazebo_ros2_control]:  Desired controller update period (0.002 s) is slower than the gazebo simulation period (0.001 s).
[gzserver-1] [INFO] [1746444504.297117275] [right.right_gazebo_ros2_control]: Loaded gazebo_ros2_control.
[move_group-15] [WARN] [1746444504.352144146] [moveit_ros.planning_scene_monitor.planning_scene_monitor]: The complete state of the robot is not yet known.  Missing right_summit_back_left_wheel_joint, right_summit_back_right_wheel_joint, right_summit_front_left_wheel_joint, right_summit_front_right_wheel_joint, ur_right_shoulder_pan_joint, ur_right_shoulder_lift_joint, ur_right_elbow_joint, ur_right_wrist_1_joint, ur_right_wrist_2_joint, ur_right_wrist_3_joint
[gzserver-1] [INFO] [1746444504.422733480] [right.controller_manager]: Loading controller 'joint_state_broadcaster'
[spawner-13] [INFO] [1746444504.482885223] [right.spawner_joint_state_broadcaster]: [94mLoaded [1mjoint_state_broadcaster[0m
[gzserver-1] [INFO] [1746444504.488680708] [right.controller_manager]: Configuring controller 'joint_state_broadcaster'
[gzserver-1] [INFO] [1746444504.489576228] [right.joint_state_broadcaster]: 'joints' or 'interfaces' parameter is empty. All available state interfaces will be published
[gzserver-1] [INFO] [1746444505.062229224] [left_summit_imu_imu_plugin]: <initial_orientation_as_reference> is unset, using default value of false to comply with REP 145 (world as orientation reference)
[spawn_entity.py-5] [INFO] [1746444505.458318461] [left]: Spawn status: SpawnEntity: Successfully spawned entity [left_robot]
[spawn_entity.py-5] [INFO] [1746444505.468742264] [left]: Calling service /unpause_physics
[gzserver-1] [WARN] [1746444505.557907667] [gazebo.rclcpp]: failed to send response to /unpause_physics (timeout): client will not receive response, at ./src/rmw_response.cpp:154, at ./src/rcl/service.c:314
[gzserver-1] [INFO] [1746444505.623099510] [left_summit.omni_steering]: Subscribed to [/left_summit/cmd_vel]
[gzserver-1] [INFO] [1746444505.624620503] [left_summit.omni_steering]: Advertise odometry on [/left_summit/odom]
[gzserver-1] [INFO] [1746444505.629717155] [left_summit.omni_steering]: Publishing odom transforms between [left_summit_odom] and [left_summit_base_footprint]
[gzserver-1] [INFO] [1746444505.629992059] [gazebo_ros2_control]: Loading gazebo_ros2_control plugin
[gzserver-1] [INFO] [1746444505.653778372] [left.left_gazebo_ros2_control]: Starting gazebo_ros2_control plugin in namespace: /left
[gzserver-1] [INFO] [1746444505.653854968] [left.left_gazebo_ros2_control]: Starting gazebo_ros2_control plugin in ros 2 node: left_gazebo_ros2_control
[gzserver-1] [WARN] [1746444505.660033376] [gazebo.rclcpp]: failed to send response to /unpause_physics (timeout): client will not receive response, at ./src/rmw_response.cpp:154, at ./src/rcl/service.c:314
[INFO] [spawn_entity.py-5]: process has finished cleanly [pid 20260]
[gzserver-1] [INFO] [1746444505.675085354] [left.left_gazebo_ros2_control]: connected to service!! robot_state_publisher
[gzserver-1] [INFO] [1746444505.678228495] [left.left_gazebo_ros2_control]: Received urdf from param server, parsing...
[gzserver-1] [INFO] [1746444505.678315506] [left.left_gazebo_ros2_control]: Loading parameter files /ros2_ws/install/ur/share/ur/config/left_controller.yaml
[gzserver-1] [INFO] [1746444505.690075990] [resource_manager]: Loading hardware 'left_ur' 
[gzserver-1] [ERROR] [1746444505.690175995] [left.left_gazebo_ros2_control]: Error initializing URDF to resource manager!
[gzserver-1] [INFO] [1746444505.694291911] [left.left_gazebo_ros2_control]: Loading joint: ur_left_shoulder_pan_joint
[gzserver-1] [INFO] [1746444505.694371020] [left.left_gazebo_ros2_control]: 	State:
[gzserver-1] [INFO] [1746444505.694394561] [left.left_gazebo_ros2_control]: 		 position
[gzserver-1] [INFO] [1746444505.694424619] [left.left_gazebo_ros2_control]: 			 found initial value: -1.400000
[gzserver-1] [INFO] [1746444505.694453554] [left.left_gazebo_ros2_control]: 		 velocity
[gzserver-1] [INFO] [1746444505.694481979] [left.left_gazebo_ros2_control]: 		 effort
[gzserver-1] [INFO] [1746444505.694506930] [left.left_gazebo_ros2_control]: 	Command:
[gzserver-1] [INFO] [1746444505.694528115] [left.left_gazebo_ros2_control]: 		 position
[gzserver-1] [INFO] [1746444505.694614406] [left.left_gazebo_ros2_control]: 		 velocity
[gzserver-1] [INFO] [1746444505.694656078] [left.left_gazebo_ros2_control]: Loading joint: ur_left_shoulder_lift_joint
[gzserver-1] [INFO] [1746444505.694681470] [left.left_gazebo_ros2_control]: 	State:
[gzserver-1] [INFO] [1746444505.694702070] [left.left_gazebo_ros2_control]: 		 position
[gzserver-1] [INFO] [1746444505.694723617] [left.left_gazebo_ros2_control]: 			 found initial value: -1.227838
[gzserver-1] [INFO] [1746444505.694763788] [left.left_gazebo_ros2_control]: 		 velocity
[gzserver-1] [INFO] [1746444505.694791586] [left.left_gazebo_ros2_control]: 		 effort
[gzserver-1] [INFO] [1746444505.694814374] [left.left_gazebo_ros2_control]: 	Command:
[gzserver-1] [INFO] [1746444505.694834067] [left.left_gazebo_ros2_control]: 		 position
[gzserver-1] [INFO] [1746444505.694881791] [left.left_gazebo_ros2_control]: 		 velocity
[gzserver-1] [INFO] [1746444505.694917535] [left.left_gazebo_ros2_control]: Loading joint: ur_left_elbow_joint
[gzserver-1] [INFO] [1746444505.694941353] [left.left_gazebo_ros2_control]: 	State:
[gzserver-1] [INFO] [1746444505.694961846] [left.left_gazebo_ros2_control]: 		 position
[gzserver-1] [INFO] [1746444505.694983390] [left.left_gazebo_ros2_control]: 			 found initial value: -1.791046
[gzserver-1] [INFO] [1746444505.695007186] [left.left_gazebo_ros2_control]: 		 velocity
[gzserver-1] [INFO] [1746444505.695029166] [left.left_gazebo_ros2_control]: 		 effort
[gzserver-1] [INFO] [1746444505.695066262] [left.left_gazebo_ros2_control]: 	Command:
[gzserver-1] [INFO] [1746444505.695088289] [left.left_gazebo_ros2_control]: 		 position
[gzserver-1] [INFO] [1746444505.695134808] [left.left_gazebo_ros2_control]: 		 velocity
[gzserver-1] [INFO] [1746444505.695167209] [left.left_gazebo_ros2_control]: Loading joint: ur_left_wrist_1_joint
[gzserver-1] [INFO] [1746444505.695190288] [left.left_gazebo_ros2_control]: 	State:
[gzserver-1] [INFO] [1746444505.695211304] [left.left_gazebo_ros2_control]: 		 position
[gzserver-1] [INFO] [1746444505.695233270] [left.left_gazebo_ros2_control]: 			 found initial value: -1.447073
[gzserver-1] [INFO] [1746444505.695256635] [left.left_gazebo_ros2_control]: 		 velocity
[gzserver-1] [INFO] [1746444505.695278612] [left.left_gazebo_ros2_control]: 		 effort
[gzserver-1] [INFO] [1746444505.695301186] [left.left_gazebo_ros2_control]: 	Command:
[gzserver-1] [INFO] [1746444505.695321052] [left.left_gazebo_ros2_control]: 		 position
[gzserver-1] [INFO] [1746444505.695396358] [left.left_gazebo_ros2_control]: 		 velocity
[gzserver-1] [INFO] [1746444505.695434292] [left.left_gazebo_ros2_control]: Loading joint: ur_left_wrist_2_joint
[gzserver-1] [INFO] [1746444505.695458472] [left.left_gazebo_ros2_control]: 	State:
[gzserver-1] [INFO] [1746444505.695478492] [left.left_gazebo_ros2_control]: 		 position
[gzserver-1] [INFO] [1746444505.695500009] [left.left_gazebo_ros2_control]: 			 found initial value: 1.900333
[gzserver-1] [INFO] [1746444505.695523967] [left.left_gazebo_ros2_control]: 		 velocity
[gzserver-1] [INFO] [1746444505.695545524] [left.left_gazebo_ros2_control]: 		 effort
[gzserver-1] [INFO] [1746444505.695567300] [left.left_gazebo_ros2_control]: 	Command:
[gzserver-1] [INFO] [1746444505.695607812] [left.left_gazebo_ros2_control]: 		 position
[gzserver-1] [INFO] [1746444505.695653909] [left.left_gazebo_ros2_control]: 		 velocity
[gzserver-1] [INFO] [1746444505.695687988] [left.left_gazebo_ros2_control]: Loading joint: ur_left_wrist_3_joint
[gzserver-1] [INFO] [1746444505.695711928] [left.left_gazebo_ros2_control]: 	State:
[gzserver-1] [INFO] [1746444505.695732245] [left.left_gazebo_ros2_control]: 		 position
[gzserver-1] [INFO] [1746444505.695753745] [left.left_gazebo_ros2_control]: 			 found initial value: -0.755379
[gzserver-1] [INFO] [1746444505.695778383] [left.left_gazebo_ros2_control]: 		 velocity
[gzserver-1] [INFO] [1746444505.695806577] [left.left_gazebo_ros2_control]: 		 effort
[gzserver-1] [INFO] [1746444505.695830117] [left.left_gazebo_ros2_control]: 	Command:
[gzserver-1] [INFO] [1746444505.695850648] [left.left_gazebo_ros2_control]: 		 position
[gzserver-1] [INFO] [1746444505.695888890] [left.left_gazebo_ros2_control]: 		 velocity
[gzserver-1] [INFO] [1746444505.695938220] [resource_manager]: Initialize hardware 'left_ur' 
[gzserver-1] [INFO] [1746444505.696004870] [resource_manager]: Successful initialization of hardware 'left_ur'
[gzserver-1] [INFO] [1746444505.696106810] [resource_manager]: 'configure' hardware 'left_ur' 
[gzserver-1] [INFO] [1746444505.696124038] [resource_manager]: Successful 'configure' of hardware 'left_ur'
[gzserver-1] [INFO] [1746444505.696146742] [resource_manager]: 'activate' hardware 'left_ur' 
[gzserver-1] [INFO] [1746444505.696160643] [resource_manager]: Successful 'activate' of hardware 'left_ur'
[gzserver-1] [INFO] [1746444505.696240173] [left.left_gazebo_ros2_control]: Loading controller_manager
[gzserver-1] [WARN] [1746444505.769917951] [left.left_gazebo_ros2_control]:  Desired controller update period (0.002 s) is slower than the gazebo simulation period (0.001 s).
[gzserver-1] [INFO] [1746444505.770527359] [left.left_gazebo_ros2_control]: Loaded gazebo_ros2_control.
[gzserver-1] [INFO] [1746444505.771699037] [right.controller_manager]: Loading controller 'ur_right_joint_group_vel_controller'
[gzserver-1] [INFO] [1746444505.798977883] [left.controller_manager]: Loading controller 'ur_left_joint_group_vel_controller'
[move_group-15] [WARN] [1746444505.847727858] [moveit_ros.planning_scene_monitor.planning_scene_monitor]: The complete state of the robot is not yet known.  Missing right_summit_back_left_wheel_joint, right_summit_back_right_wheel_joint, right_summit_front_left_wheel_joint, right_summit_front_right_wheel_joint, ur_right_shoulder_pan_joint, ur_right_shoulder_lift_joint, ur_right_elbow_joint, ur_right_wrist_1_joint, ur_right_wrist_2_joint, ur_right_wrist_3_joint
[spawner-14] [INFO] [1746444505.887629059] [right.spawner_ur_right_joint_group_vel_controller]: [94mLoaded [1mur_right_joint_group_vel_controller[0m
[move_group-8] [WARN] [1746444505.891529379] [moveit_ros.planning_scene_monitor.planning_scene_monitor]: The complete state of the robot is not yet known.  Missing left_summit_back_left_wheel_joint, left_summit_back_right_wheel_joint, left_summit_front_left_wheel_joint, left_summit_front_right_wheel_joint, ur_left_shoulder_pan_joint, ur_left_shoulder_lift_joint, ur_left_elbow_joint, ur_left_wrist_1_joint, ur_left_wrist_2_joint, ur_left_wrist_3_joint
[spawner-13] [INFO] [1746444505.898503610] [right.spawner_joint_state_broadcaster]: [92mConfigured and activated [1mjoint_state_broadcaster[0m
[spawner-7] [INFO] [1746444505.911031810] [left.spawner_ur_left_joint_group_vel_controller]: [94mLoaded [1mur_left_joint_group_vel_controller[0m
[gzserver-1] [INFO] [1746444505.975899494] [right.controller_manager]: Configuring controller 'ur_right_joint_group_vel_controller'
[gzserver-1] [ERROR] [1746444505.976152539] [right.ur_right_joint_group_vel_controller]: 'joints' parameter was empty
[gzserver-1] [WARN] [1746444505.976290718] [right.ur_right_joint_group_vel_controller]: Error occurred while doing error handling.
[gzserver-1] [ERROR] [1746444505.976370088] [right.controller_manager]: After configuring, controller 'ur_right_joint_group_vel_controller' is in state 'unconfigured' , expected inactive.
[spawner-14] [ERROR] [1746444505.978055082] [right.spawner_ur_right_joint_group_vel_controller]: [91mFailed to configure controller[0m
[gzserver-1] [INFO] [1746444505.995809644] [left.controller_manager]: Loading controller 'joint_state_broadcaster'
[gzserver-1] [INFO] [1746444506.054901438] [left.controller_manager]: Configuring controller 'ur_left_joint_group_vel_controller'
[spawner-6] [INFO] [1746444506.056992403] [left.spawner_joint_state_broadcaster]: [94mLoaded [1mjoint_state_broadcaster[0m
[gzserver-1] [INFO] [1746444506.059732786] [left.ur_left_joint_group_vel_controller]: configure successful
[gzserver-1] [INFO] [1746444506.070878801] [left.ur_left_joint_group_vel_controller]: activate successful
[spawner-7] [INFO] [1746444506.078355028] [left.spawner_ur_left_joint_group_vel_controller]: [92mConfigured and activated [1mur_left_joint_group_vel_controller[0m
[gzserver-1] [INFO] [1746444506.143987098] [left.controller_manager]: Configuring controller 'joint_state_broadcaster'
[gzserver-1] [INFO] [1746444506.144111790] [left.joint_state_broadcaster]: 'joints' or 'interfaces' parameter is empty. All available state interfaces will be published
[spawner-6] [INFO] [1746444506.165232464] [left.spawner_joint_state_broadcaster]: [92mConfigured and activated [1mjoint_state_broadcaster[0m
[INFO] [spawner-13]: process has finished cleanly [pid 20304]
[ERROR] [spawner-14]: process has died [pid 20319, exit code 1, cmd '/opt/ros/humble/lib/controller_manager/spawner ur_right_joint_group_vel_controller -c /right/controller_manager --ros-args -r __ns:=/right'].
[INFO] [spawner-7]: process has finished cleanly [pid 20264]
[INFO] [spawner-6]: process has finished cleanly [pid 20262]
[move_group-15] [WARN] [1746444506.856295708] [moveit_ros.planning_scene_monitor.planning_scene_monitor]: The complete state of the robot is not yet known.  Missing right_summit_back_left_wheel_joint, right_summit_back_right_wheel_joint, right_summit_front_left_wheel_joint, right_summit_front_right_wheel_joint, ur_right_shoulder_pan_joint, ur_right_shoulder_lift_joint, ur_right_elbow_joint, ur_right_wrist_1_joint, ur_right_wrist_2_joint, ur_right_wrist_3_joint
[move_group-8] [WARN] [1746444506.949342639] [moveit_ros.planning_scene_monitor.planning_scene_monitor]: The complete state of the robot is not yet known.  Missing left_summit_back_left_wheel_joint, left_summit_back_right_wheel_joint, left_summit_front_left_wheel_joint, left_summit_front_right_wheel_joint, ur_left_shoulder_pan_joint, ur_left_shoulder_lift_joint, ur_left_elbow_joint, ur_left_wrist_1_joint, ur_left_wrist_2_joint, ur_left_wrist_3_joint
[move_group-8] [WARN] [1746444507.989616388] [moveit_ros.planning_scene_monitor.planning_scene_monitor]: The complete state of the robot is not yet known.  Missing left_summit_back_left_wheel_joint, left_summit_back_right_wheel_joint, left_summit_front_left_wheel_joint, left_summit_front_right_wheel_joint, ur_left_shoulder_pan_joint, ur_left_shoulder_lift_joint, ur_left_elbow_joint, ur_left_wrist_1_joint, ur_left_wrist_2_joint, ur_left_wrist_3_joint
[move_group-8] [WARN] [1746444508.994214811] [moveit_ros.planning_scene_monitor.planning_scene_monitor]: The complete state of the robot is not yet known.  Missing left_summit_back_left_wheel_joint, left_summit_back_right_wheel_joint, left_summit_front_left_wheel_joint, left_summit_front_right_wheel_joint, ur_left_shoulder_pan_joint, ur_left_shoulder_lift_joint, ur_left_elbow_joint, ur_left_wrist_1_joint, ur_left_wrist_2_joint, ur_left_wrist_3_joint
[move_group-8] [WARN] [1746444510.035642099] [moveit_ros.planning_scene_monitor.planning_scene_monitor]: The complete state of the robot is not yet known.  Missing left_summit_back_left_wheel_joint, left_summit_back_right_wheel_joint, left_summit_front_left_wheel_joint, left_summit_front_right_wheel_joint, ur_left_shoulder_pan_joint, ur_left_shoulder_lift_joint, ur_left_elbow_joint, ur_left_wrist_1_joint, ur_left_wrist_2_joint, ur_left_wrist_3_joint
[rviz2-3] [ERROR] [1746444511.060382019] [rviz2]: Could not find parameter robot_description and did not receive robot_description via std_msgs::msg::String subscription within 10.000000 seconds.
[rviz2-3] Error:   Error document empty.
[rviz2-3]          at line 100 in ./urdf_parser/src/model.cpp
[rviz2-3] Failed to parse robot description using: urdf_xml_parser/URDFXMLParser
[rviz2-3] [INFO] [1746444521.101448108] [moveit_rdf_loader.rdf_loader]: Unable to parse URDF
[rviz2-3] [ERROR] [1746444521.136984334] [moveit_ros.planning_scene_monitor.planning_scene_monitor]: Robot model not loaded
[INFO] [gzclient-2]: process has finished cleanly [pid 20254]
[INFO] [rviz2-3]: process has finished cleanly [pid 20256]
[WARNING] [launch]: user interrupted with ctrl-c (SIGINT)
[static_transform_publisher-10] [INFO] [1746444552.517618396] [rclcpp]: signal_handler(signum=2)
[static_transform_publisher-16] [INFO] [1746444552.517615557] [rclcpp]: signal_handler(signum=2)
[robot_state_publisher-11] [INFO] [1746444552.517615142] [rclcpp]: signal_handler(signum=2)
[move_group-15] [INFO] [1746444552.517653809] [rclcpp]: signal_handler(signum=2)
[static_transform_publisher-9] [INFO] [1746444552.517659949] [rclcpp]: signal_handler(signum=2)
[move_group-8] [INFO] [1746444552.517703050] [rclcpp]: signal_handler(signum=2)
[robot_state_publisher-4] [INFO] [1746444552.517702070] [rclcpp]: signal_handler(signum=2)
[static_transform_publisher-17] [INFO] [1746444552.517820442] [rclcpp]: signal_handler(signum=2)
[move_group-8] [INFO] [1746444552.560866877] [moveit.ros_planning_interface.moveit_cpp]: Deleting MoveItCpp
[move_group-8] [INFO] [1746444552.561551990] [moveit_ros.planning_scene_monitor.planning_scene_monitor]: Stopped publishing maintained planning scene.
[move_group-15] [INFO] [1746444552.563062941] [moveit.ros_planning_interface.moveit_cpp]: Deleting MoveItCpp
[move_group-8] [INFO] [1746444552.563537613] [moveit_ros.planning_scene_monitor.planning_scene_monitor]: Stopping world geometry monitor
[move_group-15] [INFO] [1746444552.563945034] [moveit_ros.planning_scene_monitor.planning_scene_monitor]: Stopped publishing maintained planning scene.
[move_group-8] [INFO] [1746444552.565693389] [moveit_ros.planning_scene_monitor.planning_scene_monitor]: Stopping planning scene monitor
[move_group-15] [INFO] [1746444552.566372614] [moveit_ros.planning_scene_monitor.planning_scene_monitor]: Stopping world geometry monitor
[move_group-8] Warning: class_loader.ClassLoader: SEVERE WARNING!!! Attempting to unload library while objects created by this loader exist in the heap! You should delete your objects before attempting to unload the library or destroying the ClassLoader. The library will NOT be unloaded.
[move_group-8]          at line 127 in ./src/class_loader.cpp
[move_group-15] [INFO] [1746444552.568295798] [moveit_ros.planning_scene_monitor.planning_scene_monitor]: Stopping planning scene monitor
[move_group-15] Warning: class_loader.ClassLoader: SEVERE WARNING!!! Attempting to unload library while objects created by this loader exist in the heap! You should delete your objects before attempting to unload the library or destroying the ClassLoader. The library will NOT be unloaded.
[move_group-15]          at line 127 in ./src/class_loader.cpp
[move_group-15] Stack trace (most recent call last):
[INFO] [static_transform_publisher-17]: process has finished cleanly [pid 20342]
[move_group-8] Stack trace (most recent call last):
[move_group-15] #11   Object "", at 0xffffffffffffffff, in 
[move_group-15] #10   Object "/ros2_ws/build/moveit_ros_move_group/move_group", at 0x55784c365eb4, in _start
[move_group-15] #9    Object "/usr/lib/x86_64-linux-gnu/libc.so.6", at 0x7f1dcffdee3f, in __libc_start_main
[move_group-15] #8    Object "/usr/lib/x86_64-linux-gnu/libc.so.6", at 0x7f1dcffded8f, in 
[move_group-15] #7    Object "/ros2_ws/build/moveit_ros_move_group/move_group", at 0x55784c365483, in main
[move_group-15] #6    Object "/ros2_ws/build/moveit_ros_move_group/move_group", at 0x55784c36c9c1, in std::_Sp_counted_base<(__gnu_cxx::_Lock_policy)2>::_M_release()
[move_group-15] #5    Object "/opt/ros/humble/lib/librclcpp.so", at 0x7f1dd050384e, in rclcpp::Node::~Node()
[move_group-15] #4    Object "/opt/ros/humble/lib/librclcpp.so", at 0x7f1dd04dec69, in 
[move_group-15] #3    Object "/opt/ros/humble/lib/librclcpp.so", at 0x7f1dd050cef9, in 
[move_group-15] #2    Object "/opt/ros/humble/lib/librclcpp.so", at 0x7f1dd050ce40, in rclcpp::node_interfaces::NodeBase::~NodeBase()
[move_group-15] #1    Object "/opt/ros/humble/lib/librclcpp.so", at 0x7f1dd04dec69, in 
[move_group-15] #0    Object "/opt/ros/humble/lib/librclcpp.so", at 0x7f1dd04e39e1, in rclcpp::CallbackGroup::~CallbackGroup()
[move_group-15] Segmentation fault (Address not mapped to object [0x7f1da6fddc70])
[INFO] [static_transform_publisher-16]: process has finished cleanly [pid 20337]
[INFO] [static_transform_publisher-9]: process has finished cleanly [pid 20268]
[move_group-8] #11   Object "", at 0xffffffffffffffff, in 
[move_group-8] #10   Object "/ros2_ws/build/moveit_ros_move_group/move_group", at 0x55a7d724aeb4, in _start
[INFO] [static_transform_publisher-10]: process has finished cleanly [pid 20278]
[move_group-8] #9    Object "/usr/lib/x86_64-linux-gnu/libc.so.6", at 0x7f42ac9dee3f, in __libc_start_main
[move_group-8] #8    Object "/usr/lib/x86_64-linux-gnu/libc.so.6", at 0x7f42ac9ded8f, in 
[move_group-8] #7    Object "/ros2_ws/build/moveit_ros_move_group/move_group", at 0x55a7d724a483, in main
[move_group-8] #6    Object "/ros2_ws/build/moveit_ros_move_group/move_group", at 0x55a7d72519c1, in std::_Sp_counted_base<(__gnu_cxx::_Lock_policy)2>::_M_release()
[move_group-8] #5    Object "/opt/ros/humble/lib/librclcpp.so", at 0x7f42acf0384e, in rclcpp::Node::~Node()
[move_group-8] #4    Object "/opt/ros/humble/lib/librclcpp.so", at 0x7f42acedec69, in 
[move_group-8] #3    Object "/opt/ros/humble/lib/librclcpp.so", at 0x7f42acf0cef9, in 
[move_group-8] #2    Object "/opt/ros/humble/lib/librclcpp.so", at 0x7f42acf0ce40, in rclcpp::node_interfaces::NodeBase::~NodeBase()
[move_group-8] #1    Object "/opt/ros/humble/lib/librclcpp.so", at 0x7f42acedec69, in 
[move_group-8] #0    Object "/opt/ros/humble/lib/librclcpp.so", at 0x7f42acee39e1, in rclcpp::CallbackGroup::~CallbackGroup()
[move_group-8] Segmentation fault (Address not mapped to object [0x7f429426fc70])
[INFO] [robot_state_publisher-11]: process has finished cleanly [pid 20281]
[INFO] [robot_state_publisher-4]: process has finished cleanly [pid 20258]
[ERROR] [move_group-8]: process has died [pid 20266, exit code -11, cmd '/ros2_ws/install/moveit_ros_move_group/lib/moveit_ros_move_group/move_group --ros-args --params-file /tmp/launch_params_rfgaxzx0 --params-file /tmp/launch_params_rp16ow09 --params-file /tmp/launch_params_y255rxqw --params-file /tmp/launch_params_qf2iajuz'].
[move_group-8] [0m
[ERROR] [move_group-15]: process has died [pid 20333, exit code -11, cmd '/ros2_ws/install/moveit_ros_move_group/lib/moveit_ros_move_group/move_group --ros-args --params-file /tmp/launch_params_6bmc9s0c --params-file /tmp/launch_params_64e1q3z6 --params-file /tmp/launch_params_kg6qn0vd --params-file /tmp/launch_params_ipz77vry'].
[move_group-15] [0m
[INFO] [gzserver-1]: process has finished cleanly [pid 20252]
