[INFO] [launch]: All log files can be found below /root/.ros/log/2025-05-08-13-11-59-547119-outlander-Aspire-V3-571G-1638
[INFO] [launch]: Default logging verbosity is set to INFO
[INFO] [gzserver-1]: process started with pid [1641]
[INFO] [gzclient-2]: process started with pid [1643]
[INFO] [rviz2-3]: process started with pid [1645]
[INFO] [robot_state_publisher-4]: process started with pid [1647]
[INFO] [spawn_entity.py-5]: process started with pid [1649]
[INFO] [spawner-6]: process started with pid [1651]
[INFO] [spawner-7]: process started with pid [1653]
[INFO] [move_group-8]: process started with pid [1655]
[INFO] [static_transform_publisher-9]: process started with pid [1657]
[INFO] [robot_state_publisher-10]: process started with pid [1668]
[INFO] [spawn_entity.py-11]: process started with pid [1672]
[INFO] [spawner-12]: process started with pid [1687]
[INFO] [spawner-13]: process started with pid [1702]
[INFO] [move_group-14]: process started with pid [1708]
[INFO] [static_transform_publisher-15]: process started with pid [1715]
[rviz2-3] QStandardPaths: XDG_RUNTIME_DIR not set, defaulting to '/tmp/runtime-root'
[robot_state_publisher-4] [INFO] [1746709923.796806541] [left.robot_state_publisher]: got segment left_summit_back_left_wheel_link
[robot_state_publisher-4] [INFO] [1746709923.796987080] [left.robot_state_publisher]: got segment left_summit_back_right_wheel_link
[robot_state_publisher-4] [INFO] [1746709923.797013331] [left.robot_state_publisher]: got segment left_summit_base_chapa
[robot_state_publisher-4] [INFO] [1746709923.797032305] [left.robot_state_publisher]: got segment left_summit_base_docking_contact
[robot_state_publisher-4] [INFO] [1746709923.797049531] [left.robot_state_publisher]: got segment left_summit_base_footprint
[robot_state_publisher-4] [INFO] [1746709923.797065248] [left.robot_state_publisher]: got segment left_summit_base_link
[robot_state_publisher-4] [INFO] [1746709923.797080532] [left.robot_state_publisher]: got segment left_summit_base_logo_front
[robot_state_publisher-4] [INFO] [1746709923.797095586] [left.robot_state_publisher]: got segment left_summit_base_logo_left
[robot_state_publisher-4] [INFO] [1746709923.797111044] [left.robot_state_publisher]: got segment left_summit_base_logo_rear
[robot_state_publisher-4] [INFO] [1746709923.797126155] [left.robot_state_publisher]: got segment left_summit_base_logo_right
[robot_state_publisher-4] [INFO] [1746709923.797141249] [left.robot_state_publisher]: got segment left_summit_front_laser_base_link
[robot_state_publisher-4] [INFO] [1746709923.797157045] [left.robot_state_publisher]: got segment left_summit_front_laser_link
[robot_state_publisher-4] [INFO] [1746709923.797172301] [left.robot_state_publisher]: got segment left_summit_front_left_wheel_link
[robot_state_publisher-4] [INFO] [1746709923.797188878] [left.robot_state_publisher]: got segment left_summit_front_right_wheel_link
[robot_state_publisher-4] [INFO] [1746709923.797206492] [left.robot_state_publisher]: got segment left_summit_imu_link
[robot_state_publisher-4] [INFO] [1746709923.797223948] [left.robot_state_publisher]: got segment left_summit_rear_laser_base_link
[robot_state_publisher-4] [INFO] [1746709923.797240858] [left.robot_state_publisher]: got segment left_summit_rear_laser_link
[robot_state_publisher-4] [INFO] [1746709923.797257368] [left.robot_state_publisher]: got segment ur_left_base
[robot_state_publisher-4] [INFO] [1746709923.797274673] [left.robot_state_publisher]: got segment ur_left_base_link
[robot_state_publisher-4] [INFO] [1746709923.797292921] [left.robot_state_publisher]: got segment ur_left_base_link_inertia
[robot_state_publisher-4] [INFO] [1746709923.797311164] [left.robot_state_publisher]: got segment ur_left_finger_left
[robot_state_publisher-4] [INFO] [1746709923.797328307] [left.robot_state_publisher]: got segment ur_left_finger_right
[robot_state_publisher-4] [INFO] [1746709923.797344798] [left.robot_state_publisher]: got segment ur_left_finger_tip
[robot_state_publisher-4] [INFO] [1746709923.797361522] [left.robot_state_publisher]: got segment ur_left_flange
[robot_state_publisher-4] [INFO] [1746709923.797376626] [left.robot_state_publisher]: got segment ur_left_forearm_link
[robot_state_publisher-4] [INFO] [1746709923.797391455] [left.robot_state_publisher]: got segment ur_left_ft_frame
[robot_state_publisher-4] [INFO] [1746709923.797408107] [left.robot_state_publisher]: got segment ur_left_robotiq_hand
[robot_state_publisher-4] [INFO] [1746709923.797424312] [left.robot_state_publisher]: got segment ur_left_shoulder_link
[robot_state_publisher-4] [INFO] [1746709923.797440620] [left.robot_state_publisher]: got segment ur_left_tool0
[robot_state_publisher-4] [INFO] [1746709923.797457540] [left.robot_state_publisher]: got segment ur_left_upper_arm_link
[robot_state_publisher-4] [INFO] [1746709923.797475681] [left.robot_state_publisher]: got segment ur_left_wrist_1_link
[robot_state_publisher-4] [INFO] [1746709923.797491986] [left.robot_state_publisher]: got segment ur_left_wrist_2_link
[robot_state_publisher-4] [INFO] [1746709923.797509666] [left.robot_state_publisher]: got segment ur_left_wrist_3_link
[static_transform_publisher-9] [WARN] [1746709923.796034907] []: Old-style arguments are deprecated; see --help for new-style arguments
[static_transform_publisher-9] [INFO] [1746709923.855754938] [left.static_transform_publisher]: Spinning until stopped - publishing transform
[static_transform_publisher-9] translation: ('-0.660000', '0.000000', '0.000000')
[static_transform_publisher-9] rotation: ('0.000000', '0.000000', '0.000000', '1.000000')
[static_transform_publisher-9] from 'world' to 'left_summit_odom'
[move_group-8] [INFO] [1746709923.934256336] [moveit_rdf_loader.rdf_loader]: Loaded robot model in 0.0207005 seconds
[move_group-8] [INFO] [1746709923.934368449] [moveit_robot_model.robot_model]: Loading robot model 'dual'...
[move_group-8] [WARN] [1746709923.936259114] [moveit_robot_model.robot_model]: Link left_summit_base_footprint has visual geometry but no collision geometry. Collision geometry will be left empty. Fix your URDF file by explicitly specifying collision geometry.
[move_group-8] [WARN] [1746709923.949355544] [moveit_robot_model.robot_model]: Link left_summit_base_logo_front has visual geometry but no collision geometry. Collision geometry will be left empty. Fix your URDF file by explicitly specifying collision geometry.
[move_group-8] [WARN] [1746709923.949454637] [moveit_robot_model.robot_model]: Link left_summit_base_logo_left has visual geometry but no collision geometry. Collision geometry will be left empty. Fix your URDF file by explicitly specifying collision geometry.
[move_group-8] [WARN] [1746709923.949479195] [moveit_robot_model.robot_model]: Link left_summit_base_logo_rear has visual geometry but no collision geometry. Collision geometry will be left empty. Fix your URDF file by explicitly specifying collision geometry.
[move_group-8] [WARN] [1746709923.949557732] [moveit_robot_model.robot_model]: Link left_summit_base_logo_right has visual geometry but no collision geometry. Collision geometry will be left empty. Fix your URDF file by explicitly specifying collision geometry.
[move_group-8] [WARN] [1746709923.949584841] [moveit_robot_model.robot_model]: Link left_summit_base_chapa has visual geometry but no collision geometry. Collision geometry will be left empty. Fix your URDF file by explicitly specifying collision geometry.
[static_transform_publisher-15] [WARN] [1746709923.959898424] []: Old-style arguments are deprecated; see --help for new-style arguments
[move_group-8] [WARN] [1746709923.964315891] [moveit_robot_model.robot_model]: Link left_summit_imu_link has visual geometry but no collision geometry. Collision geometry will be left empty. Fix your URDF file by explicitly specifying collision geometry.
[robot_state_publisher-10] [INFO] [1746709923.995777979] [right.robot_state_publisher]: got segment right_summit_back_left_wheel_link
[robot_state_publisher-10] [INFO] [1746709923.995970111] [right.robot_state_publisher]: got segment right_summit_back_right_wheel_link
[robot_state_publisher-10] [INFO] [1746709923.995996409] [right.robot_state_publisher]: got segment right_summit_base_chapa
[robot_state_publisher-10] [INFO] [1746709923.996016842] [right.robot_state_publisher]: got segment right_summit_base_docking_contact
[robot_state_publisher-10] [INFO] [1746709923.996035583] [right.robot_state_publisher]: got segment right_summit_base_footprint
[robot_state_publisher-10] [INFO] [1746709923.996052698] [right.robot_state_publisher]: got segment right_summit_base_link
[robot_state_publisher-10] [INFO] [1746709923.996071539] [right.robot_state_publisher]: got segment right_summit_base_logo_front
[robot_state_publisher-10] [INFO] [1746709923.996091871] [right.robot_state_publisher]: got segment right_summit_base_logo_left
[robot_state_publisher-10] [INFO] [1746709923.996110118] [right.robot_state_publisher]: got segment right_summit_base_logo_rear
[robot_state_publisher-10] [INFO] [1746709923.996130118] [right.robot_state_publisher]: got segment right_summit_base_logo_right
[robot_state_publisher-10] [INFO] [1746709923.996148242] [right.robot_state_publisher]: got segment right_summit_front_laser_base_link
[robot_state_publisher-10] [INFO] [1746709923.996169105] [right.robot_state_publisher]: got segment right_summit_front_laser_link
[robot_state_publisher-10] [INFO] [1746709923.996188286] [right.robot_state_publisher]: got segment right_summit_front_left_wheel_link
[robot_state_publisher-10] [INFO] [1746709923.996207840] [right.robot_state_publisher]: got segment right_summit_front_right_wheel_link
[robot_state_publisher-10] [INFO] [1746709923.996226687] [right.robot_state_publisher]: got segment right_summit_imu_link
[robot_state_publisher-10] [INFO] [1746709923.996245171] [right.robot_state_publisher]: got segment right_summit_rear_laser_base_link
[robot_state_publisher-10] [INFO] [1746709923.996262169] [right.robot_state_publisher]: got segment right_summit_rear_laser_link
[robot_state_publisher-10] [INFO] [1746709923.996278039] [right.robot_state_publisher]: got segment ur_right_base
[robot_state_publisher-10] [INFO] [1746709923.996295616] [right.robot_state_publisher]: got segment ur_right_base_link
[robot_state_publisher-10] [INFO] [1746709923.996315721] [right.robot_state_publisher]: got segment ur_right_base_link_inertia
[robot_state_publisher-10] [INFO] [1746709923.996335013] [right.robot_state_publisher]: got segment ur_right_finger_left
[robot_state_publisher-10] [INFO] [1746709923.996354864] [right.robot_state_publisher]: got segment ur_right_finger_right
[robot_state_publisher-10] [INFO] [1746709923.996375091] [right.robot_state_publisher]: got segment ur_right_finger_tip
[robot_state_publisher-10] [INFO] [1746709923.996394641] [right.robot_state_publisher]: got segment ur_right_flange
[robot_state_publisher-10] [INFO] [1746709923.996414066] [right.robot_state_publisher]: got segment ur_right_forearm_link
[robot_state_publisher-10] [INFO] [1746709923.996433734] [right.robot_state_publisher]: got segment ur_right_ft_frame
[robot_state_publisher-10] [INFO] [1746709923.996453355] [right.robot_state_publisher]: got segment ur_right_robotiq_hand
[robot_state_publisher-10] [INFO] [1746709923.996473299] [right.robot_state_publisher]: got segment ur_right_shoulder_link
[robot_state_publisher-10] [INFO] [1746709923.996492790] [right.robot_state_publisher]: got segment ur_right_tool0
[robot_state_publisher-10] [INFO] [1746709923.996512339] [right.robot_state_publisher]: got segment ur_right_upper_arm_link
[robot_state_publisher-10] [INFO] [1746709923.996532642] [right.robot_state_publisher]: got segment ur_right_wrist_1_link
[robot_state_publisher-10] [INFO] [1746709923.996552881] [right.robot_state_publisher]: got segment ur_right_wrist_2_link
[robot_state_publisher-10] [INFO] [1746709923.996572324] [right.robot_state_publisher]: got segment ur_right_wrist_3_link
[static_transform_publisher-15] [INFO] [1746709924.054110108] [right.static_transform_publisher]: Spinning until stopped - publishing transform
[static_transform_publisher-15] translation: ('0.660000', '0.000000', '0.000000')
[static_transform_publisher-15] rotation: ('0.000000', '0.000000', '0.000000', '1.000000')
[static_transform_publisher-15] from 'world' to 'right_summit_odom'
[move_group-14] [INFO] [1746709924.147592150] [moveit_rdf_loader.rdf_loader]: Loaded robot model in 0.0186489 seconds
[move_group-14] [INFO] [1746709924.147722710] [moveit_robot_model.robot_model]: Loading robot model 'dual'...
[move_group-14] [WARN] [1746709924.147813508] [moveit_robot_model.robot_model]: Link right_summit_base_footprint has visual geometry but no collision geometry. Collision geometry will be left empty. Fix your URDF file by explicitly specifying collision geometry.
[move_group-14] [WARN] [1746709924.156219751] [moveit_robot_model.robot_model]: Link right_summit_base_logo_front has visual geometry but no collision geometry. Collision geometry will be left empty. Fix your URDF file by explicitly specifying collision geometry.
[move_group-14] [WARN] [1746709924.156292074] [moveit_robot_model.robot_model]: Link right_summit_base_logo_left has visual geometry but no collision geometry. Collision geometry will be left empty. Fix your URDF file by explicitly specifying collision geometry.
[move_group-14] [WARN] [1746709924.156311987] [moveit_robot_model.robot_model]: Link right_summit_base_logo_rear has visual geometry but no collision geometry. Collision geometry will be left empty. Fix your URDF file by explicitly specifying collision geometry.
[move_group-14] [WARN] [1746709924.156329511] [moveit_robot_model.robot_model]: Link right_summit_base_logo_right has visual geometry but no collision geometry. Collision geometry will be left empty. Fix your URDF file by explicitly specifying collision geometry.
[move_group-14] [WARN] [1746709924.156347994] [moveit_robot_model.robot_model]: Link right_summit_base_chapa has visual geometry but no collision geometry. Collision geometry will be left empty. Fix your URDF file by explicitly specifying collision geometry.
[move_group-14] [WARN] [1746709924.163983700] [moveit_robot_model.robot_model]: Link right_summit_imu_link has visual geometry but no collision geometry. Collision geometry will be left empty. Fix your URDF file by explicitly specifying collision geometry.
[spawn_entity.py-5] [INFO] [1746709924.615984317] [left]: Spawn Entity started
[spawn_entity.py-5] [INFO] [1746709924.617435070] [left]: Loading entity published on topic /left/robot_description
[spawn_entity.py-5] /opt/ros/humble/local/lib/python3.10/dist-packages/rclpy/qos.py:307: UserWarning: DurabilityPolicy.RMW_QOS_POLICY_DURABILITY_TRANSIENT_LOCAL is deprecated. Use DurabilityPolicy.TRANSIENT_LOCAL instead.
[spawn_entity.py-5]   warnings.warn(
[spawn_entity.py-5] [INFO] [1746709924.627559349] [left]: Waiting for entity xml on /left/robot_description
[spawn_entity.py-5] [INFO] [1746709924.642413388] [left]: Waiting for service /spawn_entity, timeout = 5
[spawn_entity.py-5] [INFO] [1746709924.643407800] [left]: Waiting for service /spawn_entity
[spawner-7] [INFO] [1746709924.683761548] [left.spawner_ur_left_joint_group_vel_controller]: waiting for service /left/controller_manager/list_controllers to become available...
[spawner-6] [INFO] [1746709924.813109451] [left.spawner_joint_state_broadcaster]: waiting for service /left/controller_manager/list_controllers to become available...
[spawn_entity.py-11] [INFO] [1746709924.875188751] [right]: Spawn Entity started
[spawn_entity.py-11] [INFO] [1746709924.876334830] [right]: Loading entity published on topic /right/robot_description
[spawn_entity.py-11] /opt/ros/humble/local/lib/python3.10/dist-packages/rclpy/qos.py:307: UserWarning: DurabilityPolicy.RMW_QOS_POLICY_DURABILITY_TRANSIENT_LOCAL is deprecated. Use DurabilityPolicy.TRANSIENT_LOCAL instead.
[spawn_entity.py-11]   warnings.warn(
[spawner-13] [INFO] [1746709924.879157026] [right.spawner_ur_right_joint_group_vel_controller]: waiting for service /right/controller_manager/list_controllers to become available...
[spawn_entity.py-11] [INFO] [1746709924.886986019] [right]: Waiting for entity xml on /right/robot_description
[spawn_entity.py-11] [INFO] [1746709924.911846627] [right]: Waiting for service /spawn_entity, timeout = 5
[spawn_entity.py-11] [INFO] [1746709924.914428349] [right]: Waiting for service /spawn_entity
[spawner-12] [INFO] [1746709925.101860157] [right.spawner_joint_state_broadcaster]: waiting for service /right/controller_manager/list_controllers to become available...
[move_group-8] [INFO] [1746709925.279783000] [moveit_ros.planning_scene_monitor.planning_scene_monitor]: Publishing maintained planning scene on 'monitored_planning_scene'
[move_group-8] [INFO] [1746709925.280034846] [moveit.ros_planning_interface.moveit_cpp]: Listening to 'joint_states' for joint states
[move_group-8] [INFO] [1746709925.284703559] [moveit_ros.current_state_monitor]: Listening to joint states on topic 'joint_states'
[move_group-8] [INFO] [1746709925.286200553] [moveit_ros.planning_scene_monitor.planning_scene_monitor]: Listening to '/attached_collision_object' for attached collision objects
[move_group-8] [INFO] [1746709925.286238179] [moveit_ros.planning_scene_monitor.planning_scene_monitor]: Starting planning scene monitor
[move_group-8] [INFO] [1746709925.287615657] [moveit_ros.planning_scene_monitor.planning_scene_monitor]: Listening to '/planning_scene'
[move_group-8] [INFO] [1746709925.287653115] [moveit_ros.planning_scene_monitor.planning_scene_monitor]: Starting world geometry update monitor for collision objects, attached objects, octomap updates.
[move_group-8] [INFO] [1746709925.289529034] [moveit_ros.planning_scene_monitor.planning_scene_monitor]: Listening to 'collision_object'
[move_group-8] [INFO] [1746709925.291330832] [moveit_ros.planning_scene_monitor.planning_scene_monitor]: Listening to 'planning_scene_world' for planning scene world geometry
[move_group-8] [WARN] [1746709925.293131773] [moveit.ros.occupancy_map_monitor.middleware_handle]: Resolution not specified for Octomap. Assuming resolution = 0.1 instead
[move_group-8] [WARN] [1746709925.295404979] [moveit_ros.current_state_monitor]: Unable to update multi-DOF joint 'Vjoint_left':Failure to lookup transform between 'left_summit_odom'and 'left_summit_base_footprint' with TF exception: Could not find a connection between 'left_summit_odom' and 'left_summit_base_footprint' because they are not part of the same tree.Tf has two or more unconnected trees.
[move_group-14] [INFO] [1746709925.381004182] [moveit_ros.planning_scene_monitor.planning_scene_monitor]: Publishing maintained planning scene on 'monitored_planning_scene'
[move_group-14] [INFO] [1746709925.381287683] [moveit.ros_planning_interface.moveit_cpp]: Listening to 'joint_states' for joint states
[move_group-14] [INFO] [1746709925.385493432] [moveit_ros.current_state_monitor]: Listening to joint states on topic 'joint_states'
[move_group-14] [INFO] [1746709925.386913382] [moveit_ros.planning_scene_monitor.planning_scene_monitor]: Listening to '/attached_collision_object' for attached collision objects
[move_group-14] [INFO] [1746709925.386950130] [moveit_ros.planning_scene_monitor.planning_scene_monitor]: Starting planning scene monitor
[move_group-14] [INFO] [1746709925.388143956] [moveit_ros.planning_scene_monitor.planning_scene_monitor]: Listening to '/planning_scene'
[move_group-14] [INFO] [1746709925.388178266] [moveit_ros.planning_scene_monitor.planning_scene_monitor]: Starting world geometry update monitor for collision objects, attached objects, octomap updates.
[move_group-14] [INFO] [1746709925.389532769] [moveit_ros.planning_scene_monitor.planning_scene_monitor]: Listening to 'collision_object'
[move_group-14] [INFO] [1746709925.391690197] [moveit_ros.planning_scene_monitor.planning_scene_monitor]: Listening to 'planning_scene_world' for planning scene world geometry
[move_group-14] [WARN] [1746709925.393708426] [moveit.ros.occupancy_map_monitor.middleware_handle]: Resolution not specified for Octomap. Assuming resolution = 0.1 instead
[move_group-14] [WARN] [1746709925.396566884] [moveit_ros.current_state_monitor]: Unable to update multi-DOF joint 'Vjoint_right':Failure to lookup transform between 'right_summit_odom'and 'right_summit_base_footprint' with TF exception: Could not find a connection between 'right_summit_odom' and 'right_summit_base_footprint' because they are not part of the same tree.Tf has two or more unconnected trees.
[move_group-14] [xcb] Unknown sequence number while processing reply
[move_group-14] [xcb] Most likely this is a multi-threaded client and XInitThreads has not been called
[move_group-14] [xcb] Aborting, sorry about that.
[move_group-14] move_group: ../../src/xcb_io.c:730: _XReply: Assertion `!xcb_xlib_threads_sequence_lost' failed.
[move_group-14] Stack trace (most recent call last) in thread 1838:
[move_group-14] #6    Object "/usr/lib/x86_64-linux-gnu/libGLX_nvidia.so.390.157", at 0x7f67fcabe9b7, in 
[move_group-14] #5    Object "/usr/lib/x86_64-linux-gnu/libX11.so.6.4.0", at 0x7f67fff06693, in _XReply
[move_group-14] #4    Object "/usr/lib/x86_64-linux-gnu/libc.so.6", at 0x7f683136ae95, in __assert_fail
[move_group-14] #3    Object "/usr/lib/x86_64-linux-gnu/libc.so.6", at 0x7f683135971a, in 
[move_group-14] #2    Object "/usr/lib/x86_64-linux-gnu/libc.so.6", at 0x7f68313597f2, in abort
[move_group-14] #1    Object "/usr/lib/x86_64-linux-gnu/libc.so.6", at 0x7f6831373475, in raise
[move_group-14] #0    Object "/usr/lib/x86_64-linux-gnu/libc.so.6", at 0x7f68313c79fc, in pthread_kill
[move_group-14] Aborted (Signal sent by tkill() 1708 0)
[ERROR] [move_group-14]: process has died [pid 1708, exit code -6, cmd '/ros2_ws/install/moveit_ros_move_group/lib/moveit_ros_move_group/move_group --ros-args --params-file /tmp/launch_params_kb6qypbz --params-file /tmp/launch_params_zz37oaci --params-file /tmp/launch_params_fg11s42g --params-file /tmp/launch_params_zzj5zl44'].
[rviz2-3] [INFO] [1746709926.081359411] [rviz2]: Stereo is NOT SUPPORTED
[rviz2-3] [INFO] [1746709926.081633530] [rviz2]: OpenGl version: 4.6 (GLSL 4.6)
[rviz2-3] [INFO] [1746709926.172531408] [rviz2]: Stereo is NOT SUPPORTED
[rviz2-3] [WARN] [1746709927.185428723] [rcl.logging_rosout]: Publisher already registered for provided node name. If this is due to multiple nodes with the same name then all logs for that logger name will go out over the existing publisher. As soon as any node with that name is destructed it will unregister the publisher, preventing any further logs for that name from being published on the rosout topic.
[move_group-8] [INFO] [1746709927.272315944] [moveit.ros_planning_interface.moveit_cpp]: Loading planning pipeline 'ompl'
[move_group-8] [INFO] [1746709927.300777423] [moveit.ros_planning.planning_pipeline]: Using planning interface 'OMPL'
[move_group-8] [INFO] [1746709927.309228216] [moveit_ros.add_time_optimal_parameterization]: Param 'ompl.path_tolerance' was not set. Using default value: 0.100000
[move_group-8] [INFO] [1746709927.309259627] [moveit_ros.add_time_optimal_parameterization]: Param 'ompl.resample_dt' was not set. Using default value: 0.100000
[move_group-8] [INFO] [1746709927.309313493] [moveit_ros.add_time_optimal_parameterization]: Param 'ompl.min_angle_change' was not set. Using default value: 0.001000
[move_group-8] [INFO] [1746709927.309358837] [moveit_ros.fix_workspace_bounds]: Param 'ompl.default_workspace_bounds' was not set. Using default value: 10.000000
[move_group-8] [INFO] [1746709927.309383558] [moveit_ros.fix_start_state_bounds]: Param 'ompl.start_state_max_bounds_error' was set to 0.100000
[move_group-8] [INFO] [1746709927.309392873] [moveit_ros.fix_start_state_bounds]: Param 'ompl.start_state_max_dt' was not set. Using default value: 0.500000
[move_group-8] [INFO] [1746709927.309411333] [moveit_ros.fix_start_state_collision]: Param 'ompl.start_state_max_dt' was not set. Using default value: 0.500000
[move_group-8] [INFO] [1746709927.309420858] [moveit_ros.fix_start_state_collision]: Param 'ompl.jiggle_fraction' was set to 0.050000
[move_group-8] [INFO] [1746709927.309439144] [moveit_ros.fix_start_state_collision]: Param 'ompl.max_sampling_attempts' was not set. Using default value: 100
[move_group-8] [INFO] [1746709927.309459707] [moveit.ros_planning.planning_pipeline]: Using planning request adapter 'Add Time Optimal Parameterization'
[move_group-8] [INFO] [1746709927.309468796] [moveit.ros_planning.planning_pipeline]: Using planning request adapter 'Resolve constraint frames to robot links'
[move_group-8] [INFO] [1746709927.309474650] [moveit.ros_planning.planning_pipeline]: Using planning request adapter 'Fix Workspace Bounds'
[move_group-8] [INFO] [1746709927.309480593] [moveit.ros_planning.planning_pipeline]: Using planning request adapter 'Fix Start State Bounds'
[move_group-8] [INFO] [1746709927.309485863] [moveit.ros_planning.planning_pipeline]: Using planning request adapter 'Fix Start State In Collision'
[move_group-8] [INFO] [1746709927.309491305] [moveit.ros_planning.planning_pipeline]: Using planning request adapter 'Fix Start State Path Constraints'
[move_group-8] [INFO] [1746709927.314402362] [moveit.ros_planning_interface.moveit_cpp]: Loading planning pipeline 'chomp'
[move_group-8] [INFO] [1746709927.325476818] [moveit.ros_planning.planning_pipeline]: Using planning interface 'CHOMP'
[move_group-8] [INFO] [1746709927.331538362] [moveit_ros.add_time_optimal_parameterization]: Param 'chomp.path_tolerance' was not set. Using default value: 0.100000
[move_group-8] [INFO] [1746709927.331565364] [moveit_ros.add_time_optimal_parameterization]: Param 'chomp.resample_dt' was not set. Using default value: 0.100000
[move_group-8] [INFO] [1746709927.331579216] [moveit_ros.add_time_optimal_parameterization]: Param 'chomp.min_angle_change' was not set. Using default value: 0.001000
[move_group-8] [INFO] [1746709927.331612518] [moveit_ros.fix_workspace_bounds]: Param 'chomp.default_workspace_bounds' was not set. Using default value: 10.000000
[move_group-8] [INFO] [1746709927.331637280] [moveit_ros.fix_start_state_bounds]: Param 'chomp.start_state_max_bounds_error' was set to 0.100000
[move_group-8] [INFO] [1746709927.331646850] [moveit_ros.fix_start_state_bounds]: Param 'chomp.start_state_max_dt' was not set. Using default value: 0.500000
[move_group-8] [INFO] [1746709927.331665608] [moveit_ros.fix_start_state_collision]: Param 'chomp.start_state_max_dt' was not set. Using default value: 0.500000
[move_group-8] [INFO] [1746709927.331675019] [moveit_ros.fix_start_state_collision]: Param 'chomp.jiggle_fraction' was set to 0.050000
[move_group-8] [INFO] [1746709927.331683499] [moveit_ros.fix_start_state_collision]: Param 'chomp.max_sampling_attempts' was not set. Using default value: 100
[move_group-8] [INFO] [1746709927.331700883] [moveit.ros_planning.planning_pipeline]: Using planning request adapter 'Add Time Optimal Parameterization'
[move_group-8] [INFO] [1746709927.331708692] [moveit.ros_planning.planning_pipeline]: Using planning request adapter 'Resolve constraint frames to robot links'
[move_group-8] [INFO] [1746709927.331714164] [moveit.ros_planning.planning_pipeline]: Using planning request adapter 'Fix Workspace Bounds'
[move_group-8] [INFO] [1746709927.331719671] [moveit.ros_planning.planning_pipeline]: Using planning request adapter 'Fix Start State Bounds'
[move_group-8] [INFO] [1746709927.331724835] [moveit.ros_planning.planning_pipeline]: Using planning request adapter 'Fix Start State In Collision'
[move_group-8] [INFO] [1746709927.331730195] [moveit.ros_planning.planning_pipeline]: Using planning request adapter 'Fix Start State Path Constraints'
[move_group-8] [INFO] [1746709927.334885892] [moveit.ros_planning_interface.moveit_cpp]: Loading planning pipeline 'pilz_industrial_motion_planner'
[move_group-8] [INFO] [1746709927.342313551] [moveit.pilz_industrial_motion_planner.joint_limits_aggregator]: Reading limits from namespace robot_description_planning
[move_group-8] [WARN] [1746709927.350441162] [moveit.pilz_industrial_motion_planner.joint_limits_aggregator]: Multi-DOF-Joint 'Vjoint_left' not supported.
[move_group-8] [WARN] [1746709927.350499879] [moveit.pilz_industrial_motion_planner.joint_limits_aggregator]: Multi-DOF-Joint 'Vjoint_left' not supported.
[move_group-8] [INFO] [1746709927.407616262] [moveit.pilz_industrial_motion_planner]: Available plugins: pilz_industrial_motion_planner/PlanningContextLoaderCIRC pilz_industrial_motion_planner/PlanningContextLoaderLIN pilz_industrial_motion_planner/PlanningContextLoaderPTP 
[move_group-8] [INFO] [1746709927.407660420] [moveit.pilz_industrial_motion_planner]: About to load: pilz_industrial_motion_planner/PlanningContextLoaderCIRC
[move_group-8] [INFO] [1746709927.410630211] [moveit.pilz_industrial_motion_planner]: Registered Algorithm [CIRC]
[move_group-8] [INFO] [1746709927.410660162] [moveit.pilz_industrial_motion_planner]: About to load: pilz_industrial_motion_planner/PlanningContextLoaderLIN
[move_group-8] [INFO] [1746709927.412530050] [moveit.pilz_industrial_motion_planner]: Registered Algorithm [LIN]
[move_group-8] [INFO] [1746709927.412561658] [moveit.pilz_industrial_motion_planner]: About to load: pilz_industrial_motion_planner/PlanningContextLoaderPTP
[move_group-8] [INFO] [1746709927.413995716] [moveit.pilz_industrial_motion_planner]: Registered Algorithm [PTP]
[move_group-8] [INFO] [1746709927.414074874] [moveit.ros_planning.planning_pipeline]: Using planning interface 'Pilz Industrial Motion Planner'
[gzserver-1] ALSA lib pcm_dmix.c:1032:(snd_pcm_dmix_open) unable to open slave
[gzserver-1] AL lib: (EE) ALCplaybackAlsa_open: Could not open playback device 'default': Device or resource busy
[gzserver-1] [WARN] [1746709927.586479660] [rcl]: Found remap rule 'model_states:=model_states'. This syntax is deprecated. Use '--ros-args --remap model_states:=model_states' instead.
[gzserver-1] [WARN] [1746709927.586922096] [rcl]: Found remap rule 'link_states:=link_states'. This syntax is deprecated. Use '--ros-args --remap link_states:=link_states' instead.
[gzserver-1] [INFO] [1746709927.638988842] [state.gazebo_ros_state]: Publishing states of gazebo models at [/state/model_states]
[gzserver-1] [INFO] [1746709927.643342559] [state.gazebo_ros_state]: Publishing states of gazebo links at [/state/link_states]
[spawn_entity.py-5] [INFO] [1746709927.666552055] [left]: Calling service /spawn_entity
[spawn_entity.py-11] [INFO] [1746709927.686400742] [right]: Calling service /spawn_entity
[move_group-8] [ERROR] [1746709927.687227575] [moveit.plugins.moveit_simple_controller_manager]: No controller_names specified.
[move_group-8] [INFO] [1746709927.687466148] [moveit.plugins.moveit_simple_controller_manager]: Returned 0 controllers in list
[move_group-8] [INFO] [1746709927.687491061] [moveit.plugins.moveit_simple_controller_manager]: Returned 0 controllers in list
[move_group-8] [INFO] [1746709927.689919416] [moveit_ros.trajectory_execution_manager]: Trajectory execution is managing controllers
[move_group-8] [INFO] [1746709927.689960381] [move_group.move_group]: MoveGroup debug mode is ON
[move_group-8] [ERROR] [1746709927.706639818] [move_group.move_group]: Exception while loading move_group capability 'move_group/ExecuteTaskSolutionCapability': According to the loaded plugin descriptions the class move_group/ExecuteTaskSolutionCapability with base class type move_group::MoveGroupCapability does not exist. Declared types are  move_group/ApplyPlanningSceneService move_group/ClearOctomapService move_group/MoveGroupCartesianPathService move_group/MoveGroupExecuteService move_group/MoveGroupExecuteTrajectoryAction move_group/MoveGroupGetPlanningSceneService move_group/MoveGroupKinematicsService move_group/MoveGroupMoveAction move_group/MoveGroupPlanService move_group/MoveGroupQueryPlannersService move_group/MoveGroupStateValidationService move_group/TfPublisher pilz_industrial_motion_planner/MoveGroupSequenceAction pilz_industrial_motion_planner/MoveGroupSequenceService
[move_group-8] [INFO] [1746709927.751335006] [move_group.move_group]: 
[move_group-8] 
[move_group-8] ********************************************************
[move_group-8] * MoveGroup using: 
[move_group-8] *     - ApplyPlanningSceneService
[move_group-8] *     - ClearOctomapService
[move_group-8] *     - CartesianPathService
[move_group-8] *     - ExecuteTrajectoryAction
[move_group-8] *     - GetPlanningSceneService
[move_group-8] *     - KinematicsService
[move_group-8] *     - MoveAction
[move_group-8] *     - MotionPlanService
[move_group-8] *     - QueryPlannersService
[move_group-8] *     - StateValidationService
[move_group-8] ********************************************************
[move_group-8] 
[move_group-8] [INFO] [1746709927.751401467] [moveit_move_group_capabilities_base.move_group_context]: MoveGroup context using planning plugin ompl_interface/OMPLPlanner
[move_group-8] [INFO] [1746709927.751417613] [moveit_move_group_capabilities_base.move_group_context]: MoveGroup context initialization complete
[move_group-8] [96mLoading 'move_group/ApplyPlanningSceneService'...
[move_group-8] [0m[96mLoading 'move_group/ClearOctomapService'...
[move_group-8] [0m[96mLoading 'move_group/ExecuteTaskSolutionCapability'...
[move_group-8] [0m[96mLoading 'move_group/MoveGroupCartesianPathService'...
[move_group-8] [0m[96mLoading 'move_group/MoveGroupExecuteTrajectoryAction'...
[move_group-8] [0m[96mLoading 'move_group/MoveGroupGetPlanningSceneService'...
[move_group-8] [0m[96mLoading 'move_group/MoveGroupKinematicsService'...
[move_group-8] [0m[96mLoading 'move_group/MoveGroupMoveAction'...
[move_group-8] [0m[96mLoading 'move_group/MoveGroupPlanService'...
[move_group-8] [0m[96mLoading 'move_group/MoveGroupQueryPlannersService'...
[move_group-8] [0m[96mLoading 'move_group/MoveGroupStateValidationService'...
[move_group-8] [0m[92m
[move_group-8] You can start planning now!
[move_group-8] 
[gzserver-1] [INFO] [1746709928.567587742] [left_summit_imu_imu_plugin]: <initial_orientation_as_reference> is unset, using default value of false to comply with REP 145 (world as orientation reference)
[spawn_entity.py-5] [INFO] [1746709928.920816419] [left]: Spawn status: SpawnEntity: Successfully spawned entity [left_robot]
[spawn_entity.py-5] [INFO] [1746709928.930261616] [left]: Calling service /unpause_physics
[INFO] [spawn_entity.py-5]: process has finished cleanly [pid 1649]
[gzserver-1] [INFO] [1746709929.286335590] [left_summit.omni_steering]: Subscribed to [/left_summit/cmd_vel]
[gzserver-1] [INFO] [1746709929.292649156] [left_summit.omni_steering]: Advertise odometry on [/left_summit/odom]
[gzserver-1] [INFO] [1746709929.303764249] [left_summit.omni_steering]: Publishing odom transforms between [left_summit_odom] and [left_summit_base_footprint]
[gzserver-1] [INFO] [1746709929.359369325] [gazebo_ros2_control]: Loading gazebo_ros2_control plugin
[gzserver-1] [INFO] [1746709929.385962358] [left.left_gazebo_ros2_control]: Starting gazebo_ros2_control plugin in namespace: /left
[gzserver-1] [INFO] [1746709929.386069027] [left.left_gazebo_ros2_control]: Starting gazebo_ros2_control plugin in ros 2 node: left_gazebo_ros2_control
[gzserver-1] [INFO] [1746709929.406607561] [left.left_gazebo_ros2_control]: connected to service!! robot_state_publisher
[gzserver-1] [INFO] [1746709929.412446461] [left.left_gazebo_ros2_control]: Received urdf from param server, parsing...
[gzserver-1] [INFO] [1746709929.413682711] [left.left_gazebo_ros2_control]: Loading parameter files /ros2_ws/install/ur/share/ur/config/left_controller.yaml
[gzserver-1] [INFO] [1746709929.424540119] [resource_manager]: Loading hardware 'left_ur' 
[gzserver-1] [ERROR] [1746709929.424659076] [left.left_gazebo_ros2_control]: Error initializing URDF to resource manager!
[gzserver-1] [INFO] [1746709929.465496803] [left.left_gazebo_ros2_control]: Loading joint: ur_left_shoulder_pan_joint
[gzserver-1] [INFO] [1746709929.466095644] [left.left_gazebo_ros2_control]: 	State:
[gzserver-1] [INFO] [1746709929.466220409] [left.left_gazebo_ros2_control]: 		 position
[gzserver-1] [INFO] [1746709929.467322889] [left.left_gazebo_ros2_control]: 			 found initial value: -1.400000
[gzserver-1] [INFO] [1746709929.467389694] [left.left_gazebo_ros2_control]: 		 velocity
[gzserver-1] [INFO] [1746709929.467766913] [left.left_gazebo_ros2_control]: 		 effort
[gzserver-1] [INFO] [1746709929.467922539] [left.left_gazebo_ros2_control]: 	Command:
[gzserver-1] [INFO] [1746709929.468002220] [left.left_gazebo_ros2_control]: 		 position
[gzserver-1] [INFO] [1746709929.469268701] [left.left_gazebo_ros2_control]: 		 velocity
[gzserver-1] [INFO] [1746709929.470128616] [left.left_gazebo_ros2_control]: Loading joint: ur_left_shoulder_lift_joint
[gzserver-1] [INFO] [1746709929.470201280] [left.left_gazebo_ros2_control]: 	State:
[gzserver-1] [INFO] [1746709929.470234166] [left.left_gazebo_ros2_control]: 		 position
[gzserver-1] [INFO] [1746709929.470276949] [left.left_gazebo_ros2_control]: 			 found initial value: -1.227838
[gzserver-1] [INFO] [1746709929.470312922] [left.left_gazebo_ros2_control]: 		 velocity
[gzserver-1] [INFO] [1746709929.470343553] [left.left_gazebo_ros2_control]: 		 effort
[gzserver-1] [INFO] [1746709929.470362654] [left.left_gazebo_ros2_control]: 	Command:
[gzserver-1] [INFO] [1746709929.470378761] [left.left_gazebo_ros2_control]: 		 position
[gzserver-1] [INFO] [1746709929.470446968] [left.left_gazebo_ros2_control]: 		 velocity
[gzserver-1] [INFO] [1746709929.470482682] [left.left_gazebo_ros2_control]: Loading joint: ur_left_elbow_joint
[gzserver-1] [INFO] [1746709929.470503923] [left.left_gazebo_ros2_control]: 	State:
[gzserver-1] [INFO] [1746709929.470519567] [left.left_gazebo_ros2_control]: 		 position
[gzserver-1] [INFO] [1746709929.470537104] [left.left_gazebo_ros2_control]: 			 found initial value: -1.791046
[gzserver-1] [INFO] [1746709929.470555691] [left.left_gazebo_ros2_control]: 		 velocity
[gzserver-1] [INFO] [1746709929.470571705] [left.left_gazebo_ros2_control]: 		 effort
[gzserver-1] [INFO] [1746709929.470673937] [left.left_gazebo_ros2_control]: 	Command:
[gzserver-1] [INFO] [1746709929.470694283] [left.left_gazebo_ros2_control]: 		 position
[gzserver-1] [INFO] [1746709929.470730396] [left.left_gazebo_ros2_control]: 		 velocity
[gzserver-1] [INFO] [1746709929.470801761] [left.left_gazebo_ros2_control]: Loading joint: ur_left_wrist_1_joint
[gzserver-1] [INFO] [1746709929.470824025] [left.left_gazebo_ros2_control]: 	State:
[gzserver-1] [INFO] [1746709929.470840018] [left.left_gazebo_ros2_control]: 		 position
[gzserver-1] [INFO] [1746709929.470856907] [left.left_gazebo_ros2_control]: 			 found initial value: -1.447073
[gzserver-1] [INFO] [1746709929.470874528] [left.left_gazebo_ros2_control]: 		 velocity
[gzserver-1] [INFO] [1746709929.470892956] [left.left_gazebo_ros2_control]: 		 effort
[gzserver-1] [INFO] [1746709929.470968200] [left.left_gazebo_ros2_control]: 	Command:
[gzserver-1] [INFO] [1746709929.471004735] [left.left_gazebo_ros2_control]: 		 position
[gzserver-1] [INFO] [1746709929.471054792] [left.left_gazebo_ros2_control]: 		 velocity
[gzserver-1] [INFO] [1746709929.471088345] [left.left_gazebo_ros2_control]: Loading joint: ur_left_wrist_2_joint
[gzserver-1] [INFO] [1746709929.471108329] [left.left_gazebo_ros2_control]: 	State:
[gzserver-1] [INFO] [1746709929.471123261] [left.left_gazebo_ros2_control]: 		 position
[gzserver-1] [INFO] [1746709929.471139499] [left.left_gazebo_ros2_control]: 			 found initial value: 1.900333
[gzserver-1] [INFO] [1746709929.471158419] [left.left_gazebo_ros2_control]: 		 velocity
[gzserver-1] [INFO] [1746709929.471174728] [left.left_gazebo_ros2_control]: 		 effort
[gzserver-1] [INFO] [1746709929.471191394] [left.left_gazebo_ros2_control]: 	Command:
[gzserver-1] [INFO] [1746709929.471205745] [left.left_gazebo_ros2_control]: 		 position
[gzserver-1] [INFO] [1746709929.471243143] [left.left_gazebo_ros2_control]: 		 velocity
[gzserver-1] [INFO] [1746709929.471280700] [left.left_gazebo_ros2_control]: Loading joint: ur_left_wrist_3_joint
[gzserver-1] [INFO] [1746709929.471314220] [left.left_gazebo_ros2_control]: 	State:
[gzserver-1] [INFO] [1746709929.471341502] [left.left_gazebo_ros2_control]: 		 position
[gzserver-1] [INFO] [1746709929.471370790] [left.left_gazebo_ros2_control]: 			 found initial value: -0.755379
[gzserver-1] [INFO] [1746709929.471398758] [left.left_gazebo_ros2_control]: 		 velocity
[gzserver-1] [INFO] [1746709929.471439163] [left.left_gazebo_ros2_control]: 		 effort
[gzserver-1] [INFO] [1746709929.471466429] [left.left_gazebo_ros2_control]: 	Command:
[gzserver-1] [INFO] [1746709929.471494164] [left.left_gazebo_ros2_control]: 		 position
[gzserver-1] [INFO] [1746709929.471544087] [left.left_gazebo_ros2_control]: 		 velocity
[gzserver-1] [INFO] [1746709929.472507372] [resource_manager]: Initialize hardware 'left_ur' 
[gzserver-1] [INFO] [1746709929.476512391] [resource_manager]: Successful initialization of hardware 'left_ur'
[gzserver-1] [INFO] [1746709929.477328893] [resource_manager]: 'configure' hardware 'left_ur' 
[gzserver-1] [INFO] [1746709929.477360340] [resource_manager]: Successful 'configure' of hardware 'left_ur'
[gzserver-1] [INFO] [1746709929.477375119] [resource_manager]: 'activate' hardware 'left_ur' 
[gzserver-1] [INFO] [1746709929.477384842] [resource_manager]: Successful 'activate' of hardware 'left_ur'
[gzserver-1] [INFO] [1746709929.478429681] [left.left_gazebo_ros2_control]: Loading controller_manager
[gzserver-1] [WARN] [1746709929.573303419] [left.left_gazebo_ros2_control]:  Desired controller update period (0.002 s) is slower than the gazebo simulation period (0.001 s).
[gzserver-1] [INFO] [1746709929.577531834] [left.left_gazebo_ros2_control]: Loaded gazebo_ros2_control.
[gzserver-1] [INFO] [1746709929.584330038] [left.controller_manager]: Loading controller 'joint_state_broadcaster'
[spawner-6] [INFO] [1746709929.648424482] [left.spawner_joint_state_broadcaster]: [94mLoaded [1mjoint_state_broadcaster[0m
[move_group-8] [WARN] [1746709929.649123061] [moveit_ros.planning_scene_monitor.planning_scene_monitor]: The complete state of the robot is not yet known.  Missing left_summit_back_left_wheel_joint, left_summit_back_right_wheel_joint, left_summit_front_left_wheel_joint, left_summit_front_right_wheel_joint, ur_left_shoulder_pan_joint, ur_left_shoulder_lift_joint, ur_left_elbow_joint, ur_left_wrist_1_joint, ur_left_wrist_2_joint, ur_left_wrist_3_joint
[gzserver-1] [INFO] [1746709929.653543160] [left.controller_manager]: Configuring controller 'joint_state_broadcaster'
[gzserver-1] [INFO] [1746709929.654532860] [left.joint_state_broadcaster]: 'joints' or 'interfaces' parameter is empty. All available state interfaces will be published
[spawner-6] [INFO] [1746709929.681934675] [left.spawner_joint_state_broadcaster]: [92mConfigured and activated [1mjoint_state_broadcaster[0m
[gzserver-1] [INFO] [1746709929.697517715] [left.controller_manager]: Loading controller 'ur_left_joint_group_vel_controller'
[spawner-7] [INFO] [1746709929.780370456] [left.spawner_ur_left_joint_group_vel_controller]: [94mLoaded [1mur_left_joint_group_vel_controller[0m
[gzserver-1] [INFO] [1746709929.789723545] [left.controller_manager]: Configuring controller 'ur_left_joint_group_vel_controller'
[gzserver-1] [ERROR] [1746709929.789990942] [left.ur_left_joint_group_vel_controller]: 'joints' parameter was empty
[gzserver-1] [WARN] [1746709929.790125532] [left.ur_left_joint_group_vel_controller]: Error occurred while doing error handling.
[gzserver-1] [ERROR] [1746709929.790188783] [left.controller_manager]: After configuring, controller 'ur_left_joint_group_vel_controller' is in state 'unconfigured' , expected inactive.
[spawner-7] [ERROR] [1746709929.793185622] [left.spawner_ur_left_joint_group_vel_controller]: [91mFailed to configure controller[0m
[INFO] [spawner-6]: process has finished cleanly [pid 1651]
[ERROR] [spawner-7]: process has died [pid 1653, exit code 1, cmd '/opt/ros/humble/lib/controller_manager/spawner ur_left_joint_group_vel_controller -c /left/controller_manager --ros-args -r __ns:=/left'].
[gzserver-1] [INFO] [1746709930.410284491] [right_summit_imu_imu_plugin]: <initial_orientation_as_reference> is unset, using default value of false to comply with REP 145 (world as orientation reference)
[spawn_entity.py-11] [INFO] [1746709930.758064799] [right]: Spawn status: SpawnEntity: Successfully spawned entity [right_robot]
[spawn_entity.py-11] [INFO] [1746709930.768403244] [right]: Calling service /unpause_physics
[gzserver-1] [WARN] [1746709930.856634254] [gazebo.rclcpp]: failed to send response to /unpause_physics (timeout): client will not receive response, at ./src/rmw_response.cpp:154, at ./src/rcl/service.c:314
[gzserver-1] [INFO] [1746709930.929333976] [right_summit.omni_steering]: Subscribed to [/right_summit/cmd_vel]
[gzserver-1] [INFO] [1746709930.932271883] [right_summit.omni_steering]: Advertise odometry on [/right_summit/odom]
[gzserver-1] [INFO] [1746709930.944622975] [right_summit.omni_steering]: Publishing odom transforms between [right_summit_odom] and [right_summit_base_footprint]
[gzserver-1] [INFO] [1746709930.944998729] [gazebo_ros2_control]: Loading gazebo_ros2_control plugin
[gzserver-1] [WARN] [1746709930.957683121] [gazebo.rclcpp]: failed to send response to /unpause_physics (timeout): client will not receive response, at ./src/rmw_response.cpp:154, at ./src/rcl/service.c:314
[INFO] [spawn_entity.py-11]: process has finished cleanly [pid 1672]
[gzserver-1] [INFO] [1746709930.987082726] [right.right_gazebo_ros2_control]: Starting gazebo_ros2_control plugin in namespace: /right
[gzserver-1] [INFO] [1746709930.987253643] [right.right_gazebo_ros2_control]: Starting gazebo_ros2_control plugin in ros 2 node: right_gazebo_ros2_control
[gzserver-1] [INFO] [1746709931.012214327] [right.right_gazebo_ros2_control]: connected to service!! robot_state_publisher
[gzserver-1] [INFO] [1746709931.014443531] [right.right_gazebo_ros2_control]: Received urdf from param server, parsing...
[gzserver-1] [INFO] [1746709931.018150340] [right.right_gazebo_ros2_control]: Loading parameter files /ros2_ws/install/ur/share/ur/config/right_controller.yaml
[gzserver-1] [INFO] [1746709931.029923263] [resource_manager]: Loading hardware 'right_ur' 
[gzserver-1] [ERROR] [1746709931.030029594] [right.right_gazebo_ros2_control]: Error initializing URDF to resource manager!
[gzserver-1] [INFO] [1746709931.035036155] [right.right_gazebo_ros2_control]: Loading joint: ur_right_shoulder_pan_joint
[gzserver-1] [INFO] [1746709931.035108842] [right.right_gazebo_ros2_control]: 	State:
[gzserver-1] [INFO] [1746709931.035136852] [right.right_gazebo_ros2_control]: 		 position
[gzserver-1] [INFO] [1746709931.035168966] [right.right_gazebo_ros2_control]: 			 found initial value: -1.300000
[gzserver-1] [INFO] [1746709931.035201850] [right.right_gazebo_ros2_control]: 		 velocity
[gzserver-1] [INFO] [1746709931.035232472] [right.right_gazebo_ros2_control]: 		 effort
[gzserver-1] [INFO] [1746709931.035262173] [right.right_gazebo_ros2_control]: 	Command:
[gzserver-1] [INFO] [1746709931.035287311] [right.right_gazebo_ros2_control]: 		 position
[gzserver-1] [INFO] [1746709931.035373598] [right.right_gazebo_ros2_control]: 		 velocity
[gzserver-1] [INFO] [1746709931.035417732] [right.right_gazebo_ros2_control]: Loading joint: ur_right_shoulder_lift_joint
[gzserver-1] [INFO] [1746709931.035446613] [right.right_gazebo_ros2_control]: 	State:
[gzserver-1] [INFO] [1746709931.035470350] [right.right_gazebo_ros2_control]: 		 position
[gzserver-1] [INFO] [1746709931.035494831] [right.right_gazebo_ros2_control]: 			 found initial value: -0.800000
[gzserver-1] [INFO] [1746709931.035525182] [right.right_gazebo_ros2_control]: 		 velocity
[gzserver-1] [INFO] [1746709931.035555715] [right.right_gazebo_ros2_control]: 		 effort
[gzserver-1] [INFO] [1746709931.035582123] [right.right_gazebo_ros2_control]: 	Command:
[gzserver-1] [INFO] [1746709931.035605580] [right.right_gazebo_ros2_control]: 		 position
[gzserver-1] [INFO] [1746709931.035657668] [right.right_gazebo_ros2_control]: 		 velocity
[gzserver-1] [INFO] [1746709931.035697989] [right.right_gazebo_ros2_control]: Loading joint: ur_right_elbow_joint
[gzserver-1] [INFO] [1746709931.035726719] [right.right_gazebo_ros2_control]: 	State:
[gzserver-1] [INFO] [1746709931.035750458] [right.right_gazebo_ros2_control]: 		 position
[gzserver-1] [INFO] [1746709931.035775951] [right.right_gazebo_ros2_control]: 			 found initial value: -1.800000
[gzserver-1] [INFO] [1746709931.035803657] [right.right_gazebo_ros2_control]: 		 velocity
[gzserver-1] [INFO] [1746709931.035829197] [right.right_gazebo_ros2_control]: 		 effort
[gzserver-1] [INFO] [1746709931.035859482] [right.right_gazebo_ros2_control]: 	Command:
[gzserver-1] [INFO] [1746709931.035884008] [right.right_gazebo_ros2_control]: 		 position
[gzserver-1] [INFO] [1746709931.035933668] [right.right_gazebo_ros2_control]: 		 velocity
[gzserver-1] [INFO] [1746709931.035975572] [right.right_gazebo_ros2_control]: Loading joint: ur_right_wrist_1_joint
[gzserver-1] [INFO] [1746709931.036038522] [right.right_gazebo_ros2_control]: 	State:
[gzserver-1] [INFO] [1746709931.036064580] [right.right_gazebo_ros2_control]: 		 position
[gzserver-1] [INFO] [1746709931.036088216] [right.right_gazebo_ros2_control]: 			 found initial value: -1.570000
[gzserver-1] [INFO] [1746709931.036115860] [right.right_gazebo_ros2_control]: 		 velocity
[gzserver-1] [INFO] [1746709931.036142392] [right.right_gazebo_ros2_control]: 		 effort
[gzserver-1] [INFO] [1746709931.036168061] [right.right_gazebo_ros2_control]: 	Command:
[gzserver-1] [INFO] [1746709931.036190393] [right.right_gazebo_ros2_control]: 		 position
[gzserver-1] [INFO] [1746709931.036237004] [right.right_gazebo_ros2_control]: 		 velocity
[gzserver-1] [INFO] [1746709931.036280231] [right.right_gazebo_ros2_control]: Loading joint: ur_right_wrist_2_joint
[gzserver-1] [INFO] [1746709931.036309571] [right.right_gazebo_ros2_control]: 	State:
[gzserver-1] [INFO] [1746709931.036332647] [right.right_gazebo_ros2_control]: 		 position
[gzserver-1] [INFO] [1746709931.036358532] [right.right_gazebo_ros2_control]: 			 found initial value: 1.638000
[gzserver-1] [INFO] [1746709931.036387904] [right.right_gazebo_ros2_control]: 		 velocity
[gzserver-1] [INFO] [1746709931.036415624] [right.right_gazebo_ros2_control]: 		 effort
[gzserver-1] [INFO] [1746709931.036443829] [right.right_gazebo_ros2_control]: 	Command:
[gzserver-1] [INFO] [1746709931.036467555] [right.right_gazebo_ros2_control]: 		 position
[gzserver-1] [INFO] [1746709931.036522275] [right.right_gazebo_ros2_control]: 		 velocity
[gzserver-1] [INFO] [1746709931.036560291] [right.right_gazebo_ros2_control]: Loading joint: ur_right_wrist_3_joint
[gzserver-1] [INFO] [1746709931.036588680] [right.right_gazebo_ros2_control]: 	State:
[gzserver-1] [INFO] [1746709931.036611517] [right.right_gazebo_ros2_control]: 		 position
[gzserver-1] [INFO] [1746709931.036635345] [right.right_gazebo_ros2_control]: 			 found initial value: 0.000000
[gzserver-1] [INFO] [1746709931.036661538] [right.right_gazebo_ros2_control]: 		 velocity
[gzserver-1] [INFO] [1746709931.036694374] [right.right_gazebo_ros2_control]: 		 effort
[gzserver-1] [INFO] [1746709931.036721867] [right.right_gazebo_ros2_control]: 	Command:
[gzserver-1] [INFO] [1746709931.036763047] [right.right_gazebo_ros2_control]: 		 position
[gzserver-1] [INFO] [1746709931.036803709] [right.right_gazebo_ros2_control]: 		 velocity
[gzserver-1] [INFO] [1746709931.036855943] [resource_manager]: Initialize hardware 'right_ur' 
[gzserver-1] [INFO] [1746709931.036925220] [resource_manager]: Successful initialization of hardware 'right_ur'
[gzserver-1] [INFO] [1746709931.036985970] [resource_manager]: 'configure' hardware 'right_ur' 
[gzserver-1] [INFO] [1746709931.037004972] [resource_manager]: Successful 'configure' of hardware 'right_ur'
[gzserver-1] [INFO] [1746709931.037026955] [resource_manager]: 'activate' hardware 'right_ur' 
[gzserver-1] [INFO] [1746709931.037041897] [resource_manager]: Successful 'activate' of hardware 'right_ur'
[gzserver-1] [INFO] [1746709931.037117916] [right.right_gazebo_ros2_control]: Loading controller_manager
[gzserver-1] [WARN] [1746709931.157506291] [right.right_gazebo_ros2_control]:  Desired controller update period (0.002 s) is slower than the gazebo simulation period (0.001 s).
[gzserver-1] [INFO] [1746709931.158880380] [right.right_gazebo_ros2_control]: Loaded gazebo_ros2_control.
[gzserver-1] [INFO] [1746709931.171331759] [right.controller_manager]: Loading controller 'ur_right_joint_group_vel_controller'
[move_group-8] [WARN] [1746709931.173392456] [moveit_ros.planning_scene_monitor.planning_scene_monitor]: The complete state of the robot is not yet known.  Missing left_summit_back_left_wheel_joint, left_summit_back_right_wheel_joint, left_summit_front_left_wheel_joint, left_summit_front_right_wheel_joint, ur_left_shoulder_pan_joint, ur_left_shoulder_lift_joint, ur_left_elbow_joint, ur_left_wrist_1_joint, ur_left_wrist_2_joint, ur_left_wrist_3_joint
[spawner-13] [INFO] [1746709931.280574294] [right.spawner_ur_right_joint_group_vel_controller]: [94mLoaded [1mur_right_joint_group_vel_controller[0m
[gzserver-1] [INFO] [1746709931.283788081] [right.controller_manager]: Configuring controller 'ur_right_joint_group_vel_controller'
[gzserver-1] [INFO] [1746709931.287531743] [right.ur_right_joint_group_vel_controller]: configure successful
[gzserver-1] [INFO] [1746709931.295609936] [right.ur_right_joint_group_vel_controller]: activate successful
[spawner-13] [INFO] [1746709931.300240162] [right.spawner_ur_right_joint_group_vel_controller]: [92mConfigured and activated [1mur_right_joint_group_vel_controller[0m
[gzserver-1] [INFO] [1746709933.317260856] [right.controller_manager]: Loading controller 'joint_state_broadcaster'
[move_group-8] [WARN] [1746709933.324555699] [moveit_ros.planning_scene_monitor.planning_scene_monitor]: The complete state of the robot is not yet known.  Missing left_summit_back_left_wheel_joint, left_summit_back_right_wheel_joint, left_summit_front_left_wheel_joint, left_summit_front_right_wheel_joint, ur_left_shoulder_pan_joint, ur_left_shoulder_lift_joint, ur_left_elbow_joint, ur_left_wrist_1_joint, ur_left_wrist_2_joint, ur_left_wrist_3_joint
[spawner-12] [INFO] [1746709933.404239036] [right.spawner_joint_state_broadcaster]: [94mLoaded [1mjoint_state_broadcaster[0m
[gzserver-1] [INFO] [1746709933.411903754] [right.controller_manager]: Configuring controller 'joint_state_broadcaster'
[gzserver-1] [INFO] [1746709933.412022106] [right.joint_state_broadcaster]: 'joints' or 'interfaces' parameter is empty. All available state interfaces will be published
[spawner-12] [INFO] [1746709933.431437865] [right.spawner_joint_state_broadcaster]: [92mConfigured and activated [1mjoint_state_broadcaster[0m
[INFO] [spawner-13]: process has finished cleanly [pid 1702]
[INFO] [spawner-12]: process has finished cleanly [pid 1687]
[move_group-8] [WARN] [1746709934.334433655] [moveit_ros.planning_scene_monitor.planning_scene_monitor]: The complete state of the robot is not yet known.  Missing left_summit_back_left_wheel_joint, left_summit_back_right_wheel_joint, left_summit_front_left_wheel_joint, left_summit_front_right_wheel_joint, ur_left_shoulder_pan_joint, ur_left_shoulder_lift_joint, ur_left_elbow_joint, ur_left_wrist_1_joint, ur_left_wrist_2_joint, ur_left_wrist_3_joint
[move_group-8] [WARN] [1746709935.354913220] [moveit_ros.planning_scene_monitor.planning_scene_monitor]: The complete state of the robot is not yet known.  Missing left_summit_back_left_wheel_joint, left_summit_back_right_wheel_joint, left_summit_front_left_wheel_joint, left_summit_front_right_wheel_joint, ur_left_shoulder_pan_joint, ur_left_shoulder_lift_joint, ur_left_elbow_joint, ur_left_wrist_1_joint, ur_left_wrist_2_joint, ur_left_wrist_3_joint
[move_group-8] [WARN] [1746709936.373402190] [moveit_ros.planning_scene_monitor.planning_scene_monitor]: The complete state of the robot is not yet known.  Missing left_summit_back_left_wheel_joint, left_summit_back_right_wheel_joint, left_summit_front_left_wheel_joint, left_summit_front_right_wheel_joint, ur_left_shoulder_pan_joint, ur_left_shoulder_lift_joint, ur_left_elbow_joint, ur_left_wrist_1_joint, ur_left_wrist_2_joint, ur_left_wrist_3_joint
[rviz2-3] [ERROR] [1746709937.234668670] [rviz2]: Could not find parameter robot_description and did not receive robot_description via std_msgs::msg::String subscription within 10.000000 seconds.
[move_group-8] [WARN] [1746709937.395889651] [moveit_ros.planning_scene_monitor.planning_scene_monitor]: The complete state of the robot is not yet known.  Missing left_summit_back_left_wheel_joint, left_summit_back_right_wheel_joint, left_summit_front_left_wheel_joint, left_summit_front_right_wheel_joint, ur_left_shoulder_pan_joint, ur_left_shoulder_lift_joint, ur_left_elbow_joint, ur_left_wrist_1_joint, ur_left_wrist_2_joint, ur_left_wrist_3_joint
[rviz2-3] Error:   Error document empty.
[rviz2-3]          at line 100 in ./urdf_parser/src/model.cpp
[rviz2-3] Failed to parse robot description using: urdf_xml_parser/URDFXMLParser
[rviz2-3] [INFO] [1746709947.287056391] [moveit_rdf_loader.rdf_loader]: Unable to parse URDF
[rviz2-3] [ERROR] [1746709947.310103975] [moveit_ros.planning_scene_monitor.planning_scene_monitor]: Robot model not loaded
[WARNING] [launch]: user interrupted with ctrl-c (SIGINT)
[static_transform_publisher-15] [INFO] [1746709962.679831463] [rclcpp]: signal_handler(signum=2)
[robot_state_publisher-10] [INFO] [1746709962.679829305] [rclcpp]: signal_handler(signum=2)
[rviz2-3] [INFO] [1746709962.679838899] [rclcpp]: signal_handler(signum=2)
[move_group-8] [INFO] [1746709962.679878978] [rclcpp]: signal_handler(signum=2)
[static_transform_publisher-9] [INFO] [1746709962.679836267] [rclcpp]: signal_handler(signum=2)
[robot_state_publisher-4] [INFO] [1746709962.682468028] [rclcpp]: signal_handler(signum=2)
[move_group-8] [INFO] [1746709962.714678609] [moveit.ros_planning_interface.moveit_cpp]: Deleting MoveItCpp
[move_group-8] [INFO] [1746709962.715530452] [moveit_ros.planning_scene_monitor.planning_scene_monitor]: Stopped publishing maintained planning scene.
[move_group-8] [INFO] [1746709962.717167346] [moveit_ros.planning_scene_monitor.planning_scene_monitor]: Stopping world geometry monitor
[move_group-8] [INFO] [1746709962.718962409] [moveit_ros.planning_scene_monitor.planning_scene_monitor]: Stopping planning scene monitor
[move_group-8] Warning: class_loader.ClassLoader: SEVERE WARNING!!! Attempting to unload library while objects created by this loader exist in the heap! You should delete your objects before attempting to unload the library or destroying the ClassLoader. The library will NOT be unloaded.
[move_group-8]          at line 127 in ./src/class_loader.cpp
[INFO] [static_transform_publisher-15]: process has finished cleanly [pid 1715]
[INFO] [static_transform_publisher-9]: process has finished cleanly [pid 1657]
[INFO] [robot_state_publisher-10]: process has finished cleanly [pid 1668]
[move_group-8] Stack trace (most recent call last):
[INFO] [robot_state_publisher-4]: process has finished cleanly [pid 1647]
[move_group-8] #11   Object "", at 0xffffffffffffffff, in 
[move_group-8] #10   Object "/ros2_ws/build/moveit_ros_move_group/move_group", at 0x5602dbf68eb4, in _start
[move_group-8] #9    Object "/usr/lib/x86_64-linux-gnu/libc.so.6", at 0x7fa90bfbee3f, in __libc_start_main
[move_group-8] #8    Object "/usr/lib/x86_64-linux-gnu/libc.so.6", at 0x7fa90bfbed8f, in 
[move_group-8] #7    Object "/ros2_ws/build/moveit_ros_move_group/move_group", at 0x5602dbf68483, in main
[move_group-8] #6    Object "/ros2_ws/build/moveit_ros_move_group/move_group", at 0x5602dbf6f9c1, in std::_Sp_counted_base<(__gnu_cxx::_Lock_policy)2>::_M_release()
[move_group-8] #5    Object "/opt/ros/humble/lib/librclcpp.so", at 0x7fa90c50384e, in rclcpp::Node::~Node()
[move_group-8] #4    Object "/opt/ros/humble/lib/librclcpp.so", at 0x7fa90c4dec69, in 
[move_group-8] #3    Object "/opt/ros/humble/lib/librclcpp.so", at 0x7fa90c50cef9, in 
[move_group-8] #2    Object "/opt/ros/humble/lib/librclcpp.so", at 0x7fa90c50ce40, in rclcpp::node_interfaces::NodeBase::~NodeBase()
[move_group-8] #1    Object "/opt/ros/humble/lib/librclcpp.so", at 0x7fa90c4dec69, in 
[move_group-8] #0    Object "/opt/ros/humble/lib/librclcpp.so", at 0x7fa90c4e39e1, in rclcpp::CallbackGroup::~CallbackGroup()
[move_group-8] Segmentation fault (Address not mapped to object [0x7fa90018bc70])
[INFO] [rviz2-3]: process has finished cleanly [pid 1645]
[ERROR] [move_group-8]: process has died [pid 1655, exit code -11, cmd '/ros2_ws/install/moveit_ros_move_group/lib/moveit_ros_move_group/move_group --ros-args --params-file /tmp/launch_params_v_6ubdt9 --params-file /tmp/launch_params_r51aax9p --params-file /tmp/launch_params_38ye3d1m --params-file /tmp/launch_params_v228m0kf'].
[move_group-8] [0m
[INFO] [gzclient-2]: process has finished cleanly [pid 1643]
[INFO] [gzserver-1]: process has finished cleanly [pid 1641]
