[INFO] [launch]: All log files can be found below /root/.ros/log/2025-05-14-13-33-45-900549-outlander-Aspire-V3-571G-3596
[INFO] [launch]: Default logging verbosity is set to INFO
[INFO] [gzserver-1]: process started with pid [3599]
[INFO] [gzclient-2]: process started with pid [3601]
[INFO] [rviz2-3]: process started with pid [3603]
[INFO] [robot_state_publisher-4]: process started with pid [3605]
[INFO] [spawn_entity.py-5]: process started with pid [3607]
[INFO] [spawner-6]: process started with pid [3609]
[INFO] [spawner-7]: process started with pid [3611]
[INFO] [move_group-8]: process started with pid [3613]
[INFO] [static_transform_publisher-9]: process started with pid [3615]
[INFO] [static_transform_publisher-10]: process started with pid [3618]
[INFO] [static_transform_publisher-11]: process started with pid [3626]
[INFO] [static_transform_publisher-12]: process started with pid [3629]
[INFO] [static_transform_publisher-13]: process started with pid [3643]
[INFO] [robot_state_publisher-14]: process started with pid [3671]
[INFO] [spawn_entity.py-15]: process started with pid [3683]
[INFO] [spawner-16]: process started with pid [3685]
[INFO] [spawner-17]: process started with pid [3688]
[INFO] [move_group-18]: process started with pid [3699]
[INFO] [static_transform_publisher-19]: process started with pid [3717]
[INFO] [static_transform_publisher-20]: process started with pid [3721]
[INFO] [static_transform_publisher-21]: process started with pid [3724]
[INFO] [static_transform_publisher-22]: process started with pid [3726]
[INFO] [static_transform_publisher-23]: process started with pid [3736]
[rviz2-3] QStandardPaths: XDG_RUNTIME_DIR not set, defaulting to '/tmp/runtime-root'
[robot_state_publisher-4] [INFO] [1747229630.985154068] [left.robot_state_publisher]: got segment left_summit_back_left_wheel_link
[robot_state_publisher-4] [INFO] [1747229630.985358593] [left.robot_state_publisher]: got segment left_summit_back_right_wheel_link
[robot_state_publisher-4] [INFO] [1747229630.985385748] [left.robot_state_publisher]: got segment left_summit_base_chapa
[robot_state_publisher-4] [INFO] [1747229630.985406991] [left.robot_state_publisher]: got segment left_summit_base_docking_contact
[robot_state_publisher-4] [INFO] [1747229630.985426890] [left.robot_state_publisher]: got segment left_summit_base_footprint
[robot_state_publisher-4] [INFO] [1747229630.985447043] [left.robot_state_publisher]: got segment left_summit_base_link
[robot_state_publisher-4] [INFO] [1747229630.985467089] [left.robot_state_publisher]: got segment left_summit_base_logo_front
[robot_state_publisher-4] [INFO] [1747229630.985486717] [left.robot_state_publisher]: got segment left_summit_base_logo_left
[robot_state_publisher-4] [INFO] [1747229630.985506429] [left.robot_state_publisher]: got segment left_summit_base_logo_rear
[robot_state_publisher-4] [INFO] [1747229630.985526272] [left.robot_state_publisher]: got segment left_summit_base_logo_right
[robot_state_publisher-4] [INFO] [1747229630.985545386] [left.robot_state_publisher]: got segment left_summit_front_laser_base_link
[robot_state_publisher-4] [INFO] [1747229630.985564503] [left.robot_state_publisher]: got segment left_summit_front_laser_link
[robot_state_publisher-4] [INFO] [1747229630.985582812] [left.robot_state_publisher]: got segment left_summit_front_left_wheel_link
[robot_state_publisher-4] [INFO] [1747229630.985601168] [left.robot_state_publisher]: got segment left_summit_front_right_wheel_link
[robot_state_publisher-4] [INFO] [1747229630.985619144] [left.robot_state_publisher]: got segment left_summit_imu_link
[robot_state_publisher-4] [INFO] [1747229630.985637294] [left.robot_state_publisher]: got segment left_summit_rear_laser_base_link
[robot_state_publisher-4] [INFO] [1747229630.985656026] [left.robot_state_publisher]: got segment left_summit_rear_laser_link
[robot_state_publisher-4] [INFO] [1747229630.985675629] [left.robot_state_publisher]: got segment ur_left_base
[robot_state_publisher-4] [INFO] [1747229630.985696201] [left.robot_state_publisher]: got segment ur_left_base_link
[robot_state_publisher-4] [INFO] [1747229630.985715614] [left.robot_state_publisher]: got segment ur_left_base_link_inertia
[robot_state_publisher-4] [INFO] [1747229630.985735246] [left.robot_state_publisher]: got segment ur_left_finger_left
[robot_state_publisher-4] [INFO] [1747229630.985754137] [left.robot_state_publisher]: got segment ur_left_finger_right
[robot_state_publisher-4] [INFO] [1747229630.985774350] [left.robot_state_publisher]: got segment ur_left_finger_tip
[robot_state_publisher-4] [INFO] [1747229630.999032953] [left.robot_state_publisher]: got segment ur_left_flange
[robot_state_publisher-4] [INFO] [1747229630.999080651] [left.robot_state_publisher]: got segment ur_left_forearm_link
[robot_state_publisher-4] [INFO] [1747229630.999105792] [left.robot_state_publisher]: got segment ur_left_ft_frame
[robot_state_publisher-4] [INFO] [1747229630.999126731] [left.robot_state_publisher]: got segment ur_left_robotiq_hand
[robot_state_publisher-4] [INFO] [1747229630.999147414] [left.robot_state_publisher]: got segment ur_left_shoulder_link
[robot_state_publisher-4] [INFO] [1747229630.999167492] [left.robot_state_publisher]: got segment ur_left_tool0
[robot_state_publisher-4] [INFO] [1747229630.999184945] [left.robot_state_publisher]: got segment ur_left_upper_arm_link
[robot_state_publisher-4] [INFO] [1747229630.999203895] [left.robot_state_publisher]: got segment ur_left_wrist_1_link
[robot_state_publisher-4] [INFO] [1747229630.999220812] [left.robot_state_publisher]: got segment ur_left_wrist_2_link
[robot_state_publisher-4] [INFO] [1747229630.999238402] [left.robot_state_publisher]: got segment ur_left_wrist_3_link
[static_transform_publisher-9] [WARN] [1747229630.956853608] []: Old-style arguments are deprecated; see --help for new-style arguments
[static_transform_publisher-9] [INFO] [1747229631.002792730] [left.static_transform_publisher]: Spinning until stopped - publishing transform
[static_transform_publisher-9] translation: ('-0.660000', '0.000000', '0.000000')
[static_transform_publisher-9] rotation: ('0.000000', '0.000000', '0.000000', '1.000000')
[static_transform_publisher-9] from 'world' to 'left_summit_odom'
[static_transform_publisher-10] [WARN] [1747229630.960827658] []: Old-style arguments are deprecated; see --help for new-style arguments
[static_transform_publisher-10] [INFO] [1747229631.122104461] [left_static_transform_publisher_back_left]: Spinning until stopped - publishing transform
[static_transform_publisher-10] translation: ('0.250000', '0.150000', '0.000000')
[static_transform_publisher-10] rotation: ('0.000000', '0.000000', '0.000000', '1.000000')
[static_transform_publisher-10] from 'left_summit_base_link' to 'left_summit_back_left_wheel_link'
[static_transform_publisher-11] [WARN] [1747229630.939108207] []: Old-style arguments are deprecated; see --help for new-style arguments
[static_transform_publisher-11] [INFO] [1747229631.111891143] [left_static_transform_publisher_back_right]: Spinning until stopped - publishing transform
[static_transform_publisher-11] translation: ('0.250000', '-0.150000', '0.000000')
[static_transform_publisher-11] rotation: ('0.000000', '0.000000', '0.000000', '1.000000')
[static_transform_publisher-11] from 'left_summit_base_link' to 'left_summit_back_right_wheel_link'
[static_transform_publisher-12] [WARN] [1747229630.996645324] []: Old-style arguments are deprecated; see --help for new-style arguments
[static_transform_publisher-12] [INFO] [1747229631.117307130] [left_static_transform_publisher_front_left]: Spinning until stopped - publishing transform
[static_transform_publisher-12] translation: ('-0.250000', '0.150000', '0.000000')
[static_transform_publisher-12] rotation: ('0.000000', '0.000000', '0.000000', '1.000000')
[static_transform_publisher-12] from 'left_summit_base_link' to 'left_summit_front_left_wheel_link'
[static_transform_publisher-13] [WARN] [1747229631.083589078] []: Old-style arguments are deprecated; see --help for new-style arguments
[static_transform_publisher-19] [WARN] [1747229631.258444643] []: Old-style arguments are deprecated; see --help for new-style arguments
[static_transform_publisher-21] [WARN] [1747229631.334195349] []: Old-style arguments are deprecated; see --help for new-style arguments
[static_transform_publisher-22] [WARN] [1747229631.360599018] []: Old-style arguments are deprecated; see --help for new-style arguments
[static_transform_publisher-13] [INFO] [1747229631.397677565] [static_transform_publisher_front_right]: Spinning until stopped - publishing transform
[static_transform_publisher-13] translation: ('-0.250000', '-0.150000', '0.000000')
[static_transform_publisher-13] rotation: ('0.000000', '0.000000', '0.000000', '1.000000')
[static_transform_publisher-13] from 'left_summit_base_link' to 'left_summit_front_right_wheel_link'
[static_transform_publisher-20] [WARN] [1747229631.423579817] []: Old-style arguments are deprecated; see --help for new-style arguments
[static_transform_publisher-19] [INFO] [1747229631.436679436] [right.static_transform_publisher]: Spinning until stopped - publishing transform
[static_transform_publisher-19] translation: ('0.660000', '0.000000', '0.000000')
[static_transform_publisher-19] rotation: ('0.000000', '0.000000', '0.000000', '1.000000')
[static_transform_publisher-19] from 'world' to 'right_summit_odom'
[static_transform_publisher-22] [INFO] [1747229631.458816211] [right_static_transform_publisher_front_left]: Spinning until stopped - publishing transform
[static_transform_publisher-22] translation: ('-0.250000', '0.150000', '0.000000')
[static_transform_publisher-22] rotation: ('0.000000', '0.000000', '0.000000', '1.000000')
[static_transform_publisher-22] from 'right_summit_base_link' to 'right_summit_front_left_wheel_link'
[static_transform_publisher-21] [INFO] [1747229631.523362733] [right_static_transform_publisher_back_right]: Spinning until stopped - publishing transform
[static_transform_publisher-21] translation: ('0.250000', '-0.150000', '0.000000')
[static_transform_publisher-21] rotation: ('0.000000', '0.000000', '0.000000', '1.000000')
[static_transform_publisher-21] from 'right_summit_base_link' to 'right_summit_back_right_wheel_link'
[static_transform_publisher-23] [WARN] [1747229631.592479192] []: Old-style arguments are deprecated; see --help for new-style arguments
[static_transform_publisher-20] [INFO] [1747229631.699693969] [right_static_transform_publisher_back_left]: Spinning until stopped - publishing transform
[static_transform_publisher-20] translation: ('0.250000', '0.150000', '0.000000')
[static_transform_publisher-20] rotation: ('0.000000', '0.000000', '0.000000', '1.000000')
[static_transform_publisher-20] from 'right_summit_base_link' to 'right_summit_back_left_wheel_link'
[robot_state_publisher-14] [INFO] [1747229631.758264770] [right.robot_state_publisher]: got segment right_summit_back_left_wheel_link
[robot_state_publisher-14] [INFO] [1747229631.779854392] [right.robot_state_publisher]: got segment right_summit_back_right_wheel_link
[robot_state_publisher-14] [INFO] [1747229631.779987300] [right.robot_state_publisher]: got segment right_summit_base_chapa
[robot_state_publisher-14] [INFO] [1747229631.780013970] [right.robot_state_publisher]: got segment right_summit_base_docking_contact
[robot_state_publisher-14] [INFO] [1747229631.780034143] [right.robot_state_publisher]: got segment right_summit_base_footprint
[robot_state_publisher-14] [INFO] [1747229631.780052760] [right.robot_state_publisher]: got segment right_summit_base_link
[robot_state_publisher-14] [INFO] [1747229631.780072603] [right.robot_state_publisher]: got segment right_summit_base_logo_front
[robot_state_publisher-14] [INFO] [1747229631.780091289] [right.robot_state_publisher]: got segment right_summit_base_logo_left
[robot_state_publisher-14] [INFO] [1747229631.780110518] [right.robot_state_publisher]: got segment right_summit_base_logo_rear
[robot_state_publisher-14] [INFO] [1747229631.780131417] [right.robot_state_publisher]: got segment right_summit_base_logo_right
[robot_state_publisher-14] [INFO] [1747229631.780300750] [right.robot_state_publisher]: got segment right_summit_front_laser_base_link
[robot_state_publisher-14] [INFO] [1747229631.780320572] [right.robot_state_publisher]: got segment right_summit_front_laser_link
[robot_state_publisher-14] [INFO] [1747229631.780340222] [right.robot_state_publisher]: got segment right_summit_front_left_wheel_link
[robot_state_publisher-14] [INFO] [1747229631.780361533] [right.robot_state_publisher]: got segment right_summit_front_right_wheel_link
[robot_state_publisher-14] [INFO] [1747229631.780379881] [right.robot_state_publisher]: got segment right_summit_imu_link
[robot_state_publisher-14] [INFO] [1747229631.780399249] [right.robot_state_publisher]: got segment right_summit_rear_laser_base_link
[robot_state_publisher-14] [INFO] [1747229631.780418995] [right.robot_state_publisher]: got segment right_summit_rear_laser_link
[robot_state_publisher-14] [INFO] [1747229631.780436546] [right.robot_state_publisher]: got segment ur_right_base
[robot_state_publisher-14] [INFO] [1747229631.780482233] [right.robot_state_publisher]: got segment ur_right_base_link
[robot_state_publisher-14] [INFO] [1747229631.780511577] [right.robot_state_publisher]: got segment ur_right_base_link_inertia
[robot_state_publisher-14] [INFO] [1747229631.780538912] [right.robot_state_publisher]: got segment ur_right_finger_left
[robot_state_publisher-14] [INFO] [1747229631.780558965] [right.robot_state_publisher]: got segment ur_right_finger_right
[robot_state_publisher-14] [INFO] [1747229631.780577062] [right.robot_state_publisher]: got segment ur_right_finger_tip
[robot_state_publisher-14] [INFO] [1747229631.780598409] [right.robot_state_publisher]: got segment ur_right_flange
[robot_state_publisher-14] [INFO] [1747229631.780620015] [right.robot_state_publisher]: got segment ur_right_forearm_link
[robot_state_publisher-14] [INFO] [1747229631.780638921] [right.robot_state_publisher]: got segment ur_right_ft_frame
[robot_state_publisher-14] [INFO] [1747229631.780663216] [right.robot_state_publisher]: got segment ur_right_robotiq_hand
[robot_state_publisher-14] [INFO] [1747229631.780681831] [right.robot_state_publisher]: got segment ur_right_shoulder_link
[robot_state_publisher-14] [INFO] [1747229631.780703409] [right.robot_state_publisher]: got segment ur_right_tool0
[robot_state_publisher-14] [INFO] [1747229631.780723345] [right.robot_state_publisher]: got segment ur_right_upper_arm_link
[robot_state_publisher-14] [INFO] [1747229631.780742727] [right.robot_state_publisher]: got segment ur_right_wrist_1_link
[robot_state_publisher-14] [INFO] [1747229631.780764258] [right.robot_state_publisher]: got segment ur_right_wrist_2_link
[robot_state_publisher-14] [INFO] [1747229631.780782792] [right.robot_state_publisher]: got segment ur_right_wrist_3_link
[move_group-8] [INFO] [1747229631.959391295] [moveit_rdf_loader.rdf_loader]: Loaded robot model in 0.163673 seconds
[move_group-8] [INFO] [1747229631.961102260] [moveit_robot_model.robot_model]: Loading robot model 'dual'...
[move_group-8] [WARN] [1747229631.961238007] [moveit_robot_model.robot_model]: Link left_summit_base_footprint has visual geometry but no collision geometry. Collision geometry will be left empty. Fix your URDF file by explicitly specifying collision geometry.
[move_group-8] [WARN] [1747229631.998908483] [moveit_robot_model.robot_model]: Link left_summit_base_logo_front has visual geometry but no collision geometry. Collision geometry will be left empty. Fix your URDF file by explicitly specifying collision geometry.
[move_group-8] [WARN] [1747229631.998970900] [moveit_robot_model.robot_model]: Link left_summit_base_logo_left has visual geometry but no collision geometry. Collision geometry will be left empty. Fix your URDF file by explicitly specifying collision geometry.
[move_group-8] [WARN] [1747229631.998992398] [moveit_robot_model.robot_model]: Link left_summit_base_logo_rear has visual geometry but no collision geometry. Collision geometry will be left empty. Fix your URDF file by explicitly specifying collision geometry.
[move_group-8] [WARN] [1747229631.999012542] [moveit_robot_model.robot_model]: Link left_summit_base_logo_right has visual geometry but no collision geometry. Collision geometry will be left empty. Fix your URDF file by explicitly specifying collision geometry.
[move_group-8] [WARN] [1747229631.999033253] [moveit_robot_model.robot_model]: Link left_summit_base_chapa has visual geometry but no collision geometry. Collision geometry will be left empty. Fix your URDF file by explicitly specifying collision geometry.
[move_group-8] [WARN] [1747229632.016252390] [moveit_robot_model.robot_model]: Link left_summit_imu_link has visual geometry but no collision geometry. Collision geometry will be left empty. Fix your URDF file by explicitly specifying collision geometry.
[spawn_entity.py-5] [INFO] [1747229632.118822061] [left]: Spawn Entity started
[spawn_entity.py-5] [INFO] [1747229632.123561678] [left]: Loading entity published on topic /left/robot_description
[spawn_entity.py-5] /opt/ros/humble/local/lib/python3.10/dist-packages/rclpy/qos.py:307: UserWarning: DurabilityPolicy.RMW_QOS_POLICY_DURABILITY_TRANSIENT_LOCAL is deprecated. Use DurabilityPolicy.TRANSIENT_LOCAL instead.
[spawn_entity.py-5]   warnings.warn(
[move_group-18] [INFO] [1747229632.135748021] [moveit_rdf_loader.rdf_loader]: Loaded robot model in 0.0621371 seconds
[move_group-18] [INFO] [1747229632.135973515] [moveit_robot_model.robot_model]: Loading robot model 'dual'...
[move_group-18] [WARN] [1747229632.136084184] [moveit_robot_model.robot_model]: Link right_summit_base_footprint has visual geometry but no collision geometry. Collision geometry will be left empty. Fix your URDF file by explicitly specifying collision geometry.
[static_transform_publisher-23] [INFO] [1747229632.158335617] [static_transform_publisher_front_right]: Spinning until stopped - publishing transform
[static_transform_publisher-23] translation: ('-0.250000', '-0.150000', '0.000000')
[static_transform_publisher-23] rotation: ('0.000000', '0.000000', '0.000000', '1.000000')
[static_transform_publisher-23] from 'right_summit_base_link' to 'right_summit_front_right_wheel_link'
[move_group-18] [WARN] [1747229632.161613098] [moveit_robot_model.robot_model]: Link right_summit_base_logo_front has visual geometry but no collision geometry. Collision geometry will be left empty. Fix your URDF file by explicitly specifying collision geometry.
[move_group-18] [WARN] [1747229632.161677419] [moveit_robot_model.robot_model]: Link right_summit_base_logo_left has visual geometry but no collision geometry. Collision geometry will be left empty. Fix your URDF file by explicitly specifying collision geometry.
[move_group-18] [WARN] [1747229632.161697889] [moveit_robot_model.robot_model]: Link right_summit_base_logo_rear has visual geometry but no collision geometry. Collision geometry will be left empty. Fix your URDF file by explicitly specifying collision geometry.
[move_group-18] [WARN] [1747229632.161716104] [moveit_robot_model.robot_model]: Link right_summit_base_logo_right has visual geometry but no collision geometry. Collision geometry will be left empty. Fix your URDF file by explicitly specifying collision geometry.
[move_group-18] [WARN] [1747229632.161734188] [moveit_robot_model.robot_model]: Link right_summit_base_chapa has visual geometry but no collision geometry. Collision geometry will be left empty. Fix your URDF file by explicitly specifying collision geometry.
[move_group-18] [WARN] [1747229632.187232471] [moveit_robot_model.robot_model]: Link right_summit_imu_link has visual geometry but no collision geometry. Collision geometry will be left empty. Fix your URDF file by explicitly specifying collision geometry.
[spawn_entity.py-5] [INFO] [1747229632.236921966] [left]: Waiting for entity xml on /left/robot_description
[spawn_entity.py-5] [INFO] [1747229632.266228145] [left]: Waiting for service /spawn_entity, timeout = 5
[spawn_entity.py-5] [INFO] [1747229632.268907456] [left]: Waiting for service /spawn_entity
[spawner-7] [INFO] [1747229633.247230563] [left.spawner_ur_left_joint_group_vel_controller]: waiting for service /left/controller_manager/list_controllers to become available...
[spawner-6] [INFO] [1747229633.307861625] [left.spawner_joint_state_broadcaster]: waiting for service /left/controller_manager/list_controllers to become available...
[spawner-17] [INFO] [1747229633.358669012] [right.spawner_ur_right_joint_group_vel_controller]: waiting for service /right/controller_manager/list_controllers to become available...
[spawner-16] [INFO] [1747229633.425898813] [right.spawner_joint_state_broadcaster]: waiting for service /right/controller_manager/list_controllers to become available...
[spawn_entity.py-15] [INFO] [1747229633.530398348] [right]: Spawn Entity started
[spawn_entity.py-15] [INFO] [1747229633.533569371] [right]: Loading entity published on topic /right/robot_description
[spawn_entity.py-15] /opt/ros/humble/local/lib/python3.10/dist-packages/rclpy/qos.py:307: UserWarning: DurabilityPolicy.RMW_QOS_POLICY_DURABILITY_TRANSIENT_LOCAL is deprecated. Use DurabilityPolicy.TRANSIENT_LOCAL instead.
[spawn_entity.py-15]   warnings.warn(
[spawn_entity.py-15] [INFO] [1747229633.540324134] [right]: Waiting for entity xml on /right/robot_description
[move_group-18] [INFO] [1747229634.021102202] [moveit.ros_planning_interface.moveit_cpp]: Listening to 'joint_states' for joint states
[move_group-18] [INFO] [1747229634.030715995] [moveit_ros.current_state_monitor]: Listening to joint states on topic 'joint_states'
[move_group-8] [INFO] [1747229634.033963677] [moveit.ros_planning_interface.moveit_cpp]: Listening to 'joint_states' for joint states
[move_group-18] [WARN] [1747229634.040895995] [moveit_ros.current_state_monitor]: Unable to update multi-DOF joint 'Vjoint_right':Failure to lookup transform between 'right_summit_odom'and 'right_summit_base_footprint' with TF exception: Could not find a connection between 'right_summit_odom' and 'right_summit_base_footprint' because they are not part of the same tree.Tf has two or more unconnected trees.
[move_group-18] [INFO] [1747229634.044929717] [moveit_ros.planning_scene_monitor.planning_scene_monitor]: Listening to '/right/attached_collision_object' for attached collision objects
[move_group-8] [INFO] [1747229634.047878342] [moveit_ros.current_state_monitor]: Listening to joint states on topic 'joint_states'
[move_group-8] [WARN] [1747229634.057050251] [moveit_ros.current_state_monitor]: Unable to update multi-DOF joint 'Vjoint_left':Failure to lookup transform between 'left_summit_odom'and 'left_summit_base_footprint' with TF exception: Could not find a connection between 'left_summit_odom' and 'left_summit_base_footprint' because they are not part of the same tree.Tf has two or more unconnected trees.
[move_group-18] [INFO] [1747229634.057176787] [moveit_ros.planning_scene_monitor.planning_scene_monitor]: Publishing maintained planning scene on 'monitored_planning_scene'
[move_group-18] [INFO] [1747229634.057411136] [moveit_ros.planning_scene_monitor.planning_scene_monitor]: Starting planning scene monitor
[move_group-18] [INFO] [1747229634.059599898] [moveit_ros.planning_scene_monitor.planning_scene_monitor]: Listening to '/right/planning_scene'
[move_group-18] [INFO] [1747229634.059652854] [moveit_ros.planning_scene_monitor.planning_scene_monitor]: Starting world geometry update monitor for collision objects, attached objects, octomap updates.
[move_group-18] [INFO] [1747229634.061560659] [moveit_ros.planning_scene_monitor.planning_scene_monitor]: Listening to 'collision_object'
[move_group-18] [INFO] [1747229634.062817284] [moveit_ros.planning_scene_monitor.planning_scene_monitor]: Listening to 'planning_scene_world' for planning scene world geometry
[move_group-18] [WARN] [1747229634.065268272] [moveit.ros.occupancy_map_monitor.middleware_handle]: Resolution not specified for Octomap. Assuming resolution = 0.1 instead
[move_group-8] [INFO] [1747229634.078056637] [moveit_ros.planning_scene_monitor.planning_scene_monitor]: Listening to '/left/attached_collision_object' for attached collision objects
[move_group-8] [INFO] [1747229634.083518941] [moveit_ros.planning_scene_monitor.planning_scene_monitor]: Publishing maintained planning scene on 'monitored_planning_scene'
[move_group-8] [INFO] [1747229634.083830014] [moveit_ros.planning_scene_monitor.planning_scene_monitor]: Starting planning scene monitor
[move_group-8] [INFO] [1747229634.088080185] [moveit_ros.planning_scene_monitor.planning_scene_monitor]: Listening to '/left/planning_scene'
[move_group-8] [INFO] [1747229634.088140866] [moveit_ros.planning_scene_monitor.planning_scene_monitor]: Starting world geometry update monitor for collision objects, attached objects, octomap updates.
[move_group-8] [INFO] [1747229634.091582110] [moveit_ros.planning_scene_monitor.planning_scene_monitor]: Listening to 'collision_object'
[move_group-8] [INFO] [1747229634.094396289] [moveit_ros.planning_scene_monitor.planning_scene_monitor]: Listening to 'planning_scene_world' for planning scene world geometry
[move_group-8] [WARN] [1747229634.096641689] [moveit.ros.occupancy_map_monitor.middleware_handle]: Resolution not specified for Octomap. Assuming resolution = 0.1 instead
[spawn_entity.py-15] [INFO] [1747229634.430649959] [right]: Waiting for service /spawn_entity, timeout = 5
[spawn_entity.py-15] [INFO] [1747229634.431686609] [right]: Waiting for service /spawn_entity
[rviz2-3] [INFO] [1747229634.832525598] [rviz2]: Stereo is NOT SUPPORTED
[rviz2-3] [INFO] [1747229634.832825258] [rviz2]: OpenGl version: 4.6 (GLSL 4.6)
[rviz2-3] [INFO] [1747229634.951935171] [rviz2]: Stereo is NOT SUPPORTED
[move_group-18] [INFO] [1747229636.350495178] [moveit.ros_planning_interface.moveit_cpp]: Loading planning pipeline 'ompl'
[move_group-8] [INFO] [1747229636.353066433] [moveit.ros_planning_interface.moveit_cpp]: Loading planning pipeline 'ompl'
[rviz2-3] [WARN] [1747229636.373321839] [rcl.logging_rosout]: Publisher already registered for provided node name. If this is due to multiple nodes with the same name then all logs for that logger name will go out over the existing publisher. As soon as any node with that name is destructed it will unregister the publisher, preventing any further logs for that name from being published on the rosout topic.
[move_group-8] [INFO] [1747229636.400552929] [moveit.ros_planning.planning_pipeline]: Using planning interface 'OMPL'
[move_group-18] [INFO] [1747229636.409421370] [moveit.ros_planning.planning_pipeline]: Using planning interface 'OMPL'
[move_group-8] [INFO] [1747229636.416401095] [moveit_ros.add_time_optimal_parameterization]: Param 'ompl.path_tolerance' was not set. Using default value: 0.100000
[move_group-8] [INFO] [1747229636.416469731] [moveit_ros.add_time_optimal_parameterization]: Param 'ompl.resample_dt' was not set. Using default value: 0.100000
[move_group-8] [INFO] [1747229636.416581814] [moveit_ros.add_time_optimal_parameterization]: Param 'ompl.min_angle_change' was not set. Using default value: 0.001000
[move_group-8] [INFO] [1747229636.416665421] [moveit_ros.fix_workspace_bounds]: Param 'ompl.default_workspace_bounds' was not set. Using default value: 10.000000
[move_group-8] [INFO] [1747229636.416707221] [moveit_ros.fix_start_state_bounds]: Param 'ompl.start_state_max_bounds_error' was set to 0.100000
[move_group-8] [INFO] [1747229636.416721529] [moveit_ros.fix_start_state_bounds]: Param 'ompl.start_state_max_dt' was not set. Using default value: 0.500000
[move_group-8] [INFO] [1747229636.416755938] [moveit_ros.fix_start_state_collision]: Param 'ompl.start_state_max_dt' was not set. Using default value: 0.500000
[move_group-8] [INFO] [1747229636.416771580] [moveit_ros.fix_start_state_collision]: Param 'ompl.jiggle_fraction' was set to 0.050000
[move_group-8] [INFO] [1747229636.416818596] [moveit_ros.fix_start_state_collision]: Param 'ompl.max_sampling_attempts' was not set. Using default value: 100
[move_group-8] [INFO] [1747229636.416854384] [moveit.ros_planning.planning_pipeline]: Using planning request adapter 'Add Time Optimal Parameterization'
[move_group-8] [INFO] [1747229636.416871564] [moveit.ros_planning.planning_pipeline]: Using planning request adapter 'Resolve constraint frames to robot links'
[move_group-8] [INFO] [1747229636.416882110] [moveit.ros_planning.planning_pipeline]: Using planning request adapter 'Fix Workspace Bounds'
[move_group-8] [INFO] [1747229636.416892372] [moveit.ros_planning.planning_pipeline]: Using planning request adapter 'Fix Start State Bounds'
[move_group-8] [INFO] [1747229636.416901166] [moveit.ros_planning.planning_pipeline]: Using planning request adapter 'Fix Start State In Collision'
[move_group-8] [INFO] [1747229636.416910955] [moveit.ros_planning.planning_pipeline]: Using planning request adapter 'Fix Start State Path Constraints'
[move_group-18] [INFO] [1747229636.423610202] [moveit_ros.add_time_optimal_parameterization]: Param 'ompl.path_tolerance' was not set. Using default value: 0.100000
[move_group-18] [INFO] [1747229636.423744714] [moveit_ros.add_time_optimal_parameterization]: Param 'ompl.resample_dt' was not set. Using default value: 0.100000
[move_group-18] [INFO] [1747229636.423763585] [moveit_ros.add_time_optimal_parameterization]: Param 'ompl.min_angle_change' was not set. Using default value: 0.001000
[move_group-18] [INFO] [1747229636.423841405] [moveit_ros.fix_workspace_bounds]: Param 'ompl.default_workspace_bounds' was not set. Using default value: 10.000000
[move_group-18] [INFO] [1747229636.423985360] [moveit_ros.fix_start_state_bounds]: Param 'ompl.start_state_max_bounds_error' was set to 0.100000
[move_group-18] [INFO] [1747229636.424002775] [moveit_ros.fix_start_state_bounds]: Param 'ompl.start_state_max_dt' was not set. Using default value: 0.500000
[move_group-18] [INFO] [1747229636.424032845] [moveit_ros.fix_start_state_collision]: Param 'ompl.start_state_max_dt' was not set. Using default value: 0.500000
[move_group-18] [INFO] [1747229636.424049141] [moveit_ros.fix_start_state_collision]: Param 'ompl.jiggle_fraction' was set to 0.050000
[move_group-18] [INFO] [1747229636.424094840] [moveit_ros.fix_start_state_collision]: Param 'ompl.max_sampling_attempts' was not set. Using default value: 100
[move_group-18] [INFO] [1747229636.424130389] [moveit.ros_planning.planning_pipeline]: Using planning request adapter 'Add Time Optimal Parameterization'
[move_group-18] [INFO] [1747229636.424147809] [moveit.ros_planning.planning_pipeline]: Using planning request adapter 'Resolve constraint frames to robot links'
[move_group-18] [INFO] [1747229636.424221909] [moveit.ros_planning.planning_pipeline]: Using planning request adapter 'Fix Workspace Bounds'
[move_group-18] [INFO] [1747229636.424235481] [moveit.ros_planning.planning_pipeline]: Using planning request adapter 'Fix Start State Bounds'
[move_group-18] [INFO] [1747229636.424245677] [moveit.ros_planning.planning_pipeline]: Using planning request adapter 'Fix Start State In Collision'
[move_group-18] [INFO] [1747229636.424255145] [moveit.ros_planning.planning_pipeline]: Using planning request adapter 'Fix Start State Path Constraints'
[move_group-8] [INFO] [1747229636.425832674] [moveit.ros_planning_interface.moveit_cpp]: Loading planning pipeline 'chomp'
[move_group-18] [INFO] [1747229636.441019398] [moveit.ros_planning_interface.moveit_cpp]: Loading planning pipeline 'chomp'
[move_group-8] [INFO] [1747229636.445615484] [moveit.ros_planning.planning_pipeline]: Using planning interface 'CHOMP'
[move_group-8] [INFO] [1747229636.459261298] [moveit_ros.add_time_optimal_parameterization]: Param 'chomp.path_tolerance' was not set. Using default value: 0.100000
[move_group-8] [INFO] [1747229636.459310752] [moveit_ros.add_time_optimal_parameterization]: Param 'chomp.resample_dt' was not set. Using default value: 0.100000
[move_group-8] [INFO] [1747229636.459326203] [moveit_ros.add_time_optimal_parameterization]: Param 'chomp.min_angle_change' was not set. Using default value: 0.001000
[move_group-8] [INFO] [1747229636.459382989] [moveit_ros.fix_workspace_bounds]: Param 'chomp.default_workspace_bounds' was not set. Using default value: 10.000000
[move_group-8] [INFO] [1747229636.459425554] [moveit_ros.fix_start_state_bounds]: Param 'chomp.start_state_max_bounds_error' was set to 0.100000
[move_group-8] [INFO] [1747229636.459443133] [moveit_ros.fix_start_state_bounds]: Param 'chomp.start_state_max_dt' was not set. Using default value: 0.500000
[move_group-8] [INFO] [1747229636.459475609] [moveit_ros.fix_start_state_collision]: Param 'chomp.start_state_max_dt' was not set. Using default value: 0.500000
[move_group-8] [INFO] [1747229636.459493508] [moveit_ros.fix_start_state_collision]: Param 'chomp.jiggle_fraction' was set to 0.050000
[move_group-8] [INFO] [1747229636.459507652] [moveit_ros.fix_start_state_collision]: Param 'chomp.max_sampling_attempts' was not set. Using default value: 100
[move_group-8] [INFO] [1747229636.459539580] [moveit.ros_planning.planning_pipeline]: Using planning request adapter 'Add Time Optimal Parameterization'
[move_group-8] [INFO] [1747229636.459554099] [moveit.ros_planning.planning_pipeline]: Using planning request adapter 'Resolve constraint frames to robot links'
[move_group-8] [INFO] [1747229636.459565107] [moveit.ros_planning.planning_pipeline]: Using planning request adapter 'Fix Workspace Bounds'
[move_group-8] [INFO] [1747229636.459574294] [moveit.ros_planning.planning_pipeline]: Using planning request adapter 'Fix Start State Bounds'
[move_group-8] [INFO] [1747229636.459583649] [moveit.ros_planning.planning_pipeline]: Using planning request adapter 'Fix Start State In Collision'
[move_group-8] [INFO] [1747229636.459592300] [moveit.ros_planning.planning_pipeline]: Using planning request adapter 'Fix Start State Path Constraints'
[move_group-18] [INFO] [1747229636.459432932] [moveit.ros_planning.planning_pipeline]: Using planning interface 'CHOMP'
[move_group-8] [INFO] [1747229636.469986252] [moveit.ros_planning_interface.moveit_cpp]: Loading planning pipeline 'pilz_industrial_motion_planner'
[move_group-18] [INFO] [1747229636.474714137] [moveit_ros.add_time_optimal_parameterization]: Param 'chomp.path_tolerance' was not set. Using default value: 0.100000
[move_group-18] [INFO] [1747229636.474793363] [moveit_ros.add_time_optimal_parameterization]: Param 'chomp.resample_dt' was not set. Using default value: 0.100000
[move_group-18] [INFO] [1747229636.474808672] [moveit_ros.add_time_optimal_parameterization]: Param 'chomp.min_angle_change' was not set. Using default value: 0.001000
[move_group-18] [INFO] [1747229636.474870625] [moveit_ros.fix_workspace_bounds]: Param 'chomp.default_workspace_bounds' was not set. Using default value: 10.000000
[move_group-18] [INFO] [1747229636.474914483] [moveit_ros.fix_start_state_bounds]: Param 'chomp.start_state_max_bounds_error' was set to 0.100000
[move_group-18] [INFO] [1747229636.474933012] [moveit_ros.fix_start_state_bounds]: Param 'chomp.start_state_max_dt' was not set. Using default value: 0.500000
[move_group-18] [INFO] [1747229636.474971058] [moveit_ros.fix_start_state_collision]: Param 'chomp.start_state_max_dt' was not set. Using default value: 0.500000
[move_group-18] [INFO] [1747229636.474990687] [moveit_ros.fix_start_state_collision]: Param 'chomp.jiggle_fraction' was set to 0.050000
[move_group-18] [INFO] [1747229636.475006686] [moveit_ros.fix_start_state_collision]: Param 'chomp.max_sampling_attempts' was not set. Using default value: 100
[move_group-18] [INFO] [1747229636.475044403] [moveit.ros_planning.planning_pipeline]: Using planning request adapter 'Add Time Optimal Parameterization'
[move_group-18] [INFO] [1747229636.475059384] [moveit.ros_planning.planning_pipeline]: Using planning request adapter 'Resolve constraint frames to robot links'
[move_group-18] [INFO] [1747229636.475070332] [moveit.ros_planning.planning_pipeline]: Using planning request adapter 'Fix Workspace Bounds'
[move_group-18] [INFO] [1747229636.475080934] [moveit.ros_planning.planning_pipeline]: Using planning request adapter 'Fix Start State Bounds'
[move_group-18] [INFO] [1747229636.475091054] [moveit.ros_planning.planning_pipeline]: Using planning request adapter 'Fix Start State In Collision'
[move_group-18] [INFO] [1747229636.475101800] [moveit.ros_planning.planning_pipeline]: Using planning request adapter 'Fix Start State Path Constraints'
[move_group-18] [INFO] [1747229636.478695960] [moveit.ros_planning_interface.moveit_cpp]: Loading planning pipeline 'pilz_industrial_motion_planner'
[move_group-8] [INFO] [1747229636.490057808] [moveit.pilz_industrial_motion_planner.joint_limits_aggregator]: Reading limits from namespace robot_description_planning
[move_group-18] [INFO] [1747229636.496334838] [moveit.pilz_industrial_motion_planner.joint_limits_aggregator]: Reading limits from namespace robot_description_planning
[move_group-18] [WARN] [1747229636.504653389] [moveit.pilz_industrial_motion_planner.joint_limits_aggregator]: Multi-DOF-Joint 'Vjoint_right' not supported.
[move_group-18] [WARN] [1747229636.504734185] [moveit.pilz_industrial_motion_planner.joint_limits_aggregator]: Multi-DOF-Joint 'Vjoint_right' not supported.
[move_group-8] [WARN] [1747229636.506970362] [moveit.pilz_industrial_motion_planner.joint_limits_aggregator]: Multi-DOF-Joint 'Vjoint_left' not supported.
[move_group-8] [WARN] [1747229636.507037010] [moveit.pilz_industrial_motion_planner.joint_limits_aggregator]: Multi-DOF-Joint 'Vjoint_left' not supported.
[move_group-8] [INFO] [1747229636.539220359] [moveit.pilz_industrial_motion_planner]: Available plugins: pilz_industrial_motion_planner/PlanningContextLoaderCIRC pilz_industrial_motion_planner/PlanningContextLoaderLIN pilz_industrial_motion_planner/PlanningContextLoaderPTP 
[move_group-8] [INFO] [1747229636.539266327] [moveit.pilz_industrial_motion_planner]: About to load: pilz_industrial_motion_planner/PlanningContextLoaderCIRC
[move_group-8] [INFO] [1747229636.543282824] [moveit.pilz_industrial_motion_planner]: Registered Algorithm [CIRC]
[move_group-8] [INFO] [1747229636.543351368] [moveit.pilz_industrial_motion_planner]: About to load: pilz_industrial_motion_planner/PlanningContextLoaderLIN
[move_group-8] [INFO] [1747229636.545911844] [moveit.pilz_industrial_motion_planner]: Registered Algorithm [LIN]
[move_group-8] [INFO] [1747229636.545958679] [moveit.pilz_industrial_motion_planner]: About to load: pilz_industrial_motion_planner/PlanningContextLoaderPTP
[move_group-8] [INFO] [1747229636.549866930] [moveit.pilz_industrial_motion_planner]: Registered Algorithm [PTP]
[move_group-8] [INFO] [1747229636.550112967] [moveit.ros_planning.planning_pipeline]: Using planning interface 'Pilz Industrial Motion Planner'
[move_group-18] [INFO] [1747229636.568834666] [moveit.pilz_industrial_motion_planner]: Available plugins: pilz_industrial_motion_planner/PlanningContextLoaderCIRC pilz_industrial_motion_planner/PlanningContextLoaderLIN pilz_industrial_motion_planner/PlanningContextLoaderPTP 
[move_group-18] [INFO] [1747229636.568896134] [moveit.pilz_industrial_motion_planner]: About to load: pilz_industrial_motion_planner/PlanningContextLoaderCIRC
[move_group-18] [INFO] [1747229636.573442597] [moveit.pilz_industrial_motion_planner]: Registered Algorithm [CIRC]
[move_group-18] [INFO] [1747229636.573500496] [moveit.pilz_industrial_motion_planner]: About to load: pilz_industrial_motion_planner/PlanningContextLoaderLIN
[move_group-18] [INFO] [1747229636.576356464] [moveit.pilz_industrial_motion_planner]: Registered Algorithm [LIN]
[move_group-18] [INFO] [1747229636.576413363] [moveit.pilz_industrial_motion_planner]: About to load: pilz_industrial_motion_planner/PlanningContextLoaderPTP
[move_group-18] [INFO] [1747229636.578982820] [moveit.pilz_industrial_motion_planner]: Registered Algorithm [PTP]
[move_group-18] [INFO] [1747229636.579080526] [moveit.ros_planning.planning_pipeline]: Using planning interface 'Pilz Industrial Motion Planner'
[move_group-8] [ERROR] [1747229637.088365618] [moveit.plugins.moveit_simple_controller_manager]: No controller_names specified.
[move_group-8] [INFO] [1747229637.088783994] [moveit.plugins.moveit_simple_controller_manager]: Returned 0 controllers in list
[move_group-8] [INFO] [1747229637.088812565] [moveit.plugins.moveit_simple_controller_manager]: Returned 0 controllers in list
[move_group-8] [INFO] [1747229637.094138073] [moveit_ros.trajectory_execution_manager]: Trajectory execution is managing controllers
[move_group-8] [INFO] [1747229637.094203910] [move_group.move_group]: MoveGroup debug mode is ON
[move_group-8] terminate called after throwing an instance of 'rclcpp::exceptions::InvalidParameterTypeException'
[move_group-8]   what():  parameter 'capabilities' has invalid type: expected [string] got [string_array]
[move_group-8] Stack trace (most recent call last):
[move_group-18] [ERROR] [1747229637.129520561] [moveit.plugins.moveit_simple_controller_manager]: No controller_names specified.
[move_group-18] [INFO] [1747229637.129890347] [moveit.plugins.moveit_simple_controller_manager]: Returned 0 controllers in list
[move_group-18] [INFO] [1747229637.129935787] [moveit.plugins.moveit_simple_controller_manager]: Returned 0 controllers in list
[move_group-8] #15   Object "", at 0xffffffffffffffff, in 
[move_group-8] #14   Object "/ros2_ws/build/moveit_ros_move_group/move_group", at 0x561e397a3eb4, in _start
[move_group-8] #13   Object "/usr/lib/x86_64-linux-gnu/libc.so.6", at 0x7f195f3dee3f, in __libc_start_main
[move_group-8] #12   Object "/usr/lib/x86_64-linux-gnu/libc.so.6", at 0x7f195f3ded8f, in 
[move_group-8] #11   Object "/ros2_ws/build/moveit_ros_move_group/move_group", at 0x561e397a32f3, in main
[move_group-8] #10   Object "/ros2_ws/build/moveit_ros_move_group/move_group", at 0x561e397ce920, in move_group::MoveGroupExe::MoveGroupExe(std::shared_ptr<moveit_cpp::MoveItCpp> const&, std::__cxx11::basic_string<char, std::char_traits<char>, std::allocator<char> > const&, bool)
[move_group-8] #9    Object "/ros2_ws/build/moveit_ros_move_group/move_group", at 0x561e397cc8a4, in move_group::MoveGroupExe::configureCapabilities()
[move_group-8] #8    Object "/ros2_ws/build/moveit_ros_move_group/move_group", at 0x561e397a9f58, in bool rclcpp::Node::get_parameter<std::__cxx11::basic_string<char, std::char_traits<char>, std::allocator<char> > >(std::__cxx11::basic_string<char, std::char_traits<char>, std::allocator<char> > const&, std::__cxx11::basic_string<char, std::char_traits<char>, std::allocator<char> >&) const
[move_group-8] #7    Object "/ros2_ws/build/moveit_ros_move_group/move_group", at 0x561e397a9e8a, in decltype(auto) rclcpp::Parameter::get_value<std::__cxx11::basic_string<char, std::char_traits<char>, std::allocator<char> > >() const
[move_group-8] #6    Object "/usr/lib/x86_64-linux-gnu/libstdc++.so.6.0.30", at 0x7f195f68c4d7, in __cxa_throw
[move_group-18] [INFO] [1747229637.135878111] [moveit_ros.trajectory_execution_manager]: Trajectory execution is managing controllers
[move_group-18] [INFO] [1747229637.135945231] [move_group.move_group]: MoveGroup debug mode is ON
[move_group-8] #5    Object "/usr/lib/x86_64-linux-gnu/libstdc++.so.6.0.30", at 0x7f195f68c276, in std::terminate()
[move_group-8] #4    Object "/usr/lib/x86_64-linux-gnu/libstdc++.so.6.0.30", at 0x7f195f68c20b, in 
[move_group-8] #3    Object "/usr/lib/x86_64-linux-gnu/libstdc++.so.6.0.30", at 0x7f195f680b9d, in 
[move_group-8] #2    Object "/usr/lib/x86_64-linux-gnu/libc.so.6", at 0x7f195f3dd7f2, in abort
[move_group-8] #1    Object "/usr/lib/x86_64-linux-gnu/libc.so.6", at 0x7f195f3f7475, in raise
[move_group-8] #0    Object "/usr/lib/x86_64-linux-gnu/libc.so.6", at 0x7f195f44b9fc, in pthread_kill
[move_group-8] Aborted (Signal sent by tkill() 3613 0)
[move_group-18] terminate called after throwing an instance of 'rclcpp::exceptions::InvalidParameterTypeException'
[move_group-18]   what():  parameter 'capabilities' has invalid type: expected [string] got [string_array]
[move_group-18] Stack trace (most recent call last):
[move_group-18] #15   Object "", at 0xffffffffffffffff, in 
[move_group-18] #14   Object "/ros2_ws/build/moveit_ros_move_group/move_group", at 0x55b819184eb4, in _start
[move_group-18] #13   Object "/usr/lib/x86_64-linux-gnu/libc.so.6", at 0x7f847f5bee3f, in __libc_start_main
[move_group-18] #12   Object "/usr/lib/x86_64-linux-gnu/libc.so.6", at 0x7f847f5bed8f, in 
[move_group-18] #11   Object "/ros2_ws/build/moveit_ros_move_group/move_group", at 0x55b8191842f3, in main
[move_group-18] #10   Object "/ros2_ws/build/moveit_ros_move_group/move_group", at 0x55b8191af920, in move_group::MoveGroupExe::MoveGroupExe(std::shared_ptr<moveit_cpp::MoveItCpp> const&, std::__cxx11::basic_string<char, std::char_traits<char>, std::allocator<char> > const&, bool)
[move_group-18] #9    Object "/ros2_ws/build/moveit_ros_move_group/move_group", at 0x55b8191ad8a4, in move_group::MoveGroupExe::configureCapabilities()
[move_group-18] #8    Object "/ros2_ws/build/moveit_ros_move_group/move_group", at 0x55b81918af58, in bool rclcpp::Node::get_parameter<std::__cxx11::basic_string<char, std::char_traits<char>, std::allocator<char> > >(std::__cxx11::basic_string<char, std::char_traits<char>, std::allocator<char> > const&, std::__cxx11::basic_string<char, std::char_traits<char>, std::allocator<char> >&) const
[move_group-18] #7    Object "/ros2_ws/build/moveit_ros_move_group/move_group", at 0x55b81918ae8a, in decltype(auto) rclcpp::Parameter::get_value<std::__cxx11::basic_string<char, std::char_traits<char>, std::allocator<char> > >() const
[move_group-18] #6    Object "/usr/lib/x86_64-linux-gnu/libstdc++.so.6.0.30", at 0x7f847f88c4d7, in __cxa_throw
[move_group-18] #5    Object "/usr/lib/x86_64-linux-gnu/libstdc++.so.6.0.30", at 0x7f847f88c276, in std::terminate()
[move_group-18] #4    Object "/usr/lib/x86_64-linux-gnu/libstdc++.so.6.0.30", at 0x7f847f88c20b, in 
[move_group-18] #3    Object "/usr/lib/x86_64-linux-gnu/libstdc++.so.6.0.30", at 0x7f847f880b9d, in 
[move_group-18] #2    Object "/usr/lib/x86_64-linux-gnu/libc.so.6", at 0x7f847f5bd7f2, in abort
[move_group-18] #1    Object "/usr/lib/x86_64-linux-gnu/libc.so.6", at 0x7f847f5d7475, in raise
[move_group-18] #0    Object "/usr/lib/x86_64-linux-gnu/libc.so.6", at 0x7f847f62b9fc, in pthread_kill
[move_group-18] Aborted (Signal sent by tkill() 3699 0)
[spawn_entity.py-5] [ERROR] [1747229637.409647409] [left]: Service %s/spawn_entity unavailable. Was Gazebo started with GazeboRosFactory?
[spawn_entity.py-5] [ERROR] [1747229637.410680150] [left]: Spawn service failed. Exiting.
[ERROR] [spawn_entity.py-5]: process has died [pid 3607, exit code 1, cmd '/opt/ros/humble/lib/gazebo_ros/spawn_entity.py -entity left_robot -topic /left/robot_description -x -0.66 -y 0 -z 0 -timeout 5 -unpause --ros-args -r __node:=left'].
[gzserver-1] [WARN] [1747229638.021121963] [rcl]: Found remap rule 'model_states:=model_states'. This syntax is deprecated. Use '--ros-args --remap model_states:=model_states' instead.
[gzserver-1] [WARN] [1747229638.021510093] [rcl]: Found remap rule 'link_states:=link_states'. This syntax is deprecated. Use '--ros-args --remap link_states:=link_states' instead.
[gzserver-1] [INFO] [1747229638.066352809] [state.gazebo_ros_state]: Publishing states of gazebo models at [/state/model_states]
[gzserver-1] [INFO] [1747229638.069658973] [state.gazebo_ros_state]: Publishing states of gazebo links at [/state/link_states]
[spawn_entity.py-15] [INFO] [1747229638.203395610] [right]: Calling service /spawn_entity
[gzserver-1] [INFO] [1747229639.548193523] [right_summit_imu_imu_plugin]: <initial_orientation_as_reference> is unset, using default value of false to comply with REP 145 (world as orientation reference)
[spawn_entity.py-15] [INFO] [1747229639.950810934] [right]: Spawn status: SpawnEntity: Successfully spawned entity [right_robot]
[spawn_entity.py-15] [INFO] [1747229639.968662295] [right]: Calling service /unpause_physics
[INFO] [spawn_entity.py-15]: process has finished cleanly [pid 3683]
[spawner-7] [WARN] [1747229643.275459015] [left.spawner_ur_left_joint_group_vel_controller]: Could not contact service /left/controller_manager/list_controllers
[spawner-7] [INFO] [1747229643.276793233] [left.spawner_ur_left_joint_group_vel_controller]: waiting for service /left/controller_manager/list_controllers to become available...
[spawner-6] [WARN] [1747229643.331934945] [left.spawner_joint_state_broadcaster]: Could not contact service /left/controller_manager/list_controllers
[spawner-6] [INFO] [1747229643.332976882] [left.spawner_joint_state_broadcaster]: waiting for service /left/controller_manager/list_controllers to become available...
[spawner-17] [WARN] [1747229643.386203871] [right.spawner_ur_right_joint_group_vel_controller]: Could not contact service /right/controller_manager/list_controllers
[spawner-17] [INFO] [1747229643.387180247] [right.spawner_ur_right_joint_group_vel_controller]: waiting for service /right/controller_manager/list_controllers to become available...
[spawner-16] [WARN] [1747229643.451454119] [right.spawner_joint_state_broadcaster]: Could not contact service /right/controller_manager/list_controllers
[spawner-16] [INFO] [1747229643.452566464] [right.spawner_joint_state_broadcaster]: waiting for service /right/controller_manager/list_controllers to become available...
[INFO] [gzclient-2]: process has finished cleanly [pid 3601]
[rviz2-3] [ERROR] [1747229646.536383781] [rviz2]: Could not find parameter robot_description and did not receive robot_description via std_msgs::msg::String subscription within 10.000000 seconds.
[WARNING] [launch]: user interrupted with ctrl-c (SIGINT)
[static_transform_publisher-13] [INFO] [1747229646.801170594] [rclcpp]: signal_handler(signum=2)
[rviz2-3] [INFO] [1747229646.801189121] [rclcpp]: signal_handler(signum=2)
[static_transform_publisher-22] [INFO] [1747229646.801188681] [rclcpp]: signal_handler(signum=2)
[static_transform_publisher-23] [INFO] [1747229646.801210387] [rclcpp]: signal_handler(signum=2)
[static_transform_publisher-21] [INFO] [1747229646.802639396] [rclcpp]: signal_handler(signum=2)
[static_transform_publisher-20] [INFO] [1747229646.802687980] [rclcpp]: signal_handler(signum=2)
[static_transform_publisher-19] [INFO] [1747229646.802766809] [rclcpp]: signal_handler(signum=2)
[robot_state_publisher-14] [INFO] [1747229646.806356831] [rclcpp]: signal_handler(signum=2)
[static_transform_publisher-12] [INFO] [1747229646.806500244] [rclcpp]: signal_handler(signum=2)
[static_transform_publisher-11] [INFO] [1747229646.806601708] [rclcpp]: signal_handler(signum=2)
[static_transform_publisher-10] [INFO] [1747229646.807142736] [rclcpp]: signal_handler(signum=2)
[static_transform_publisher-9] [INFO] [1747229646.807222166] [rclcpp]: signal_handler(signum=2)
[robot_state_publisher-4] [INFO] [1747229646.807595551] [rclcpp]: signal_handler(signum=2)
[INFO] [static_transform_publisher-23]: process has finished cleanly [pid 3736]
[INFO] [static_transform_publisher-9]: process has finished cleanly [pid 3615]
[INFO] [static_transform_publisher-20]: process has finished cleanly [pid 3721]
[INFO] [static_transform_publisher-12]: process has finished cleanly [pid 3629]
[INFO] [static_transform_publisher-11]: process has finished cleanly [pid 3626]
[INFO] [static_transform_publisher-19]: process has finished cleanly [pid 3717]
[INFO] [static_transform_publisher-10]: process has finished cleanly [pid 3618]
[INFO] [static_transform_publisher-21]: process has finished cleanly [pid 3724]
[INFO] [static_transform_publisher-13]: process has finished cleanly [pid 3643]
[INFO] [static_transform_publisher-22]: process has finished cleanly [pid 3726]
[INFO] [robot_state_publisher-14]: process has finished cleanly [pid 3671]
[INFO] [robot_state_publisher-4]: process has finished cleanly [pid 3605]
[INFO] [spawner-17]: process has finished cleanly [pid 3688]
[INFO] [spawner-6]: process has finished cleanly [pid 3609]
[INFO] [spawner-16]: process has finished cleanly [pid 3685]
[INFO] [spawner-7]: process has finished cleanly [pid 3611]
[ERROR] [move_group-18]: process[move_group-18] failed to terminate '5' seconds after receiving 'SIGINT', escalating to 'SIGTERM'
[ERROR] [move_group-8]: process[move_group-8] failed to terminate '5' seconds after receiving 'SIGINT', escalating to 'SIGTERM'
[ERROR] [rviz2-3]: process[rviz2-3] failed to terminate '5' seconds after receiving 'SIGINT', escalating to 'SIGTERM'
[INFO] [move_group-18]: sending signal 'SIGTERM' to process[move_group-18]
[ERROR] [gzserver-1]: process[gzserver-1] failed to terminate '5' seconds after receiving 'SIGINT', escalating to 'SIGTERM'
[INFO] [move_group-8]: sending signal 'SIGTERM' to process[move_group-8]
[INFO] [rviz2-3]: sending signal 'SIGTERM' to process[rviz2-3]
[INFO] [gzserver-1]: sending signal 'SIGTERM' to process[gzserver-1]
[ERROR] [rviz2-3]: process has died [pid 3603, exit code -15, cmd '/opt/ros/humble/lib/rviz2/rviz2 -d /ros2_ws/install/ur/share/ur/rviz/rviz_config.rviz --ros-args -r __node:=rviz2 --params-file /tmp/launch_params_8ur6_20g --params-file /tmp/launch_params_sn_ptviv'].
[ERROR] [move_group-18]: process[move_group-18] failed to terminate '10.0' seconds after receiving 'SIGTERM', escalating to 'SIGKILL'
[ERROR] [move_group-8]: process[move_group-8] failed to terminate '10.0' seconds after receiving 'SIGTERM', escalating to 'SIGKILL'
[INFO] [move_group-18]: sending signal 'SIGKILL' to process[move_group-18]
[INFO] [move_group-8]: sending signal 'SIGKILL' to process[move_group-8]
[ERROR] [gzserver-1]: process[gzserver-1] failed to terminate '10.0' seconds after receiving 'SIGTERM', escalating to 'SIGKILL'
[INFO] [gzserver-1]: sending signal 'SIGKILL' to process[gzserver-1]
[ERROR] [move_group-18]: process has died [pid 3699, exit code -9, cmd '/ros2_ws/install/moveit_ros_move_group/lib/moveit_ros_move_group/move_group --ros-args -r __ns:=/right --params-file /tmp/launch_params_fpiqv5dl --params-file /tmp/launch_params_l36qlrc_ --params-file /tmp/launch_params_a7jidp22 --params-file /tmp/launch_params_2xhq1ffw'].
[ERROR] [move_group-8]: process has died [pid 3613, exit code -9, cmd '/ros2_ws/install/moveit_ros_move_group/lib/moveit_ros_move_group/move_group --ros-args -r __ns:=/left --params-file /tmp/launch_params_be8tuzbz --params-file /tmp/launch_params_4pkhkd_u --params-file /tmp/launch_params_1ke2ryft --params-file /tmp/launch_params_ldkofpkj'].
[ERROR] [gzserver-1]: process has died [pid 3599, exit code -9, cmd 'gzserver /ros2_ws/install/ur/share/ur/xacro/gazebo.world --physics False -slibgazebo_ros_init.so -slibgazebo_ros_factory.so -slibgazebo_ros_force_system.so'].
