[INFO] [launch]: All log files can be found below /root/.ros/log/2025-07-14-13-51-56-197892-outlander-Aspire-V3-571G-11195
[INFO] [launch]: Default logging verbosity is set to INFO
[INFO] [gzserver-1]: process started with pid [11199]
[INFO] [gzclient-2]: process started with pid [11201]
[INFO] [spawn_entity.py-3]: process started with pid [11203]
[INFO] [robot_state_publisher-4]: process started with pid [11205]
[INFO] [static_transform_publisher-5]: process started with pid [11207]
[INFO] [static_transform_publisher-6]: process started with pid [11209]
[INFO] [static_transform_publisher-7]: process started with pid [11211]
[INFO] [static_transform_publisher-8]: process started with pid [11213]
[INFO] [static_transform_publisher-9]: process started with pid [11215]
[INFO] [spawner-10]: process started with pid [11217]
[INFO] [spawner-11]: process started with pid [11219]
[INFO] [spawn_entity.py-12]: process started with pid [11232]
[INFO] [robot_state_publisher-13]: process started with pid [11256]
[INFO] [static_transform_publisher-14]: process started with pid [11278]
[INFO] [static_transform_publisher-15]: process started with pid [11282]
[INFO] [static_transform_publisher-16]: process started with pid [11284]
[INFO] [static_transform_publisher-17]: process started with pid [11299]
[INFO] [static_transform_publisher-18]: process started with pid [11306]
[INFO] [spawner-19]: process started with pid [11309]
[INFO] [spawner-20]: process started with pid [11324]
[INFO] [rviz2-21]: process started with pid [11330]
[INFO] [move_group-22]: process started with pid [11334]
[INFO] [gazebo_scene_sync.py-23]: process started with pid [11345]
[robot_state_publisher-4] [INFO] [1752501121.980077217] [left.robot_state_publisher]: got segment left_summit_back_left_wheel_link
[robot_state_publisher-4] [INFO] [1752501121.983914333] [left.robot_state_publisher]: got segment left_summit_back_right_wheel_link
[robot_state_publisher-4] [INFO] [1752501121.983955449] [left.robot_state_publisher]: got segment left_summit_base_chapa
[robot_state_publisher-4] [INFO] [1752501121.983979885] [left.robot_state_publisher]: got segment left_summit_base_docking_contact
[robot_state_publisher-4] [INFO] [1752501121.984001217] [left.robot_state_publisher]: got segment left_summit_base_footprint
[robot_state_publisher-4] [INFO] [1752501121.984021728] [left.robot_state_publisher]: got segment left_summit_base_link
[robot_state_publisher-4] [INFO] [1752501121.984040482] [left.robot_state_publisher]: got segment left_summit_base_logo_front
[robot_state_publisher-4] [INFO] [1752501121.984058598] [left.robot_state_publisher]: got segment left_summit_base_logo_left
[robot_state_publisher-4] [INFO] [1752501121.984077254] [left.robot_state_publisher]: got segment left_summit_base_logo_rear
[robot_state_publisher-4] [INFO] [1752501121.984095461] [left.robot_state_publisher]: got segment left_summit_base_logo_right
[robot_state_publisher-4] [INFO] [1752501121.984113044] [left.robot_state_publisher]: got segment left_summit_front_laser_base_link
[robot_state_publisher-4] [INFO] [1752501121.984130550] [left.robot_state_publisher]: got segment left_summit_front_laser_link
[robot_state_publisher-4] [INFO] [1752501121.984148907] [left.robot_state_publisher]: got segment left_summit_front_left_wheel_link
[robot_state_publisher-4] [INFO] [1752501121.984167579] [left.robot_state_publisher]: got segment left_summit_front_right_wheel_link
[robot_state_publisher-4] [INFO] [1752501121.984185034] [left.robot_state_publisher]: got segment left_summit_imu_link
[robot_state_publisher-4] [INFO] [1752501121.984202442] [left.robot_state_publisher]: got segment left_summit_rear_laser_base_link
[robot_state_publisher-4] [INFO] [1752501121.984220788] [left.robot_state_publisher]: got segment left_summit_rear_laser_link
[robot_state_publisher-4] [INFO] [1752501121.984238769] [left.robot_state_publisher]: got segment ur_left_base
[robot_state_publisher-4] [INFO] [1752501121.984256270] [left.robot_state_publisher]: got segment ur_left_base_link
[robot_state_publisher-4] [INFO] [1752501121.984575969] [left.robot_state_publisher]: got segment ur_left_base_link_inertia
[robot_state_publisher-4] [INFO] [1752501121.984598912] [left.robot_state_publisher]: got segment ur_left_finger_left
[robot_state_publisher-4] [INFO] [1752501121.984619121] [left.robot_state_publisher]: got segment ur_left_finger_right
[robot_state_publisher-4] [INFO] [1752501121.984637324] [left.robot_state_publisher]: got segment ur_left_finger_tip
[robot_state_publisher-4] [INFO] [1752501121.984655301] [left.robot_state_publisher]: got segment ur_left_flange
[robot_state_publisher-4] [INFO] [1752501121.984673453] [left.robot_state_publisher]: got segment ur_left_forearm_link
[robot_state_publisher-4] [INFO] [1752501121.984691237] [left.robot_state_publisher]: got segment ur_left_ft_frame
[robot_state_publisher-4] [INFO] [1752501121.984708670] [left.robot_state_publisher]: got segment ur_left_robotiq_hand
[robot_state_publisher-4] [INFO] [1752501121.984727084] [left.robot_state_publisher]: got segment ur_left_shoulder_link
[robot_state_publisher-4] [INFO] [1752501121.984745505] [left.robot_state_publisher]: got segment ur_left_tool0
[robot_state_publisher-4] [INFO] [1752501121.984763602] [left.robot_state_publisher]: got segment ur_left_upper_arm_link
[robot_state_publisher-4] [INFO] [1752501121.984780992] [left.robot_state_publisher]: got segment ur_left_wrist_1_link
[robot_state_publisher-4] [INFO] [1752501121.984799743] [left.robot_state_publisher]: got segment ur_left_wrist_2_link
[robot_state_publisher-4] [INFO] [1752501121.984818106] [left.robot_state_publisher]: got segment ur_left_wrist_3_link
[static_transform_publisher-5] [WARN] [1752501121.901500705] []: Old-style arguments are deprecated; see --help for new-style arguments
[static_transform_publisher-5] [INFO] [1752501121.959976368] [left.static_transform_publisher]: Spinning until stopped - publishing transform
[static_transform_publisher-5] translation: ('-0.660000', '0.000000', '0.000000')
[static_transform_publisher-5] rotation: ('0.000000', '0.000000', '0.000000', '1.000000')
[static_transform_publisher-5] from 'world' to 'left_summit_odom'
[static_transform_publisher-6] [WARN] [1752501121.889468800] []: Old-style arguments are deprecated; see --help for new-style arguments
[static_transform_publisher-6] [INFO] [1752501121.997881494] [left_static_transform_publisher_back_left]: Spinning until stopped - publishing transform
[static_transform_publisher-6] translation: ('0.250000', '0.150000', '0.000000')
[static_transform_publisher-6] rotation: ('0.000000', '0.000000', '0.000000', '1.000000')
[static_transform_publisher-6] from 'left_summit_base_link' to 'left_summit_back_left_wheel_link'
[static_transform_publisher-7] [WARN] [1752501121.889538466] []: Old-style arguments are deprecated; see --help for new-style arguments
[static_transform_publisher-7] [INFO] [1752501121.976584196] [left_static_transform_publisher_back_right]: Spinning until stopped - publishing transform
[static_transform_publisher-7] translation: ('0.250000', '-0.150000', '0.000000')
[static_transform_publisher-7] rotation: ('0.000000', '0.000000', '0.000000', '1.000000')
[static_transform_publisher-7] from 'left_summit_base_link' to 'left_summit_back_right_wheel_link'
[static_transform_publisher-8] [WARN] [1752501121.885460728] []: Old-style arguments are deprecated; see --help for new-style arguments
[static_transform_publisher-8] [INFO] [1752501121.953761874] [left_static_transform_publisher_front_left]: Spinning until stopped - publishing transform
[static_transform_publisher-8] translation: ('-0.250000', '0.150000', '0.000000')
[static_transform_publisher-8] rotation: ('0.000000', '0.000000', '0.000000', '1.000000')
[static_transform_publisher-8] from 'left_summit_base_link' to 'left_summit_front_left_wheel_link'
[static_transform_publisher-9] [WARN] [1752501121.894613336] []: Old-style arguments are deprecated; see --help for new-style arguments
[static_transform_publisher-9] [INFO] [1752501121.950224917] [static_transform_publisher_front_right]: Spinning until stopped - publishing transform
[static_transform_publisher-9] translation: ('-0.250000', '-0.150000', '0.000000')
[static_transform_publisher-9] rotation: ('0.000000', '0.000000', '0.000000', '1.000000')
[static_transform_publisher-9] from 'left_summit_base_link' to 'left_summit_front_right_wheel_link'
[robot_state_publisher-13] [INFO] [1752501122.095298189] [right.robot_state_publisher]: got segment right_summit_back_left_wheel_link
[robot_state_publisher-13] [INFO] [1752501122.095453400] [right.robot_state_publisher]: got segment right_summit_back_right_wheel_link
[robot_state_publisher-13] [INFO] [1752501122.095486307] [right.robot_state_publisher]: got segment right_summit_base_chapa
[robot_state_publisher-13] [INFO] [1752501122.095508176] [right.robot_state_publisher]: got segment right_summit_base_docking_contact
[robot_state_publisher-13] [INFO] [1752501122.095528548] [right.robot_state_publisher]: got segment right_summit_base_footprint
[robot_state_publisher-13] [INFO] [1752501122.095548477] [right.robot_state_publisher]: got segment right_summit_base_link
[robot_state_publisher-13] [INFO] [1752501122.095567123] [right.robot_state_publisher]: got segment right_summit_base_logo_front
[robot_state_publisher-13] [INFO] [1752501122.095585005] [right.robot_state_publisher]: got segment right_summit_base_logo_left
[robot_state_publisher-13] [INFO] [1752501122.095620333] [right.robot_state_publisher]: got segment right_summit_base_logo_rear
[robot_state_publisher-13] [INFO] [1752501122.095639837] [right.robot_state_publisher]: got segment right_summit_base_logo_right
[robot_state_publisher-13] [INFO] [1752501122.095657944] [right.robot_state_publisher]: got segment right_summit_front_laser_base_link
[robot_state_publisher-13] [INFO] [1752501122.095676331] [right.robot_state_publisher]: got segment right_summit_front_laser_link
[robot_state_publisher-13] [INFO] [1752501122.095696211] [right.robot_state_publisher]: got segment right_summit_front_left_wheel_link
[robot_state_publisher-13] [INFO] [1752501122.095715312] [right.robot_state_publisher]: got segment right_summit_front_right_wheel_link
[robot_state_publisher-13] [INFO] [1752501122.095732729] [right.robot_state_publisher]: got segment right_summit_imu_link
[robot_state_publisher-13] [INFO] [1752501122.095748545] [right.robot_state_publisher]: got segment right_summit_rear_laser_base_link
[robot_state_publisher-13] [INFO] [1752501122.095765435] [right.robot_state_publisher]: got segment right_summit_rear_laser_link
[robot_state_publisher-13] [INFO] [1752501122.095783302] [right.robot_state_publisher]: got segment ur_right_base
[robot_state_publisher-13] [INFO] [1752501122.095801580] [right.robot_state_publisher]: got segment ur_right_base_link
[robot_state_publisher-13] [INFO] [1752501122.095820380] [right.robot_state_publisher]: got segment ur_right_base_link_inertia
[robot_state_publisher-13] [INFO] [1752501122.095838776] [right.robot_state_publisher]: got segment ur_right_finger_left
[robot_state_publisher-13] [INFO] [1752501122.095858205] [right.robot_state_publisher]: got segment ur_right_finger_right
[robot_state_publisher-13] [INFO] [1752501122.095876990] [right.robot_state_publisher]: got segment ur_right_finger_tip
[robot_state_publisher-13] [INFO] [1752501122.095896360] [right.robot_state_publisher]: got segment ur_right_flange
[robot_state_publisher-13] [INFO] [1752501122.095914933] [right.robot_state_publisher]: got segment ur_right_forearm_link
[robot_state_publisher-13] [INFO] [1752501122.095934791] [right.robot_state_publisher]: got segment ur_right_ft_frame
[robot_state_publisher-13] [INFO] [1752501122.095953382] [right.robot_state_publisher]: got segment ur_right_robotiq_hand
[robot_state_publisher-13] [INFO] [1752501122.095972867] [right.robot_state_publisher]: got segment ur_right_shoulder_link
[robot_state_publisher-13] [INFO] [1752501122.095991629] [right.robot_state_publisher]: got segment ur_right_tool0
[robot_state_publisher-13] [INFO] [1752501122.096009894] [right.robot_state_publisher]: got segment ur_right_upper_arm_link
[robot_state_publisher-13] [INFO] [1752501122.096028517] [right.robot_state_publisher]: got segment ur_right_wrist_1_link
[robot_state_publisher-13] [INFO] [1752501122.096047362] [right.robot_state_publisher]: got segment ur_right_wrist_2_link
[robot_state_publisher-13] [INFO] [1752501122.096065880] [right.robot_state_publisher]: got segment ur_right_wrist_3_link
[static_transform_publisher-14] [WARN] [1752501121.997188058] []: Old-style arguments are deprecated; see --help for new-style arguments
[static_transform_publisher-14] [INFO] [1752501122.077499990] [right.static_transform_publisher]: Spinning until stopped - publishing transform
[static_transform_publisher-14] translation: ('0.660000', '0.000000', '0.000000')
[static_transform_publisher-14] rotation: ('0.000000', '0.000000', '0.000000', '1.000000')
[static_transform_publisher-14] from 'world' to 'right_summit_odom'
[static_transform_publisher-15] [WARN] [1752501122.061164192] []: Old-style arguments are deprecated; see --help for new-style arguments
[static_transform_publisher-16] [WARN] [1752501122.055430528] []: Old-style arguments are deprecated; see --help for new-style arguments
[static_transform_publisher-16] [INFO] [1752501122.168889931] [right_static_transform_publisher_back_right]: Spinning until stopped - publishing transform
[static_transform_publisher-16] translation: ('0.250000', '-0.150000', '0.000000')
[static_transform_publisher-16] rotation: ('0.000000', '0.000000', '0.000000', '1.000000')
[static_transform_publisher-16] from 'right_summit_base_link' to 'right_summit_back_right_wheel_link'
[static_transform_publisher-17] [WARN] [1752501122.092123940] []: Old-style arguments are deprecated; see --help for new-style arguments
[static_transform_publisher-18] [WARN] [1752501122.118539873] []: Old-style arguments are deprecated; see --help for new-style arguments
[static_transform_publisher-15] [INFO] [1752501122.193369664] [right_static_transform_publisher_back_left]: Spinning until stopped - publishing transform
[static_transform_publisher-15] translation: ('0.250000', '0.150000', '0.000000')
[static_transform_publisher-15] rotation: ('0.000000', '0.000000', '0.000000', '1.000000')
[static_transform_publisher-15] from 'right_summit_base_link' to 'right_summit_back_left_wheel_link'
[static_transform_publisher-18] [INFO] [1752501122.244600208] [static_transform_publisher_front_right]: Spinning until stopped - publishing transform
[static_transform_publisher-18] translation: ('-0.250000', '-0.150000', '0.000000')
[static_transform_publisher-18] rotation: ('0.000000', '0.000000', '0.000000', '1.000000')
[static_transform_publisher-18] from 'right_summit_base_link' to 'right_summit_front_right_wheel_link'
[static_transform_publisher-17] [INFO] [1752501122.297946093] [right_static_transform_publisher_front_left]: Spinning until stopped - publishing transform
[static_transform_publisher-17] translation: ('-0.250000', '0.150000', '0.000000')
[static_transform_publisher-17] rotation: ('0.000000', '0.000000', '0.000000', '1.000000')
[static_transform_publisher-17] from 'right_summit_base_link' to 'right_summit_front_left_wheel_link'
[rviz2-21] QStandardPaths: XDG_RUNTIME_DIR not set, defaulting to '/tmp/runtime-root'
[move_group-22] [INFO] [1752501122.877725553] [moveit_rdf_loader.rdf_loader]: Loaded robot model in 0.0474499 seconds
[move_group-22] [INFO] [1752501122.877877072] [moveit_robot_model.robot_model]: Loading robot model 'srm'...
[move_group-22] [INFO] [1752501122.877901513] [moveit_robot_model.robot_model]: No root/virtual joint specified in SRDF. Assuming fixed joint
[move_group-22] [WARN] [1752501122.877996479] [moveit_robot_model.robot_model]: Link left_summit_base_footprint has visual geometry but no collision geometry. Collision geometry will be left empty. Fix your URDF file by explicitly specifying collision geometry.
[move_group-22] [WARN] [1752501122.892682444] [moveit_robot_model.robot_model]: Link left_summit_base_logo_front has visual geometry but no collision geometry. Collision geometry will be left empty. Fix your URDF file by explicitly specifying collision geometry.
[move_group-22] [WARN] [1752501122.892737498] [moveit_robot_model.robot_model]: Link left_summit_base_logo_left has visual geometry but no collision geometry. Collision geometry will be left empty. Fix your URDF file by explicitly specifying collision geometry.
[move_group-22] [WARN] [1752501122.892758233] [moveit_robot_model.robot_model]: Link left_summit_base_logo_rear has visual geometry but no collision geometry. Collision geometry will be left empty. Fix your URDF file by explicitly specifying collision geometry.
[move_group-22] [WARN] [1752501122.892778308] [moveit_robot_model.robot_model]: Link left_summit_base_logo_right has visual geometry but no collision geometry. Collision geometry will be left empty. Fix your URDF file by explicitly specifying collision geometry.
[move_group-22] [WARN] [1752501122.892796273] [moveit_robot_model.robot_model]: Link left_summit_base_chapa has visual geometry but no collision geometry. Collision geometry will be left empty. Fix your URDF file by explicitly specifying collision geometry.
[move_group-22] [WARN] [1752501122.900656289] [moveit_robot_model.robot_model]: Link left_summit_imu_link has visual geometry but no collision geometry. Collision geometry will be left empty. Fix your URDF file by explicitly specifying collision geometry.
[spawn_entity.py-3] [INFO] [1752501123.450594429] [left]: Spawn Entity started
[spawn_entity.py-3] [INFO] [1752501123.451572408] [left]: Loading entity published on topic /left/robot_description
[spawn_entity.py-3] [INFO] [1752501123.471454248] [left]: Waiting for entity xml on /left/robot_description
[move_group-22] [WARN] [1752501123.484185699] [moveit_robot_model.robot_model]: Link right_summit_base_footprint has visual geometry but no collision geometry. Collision geometry will be left empty. Fix your URDF file by explicitly specifying collision geometry.
[move_group-22] [WARN] [1752501123.488789871] [moveit_robot_model.robot_model]: Link right_summit_base_logo_front has visual geometry but no collision geometry. Collision geometry will be left empty. Fix your URDF file by explicitly specifying collision geometry.
[move_group-22] [WARN] [1752501123.488834804] [moveit_robot_model.robot_model]: Link right_summit_base_logo_left has visual geometry but no collision geometry. Collision geometry will be left empty. Fix your URDF file by explicitly specifying collision geometry.
[move_group-22] [WARN] [1752501123.488854894] [moveit_robot_model.robot_model]: Link right_summit_base_logo_rear has visual geometry but no collision geometry. Collision geometry will be left empty. Fix your URDF file by explicitly specifying collision geometry.
[move_group-22] [WARN] [1752501123.488875095] [moveit_robot_model.robot_model]: Link right_summit_base_logo_right has visual geometry but no collision geometry. Collision geometry will be left empty. Fix your URDF file by explicitly specifying collision geometry.
[move_group-22] [WARN] [1752501123.488894381] [moveit_robot_model.robot_model]: Link right_summit_base_chapa has visual geometry but no collision geometry. Collision geometry will be left empty. Fix your URDF file by explicitly specifying collision geometry.
[spawner-10] [INFO] [1752501123.502128087] [left.spawner_joint_state_broadcaster]: waiting for service /left/controller_manager/list_controllers to become available...
[move_group-22] [WARN] [1752501123.504892803] [moveit_robot_model.robot_model]: Link right_summit_imu_link has visual geometry but no collision geometry. Collision geometry will be left empty. Fix your URDF file by explicitly specifying collision geometry.
[spawn_entity.py-3] [INFO] [1752501123.531654803] [left]: Waiting for service /spawn_entity, timeout = 5
[spawn_entity.py-3] [INFO] [1752501123.532879543] [left]: Waiting for service /spawn_entity
[spawner-11] [INFO] [1752501123.654153457] [left.spawner_ur_left_joint_group_vel_controller]: waiting for service /left/controller_manager/list_controllers to become available...
[spawner-20] [INFO] [1752501123.878380738] [right.spawner_ur_right_joint_group_vel_controller]: waiting for service /right/controller_manager/list_controllers to become available...
[move_group-22] [ERROR] [1752501123.881822422] [moveit_ros.robot_model_loader]: Kinematics solver N7pick_ik12PickIKPluginE does not support joint group srm_base_r.  Error: This plugin only supports joint groups which are chains
[move_group-22] [ERROR] [1752501123.890078042] [moveit_ros.robot_model_loader]: Kinematics solver N7pick_ik12PickIKPluginE does not support joint group srm_base_l.  Error: This plugin only supports joint groups which are chains
[spawn_entity.py-12] [INFO] [1752501123.926514625] [right]: Spawn Entity started
[spawn_entity.py-12] [INFO] [1752501123.927889974] [right]: Loading entity published on topic /right/robot_description
[spawn_entity.py-12] [INFO] [1752501123.940313707] [right]: Waiting for entity xml on /right/robot_description
[spawner-19] [INFO] [1752501124.049547862] [right.spawner_joint_state_broadcaster]: waiting for service /right/controller_manager/list_controllers to become available...
[spawn_entity.py-12] [INFO] [1752501124.200525749] [right]: Waiting for service /spawn_entity, timeout = 5
[spawn_entity.py-12] [INFO] [1752501124.201922723] [right]: Waiting for service /spawn_entity
[rviz2-21] [INFO] [1752501124.740051959] [rviz2]: Stereo is NOT SUPPORTED
[rviz2-21] [INFO] [1752501124.740359767] [rviz2]: OpenGl version: 4.6 (GLSL 4.6)
[rviz2-21] [INFO] [1752501124.823378979] [rviz2]: Stereo is NOT SUPPORTED
[move_group-22] [INFO] [1752501125.156877173] [moveit_ros.planning_scene_monitor.planning_scene_monitor]: Publishing maintained planning scene on 'monitored_planning_scene'
[move_group-22] [INFO] [1752501125.157255171] [moveit.ros_planning_interface.moveit_cpp]: Listening to 'joint_states' for joint states
[move_group-22] [INFO] [1752501125.160210068] [moveit_ros.current_state_monitor]: Listening to joint states on topic 'joint_states'
[move_group-22] [INFO] [1752501125.162089737] [moveit_ros.planning_scene_monitor.planning_scene_monitor]: Listening to '/attached_collision_object' for attached collision objects
[move_group-22] [INFO] [1752501125.162138087] [moveit_ros.planning_scene_monitor.planning_scene_monitor]: Starting planning scene monitor
[move_group-22] [INFO] [1752501125.163705765] [moveit_ros.planning_scene_monitor.planning_scene_monitor]: Listening to '/planning_scene'
[move_group-22] [INFO] [1752501125.163738930] [moveit_ros.planning_scene_monitor.planning_scene_monitor]: Starting world geometry update monitor for collision objects, attached objects, octomap updates.
[move_group-22] [INFO] [1752501125.165235469] [moveit_ros.planning_scene_monitor.planning_scene_monitor]: Listening to 'collision_object'
[move_group-22] [INFO] [1752501125.166716855] [moveit_ros.planning_scene_monitor.planning_scene_monitor]: Listening to 'planning_scene_world' for planning scene world geometry
[move_group-22] [WARN] [1752501125.169130201] [moveit.ros.occupancy_map_monitor.middleware_handle]: Resolution not specified for Octomap. Assuming resolution = 0.1 instead
[rviz2-21] [INFO] [1752501125.212242042] [moveit_rdf_loader.rdf_loader]: Loaded robot model in 0 seconds
[rviz2-21] [INFO] [1752501125.214805757] [moveit_robot_model.robot_model]: Loading robot model 'srm'...
[rviz2-21] [INFO] [1752501125.216566316] [moveit_robot_model.robot_model]: No root/virtual joint specified in SRDF. Assuming fixed joint
[rviz2-21] [WARN] [1752501125.217458846] [moveit_robot_model.robot_model]: Link left_summit_base_footprint has visual geometry but no collision geometry. Collision geometry will be left empty. Fix your URDF file by explicitly specifying collision geometry.
[rviz2-21] [WARN] [1752501125.224226228] [moveit_robot_model.robot_model]: Link left_summit_base_logo_front has visual geometry but no collision geometry. Collision geometry will be left empty. Fix your URDF file by explicitly specifying collision geometry.
[rviz2-21] [WARN] [1752501125.224274502] [moveit_robot_model.robot_model]: Link left_summit_base_logo_left has visual geometry but no collision geometry. Collision geometry will be left empty. Fix your URDF file by explicitly specifying collision geometry.
[rviz2-21] [WARN] [1752501125.224296374] [moveit_robot_model.robot_model]: Link left_summit_base_logo_rear has visual geometry but no collision geometry. Collision geometry will be left empty. Fix your URDF file by explicitly specifying collision geometry.
[rviz2-21] [WARN] [1752501125.224314146] [moveit_robot_model.robot_model]: Link left_summit_base_logo_right has visual geometry but no collision geometry. Collision geometry will be left empty. Fix your URDF file by explicitly specifying collision geometry.
[rviz2-21] [WARN] [1752501125.224331442] [moveit_robot_model.robot_model]: Link left_summit_base_chapa has visual geometry but no collision geometry. Collision geometry will be left empty. Fix your URDF file by explicitly specifying collision geometry.
[rviz2-21] [WARN] [1752501125.230278071] [moveit_robot_model.robot_model]: Link left_summit_imu_link has visual geometry but no collision geometry. Collision geometry will be left empty. Fix your URDF file by explicitly specifying collision geometry.
[rviz2-21] [WARN] [1752501125.457433497] [moveit_robot_model.robot_model]: Link right_summit_base_footprint has visual geometry but no collision geometry. Collision geometry will be left empty. Fix your URDF file by explicitly specifying collision geometry.
[rviz2-21] [WARN] [1752501125.460877754] [moveit_robot_model.robot_model]: Link right_summit_base_logo_front has visual geometry but no collision geometry. Collision geometry will be left empty. Fix your URDF file by explicitly specifying collision geometry.
[rviz2-21] [WARN] [1752501125.460937685] [moveit_robot_model.robot_model]: Link right_summit_base_logo_left has visual geometry but no collision geometry. Collision geometry will be left empty. Fix your URDF file by explicitly specifying collision geometry.
[rviz2-21] [WARN] [1752501125.460958028] [moveit_robot_model.robot_model]: Link right_summit_base_logo_rear has visual geometry but no collision geometry. Collision geometry will be left empty. Fix your URDF file by explicitly specifying collision geometry.
[rviz2-21] [WARN] [1752501125.460974843] [moveit_robot_model.robot_model]: Link right_summit_base_logo_right has visual geometry but no collision geometry. Collision geometry will be left empty. Fix your URDF file by explicitly specifying collision geometry.
[rviz2-21] [WARN] [1752501125.460990177] [moveit_robot_model.robot_model]: Link right_summit_base_chapa has visual geometry but no collision geometry. Collision geometry will be left empty. Fix your URDF file by explicitly specifying collision geometry.
[rviz2-21] [WARN] [1752501125.466445187] [moveit_robot_model.robot_model]: Link right_summit_imu_link has visual geometry but no collision geometry. Collision geometry will be left empty. Fix your URDF file by explicitly specifying collision geometry.
[rviz2-21] [ERROR] [1752501125.766787780] [moveit_ros.robot_model_loader]: Kinematics solver N7pick_ik12PickIKPluginE does not support joint group srm_base_r.  Error: This plugin only supports joint groups which are chains
[rviz2-21] [ERROR] [1752501125.780874262] [moveit_ros.robot_model_loader]: Kinematics solver N7pick_ik12PickIKPluginE does not support joint group srm_base_l.  Error: This plugin only supports joint groups which are chains
[rviz2-21] [INFO] [1752501126.752795787] [moveit_ros.planning_scene_monitor.planning_scene_monitor]: Starting planning scene monitor
[rviz2-21] [INFO] [1752501126.769673676] [moveit_ros.planning_scene_monitor.planning_scene_monitor]: Listening to '/monitored_planning_scene'
[spawn_entity.py-12] [INFO] [1752501127.263738503] [right]: Calling service /spawn_entity
[gzserver-1] [WARN] [1752501127.295472136] [rcl]: Found remap rule 'model_states:=model_states'. This syntax is deprecated. Use '--ros-args --remap model_states:=model_states' instead.
[gzserver-1] [WARN] [1752501127.295811071] [rcl]: Found remap rule 'link_states:=link_states'. This syntax is deprecated. Use '--ros-args --remap link_states:=link_states' instead.
[gzserver-1] [INFO] [1752501127.339561896] [state.gazebo_ros_state]: Publishing states of gazebo models at [/state/model_states]
[gzserver-1] [INFO] [1752501127.342084002] [state.gazebo_ros_state]: Publishing states of gazebo links at [/state/link_states]
[spawn_entity.py-3] [INFO] [1752501127.434275078] [left]: Calling service /spawn_entity
[gzserver-1] [INFO] [1752501128.285607977] [right_summit_imu_imu_plugin]: <initial_orientation_as_reference> is unset, using default value of false to comply with REP 145 (world as orientation reference)
[move_group-22] [INFO] [1752501128.338283793] [moveit.ros_planning_interface.moveit_cpp]: Loading planning pipeline 'ompl'
[move_group-22] [INFO] [1752501128.377048133] [moveit.ros_planning.planning_pipeline]: Using planning interface 'OMPL'
[move_group-22] [INFO] [1752501128.392339499] [moveit_ros.add_time_optimal_parameterization]: Param 'ompl.path_tolerance' was not set. Using default value: 0.100000
[move_group-22] [INFO] [1752501128.392379968] [moveit_ros.add_time_optimal_parameterization]: Param 'ompl.resample_dt' was not set. Using default value: 0.100000
[move_group-22] [INFO] [1752501128.392390715] [moveit_ros.add_time_optimal_parameterization]: Param 'ompl.min_angle_change' was not set. Using default value: 0.001000
[move_group-22] [INFO] [1752501128.392438654] [moveit_ros.fix_workspace_bounds]: Param 'ompl.default_workspace_bounds' was not set. Using default value: 10.000000
[move_group-22] [INFO] [1752501128.392466830] [moveit_ros.fix_start_state_bounds]: Param 'ompl.start_state_max_bounds_error' was set to 0.100000
[move_group-22] [INFO] [1752501128.392477394] [moveit_ros.fix_start_state_bounds]: Param 'ompl.start_state_max_dt' was not set. Using default value: 0.500000
[move_group-22] [INFO] [1752501128.392497831] [moveit_ros.fix_start_state_collision]: Param 'ompl.start_state_max_dt' was not set. Using default value: 0.500000
[move_group-22] [INFO] [1752501128.392508568] [moveit_ros.fix_start_state_collision]: Param 'ompl.jiggle_fraction' was set to 0.050000
[move_group-22] [INFO] [1752501128.392528172] [moveit_ros.fix_start_state_collision]: Param 'ompl.max_sampling_attempts' was not set. Using default value: 100
[move_group-22] [INFO] [1752501128.392549177] [moveit.ros_planning.planning_pipeline]: Using planning request adapter 'Add Time Optimal Parameterization'
[move_group-22] [INFO] [1752501128.392559323] [moveit.ros_planning.planning_pipeline]: Using planning request adapter 'Resolve constraint frames to robot links'
[move_group-22] [INFO] [1752501128.392565726] [moveit.ros_planning.planning_pipeline]: Using planning request adapter 'Fix Workspace Bounds'
[move_group-22] [INFO] [1752501128.392571839] [moveit.ros_planning.planning_pipeline]: Using planning request adapter 'Fix Start State Bounds'
[move_group-22] [INFO] [1752501128.392577632] [moveit.ros_planning.planning_pipeline]: Using planning request adapter 'Fix Start State In Collision'
[move_group-22] [INFO] [1752501128.392583585] [moveit.ros_planning.planning_pipeline]: Using planning request adapter 'Fix Start State Path Constraints'
[move_group-22] [INFO] [1752501128.401946273] [moveit.ros_planning_interface.moveit_cpp]: Loading planning pipeline 'chomp'
[move_group-22] [INFO] [1752501128.428028405] [moveit.ros_planning.planning_pipeline]: Using planning interface 'CHOMP'
[move_group-22] [INFO] [1752501128.446419867] [moveit_ros.add_time_optimal_parameterization]: Param 'chomp.path_tolerance' was not set. Using default value: 0.100000
[move_group-22] [INFO] [1752501128.446525386] [moveit_ros.add_time_optimal_parameterization]: Param 'chomp.resample_dt' was not set. Using default value: 0.100000
[move_group-22] [INFO] [1752501128.446579303] [moveit_ros.add_time_optimal_parameterization]: Param 'chomp.min_angle_change' was not set. Using default value: 0.001000
[move_group-22] [INFO] [1752501128.446641822] [moveit_ros.fix_workspace_bounds]: Param 'chomp.default_workspace_bounds' was not set. Using default value: 10.000000
[move_group-22] [INFO] [1752501128.446690381] [moveit_ros.fix_start_state_bounds]: Param 'chomp.start_state_max_bounds_error' was set to 0.100000
[move_group-22] [INFO] [1752501128.446710957] [moveit_ros.fix_start_state_bounds]: Param 'chomp.start_state_max_dt' was not set. Using default value: 0.500000
[move_group-22] [INFO] [1752501128.446753669] [moveit_ros.fix_start_state_collision]: Param 'chomp.start_state_max_dt' was not set. Using default value: 0.500000
[move_group-22] [INFO] [1752501128.446774516] [moveit_ros.fix_start_state_collision]: Param 'chomp.jiggle_fraction' was set to 0.050000
[move_group-22] [INFO] [1752501128.446824174] [moveit_ros.fix_start_state_collision]: Param 'chomp.max_sampling_attempts' was not set. Using default value: 100
[move_group-22] [INFO] [1752501128.446862541] [moveit.ros_planning.planning_pipeline]: Using planning request adapter 'Add Time Optimal Parameterization'
[move_group-22] [INFO] [1752501128.446879413] [moveit.ros_planning.planning_pipeline]: Using planning request adapter 'Resolve constraint frames to robot links'
[move_group-22] [INFO] [1752501128.446891142] [moveit.ros_planning.planning_pipeline]: Using planning request adapter 'Fix Workspace Bounds'
[move_group-22] [INFO] [1752501128.446902655] [moveit.ros_planning.planning_pipeline]: Using planning request adapter 'Fix Start State Bounds'
[move_group-22] [INFO] [1752501128.446916915] [moveit.ros_planning.planning_pipeline]: Using planning request adapter 'Fix Start State In Collision'
[move_group-22] [INFO] [1752501128.446963860] [moveit.ros_planning.planning_pipeline]: Using planning request adapter 'Fix Start State Path Constraints'
[move_group-22] [INFO] [1752501128.450179952] [moveit.ros_planning_interface.moveit_cpp]: Loading planning pipeline 'pilz_industrial_motion_planner'
[move_group-22] [INFO] [1752501128.471124609] [moveit.pilz_industrial_motion_planner.joint_limits_aggregator]: Reading limits from namespace robot_description_planning
[move_group-22] [INFO] [1752501128.561236970] [moveit.pilz_industrial_motion_planner]: Available plugins: pilz_industrial_motion_planner/PlanningContextLoaderCIRC pilz_industrial_motion_planner/PlanningContextLoaderLIN pilz_industrial_motion_planner/PlanningContextLoaderPTP 
[move_group-22] [INFO] [1752501128.561270219] [moveit.pilz_industrial_motion_planner]: About to load: pilz_industrial_motion_planner/PlanningContextLoaderCIRC
[move_group-22] [INFO] [1752501128.564674085] [moveit.pilz_industrial_motion_planner]: Registered Algorithm [CIRC]
[move_group-22] [INFO] [1752501128.564705050] [moveit.pilz_industrial_motion_planner]: About to load: pilz_industrial_motion_planner/PlanningContextLoaderLIN
[move_group-22] [INFO] [1752501128.566526657] [moveit.pilz_industrial_motion_planner]: Registered Algorithm [LIN]
[move_group-22] [INFO] [1752501128.566554899] [moveit.pilz_industrial_motion_planner]: About to load: pilz_industrial_motion_planner/PlanningContextLoaderPTP
[move_group-22] [INFO] [1752501128.568213531] [moveit.pilz_industrial_motion_planner]: Registered Algorithm [PTP]
[move_group-22] [INFO] [1752501128.568264480] [moveit.ros_planning.planning_pipeline]: Using planning interface 'Pilz Industrial Motion Planner'
[move_group-22] [WARN] [1752501128.582798418] [moveit_ros.trajectory_execution_manager]: moveit_ros_control_interface/MoveItControllerManager is deprecated. Replace with `moveit_ros_control_interface/MoveItControllerManager.`
[move_group-22] [INFO] [1752501128.913066063] [moveit.plugins.ros_control_interface]: Started moveit_ros_control_interface::Ros2ControlManager for namespace 
[spawn_entity.py-12] [INFO] [1752501128.933726518] [right]: Spawn status: SpawnEntity: Successfully spawned entity [right_robot]
[spawn_entity.py-12] [INFO] [1752501128.946905398] [right]: Calling service /unpause_physics
[INFO] [joint_state_merger.py-24]: process started with pid [11558]
[INFO] [spawn_entity.py-12]: process has finished cleanly [pid 11232]
[gzserver-1] [INFO] [1752501129.256353681] [right_summit.omni_steering]: Subscribed to [/right_summit/cmd_vel]
[gzserver-1] [INFO] [1752501129.267651760] [right_summit.omni_steering]: Advertise odometry on [/right_summit/odom]
[gzserver-1] [INFO] [1752501129.282613117] [right_summit.omni_steering]: Publishing odom transforms between [right_summit_odom] and [right_summit_base_footprint]
[gzserver-1] [INFO] [1752501129.377551624] [gazebo_ros2_control]: Loading gazebo_ros2_control plugin
[gzserver-1] [INFO] [1752501129.400730954] [right.right_gazebo_ros2_control]: Starting gazebo_ros2_control plugin in namespace: /right
[gzserver-1] [INFO] [1752501129.400841104] [right.right_gazebo_ros2_control]: Starting gazebo_ros2_control plugin in ros 2 node: right_gazebo_ros2_control
[gzserver-1] [INFO] [1752501129.430963744] [right.right_gazebo_ros2_control]: connected to service!! robot_state_publisher
[gzserver-1] [INFO] [1752501129.437591695] [right.right_gazebo_ros2_control]: Received urdf from param server, parsing...
[gzserver-1] [INFO] [1752501129.439046307] [right.right_gazebo_ros2_control]: Loading parameter files /ros2_ws/install/ur/share/ur/config/right_controller.yaml
[gzserver-1] [INFO] [1752501129.507859093] [right.right_gazebo_ros2_control]: Loading joint: ur_right_shoulder_pan_joint
[gzserver-1] [INFO] [1752501129.508196887] [right.right_gazebo_ros2_control]: 	State:
[gzserver-1] [INFO] [1752501129.508321047] [right.right_gazebo_ros2_control]: 		 position
[gzserver-1] [INFO] [1752501129.509426340] [right.right_gazebo_ros2_control]: 			 found initial value: -1.300000
[gzserver-1] [INFO] [1752501129.509488549] [right.right_gazebo_ros2_control]: 		 velocity
[gzserver-1] [INFO] [1752501129.509870984] [right.right_gazebo_ros2_control]: 		 effort
[gzserver-1] [INFO] [1752501129.510042470] [right.right_gazebo_ros2_control]: 	Command:
[gzserver-1] [INFO] [1752501129.510080429] [right.right_gazebo_ros2_control]: 		 position
[gzserver-1] [INFO] [1752501129.511204756] [right.right_gazebo_ros2_control]: 		 velocity
[gzserver-1] [INFO] [1752501129.512041700] [right.right_gazebo_ros2_control]: Loading joint: ur_right_shoulder_lift_joint
[gzserver-1] [INFO] [1752501129.512092079] [right.right_gazebo_ros2_control]: 	State:
[gzserver-1] [INFO] [1752501129.512122649] [right.right_gazebo_ros2_control]: 		 position
[gzserver-1] [INFO] [1752501129.512156217] [right.right_gazebo_ros2_control]: 			 found initial value: -0.800000
[gzserver-1] [INFO] [1752501129.512193618] [right.right_gazebo_ros2_control]: 		 velocity
[gzserver-1] [INFO] [1752501129.512234749] [right.right_gazebo_ros2_control]: 		 effort
[gzserver-1] [INFO] [1752501129.512269327] [right.right_gazebo_ros2_control]: 	Command:
[gzserver-1] [INFO] [1752501129.512296055] [right.right_gazebo_ros2_control]: 		 position
[gzserver-1] [INFO] [1752501129.512375139] [right.right_gazebo_ros2_control]: 		 velocity
[gzserver-1] [INFO] [1752501129.512426118] [right.right_gazebo_ros2_control]: Loading joint: ur_right_elbow_joint
[gzserver-1] [INFO] [1752501129.512462364] [right.right_gazebo_ros2_control]: 	State:
[gzserver-1] [INFO] [1752501129.512490787] [right.right_gazebo_ros2_control]: 		 position
[gzserver-1] [INFO] [1752501129.512573508] [right.right_gazebo_ros2_control]: 			 found initial value: -1.800000
[gzserver-1] [INFO] [1752501129.512609001] [right.right_gazebo_ros2_control]: 		 velocity
[gzserver-1] [INFO] [1752501129.512641531] [right.right_gazebo_ros2_control]: 		 effort
[gzserver-1] [INFO] [1752501129.512711021] [right.right_gazebo_ros2_control]: 	Command:
[gzserver-1] [INFO] [1752501129.512742606] [right.right_gazebo_ros2_control]: 		 position
[gzserver-1] [INFO] [1752501129.512808360] [right.right_gazebo_ros2_control]: 		 velocity
[gzserver-1] [INFO] [1752501129.512855353] [right.right_gazebo_ros2_control]: Loading joint: ur_right_wrist_1_joint
[gzserver-1] [INFO] [1752501129.512939106] [right.right_gazebo_ros2_control]: 	State:
[gzserver-1] [INFO] [1752501129.512970763] [right.right_gazebo_ros2_control]: 		 position
[gzserver-1] [INFO] [1752501129.512999003] [right.right_gazebo_ros2_control]: 			 found initial value: -1.570000
[gzserver-1] [INFO] [1752501129.513029446] [right.right_gazebo_ros2_control]: 		 velocity
[gzserver-1] [INFO] [1752501129.513057422] [right.right_gazebo_ros2_control]: 		 effort
[gzserver-1] [INFO] [1752501129.513085288] [right.right_gazebo_ros2_control]: 	Command:
[gzserver-1] [INFO] [1752501129.513110037] [right.right_gazebo_ros2_control]: 		 position
[gzserver-1] [INFO] [1752501129.513162034] [right.right_gazebo_ros2_control]: 		 velocity
[gzserver-1] [INFO] [1752501129.513207522] [right.right_gazebo_ros2_control]: Loading joint: ur_right_wrist_2_joint
[gzserver-1] [INFO] [1752501129.513239197] [right.right_gazebo_ros2_control]: 	State:
[gzserver-1] [INFO] [1752501129.513265581] [right.right_gazebo_ros2_control]: 		 position
[gzserver-1] [INFO] [1752501129.513292299] [right.right_gazebo_ros2_control]: 			 found initial value: 1.638000
[gzserver-1] [INFO] [1752501129.513320877] [right.right_gazebo_ros2_control]: 		 velocity
[gzserver-1] [INFO] [1752501129.513349325] [right.right_gazebo_ros2_control]: 		 effort
[gzserver-1] [INFO] [1752501129.513377137] [right.right_gazebo_ros2_control]: 	Command:
[gzserver-1] [INFO] [1752501129.513402703] [right.right_gazebo_ros2_control]: 		 position
[gzserver-1] [INFO] [1752501129.513467343] [right.right_gazebo_ros2_control]: 		 velocity
[gzserver-1] [INFO] [1752501129.513509375] [right.right_gazebo_ros2_control]: Loading joint: ur_right_wrist_3_joint
[gzserver-1] [INFO] [1752501129.513542288] [right.right_gazebo_ros2_control]: 	State:
[gzserver-1] [INFO] [1752501129.513571019] [right.right_gazebo_ros2_control]: 		 position
[gzserver-1] [INFO] [1752501129.513601198] [right.right_gazebo_ros2_control]: 			 found initial value: 0.000000
[gzserver-1] [INFO] [1752501129.513632423] [right.right_gazebo_ros2_control]: 		 velocity
[gzserver-1] [INFO] [1752501129.513676329] [right.right_gazebo_ros2_control]: 		 effort
[gzserver-1] [INFO] [1752501129.513710569] [right.right_gazebo_ros2_control]: 	Command:
[gzserver-1] [INFO] [1752501129.513737929] [right.right_gazebo_ros2_control]: 		 position
[gzserver-1] [INFO] [1752501129.513793527] [right.right_gazebo_ros2_control]: 		 velocity
[gzserver-1] [INFO] [1752501129.516095998] [resource_manager]: Initialize hardware 'right_ur' 
[gzserver-1] [INFO] [1752501129.520002032] [resource_manager]: Successful initialization of hardware 'right_ur'
[gzserver-1] [INFO] [1752501129.530932129] [resource_manager]: 'configure' hardware 'right_ur' 
[gzserver-1] [INFO] [1752501129.531410032] [resource_manager]: Successful 'configure' of hardware 'right_ur'
[gzserver-1] [INFO] [1752501129.531872244] [resource_manager]: 'activate' hardware 'right_ur' 
[gzserver-1] [INFO] [1752501129.531911231] [resource_manager]: Successful 'activate' of hardware 'right_ur'
[gzserver-1] [INFO] [1752501129.534328375] [right.right_gazebo_ros2_control]: Loading controller_manager
[gzserver-1] [WARN] [1752501129.898954333] [right.right_gazebo_ros2_control]:  Desired controller update period (0.002 s) is slower than the gazebo simulation period (0.001 s).
[gzserver-1] [INFO] [1752501129.905966864] [right.right_gazebo_ros2_control]: Loaded gazebo_ros2_control.
[move_group-22] [WARN] [1752501129.927251159] [moveit.plugins.ros_control_interface]: Failed to read controllers from /controller_manager/list_controllers within 1 seconds
[gzserver-1] [INFO] [1752501129.937434909] [right.controller_manager]: Loading controller 'ur_right_joint_group_vel_controller'
[gzserver-1] [INFO] [1752501130.067456619] [right.controller_manager]: Loading controller 'joint_state_broadcaster'
[spawner-20] [INFO] [1752501130.068694034] [right.spawner_ur_right_joint_group_vel_controller]: [94mLoaded [1mur_right_joint_group_vel_controller[0m
[gzserver-1] [INFO] [1752501130.865648352] [left_summit_imu_imu_plugin]: <initial_orientation_as_reference> is unset, using default value of false to comply with REP 145 (world as orientation reference)
[move_group-22] [WARN] [1752501130.927636059] [moveit.plugins.ros_control_interface]: Failed to read controllers from /controller_manager/list_controllers within 1 seconds
[spawn_entity.py-3] [INFO] [1752501131.258942633] [left]: Spawn status: SpawnEntity: Successfully spawned entity [left_robot]
[spawn_entity.py-3] [INFO] [1752501131.275837965] [left]: Calling service /unpause_physics
[INFO] [spawn_entity.py-3]: process has finished cleanly [pid 11203]
[move_group-22] [WARN] [1752501131.927808029] [moveit.plugins.ros_control_interface]: Failed to read controllers from /controller_manager/list_controllers within 1 seconds
[move_group-22] [INFO] [1752501131.930119982] [moveit_ros.trajectory_execution_manager]: Trajectory execution is managing controllers
[move_group-22] [INFO] [1752501131.930194053] [move_group.move_group]: MoveGroup debug mode is ON
[move_group-22] [INFO] [1752501132.041780982] [move_group.move_group]: 
[move_group-22] 
[move_group-22] ********************************************************
[move_group-22] * MoveGroup using: 
[move_group-22] *     - ApplyPlanningSceneService
[move_group-22] *     - ClearOctomapService
[move_group-22] *     - ExecuteTaskSolution
[move_group-22] *     - CartesianPathService
[move_group-22] *     - ExecuteTrajectoryAction
[move_group-22] *     - GetPlanningSceneService
[move_group-22] *     - KinematicsService
[move_group-22] *     - MoveAction
[move_group-22] *     - MotionPlanService
[move_group-22] *     - QueryPlannersService
[move_group-22] *     - StateValidationService
[move_group-22] ********************************************************
[move_group-22] 
[move_group-22] [INFO] [1752501132.041864597] [moveit_move_group_capabilities_base.move_group_context]: MoveGroup context using planning plugin ompl_interface/OMPLPlanner
[move_group-22] [INFO] [1752501132.041891951] [moveit_move_group_capabilities_base.move_group_context]: MoveGroup context initialization complete
[move_group-22] [96mLoading 'move_group/ApplyPlanningSceneService'...
[move_group-22] [0m[96mLoading 'move_group/ClearOctomapService'...
[move_group-22] [0m[96mLoading 'move_group/ExecuteTaskSolutionCapability'...
[move_group-22] [0m[96mLoading 'move_group/MoveGroupCartesianPathService'...
[move_group-22] [0m[96mLoading 'move_group/MoveGroupExecuteTrajectoryAction'...
[move_group-22] [0m[96mLoading 'move_group/MoveGroupGetPlanningSceneService'...
[move_group-22] [0m[96mLoading 'move_group/MoveGroupKinematicsService'...
[move_group-22] [0m[96mLoading 'move_group/MoveGroupMoveAction'...
[move_group-22] [0m[96mLoading 'move_group/MoveGroupPlanService'...
[move_group-22] [0m[96mLoading 'move_group/MoveGroupQueryPlannersService'...
[move_group-22] [0m[96mLoading 'move_group/MoveGroupStateValidationService'...
[move_group-22] [0m[92m
[move_group-22] You can start planning now!
[move_group-22] 
[spawner-10] [FATAL] [1752501133.579043888] [left.spawner_joint_state_broadcaster]: Could not contact service /left/controller_manager/list_controllers
[spawner-11] [WARN] [1752501133.677319719] [left.spawner_ur_left_joint_group_vel_controller]: Could not contact service /left/controller_manager/list_controllers
[spawner-11] [INFO] [1752501133.678643869] [left.spawner_ur_left_joint_group_vel_controller]: waiting for service /left/controller_manager/list_controllers to become available...
[ERROR] [spawner-10]: process has died [pid 11217, exit code 1, cmd '/ros2_ws/install/controller_manager/lib/controller_manager/spawner joint_state_broadcaster -c /left/controller_manager --controller-manager-timeout 10 --ros-args -r __ns:=/left'].
[ERROR] [gzserver-1]: process has died [pid 11199, exit code -11, cmd 'gzserver /ros2_ws/install/ur/share/ur/xacro/gazebo.world --physics=False -slibgazebo_ros_init.so -slibgazebo_ros_factory.so -slibgazebo_ros_force_system.so'].
[spawner-19] [WARN] [1752501139.922200649] [right.spawner_joint_state_broadcaster]: Failed getting a result from calling /right/controller_manager/load_controller in 10.0. (Attempt 1 of 3.)
[spawner-20] [WARN] [1752501140.074782934] [right.spawner_ur_right_joint_group_vel_controller]: Failed getting a result from calling /right/controller_manager/configure_controller in 10.0. (Attempt 1 of 3.)
[spawner-11] [WARN] [1752501143.694160690] [left.spawner_ur_left_joint_group_vel_controller]: Could not contact service /left/controller_manager/list_controllers
[spawner-11] [INFO] [1752501143.694879081] [left.spawner_ur_left_joint_group_vel_controller]: waiting for service /left/controller_manager/list_controllers to become available...
[spawner-19] [WARN] [1752501149.926781661] [right.spawner_joint_state_broadcaster]: Failed getting a result from calling /right/controller_manager/load_controller in 10.0. (Attempt 2 of 3.)
[spawner-20] [WARN] [1752501150.076748874] [right.spawner_ur_right_joint_group_vel_controller]: Failed getting a result from calling /right/controller_manager/configure_controller in 10.0. (Attempt 2 of 3.)
[spawner-11] [WARN] [1752501153.710087155] [left.spawner_ur_left_joint_group_vel_controller]: Could not contact service /left/controller_manager/list_controllers
[spawner-11] [INFO] [1752501153.711223474] [left.spawner_ur_left_joint_group_vel_controller]: waiting for service /left/controller_manager/list_controllers to become available...
[spawner-19] [WARN] [1752501159.929237284] [right.spawner_joint_state_broadcaster]: Failed getting a result from calling /right/controller_manager/load_controller in 10.0. (Attempt 3 of 3.)
[spawner-19] Traceback (most recent call last):
[spawner-19]   File "/ros2_ws/install/controller_manager/lib/controller_manager/spawner", line 33, in <module>
[spawner-19]     sys.exit(load_entry_point('controller-manager==2.50.0', 'console_scripts', 'spawner')())
[spawner-19]   File "/ros2_ws/install/controller_manager/local/lib/python3.10/dist-packages/controller_manager/spawner.py", line 227, in main
[spawner-19]     ret = load_controller(node, controller_manager_name, controller_name)
[spawner-19]   File "/ros2_ws/install/controller_manager/local/lib/python3.10/dist-packages/controller_manager/controller_manager_services.py", line 227, in load_controller
[spawner-19]     return service_caller(
[spawner-19]   File "/ros2_ws/install/controller_manager/local/lib/python3.10/dist-packages/controller_manager/controller_manager_services.py", line 150, in service_caller
[spawner-19]     raise RuntimeError(
[spawner-19] RuntimeError: Could not successfully call service /right/controller_manager/load_controller after 3 attempts.
[spawner-20] [WARN] [1752501160.078770457] [right.spawner_ur_right_joint_group_vel_controller]: Failed getting a result from calling /right/controller_manager/configure_controller in 10.0. (Attempt 3 of 3.)
[spawner-20] Traceback (most recent call last):
[spawner-20]   File "/ros2_ws/install/controller_manager/lib/controller_manager/spawner", line 33, in <module>
[spawner-20]     sys.exit(load_entry_point('controller-manager==2.50.0', 'console_scripts', 'spawner')())
[spawner-20]   File "/ros2_ws/install/controller_manager/local/lib/python3.10/dist-packages/controller_manager/spawner.py", line 242, in main
[spawner-20]     ret = configure_controller(
[spawner-20]   File "/ros2_ws/install/controller_manager/local/lib/python3.10/dist-packages/controller_manager/controller_manager_services.py", line 160, in configure_controller
[spawner-20]     return service_caller(
[spawner-20]   File "/ros2_ws/install/controller_manager/local/lib/python3.10/dist-packages/controller_manager/controller_manager_services.py", line 150, in service_caller
[spawner-20]     raise RuntimeError(
[spawner-20] RuntimeError: Could not successfully call service /right/controller_manager/configure_controller after 3 attempts.
[ERROR] [spawner-19]: process has died [pid 11309, exit code 1, cmd '/ros2_ws/install/controller_manager/lib/controller_manager/spawner joint_state_broadcaster -c /right/controller_manager --controller-manager-timeout 10 --ros-args -r __ns:=/right'].
[ERROR] [spawner-20]: process has died [pid 11324, exit code 1, cmd '/ros2_ws/install/controller_manager/lib/controller_manager/spawner ur_right_joint_group_vel_controller -c /right/controller_manager --ros-args -r __ns:=/right'].
[WARNING] [launch]: user interrupted with ctrl-c (SIGINT)
[joint_state_merger.py-24] Traceback (most recent call last):
[joint_state_merger.py-24]   File "/ros2_ws/install/ur/lib/ur/joint_state_merger.py", line 46, in <module>
[joint_state_merger.py-24]     main()
[joint_state_merger.py-24]   File "/ros2_ws/install/ur/lib/ur/joint_state_merger.py", line 41, in main
[joint_state_merger.py-24]     rclpy.spin(node)
[joint_state_merger.py-24]   File "/opt/ros/humble/local/lib/python3.10/dist-packages/rclpy/__init__.py", line 226, in spin
[joint_state_merger.py-24]     executor.spin_once()
[joint_state_merger.py-24]   File "/opt/ros/humble/local/lib/python3.10/dist-packages/rclpy/executors.py", line 751, in spin_once
[joint_state_merger.py-24]     self._spin_once_impl(timeout_sec)
[joint_state_merger.py-24]   File "/opt/ros/humble/local/lib/python3.10/dist-packages/rclpy/executors.py", line 740, in _spin_once_impl
[joint_state_merger.py-24]     handler, entity, node = self.wait_for_ready_callbacks(timeout_sec=timeout_sec)
[joint_state_merger.py-24]   File "/opt/ros/humble/local/lib/python3.10/dist-packages/rclpy/executors.py", line 723, in wait_for_ready_callbacks
[joint_state_merger.py-24]     return next(self._cb_iter)
[joint_state_merger.py-24]   File "/opt/ros/humble/local/lib/python3.10/dist-packages/rclpy/executors.py", line 620, in _wait_for_ready_callbacks
[joint_state_merger.py-24]     wait_set.wait(timeout_nsec)
[joint_state_merger.py-24] KeyboardInterrupt
[gazebo_scene_sync.py-23] Traceback (most recent call last):
[gazebo_scene_sync.py-23]   File "/ros2_ws/install/ur/lib/ur/gazebo_scene_sync.py", line 279, in <module>
[gazebo_scene_sync.py-23]     main()
[gazebo_scene_sync.py-23]   File "/ros2_ws/install/ur/lib/ur/gazebo_scene_sync.py", line 274, in main
[gazebo_scene_sync.py-23]     rclpy.spin(node)
[gazebo_scene_sync.py-23]   File "/opt/ros/humble/local/lib/python3.10/dist-packages/rclpy/__init__.py", line 226, in spin
[gazebo_scene_sync.py-23]     executor.spin_once()
[gazebo_scene_sync.py-23]   File "/opt/ros/humble/local/lib/python3.10/dist-packages/rclpy/executors.py", line 751, in spin_once
[gazebo_scene_sync.py-23]     self._spin_once_impl(timeout_sec)
[gazebo_scene_sync.py-23]   File "/opt/ros/humble/local/lib/python3.10/dist-packages/rclpy/executors.py", line 740, in _spin_once_impl
[gazebo_scene_sync.py-23]     handler, entity, node = self.wait_for_ready_callbacks(timeout_sec=timeout_sec)
[gazebo_scene_sync.py-23]   File "/opt/ros/humble/local/lib/python3.10/dist-packages/rclpy/executors.py", line 723, in wait_for_ready_callbacks
[gazebo_scene_sync.py-23]     return next(self._cb_iter)
[gazebo_scene_sync.py-23]   File "/opt/ros/humble/local/lib/python3.10/dist-packages/rclpy/executors.py", line 620, in _wait_for_ready_callbacks
[gazebo_scene_sync.py-23]     wait_set.wait(timeout_nsec)
[gazebo_scene_sync.py-23] KeyboardInterrupt
[move_group-22] [INFO] [1752501163.445220134] [rclcpp]: signal_handler(signum=2)
[static_transform_publisher-6] [INFO] [1752501163.445364398] [rclcpp]: signal_handler(signum=2)
[robot_state_publisher-4] [INFO] [1752501163.445205786] [rclcpp]: signal_handler(signum=2)
[rviz2-21] [INFO] [1752501163.445226211] [rclcpp]: signal_handler(signum=2)
[static_transform_publisher-5] [INFO] [1752501163.445286057] [rclcpp]: signal_handler(signum=2)
[static_transform_publisher-16] [INFO] [1752501163.445324960] [rclcpp]: signal_handler(signum=2)
[static_transform_publisher-7] [INFO] [1752501163.445205735] [rclcpp]: signal_handler(signum=2)
[static_transform_publisher-9] [INFO] [1752501163.445574202] [rclcpp]: signal_handler(signum=2)
[static_transform_publisher-17] [INFO] [1752501163.446007197] [rclcpp]: signal_handler(signum=2)
[static_transform_publisher-14] [INFO] [1752501163.445372751] [rclcpp]: signal_handler(signum=2)
[robot_state_publisher-13] [INFO] [1752501163.445403966] [rclcpp]: signal_handler(signum=2)
[static_transform_publisher-8] [INFO] [1752501163.445342832] [rclcpp]: signal_handler(signum=2)
[static_transform_publisher-18] [INFO] [1752501163.445705482] [rclcpp]: signal_handler(signum=2)
[static_transform_publisher-15] [INFO] [1752501163.445541871] [rclcpp]: signal_handler(signum=2)
[move_group-22] [INFO] [1752501163.580384213] [moveit.ros_planning_interface.moveit_cpp]: Deleting MoveItCpp
[move_group-22] [INFO] [1752501163.584788922] [moveit_ros.planning_scene_monitor.planning_scene_monitor]: Stopped publishing maintained planning scene.
[rviz2-21] [INFO] [1752501163.585449153] [moveit_ros.planning_scene_monitor.planning_scene_monitor]: Stopping planning scene monitor
[move_group-22] [INFO] [1752501163.592454830] [moveit_ros.planning_scene_monitor.planning_scene_monitor]: Stopping world geometry monitor
[move_group-22] [INFO] [1752501163.605013418] [moveit_ros.planning_scene_monitor.planning_scene_monitor]: Stopping planning scene monitor
[move_group-22] Warning: class_loader.ClassLoader: SEVERE WARNING!!! Attempting to unload library while objects created by this loader exist in the heap! You should delete your objects before attempting to unload the library or destroying the ClassLoader. The library will NOT be unloaded.
[move_group-22]          at line 127 in ./src/class_loader.cpp
[INFO] [static_transform_publisher-7]: process has finished cleanly [pid 11211]
[INFO] [static_transform_publisher-9]: process has finished cleanly [pid 11215]
[INFO] [static_transform_publisher-18]: process has finished cleanly [pid 11306]
[INFO] [static_transform_publisher-15]: process has finished cleanly [pid 11282]
[INFO] [static_transform_publisher-14]: process has finished cleanly [pid 11278]
[INFO] [static_transform_publisher-16]: process has finished cleanly [pid 11284]
[INFO] [static_transform_publisher-17]: process has finished cleanly [pid 11299]
[INFO] [static_transform_publisher-6]: process has finished cleanly [pid 11209]
[INFO] [static_transform_publisher-5]: process has finished cleanly [pid 11207]
[INFO] [robot_state_publisher-4]: process has finished cleanly [pid 11205]
[INFO] [robot_state_publisher-13]: process has finished cleanly [pid 11256]
[ERROR] [joint_state_merger.py-24]: process has died [pid 11558, exit code -2, cmd '/ros2_ws/install/ur/lib/ur/joint_state_merger.py --ros-args -r __node:=joint_state_merger'].
[ERROR] [gazebo_scene_sync.py-23]: process has died [pid 11345, exit code -2, cmd '/ros2_ws/install/ur/lib/ur/gazebo_scene_sync.py --ros-args -r __node:=gazebo_scene_sync'].
[move_group-22] Stack trace (most recent call last):
[move_group-22] #11   Object "", at 0xffffffffffffffff, in 
[move_group-22] #10   Object "/ros2_ws/build/moveit_ros_move_group/move_group", at 0x5604ad921eb4, in _start
[move_group-22] #9    Object "/usr/lib/x86_64-linux-gnu/libc.so.6", at 0x7ff9823dde3f, in __libc_start_main
[move_group-22] #8    Object "/usr/lib/x86_64-linux-gnu/libc.so.6", at 0x7ff9823ddd8f, in 
[move_group-22] #7    Object "/ros2_ws/build/moveit_ros_move_group/move_group", at 0x5604ad921483, in main
[move_group-22] #6    Object "/ros2_ws/build/moveit_ros_move_group/move_group", at 0x5604ad9289c1, in std::_Sp_counted_base<(__gnu_cxx::_Lock_policy)2>::_M_release()
[move_group-22] #5    Object "/opt/ros/humble/lib/librclcpp.so", at 0x7ff982902ade, in rclcpp::Node::~Node()
[move_group-22] #4    Object "/opt/ros/humble/lib/librclcpp.so", at 0x7ff9828ddd49, in 
[move_group-22] #3    Object "/opt/ros/humble/lib/librclcpp.so", at 0x7ff98290c189, in 
[move_group-22] #2    Object "/opt/ros/humble/lib/librclcpp.so", at 0x7ff98290c0d0, in rclcpp::node_interfaces::NodeBase::~NodeBase()
[move_group-22] #1    Object "/opt/ros/humble/lib/librclcpp.so", at 0x7ff9828ddd49, in 
[move_group-22] #0    Object "/opt/ros/humble/lib/librclcpp.so", at 0x7ff9828e2ac1, in rclcpp::CallbackGroup::~CallbackGroup()
[move_group-22] Segmentation fault (Address not mapped to object [0x7ff9780ecc70])
[INFO] [spawner-11]: process has finished cleanly [pid 11219]
[INFO] [rviz2-21]: process has finished cleanly [pid 11330]
[ERROR] [static_transform_publisher-8]: process has died [pid 11213, exit code -11, cmd '/opt/ros/humble/lib/tf2_ros/static_transform_publisher -0.25 0.15 0 0 0 0 1 left_summit_base_link left_summit_front_left_wheel_link --ros-args -r __node:=left_static_transform_publisher_front_left'].
[ERROR] [gzclient-2]: process has died [pid 11201, exit code -11, cmd 'gzclient --gui-client-plugin=libgazebo_ros_eol_gui.so'].
[ERROR] [move_group-22]: process has died [pid 11334, exit code -11, cmd '/ros2_ws/install/moveit_ros_move_group/lib/moveit_ros_move_group/move_group --ros-args --params-file /tmp/launch_params_7tnxaxei --params-file /tmp/launch_params_2cbk1luh --params-file /tmp/launch_params_b7fc07l4 --params-file /tmp/launch_params_jfifgk5m --params-file /tmp/launch_params_a0ahrkzm'].
[move_group-22] [0m
