[INFO] [launch]: All log files can be found below /root/.ros/log/2025-04-15-12-36-38-528838-outlander-Aspire-V3-571G-16365
[INFO] [launch]: Default logging verbosity is set to INFO
[INFO] [gzserver-1]: process started with pid [16370]
[INFO] [gzclient-2]: process started with pid [16372]
[INFO] [rviz2-3]: process started with pid [16374]
[INFO] [robot_state_publisher-4]: process started with pid [16376]
[INFO] [spawn_entity.py-5]: process started with pid [16378]
[INFO] [spawner-6]: process started with pid [16380]
[INFO] [spawner-7]: process started with pid [16382]
[INFO] [move_group-8]: process started with pid [16384]
[INFO] [static_transform_publisher-9]: process started with pid [16386]
[INFO] [robot_state_publisher-10]: process started with pid [16388]
[INFO] [spawn_entity.py-11]: process started with pid [16408]
[INFO] [spawner-12]: process started with pid [16412]
[INFO] [spawner-13]: process started with pid [16414]
[INFO] [move_group-14]: process started with pid [16423]
[INFO] [static_transform_publisher-15]: process started with pid [16438]
[rviz2-3] QStandardPaths: XDG_RUNTIME_DIR not set, defaulting to '/tmp/runtime-root'
[robot_state_publisher-4] [INFO] [1744720603.428494293] [left.robot_state_publisher]: got segment left_summit_back_left_wheel_link
[robot_state_publisher-4] [INFO] [1744720603.428639819] [left.robot_state_publisher]: got segment left_summit_back_right_wheel_link
[robot_state_publisher-4] [INFO] [1744720603.428665335] [left.robot_state_publisher]: got segment left_summit_base_chapa
[robot_state_publisher-4] [INFO] [1744720603.428686045] [left.robot_state_publisher]: got segment left_summit_base_docking_contact
[robot_state_publisher-4] [INFO] [1744720603.428705922] [left.robot_state_publisher]: got segment left_summit_base_footprint
[robot_state_publisher-4] [INFO] [1744720603.428880650] [left.robot_state_publisher]: got segment left_summit_base_link
[robot_state_publisher-4] [INFO] [1744720603.428900091] [left.robot_state_publisher]: got segment left_summit_base_logo_front
[robot_state_publisher-4] [INFO] [1744720603.428917578] [left.robot_state_publisher]: got segment left_summit_base_logo_left
[robot_state_publisher-4] [INFO] [1744720603.428933943] [left.robot_state_publisher]: got segment left_summit_base_logo_rear
[robot_state_publisher-4] [INFO] [1744720603.428951936] [left.robot_state_publisher]: got segment left_summit_base_logo_right
[robot_state_publisher-4] [INFO] [1744720603.428969716] [left.robot_state_publisher]: got segment left_summit_front_laser_base_link
[robot_state_publisher-4] [INFO] [1744720603.428988092] [left.robot_state_publisher]: got segment left_summit_front_laser_link
[robot_state_publisher-4] [INFO] [1744720603.429006485] [left.robot_state_publisher]: got segment left_summit_front_left_wheel_link
[robot_state_publisher-4] [INFO] [1744720603.429023686] [left.robot_state_publisher]: got segment left_summit_front_right_wheel_link
[robot_state_publisher-4] [INFO] [1744720603.429041633] [left.robot_state_publisher]: got segment left_summit_imu_link
[robot_state_publisher-4] [INFO] [1744720603.429059331] [left.robot_state_publisher]: got segment left_summit_rear_laser_base_link
[robot_state_publisher-4] [INFO] [1744720603.429077748] [left.robot_state_publisher]: got segment left_summit_rear_laser_link
[robot_state_publisher-4] [INFO] [1744720603.429095198] [left.robot_state_publisher]: got segment ur_left_base
[robot_state_publisher-4] [INFO] [1744720603.429111461] [left.robot_state_publisher]: got segment ur_left_base_link
[robot_state_publisher-4] [INFO] [1744720603.429127113] [left.robot_state_publisher]: got segment ur_left_base_link_inertia
[robot_state_publisher-4] [INFO] [1744720603.429142842] [left.robot_state_publisher]: got segment ur_left_finger_left
[robot_state_publisher-4] [INFO] [1744720603.429158387] [left.robot_state_publisher]: got segment ur_left_finger_right
[robot_state_publisher-4] [INFO] [1744720603.429172932] [left.robot_state_publisher]: got segment ur_left_finger_tip
[robot_state_publisher-4] [INFO] [1744720603.429187362] [left.robot_state_publisher]: got segment ur_left_flange
[robot_state_publisher-4] [INFO] [1744720603.429201517] [left.robot_state_publisher]: got segment ur_left_forearm_link
[robot_state_publisher-4] [INFO] [1744720603.429214851] [left.robot_state_publisher]: got segment ur_left_ft_frame
[robot_state_publisher-4] [INFO] [1744720603.429227817] [left.robot_state_publisher]: got segment ur_left_robotiq_hand
[robot_state_publisher-4] [INFO] [1744720603.429241108] [left.robot_state_publisher]: got segment ur_left_shoulder_link
[robot_state_publisher-4] [INFO] [1744720603.429256105] [left.robot_state_publisher]: got segment ur_left_tool0
[robot_state_publisher-4] [INFO] [1744720603.429271014] [left.robot_state_publisher]: got segment ur_left_upper_arm_link
[robot_state_publisher-4] [INFO] [1744720603.429286468] [left.robot_state_publisher]: got segment ur_left_wrist_1_link
[robot_state_publisher-4] [INFO] [1744720603.429301745] [left.robot_state_publisher]: got segment ur_left_wrist_2_link
[robot_state_publisher-4] [INFO] [1744720603.429421022] [left.robot_state_publisher]: got segment ur_left_wrist_3_link
[static_transform_publisher-9] [WARN] [1744720603.402864716] []: Old-style arguments are deprecated; see --help for new-style arguments
[static_transform_publisher-9] [INFO] [1744720603.442510679] [left.static_transform_publisher]: Spinning until stopped - publishing transform
[static_transform_publisher-9] translation: ('-0.660000', '0.000000', '0.000000')
[static_transform_publisher-9] rotation: ('0.000000', '0.000000', '0.000000', '1.000000')
[static_transform_publisher-9] from 'world' to 'left_summit_odom'
[static_transform_publisher-15] [WARN] [1744720603.564567148] []: Old-style arguments are deprecated; see --help for new-style arguments
[robot_state_publisher-10] [INFO] [1744720603.621290453] [right.robot_state_publisher]: got segment right_summit_back_left_wheel_link
[static_transform_publisher-15] [INFO] [1744720603.628168526] [right.static_transform_publisher]: Spinning until stopped - publishing transform
[static_transform_publisher-15] translation: ('0.660000', '0.000000', '0.000000')
[static_transform_publisher-15] rotation: ('0.000000', '0.000000', '0.000000', '1.000000')
[static_transform_publisher-15] from 'world' to 'right_summit_odom'
[move_group-8] [INFO] [1744720603.629072080] [moveit_rdf_loader.rdf_loader]: Loaded robot model in 0.0619215 seconds
[move_group-8] [INFO] [1744720603.629184359] [moveit_robot_model.robot_model]: Loading robot model 'dual'...
[move_group-8] [WARN] [1744720603.629247127] [moveit_robot_model.robot_model]: Link left_summit_base_footprint has visual geometry but no collision geometry. Collision geometry will be left empty. Fix your URDF file by explicitly specifying collision geometry.
[robot_state_publisher-10] [INFO] [1744720603.631441213] [right.robot_state_publisher]: got segment right_summit_back_right_wheel_link
[robot_state_publisher-10] [INFO] [1744720603.631512129] [right.robot_state_publisher]: got segment right_summit_base_chapa
[robot_state_publisher-10] [INFO] [1744720603.631533426] [right.robot_state_publisher]: got segment right_summit_base_docking_contact
[robot_state_publisher-10] [INFO] [1744720603.631551027] [right.robot_state_publisher]: got segment right_summit_base_footprint
[robot_state_publisher-10] [INFO] [1744720603.631568595] [right.robot_state_publisher]: got segment right_summit_base_link
[robot_state_publisher-10] [INFO] [1744720603.631587832] [right.robot_state_publisher]: got segment right_summit_base_logo_front
[robot_state_publisher-10] [INFO] [1744720603.631607222] [right.robot_state_publisher]: got segment right_summit_base_logo_left
[robot_state_publisher-10] [INFO] [1744720603.631626484] [right.robot_state_publisher]: got segment right_summit_base_logo_rear
[robot_state_publisher-10] [INFO] [1744720603.631646491] [right.robot_state_publisher]: got segment right_summit_base_logo_right
[robot_state_publisher-10] [INFO] [1744720603.631666507] [right.robot_state_publisher]: got segment right_summit_front_laser_base_link
[robot_state_publisher-10] [INFO] [1744720603.631686075] [right.robot_state_publisher]: got segment right_summit_front_laser_link
[robot_state_publisher-10] [INFO] [1744720603.631705258] [right.robot_state_publisher]: got segment right_summit_front_left_wheel_link
[robot_state_publisher-10] [INFO] [1744720603.631725118] [right.robot_state_publisher]: got segment right_summit_front_right_wheel_link
[robot_state_publisher-10] [INFO] [1744720603.631744600] [right.robot_state_publisher]: got segment right_summit_imu_link
[robot_state_publisher-10] [INFO] [1744720603.631765146] [right.robot_state_publisher]: got segment right_summit_rear_laser_base_link
[robot_state_publisher-10] [INFO] [1744720603.631784460] [right.robot_state_publisher]: got segment right_summit_rear_laser_link
[robot_state_publisher-10] [INFO] [1744720603.631804513] [right.robot_state_publisher]: got segment ur_right_base
[robot_state_publisher-10] [INFO] [1744720603.631823475] [right.robot_state_publisher]: got segment ur_right_base_link
[robot_state_publisher-10] [INFO] [1744720603.631844048] [right.robot_state_publisher]: got segment ur_right_base_link_inertia
[robot_state_publisher-10] [INFO] [1744720603.631863736] [right.robot_state_publisher]: got segment ur_right_finger_left
[robot_state_publisher-10] [INFO] [1744720603.631884061] [right.robot_state_publisher]: got segment ur_right_finger_right
[robot_state_publisher-10] [INFO] [1744720603.631904007] [right.robot_state_publisher]: got segment ur_right_finger_tip
[robot_state_publisher-10] [INFO] [1744720603.631924881] [right.robot_state_publisher]: got segment ur_right_flange
[robot_state_publisher-10] [INFO] [1744720603.631944565] [right.robot_state_publisher]: got segment ur_right_forearm_link
[robot_state_publisher-10] [INFO] [1744720603.631965158] [right.robot_state_publisher]: got segment ur_right_ft_frame
[robot_state_publisher-10] [INFO] [1744720603.631982187] [right.robot_state_publisher]: got segment ur_right_robotiq_hand
[robot_state_publisher-10] [INFO] [1744720603.632272868] [right.robot_state_publisher]: got segment ur_right_shoulder_link
[robot_state_publisher-10] [INFO] [1744720603.632781444] [right.robot_state_publisher]: got segment ur_right_tool0
[robot_state_publisher-10] [INFO] [1744720603.632820671] [right.robot_state_publisher]: got segment ur_right_upper_arm_link
[robot_state_publisher-10] [INFO] [1744720603.632840719] [right.robot_state_publisher]: got segment ur_right_wrist_1_link
[robot_state_publisher-10] [INFO] [1744720603.632860606] [right.robot_state_publisher]: got segment ur_right_wrist_2_link
[robot_state_publisher-10] [INFO] [1744720603.632879096] [right.robot_state_publisher]: got segment ur_right_wrist_3_link
[move_group-8] [WARN] [1744720603.645462834] [moveit_robot_model.robot_model]: Link left_summit_base_logo_front has visual geometry but no collision geometry. Collision geometry will be left empty. Fix your URDF file by explicitly specifying collision geometry.
[move_group-8] [WARN] [1744720603.645509925] [moveit_robot_model.robot_model]: Link left_summit_base_logo_left has visual geometry but no collision geometry. Collision geometry will be left empty. Fix your URDF file by explicitly specifying collision geometry.
[move_group-8] [WARN] [1744720603.645531772] [moveit_robot_model.robot_model]: Link left_summit_base_logo_rear has visual geometry but no collision geometry. Collision geometry will be left empty. Fix your URDF file by explicitly specifying collision geometry.
[move_group-8] [WARN] [1744720603.645550550] [moveit_robot_model.robot_model]: Link left_summit_base_logo_right has visual geometry but no collision geometry. Collision geometry will be left empty. Fix your URDF file by explicitly specifying collision geometry.
[move_group-8] [WARN] [1744720603.645569436] [moveit_robot_model.robot_model]: Link left_summit_base_chapa has visual geometry but no collision geometry. Collision geometry will be left empty. Fix your URDF file by explicitly specifying collision geometry.
[move_group-8] [WARN] [1744720603.664391637] [moveit_robot_model.robot_model]: Link left_summit_imu_link has visual geometry but no collision geometry. Collision geometry will be left empty. Fix your URDF file by explicitly specifying collision geometry.
[move_group-8] terminate called after throwing an instance of 'rclcpp::exceptions::InvalidParameterTypeException'
[move_group-8]   what():  parameter 'robot_description_planning.joint_limits.left_summit_back_left_wheel_joint.max_velocity' has invalid type: expected [double] got [integer]
[move_group-8] Stack trace (most recent call last):
[move_group-8] #19   Object "", at 0xffffffffffffffff, in 
[move_group-8] #18   Object "/ros2_ws/build/moveit_ros_move_group/move_group", at 0x5578c0beaeb4, in _start
[move_group-8] #17   Object "/usr/lib/x86_64-linux-gnu/libc.so.6", at 0x7f58ec1dee3f, in __libc_start_main
[move_group-8] #16   Object "/usr/lib/x86_64-linux-gnu/libc.so.6", at 0x7f58ec1ded8f, in 
[move_group-8] #15   Object "/ros2_ws/build/moveit_ros_move_group/move_group", at 0x5578c0bea1f3, in main
[move_group-8] #14   Object "/ros2_ws/install/moveit_ros_planning/lib/libmoveit_cpp.so.2.5.8", at 0x7f58ecc70be4, in moveit_cpp::MoveItCpp::MoveItCpp(std::shared_ptr<rclcpp::Node> const&, moveit_cpp::MoveItCpp::Options const&)
[move_group-8] #13   Object "/ros2_ws/install/moveit_ros_planning/lib/libmoveit_cpp.so.2.5.8", at 0x7f58ecc706cb, in moveit_cpp::MoveItCpp::loadPlanningSceneMonitor(moveit_cpp::MoveItCpp::PlanningSceneMonitorOptions const&)
[move_group-8] #12   Object "/ros2_ws/install/moveit_ros_planning/lib/libmoveit_planning_scene_monitor.so.2.5.8", at 0x7f58ec97ed01, in planning_scene_monitor::PlanningSceneMonitor::PlanningSceneMonitor(std::shared_ptr<rclcpp::Node> const&, std::__cxx11::basic_string<char, std::char_traits<char>, std::allocator<char> > const&, std::__cxx11::basic_string<char, std::char_traits<char>, std::allocator<char> > const&)
[move_group-8] #11   Object "/ros2_ws/install/moveit_ros_planning/lib/libmoveit_planning_scene_monitor.so.2.5.8", at 0x7f58ec97ec56, in planning_scene_monitor::PlanningSceneMonitor::PlanningSceneMonitor(std::shared_ptr<rclcpp::Node> const&, std::shared_ptr<planning_scene::PlanningScene> const&, std::__cxx11::basic_string<char, std::char_traits<char>, std::allocator<char> > const&, std::__cxx11::basic_string<char, std::char_traits<char>, std::allocator<char> > const&)
[move_group-8] #10   Object "/ros2_ws/install/moveit_ros_planning/lib/libmoveit_robot_model_loader.so.2.5.8", at 0x7f58eca93812, in robot_model_loader::RobotModelLoader::RobotModelLoader(std::shared_ptr<rclcpp::Node> const&, std::__cxx11::basic_string<char, std::char_traits<char>, std::allocator<char> > const&, bool)
[move_group-8] #9    Object "/ros2_ws/install/moveit_ros_planning/lib/libmoveit_robot_model_loader.so.2.5.8", at 0x7f58eca9298f, in robot_model_loader::RobotModelLoader::configure(robot_model_loader::RobotModelLoader::Options const&)
[move_group-8] #8    Object "/ros2_ws/build/moveit_ros_move_group/move_group", at 0x5578c0bf25ce, in bool rclcpp::Node::get_parameter<double>(std::__cxx11::basic_string<char, std::char_traits<char>, std::allocator<char> > const&, double&) const
[move_group-8] #7    Object "/ros2_ws/build/moveit_ros_move_group/move_group", at 0x5578c0bf250c, in decltype(auto) rclcpp::Parameter::get_value<double>() const
[move_group-8] #6    Object "/usr/lib/x86_64-linux-gnu/libstdc++.so.6.0.30", at 0x7f58ec48c4d7, in __cxa_throw
[move_group-8] #5    Object "/usr/lib/x86_64-linux-gnu/libstdc++.so.6.0.30", at 0x7f58ec48c276, in std::terminate()
[move_group-8] #4    Object "/usr/lib/x86_64-linux-gnu/libstdc++.so.6.0.30", at 0x7f58ec48c20b, in 
[move_group-8] #3    Object "/usr/lib/x86_64-linux-gnu/libstdc++.so.6.0.30", at 0x7f58ec480b9d, in 
[move_group-8] #2    Object "/usr/lib/x86_64-linux-gnu/libc.so.6", at 0x7f58ec1dd7f2, in abort
[move_group-8] #1    Object "/usr/lib/x86_64-linux-gnu/libc.so.6", at 0x7f58ec1f7475, in raise
[move_group-8] #0    Object "/usr/lib/x86_64-linux-gnu/libc.so.6", at 0x7f58ec24b9fc, in pthread_kill
[move_group-8] Aborted (Signal sent by tkill() 16384 0)
[ERROR] [move_group-8]: process has died [pid 16384, exit code -6, cmd '/ros2_ws/install/moveit_ros_move_group/lib/moveit_ros_move_group/move_group --ros-args --params-file /tmp/launch_params_xjjy2zo3 --params-file /tmp/launch_params_zefwkqa0 --params-file /tmp/launch_params_y1sol9ao --params-file /tmp/launch_params_dnik1hl_'].
[rviz2-3] [INFO] [1744720604.844803684] [rviz2]: Stereo is NOT SUPPORTED
[rviz2-3] [INFO] [1744720604.845194427] [rviz2]: OpenGl version: 4.6 (GLSL 4.6)
[rviz2-3] [INFO] [1744720604.960726959] [rviz2]: Stereo is NOT SUPPORTED
[gzserver-1] [WARN] [1744720606.395234330] [rcl]: Found remap rule 'model_states:=model_states'. This syntax is deprecated. Use '--ros-args --remap model_states:=model_states' instead.
[gzserver-1] [WARN] [1744720606.395605454] [rcl]: Found remap rule 'link_states:=link_states'. This syntax is deprecated. Use '--ros-args --remap link_states:=link_states' instead.
[gzserver-1] [INFO] [1744720606.405454266] [state.gazebo_ros_state]: Publishing states of gazebo models at [/state/model_states]
[gzserver-1] [INFO] [1744720606.406284614] [state.gazebo_ros_state]: Publishing states of gazebo links at [/state/link_states]
[INFO] [gzclient-2]: process has finished cleanly [pid 16372]
[INFO] [rviz2-3]: process has finished cleanly [pid 16374]
[WARNING] [launch]: user interrupted with ctrl-c (SIGINT)
[static_transform_publisher-15] [INFO] [1744720617.526125469] [rclcpp]: signal_handler(signum=2)
[static_transform_publisher-9] [INFO] [1744720617.526133635] [rclcpp]: signal_handler(signum=2)
[robot_state_publisher-10] [INFO] [1744720617.526146353] [rclcpp]: signal_handler(signum=2)
[move_group-14] [INFO] [1744720617.526185235] [rclcpp]: signal_handler(signum=2)
[robot_state_publisher-4] [INFO] [1744720617.526256315] [rclcpp]: signal_handler(signum=2)
[INFO] [static_transform_publisher-9]: process has finished cleanly [pid 16386]
[INFO] [robot_state_publisher-10]: process has finished cleanly [pid 16388]
[INFO] [static_transform_publisher-15]: process has finished cleanly [pid 16438]
[INFO] [robot_state_publisher-4]: process has finished cleanly [pid 16376]
[INFO] [gzserver-1]: process has finished cleanly [pid 16370]
[ERROR] [move_group-14]: process[move_group-14] failed to terminate '5' seconds after receiving 'SIGINT', escalating to 'SIGTERM'
[ERROR] [spawner-13]: process[spawner-13] failed to terminate '5' seconds after receiving 'SIGINT', escalating to 'SIGTERM'
[ERROR] [spawner-12]: process[spawner-12] failed to terminate '5' seconds after receiving 'SIGINT', escalating to 'SIGTERM'
[ERROR] [spawn_entity.py-11]: process[spawn_entity.py-11] failed to terminate '5' seconds after receiving 'SIGINT', escalating to 'SIGTERM'
[ERROR] [spawner-7]: process[spawner-7] failed to terminate '5' seconds after receiving 'SIGINT', escalating to 'SIGTERM'
[ERROR] [spawner-6]: process[spawner-6] failed to terminate '5' seconds after receiving 'SIGINT', escalating to 'SIGTERM'
[ERROR] [spawn_entity.py-5]: process[spawn_entity.py-5] failed to terminate '5' seconds after receiving 'SIGINT', escalating to 'SIGTERM'
[INFO] [move_group-14]: sending signal 'SIGTERM' to process[move_group-14]
[INFO] [spawner-13]: sending signal 'SIGTERM' to process[spawner-13]
[INFO] [spawner-12]: sending signal 'SIGTERM' to process[spawner-12]
[INFO] [spawn_entity.py-11]: sending signal 'SIGTERM' to process[spawn_entity.py-11]
[INFO] [spawner-7]: sending signal 'SIGTERM' to process[spawner-7]
[ERROR] [spawner-13]: process has died [pid 16414, exit code -15, cmd '/opt/ros/humble/lib/controller_manager/spawner ur_right_joint_group_vel_controller -c /right/controller_manager --ros-args -r __ns:=/right'].
[ERROR] [spawner-12]: process has died [pid 16412, exit code -15, cmd '/opt/ros/humble/lib/controller_manager/spawner joint_state_broadcaster -c /right/controller_manager --ros-args -r __ns:=/right'].
[INFO] [spawner-6]: sending signal 'SIGTERM' to process[spawner-6]
[INFO] [spawn_entity.py-5]: sending signal 'SIGTERM' to process[spawn_entity.py-5]
[ERROR] [spawner-7]: process has died [pid 16382, exit code -15, cmd '/opt/ros/humble/lib/controller_manager/spawner ur_left_joint_group_vel_controller -c /left/controller_manager --ros-args -r __ns:=/left'].
[move_group-14] [INFO] [1744720622.556639038] [rclcpp]: signal_handler(signum=15)
[ERROR] [spawner-6]: process has died [pid 16380, exit code -15, cmd '/opt/ros/humble/lib/controller_manager/spawner joint_state_broadcaster -c /left/controller_manager --ros-args -r __ns:=/left'].
[ERROR] [move_group-14]: process[move_group-14] failed to terminate '10.0' seconds after receiving 'SIGTERM', escalating to 'SIGKILL'
[ERROR] [spawn_entity.py-11]: process[spawn_entity.py-11] failed to terminate '10.0' seconds after receiving 'SIGTERM', escalating to 'SIGKILL'
[INFO] [move_group-14]: sending signal 'SIGKILL' to process[move_group-14]
[INFO] [spawn_entity.py-11]: sending signal 'SIGKILL' to process[spawn_entity.py-11]
[ERROR] [spawn_entity.py-5]: process[spawn_entity.py-5] failed to terminate '10.0' seconds after receiving 'SIGTERM', escalating to 'SIGKILL'
[ERROR] [move_group-14]: process has died [pid 16423, exit code -9, cmd '/ros2_ws/install/moveit_ros_move_group/lib/moveit_ros_move_group/move_group --ros-args --params-file /tmp/launch_params_w5c0w_oz --params-file /tmp/launch_params_nej767ka --params-file /tmp/launch_params_4xwi3say --params-file /tmp/launch_params_c2dfag9x'].
[INFO] [spawn_entity.py-5]: sending signal 'SIGKILL' to process[spawn_entity.py-5]
[ERROR] [spawn_entity.py-11]: process has died [pid 16408, exit code -9, cmd '/opt/ros/humble/lib/gazebo_ros/spawn_entity.py -entity right_robot -topic /right/robot_description -x 0.66 -y 0 -z 0 -timeout 5 -unpause --ros-args -r __node:=right'].
[ERROR] [spawn_entity.py-5]: process has died [pid 16378, exit code -9, cmd '/opt/ros/humble/lib/gazebo_ros/spawn_entity.py -entity left_robot -topic /left/robot_description -x -0.66 -y 0 -z 0 -timeout 5 -unpause --ros-args -r __node:=left'].
