[INFO] [launch]: All log files can be found below /root/.ros/log/2025-05-15-13-58-16-078297-outlander-Aspire-V3-571G-59669
[INFO] [launch]: Default logging verbosity is set to INFO
[INFO] [gzserver-1]: process started with pid [59672]
[INFO] [gzclient-2]: process started with pid [59674]
[INFO] [rviz2-3]: process started with pid [59676]
[INFO] [robot_state_publisher-4]: process started with pid [59678]
[INFO] [spawn_entity.py-5]: process started with pid [59680]
[INFO] [spawner-6]: process started with pid [59682]
[INFO] [spawner-7]: process started with pid [59684]
[INFO] [move_group-8]: process started with pid [59686]
[INFO] [static_transform_publisher-9]: process started with pid [59688]
[INFO] [static_transform_publisher-10]: process started with pid [59700]
[INFO] [static_transform_publisher-11]: process started with pid [59703]
[INFO] [static_transform_publisher-12]: process started with pid [59718]
[INFO] [static_transform_publisher-13]: process started with pid [59746]
[INFO] [robot_state_publisher-14]: process started with pid [59754]
[INFO] [spawn_entity.py-15]: process started with pid [59759]
[INFO] [spawner-16]: process started with pid [59777]
[INFO] [spawner-17]: process started with pid [59781]
[INFO] [move_group-18]: process started with pid [59784]
[INFO] [static_transform_publisher-19]: process started with pid [59792]
[INFO] [static_transform_publisher-20]: process started with pid [59795]
[INFO] [static_transform_publisher-21]: process started with pid [59797]
[INFO] [static_transform_publisher-22]: process started with pid [59800]
[INFO] [static_transform_publisher-23]: process started with pid [59802]
[rviz2-3] QStandardPaths: XDG_RUNTIME_DIR not set, defaulting to '/tmp/runtime-root'
[robot_state_publisher-4] [INFO] [1747317500.435145544] [left.robot_state_publisher]: got segment left_summit_back_left_wheel_link
[robot_state_publisher-4] [INFO] [1747317500.435286790] [left.robot_state_publisher]: got segment left_summit_back_right_wheel_link
[robot_state_publisher-4] [INFO] [1747317500.435311791] [left.robot_state_publisher]: got segment left_summit_base_chapa
[robot_state_publisher-4] [INFO] [1747317500.435328769] [left.robot_state_publisher]: got segment left_summit_base_docking_contact
[robot_state_publisher-4] [INFO] [1747317500.435345622] [left.robot_state_publisher]: got segment left_summit_base_footprint
[robot_state_publisher-4] [INFO] [1747317500.435363141] [left.robot_state_publisher]: got segment left_summit_base_link
[robot_state_publisher-4] [INFO] [1747317500.435379267] [left.robot_state_publisher]: got segment left_summit_base_logo_front
[robot_state_publisher-4] [INFO] [1747317500.435396578] [left.robot_state_publisher]: got segment left_summit_base_logo_left
[robot_state_publisher-4] [INFO] [1747317500.435412978] [left.robot_state_publisher]: got segment left_summit_base_logo_rear
[robot_state_publisher-4] [INFO] [1747317500.435429604] [left.robot_state_publisher]: got segment left_summit_base_logo_right
[robot_state_publisher-4] [INFO] [1747317500.435447280] [left.robot_state_publisher]: got segment left_summit_front_laser_base_link
[robot_state_publisher-4] [INFO] [1747317500.435464064] [left.robot_state_publisher]: got segment left_summit_front_laser_link
[robot_state_publisher-4] [INFO] [1747317500.435480494] [left.robot_state_publisher]: got segment left_summit_front_left_wheel_link
[robot_state_publisher-4] [INFO] [1747317500.435497437] [left.robot_state_publisher]: got segment left_summit_front_right_wheel_link
[robot_state_publisher-4] [INFO] [1747317500.435513335] [left.robot_state_publisher]: got segment left_summit_imu_link
[robot_state_publisher-4] [INFO] [1747317500.435529837] [left.robot_state_publisher]: got segment left_summit_rear_laser_base_link
[robot_state_publisher-4] [INFO] [1747317500.435547011] [left.robot_state_publisher]: got segment left_summit_rear_laser_link
[robot_state_publisher-4] [INFO] [1747317500.435563712] [left.robot_state_publisher]: got segment ur_left_base
[robot_state_publisher-4] [INFO] [1747317500.435578994] [left.robot_state_publisher]: got segment ur_left_base_link
[robot_state_publisher-4] [INFO] [1747317500.435594116] [left.robot_state_publisher]: got segment ur_left_base_link_inertia
[robot_state_publisher-4] [INFO] [1747317500.435610072] [left.robot_state_publisher]: got segment ur_left_finger_left
[robot_state_publisher-4] [INFO] [1747317500.435626505] [left.robot_state_publisher]: got segment ur_left_finger_right
[robot_state_publisher-4] [INFO] [1747317500.435642232] [left.robot_state_publisher]: got segment ur_left_finger_tip
[robot_state_publisher-4] [INFO] [1747317500.435657966] [left.robot_state_publisher]: got segment ur_left_flange
[robot_state_publisher-4] [INFO] [1747317500.435673614] [left.robot_state_publisher]: got segment ur_left_forearm_link
[robot_state_publisher-4] [INFO] [1747317500.435692014] [left.robot_state_publisher]: got segment ur_left_ft_frame
[robot_state_publisher-4] [INFO] [1747317500.435709176] [left.robot_state_publisher]: got segment ur_left_robotiq_hand
[robot_state_publisher-4] [INFO] [1747317500.435725467] [left.robot_state_publisher]: got segment ur_left_shoulder_link
[robot_state_publisher-4] [INFO] [1747317500.435742192] [left.robot_state_publisher]: got segment ur_left_tool0
[robot_state_publisher-4] [INFO] [1747317500.435758305] [left.robot_state_publisher]: got segment ur_left_upper_arm_link
[robot_state_publisher-4] [INFO] [1747317500.435774878] [left.robot_state_publisher]: got segment ur_left_wrist_1_link
[robot_state_publisher-4] [INFO] [1747317500.435791403] [left.robot_state_publisher]: got segment ur_left_wrist_2_link
[robot_state_publisher-4] [INFO] [1747317500.435808416] [left.robot_state_publisher]: got segment ur_left_wrist_3_link
[static_transform_publisher-9] [WARN] [1747317500.359372225] []: Old-style arguments are deprecated; see --help for new-style arguments
[static_transform_publisher-9] [INFO] [1747317500.407722215] [left.static_transform_publisher]: Spinning until stopped - publishing transform
[static_transform_publisher-9] translation: ('-0.660000', '0.000000', '0.000000')
[static_transform_publisher-9] rotation: ('0.000000', '0.000000', '0.000000', '1.000000')
[static_transform_publisher-9] from 'world' to 'left_summit_odom'
[static_transform_publisher-10] [WARN] [1747317500.390539526] []: Old-style arguments are deprecated; see --help for new-style arguments
[static_transform_publisher-10] [INFO] [1747317500.451740183] [left_static_transform_publisher_back_left]: Spinning until stopped - publishing transform
[static_transform_publisher-10] translation: ('0.250000', '0.150000', '0.000000')
[static_transform_publisher-10] rotation: ('0.000000', '0.000000', '0.000000', '1.000000')
[static_transform_publisher-10] from 'left_summit_base_link' to 'left_summit_back_left_wheel_link'
[static_transform_publisher-11] [WARN] [1747317500.381673758] []: Old-style arguments are deprecated; see --help for new-style arguments
[static_transform_publisher-11] [INFO] [1747317500.410359253] [left_static_transform_publisher_back_right]: Spinning until stopped - publishing transform
[static_transform_publisher-11] translation: ('0.250000', '-0.150000', '0.000000')
[static_transform_publisher-11] rotation: ('0.000000', '0.000000', '0.000000', '1.000000')
[static_transform_publisher-11] from 'left_summit_base_link' to 'left_summit_back_right_wheel_link'
[static_transform_publisher-12] [WARN] [1747317500.430731004] []: Old-style arguments are deprecated; see --help for new-style arguments
[static_transform_publisher-12] [INFO] [1747317500.506434599] [left_static_transform_publisher_front_left]: Spinning until stopped - publishing transform
[static_transform_publisher-12] translation: ('-0.250000', '0.150000', '0.000000')
[static_transform_publisher-12] rotation: ('0.000000', '0.000000', '0.000000', '1.000000')
[static_transform_publisher-12] from 'left_summit_base_link' to 'left_summit_front_left_wheel_link'
[static_transform_publisher-13] [WARN] [1747317500.450028599] []: Old-style arguments are deprecated; see --help for new-style arguments
[static_transform_publisher-13] [INFO] [1747317500.525612876] [static_transform_publisher_front_right]: Spinning until stopped - publishing transform
[static_transform_publisher-13] translation: ('-0.250000', '-0.150000', '0.000000')
[static_transform_publisher-13] rotation: ('0.000000', '0.000000', '0.000000', '1.000000')
[static_transform_publisher-13] from 'left_summit_base_link' to 'left_summit_front_right_wheel_link'
[static_transform_publisher-19] [WARN] [1747317500.660059299] []: Old-style arguments are deprecated; see --help for new-style arguments
[static_transform_publisher-20] [WARN] [1747317500.663801456] []: Old-style arguments are deprecated; see --help for new-style arguments
[static_transform_publisher-21] [WARN] [1747317500.676825129] []: Old-style arguments are deprecated; see --help for new-style arguments
[move_group-8] [INFO] [1747317500.694639599] [moveit_rdf_loader.rdf_loader]: Loaded robot model in 0.198542 seconds
[move_group-8] [INFO] [1747317500.694747656] [moveit_robot_model.robot_model]: Loading robot model 'dual'...
[move_group-8] [WARN] [1747317500.694841852] [moveit_robot_model.robot_model]: Link left_summit_base_footprint has visual geometry but no collision geometry. Collision geometry will be left empty. Fix your URDF file by explicitly specifying collision geometry.
[move_group-8] [WARN] [1747317500.701092777] [moveit_robot_model.robot_model]: Link left_summit_base_logo_front has visual geometry but no collision geometry. Collision geometry will be left empty. Fix your URDF file by explicitly specifying collision geometry.
[move_group-8] [WARN] [1747317500.701136572] [moveit_robot_model.robot_model]: Link left_summit_base_logo_left has visual geometry but no collision geometry. Collision geometry will be left empty. Fix your URDF file by explicitly specifying collision geometry.
[move_group-8] [WARN] [1747317500.701155623] [moveit_robot_model.robot_model]: Link left_summit_base_logo_rear has visual geometry but no collision geometry. Collision geometry will be left empty. Fix your URDF file by explicitly specifying collision geometry.
[move_group-8] [WARN] [1747317500.701173345] [moveit_robot_model.robot_model]: Link left_summit_base_logo_right has visual geometry but no collision geometry. Collision geometry will be left empty. Fix your URDF file by explicitly specifying collision geometry.
[move_group-8] [WARN] [1747317500.701191512] [moveit_robot_model.robot_model]: Link left_summit_base_chapa has visual geometry but no collision geometry. Collision geometry will be left empty. Fix your URDF file by explicitly specifying collision geometry.
[move_group-8] [WARN] [1747317500.709853944] [moveit_robot_model.robot_model]: Link left_summit_imu_link has visual geometry but no collision geometry. Collision geometry will be left empty. Fix your URDF file by explicitly specifying collision geometry.
[static_transform_publisher-22] [WARN] [1747317500.721179312] []: Old-style arguments are deprecated; see --help for new-style arguments
[static_transform_publisher-23] [WARN] [1747317500.811661877] []: Old-style arguments are deprecated; see --help for new-style arguments
[static_transform_publisher-21] [INFO] [1747317500.813335477] [right_static_transform_publisher_back_right]: Spinning until stopped - publishing transform
[static_transform_publisher-21] translation: ('0.250000', '-0.150000', '0.000000')
[static_transform_publisher-21] rotation: ('0.000000', '0.000000', '0.000000', '1.000000')
[static_transform_publisher-21] from 'right_summit_base_link' to 'right_summit_back_right_wheel_link'
[robot_state_publisher-14] [INFO] [1747317500.844446140] [right.robot_state_publisher]: got segment right_summit_back_left_wheel_link
[robot_state_publisher-14] [INFO] [1747317500.844594782] [right.robot_state_publisher]: got segment right_summit_back_right_wheel_link
[robot_state_publisher-14] [INFO] [1747317500.844616523] [right.robot_state_publisher]: got segment right_summit_base_chapa
[robot_state_publisher-14] [INFO] [1747317500.844632770] [right.robot_state_publisher]: got segment right_summit_base_docking_contact
[robot_state_publisher-14] [INFO] [1747317500.844648653] [right.robot_state_publisher]: got segment right_summit_base_footprint
[robot_state_publisher-14] [INFO] [1747317500.844663492] [right.robot_state_publisher]: got segment right_summit_base_link
[robot_state_publisher-14] [INFO] [1747317500.844678865] [right.robot_state_publisher]: got segment right_summit_base_logo_front
[robot_state_publisher-14] [INFO] [1747317500.844693714] [right.robot_state_publisher]: got segment right_summit_base_logo_left
[robot_state_publisher-14] [INFO] [1747317500.844708743] [right.robot_state_publisher]: got segment right_summit_base_logo_rear
[robot_state_publisher-14] [INFO] [1747317500.844723582] [right.robot_state_publisher]: got segment right_summit_base_logo_right
[robot_state_publisher-14] [INFO] [1747317500.844738351] [right.robot_state_publisher]: got segment right_summit_front_laser_base_link
[robot_state_publisher-14] [INFO] [1747317500.844753130] [right.robot_state_publisher]: got segment right_summit_front_laser_link
[robot_state_publisher-14] [INFO] [1747317500.844768914] [right.robot_state_publisher]: got segment right_summit_front_left_wheel_link
[robot_state_publisher-14] [INFO] [1747317500.844783678] [right.robot_state_publisher]: got segment right_summit_front_right_wheel_link
[robot_state_publisher-14] [INFO] [1747317500.844799008] [right.robot_state_publisher]: got segment right_summit_imu_link
[robot_state_publisher-14] [INFO] [1747317500.844814595] [right.robot_state_publisher]: got segment right_summit_rear_laser_base_link
[robot_state_publisher-14] [INFO] [1747317500.844829528] [right.robot_state_publisher]: got segment right_summit_rear_laser_link
[robot_state_publisher-14] [INFO] [1747317500.844844359] [right.robot_state_publisher]: got segment ur_right_base
[robot_state_publisher-14] [INFO] [1747317500.844859384] [right.robot_state_publisher]: got segment ur_right_base_link
[robot_state_publisher-14] [INFO] [1747317500.844874346] [right.robot_state_publisher]: got segment ur_right_base_link_inertia
[robot_state_publisher-14] [INFO] [1747317500.844889517] [right.robot_state_publisher]: got segment ur_right_finger_left
[robot_state_publisher-14] [INFO] [1747317500.844905073] [right.robot_state_publisher]: got segment ur_right_finger_right
[robot_state_publisher-14] [INFO] [1747317500.844920127] [right.robot_state_publisher]: got segment ur_right_finger_tip
[robot_state_publisher-14] [INFO] [1747317500.844934869] [right.robot_state_publisher]: got segment ur_right_flange
[robot_state_publisher-14] [INFO] [1747317500.844949727] [right.robot_state_publisher]: got segment ur_right_forearm_link
[robot_state_publisher-14] [INFO] [1747317500.844964493] [right.robot_state_publisher]: got segment ur_right_ft_frame
[robot_state_publisher-14] [INFO] [1747317500.844979555] [right.robot_state_publisher]: got segment ur_right_robotiq_hand
[robot_state_publisher-14] [INFO] [1747317500.844994201] [right.robot_state_publisher]: got segment ur_right_shoulder_link
[robot_state_publisher-14] [INFO] [1747317500.845008972] [right.robot_state_publisher]: got segment ur_right_tool0
[robot_state_publisher-14] [INFO] [1747317500.845023873] [right.robot_state_publisher]: got segment ur_right_upper_arm_link
[robot_state_publisher-14] [INFO] [1747317500.845038887] [right.robot_state_publisher]: got segment ur_right_wrist_1_link
[robot_state_publisher-14] [INFO] [1747317500.845054031] [right.robot_state_publisher]: got segment ur_right_wrist_2_link
[robot_state_publisher-14] [INFO] [1747317500.845068938] [right.robot_state_publisher]: got segment ur_right_wrist_3_link
[static_transform_publisher-20] [INFO] [1747317500.895192350] [right_static_transform_publisher_back_left]: Spinning until stopped - publishing transform
[static_transform_publisher-20] translation: ('0.250000', '0.150000', '0.000000')
[static_transform_publisher-20] rotation: ('0.000000', '0.000000', '0.000000', '1.000000')
[static_transform_publisher-20] from 'right_summit_base_link' to 'right_summit_back_left_wheel_link'
[static_transform_publisher-19] [INFO] [1747317500.968838729] [right.static_transform_publisher]: Spinning until stopped - publishing transform
[static_transform_publisher-19] translation: ('0.660000', '0.000000', '0.000000')
[static_transform_publisher-19] rotation: ('0.000000', '0.000000', '0.000000', '1.000000')
[static_transform_publisher-19] from 'world' to 'right_summit_odom'
[static_transform_publisher-23] [INFO] [1747317501.076052897] [static_transform_publisher_front_right]: Spinning until stopped - publishing transform
[static_transform_publisher-23] translation: ('-0.250000', '-0.150000', '0.000000')
[static_transform_publisher-23] rotation: ('0.000000', '0.000000', '0.000000', '1.000000')
[static_transform_publisher-23] from 'right_summit_base_link' to 'right_summit_front_right_wheel_link'
[static_transform_publisher-22] [INFO] [1747317501.080342263] [right_static_transform_publisher_front_left]: Spinning until stopped - publishing transform
[static_transform_publisher-22] translation: ('-0.250000', '0.150000', '0.000000')
[static_transform_publisher-22] rotation: ('0.000000', '0.000000', '0.000000', '1.000000')
[static_transform_publisher-22] from 'right_summit_base_link' to 'right_summit_front_left_wheel_link'
[move_group-18] [INFO] [1747317501.235415877] [moveit_rdf_loader.rdf_loader]: Loaded robot model in 0.220221 seconds
[move_group-18] [INFO] [1747317501.239323817] [moveit_robot_model.robot_model]: Loading robot model 'dual'...
[move_group-18] [WARN] [1747317501.243329412] [moveit_robot_model.robot_model]: Link right_summit_base_footprint has visual geometry but no collision geometry. Collision geometry will be left empty. Fix your URDF file by explicitly specifying collision geometry.
[move_group-18] [WARN] [1747317501.279202057] [moveit_robot_model.robot_model]: Link right_summit_base_logo_front has visual geometry but no collision geometry. Collision geometry will be left empty. Fix your URDF file by explicitly specifying collision geometry.
[move_group-18] [WARN] [1747317501.280918788] [moveit_robot_model.robot_model]: Link right_summit_base_logo_left has visual geometry but no collision geometry. Collision geometry will be left empty. Fix your URDF file by explicitly specifying collision geometry.
[move_group-18] [WARN] [1747317501.282385122] [moveit_robot_model.robot_model]: Link right_summit_base_logo_rear has visual geometry but no collision geometry. Collision geometry will be left empty. Fix your URDF file by explicitly specifying collision geometry.
[move_group-18] [WARN] [1747317501.283647706] [moveit_robot_model.robot_model]: Link right_summit_base_logo_right has visual geometry but no collision geometry. Collision geometry will be left empty. Fix your URDF file by explicitly specifying collision geometry.
[move_group-18] [WARN] [1747317501.284592511] [moveit_robot_model.robot_model]: Link right_summit_base_chapa has visual geometry but no collision geometry. Collision geometry will be left empty. Fix your URDF file by explicitly specifying collision geometry.
[move_group-18] [WARN] [1747317501.332038360] [moveit_robot_model.robot_model]: Link right_summit_imu_link has visual geometry but no collision geometry. Collision geometry will be left empty. Fix your URDF file by explicitly specifying collision geometry.
[spawner-7] [INFO] [1747317501.936632048] [left.spawner_ur_left_joint_group_vel_controller]: waiting for service /left/controller_manager/list_controllers to become available...
[spawn_entity.py-5] [INFO] [1747317501.939891913] [left]: Spawn Entity started
[spawn_entity.py-5] [INFO] [1747317501.941008425] [left]: Loading entity published on topic /left/robot_description
[spawn_entity.py-5] /opt/ros/humble/local/lib/python3.10/dist-packages/rclpy/qos.py:307: UserWarning: DurabilityPolicy.RMW_QOS_POLICY_DURABILITY_TRANSIENT_LOCAL is deprecated. Use DurabilityPolicy.TRANSIENT_LOCAL instead.
[spawn_entity.py-5]   warnings.warn(
[spawn_entity.py-5] [INFO] [1747317501.950077882] [left]: Waiting for entity xml on /left/robot_description
[spawner-6] [INFO] [1747317501.969179260] [left.spawner_joint_state_broadcaster]: waiting for service /left/controller_manager/list_controllers to become available...
[spawner-17] [INFO] [1747317501.978173163] [right.spawner_ur_right_joint_group_vel_controller]: waiting for service /right/controller_manager/list_controllers to become available...
[rviz2-3] [INFO] [1747317502.184384038] [rviz2]: Stereo is NOT SUPPORTED
[rviz2-3] [INFO] [1747317502.184719208] [rviz2]: OpenGl version: 4.6 (GLSL 4.6)
[spawn_entity.py-5] [INFO] [1747317502.316088888] [left]: Waiting for service /spawn_entity, timeout = 5
[spawn_entity.py-5] [INFO] [1747317502.317194293] [left]: Waiting for service /spawn_entity
[rviz2-3] [INFO] [1747317502.453338968] [rviz2]: Stereo is NOT SUPPORTED
[spawner-16] [INFO] [1747317502.504401626] [right.spawner_joint_state_broadcaster]: waiting for service /right/controller_manager/list_controllers to become available...
[spawn_entity.py-15] [INFO] [1747317502.532310080] [right]: Spawn Entity started
[spawn_entity.py-15] [INFO] [1747317502.533244127] [right]: Loading entity published on topic /right/robot_description
[spawn_entity.py-15] /opt/ros/humble/local/lib/python3.10/dist-packages/rclpy/qos.py:307: UserWarning: DurabilityPolicy.RMW_QOS_POLICY_DURABILITY_TRANSIENT_LOCAL is deprecated. Use DurabilityPolicy.TRANSIENT_LOCAL instead.
[spawn_entity.py-15]   warnings.warn(
[spawn_entity.py-15] [INFO] [1747317502.539087846] [right]: Waiting for entity xml on /right/robot_description
[spawn_entity.py-15] [INFO] [1747317502.551803909] [right]: Waiting for service /spawn_entity, timeout = 5
[spawn_entity.py-15] [INFO] [1747317502.552741516] [right]: Waiting for service /spawn_entity
[move_group-8] [INFO] [1747317502.589632351] [moveit_ros.planning_scene_monitor.planning_scene_monitor]: Publishing maintained planning scene on 'monitored_planning_scene'
[move_group-8] [INFO] [1747317502.589865818] [moveit.ros_planning_interface.moveit_cpp]: Listening to 'joint_states' for joint states
[move_group-8] [INFO] [1747317502.595060959] [moveit_ros.current_state_monitor]: Listening to joint states on topic 'joint_states'
[move_group-8] [INFO] [1747317502.596508230] [moveit_ros.planning_scene_monitor.planning_scene_monitor]: Listening to '/left/attached_collision_object' for attached collision objects
[move_group-8] [INFO] [1747317502.596539294] [moveit_ros.planning_scene_monitor.planning_scene_monitor]: Starting planning scene monitor
[move_group-8] [INFO] [1747317502.597820763] [moveit_ros.planning_scene_monitor.planning_scene_monitor]: Listening to '/left/planning_scene'
[move_group-8] [INFO] [1747317502.597854652] [moveit_ros.planning_scene_monitor.planning_scene_monitor]: Starting world geometry update monitor for collision objects, attached objects, octomap updates.
[move_group-8] [INFO] [1747317502.599208002] [moveit_ros.planning_scene_monitor.planning_scene_monitor]: Listening to 'collision_object'
[move_group-8] [INFO] [1747317502.601132079] [moveit_ros.planning_scene_monitor.planning_scene_monitor]: Listening to 'planning_scene_world' for planning scene world geometry
[move_group-8] [WARN] [1747317502.602842641] [moveit.ros.occupancy_map_monitor.middleware_handle]: Resolution not specified for Octomap. Assuming resolution = 0.1 instead
[move_group-8] [WARN] [1747317502.605129061] [moveit_ros.current_state_monitor]: Unable to update multi-DOF joint 'Vjoint_left':Failure to lookup transform between 'left_summit_odom'and 'left_summit_base_footprint' with TF exception: Could not find a connection between 'left_summit_odom' and 'left_summit_base_footprint' because they are not part of the same tree.Tf has two or more unconnected trees.
[move_group-18] [INFO] [1747317502.691958444] [moveit_ros.planning_scene_monitor.planning_scene_monitor]: Publishing maintained planning scene on 'monitored_planning_scene'
[move_group-18] [INFO] [1747317502.692234577] [moveit.ros_planning_interface.moveit_cpp]: Listening to 'joint_states' for joint states
[move_group-18] [INFO] [1747317502.699713912] [moveit_ros.current_state_monitor]: Listening to joint states on topic 'joint_states'
[move_group-18] [INFO] [1747317502.704133797] [moveit_ros.planning_scene_monitor.planning_scene_monitor]: Listening to '/right/attached_collision_object' for attached collision objects
[move_group-18] [INFO] [1747317502.704216288] [moveit_ros.planning_scene_monitor.planning_scene_monitor]: Starting planning scene monitor
[move_group-18] [WARN] [1747317502.712661599] [moveit_ros.current_state_monitor]: Unable to update multi-DOF joint 'Vjoint_right':Failure to lookup transform between 'right_summit_odom'and 'right_summit_base_footprint' with TF exception: Could not find a connection between 'right_summit_odom' and 'right_summit_base_footprint' because they are not part of the same tree.Tf has two or more unconnected trees.
[move_group-18] [INFO] [1747317502.720440602] [moveit_ros.planning_scene_monitor.planning_scene_monitor]: Listening to '/right/planning_scene'
[move_group-18] [INFO] [1747317502.720484653] [moveit_ros.planning_scene_monitor.planning_scene_monitor]: Starting world geometry update monitor for collision objects, attached objects, octomap updates.
[move_group-18] [INFO] [1747317502.733167599] [moveit_ros.planning_scene_monitor.planning_scene_monitor]: Listening to 'collision_object'
[move_group-18] [INFO] [1747317502.736577178] [moveit_ros.planning_scene_monitor.planning_scene_monitor]: Listening to 'planning_scene_world' for planning scene world geometry
[move_group-18] [WARN] [1747317502.739162517] [moveit.ros.occupancy_map_monitor.middleware_handle]: Resolution not specified for Octomap. Assuming resolution = 0.1 instead
[rviz2-3] [WARN] [1747317503.607698168] [rcl.logging_rosout]: Publisher already registered for provided node name. If this is due to multiple nodes with the same name then all logs for that logger name will go out over the existing publisher. As soon as any node with that name is destructed it will unregister the publisher, preventing any further logs for that name from being published on the rosout topic.
[move_group-8] [INFO] [1747317504.382447201] [moveit.ros_planning_interface.moveit_cpp]: Loading planning pipeline 'ompl'
[move_group-8] [INFO] [1747317504.412393940] [moveit.ros_planning.planning_pipeline]: Using planning interface 'OMPL'
[move_group-8] [INFO] [1747317504.423774403] [moveit_ros.add_time_optimal_parameterization]: Param 'ompl.path_tolerance' was not set. Using default value: 0.100000
[move_group-8] [INFO] [1747317504.423819850] [moveit_ros.add_time_optimal_parameterization]: Param 'ompl.resample_dt' was not set. Using default value: 0.100000
[move_group-8] [INFO] [1747317504.423893091] [moveit_ros.add_time_optimal_parameterization]: Param 'ompl.min_angle_change' was not set. Using default value: 0.001000
[move_group-8] [INFO] [1747317504.423977093] [moveit_ros.fix_workspace_bounds]: Param 'ompl.default_workspace_bounds' was not set. Using default value: 10.000000
[move_group-8] [INFO] [1747317504.424022364] [moveit_ros.fix_start_state_bounds]: Param 'ompl.start_state_max_bounds_error' was set to 0.100000
[move_group-8] [INFO] [1747317504.424039883] [moveit_ros.fix_start_state_bounds]: Param 'ompl.start_state_max_dt' was not set. Using default value: 0.500000
[move_group-8] [INFO] [1747317504.424078580] [moveit_ros.fix_start_state_collision]: Param 'ompl.start_state_max_dt' was not set. Using default value: 0.500000
[move_group-8] [INFO] [1747317504.424096297] [moveit_ros.fix_start_state_collision]: Param 'ompl.jiggle_fraction' was set to 0.050000
[move_group-8] [INFO] [1747317504.424124860] [moveit_ros.fix_start_state_collision]: Param 'ompl.max_sampling_attempts' was not set. Using default value: 100
[move_group-8] [INFO] [1747317504.424162967] [moveit.ros_planning.planning_pipeline]: Using planning request adapter 'Add Time Optimal Parameterization'
[move_group-8] [INFO] [1747317504.424178954] [moveit.ros_planning.planning_pipeline]: Using planning request adapter 'Resolve constraint frames to robot links'
[move_group-8] [INFO] [1747317504.424190464] [moveit.ros_planning.planning_pipeline]: Using planning request adapter 'Fix Workspace Bounds'
[move_group-8] [INFO] [1747317504.424201768] [moveit.ros_planning.planning_pipeline]: Using planning request adapter 'Fix Start State Bounds'
[move_group-8] [INFO] [1747317504.424212164] [moveit.ros_planning.planning_pipeline]: Using planning request adapter 'Fix Start State In Collision'
[move_group-8] [INFO] [1747317504.424222833] [moveit.ros_planning.planning_pipeline]: Using planning request adapter 'Fix Start State Path Constraints'
[move_group-8] [INFO] [1747317504.431840831] [moveit.ros_planning_interface.moveit_cpp]: Loading planning pipeline 'chomp'
[move_group-8] [INFO] [1747317504.451170258] [moveit.ros_planning.planning_pipeline]: Using planning interface 'CHOMP'
[move_group-8] [INFO] [1747317504.460877771] [moveit_ros.add_time_optimal_parameterization]: Param 'chomp.path_tolerance' was not set. Using default value: 0.100000
[move_group-8] [INFO] [1747317504.460925636] [moveit_ros.add_time_optimal_parameterization]: Param 'chomp.resample_dt' was not set. Using default value: 0.100000
[move_group-8] [INFO] [1747317504.460943963] [moveit_ros.add_time_optimal_parameterization]: Param 'chomp.min_angle_change' was not set. Using default value: 0.001000
[move_group-8] [INFO] [1747317504.461007731] [moveit_ros.fix_workspace_bounds]: Param 'chomp.default_workspace_bounds' was not set. Using default value: 10.000000
[move_group-8] [INFO] [1747317504.461058528] [moveit_ros.fix_start_state_bounds]: Param 'chomp.start_state_max_bounds_error' was set to 0.100000
[move_group-8] [INFO] [1747317504.461078132] [moveit_ros.fix_start_state_bounds]: Param 'chomp.start_state_max_dt' was not set. Using default value: 0.500000
[move_group-8] [INFO] [1747317504.461122812] [moveit_ros.fix_start_state_collision]: Param 'chomp.start_state_max_dt' was not set. Using default value: 0.500000
[move_group-8] [INFO] [1747317504.461144810] [moveit_ros.fix_start_state_collision]: Param 'chomp.jiggle_fraction' was set to 0.050000
[move_group-8] [INFO] [1747317504.461161703] [moveit_ros.fix_start_state_collision]: Param 'chomp.max_sampling_attempts' was not set. Using default value: 100
[move_group-8] [INFO] [1747317504.461195971] [moveit.ros_planning.planning_pipeline]: Using planning request adapter 'Add Time Optimal Parameterization'
[move_group-8] [INFO] [1747317504.461211613] [moveit.ros_planning.planning_pipeline]: Using planning request adapter 'Resolve constraint frames to robot links'
[move_group-8] [INFO] [1747317504.461221980] [moveit.ros_planning.planning_pipeline]: Using planning request adapter 'Fix Workspace Bounds'
[move_group-8] [INFO] [1747317504.461232557] [moveit.ros_planning.planning_pipeline]: Using planning request adapter 'Fix Start State Bounds'
[move_group-8] [INFO] [1747317504.461243397] [moveit.ros_planning.planning_pipeline]: Using planning request adapter 'Fix Start State In Collision'
[move_group-8] [INFO] [1747317504.461253685] [moveit.ros_planning.planning_pipeline]: Using planning request adapter 'Fix Start State Path Constraints'
[move_group-8] [INFO] [1747317504.465637084] [moveit.ros_planning_interface.moveit_cpp]: Loading planning pipeline 'pilz_industrial_motion_planner'
[move_group-8] [INFO] [1747317504.474639498] [moveit.pilz_industrial_motion_planner.joint_limits_aggregator]: Reading limits from namespace robot_description_planning
[move_group-8] [WARN] [1747317504.477715633] [moveit.pilz_industrial_motion_planner.joint_limits_aggregator]: Multi-DOF-Joint 'Vjoint_left' not supported.
[move_group-8] [WARN] [1747317504.477779064] [moveit.pilz_industrial_motion_planner.joint_limits_aggregator]: Multi-DOF-Joint 'Vjoint_left' not supported.
[move_group-8] [INFO] [1747317504.498826171] [moveit.pilz_industrial_motion_planner]: Available plugins: pilz_industrial_motion_planner/PlanningContextLoaderCIRC pilz_industrial_motion_planner/PlanningContextLoaderLIN pilz_industrial_motion_planner/PlanningContextLoaderPTP 
[move_group-8] [INFO] [1747317504.498860304] [moveit.pilz_industrial_motion_planner]: About to load: pilz_industrial_motion_planner/PlanningContextLoaderCIRC
[move_group-8] [INFO] [1747317504.501704905] [moveit.pilz_industrial_motion_planner]: Registered Algorithm [CIRC]
[move_group-8] [INFO] [1747317504.501732882] [moveit.pilz_industrial_motion_planner]: About to load: pilz_industrial_motion_planner/PlanningContextLoaderLIN
[move_group-8] [INFO] [1747317504.503247400] [moveit.pilz_industrial_motion_planner]: Registered Algorithm [LIN]
[move_group-8] [INFO] [1747317504.503269378] [moveit.pilz_industrial_motion_planner]: About to load: pilz_industrial_motion_planner/PlanningContextLoaderPTP
[move_group-8] [INFO] [1747317504.504684705] [moveit.pilz_industrial_motion_planner]: Registered Algorithm [PTP]
[move_group-8] [INFO] [1747317504.504726208] [moveit.ros_planning.planning_pipeline]: Using planning interface 'Pilz Industrial Motion Planner'
[move_group-8] [ERROR] [1747317504.711566155] [moveit.plugins.moveit_simple_controller_manager]: No controller_names specified.
[move_group-8] [INFO] [1747317504.711944667] [moveit.plugins.moveit_simple_controller_manager]: Returned 0 controllers in list
[move_group-8] [INFO] [1747317504.711990579] [moveit.plugins.moveit_simple_controller_manager]: Returned 0 controllers in list
[move_group-8] [INFO] [1747317504.714955894] [moveit_ros.trajectory_execution_manager]: Trajectory execution is managing controllers
[move_group-8] [INFO] [1747317504.714997906] [move_group.move_group]: MoveGroup debug mode is ON
[move_group-18] [INFO] [1747317504.822484453] [moveit.ros_planning_interface.moveit_cpp]: Loading planning pipeline 'ompl'
[move_group-8] [INFO] [1747317504.825989428] [move_group.move_group]: 
[move_group-8] 
[move_group-8] ********************************************************
[move_group-8] * MoveGroup using: 
[move_group-8] *     - ApplyPlanningSceneService
[move_group-8] *     - ClearOctomapService
[move_group-8] *     - ExecuteTaskSolution
[move_group-8] *     - CartesianPathService
[move_group-8] *     - ExecuteTrajectoryAction
[move_group-8] *     - GetPlanningSceneService
[move_group-8] *     - KinematicsService
[move_group-8] *     - MoveAction
[move_group-8] *     - MotionPlanService
[move_group-8] *     - QueryPlannersService
[move_group-8] *     - StateValidationService
[move_group-8] ********************************************************
[move_group-8] 
[move_group-8] [INFO] [1747317504.826065102] [moveit_move_group_capabilities_base.move_group_context]: MoveGroup context using planning plugin ompl_interface/OMPLPlanner
[move_group-8] [INFO] [1747317504.826088400] [moveit_move_group_capabilities_base.move_group_context]: MoveGroup context initialization complete
[move_group-8] [96mLoading 'move_group/ApplyPlanningSceneService'...
[move_group-8] [0m[96mLoading 'move_group/ClearOctomapService'...
[move_group-8] [0m[96mLoading 'move_group/ExecuteTaskSolutionCapability'...
[move_group-8] [0m[96mLoading 'move_group/MoveGroupCartesianPathService'...
[move_group-8] [0m[96mLoading 'move_group/MoveGroupExecuteTrajectoryAction'...
[move_group-8] [0m[96mLoading 'move_group/MoveGroupGetPlanningSceneService'...
[move_group-8] [0m[96mLoading 'move_group/MoveGroupKinematicsService'...
[move_group-8] [0m[96mLoading 'move_group/MoveGroupMoveAction'...
[move_group-8] [0m[96mLoading 'move_group/MoveGroupPlanService'...
[move_group-8] [0m[96mLoading 'move_group/MoveGroupQueryPlannersService'...
[move_group-8] [0m[96mLoading 'move_group/MoveGroupStateValidationService'...
[move_group-8] [0m[92m
[move_group-8] You can start planning now!
[move_group-8] 
[move_group-18] [INFO] [1747317504.865945818] [moveit.ros_planning.planning_pipeline]: Using planning interface 'OMPL'
[move_group-18] [INFO] [1747317504.879312519] [moveit_ros.add_time_optimal_parameterization]: Param 'ompl.path_tolerance' was not set. Using default value: 0.100000
[move_group-18] [INFO] [1747317504.879398873] [moveit_ros.add_time_optimal_parameterization]: Param 'ompl.resample_dt' was not set. Using default value: 0.100000
[move_group-18] [INFO] [1747317504.879420308] [moveit_ros.add_time_optimal_parameterization]: Param 'ompl.min_angle_change' was not set. Using default value: 0.001000
[move_group-18] [INFO] [1747317504.879496126] [moveit_ros.fix_workspace_bounds]: Param 'ompl.default_workspace_bounds' was not set. Using default value: 10.000000
[move_group-18] [INFO] [1747317504.879544759] [moveit_ros.fix_start_state_bounds]: Param 'ompl.start_state_max_bounds_error' was set to 0.100000
[move_group-18] [INFO] [1747317504.879565327] [moveit_ros.fix_start_state_bounds]: Param 'ompl.start_state_max_dt' was not set. Using default value: 0.500000
[move_group-18] [INFO] [1747317504.879605964] [moveit_ros.fix_start_state_collision]: Param 'ompl.start_state_max_dt' was not set. Using default value: 0.500000
[move_group-18] [INFO] [1747317504.879625495] [moveit_ros.fix_start_state_collision]: Param 'ompl.jiggle_fraction' was set to 0.050000
[move_group-18] [INFO] [1747317504.879654613] [moveit_ros.fix_start_state_collision]: Param 'ompl.max_sampling_attempts' was not set. Using default value: 100
[move_group-18] [INFO] [1747317504.879692439] [moveit.ros_planning.planning_pipeline]: Using planning request adapter 'Add Time Optimal Parameterization'
[move_group-18] [INFO] [1747317504.879710205] [moveit.ros_planning.planning_pipeline]: Using planning request adapter 'Resolve constraint frames to robot links'
[move_group-18] [INFO] [1747317504.879721973] [moveit.ros_planning.planning_pipeline]: Using planning request adapter 'Fix Workspace Bounds'
[move_group-18] [INFO] [1747317504.879734655] [moveit.ros_planning.planning_pipeline]: Using planning request adapter 'Fix Start State Bounds'
[move_group-18] [INFO] [1747317504.879746283] [moveit.ros_planning.planning_pipeline]: Using planning request adapter 'Fix Start State In Collision'
[move_group-18] [INFO] [1747317504.879758317] [moveit.ros_planning.planning_pipeline]: Using planning request adapter 'Fix Start State Path Constraints'
[move_group-18] [INFO] [1747317504.887010953] [moveit.ros_planning_interface.moveit_cpp]: Loading planning pipeline 'chomp'
[move_group-18] [INFO] [1747317504.905030168] [moveit.ros_planning.planning_pipeline]: Using planning interface 'CHOMP'
[move_group-18] [INFO] [1747317504.911499027] [moveit_ros.add_time_optimal_parameterization]: Param 'chomp.path_tolerance' was not set. Using default value: 0.100000
[move_group-18] [INFO] [1747317504.911523035] [moveit_ros.add_time_optimal_parameterization]: Param 'chomp.resample_dt' was not set. Using default value: 0.100000
[move_group-18] [INFO] [1747317504.911533499] [moveit_ros.add_time_optimal_parameterization]: Param 'chomp.min_angle_change' was not set. Using default value: 0.001000
[move_group-18] [INFO] [1747317504.911569429] [moveit_ros.fix_workspace_bounds]: Param 'chomp.default_workspace_bounds' was not set. Using default value: 10.000000
[move_group-18] [INFO] [1747317504.911595058] [moveit_ros.fix_start_state_bounds]: Param 'chomp.start_state_max_bounds_error' was set to 0.100000
[move_group-18] [INFO] [1747317504.911605562] [moveit_ros.fix_start_state_bounds]: Param 'chomp.start_state_max_dt' was not set. Using default value: 0.500000
[move_group-18] [INFO] [1747317504.911626564] [moveit_ros.fix_start_state_collision]: Param 'chomp.start_state_max_dt' was not set. Using default value: 0.500000
[move_group-18] [INFO] [1747317504.911636841] [moveit_ros.fix_start_state_collision]: Param 'chomp.jiggle_fraction' was set to 0.050000
[move_group-18] [INFO] [1747317504.911645935] [moveit_ros.fix_start_state_collision]: Param 'chomp.max_sampling_attempts' was not set. Using default value: 100
[move_group-18] [INFO] [1747317504.911666122] [moveit.ros_planning.planning_pipeline]: Using planning request adapter 'Add Time Optimal Parameterization'
[move_group-18] [INFO] [1747317504.911674452] [moveit.ros_planning.planning_pipeline]: Using planning request adapter 'Resolve constraint frames to robot links'
[move_group-18] [INFO] [1747317504.911680669] [moveit.ros_planning.planning_pipeline]: Using planning request adapter 'Fix Workspace Bounds'
[move_group-18] [INFO] [1747317504.911686891] [moveit.ros_planning.planning_pipeline]: Using planning request adapter 'Fix Start State Bounds'
[move_group-18] [INFO] [1747317504.911692860] [moveit.ros_planning.planning_pipeline]: Using planning request adapter 'Fix Start State In Collision'
[move_group-18] [INFO] [1747317504.911698783] [moveit.ros_planning.planning_pipeline]: Using planning request adapter 'Fix Start State Path Constraints'
[move_group-18] [INFO] [1747317504.914460401] [moveit.ros_planning_interface.moveit_cpp]: Loading planning pipeline 'pilz_industrial_motion_planner'
[move_group-18] [INFO] [1747317504.922796664] [moveit.pilz_industrial_motion_planner.joint_limits_aggregator]: Reading limits from namespace robot_description_planning
[move_group-18] [WARN] [1747317504.925223404] [moveit.pilz_industrial_motion_planner.joint_limits_aggregator]: Multi-DOF-Joint 'Vjoint_right' not supported.
[move_group-18] [WARN] [1747317504.925387158] [moveit.pilz_industrial_motion_planner.joint_limits_aggregator]: Multi-DOF-Joint 'Vjoint_right' not supported.
[move_group-18] [INFO] [1747317504.967007915] [moveit.pilz_industrial_motion_planner]: Available plugins: pilz_industrial_motion_planner/PlanningContextLoaderCIRC pilz_industrial_motion_planner/PlanningContextLoaderLIN pilz_industrial_motion_planner/PlanningContextLoaderPTP 
[move_group-18] [INFO] [1747317504.967075761] [moveit.pilz_industrial_motion_planner]: About to load: pilz_industrial_motion_planner/PlanningContextLoaderCIRC
[move_group-18] [INFO] [1747317504.970447610] [moveit.pilz_industrial_motion_planner]: Registered Algorithm [CIRC]
[move_group-18] [INFO] [1747317504.970482430] [moveit.pilz_industrial_motion_planner]: About to load: pilz_industrial_motion_planner/PlanningContextLoaderLIN
[move_group-18] [INFO] [1747317504.972170959] [moveit.pilz_industrial_motion_planner]: Registered Algorithm [LIN]
[move_group-18] [INFO] [1747317504.972201148] [moveit.pilz_industrial_motion_planner]: About to load: pilz_industrial_motion_planner/PlanningContextLoaderPTP
[move_group-18] [INFO] [1747317504.973780595] [moveit.pilz_industrial_motion_planner]: Registered Algorithm [PTP]
[move_group-18] [INFO] [1747317504.973829127] [moveit.ros_planning.planning_pipeline]: Using planning interface 'Pilz Industrial Motion Planner'
[move_group-18] [ERROR] [1747317505.218623837] [moveit.plugins.moveit_simple_controller_manager]: No controller_names specified.
[move_group-18] [INFO] [1747317505.218879154] [moveit.plugins.moveit_simple_controller_manager]: Returned 0 controllers in list
[move_group-18] [INFO] [1747317505.218908703] [moveit.plugins.moveit_simple_controller_manager]: Returned 0 controllers in list
[move_group-18] [INFO] [1747317505.222119409] [moveit_ros.trajectory_execution_manager]: Trajectory execution is managing controllers
[move_group-18] [INFO] [1747317505.222160972] [move_group.move_group]: MoveGroup debug mode is ON
[move_group-18] [INFO] [1747317505.297217716] [move_group.move_group]: 
[move_group-18] 
[move_group-18] ********************************************************
[move_group-18] * MoveGroup using: 
[move_group-18] *     - ApplyPlanningSceneService
[move_group-18] *     - ClearOctomapService
[move_group-18] *     - ExecuteTaskSolution
[move_group-18] *     - CartesianPathService
[move_group-18] *     - ExecuteTrajectoryAction
[move_group-18] *     - GetPlanningSceneService
[move_group-18] *     - KinematicsService
[move_group-18] *     - MoveAction
[move_group-18] *     - MotionPlanService
[move_group-18] *     - QueryPlannersService
[move_group-18] *     - StateValidationService
[move_group-18] ********************************************************
[move_group-18] 
[move_group-18] [INFO] [1747317505.297320462] [moveit_move_group_capabilities_base.move_group_context]: MoveGroup context using planning plugin ompl_interface/OMPLPlanner
[move_group-18] [INFO] [1747317505.297338017] [moveit_move_group_capabilities_base.move_group_context]: MoveGroup context initialization complete
[move_group-18] [96mLoading 'move_group/ApplyPlanningSceneService'...
[move_group-18] [0m[96mLoading 'move_group/ClearOctomapService'...
[move_group-18] [0m[96mLoading 'move_group/ExecuteTaskSolutionCapability'...
[move_group-18] [0m[96mLoading 'move_group/MoveGroupCartesianPathService'...
[move_group-18] [0m[96mLoading 'move_group/MoveGroupExecuteTrajectoryAction'...
[move_group-18] [0m[96mLoading 'move_group/MoveGroupGetPlanningSceneService'...
[move_group-18] [0m[96mLoading 'move_group/MoveGroupKinematicsService'...
[move_group-18] [0m[96mLoading 'move_group/MoveGroupMoveAction'...
[move_group-18] [0m[96mLoading 'move_group/MoveGroupPlanService'...
[move_group-18] [0m[96mLoading 'move_group/MoveGroupQueryPlannersService'...
[move_group-18] [0m[96mLoading 'move_group/MoveGroupStateValidationService'...
[move_group-18] [0m[92m
[move_group-18] You can start planning now!
[move_group-18] 
[spawn_entity.py-5] [INFO] [1747317505.625284941] [left]: Calling service /spawn_entity
[gzserver-1] [WARN] [1747317505.644460794] [rcl]: Found remap rule 'model_states:=model_states'. This syntax is deprecated. Use '--ros-args --remap model_states:=model_states' instead.
[gzserver-1] [WARN] [1747317505.644854700] [rcl]: Found remap rule 'link_states:=link_states'. This syntax is deprecated. Use '--ros-args --remap link_states:=link_states' instead.
[gzserver-1] [INFO] [1747317505.679647643] [state.gazebo_ros_state]: Publishing states of gazebo models at [/state/model_states]
[gzserver-1] [INFO] [1747317505.682049506] [state.gazebo_ros_state]: Publishing states of gazebo links at [/state/link_states]
[spawn_entity.py-15] [INFO] [1747317505.818028368] [right]: Calling service /spawn_entity
[gzserver-1] [INFO] [1747317506.484726131] [left_summit_imu_imu_plugin]: <initial_orientation_as_reference> is unset, using default value of false to comply with REP 145 (world as orientation reference)
[spawn_entity.py-5] [INFO] [1747317506.831900219] [left]: Spawn status: SpawnEntity: Successfully spawned entity [left_robot]
[spawn_entity.py-5] [INFO] [1747317506.840342223] [left]: Calling service /unpause_physics
[INFO] [spawn_entity.py-5]: process has finished cleanly [pid 59680]
[gzserver-1] [INFO] [1747317507.131690882] [left_summit.omni_steering]: Subscribed to [/left_summit/cmd_vel]
[gzserver-1] [INFO] [1747317507.144522021] [left_summit.omni_steering]: Advertise odometry on [/left_summit/odom]
[gzserver-1] [INFO] [1747317507.154078543] [left_summit.omni_steering]: Publishing odom transforms between [left_summit_odom] and [left_summit_base_footprint]
[gzserver-1] [INFO] [1747317507.201920861] [gazebo_ros2_control]: Loading gazebo_ros2_control plugin
[gzserver-1] [INFO] [1747317507.225419154] [left.left_gazebo_ros2_control]: Starting gazebo_ros2_control plugin in namespace: /left
[gzserver-1] [INFO] [1747317507.225533301] [left.left_gazebo_ros2_control]: Starting gazebo_ros2_control plugin in ros 2 node: left_gazebo_ros2_control
[gzserver-1] [INFO] [1747317507.245994214] [left.left_gazebo_ros2_control]: connected to service!! robot_state_publisher
[gzserver-1] [INFO] [1747317507.254029119] [left.left_gazebo_ros2_control]: Received urdf from param server, parsing...
[gzserver-1] [INFO] [1747317507.255666800] [left.left_gazebo_ros2_control]: Loading parameter files /ros2_ws/install/ur/share/ur/config/left_controller.yaml
[gzserver-1] [INFO] [1747317507.274887119] [resource_manager]: Loading hardware 'left_ur' 
[gzserver-1] [ERROR] [1747317507.275078412] [left.left_gazebo_ros2_control]: Error initializing URDF to resource manager!
[gzserver-1] [INFO] [1747317507.307977312] [left.left_gazebo_ros2_control]: Loading joint: ur_left_shoulder_pan_joint
[gzserver-1] [INFO] [1747317507.308533285] [left.left_gazebo_ros2_control]: 	State:
[gzserver-1] [INFO] [1747317507.308664842] [left.left_gazebo_ros2_control]: 		 position
[gzserver-1] [INFO] [1747317507.309721819] [left.left_gazebo_ros2_control]: 			 found initial value: -1.400000
[gzserver-1] [INFO] [1747317507.309819609] [left.left_gazebo_ros2_control]: 		 velocity
[gzserver-1] [INFO] [1747317507.310301499] [left.left_gazebo_ros2_control]: 		 effort
[gzserver-1] [INFO] [1747317507.310458463] [left.left_gazebo_ros2_control]: 	Command:
[gzserver-1] [INFO] [1747317507.310487427] [left.left_gazebo_ros2_control]: 		 position
[gzserver-1] [INFO] [1747317507.311731704] [left.left_gazebo_ros2_control]: 		 velocity
[gzserver-1] [INFO] [1747317507.312482469] [left.left_gazebo_ros2_control]: Loading joint: ur_left_shoulder_lift_joint
[gzserver-1] [INFO] [1747317507.312533236] [left.left_gazebo_ros2_control]: 	State:
[gzserver-1] [INFO] [1747317507.312560180] [left.left_gazebo_ros2_control]: 		 position
[gzserver-1] [INFO] [1747317507.312588487] [left.left_gazebo_ros2_control]: 			 found initial value: -1.227838
[gzserver-1] [INFO] [1747317507.312622249] [left.left_gazebo_ros2_control]: 		 velocity
[gzserver-1] [INFO] [1747317507.312665263] [left.left_gazebo_ros2_control]: 		 effort
[gzserver-1] [INFO] [1747317507.312697098] [left.left_gazebo_ros2_control]: 	Command:
[gzserver-1] [INFO] [1747317507.312726655] [left.left_gazebo_ros2_control]: 		 position
[gzserver-1] [INFO] [1747317507.312816643] [left.left_gazebo_ros2_control]: 		 velocity
[gzserver-1] [INFO] [1747317507.312859970] [left.left_gazebo_ros2_control]: Loading joint: ur_left_elbow_joint
[gzserver-1] [INFO] [1747317507.312892683] [left.left_gazebo_ros2_control]: 	State:
[gzserver-1] [INFO] [1747317507.312921351] [left.left_gazebo_ros2_control]: 		 position
[gzserver-1] [INFO] [1747317507.312948712] [left.left_gazebo_ros2_control]: 			 found initial value: -1.791046
[gzserver-1] [INFO] [1747317507.312977404] [left.left_gazebo_ros2_control]: 		 velocity
[gzserver-1] [INFO] [1747317507.313003575] [left.left_gazebo_ros2_control]: 		 effort
[gzserver-1] [INFO] [1747317507.313092296] [left.left_gazebo_ros2_control]: 	Command:
[gzserver-1] [INFO] [1747317507.313125779] [left.left_gazebo_ros2_control]: 		 position
[gzserver-1] [INFO] [1747317507.313188582] [left.left_gazebo_ros2_control]: 		 velocity
[gzserver-1] [INFO] [1747317507.313312306] [left.left_gazebo_ros2_control]: Loading joint: ur_left_wrist_1_joint
[gzserver-1] [INFO] [1747317507.313346637] [left.left_gazebo_ros2_control]: 	State:
[gzserver-1] [INFO] [1747317507.313371444] [left.left_gazebo_ros2_control]: 		 position
[gzserver-1] [INFO] [1747317507.313397310] [left.left_gazebo_ros2_control]: 			 found initial value: -1.447073
[gzserver-1] [INFO] [1747317507.313424546] [left.left_gazebo_ros2_control]: 		 velocity
[gzserver-1] [INFO] [1747317507.313449749] [left.left_gazebo_ros2_control]: 		 effort
[gzserver-1] [INFO] [1747317507.313473201] [left.left_gazebo_ros2_control]: 	Command:
[gzserver-1] [INFO] [1747317507.313496079] [left.left_gazebo_ros2_control]: 		 position
[gzserver-1] [INFO] [1747317507.313544691] [left.left_gazebo_ros2_control]: 		 velocity
[gzserver-1] [INFO] [1747317507.313592305] [left.left_gazebo_ros2_control]: Loading joint: ur_left_wrist_2_joint
[gzserver-1] [INFO] [1747317507.313627167] [left.left_gazebo_ros2_control]: 	State:
[gzserver-1] [INFO] [1747317507.313656220] [left.left_gazebo_ros2_control]: 		 position
[gzserver-1] [INFO] [1747317507.313682200] [left.left_gazebo_ros2_control]: 			 found initial value: 1.900333
[gzserver-1] [INFO] [1747317507.313713160] [left.left_gazebo_ros2_control]: 		 velocity
[gzserver-1] [INFO] [1747317507.313742578] [left.left_gazebo_ros2_control]: 		 effort
[gzserver-1] [INFO] [1747317507.313761501] [left.left_gazebo_ros2_control]: 	Command:
[gzserver-1] [INFO] [1747317507.313787594] [left.left_gazebo_ros2_control]: 		 position
[gzserver-1] [INFO] [1747317507.313845404] [left.left_gazebo_ros2_control]: 		 velocity
[gzserver-1] [INFO] [1747317507.313890162] [left.left_gazebo_ros2_control]: Loading joint: ur_left_wrist_3_joint
[gzserver-1] [INFO] [1747317507.313918569] [left.left_gazebo_ros2_control]: 	State:
[gzserver-1] [INFO] [1747317507.313941729] [left.left_gazebo_ros2_control]: 		 position
[gzserver-1] [INFO] [1747317507.313968919] [left.left_gazebo_ros2_control]: 			 found initial value: -0.755379
[gzserver-1] [INFO] [1747317507.313989840] [left.left_gazebo_ros2_control]: 		 velocity
[gzserver-1] [INFO] [1747317507.314022201] [left.left_gazebo_ros2_control]: 		 effort
[gzserver-1] [INFO] [1747317507.314047291] [left.left_gazebo_ros2_control]: 	Command:
[gzserver-1] [INFO] [1747317507.314073715] [left.left_gazebo_ros2_control]: 		 position
[gzserver-1] [INFO] [1747317507.314117616] [left.left_gazebo_ros2_control]: 		 velocity
[gzserver-1] [INFO] [1747317507.315057298] [resource_manager]: Initialize hardware 'left_ur' 
[gzserver-1] [INFO] [1747317507.318572314] [resource_manager]: Successful initialization of hardware 'left_ur'
[gzserver-1] [INFO] [1747317507.319245122] [resource_manager]: 'configure' hardware 'left_ur' 
[gzserver-1] [INFO] [1747317507.319273098] [resource_manager]: Successful 'configure' of hardware 'left_ur'
[gzserver-1] [INFO] [1747317507.319296211] [resource_manager]: 'activate' hardware 'left_ur' 
[gzserver-1] [INFO] [1747317507.319311960] [resource_manager]: Successful 'activate' of hardware 'left_ur'
[gzserver-1] [INFO] [1747317507.320761449] [left.left_gazebo_ros2_control]: Loading controller_manager
[gzserver-1] [WARN] [1747317507.423168223] [left.left_gazebo_ros2_control]:  Desired controller update period (0.002 s) is slower than the gazebo simulation period (0.001 s).
[gzserver-1] [INFO] [1747317507.427108479] [left.left_gazebo_ros2_control]: Loaded gazebo_ros2_control.
[gzserver-1] [INFO] [1747317507.454200211] [left.controller_manager]: Loading controller 'ur_left_joint_group_vel_controller'
[move_group-8] [WARN] [1747317507.499226844] [moveit_ros.planning_scene_monitor.planning_scene_monitor]: The complete state of the robot is not yet known.  Missing left_summit_back_left_wheel_joint, left_summit_back_right_wheel_joint, left_summit_front_left_wheel_joint, left_summit_front_right_wheel_joint, ur_left_shoulder_pan_joint, ur_left_shoulder_lift_joint, ur_left_elbow_joint, ur_left_wrist_1_joint, ur_left_wrist_2_joint, ur_left_wrist_3_joint
[spawner-7] [INFO] [1747317507.521117006] [left.spawner_ur_left_joint_group_vel_controller]: [94mLoaded [1mur_left_joint_group_vel_controller[0m
[gzserver-1] [INFO] [1747317507.525623299] [left.controller_manager]: Loading controller 'joint_state_broadcaster'
[gzserver-1] [INFO] [1747317507.585997598] [left.controller_manager]: Configuring controller 'ur_left_joint_group_vel_controller'
[gzserver-1] [ERROR] [1747317507.586814080] [left.ur_left_joint_group_vel_controller]: 'joints' parameter was empty
[gzserver-1] [WARN] [1747317507.586967029] [left.ur_left_joint_group_vel_controller]: Error occurred while doing error handling.
[gzserver-1] [ERROR] [1747317507.587051309] [left.controller_manager]: After configuring, controller 'ur_left_joint_group_vel_controller' is in state 'unconfigured' , expected inactive.
[spawner-6] [INFO] [1747317507.587697833] [left.spawner_joint_state_broadcaster]: [94mLoaded [1mjoint_state_broadcaster[0m
[spawner-7] [ERROR] [1747317507.588846475] [left.spawner_ur_left_joint_group_vel_controller]: [91mFailed to configure controller[0m
[gzserver-1] [INFO] [1747317507.592239493] [left.controller_manager]: Configuring controller 'joint_state_broadcaster'
[gzserver-1] [INFO] [1747317507.592593822] [left.joint_state_broadcaster]: 'joints' or 'interfaces' parameter is empty. All available state interfaces will be published
[spawner-6] [INFO] [1747317507.624224001] [left.spawner_joint_state_broadcaster]: [92mConfigured and activated [1mjoint_state_broadcaster[0m
[ERROR] [spawner-7]: process has died [pid 59684, exit code 1, cmd '/opt/ros/humble/lib/controller_manager/spawner ur_left_joint_group_vel_controller -c /left/controller_manager --ros-args -r __ns:=/left'].
[INFO] [spawner-6]: process has finished cleanly [pid 59682]
[gzserver-1] [INFO] [1747317508.231911274] [right_summit_imu_imu_plugin]: <initial_orientation_as_reference> is unset, using default value of false to comply with REP 145 (world as orientation reference)
[spawn_entity.py-15] [INFO] [1747317508.532843503] [right]: Spawn status: SpawnEntity: Successfully spawned entity [right_robot]
[spawn_entity.py-15] [INFO] [1747317508.545618301] [right]: Calling service /unpause_physics
[gzserver-1] [WARN] [1747317508.631917918] [gazebo.rclcpp]: failed to send response to /unpause_physics (timeout): client will not receive response, at ./src/rmw_response.cpp:154, at ./src/rcl/service.c:314
[gzserver-1] [INFO] [1747317508.692445271] [right_summit.omni_steering]: Subscribed to [/right_summit/cmd_vel]
[gzserver-1] [INFO] [1747317508.694681581] [right_summit.omni_steering]: Advertise odometry on [/right_summit/odom]
[gzserver-1] [INFO] [1747317508.700370911] [right_summit.omni_steering]: Publishing odom transforms between [right_summit_odom] and [right_summit_base_footprint]
[gzserver-1] [INFO] [1747317508.700875313] [gazebo_ros2_control]: Loading gazebo_ros2_control plugin
[gzserver-1] [INFO] [1747317508.726318325] [right.right_gazebo_ros2_control]: Starting gazebo_ros2_control plugin in namespace: /right
[gzserver-1] [INFO] [1747317508.726791256] [right.right_gazebo_ros2_control]: Starting gazebo_ros2_control plugin in ros 2 node: right_gazebo_ros2_control
[gzserver-1] [WARN] [1747317508.733055027] [gazebo.rclcpp]: failed to send response to /unpause_physics (timeout): client will not receive response, at ./src/rmw_response.cpp:154, at ./src/rcl/service.c:314
[INFO] [spawn_entity.py-15]: process has finished cleanly [pid 59759]
[gzserver-1] [INFO] [1747317508.748000007] [right.right_gazebo_ros2_control]: connected to service!! robot_state_publisher
[gzserver-1] [INFO] [1747317508.751103136] [right.right_gazebo_ros2_control]: Received urdf from param server, parsing...
[gzserver-1] [INFO] [1747317508.755182612] [right.right_gazebo_ros2_control]: Loading parameter files /ros2_ws/install/ur/share/ur/config/right_controller.yaml
[gzserver-1] [INFO] [1747317508.768964717] [resource_manager]: Loading hardware 'right_ur' 
[gzserver-1] [ERROR] [1747317508.769081221] [right.right_gazebo_ros2_control]: Error initializing URDF to resource manager!
[gzserver-1] [INFO] [1747317508.774096109] [right.right_gazebo_ros2_control]: Loading joint: ur_right_shoulder_pan_joint
[gzserver-1] [INFO] [1747317508.774175342] [right.right_gazebo_ros2_control]: 	State:
[gzserver-1] [INFO] [1747317508.774214138] [right.right_gazebo_ros2_control]: 		 position
[gzserver-1] [INFO] [1747317508.774256043] [right.right_gazebo_ros2_control]: 			 found initial value: -1.300000
[gzserver-1] [INFO] [1747317508.774295026] [right.right_gazebo_ros2_control]: 		 velocity
[gzserver-1] [INFO] [1747317508.774333197] [right.right_gazebo_ros2_control]: 		 effort
[gzserver-1] [INFO] [1747317508.774368929] [right.right_gazebo_ros2_control]: 	Command:
[gzserver-1] [INFO] [1747317508.774397456] [right.right_gazebo_ros2_control]: 		 position
[gzserver-1] [INFO] [1747317508.774514996] [right.right_gazebo_ros2_control]: 		 velocity
[gzserver-1] [INFO] [1747317508.774557289] [right.right_gazebo_ros2_control]: Loading joint: ur_right_shoulder_lift_joint
[gzserver-1] [INFO] [1747317508.774579094] [right.right_gazebo_ros2_control]: 	State:
[gzserver-1] [INFO] [1747317508.774595268] [right.right_gazebo_ros2_control]: 		 position
[gzserver-1] [INFO] [1747317508.774611748] [right.right_gazebo_ros2_control]: 			 found initial value: -0.800000
[gzserver-1] [INFO] [1747317508.774632030] [right.right_gazebo_ros2_control]: 		 velocity
[gzserver-1] [INFO] [1747317508.774651101] [right.right_gazebo_ros2_control]: 		 effort
[gzserver-1] [INFO] [1747317508.774668498] [right.right_gazebo_ros2_control]: 	Command:
[gzserver-1] [INFO] [1747317508.774683102] [right.right_gazebo_ros2_control]: 		 position
[gzserver-1] [INFO] [1747317508.774722705] [right.right_gazebo_ros2_control]: 		 velocity
[gzserver-1] [INFO] [1747317508.774752359] [right.right_gazebo_ros2_control]: Loading joint: ur_right_elbow_joint
[gzserver-1] [INFO] [1747317508.774771086] [right.right_gazebo_ros2_control]: 	State:
[gzserver-1] [INFO] [1747317508.774785972] [right.right_gazebo_ros2_control]: 		 position
[gzserver-1] [INFO] [1747317508.774801961] [right.right_gazebo_ros2_control]: 			 found initial value: -1.800000
[gzserver-1] [INFO] [1747317508.774819902] [right.right_gazebo_ros2_control]: 		 velocity
[gzserver-1] [INFO] [1747317508.774836263] [right.right_gazebo_ros2_control]: 		 effort
[gzserver-1] [INFO] [1747317508.774869938] [right.right_gazebo_ros2_control]: 	Command:
[gzserver-1] [INFO] [1747317508.774893353] [right.right_gazebo_ros2_control]: 		 position
[gzserver-1] [INFO] [1747317508.774931347] [right.right_gazebo_ros2_control]: 		 velocity
[gzserver-1] [INFO] [1747317508.774958384] [right.right_gazebo_ros2_control]: Loading joint: ur_right_wrist_1_joint
[gzserver-1] [INFO] [1747317508.775026051] [right.right_gazebo_ros2_control]: 	State:
[gzserver-1] [INFO] [1747317508.775044490] [right.right_gazebo_ros2_control]: 		 position
[gzserver-1] [INFO] [1747317508.775062727] [right.right_gazebo_ros2_control]: 			 found initial value: -1.570000
[gzserver-1] [INFO] [1747317508.775092830] [right.right_gazebo_ros2_control]: 		 velocity
[gzserver-1] [INFO] [1747317508.775118491] [right.right_gazebo_ros2_control]: 		 effort
[gzserver-1] [INFO] [1747317508.775142520] [right.right_gazebo_ros2_control]: 	Command:
[gzserver-1] [INFO] [1747317508.775165315] [right.right_gazebo_ros2_control]: 		 position
[gzserver-1] [INFO] [1747317508.775212082] [right.right_gazebo_ros2_control]: 		 velocity
[gzserver-1] [INFO] [1747317508.775256755] [right.right_gazebo_ros2_control]: Loading joint: ur_right_wrist_2_joint
[gzserver-1] [INFO] [1747317508.775284314] [right.right_gazebo_ros2_control]: 	State:
[gzserver-1] [INFO] [1747317508.775307281] [right.right_gazebo_ros2_control]: 		 position
[gzserver-1] [INFO] [1747317508.775334287] [right.right_gazebo_ros2_control]: 			 found initial value: 1.638000
[gzserver-1] [INFO] [1747317508.775362048] [right.right_gazebo_ros2_control]: 		 velocity
[gzserver-1] [INFO] [1747317508.775386042] [right.right_gazebo_ros2_control]: 		 effort
[gzserver-1] [INFO] [1747317508.775411258] [right.right_gazebo_ros2_control]: 	Command:
[gzserver-1] [INFO] [1747317508.775437430] [right.right_gazebo_ros2_control]: 		 position
[gzserver-1] [INFO] [1747317508.775492327] [right.right_gazebo_ros2_control]: 		 velocity
[gzserver-1] [INFO] [1747317508.775532280] [right.right_gazebo_ros2_control]: Loading joint: ur_right_wrist_3_joint
[gzserver-1] [INFO] [1747317508.775559823] [right.right_gazebo_ros2_control]: 	State:
[gzserver-1] [INFO] [1747317508.775582386] [right.right_gazebo_ros2_control]: 		 position
[gzserver-1] [INFO] [1747317508.775607493] [right.right_gazebo_ros2_control]: 			 found initial value: 0.000000
[gzserver-1] [INFO] [1747317508.775635907] [right.right_gazebo_ros2_control]: 		 velocity
[gzserver-1] [INFO] [1747317508.775666978] [right.right_gazebo_ros2_control]: 		 effort
[gzserver-1] [INFO] [1747317508.775692923] [right.right_gazebo_ros2_control]: 	Command:
[gzserver-1] [INFO] [1747317508.775720036] [right.right_gazebo_ros2_control]: 		 position
[gzserver-1] [INFO] [1747317508.775760337] [right.right_gazebo_ros2_control]: 		 velocity
[gzserver-1] [INFO] [1747317508.775809472] [resource_manager]: Initialize hardware 'right_ur' 
[gzserver-1] [INFO] [1747317508.775878371] [resource_manager]: Successful initialization of hardware 'right_ur'
[gzserver-1] [INFO] [1747317508.775940213] [resource_manager]: 'configure' hardware 'right_ur' 
[gzserver-1] [INFO] [1747317508.775955530] [resource_manager]: Successful 'configure' of hardware 'right_ur'
[gzserver-1] [INFO] [1747317508.775969294] [resource_manager]: 'activate' hardware 'right_ur' 
[gzserver-1] [INFO] [1747317508.775979061] [resource_manager]: Successful 'activate' of hardware 'right_ur'
[gzserver-1] [INFO] [1747317508.776058526] [right.right_gazebo_ros2_control]: Loading controller_manager
[gzserver-1] [WARN] [1747317508.868137554] [right.right_gazebo_ros2_control]:  Desired controller update period (0.002 s) is slower than the gazebo simulation period (0.001 s).
[gzserver-1] [INFO] [1747317508.869187669] [right.right_gazebo_ros2_control]: Loaded gazebo_ros2_control.
[move_group-8] [WARN] [1747317508.874314832] [moveit_ros.planning_scene_monitor.planning_scene_monitor]: The complete state of the robot is not yet known.  Missing left_summit_back_left_wheel_joint, left_summit_back_right_wheel_joint, left_summit_front_left_wheel_joint, left_summit_front_right_wheel_joint
[move_group-18] [WARN] [1747317508.957782590] [moveit_ros.planning_scene_monitor.planning_scene_monitor]: The complete state of the robot is not yet known.  Missing right_summit_back_left_wheel_joint, right_summit_back_right_wheel_joint, right_summit_front_left_wheel_joint, right_summit_front_right_wheel_joint, ur_right_shoulder_pan_joint, ur_right_shoulder_lift_joint, ur_right_elbow_joint, ur_right_wrist_1_joint, ur_right_wrist_2_joint, ur_right_wrist_3_joint
[gzserver-1] [INFO] [1747317508.992602354] [right.controller_manager]: Loading controller 'ur_right_joint_group_vel_controller'
[spawner-17] [INFO] [1747317509.056079361] [right.spawner_ur_right_joint_group_vel_controller]: [94mLoaded [1mur_right_joint_group_vel_controller[0m
[gzserver-1] [INFO] [1747317509.058538538] [right.controller_manager]: Loading controller 'joint_state_broadcaster'
[gzserver-1] [INFO] [1747317509.110748254] [right.controller_manager]: Configuring controller 'ur_right_joint_group_vel_controller'
[spawner-16] [INFO] [1747317509.112351490] [right.spawner_joint_state_broadcaster]: [94mLoaded [1mjoint_state_broadcaster[0m
[gzserver-1] [INFO] [1747317509.115970586] [right.ur_right_joint_group_vel_controller]: configure successful
[gzserver-1] [INFO] [1747317509.118641640] [right.controller_manager]: Configuring controller 'joint_state_broadcaster'
[gzserver-1] [INFO] [1747317509.118754141] [right.joint_state_broadcaster]: 'joints' or 'interfaces' parameter is empty. All available state interfaces will be published
[gzserver-1] [INFO] [1747317509.132928225] [right.ur_right_joint_group_vel_controller]: activate successful
[spawner-17] [INFO] [1747317509.139418331] [right.spawner_ur_right_joint_group_vel_controller]: [92mConfigured and activated [1mur_right_joint_group_vel_controller[0m
[spawner-16] [INFO] [1747317509.145963127] [right.spawner_joint_state_broadcaster]: [92mConfigured and activated [1mjoint_state_broadcaster[0m
[INFO] [spawner-16]: process has finished cleanly [pid 59777]
[INFO] [spawner-17]: process has finished cleanly [pid 59781]
[move_group-8] [WARN] [1747317509.885282712] [moveit_ros.planning_scene_monitor.planning_scene_monitor]: The complete state of the robot is not yet known.  Missing left_summit_back_left_wheel_joint, left_summit_back_right_wheel_joint, left_summit_front_left_wheel_joint, left_summit_front_right_wheel_joint
[move_group-18] [WARN] [1747317509.967522980] [moveit_ros.planning_scene_monitor.planning_scene_monitor]: The complete state of the robot is not yet known.  Missing right_summit_back_left_wheel_joint, right_summit_back_right_wheel_joint, right_summit_front_left_wheel_joint, right_summit_front_right_wheel_joint
[move_group-8] [WARN] [1747317510.916673535] [moveit_ros.planning_scene_monitor.planning_scene_monitor]: The complete state of the robot is not yet known.  Missing left_summit_back_left_wheel_joint, left_summit_back_right_wheel_joint, left_summit_front_left_wheel_joint, left_summit_front_right_wheel_joint
[move_group-18] [WARN] [1747317510.969206501] [moveit_ros.planning_scene_monitor.planning_scene_monitor]: The complete state of the robot is not yet known.  Missing right_summit_back_left_wheel_joint, right_summit_back_right_wheel_joint, right_summit_front_left_wheel_joint, right_summit_front_right_wheel_joint
[move_group-8] [WARN] [1747317511.942264802] [moveit_ros.planning_scene_monitor.planning_scene_monitor]: The complete state of the robot is not yet known.  Missing left_summit_back_left_wheel_joint, left_summit_back_right_wheel_joint, left_summit_front_left_wheel_joint, left_summit_front_right_wheel_joint
[move_group-18] [WARN] [1747317511.996007655] [moveit_ros.planning_scene_monitor.planning_scene_monitor]: The complete state of the robot is not yet known.  Missing right_summit_back_left_wheel_joint, right_summit_back_right_wheel_joint, right_summit_front_left_wheel_joint, right_summit_front_right_wheel_joint
[move_group-8] [WARN] [1747317512.971987759] [moveit_ros.planning_scene_monitor.planning_scene_monitor]: The complete state of the robot is not yet known.  Missing left_summit_back_left_wheel_joint, left_summit_back_right_wheel_joint, left_summit_front_left_wheel_joint, left_summit_front_right_wheel_joint
[move_group-18] [WARN] [1747317513.019750460] [moveit_ros.planning_scene_monitor.planning_scene_monitor]: The complete state of the robot is not yet known.  Missing right_summit_back_left_wheel_joint, right_summit_back_right_wheel_joint, right_summit_front_left_wheel_joint, right_summit_front_right_wheel_joint
[rviz2-3] [ERROR] [1747317513.657965481] [rviz2]: Could not find parameter robot_description and did not receive robot_description via std_msgs::msg::String subscription within 10.000000 seconds.
[move_group-8] [WARN] [1747317513.995325521] [moveit_ros.planning_scene_monitor.planning_scene_monitor]: The complete state of the robot is not yet known.  Missing left_summit_back_left_wheel_joint, left_summit_back_right_wheel_joint, left_summit_front_left_wheel_joint, left_summit_front_right_wheel_joint
[move_group-18] [WARN] [1747317514.045137479] [moveit_ros.planning_scene_monitor.planning_scene_monitor]: The complete state of the robot is not yet known.  Missing right_summit_back_left_wheel_joint, right_summit_back_right_wheel_joint, right_summit_front_left_wheel_joint, right_summit_front_right_wheel_joint
[move_group-8] [WARN] [1747317515.013727456] [moveit_ros.planning_scene_monitor.planning_scene_monitor]: The complete state of the robot is not yet known.  Missing left_summit_back_left_wheel_joint, left_summit_back_right_wheel_joint, left_summit_front_left_wheel_joint, left_summit_front_right_wheel_joint
[move_group-18] [WARN] [1747317515.072177906] [moveit_ros.planning_scene_monitor.planning_scene_monitor]: The complete state of the robot is not yet known.  Missing right_summit_back_left_wheel_joint, right_summit_back_right_wheel_joint, right_summit_front_left_wheel_joint, right_summit_front_right_wheel_joint
[move_group-8] [WARN] [1747317516.038501192] [moveit_ros.planning_scene_monitor.planning_scene_monitor]: The complete state of the robot is not yet known.  Missing left_summit_back_left_wheel_joint, left_summit_back_right_wheel_joint, left_summit_front_left_wheel_joint, left_summit_front_right_wheel_joint
[move_group-18] [WARN] [1747317516.098994103] [moveit_ros.planning_scene_monitor.planning_scene_monitor]: The complete state of the robot is not yet known.  Missing right_summit_back_left_wheel_joint, right_summit_back_right_wheel_joint, right_summit_front_left_wheel_joint, right_summit_front_right_wheel_joint
[move_group-8] [WARN] [1747317517.058393505] [moveit_ros.planning_scene_monitor.planning_scene_monitor]: The complete state of the robot is not yet known.  Missing left_summit_back_left_wheel_joint, left_summit_back_right_wheel_joint, left_summit_front_left_wheel_joint, left_summit_front_right_wheel_joint
[move_group-18] [WARN] [1747317517.116436663] [moveit_ros.planning_scene_monitor.planning_scene_monitor]: The complete state of the robot is not yet known.  Missing right_summit_back_left_wheel_joint, right_summit_back_right_wheel_joint, right_summit_front_left_wheel_joint, right_summit_front_right_wheel_joint
[move_group-8] [WARN] [1747317518.076087986] [moveit_ros.planning_scene_monitor.planning_scene_monitor]: The complete state of the robot is not yet known.  Missing left_summit_back_left_wheel_joint, left_summit_back_right_wheel_joint, left_summit_front_left_wheel_joint, left_summit_front_right_wheel_joint
[move_group-18] [WARN] [1747317518.136007271] [moveit_ros.planning_scene_monitor.planning_scene_monitor]: The complete state of the robot is not yet known.  Missing right_summit_back_left_wheel_joint, right_summit_back_right_wheel_joint, right_summit_front_left_wheel_joint, right_summit_front_right_wheel_joint
[move_group-8] [WARN] [1747317519.096948640] [moveit_ros.planning_scene_monitor.planning_scene_monitor]: The complete state of the robot is not yet known.  Missing left_summit_back_left_wheel_joint, left_summit_back_right_wheel_joint, left_summit_front_left_wheel_joint, left_summit_front_right_wheel_joint
[move_group-18] [WARN] [1747317519.154602527] [moveit_ros.planning_scene_monitor.planning_scene_monitor]: The complete state of the robot is not yet known.  Missing right_summit_back_left_wheel_joint, right_summit_back_right_wheel_joint, right_summit_front_left_wheel_joint, right_summit_front_right_wheel_joint
[move_group-8] [WARN] [1747317520.119074179] [moveit_ros.planning_scene_monitor.planning_scene_monitor]: The complete state of the robot is not yet known.  Missing left_summit_back_left_wheel_joint, left_summit_back_right_wheel_joint, left_summit_front_left_wheel_joint, left_summit_front_right_wheel_joint
[move_group-18] [WARN] [1747317520.174099188] [moveit_ros.planning_scene_monitor.planning_scene_monitor]: The complete state of the robot is not yet known.  Missing right_summit_back_left_wheel_joint, right_summit_back_right_wheel_joint, right_summit_front_left_wheel_joint, right_summit_front_right_wheel_joint
[move_group-8] [WARN] [1747317521.140342393] [moveit_ros.planning_scene_monitor.planning_scene_monitor]: The complete state of the robot is not yet known.  Missing left_summit_back_left_wheel_joint, left_summit_back_right_wheel_joint, left_summit_front_left_wheel_joint, left_summit_front_right_wheel_joint
[move_group-18] [WARN] [1747317521.194313787] [moveit_ros.planning_scene_monitor.planning_scene_monitor]: The complete state of the robot is not yet known.  Missing right_summit_back_left_wheel_joint, right_summit_back_right_wheel_joint, right_summit_front_left_wheel_joint, right_summit_front_right_wheel_joint
[move_group-8] [WARN] [1747317522.156505493] [moveit_ros.planning_scene_monitor.planning_scene_monitor]: The complete state of the robot is not yet known.  Missing left_summit_back_left_wheel_joint, left_summit_back_right_wheel_joint, left_summit_front_left_wheel_joint, left_summit_front_right_wheel_joint
[move_group-18] [WARN] [1747317522.211670797] [moveit_ros.planning_scene_monitor.planning_scene_monitor]: The complete state of the robot is not yet known.  Missing right_summit_back_left_wheel_joint, right_summit_back_right_wheel_joint, right_summit_front_left_wheel_joint, right_summit_front_right_wheel_joint
[move_group-8] [WARN] [1747317523.171831834] [moveit_ros.planning_scene_monitor.planning_scene_monitor]: The complete state of the robot is not yet known.  Missing left_summit_back_left_wheel_joint, left_summit_back_right_wheel_joint, left_summit_front_left_wheel_joint, left_summit_front_right_wheel_joint
[move_group-18] [WARN] [1747317523.229433569] [moveit_ros.planning_scene_monitor.planning_scene_monitor]: The complete state of the robot is not yet known.  Missing right_summit_back_left_wheel_joint, right_summit_back_right_wheel_joint, right_summit_front_left_wheel_joint, right_summit_front_right_wheel_joint
[rviz2-3] Error:   Error document empty.
[rviz2-3]          at line 100 in ./urdf_parser/src/model.cpp
[rviz2-3] Failed to parse robot description using: urdf_xml_parser/URDFXMLParser
[rviz2-3] [INFO] [1747317523.749448164] [moveit_rdf_loader.rdf_loader]: Unable to parse URDF
[rviz2-3] [ERROR] [1747317523.784204791] [moveit_ros.planning_scene_monitor.planning_scene_monitor]: Robot model not loaded
[move_group-8] [WARN] [1747317524.192119912] [moveit_ros.planning_scene_monitor.planning_scene_monitor]: The complete state of the robot is not yet known.  Missing left_summit_back_left_wheel_joint, left_summit_back_right_wheel_joint, left_summit_front_left_wheel_joint, left_summit_front_right_wheel_joint
[move_group-18] [WARN] [1747317524.253751075] [moveit_ros.planning_scene_monitor.planning_scene_monitor]: The complete state of the robot is not yet known.  Missing right_summit_back_left_wheel_joint, right_summit_back_right_wheel_joint, right_summit_front_left_wheel_joint, right_summit_front_right_wheel_joint
[move_group-8] [WARN] [1747317525.213110979] [moveit_ros.planning_scene_monitor.planning_scene_monitor]: The complete state of the robot is not yet known.  Missing left_summit_back_left_wheel_joint, left_summit_back_right_wheel_joint, left_summit_front_left_wheel_joint, left_summit_front_right_wheel_joint
[move_group-18] [WARN] [1747317525.273028656] [moveit_ros.planning_scene_monitor.planning_scene_monitor]: The complete state of the robot is not yet known.  Missing right_summit_back_left_wheel_joint, right_summit_back_right_wheel_joint, right_summit_front_left_wheel_joint, right_summit_front_right_wheel_joint
[move_group-8] [WARN] [1747317526.237304127] [moveit_ros.planning_scene_monitor.planning_scene_monitor]: The complete state of the robot is not yet known.  Missing left_summit_back_left_wheel_joint, left_summit_back_right_wheel_joint, left_summit_front_left_wheel_joint, left_summit_front_right_wheel_joint
[move_group-18] [WARN] [1747317526.296320000] [moveit_ros.planning_scene_monitor.planning_scene_monitor]: The complete state of the robot is not yet known.  Missing right_summit_back_left_wheel_joint, right_summit_back_right_wheel_joint, right_summit_front_left_wheel_joint, right_summit_front_right_wheel_joint
[move_group-8] [WARN] [1747317527.252198190] [moveit_ros.planning_scene_monitor.planning_scene_monitor]: The complete state of the robot is not yet known.  Missing left_summit_back_left_wheel_joint, left_summit_back_right_wheel_joint, left_summit_front_left_wheel_joint, left_summit_front_right_wheel_joint
[move_group-18] [WARN] [1747317527.310351158] [moveit_ros.planning_scene_monitor.planning_scene_monitor]: The complete state of the robot is not yet known.  Missing right_summit_back_left_wheel_joint, right_summit_back_right_wheel_joint, right_summit_front_left_wheel_joint, right_summit_front_right_wheel_joint
[move_group-8] [WARN] [1747317528.268934028] [moveit_ros.planning_scene_monitor.planning_scene_monitor]: The complete state of the robot is not yet known.  Missing left_summit_back_left_wheel_joint, left_summit_back_right_wheel_joint, left_summit_front_left_wheel_joint, left_summit_front_right_wheel_joint
[move_group-18] [WARN] [1747317528.329895168] [moveit_ros.planning_scene_monitor.planning_scene_monitor]: The complete state of the robot is not yet known.  Missing right_summit_back_left_wheel_joint, right_summit_back_right_wheel_joint, right_summit_front_left_wheel_joint, right_summit_front_right_wheel_joint
[move_group-8] [WARN] [1747317529.285606332] [moveit_ros.planning_scene_monitor.planning_scene_monitor]: The complete state of the robot is not yet known.  Missing left_summit_back_left_wheel_joint, left_summit_back_right_wheel_joint, left_summit_front_left_wheel_joint, left_summit_front_right_wheel_joint
[move_group-18] [WARN] [1747317529.346717195] [moveit_ros.planning_scene_monitor.planning_scene_monitor]: The complete state of the robot is not yet known.  Missing right_summit_back_left_wheel_joint, right_summit_back_right_wheel_joint, right_summit_front_left_wheel_joint, right_summit_front_right_wheel_joint
[WARNING] [launch]: user interrupted with ctrl-c (SIGINT)
[static_transform_publisher-22] [INFO] [1747317529.967624332] [rclcpp]: signal_handler(signum=2)
[static_transform_publisher-23] [INFO] [1747317529.967624133] [rclcpp]: signal_handler(signum=2)
[static_transform_publisher-19] [INFO] [1747317529.967637007] [rclcpp]: signal_handler(signum=2)
[move_group-18] [INFO] [1747317529.967641615] [rclcpp]: signal_handler(signum=2)
[rviz2-3] [INFO] [1747317529.967670157] [rclcpp]: signal_handler(signum=2)
[static_transform_publisher-13] [INFO] [1747317529.967700108] [rclcpp]: signal_handler(signum=2)
[static_transform_publisher-21] [INFO] [1747317529.967700092] [rclcpp]: signal_handler(signum=2)
[move_group-8] [INFO] [1747317529.967719195] [rclcpp]: signal_handler(signum=2)
[static_transform_publisher-20] [INFO] [1747317529.967773046] [rclcpp]: signal_handler(signum=2)
[robot_state_publisher-14] [INFO] [1747317529.967784129] [rclcpp]: signal_handler(signum=2)
[static_transform_publisher-12] [INFO] [1747317529.967840091] [rclcpp]: signal_handler(signum=2)
[static_transform_publisher-11] [INFO] [1747317529.967911747] [rclcpp]: signal_handler(signum=2)
[static_transform_publisher-10] [INFO] [1747317529.967995126] [rclcpp]: signal_handler(signum=2)
[static_transform_publisher-9] [INFO] [1747317529.968071687] [rclcpp]: signal_handler(signum=2)
[robot_state_publisher-4] [INFO] [1747317529.984999952] [rclcpp]: signal_handler(signum=2)
[move_group-18] [INFO] [1747317530.052995100] [moveit.ros_planning_interface.moveit_cpp]: Deleting MoveItCpp
[move_group-8] [INFO] [1747317530.064149402] [moveit.ros_planning_interface.moveit_cpp]: Deleting MoveItCpp
[INFO] [static_transform_publisher-20]: process has finished cleanly [pid 59795]
[INFO] [static_transform_publisher-21]: process has finished cleanly [pid 59797]
[INFO] [static_transform_publisher-19]: process has finished cleanly [pid 59792]
[INFO] [static_transform_publisher-22]: process has finished cleanly [pid 59800]
[INFO] [static_transform_publisher-9]: process has finished cleanly [pid 59688]
[INFO] [static_transform_publisher-23]: process has finished cleanly [pid 59802]
[INFO] [static_transform_publisher-10]: process has finished cleanly [pid 59700]
[INFO] [static_transform_publisher-12]: process has finished cleanly [pid 59718]
[INFO] [static_transform_publisher-13]: process has finished cleanly [pid 59746]
[INFO] [static_transform_publisher-11]: process has finished cleanly [pid 59703]
[INFO] [robot_state_publisher-14]: process has finished cleanly [pid 59754]
[INFO] [robot_state_publisher-4]: process has finished cleanly [pid 59678]
[move_group-8] [INFO] [1747317530.225925531] [moveit_ros.planning_scene_monitor.planning_scene_monitor]: Stopped publishing maintained planning scene.
[move_group-18] [INFO] [1747317530.227204950] [moveit_ros.planning_scene_monitor.planning_scene_monitor]: Stopped publishing maintained planning scene.
[move_group-8] [INFO] [1747317530.230580111] [moveit_ros.planning_scene_monitor.planning_scene_monitor]: Stopping world geometry monitor
[move_group-18] [INFO] [1747317530.231266379] [moveit_ros.planning_scene_monitor.planning_scene_monitor]: Stopping world geometry monitor
[move_group-8] [INFO] [1747317530.235115898] [moveit_ros.planning_scene_monitor.planning_scene_monitor]: Stopping planning scene monitor
[move_group-18] [INFO] [1747317530.235656578] [moveit_ros.planning_scene_monitor.planning_scene_monitor]: Stopping planning scene monitor
[move_group-8] Warning: class_loader.ClassLoader: SEVERE WARNING!!! Attempting to unload library while objects created by this loader exist in the heap! You should delete your objects before attempting to unload the library or destroying the ClassLoader. The library will NOT be unloaded.
[move_group-8]          at line 127 in ./src/class_loader.cpp
[move_group-18] Warning: class_loader.ClassLoader: SEVERE WARNING!!! Attempting to unload library while objects created by this loader exist in the heap! You should delete your objects before attempting to unload the library or destroying the ClassLoader. The library will NOT be unloaded.
[move_group-18]          at line 127 in ./src/class_loader.cpp
[INFO] [rviz2-3]: process has finished cleanly [pid 59676]
[move_group-8] Stack trace (most recent call last):
[move_group-8] #11   Object "", at 0xffffffffffffffff, in 
[move_group-8] #10   Object "/ros2_ws/build/moveit_ros_move_group/move_group", at 0x55caf1a67eb4, in _start
[move_group-8] #9    Object "/usr/lib/x86_64-linux-gnu/libc.so.6", at 0x7f4a0c3dee3f, in __libc_start_main
[move_group-8] #8    Object "/usr/lib/x86_64-linux-gnu/libc.so.6", at 0x7f4a0c3ded8f, in 
[move_group-8] #7    Object "/ros2_ws/build/moveit_ros_move_group/move_group", at 0x55caf1a67483, in main
[move_group-8] #6    Object "/ros2_ws/build/moveit_ros_move_group/move_group", at 0x55caf1a6e9c1, in std::_Sp_counted_base<(__gnu_cxx::_Lock_policy)2>::_M_release()
[move_group-8] #5    Object "/opt/ros/humble/lib/librclcpp.so", at 0x7f4a0c90384e, in rclcpp::Node::~Node()
[move_group-8] #4    Object "/opt/ros/humble/lib/librclcpp.so", at 0x7f4a0c8dec69, in 
[move_group-8] #3    Object "/opt/ros/humble/lib/librclcpp.so", at 0x7f4a0c90cef9, in 
[move_group-8] #2    Object "/opt/ros/humble/lib/librclcpp.so", at 0x7f4a0c90ce40, in rclcpp::node_interfaces::NodeBase::~NodeBase()
[move_group-8] #1    Object "/opt/ros/humble/lib/librclcpp.so", at 0x7f4a0c8dec69, in 
[move_group-8] #0    Object "/opt/ros/humble/lib/librclcpp.so", at 0x7f4a0c8e39e1, in rclcpp::CallbackGroup::~CallbackGroup()
[move_group-8] Segmentation fault (Address not mapped to object [0x7f49fc0edc70])
[move_group-18] Stack trace (most recent call last):
[move_group-18] #11   Object "", at 0xffffffffffffffff, in 
[move_group-18] #10   Object "/ros2_ws/build/moveit_ros_move_group/move_group", at 0x556fa4c64eb4, in _start
[move_group-18] #9    Object "/usr/lib/x86_64-linux-gnu/libc.so.6", at 0x7f389b5dee3f, in __libc_start_main
[move_group-18] #8    Object "/usr/lib/x86_64-linux-gnu/libc.so.6", at 0x7f389b5ded8f, in 
[move_group-18] #7    Object "/ros2_ws/build/moveit_ros_move_group/move_group", at 0x556fa4c64483, in main
[move_group-18] #6    Object "/ros2_ws/build/moveit_ros_move_group/move_group", at 0x556fa4c6b9c1, in std::_Sp_counted_base<(__gnu_cxx::_Lock_policy)2>::_M_release()
[move_group-18] #5    Object "/opt/ros/humble/lib/librclcpp.so", at 0x7f389bb0384e, in rclcpp::Node::~Node()
[move_group-18] #4    Object "/opt/ros/humble/lib/librclcpp.so", at 0x7f389badec69, in 
[move_group-18] #3    Object "/opt/ros/humble/lib/librclcpp.so", at 0x7f389bb0cef9, in 
[move_group-18] #2    Object "/opt/ros/humble/lib/librclcpp.so", at 0x7f389bb0ce40, in rclcpp::node_interfaces::NodeBase::~NodeBase()
[move_group-18] #1    Object "/opt/ros/humble/lib/librclcpp.so", at 0x7f389badec69, in 
[move_group-18] #0    Object "/opt/ros/humble/lib/librclcpp.so", at 0x7f389bae39e1, in rclcpp::CallbackGroup::~CallbackGroup()
[move_group-18] Segmentation fault (Address not mapped to object [0x7f389013fc70])
[INFO] [gzclient-2]: process has finished cleanly [pid 59674]
[INFO] [gzserver-1]: process has finished cleanly [pid 59672]
[ERROR] [move_group-8]: process has died [pid 59686, exit code -11, cmd '/ros2_ws/install/moveit_ros_move_group/lib/moveit_ros_move_group/move_group --ros-args -r __ns:=/left --params-file /tmp/launch_params_n4dz24os --params-file /tmp/launch_params_4zvt52o4 --params-file /tmp/launch_params_70cp55uv --params-file /tmp/launch_params_6k6pbemn --params-file /tmp/launch_params_0tdgp996'].
[move_group-8] [0m
[ERROR] [move_group-18]: process has died [pid 59784, exit code -11, cmd '/ros2_ws/install/moveit_ros_move_group/lib/moveit_ros_move_group/move_group --ros-args -r __ns:=/right --params-file /tmp/launch_params_eyhenk0d --params-file /tmp/launch_params_d0i_3c2b --params-file /tmp/launch_params_ty4yf9rb --params-file /tmp/launch_params_x7g844k4 --params-file /tmp/launch_params_o4xdievv'].
[move_group-18] [0m
