[INFO] [launch]: All log files can be found below /root/.ros/log/2025-05-15-13-04-24-409981-outlander-Aspire-V3-571G-32055
[INFO] [launch]: Default logging verbosity is set to INFO
[INFO] [gzserver-1]: process started with pid [32058]
[INFO] [gzclient-2]: process started with pid [32060]
[INFO] [rviz2-3]: process started with pid [32062]
[INFO] [robot_state_publisher-4]: process started with pid [32064]
[INFO] [spawn_entity.py-5]: process started with pid [32066]
[INFO] [spawner-6]: process started with pid [32068]
[INFO] [spawner-7]: process started with pid [32070]
[INFO] [move_group-8]: process started with pid [32072]
[INFO] [static_transform_publisher-9]: process started with pid [32074]
[INFO] [static_transform_publisher-10]: process started with pid [32076]
[INFO] [static_transform_publisher-11]: process started with pid [32078]
[INFO] [static_transform_publisher-12]: process started with pid [32080]
[INFO] [static_transform_publisher-13]: process started with pid [32084]
[INFO] [robot_state_publisher-14]: process started with pid [32113]
[INFO] [spawn_entity.py-15]: process started with pid [32129]
[INFO] [spawner-16]: process started with pid [32134]
[INFO] [spawner-17]: process started with pid [32136]
[INFO] [move_group-18]: process started with pid [32151]
[INFO] [static_transform_publisher-19]: process started with pid [32157]
[INFO] [static_transform_publisher-20]: process started with pid [32159]
[INFO] [static_transform_publisher-21]: process started with pid [32162]
[INFO] [static_transform_publisher-22]: process started with pid [32183]
[INFO] [static_transform_publisher-23]: process started with pid [32193]
[rviz2-3] QStandardPaths: XDG_RUNTIME_DIR not set, defaulting to '/tmp/runtime-root'
[robot_state_publisher-4] [INFO] [1747314268.846206310] [left.robot_state_publisher]: got segment left_summit_back_left_wheel_link
[robot_state_publisher-4] [INFO] [1747314268.846402558] [left.robot_state_publisher]: got segment left_summit_back_right_wheel_link
[robot_state_publisher-4] [INFO] [1747314268.846429187] [left.robot_state_publisher]: got segment left_summit_base_chapa
[robot_state_publisher-4] [INFO] [1747314268.846448518] [left.robot_state_publisher]: got segment left_summit_base_docking_contact
[robot_state_publisher-4] [INFO] [1747314268.846467362] [left.robot_state_publisher]: got segment left_summit_base_footprint
[robot_state_publisher-4] [INFO] [1747314268.846485898] [left.robot_state_publisher]: got segment left_summit_base_link
[robot_state_publisher-4] [INFO] [1747314268.846503431] [left.robot_state_publisher]: got segment left_summit_base_logo_front
[robot_state_publisher-4] [INFO] [1747314268.846520378] [left.robot_state_publisher]: got segment left_summit_base_logo_left
[robot_state_publisher-4] [INFO] [1747314268.846538326] [left.robot_state_publisher]: got segment left_summit_base_logo_rear
[robot_state_publisher-4] [INFO] [1747314268.846557542] [left.robot_state_publisher]: got segment left_summit_base_logo_right
[robot_state_publisher-4] [INFO] [1747314268.846576069] [left.robot_state_publisher]: got segment left_summit_front_laser_base_link
[robot_state_publisher-4] [INFO] [1747314268.846592060] [left.robot_state_publisher]: got segment left_summit_front_laser_link
[robot_state_publisher-4] [INFO] [1747314268.846606494] [left.robot_state_publisher]: got segment left_summit_front_left_wheel_link
[robot_state_publisher-4] [INFO] [1747314268.846621349] [left.robot_state_publisher]: got segment left_summit_front_right_wheel_link
[robot_state_publisher-4] [INFO] [1747314268.846638190] [left.robot_state_publisher]: got segment left_summit_imu_link
[robot_state_publisher-4] [INFO] [1747314268.846709117] [left.robot_state_publisher]: got segment left_summit_rear_laser_base_link
[robot_state_publisher-4] [INFO] [1747314268.846730636] [left.robot_state_publisher]: got segment left_summit_rear_laser_link
[robot_state_publisher-4] [INFO] [1747314268.846748768] [left.robot_state_publisher]: got segment ur_left_base
[robot_state_publisher-4] [INFO] [1747314268.846767192] [left.robot_state_publisher]: got segment ur_left_base_link
[robot_state_publisher-4] [INFO] [1747314268.846786002] [left.robot_state_publisher]: got segment ur_left_base_link_inertia
[robot_state_publisher-4] [INFO] [1747314268.846818108] [left.robot_state_publisher]: got segment ur_left_finger_left
[robot_state_publisher-4] [INFO] [1747314268.846838093] [left.robot_state_publisher]: got segment ur_left_finger_right
[robot_state_publisher-4] [INFO] [1747314268.846856390] [left.robot_state_publisher]: got segment ur_left_finger_tip
[robot_state_publisher-4] [INFO] [1747314268.846875083] [left.robot_state_publisher]: got segment ur_left_flange
[robot_state_publisher-4] [INFO] [1747314268.846892357] [left.robot_state_publisher]: got segment ur_left_forearm_link
[robot_state_publisher-4] [INFO] [1747314268.846910853] [left.robot_state_publisher]: got segment ur_left_ft_frame
[robot_state_publisher-4] [INFO] [1747314268.846929534] [left.robot_state_publisher]: got segment ur_left_robotiq_hand
[robot_state_publisher-4] [INFO] [1747314268.846946906] [left.robot_state_publisher]: got segment ur_left_shoulder_link
[robot_state_publisher-4] [INFO] [1747314268.846965529] [left.robot_state_publisher]: got segment ur_left_tool0
[robot_state_publisher-4] [INFO] [1747314268.846982926] [left.robot_state_publisher]: got segment ur_left_upper_arm_link
[robot_state_publisher-4] [INFO] [1747314268.847000590] [left.robot_state_publisher]: got segment ur_left_wrist_1_link
[robot_state_publisher-4] [INFO] [1747314268.847018642] [left.robot_state_publisher]: got segment ur_left_wrist_2_link
[robot_state_publisher-4] [INFO] [1747314268.847035938] [left.robot_state_publisher]: got segment ur_left_wrist_3_link
[static_transform_publisher-9] [WARN] [1747314268.758381704] []: Old-style arguments are deprecated; see --help for new-style arguments
[static_transform_publisher-9] [INFO] [1747314268.834760895] [left.static_transform_publisher]: Spinning until stopped - publishing transform
[static_transform_publisher-9] translation: ('-0.660000', '0.000000', '0.000000')
[static_transform_publisher-9] rotation: ('0.000000', '0.000000', '0.000000', '1.000000')
[static_transform_publisher-9] from 'world' to 'left_summit_odom'
[static_transform_publisher-10] [WARN] [1747314268.776669320] []: Old-style arguments are deprecated; see --help for new-style arguments
[static_transform_publisher-10] [INFO] [1747314268.823023389] [left_static_transform_publisher_back_left]: Spinning until stopped - publishing transform
[static_transform_publisher-10] translation: ('0.250000', '0.150000', '0.000000')
[static_transform_publisher-10] rotation: ('0.000000', '0.000000', '0.000000', '1.000000')
[static_transform_publisher-10] from 'left_summit_base_link' to 'left_summit_back_left_wheel_link'
[static_transform_publisher-11] [WARN] [1747314268.771940086] []: Old-style arguments are deprecated; see --help for new-style arguments
[static_transform_publisher-11] [INFO] [1747314268.819692875] [left_static_transform_publisher_back_right]: Spinning until stopped - publishing transform
[static_transform_publisher-11] translation: ('0.250000', '-0.150000', '0.000000')
[static_transform_publisher-11] rotation: ('0.000000', '0.000000', '0.000000', '1.000000')
[static_transform_publisher-11] from 'left_summit_base_link' to 'left_summit_back_right_wheel_link'
[static_transform_publisher-12] [WARN] [1747314268.803586523] []: Old-style arguments are deprecated; see --help for new-style arguments
[static_transform_publisher-12] [INFO] [1747314268.884244554] [left_static_transform_publisher_front_left]: Spinning until stopped - publishing transform
[static_transform_publisher-12] translation: ('-0.250000', '0.150000', '0.000000')
[static_transform_publisher-12] rotation: ('0.000000', '0.000000', '0.000000', '1.000000')
[static_transform_publisher-12] from 'left_summit_base_link' to 'left_summit_front_left_wheel_link'
[static_transform_publisher-13] [WARN] [1747314268.865734215] []: Old-style arguments are deprecated; see --help for new-style arguments
[static_transform_publisher-13] [INFO] [1747314269.033168053] [static_transform_publisher_front_right]: Spinning until stopped - publishing transform
[static_transform_publisher-13] translation: ('-0.250000', '-0.150000', '0.000000')
[static_transform_publisher-13] rotation: ('0.000000', '0.000000', '0.000000', '1.000000')
[static_transform_publisher-13] from 'left_summit_base_link' to 'left_summit_front_right_wheel_link'
[robot_state_publisher-14] [INFO] [1747314269.032433098] [right.robot_state_publisher]: got segment right_summit_back_left_wheel_link
[static_transform_publisher-19] [WARN] [1747314268.935061064] []: Old-style arguments are deprecated; see --help for new-style arguments
[static_transform_publisher-19] [INFO] [1747314269.011241316] [right.static_transform_publisher]: Spinning until stopped - publishing transform
[static_transform_publisher-19] translation: ('0.660000', '0.000000', '0.000000')
[static_transform_publisher-19] rotation: ('0.000000', '0.000000', '0.000000', '1.000000')
[static_transform_publisher-19] from 'world' to 'right_summit_odom'
[static_transform_publisher-20] [WARN] [1747314269.003107444] []: Old-style arguments are deprecated; see --help for new-style arguments
[static_transform_publisher-22] [WARN] [1747314269.034608019] []: Old-style arguments are deprecated; see --help for new-style arguments
[static_transform_publisher-21] [WARN] [1747314269.053184397] []: Old-style arguments are deprecated; see --help for new-style arguments
[robot_state_publisher-14] [INFO] [1747314269.054758956] [right.robot_state_publisher]: got segment right_summit_back_right_wheel_link
[robot_state_publisher-14] [INFO] [1747314269.054809164] [right.robot_state_publisher]: got segment right_summit_base_chapa
[robot_state_publisher-14] [INFO] [1747314269.054831161] [right.robot_state_publisher]: got segment right_summit_base_docking_contact
[robot_state_publisher-14] [INFO] [1747314269.054850751] [right.robot_state_publisher]: got segment right_summit_base_footprint
[robot_state_publisher-14] [INFO] [1747314269.054868804] [right.robot_state_publisher]: got segment right_summit_base_link
[robot_state_publisher-14] [INFO] [1747314269.054886851] [right.robot_state_publisher]: got segment right_summit_base_logo_front
[robot_state_publisher-14] [INFO] [1747314269.054906807] [right.robot_state_publisher]: got segment right_summit_base_logo_left
[robot_state_publisher-14] [INFO] [1747314269.054925385] [right.robot_state_publisher]: got segment right_summit_base_logo_rear
[robot_state_publisher-14] [INFO] [1747314269.054943623] [right.robot_state_publisher]: got segment right_summit_base_logo_right
[robot_state_publisher-14] [INFO] [1747314269.054961546] [right.robot_state_publisher]: got segment right_summit_front_laser_base_link
[robot_state_publisher-14] [INFO] [1747314269.054979880] [right.robot_state_publisher]: got segment right_summit_front_laser_link
[robot_state_publisher-14] [INFO] [1747314269.054998311] [right.robot_state_publisher]: got segment right_summit_front_left_wheel_link
[robot_state_publisher-14] [INFO] [1747314269.055016276] [right.robot_state_publisher]: got segment right_summit_front_right_wheel_link
[robot_state_publisher-14] [INFO] [1747314269.055033646] [right.robot_state_publisher]: got segment right_summit_imu_link
[robot_state_publisher-14] [INFO] [1747314269.055051607] [right.robot_state_publisher]: got segment right_summit_rear_laser_base_link
[robot_state_publisher-14] [INFO] [1747314269.055069191] [right.robot_state_publisher]: got segment right_summit_rear_laser_link
[robot_state_publisher-14] [INFO] [1747314269.055088755] [right.robot_state_publisher]: got segment ur_right_base
[robot_state_publisher-14] [INFO] [1747314269.055108012] [right.robot_state_publisher]: got segment ur_right_base_link
[robot_state_publisher-14] [INFO] [1747314269.055127342] [right.robot_state_publisher]: got segment ur_right_base_link_inertia
[robot_state_publisher-14] [INFO] [1747314269.055146614] [right.robot_state_publisher]: got segment ur_right_finger_left
[robot_state_publisher-14] [INFO] [1747314269.055165890] [right.robot_state_publisher]: got segment ur_right_finger_right
[robot_state_publisher-14] [INFO] [1747314269.055184296] [right.robot_state_publisher]: got segment ur_right_finger_tip
[robot_state_publisher-14] [INFO] [1747314269.055203027] [right.robot_state_publisher]: got segment ur_right_flange
[robot_state_publisher-14] [INFO] [1747314269.055221741] [right.robot_state_publisher]: got segment ur_right_forearm_link
[robot_state_publisher-14] [INFO] [1747314269.055240580] [right.robot_state_publisher]: got segment ur_right_ft_frame
[robot_state_publisher-14] [INFO] [1747314269.055259682] [right.robot_state_publisher]: got segment ur_right_robotiq_hand
[robot_state_publisher-14] [INFO] [1747314269.055278871] [right.robot_state_publisher]: got segment ur_right_shoulder_link
[robot_state_publisher-14] [INFO] [1747314269.055297597] [right.robot_state_publisher]: got segment ur_right_tool0
[robot_state_publisher-14] [INFO] [1747314269.055316408] [right.robot_state_publisher]: got segment ur_right_upper_arm_link
[robot_state_publisher-14] [INFO] [1747314269.055334630] [right.robot_state_publisher]: got segment ur_right_wrist_1_link
[robot_state_publisher-14] [INFO] [1747314269.055352726] [right.robot_state_publisher]: got segment ur_right_wrist_2_link
[robot_state_publisher-14] [INFO] [1747314269.055371918] [right.robot_state_publisher]: got segment ur_right_wrist_3_link
[static_transform_publisher-23] [WARN] [1747314269.101409859] []: Old-style arguments are deprecated; see --help for new-style arguments
[move_group-8] [INFO] [1747314269.206316957] [moveit_rdf_loader.rdf_loader]: Loaded robot model in 0.071779 seconds
[move_group-8] [INFO] [1747314269.206450590] [moveit_robot_model.robot_model]: Loading robot model 'dual'...
[move_group-8] [WARN] [1747314269.206551473] [moveit_robot_model.robot_model]: Link left_summit_base_footprint has visual geometry but no collision geometry. Collision geometry will be left empty. Fix your URDF file by explicitly specifying collision geometry.
[move_group-8] [WARN] [1747314269.236287842] [moveit_robot_model.robot_model]: Link left_summit_base_logo_front has visual geometry but no collision geometry. Collision geometry will be left empty. Fix your URDF file by explicitly specifying collision geometry.
[move_group-8] [WARN] [1747314269.236332873] [moveit_robot_model.robot_model]: Link left_summit_base_logo_left has visual geometry but no collision geometry. Collision geometry will be left empty. Fix your URDF file by explicitly specifying collision geometry.
[move_group-8] [WARN] [1747314269.236353736] [moveit_robot_model.robot_model]: Link left_summit_base_logo_rear has visual geometry but no collision geometry. Collision geometry will be left empty. Fix your URDF file by explicitly specifying collision geometry.
[move_group-8] [WARN] [1747314269.236372740] [moveit_robot_model.robot_model]: Link left_summit_base_logo_right has visual geometry but no collision geometry. Collision geometry will be left empty. Fix your URDF file by explicitly specifying collision geometry.
[move_group-8] [WARN] [1747314269.236391565] [moveit_robot_model.robot_model]: Link left_summit_base_chapa has visual geometry but no collision geometry. Collision geometry will be left empty. Fix your URDF file by explicitly specifying collision geometry.
[move_group-8] [WARN] [1747314269.277141385] [moveit_robot_model.robot_model]: Link left_summit_imu_link has visual geometry but no collision geometry. Collision geometry will be left empty. Fix your URDF file by explicitly specifying collision geometry.
[static_transform_publisher-21] [INFO] [1747314269.279534112] [right_static_transform_publisher_back_right]: Spinning until stopped - publishing transform
[static_transform_publisher-21] translation: ('0.250000', '-0.150000', '0.000000')
[static_transform_publisher-21] rotation: ('0.000000', '0.000000', '0.000000', '1.000000')
[static_transform_publisher-21] from 'right_summit_base_link' to 'right_summit_back_right_wheel_link'
[static_transform_publisher-23] [INFO] [1747314269.305926771] [static_transform_publisher_front_right]: Spinning until stopped - publishing transform
[static_transform_publisher-23] translation: ('-0.250000', '-0.150000', '0.000000')
[static_transform_publisher-23] rotation: ('0.000000', '0.000000', '0.000000', '1.000000')
[static_transform_publisher-23] from 'right_summit_base_link' to 'right_summit_front_right_wheel_link'
[static_transform_publisher-22] [INFO] [1747314269.397799949] [right_static_transform_publisher_front_left]: Spinning until stopped - publishing transform
[static_transform_publisher-22] translation: ('-0.250000', '0.150000', '0.000000')
[static_transform_publisher-22] rotation: ('0.000000', '0.000000', '0.000000', '1.000000')
[static_transform_publisher-22] from 'right_summit_base_link' to 'right_summit_front_left_wheel_link'
[static_transform_publisher-20] [INFO] [1747314269.411480215] [right_static_transform_publisher_back_left]: Spinning until stopped - publishing transform
[static_transform_publisher-20] translation: ('0.250000', '0.150000', '0.000000')
[static_transform_publisher-20] rotation: ('0.000000', '0.000000', '0.000000', '1.000000')
[static_transform_publisher-20] from 'right_summit_base_link' to 'right_summit_back_left_wheel_link'
[move_group-18] [INFO] [1747314269.603613945] [moveit_rdf_loader.rdf_loader]: Loaded robot model in 0.0206278 seconds
[move_group-18] [INFO] [1747314269.603736675] [moveit_robot_model.robot_model]: Loading robot model 'dual'...
[move_group-18] [WARN] [1747314269.603834592] [moveit_robot_model.robot_model]: Link right_summit_base_footprint has visual geometry but no collision geometry. Collision geometry will be left empty. Fix your URDF file by explicitly specifying collision geometry.
[move_group-18] [WARN] [1747314269.609756288] [moveit_robot_model.robot_model]: Link right_summit_base_logo_front has visual geometry but no collision geometry. Collision geometry will be left empty. Fix your URDF file by explicitly specifying collision geometry.
[move_group-18] [WARN] [1747314269.609820719] [moveit_robot_model.robot_model]: Link right_summit_base_logo_left has visual geometry but no collision geometry. Collision geometry will be left empty. Fix your URDF file by explicitly specifying collision geometry.
[move_group-18] [WARN] [1747314269.609841492] [moveit_robot_model.robot_model]: Link right_summit_base_logo_rear has visual geometry but no collision geometry. Collision geometry will be left empty. Fix your URDF file by explicitly specifying collision geometry.
[move_group-18] [WARN] [1747314269.609860025] [moveit_robot_model.robot_model]: Link right_summit_base_logo_right has visual geometry but no collision geometry. Collision geometry will be left empty. Fix your URDF file by explicitly specifying collision geometry.
[move_group-18] [WARN] [1747314269.609878882] [moveit_robot_model.robot_model]: Link right_summit_base_chapa has visual geometry but no collision geometry. Collision geometry will be left empty. Fix your URDF file by explicitly specifying collision geometry.
[move_group-18] [WARN] [1747314269.617119892] [moveit_robot_model.robot_model]: Link right_summit_imu_link has visual geometry but no collision geometry. Collision geometry will be left empty. Fix your URDF file by explicitly specifying collision geometry.
[spawner-7] [INFO] [1747314270.577497682] [left.spawner_ur_left_joint_group_vel_controller]: waiting for service /left/controller_manager/list_controllers to become available...
[spawner-6] [INFO] [1747314270.658723743] [left.spawner_joint_state_broadcaster]: waiting for service /left/controller_manager/list_controllers to become available...
[move_group-8] [INFO] [1747314270.880952638] [moveit_ros.planning_scene_monitor.planning_scene_monitor]: Publishing maintained planning scene on 'monitored_planning_scene'
[move_group-8] [INFO] [1747314270.881251097] [moveit.ros_planning_interface.moveit_cpp]: Listening to 'joint_states' for joint states
[spawner-16] [INFO] [1747314270.885879734] [right.spawner_joint_state_broadcaster]: waiting for service /right/controller_manager/list_controllers to become available...
[spawn_entity.py-15] [INFO] [1747314270.894745182] [right]: Spawn Entity started
[spawn_entity.py-15] [INFO] [1747314270.895812327] [right]: Loading entity published on topic /right/robot_description
[spawn_entity.py-15] /opt/ros/humble/local/lib/python3.10/dist-packages/rclpy/qos.py:307: UserWarning: DurabilityPolicy.RMW_QOS_POLICY_DURABILITY_TRANSIENT_LOCAL is deprecated. Use DurabilityPolicy.TRANSIENT_LOCAL instead.
[spawn_entity.py-15]   warnings.warn(
[move_group-8] [INFO] [1747314270.899236244] [moveit_ros.current_state_monitor]: Listening to joint states on topic 'joint_states'
[move_group-8] [INFO] [1747314270.902990240] [moveit_ros.planning_scene_monitor.planning_scene_monitor]: Listening to '/left/attached_collision_object' for attached collision objects
[move_group-8] [INFO] [1747314270.903043426] [moveit_ros.planning_scene_monitor.planning_scene_monitor]: Starting planning scene monitor
[spawner-17] [INFO] [1747314270.904258084] [right.spawner_ur_right_joint_group_vel_controller]: waiting for service /right/controller_manager/list_controllers to become available...
[move_group-8] [INFO] [1747314270.906367279] [moveit_ros.planning_scene_monitor.planning_scene_monitor]: Listening to '/left/planning_scene'
[move_group-8] [INFO] [1747314270.906413532] [moveit_ros.planning_scene_monitor.planning_scene_monitor]: Starting world geometry update monitor for collision objects, attached objects, octomap updates.
[move_group-8] [WARN] [1747314270.909063278] [moveit_ros.current_state_monitor]: Unable to update multi-DOF joint 'Vjoint_left':Failure to lookup transform between 'left_summit_odom'and 'left_summit_base_footprint' with TF exception: Could not find a connection between 'left_summit_odom' and 'left_summit_base_footprint' because they are not part of the same tree.Tf has two or more unconnected trees.
[move_group-8] [INFO] [1747314270.910537836] [moveit_ros.planning_scene_monitor.planning_scene_monitor]: Listening to 'collision_object'
[spawn_entity.py-5] [INFO] [1747314270.911277472] [left]: Spawn Entity started
[spawn_entity.py-15] [INFO] [1747314270.911609897] [right]: Waiting for entity xml on /right/robot_description
[spawn_entity.py-5] [INFO] [1747314270.912495041] [left]: Loading entity published on topic /left/robot_description
[spawn_entity.py-5] /opt/ros/humble/local/lib/python3.10/dist-packages/rclpy/qos.py:307: UserWarning: DurabilityPolicy.RMW_QOS_POLICY_DURABILITY_TRANSIENT_LOCAL is deprecated. Use DurabilityPolicy.TRANSIENT_LOCAL instead.
[spawn_entity.py-5]   warnings.warn(
[move_group-8] [INFO] [1747314270.914390209] [moveit_ros.planning_scene_monitor.planning_scene_monitor]: Listening to 'planning_scene_world' for planning scene world geometry
[move_group-8] [WARN] [1747314270.919260779] [moveit.ros.occupancy_map_monitor.middleware_handle]: Resolution not specified for Octomap. Assuming resolution = 0.1 instead
[spawn_entity.py-5] [INFO] [1747314270.920293904] [left]: Waiting for entity xml on /left/robot_description
[spawn_entity.py-15] [INFO] [1747314270.922754590] [right]: Waiting for service /spawn_entity, timeout = 5
[spawn_entity.py-15] [INFO] [1747314270.923324221] [right]: Waiting for service /spawn_entity
[spawn_entity.py-5] [INFO] [1747314270.932651466] [left]: Waiting for service /spawn_entity, timeout = 5
[spawn_entity.py-5] [INFO] [1747314270.933795845] [left]: Waiting for service /spawn_entity
[move_group-18] [INFO] [1747314271.049401211] [moveit_ros.planning_scene_monitor.planning_scene_monitor]: Publishing maintained planning scene on 'monitored_planning_scene'
[move_group-18] [INFO] [1747314271.049714244] [moveit.ros_planning_interface.moveit_cpp]: Listening to 'joint_states' for joint states
[move_group-18] [INFO] [1747314271.057215898] [moveit_ros.current_state_monitor]: Listening to joint states on topic 'joint_states'
[move_group-18] [INFO] [1747314271.059064291] [moveit_ros.planning_scene_monitor.planning_scene_monitor]: Listening to '/right/attached_collision_object' for attached collision objects
[move_group-18] [INFO] [1747314271.059108598] [moveit_ros.planning_scene_monitor.planning_scene_monitor]: Starting planning scene monitor
[move_group-18] [INFO] [1747314271.061114563] [moveit_ros.planning_scene_monitor.planning_scene_monitor]: Listening to '/right/planning_scene'
[move_group-18] [INFO] [1747314271.061160841] [moveit_ros.planning_scene_monitor.planning_scene_monitor]: Starting world geometry update monitor for collision objects, attached objects, octomap updates.
[move_group-18] [INFO] [1747314271.064010185] [moveit_ros.planning_scene_monitor.planning_scene_monitor]: Listening to 'collision_object'
[move_group-18] [INFO] [1747314271.066390535] [moveit_ros.planning_scene_monitor.planning_scene_monitor]: Listening to 'planning_scene_world' for planning scene world geometry
[move_group-18] [WARN] [1747314271.066749758] [moveit_ros.current_state_monitor]: Unable to update multi-DOF joint 'Vjoint_right':Failure to lookup transform between 'right_summit_odom'and 'right_summit_base_footprint' with TF exception: Could not find a connection between 'right_summit_odom' and 'right_summit_base_footprint' because they are not part of the same tree.Tf has two or more unconnected trees.
[move_group-18] [WARN] [1747314271.069070607] [moveit.ros.occupancy_map_monitor.middleware_handle]: Resolution not specified for Octomap. Assuming resolution = 0.1 instead
[rviz2-3] [INFO] [1747314271.076156745] [rviz2]: Stereo is NOT SUPPORTED
[rviz2-3] [INFO] [1747314271.076410937] [rviz2]: OpenGl version: 4.6 (GLSL 4.6)
[rviz2-3] [INFO] [1747314271.168157150] [rviz2]: Stereo is NOT SUPPORTED
[rviz2-3] [WARN] [1747314272.317817950] [rcl.logging_rosout]: Publisher already registered for provided node name. If this is due to multiple nodes with the same name then all logs for that logger name will go out over the existing publisher. As soon as any node with that name is destructed it will unregister the publisher, preventing any further logs for that name from being published on the rosout topic.
[move_group-8] [INFO] [1747314272.737845523] [moveit.ros_planning_interface.moveit_cpp]: Loading planning pipeline 'ompl'
[move_group-8] [INFO] [1747314272.796806194] [moveit.ros_planning.planning_pipeline]: Using planning interface 'OMPL'
[move_group-8] [INFO] [1747314272.815127458] [moveit_ros.add_time_optimal_parameterization]: Param 'ompl.path_tolerance' was not set. Using default value: 0.100000
[move_group-8] [INFO] [1747314272.815181338] [moveit_ros.add_time_optimal_parameterization]: Param 'ompl.resample_dt' was not set. Using default value: 0.100000
[move_group-8] [INFO] [1747314272.815267276] [moveit_ros.add_time_optimal_parameterization]: Param 'ompl.min_angle_change' was not set. Using default value: 0.001000
[move_group-8] [INFO] [1747314272.815341919] [moveit_ros.fix_workspace_bounds]: Param 'ompl.default_workspace_bounds' was not set. Using default value: 10.000000
[move_group-8] [INFO] [1747314272.815380083] [moveit_ros.fix_start_state_bounds]: Param 'ompl.start_state_max_bounds_error' was set to 0.100000
[move_group-8] [INFO] [1747314272.815393787] [moveit_ros.fix_start_state_bounds]: Param 'ompl.start_state_max_dt' was not set. Using default value: 0.500000
[move_group-8] [INFO] [1747314272.815425510] [moveit_ros.fix_start_state_collision]: Param 'ompl.start_state_max_dt' was not set. Using default value: 0.500000
[move_group-8] [INFO] [1747314272.815440291] [moveit_ros.fix_start_state_collision]: Param 'ompl.jiggle_fraction' was set to 0.050000
[move_group-8] [INFO] [1747314272.815469919] [moveit_ros.fix_start_state_collision]: Param 'ompl.max_sampling_attempts' was not set. Using default value: 100
[move_group-8] [INFO] [1747314272.815500933] [moveit.ros_planning.planning_pipeline]: Using planning request adapter 'Add Time Optimal Parameterization'
[move_group-8] [INFO] [1747314272.815514918] [moveit.ros_planning.planning_pipeline]: Using planning request adapter 'Resolve constraint frames to robot links'
[move_group-8] [INFO] [1747314272.815523399] [moveit.ros_planning.planning_pipeline]: Using planning request adapter 'Fix Workspace Bounds'
[move_group-8] [INFO] [1747314272.815532489] [moveit.ros_planning.planning_pipeline]: Using planning request adapter 'Fix Start State Bounds'
[move_group-8] [INFO] [1747314272.815540733] [moveit.ros_planning.planning_pipeline]: Using planning request adapter 'Fix Start State In Collision'
[move_group-8] [INFO] [1747314272.815549017] [moveit.ros_planning.planning_pipeline]: Using planning request adapter 'Fix Start State Path Constraints'
[move_group-8] [INFO] [1747314272.824573001] [moveit.ros_planning_interface.moveit_cpp]: Loading planning pipeline 'chomp'
[move_group-8] [INFO] [1747314272.840995713] [moveit.ros_planning.planning_pipeline]: Using planning interface 'CHOMP'
[move_group-8] [INFO] [1747314272.853427481] [moveit_ros.add_time_optimal_parameterization]: Param 'chomp.path_tolerance' was not set. Using default value: 0.100000
[move_group-8] [INFO] [1747314272.853472558] [moveit_ros.add_time_optimal_parameterization]: Param 'chomp.resample_dt' was not set. Using default value: 0.100000
[move_group-8] [INFO] [1747314272.853486215] [moveit_ros.add_time_optimal_parameterization]: Param 'chomp.min_angle_change' was not set. Using default value: 0.001000
[move_group-8] [INFO] [1747314272.853540517] [moveit_ros.fix_workspace_bounds]: Param 'chomp.default_workspace_bounds' was not set. Using default value: 10.000000
[move_group-8] [INFO] [1747314272.853586725] [moveit_ros.fix_start_state_bounds]: Param 'chomp.start_state_max_bounds_error' was set to 0.100000
[move_group-8] [INFO] [1747314272.853602903] [moveit_ros.fix_start_state_bounds]: Param 'chomp.start_state_max_dt' was not set. Using default value: 0.500000
[move_group-8] [INFO] [1747314272.853638028] [moveit_ros.fix_start_state_collision]: Param 'chomp.start_state_max_dt' was not set. Using default value: 0.500000
[move_group-8] [INFO] [1747314272.853656022] [moveit_ros.fix_start_state_collision]: Param 'chomp.jiggle_fraction' was set to 0.050000
[move_group-8] [INFO] [1747314272.853669414] [moveit_ros.fix_start_state_collision]: Param 'chomp.max_sampling_attempts' was not set. Using default value: 100
[move_group-8] [INFO] [1747314272.853699210] [moveit.ros_planning.planning_pipeline]: Using planning request adapter 'Add Time Optimal Parameterization'
[move_group-8] [INFO] [1747314272.853712345] [moveit.ros_planning.planning_pipeline]: Using planning request adapter 'Resolve constraint frames to robot links'
[move_group-8] [INFO] [1747314272.853721956] [moveit.ros_planning.planning_pipeline]: Using planning request adapter 'Fix Workspace Bounds'
[move_group-8] [INFO] [1747314272.853731704] [moveit.ros_planning.planning_pipeline]: Using planning request adapter 'Fix Start State Bounds'
[move_group-8] [INFO] [1747314272.853743033] [moveit.ros_planning.planning_pipeline]: Using planning request adapter 'Fix Start State In Collision'
[move_group-8] [INFO] [1747314272.853753005] [moveit.ros_planning.planning_pipeline]: Using planning request adapter 'Fix Start State Path Constraints'
[move_group-8] [INFO] [1747314272.860818496] [moveit.ros_planning_interface.moveit_cpp]: Loading planning pipeline 'pilz_industrial_motion_planner'
[move_group-8] [INFO] [1747314272.871833642] [moveit.pilz_industrial_motion_planner.joint_limits_aggregator]: Reading limits from namespace robot_description_planning
[move_group-8] [WARN] [1747314272.880516766] [moveit.pilz_industrial_motion_planner.joint_limits_aggregator]: Multi-DOF-Joint 'Vjoint_left' not supported.
[move_group-8] [WARN] [1747314272.880587634] [moveit.pilz_industrial_motion_planner.joint_limits_aggregator]: Multi-DOF-Joint 'Vjoint_left' not supported.
[move_group-8] [INFO] [1747314272.914447600] [moveit.pilz_industrial_motion_planner]: Available plugins: pilz_industrial_motion_planner/PlanningContextLoaderCIRC pilz_industrial_motion_planner/PlanningContextLoaderLIN pilz_industrial_motion_planner/PlanningContextLoaderPTP 
[move_group-8] [INFO] [1747314272.914493126] [moveit.pilz_industrial_motion_planner]: About to load: pilz_industrial_motion_planner/PlanningContextLoaderCIRC
[move_group-8] [INFO] [1747314272.919242072] [moveit.pilz_industrial_motion_planner]: Registered Algorithm [CIRC]
[move_group-8] [INFO] [1747314272.919287729] [moveit.pilz_industrial_motion_planner]: About to load: pilz_industrial_motion_planner/PlanningContextLoaderLIN
[move_group-8] [INFO] [1747314272.921998099] [moveit.pilz_industrial_motion_planner]: Registered Algorithm [LIN]
[move_group-8] [INFO] [1747314272.922038967] [moveit.pilz_industrial_motion_planner]: About to load: pilz_industrial_motion_planner/PlanningContextLoaderPTP
[move_group-8] [INFO] [1747314272.924226515] [moveit.pilz_industrial_motion_planner]: Registered Algorithm [PTP]
[move_group-8] [INFO] [1747314272.924293192] [moveit.ros_planning.planning_pipeline]: Using planning interface 'Pilz Industrial Motion Planner'
[move_group-18] [INFO] [1747314273.035545525] [moveit.ros_planning_interface.moveit_cpp]: Loading planning pipeline 'ompl'
[move_group-18] [INFO] [1747314273.147060602] [moveit.ros_planning.planning_pipeline]: Using planning interface 'OMPL'
[move_group-18] [INFO] [1747314273.166994468] [moveit_ros.add_time_optimal_parameterization]: Param 'ompl.path_tolerance' was not set. Using default value: 0.100000
[move_group-18] [INFO] [1747314273.167340118] [moveit_ros.add_time_optimal_parameterization]: Param 'ompl.resample_dt' was not set. Using default value: 0.100000
[move_group-18] [INFO] [1747314273.167362292] [moveit_ros.add_time_optimal_parameterization]: Param 'ompl.min_angle_change' was not set. Using default value: 0.001000
[move_group-18] [INFO] [1747314273.167448793] [moveit_ros.fix_workspace_bounds]: Param 'ompl.default_workspace_bounds' was not set. Using default value: 10.000000
[move_group-18] [INFO] [1747314273.167491117] [moveit_ros.fix_start_state_bounds]: Param 'ompl.start_state_max_bounds_error' was set to 0.100000
[move_group-18] [INFO] [1747314273.167506841] [moveit_ros.fix_start_state_bounds]: Param 'ompl.start_state_max_dt' was not set. Using default value: 0.500000
[move_group-18] [INFO] [1747314273.167542467] [moveit_ros.fix_start_state_collision]: Param 'ompl.start_state_max_dt' was not set. Using default value: 0.500000
[move_group-18] [INFO] [1747314273.167560338] [moveit_ros.fix_start_state_collision]: Param 'ompl.jiggle_fraction' was set to 0.050000
[move_group-18] [INFO] [1747314273.167605340] [moveit_ros.fix_start_state_collision]: Param 'ompl.max_sampling_attempts' was not set. Using default value: 100
[move_group-18] [INFO] [1747314273.167636955] [moveit.ros_planning.planning_pipeline]: Using planning request adapter 'Add Time Optimal Parameterization'
[move_group-18] [INFO] [1747314273.167651663] [moveit.ros_planning.planning_pipeline]: Using planning request adapter 'Resolve constraint frames to robot links'
[move_group-18] [INFO] [1747314273.167662306] [moveit.ros_planning.planning_pipeline]: Using planning request adapter 'Fix Workspace Bounds'
[move_group-18] [INFO] [1747314273.167671791] [moveit.ros_planning.planning_pipeline]: Using planning request adapter 'Fix Start State Bounds'
[move_group-18] [INFO] [1747314273.167681397] [moveit.ros_planning.planning_pipeline]: Using planning request adapter 'Fix Start State In Collision'
[move_group-18] [INFO] [1747314273.167690077] [moveit.ros_planning.planning_pipeline]: Using planning request adapter 'Fix Start State Path Constraints'
[move_group-18] [INFO] [1747314273.186317477] [moveit.ros_planning_interface.moveit_cpp]: Loading planning pipeline 'chomp'
[move_group-8] [ERROR] [1747314273.195303193] [moveit.plugins.moveit_simple_controller_manager]: No controller_names specified.
[move_group-8] [INFO] [1747314273.197406313] [moveit.plugins.moveit_simple_controller_manager]: Returned 0 controllers in list
[move_group-8] [INFO] [1747314273.198466642] [moveit.plugins.moveit_simple_controller_manager]: Returned 0 controllers in list
[move_group-8] [INFO] [1747314273.201725150] [moveit_ros.trajectory_execution_manager]: Trajectory execution is managing controllers
[move_group-8] [INFO] [1747314273.201767803] [move_group.move_group]: MoveGroup debug mode is ON
[move_group-18] [INFO] [1747314273.210234780] [moveit.ros_planning.planning_pipeline]: Using planning interface 'CHOMP'
[move_group-18] [INFO] [1747314273.221930959] [moveit_ros.add_time_optimal_parameterization]: Param 'chomp.path_tolerance' was not set. Using default value: 0.100000
[move_group-18] [INFO] [1747314273.221972670] [moveit_ros.add_time_optimal_parameterization]: Param 'chomp.resample_dt' was not set. Using default value: 0.100000
[move_group-18] [INFO] [1747314273.221988265] [moveit_ros.add_time_optimal_parameterization]: Param 'chomp.min_angle_change' was not set. Using default value: 0.001000
[move_group-18] [INFO] [1747314273.222042910] [moveit_ros.fix_workspace_bounds]: Param 'chomp.default_workspace_bounds' was not set. Using default value: 10.000000
[move_group-18] [INFO] [1747314273.222104077] [moveit_ros.fix_start_state_bounds]: Param 'chomp.start_state_max_bounds_error' was set to 0.100000
[move_group-18] [INFO] [1747314273.222120925] [moveit_ros.fix_start_state_bounds]: Param 'chomp.start_state_max_dt' was not set. Using default value: 0.500000
[move_group-18] [INFO] [1747314273.222154785] [moveit_ros.fix_start_state_collision]: Param 'chomp.start_state_max_dt' was not set. Using default value: 0.500000
[move_group-18] [INFO] [1747314273.222170864] [moveit_ros.fix_start_state_collision]: Param 'chomp.jiggle_fraction' was set to 0.050000
[move_group-18] [INFO] [1747314273.222183791] [moveit_ros.fix_start_state_collision]: Param 'chomp.max_sampling_attempts' was not set. Using default value: 100
[move_group-18] [INFO] [1747314273.222215264] [moveit.ros_planning.planning_pipeline]: Using planning request adapter 'Add Time Optimal Parameterization'
[move_group-18] [INFO] [1747314273.222229185] [moveit.ros_planning.planning_pipeline]: Using planning request adapter 'Resolve constraint frames to robot links'
[move_group-18] [INFO] [1747314273.222238382] [moveit.ros_planning.planning_pipeline]: Using planning request adapter 'Fix Workspace Bounds'
[move_group-18] [INFO] [1747314273.222247618] [moveit.ros_planning.planning_pipeline]: Using planning request adapter 'Fix Start State Bounds'
[move_group-18] [INFO] [1747314273.222255906] [moveit.ros_planning.planning_pipeline]: Using planning request adapter 'Fix Start State In Collision'
[move_group-18] [INFO] [1747314273.222264404] [moveit.ros_planning.planning_pipeline]: Using planning request adapter 'Fix Start State Path Constraints'
[move_group-18] [INFO] [1747314273.228532491] [moveit.ros_planning_interface.moveit_cpp]: Loading planning pipeline 'pilz_industrial_motion_planner'
[move_group-18] [INFO] [1747314273.244987660] [moveit.pilz_industrial_motion_planner.joint_limits_aggregator]: Reading limits from namespace robot_description_planning
[move_group-18] [WARN] [1747314273.252807947] [moveit.pilz_industrial_motion_planner.joint_limits_aggregator]: Multi-DOF-Joint 'Vjoint_right' not supported.
[move_group-18] [WARN] [1747314273.252878510] [moveit.pilz_industrial_motion_planner.joint_limits_aggregator]: Multi-DOF-Joint 'Vjoint_right' not supported.
[move_group-18] [INFO] [1747314273.333510710] [moveit.pilz_industrial_motion_planner]: Available plugins: pilz_industrial_motion_planner/PlanningContextLoaderCIRC pilz_industrial_motion_planner/PlanningContextLoaderLIN pilz_industrial_motion_planner/PlanningContextLoaderPTP 
[move_group-18] [INFO] [1747314273.333563538] [moveit.pilz_industrial_motion_planner]: About to load: pilz_industrial_motion_planner/PlanningContextLoaderCIRC
[move_group-18] [INFO] [1747314273.337851440] [moveit.pilz_industrial_motion_planner]: Registered Algorithm [CIRC]
[move_group-18] [INFO] [1747314273.337898103] [moveit.pilz_industrial_motion_planner]: About to load: pilz_industrial_motion_planner/PlanningContextLoaderLIN
[move_group-18] [INFO] [1747314273.340811241] [moveit.pilz_industrial_motion_planner]: Registered Algorithm [LIN]
[move_group-18] [INFO] [1747314273.340856534] [moveit.pilz_industrial_motion_planner]: About to load: pilz_industrial_motion_planner/PlanningContextLoaderPTP
[move_group-18] [INFO] [1747314273.343863052] [moveit.pilz_industrial_motion_planner]: Registered Algorithm [PTP]
[move_group-18] [INFO] [1747314273.343943232] [moveit.ros_planning.planning_pipeline]: Using planning interface 'Pilz Industrial Motion Planner'
[move_group-8] [INFO] [1747314273.368335831] [move_group.move_group]: 
[move_group-8] 
[move_group-8] ********************************************************
[move_group-8] * MoveGroup using: 
[move_group-8] *     - ApplyPlanningSceneService
[move_group-8] *     - ClearOctomapService
[move_group-8] *     - ExecuteTaskSolution
[move_group-8] *     - CartesianPathService
[move_group-8] *     - ExecuteTrajectoryAction
[move_group-8] *     - GetPlanningSceneService
[move_group-8] *     - KinematicsService
[move_group-8] *     - MoveAction
[move_group-8] *     - MotionPlanService
[move_group-8] *     - QueryPlannersService
[move_group-8] *     - StateValidationService
[move_group-8] ********************************************************
[move_group-8] 
[move_group-8] [INFO] [1747314273.368436269] [moveit_move_group_capabilities_base.move_group_context]: MoveGroup context using planning plugin ompl_interface/OMPLPlanner
[move_group-8] [INFO] [1747314273.368458830] [moveit_move_group_capabilities_base.move_group_context]: MoveGroup context initialization complete
[move_group-8] [96mLoading 'move_group/ApplyPlanningSceneService'...
[move_group-8] [0m[96mLoading 'move_group/ClearOctomapService'...
[move_group-8] [0m[96mLoading 'move_group/ExecuteTaskSolutionCapability'...
[move_group-8] [0m[96mLoading 'move_group/MoveGroupCartesianPathService'...
[move_group-8] [0m[96mLoading 'move_group/MoveGroupExecuteTrajectoryAction'...
[move_group-8] [0m[96mLoading 'move_group/MoveGroupGetPlanningSceneService'...
[move_group-8] [0m[96mLoading 'move_group/MoveGroupKinematicsService'...
[move_group-8] [0m[96mLoading 'move_group/MoveGroupMoveAction'...
[move_group-8] [0m[96mLoading 'move_group/MoveGroupPlanService'...
[move_group-8] [0m[96mLoading 'move_group/MoveGroupQueryPlannersService'...
[move_group-8] [0m[96mLoading 'move_group/MoveGroupStateValidationService'...
[move_group-8] [0m[92m
[move_group-8] You can start planning now!
[move_group-8] 
[move_group-18] [ERROR] [1747314273.588080900] [moveit.plugins.moveit_simple_controller_manager]: No controller_names specified.
[move_group-18] [INFO] [1747314273.588258069] [moveit.plugins.moveit_simple_controller_manager]: Returned 0 controllers in list
[move_group-18] [INFO] [1747314273.588273630] [moveit.plugins.moveit_simple_controller_manager]: Returned 0 controllers in list
[move_group-18] [INFO] [1747314273.590555912] [moveit_ros.trajectory_execution_manager]: Trajectory execution is managing controllers
[move_group-18] [INFO] [1747314273.590588680] [move_group.move_group]: MoveGroup debug mode is ON
[move_group-18] [INFO] [1747314273.662588162] [move_group.move_group]: 
[move_group-18] 
[move_group-18] ********************************************************
[move_group-18] * MoveGroup using: 
[move_group-18] *     - ApplyPlanningSceneService
[move_group-18] *     - ClearOctomapService
[move_group-18] *     - ExecuteTaskSolution
[move_group-18] *     - CartesianPathService
[move_group-18] *     - ExecuteTrajectoryAction
[move_group-18] *     - GetPlanningSceneService
[move_group-18] *     - KinematicsService
[move_group-18] *     - MoveAction
[move_group-18] *     - MotionPlanService
[move_group-18] *     - QueryPlannersService
[move_group-18] *     - StateValidationService
[move_group-18] ********************************************************
[move_group-18] 
[move_group-18] [INFO] [1747314273.662667801] [moveit_move_group_capabilities_base.move_group_context]: MoveGroup context using planning plugin ompl_interface/OMPLPlanner
[move_group-18] [INFO] [1747314273.662690259] [moveit_move_group_capabilities_base.move_group_context]: MoveGroup context initialization complete
[move_group-18] [96mLoading 'move_group/ApplyPlanningSceneService'...
[move_group-18] [0m[96mLoading 'move_group/ClearOctomapService'...
[move_group-18] [0m[96mLoading 'move_group/ExecuteTaskSolutionCapability'...
[move_group-18] [0m[96mLoading 'move_group/MoveGroupCartesianPathService'...
[move_group-18] [0m[96mLoading 'move_group/MoveGroupExecuteTrajectoryAction'...
[move_group-18] [0m[96mLoading 'move_group/MoveGroupGetPlanningSceneService'...
[move_group-18] [0m[96mLoading 'move_group/MoveGroupKinematicsService'...
[move_group-18] [0m[96mLoading 'move_group/MoveGroupMoveAction'...
[move_group-18] [0m[96mLoading 'move_group/MoveGroupPlanService'...
[move_group-18] [0m[96mLoading 'move_group/MoveGroupQueryPlannersService'...
[move_group-18] [0m[96mLoading 'move_group/MoveGroupStateValidationService'...
[move_group-18] [0m[92m
[move_group-18] You can start planning now!
[move_group-18] 
[gzserver-1] [WARN] [1747314274.197720491] [rcl]: Found remap rule 'model_states:=model_states'. This syntax is deprecated. Use '--ros-args --remap model_states:=model_states' instead.
[gzserver-1] [WARN] [1747314274.198164380] [rcl]: Found remap rule 'link_states:=link_states'. This syntax is deprecated. Use '--ros-args --remap link_states:=link_states' instead.
[spawn_entity.py-15] [INFO] [1747314274.202307079] [right]: Calling service /spawn_entity
[spawn_entity.py-5] [INFO] [1747314274.206917370] [left]: Calling service /spawn_entity
[gzserver-1] [INFO] [1747314274.244079936] [state.gazebo_ros_state]: Publishing states of gazebo models at [/state/model_states]
[gzserver-1] [INFO] [1747314274.246779807] [state.gazebo_ros_state]: Publishing states of gazebo links at [/state/link_states]
[gzserver-1] [INFO] [1747314275.072881921] [right_summit_imu_imu_plugin]: <initial_orientation_as_reference> is unset, using default value of false to comply with REP 145 (world as orientation reference)
[spawn_entity.py-15] [INFO] [1747314275.368739174] [right]: Spawn status: SpawnEntity: Successfully spawned entity [right_robot]
[spawn_entity.py-15] [INFO] [1747314275.379200517] [right]: Calling service /unpause_physics
[INFO] [spawn_entity.py-15]: process has finished cleanly [pid 32129]
[gzserver-1] [INFO] [1747314275.659993533] [right_summit.omni_steering]: Subscribed to [/right_summit/cmd_vel]
[gzserver-1] [INFO] [1747314275.667725356] [right_summit.omni_steering]: Advertise odometry on [/right_summit/odom]
[gzserver-1] [INFO] [1747314275.676256868] [right_summit.omni_steering]: Publishing odom transforms between [right_summit_odom] and [right_summit_base_footprint]
[gzserver-1] [INFO] [1747314275.735392748] [gazebo_ros2_control]: Loading gazebo_ros2_control plugin
[gzserver-1] [INFO] [1747314275.759562107] [right.right_gazebo_ros2_control]: Starting gazebo_ros2_control plugin in namespace: /right
[gzserver-1] [INFO] [1747314275.759668628] [right.right_gazebo_ros2_control]: Starting gazebo_ros2_control plugin in ros 2 node: right_gazebo_ros2_control
[gzserver-1] [INFO] [1747314275.779216197] [right.right_gazebo_ros2_control]: connected to service!! robot_state_publisher
[gzserver-1] [INFO] [1747314275.784984525] [right.right_gazebo_ros2_control]: Received urdf from param server, parsing...
[gzserver-1] [INFO] [1747314275.786228836] [right.right_gazebo_ros2_control]: Loading parameter files /ros2_ws/install/ur/share/ur/config/right_controller.yaml
[gzserver-1] [ERROR] [1747314275.787890153] [right.right_gazebo_ros2_control]: parser error Couldn't parse params file: '--params-file /ros2_ws/install/ur/share/ur/config/right_controller.yaml'. Error: Cannot have a value before ros__parameters at line 5, at ./src/parse.c:793, at ./src/rcl/arguments.c:406
[gzserver-1] 
[move_group-18] [WARN] [1747314275.843659778] [moveit_ros.planning_scene_monitor.planning_scene_monitor]: The complete state of the robot is not yet known.  Missing right_summit_back_left_wheel_joint, right_summit_back_right_wheel_joint, right_summit_front_left_wheel_joint, right_summit_front_right_wheel_joint, ur_right_shoulder_pan_joint, ur_right_shoulder_lift_joint, ur_right_elbow_joint, ur_right_wrist_1_joint, ur_right_wrist_2_joint, ur_right_wrist_3_joint
[gzserver-1] terminate called after throwing an instance of 'rclcpp::exceptions::RCLInvalidArgument'
[gzserver-1]   what():  arguments->impl argument is null, at ./src/rcl/arguments.c:122
[ERROR] [gzserver-1]: process has died [pid 32058, exit code -6, cmd 'gzserver /ros2_ws/install/ur/share/ur/xacro/gazebo.world --physics False -slibgazebo_ros_init.so -slibgazebo_ros_factory.so -slibgazebo_ros_force_system.so'].
[spawner-7] [WARN] [1747314280.593270691] [left.spawner_ur_left_joint_group_vel_controller]: Could not contact service /left/controller_manager/list_controllers
[spawner-7] [INFO] [1747314280.594310227] [left.spawner_ur_left_joint_group_vel_controller]: waiting for service /left/controller_manager/list_controllers to become available...
[spawner-6] [WARN] [1747314280.676478747] [left.spawner_joint_state_broadcaster]: Could not contact service /left/controller_manager/list_controllers
[spawner-6] [INFO] [1747314280.677231372] [left.spawner_joint_state_broadcaster]: waiting for service /left/controller_manager/list_controllers to become available...
[spawner-16] [WARN] [1747314280.905618719] [right.spawner_joint_state_broadcaster]: Could not contact service /right/controller_manager/list_controllers
[spawner-16] [INFO] [1747314280.906286422] [right.spawner_joint_state_broadcaster]: waiting for service /right/controller_manager/list_controllers to become available...
[spawner-17] [WARN] [1747314280.920719322] [right.spawner_ur_right_joint_group_vel_controller]: Could not contact service /right/controller_manager/list_controllers
[spawner-17] [INFO] [1747314280.921906124] [right.spawner_ur_right_joint_group_vel_controller]: waiting for service /right/controller_manager/list_controllers to become available...
[rviz2-3] [ERROR] [1747314282.371776424] [rviz2]: Could not find parameter robot_description and did not receive robot_description via std_msgs::msg::String subscription within 10.000000 seconds.
[ERROR] [gzclient-2]: process has died [pid 32060, exit code -11, cmd 'gzclient'].
[WARNING] [launch]: user interrupted with ctrl-c (SIGINT)
[static_transform_publisher-10] [INFO] [1747314287.385129014] [rclcpp]: signal_handler(signum=2)
[static_transform_publisher-21] [INFO] [1747314287.385129016] [rclcpp]: signal_handler(signum=2)
[static_transform_publisher-22] [INFO] [1747314287.385129053] [rclcpp]: signal_handler(signum=2)
[move_group-18] [INFO] [1747314287.385129936] [rclcpp]: signal_handler(signum=2)
[static_transform_publisher-23] [INFO] [1747314287.385129137] [rclcpp]: signal_handler(signum=2)
[static_transform_publisher-20] [INFO] [1747314287.385129145] [rclcpp]: signal_handler(signum=2)
[static_transform_publisher-19] [INFO] [1747314287.385129142] [rclcpp]: signal_handler(signum=2)
[robot_state_publisher-14] [INFO] [1747314287.385208349] [rclcpp]: signal_handler(signum=2)
[static_transform_publisher-12] [INFO] [1747314287.385227080] [rclcpp]: signal_handler(signum=2)
[move_group-8] [INFO] [1747314287.385232035] [rclcpp]: signal_handler(signum=2)
[robot_state_publisher-4] [INFO] [1747314287.385238729] [rclcpp]: signal_handler(signum=2)
[static_transform_publisher-13] [INFO] [1747314287.385303294] [rclcpp]: signal_handler(signum=2)
[static_transform_publisher-11] [INFO] [1747314287.385381100] [rclcpp]: signal_handler(signum=2)
[static_transform_publisher-9] [INFO] [1747314287.385454016] [rclcpp]: signal_handler(signum=2)
[spawn_entity.py-5] Traceback (most recent call last):
[spawn_entity.py-5]   File "/opt/ros/humble/lib/gazebo_ros/spawn_entity.py", line 370, in <module>
[spawn_entity.py-5]     main()
[spawn_entity.py-5]   File "/opt/ros/humble/lib/gazebo_ros/spawn_entity.py", line 365, in main
[spawn_entity.py-5]     exit_code = spawn_entity_node.run()
[spawn_entity.py-5]   File "/opt/ros/humble/lib/gazebo_ros/spawn_entity.py", line 228, in run
[spawn_entity.py-5]     success = self._spawn_entity(entity_xml, initial_pose, spawn_service_timeout)
[spawn_entity.py-5]   File "/opt/ros/humble/lib/gazebo_ros/spawn_entity.py", line 289, in _spawn_entity
[spawn_entity.py-5]     rclpy.spin_once(self)
[spawn_entity.py-5]   File "/opt/ros/humble/local/lib/python3.10/dist-packages/rclpy/__init__.py", line 202, in spin_once
[spawn_entity.py-5]     executor.spin_once(timeout_sec=timeout_sec)
[spawn_entity.py-5]   File "/opt/ros/humble/local/lib/python3.10/dist-packages/rclpy/executors.py", line 739, in spin_once
[spawn_entity.py-5]     self._spin_once_impl(timeout_sec)
[spawn_entity.py-5]   File "/opt/ros/humble/local/lib/python3.10/dist-packages/rclpy/executors.py", line 728, in _spin_once_impl
[spawn_entity.py-5]     handler, entity, node = self.wait_for_ready_callbacks(timeout_sec=timeout_sec)
[spawn_entity.py-5]   File "/opt/ros/humble/local/lib/python3.10/dist-packages/rclpy/executors.py", line 711, in wait_for_ready_callbacks
[spawn_entity.py-5]     return next(self._cb_iter)
[spawn_entity.py-5]   File "/opt/ros/humble/local/lib/python3.10/dist-packages/rclpy/executors.py", line 608, in _wait_for_ready_callbacks
[spawn_entity.py-5]     wait_set.wait(timeout_nsec)
[spawn_entity.py-5] KeyboardInterrupt
[ERROR] [rviz2-3]: process has died [pid 32062, exit code -2, cmd '/opt/ros/humble/lib/rviz2/rviz2 -d /ros2_ws/install/ur/share/ur/rviz/rviz_config.rviz --ros-args -r __node:=rviz2 --params-file /tmp/launch_params_7p5zkoly --params-file /tmp/launch_params_6vfyj6_2'].
[move_group-8] [INFO] [1747314287.611847669] [moveit.ros_planning_interface.moveit_cpp]: Deleting MoveItCpp
[move_group-8] [INFO] [1747314287.615906460] [moveit_ros.planning_scene_monitor.planning_scene_monitor]: Stopped publishing maintained planning scene.
[move_group-18] [INFO] [1747314287.616026153] [moveit.ros_planning_interface.moveit_cpp]: Deleting MoveItCpp
[move_group-18] [INFO] [1747314287.620556578] [moveit_ros.planning_scene_monitor.planning_scene_monitor]: Stopped publishing maintained planning scene.
[INFO] [static_transform_publisher-23]: process has finished cleanly [pid 32193]
[INFO] [static_transform_publisher-22]: process has finished cleanly [pid 32183]
[INFO] [static_transform_publisher-11]: process has finished cleanly [pid 32078]
[INFO] [static_transform_publisher-9]: process has finished cleanly [pid 32074]
[move_group-8] [INFO] [1747314287.627834481] [moveit_ros.planning_scene_monitor.planning_scene_monitor]: Stopping world geometry monitor
[move_group-18] [INFO] [1747314287.633816928] [moveit_ros.planning_scene_monitor.planning_scene_monitor]: Stopping world geometry monitor
[INFO] [static_transform_publisher-19]: process has finished cleanly [pid 32157]
[move_group-8] [INFO] [1747314287.641510032] [moveit_ros.planning_scene_monitor.planning_scene_monitor]: Stopping planning scene monitor
[move_group-8] Warning: class_loader.ClassLoader: SEVERE WARNING!!! Attempting to unload library while objects created by this loader exist in the heap! You should delete your objects before attempting to unload the library or destroying the ClassLoader. The library will NOT be unloaded.
[move_group-8]          at line 127 in ./src/class_loader.cpp
[INFO] [static_transform_publisher-20]: process has finished cleanly [pid 32159]
[move_group-18] [INFO] [1747314287.647800580] [moveit_ros.planning_scene_monitor.planning_scene_monitor]: Stopping planning scene monitor
[INFO] [static_transform_publisher-21]: process has finished cleanly [pid 32162]
[move_group-18] Warning: class_loader.ClassLoader: SEVERE WARNING!!! Attempting to unload library while objects created by this loader exist in the heap! You should delete your objects before attempting to unload the library or destroying the ClassLoader. The library will NOT be unloaded.
[move_group-18]          at line 127 in ./src/class_loader.cpp
[INFO] [static_transform_publisher-12]: process has finished cleanly [pid 32080]
[INFO] [static_transform_publisher-10]: process has finished cleanly [pid 32076]
[INFO] [static_transform_publisher-13]: process has finished cleanly [pid 32084]
[INFO] [robot_state_publisher-14]: process has finished cleanly [pid 32113]
[ERROR] [spawn_entity.py-5]: process has died [pid 32066, exit code -2, cmd '/opt/ros/humble/lib/gazebo_ros/spawn_entity.py -entity left_robot -topic /left/robot_description -x -0.66 -y 0 -z 0 -timeout 5 -unpause --ros-args -r __node:=left'].
[INFO] [robot_state_publisher-4]: process has finished cleanly [pid 32064]
[INFO] [spawner-16]: process has finished cleanly [pid 32134]
[INFO] [spawner-17]: process has finished cleanly [pid 32136]
[INFO] [spawner-7]: process has finished cleanly [pid 32070]
[INFO] [spawner-6]: process has finished cleanly [pid 32068]
[move_group-18] Stack trace (most recent call last):
[move_group-18] #11   Object "", at 0xffffffffffffffff, in 
[move_group-18] #10   Object "/ros2_ws/build/moveit_ros_move_group/move_group", at 0x55bfe1f71eb4, in _start
[move_group-18] #9    Object "/usr/lib/x86_64-linux-gnu/libc.so.6", at 0x7f0ddffdee3f, in __libc_start_main
[move_group-18] #8    Object "/usr/lib/x86_64-linux-gnu/libc.so.6", at 0x7f0ddffded8f, in 
[move_group-18] #7    Object "/ros2_ws/build/moveit_ros_move_group/move_group", at 0x55bfe1f71483, in main
[move_group-18] #6    Object "/ros2_ws/build/moveit_ros_move_group/move_group", at 0x55bfe1f789c1, in std::_Sp_counted_base<(__gnu_cxx::_Lock_policy)2>::_M_release()
[move_group-8] Stack trace (most recent call last):
[move_group-18] #5    Object "/opt/ros/humble/lib/librclcpp.so", at 0x7f0de050384e, in rclcpp::Node::~Node()
[move_group-18] #4    Object "/opt/ros/humble/lib/librclcpp.so", at 0x7f0de04dec69, in 
[move_group-18] #3    Object "/opt/ros/humble/lib/librclcpp.so", at 0x7f0de050cef9, in 
[move_group-18] #2    Object "/opt/ros/humble/lib/librclcpp.so", at 0x7f0de050ce40, in rclcpp::node_interfaces::NodeBase::~NodeBase()
[move_group-18] #1    Object "/opt/ros/humble/lib/librclcpp.so", at 0x7f0de04dec69, in 
[move_group-18] #0    Object "/opt/ros/humble/lib/librclcpp.so", at 0x7f0de04e39e1, in rclcpp::CallbackGroup::~CallbackGroup()
[move_group-18] Segmentation fault (Address not mapped to object [0x7f0db6d7fc70])
[move_group-8] #11   Object "", at 0xffffffffffffffff, in 
[move_group-8] #10   Object "/ros2_ws/build/moveit_ros_move_group/move_group", at 0x5607094d7eb4, in _start
[move_group-8] #9    Object "/usr/lib/x86_64-linux-gnu/libc.so.6", at 0x7fdeb12f1e3f, in __libc_start_main
[move_group-8] #8    Object "/usr/lib/x86_64-linux-gnu/libc.so.6", at 0x7fdeb12f1d8f, in 
[move_group-8] #7    Object "/ros2_ws/build/moveit_ros_move_group/move_group", at 0x5607094d7483, in main
[move_group-8] #6    Object "/ros2_ws/build/moveit_ros_move_group/move_group", at 0x5607094de9c1, in std::_Sp_counted_base<(__gnu_cxx::_Lock_policy)2>::_M_release()
[move_group-8] #5    Object "/opt/ros/humble/lib/librclcpp.so", at 0x7fdeb186984e, in rclcpp::Node::~Node()
[move_group-8] #4    Object "/opt/ros/humble/lib/librclcpp.so", at 0x7fdeb1844c69, in 
[move_group-8] #3    Object "/opt/ros/humble/lib/librclcpp.so", at 0x7fdeb1872ef9, in 
[move_group-8] #2    Object "/opt/ros/humble/lib/librclcpp.so", at 0x7fdeb1872e40, in rclcpp::node_interfaces::NodeBase::~NodeBase()
[move_group-8] #1    Object "/opt/ros/humble/lib/librclcpp.so", at 0x7fdeb1844c69, in 
[move_group-8] #0    Object "/opt/ros/humble/lib/librclcpp.so", at 0x7fdeb18499e1, in rclcpp::CallbackGroup::~CallbackGroup()
[move_group-8] Segmentation fault (Address not mapped to object [0x7fde7bff9c70])
[ERROR] [move_group-18]: process has died [pid 32151, exit code -11, cmd '/ros2_ws/install/moveit_ros_move_group/lib/moveit_ros_move_group/move_group --ros-args -r __ns:=/right --params-file /tmp/launch_params_jibjgite --params-file /tmp/launch_params_r13feguf --params-file /tmp/launch_params_k1n3hbqh --params-file /tmp/launch_params_eeno7cpb --params-file /tmp/launch_params_v1vesz4v'].
[move_group-18] [0m
[ERROR] [move_group-8]: process has died [pid 32072, exit code -11, cmd '/ros2_ws/install/moveit_ros_move_group/lib/moveit_ros_move_group/move_group --ros-args -r __ns:=/left --params-file /tmp/launch_params_s8bkzbcw --params-file /tmp/launch_params_2z68zpul --params-file /tmp/launch_params_y4ljx_4e --params-file /tmp/launch_params_170khv_p --params-file /tmp/launch_params_hsn4hmn0'].
[move_group-8] [0m
