[INFO] [launch]: All log files can be found below /root/.ros/log/2025-05-15-13-06-28-610036-outlander-Aspire-V3-571G-33387
[INFO] [launch]: Default logging verbosity is set to INFO
[INFO] [gzserver-1]: process started with pid [33390]
[INFO] [gzclient-2]: process started with pid [33392]
[INFO] [robot_state_publisher-3]: process started with pid [33394]
[INFO] [spawn_entity.py-4]: process started with pid [33396]
[INFO] [spawner-5]: process started with pid [33398]
[INFO] [spawner-6]: process started with pid [33400]
[INFO] [move_group-7]: process started with pid [33402]
[INFO] [static_transform_publisher-8]: process started with pid [33404]
[INFO] [static_transform_publisher-9]: process started with pid [33406]
[INFO] [static_transform_publisher-10]: process started with pid [33408]
[INFO] [static_transform_publisher-11]: process started with pid [33410]
[INFO] [static_transform_publisher-12]: process started with pid [33420]
[INFO] [robot_state_publisher-13]: process started with pid [33441]
[INFO] [spawn_entity.py-14]: process started with pid [33459]
[INFO] [spawner-15]: process started with pid [33463]
[INFO] [spawner-16]: process started with pid [33483]
[INFO] [move_group-17]: process started with pid [33485]
[INFO] [static_transform_publisher-18]: process started with pid [33488]
[INFO] [static_transform_publisher-19]: process started with pid [33491]
[INFO] [static_transform_publisher-20]: process started with pid [33493]
[INFO] [static_transform_publisher-21]: process started with pid [33507]
[INFO] [static_transform_publisher-22]: process started with pid [33514]
[INFO] [rviz2-23]: process started with pid [33518]
[robot_state_publisher-3] [INFO] [1747314393.255738451] [left.robot_state_publisher]: got segment left_summit_back_left_wheel_link
[robot_state_publisher-3] [INFO] [1747314393.255898813] [left.robot_state_publisher]: got segment left_summit_back_right_wheel_link
[robot_state_publisher-3] [INFO] [1747314393.255925491] [left.robot_state_publisher]: got segment left_summit_base_chapa
[robot_state_publisher-3] [INFO] [1747314393.255945058] [left.robot_state_publisher]: got segment left_summit_base_docking_contact
[robot_state_publisher-3] [INFO] [1747314393.255963441] [left.robot_state_publisher]: got segment left_summit_base_footprint
[robot_state_publisher-3] [INFO] [1747314393.255981273] [left.robot_state_publisher]: got segment left_summit_base_link
[robot_state_publisher-3] [INFO] [1747314393.255998571] [left.robot_state_publisher]: got segment left_summit_base_logo_front
[robot_state_publisher-3] [INFO] [1747314393.256015732] [left.robot_state_publisher]: got segment left_summit_base_logo_left
[robot_state_publisher-3] [INFO] [1747314393.256033063] [left.robot_state_publisher]: got segment left_summit_base_logo_rear
[robot_state_publisher-3] [INFO] [1747314393.256050458] [left.robot_state_publisher]: got segment left_summit_base_logo_right
[robot_state_publisher-3] [INFO] [1747314393.256067747] [left.robot_state_publisher]: got segment left_summit_front_laser_base_link
[robot_state_publisher-3] [INFO] [1747314393.256085805] [left.robot_state_publisher]: got segment left_summit_front_laser_link
[robot_state_publisher-3] [INFO] [1747314393.256103663] [left.robot_state_publisher]: got segment left_summit_front_left_wheel_link
[robot_state_publisher-3] [INFO] [1747314393.256121940] [left.robot_state_publisher]: got segment left_summit_front_right_wheel_link
[robot_state_publisher-3] [INFO] [1747314393.256140015] [left.robot_state_publisher]: got segment left_summit_imu_link
[robot_state_publisher-3] [INFO] [1747314393.256157779] [left.robot_state_publisher]: got segment left_summit_rear_laser_base_link
[robot_state_publisher-3] [INFO] [1747314393.256176836] [left.robot_state_publisher]: got segment left_summit_rear_laser_link
[robot_state_publisher-3] [INFO] [1747314393.256194274] [left.robot_state_publisher]: got segment ur_left_base
[robot_state_publisher-3] [INFO] [1747314393.256210110] [left.robot_state_publisher]: got segment ur_left_base_link
[robot_state_publisher-3] [INFO] [1747314393.256225205] [left.robot_state_publisher]: got segment ur_left_base_link_inertia
[robot_state_publisher-3] [INFO] [1747314393.256240844] [left.robot_state_publisher]: got segment ur_left_finger_left
[robot_state_publisher-3] [INFO] [1747314393.256258101] [left.robot_state_publisher]: got segment ur_left_finger_right
[robot_state_publisher-3] [INFO] [1747314393.256274282] [left.robot_state_publisher]: got segment ur_left_finger_tip
[robot_state_publisher-3] [INFO] [1747314393.256292743] [left.robot_state_publisher]: got segment ur_left_flange
[robot_state_publisher-3] [INFO] [1747314393.256309387] [left.robot_state_publisher]: got segment ur_left_forearm_link
[robot_state_publisher-3] [INFO] [1747314393.256324525] [left.robot_state_publisher]: got segment ur_left_ft_frame
[robot_state_publisher-3] [INFO] [1747314393.256341240] [left.robot_state_publisher]: got segment ur_left_robotiq_hand
[robot_state_publisher-3] [INFO] [1747314393.256357708] [left.robot_state_publisher]: got segment ur_left_shoulder_link
[robot_state_publisher-3] [INFO] [1747314393.256373968] [left.robot_state_publisher]: got segment ur_left_tool0
[robot_state_publisher-3] [INFO] [1747314393.256389477] [left.robot_state_publisher]: got segment ur_left_upper_arm_link
[robot_state_publisher-3] [INFO] [1747314393.256405373] [left.robot_state_publisher]: got segment ur_left_wrist_1_link
[robot_state_publisher-3] [INFO] [1747314393.256422123] [left.robot_state_publisher]: got segment ur_left_wrist_2_link
[robot_state_publisher-3] [INFO] [1747314393.256438586] [left.robot_state_publisher]: got segment ur_left_wrist_3_link
[static_transform_publisher-8] [WARN] [1747314393.112951772] []: Old-style arguments are deprecated; see --help for new-style arguments
[static_transform_publisher-8] [INFO] [1747314393.159119836] [left.static_transform_publisher]: Spinning until stopped - publishing transform
[static_transform_publisher-8] translation: ('-0.660000', '0.000000', '0.000000')
[static_transform_publisher-8] rotation: ('0.000000', '0.000000', '0.000000', '1.000000')
[static_transform_publisher-8] from 'world' to 'left_summit_odom'
[static_transform_publisher-9] [WARN] [1747314393.123169095] []: Old-style arguments are deprecated; see --help for new-style arguments
[static_transform_publisher-9] [INFO] [1747314393.191787602] [left_static_transform_publisher_back_left]: Spinning until stopped - publishing transform
[static_transform_publisher-9] translation: ('0.250000', '0.150000', '0.000000')
[static_transform_publisher-9] rotation: ('0.000000', '0.000000', '0.000000', '1.000000')
[static_transform_publisher-9] from 'left_summit_base_link' to 'left_summit_back_left_wheel_link'
[static_transform_publisher-10] [WARN] [1747314393.122204290] []: Old-style arguments are deprecated; see --help for new-style arguments
[static_transform_publisher-10] [INFO] [1747314393.153411258] [left_static_transform_publisher_back_right]: Spinning until stopped - publishing transform
[static_transform_publisher-10] translation: ('0.250000', '-0.150000', '0.000000')
[static_transform_publisher-10] rotation: ('0.000000', '0.000000', '0.000000', '1.000000')
[static_transform_publisher-10] from 'left_summit_base_link' to 'left_summit_back_right_wheel_link'
[static_transform_publisher-11] [WARN] [1747314393.151961385] []: Old-style arguments are deprecated; see --help for new-style arguments
[static_transform_publisher-11] [INFO] [1747314393.230523421] [left_static_transform_publisher_front_left]: Spinning until stopped - publishing transform
[static_transform_publisher-11] translation: ('-0.250000', '0.150000', '0.000000')
[static_transform_publisher-11] rotation: ('0.000000', '0.000000', '0.000000', '1.000000')
[static_transform_publisher-11] from 'left_summit_base_link' to 'left_summit_front_left_wheel_link'
[static_transform_publisher-12] [WARN] [1747314393.194356095] []: Old-style arguments are deprecated; see --help for new-style arguments
[static_transform_publisher-12] [INFO] [1747314393.304150898] [static_transform_publisher_front_right]: Spinning until stopped - publishing transform
[static_transform_publisher-12] translation: ('-0.250000', '-0.150000', '0.000000')
[static_transform_publisher-12] rotation: ('0.000000', '0.000000', '0.000000', '1.000000')
[static_transform_publisher-12] from 'left_summit_base_link' to 'left_summit_front_right_wheel_link'
[robot_state_publisher-13] [INFO] [1747314393.338871408] [right.robot_state_publisher]: got segment right_summit_back_left_wheel_link
[robot_state_publisher-13] [INFO] [1747314393.339046152] [right.robot_state_publisher]: got segment right_summit_back_right_wheel_link
[robot_state_publisher-13] [INFO] [1747314393.339072477] [right.robot_state_publisher]: got segment right_summit_base_chapa
[robot_state_publisher-13] [INFO] [1747314393.339093263] [right.robot_state_publisher]: got segment right_summit_base_docking_contact
[robot_state_publisher-13] [INFO] [1747314393.339112823] [right.robot_state_publisher]: got segment right_summit_base_footprint
[robot_state_publisher-13] [INFO] [1747314393.339131746] [right.robot_state_publisher]: got segment right_summit_base_link
[robot_state_publisher-13] [INFO] [1747314393.339149549] [right.robot_state_publisher]: got segment right_summit_base_logo_front
[robot_state_publisher-13] [INFO] [1747314393.339167918] [right.robot_state_publisher]: got segment right_summit_base_logo_left
[robot_state_publisher-13] [INFO] [1747314393.339186335] [right.robot_state_publisher]: got segment right_summit_base_logo_rear
[robot_state_publisher-13] [INFO] [1747314393.339204191] [right.robot_state_publisher]: got segment right_summit_base_logo_right
[robot_state_publisher-13] [INFO] [1747314393.339221903] [right.robot_state_publisher]: got segment right_summit_front_laser_base_link
[robot_state_publisher-13] [INFO] [1747314393.339239626] [right.robot_state_publisher]: got segment right_summit_front_laser_link
[robot_state_publisher-13] [INFO] [1747314393.339257189] [right.robot_state_publisher]: got segment right_summit_front_left_wheel_link
[robot_state_publisher-13] [INFO] [1747314393.339274938] [right.robot_state_publisher]: got segment right_summit_front_right_wheel_link
[robot_state_publisher-13] [INFO] [1747314393.339292809] [right.robot_state_publisher]: got segment right_summit_imu_link
[robot_state_publisher-13] [INFO] [1747314393.339310193] [right.robot_state_publisher]: got segment right_summit_rear_laser_base_link
[robot_state_publisher-13] [INFO] [1747314393.339327926] [right.robot_state_publisher]: got segment right_summit_rear_laser_link
[robot_state_publisher-13] [INFO] [1747314393.339345790] [right.robot_state_publisher]: got segment ur_right_base
[robot_state_publisher-13] [INFO] [1747314393.339364571] [right.robot_state_publisher]: got segment ur_right_base_link
[robot_state_publisher-13] [INFO] [1747314393.339383413] [right.robot_state_publisher]: got segment ur_right_base_link_inertia
[robot_state_publisher-13] [INFO] [1747314393.339402004] [right.robot_state_publisher]: got segment ur_right_finger_left
[robot_state_publisher-13] [INFO] [1747314393.339421119] [right.robot_state_publisher]: got segment ur_right_finger_right
[robot_state_publisher-13] [INFO] [1747314393.339439771] [right.robot_state_publisher]: got segment ur_right_finger_tip
[robot_state_publisher-13] [INFO] [1747314393.339456645] [right.robot_state_publisher]: got segment ur_right_flange
[robot_state_publisher-13] [INFO] [1747314393.339473210] [right.robot_state_publisher]: got segment ur_right_forearm_link
[robot_state_publisher-13] [INFO] [1747314393.339493033] [right.robot_state_publisher]: got segment ur_right_ft_frame
[robot_state_publisher-13] [INFO] [1747314393.339511347] [right.robot_state_publisher]: got segment ur_right_robotiq_hand
[robot_state_publisher-13] [INFO] [1747314393.339528667] [right.robot_state_publisher]: got segment ur_right_shoulder_link
[robot_state_publisher-13] [INFO] [1747314393.339546706] [right.robot_state_publisher]: got segment ur_right_tool0
[robot_state_publisher-13] [INFO] [1747314393.339563756] [right.robot_state_publisher]: got segment ur_right_upper_arm_link
[robot_state_publisher-13] [INFO] [1747314393.339581162] [right.robot_state_publisher]: got segment ur_right_wrist_1_link
[robot_state_publisher-13] [INFO] [1747314393.339598064] [right.robot_state_publisher]: got segment ur_right_wrist_2_link
[robot_state_publisher-13] [INFO] [1747314393.339615060] [right.robot_state_publisher]: got segment ur_right_wrist_3_link
[static_transform_publisher-18] [WARN] [1747314393.336936840] []: Old-style arguments are deprecated; see --help for new-style arguments
[static_transform_publisher-19] [WARN] [1747314393.372331318] []: Old-style arguments are deprecated; see --help for new-style arguments
[static_transform_publisher-20] [WARN] [1747314393.398737721] []: Old-style arguments are deprecated; see --help for new-style arguments
[static_transform_publisher-21] [WARN] [1747314393.453878127] []: Old-style arguments are deprecated; see --help for new-style arguments
[static_transform_publisher-22] [WARN] [1747314393.501730060] []: Old-style arguments are deprecated; see --help for new-style arguments
[static_transform_publisher-18] [INFO] [1747314393.559847432] [right.static_transform_publisher]: Spinning until stopped - publishing transform
[static_transform_publisher-18] translation: ('0.660000', '0.000000', '0.000000')
[static_transform_publisher-18] rotation: ('0.000000', '0.000000', '0.000000', '1.000000')
[static_transform_publisher-18] from 'world' to 'right_summit_odom'
[static_transform_publisher-19] [INFO] [1747314393.569094602] [right_static_transform_publisher_back_left]: Spinning until stopped - publishing transform
[static_transform_publisher-19] translation: ('0.250000', '0.150000', '0.000000')
[static_transform_publisher-19] rotation: ('0.000000', '0.000000', '0.000000', '1.000000')
[static_transform_publisher-19] from 'right_summit_base_link' to 'right_summit_back_left_wheel_link'
[static_transform_publisher-21] [INFO] [1747314393.642055764] [right_static_transform_publisher_front_left]: Spinning until stopped - publishing transform
[static_transform_publisher-21] translation: ('-0.250000', '0.150000', '0.000000')
[static_transform_publisher-21] rotation: ('0.000000', '0.000000', '0.000000', '1.000000')
[static_transform_publisher-21] from 'right_summit_base_link' to 'right_summit_front_left_wheel_link'
[static_transform_publisher-20] [INFO] [1747314393.659836173] [right_static_transform_publisher_back_right]: Spinning until stopped - publishing transform
[static_transform_publisher-20] translation: ('0.250000', '-0.150000', '0.000000')
[static_transform_publisher-20] rotation: ('0.000000', '0.000000', '0.000000', '1.000000')
[static_transform_publisher-20] from 'right_summit_base_link' to 'right_summit_back_right_wheel_link'
[move_group-7] [INFO] [1747314393.701399585] [moveit_rdf_loader.rdf_loader]: Loaded robot model in 0.0298378 seconds
[move_group-7] [INFO] [1747314393.701524749] [moveit_robot_model.robot_model]: Loading robot model 'dual'...
[move_group-7] [WARN] [1747314393.701613912] [moveit_robot_model.robot_model]: Link left_summit_base_footprint has visual geometry but no collision geometry. Collision geometry will be left empty. Fix your URDF file by explicitly specifying collision geometry.
[rviz2-23] QStandardPaths: XDG_RUNTIME_DIR not set, defaulting to '/tmp/runtime-root'
[move_group-7] [WARN] [1747314393.726357486] [moveit_robot_model.robot_model]: Link left_summit_base_logo_front has visual geometry but no collision geometry. Collision geometry will be left empty. Fix your URDF file by explicitly specifying collision geometry.
[move_group-7] [WARN] [1747314393.726410347] [moveit_robot_model.robot_model]: Link left_summit_base_logo_left has visual geometry but no collision geometry. Collision geometry will be left empty. Fix your URDF file by explicitly specifying collision geometry.
[move_group-7] [WARN] [1747314393.726428918] [moveit_robot_model.robot_model]: Link left_summit_base_logo_rear has visual geometry but no collision geometry. Collision geometry will be left empty. Fix your URDF file by explicitly specifying collision geometry.
[move_group-7] [WARN] [1747314393.726446767] [moveit_robot_model.robot_model]: Link left_summit_base_logo_right has visual geometry but no collision geometry. Collision geometry will be left empty. Fix your URDF file by explicitly specifying collision geometry.
[move_group-7] [WARN] [1747314393.726463464] [moveit_robot_model.robot_model]: Link left_summit_base_chapa has visual geometry but no collision geometry. Collision geometry will be left empty. Fix your URDF file by explicitly specifying collision geometry.
[move_group-7] [WARN] [1747314393.742980503] [moveit_robot_model.robot_model]: Link left_summit_imu_link has visual geometry but no collision geometry. Collision geometry will be left empty. Fix your URDF file by explicitly specifying collision geometry.
[static_transform_publisher-22] [INFO] [1747314393.846905257] [static_transform_publisher_front_right]: Spinning until stopped - publishing transform
[static_transform_publisher-22] translation: ('-0.250000', '-0.150000', '0.000000')
[static_transform_publisher-22] rotation: ('0.000000', '0.000000', '0.000000', '1.000000')
[static_transform_publisher-22] from 'right_summit_base_link' to 'right_summit_front_right_wheel_link'
[move_group-17] [INFO] [1747314394.110663670] [moveit_rdf_loader.rdf_loader]: Loaded robot model in 0.0361284 seconds
[move_group-17] [INFO] [1747314394.111193807] [moveit_robot_model.robot_model]: Loading robot model 'dual'...
[move_group-17] [WARN] [1747314394.111316601] [moveit_robot_model.robot_model]: Link right_summit_base_footprint has visual geometry but no collision geometry. Collision geometry will be left empty. Fix your URDF file by explicitly specifying collision geometry.
[move_group-17] [WARN] [1747314394.143004124] [moveit_robot_model.robot_model]: Link right_summit_base_logo_front has visual geometry but no collision geometry. Collision geometry will be left empty. Fix your URDF file by explicitly specifying collision geometry.
[move_group-17] [WARN] [1747314394.143050945] [moveit_robot_model.robot_model]: Link right_summit_base_logo_left has visual geometry but no collision geometry. Collision geometry will be left empty. Fix your URDF file by explicitly specifying collision geometry.
[move_group-17] [WARN] [1747314394.143067172] [moveit_robot_model.robot_model]: Link right_summit_base_logo_rear has visual geometry but no collision geometry. Collision geometry will be left empty. Fix your URDF file by explicitly specifying collision geometry.
[move_group-17] [WARN] [1747314394.143082467] [moveit_robot_model.robot_model]: Link right_summit_base_logo_right has visual geometry but no collision geometry. Collision geometry will be left empty. Fix your URDF file by explicitly specifying collision geometry.
[move_group-17] [WARN] [1747314394.143097046] [moveit_robot_model.robot_model]: Link right_summit_base_chapa has visual geometry but no collision geometry. Collision geometry will be left empty. Fix your URDF file by explicitly specifying collision geometry.
[move_group-17] [WARN] [1747314394.157440918] [moveit_robot_model.robot_model]: Link right_summit_imu_link has visual geometry but no collision geometry. Collision geometry will be left empty. Fix your URDF file by explicitly specifying collision geometry.
[spawn_entity.py-4] [INFO] [1747314394.864949010] [left]: Spawn Entity started
[spawn_entity.py-4] [INFO] [1747314394.866176183] [left]: Loading entity published on topic /left/robot_description
[spawn_entity.py-4] /opt/ros/humble/local/lib/python3.10/dist-packages/rclpy/qos.py:307: UserWarning: DurabilityPolicy.RMW_QOS_POLICY_DURABILITY_TRANSIENT_LOCAL is deprecated. Use DurabilityPolicy.TRANSIENT_LOCAL instead.
[spawn_entity.py-4]   warnings.warn(
[spawn_entity.py-4] [INFO] [1747314394.890606966] [left]: Waiting for entity xml on /left/robot_description
[spawner-15] [INFO] [1747314394.896704863] [right.spawner_joint_state_broadcaster]: waiting for service /right/controller_manager/list_controllers to become available...
[spawn_entity.py-4] [INFO] [1747314394.906606862] [left]: Waiting for service /spawn_entity, timeout = 5
[spawn_entity.py-4] [INFO] [1747314394.909553420] [left]: Waiting for service /spawn_entity
[spawner-6] [INFO] [1747314394.919800115] [left.spawner_ur_left_joint_group_vel_controller]: waiting for service /left/controller_manager/list_controllers to become available...
[spawn_entity.py-14] [INFO] [1747314395.014710192] [right]: Spawn Entity started
[spawner-16] [INFO] [1747314395.015090224] [right.spawner_ur_right_joint_group_vel_controller]: waiting for service /right/controller_manager/list_controllers to become available...
[spawn_entity.py-14] [INFO] [1747314395.015436302] [right]: Loading entity published on topic /right/robot_description
[spawn_entity.py-14] /opt/ros/humble/local/lib/python3.10/dist-packages/rclpy/qos.py:307: UserWarning: DurabilityPolicy.RMW_QOS_POLICY_DURABILITY_TRANSIENT_LOCAL is deprecated. Use DurabilityPolicy.TRANSIENT_LOCAL instead.
[spawn_entity.py-14]   warnings.warn(
[spawn_entity.py-14] [INFO] [1747314395.022480744] [right]: Waiting for entity xml on /right/robot_description
[spawn_entity.py-14] [INFO] [1747314395.035685497] [right]: Waiting for service /spawn_entity, timeout = 5
[spawn_entity.py-14] [INFO] [1747314395.036694755] [right]: Waiting for service /spawn_entity
[spawner-5] [INFO] [1747314395.095380568] [left.spawner_joint_state_broadcaster]: waiting for service /left/controller_manager/list_controllers to become available...
[rviz2-23] [INFO] [1747314395.309125226] [rviz2]: Stereo is NOT SUPPORTED
[rviz2-23] [INFO] [1747314395.309353930] [rviz2]: OpenGl version: 4.6 (GLSL 4.6)
[move_group-7] [INFO] [1747314395.310774787] [moveit_ros.planning_scene_monitor.planning_scene_monitor]: Publishing maintained planning scene on 'monitored_planning_scene'
[move_group-7] [INFO] [1747314395.311024023] [moveit.ros_planning_interface.moveit_cpp]: Listening to 'joint_states' for joint states
[move_group-7] [INFO] [1747314395.315867696] [moveit_ros.current_state_monitor]: Listening to joint states on topic 'joint_states'
[move_group-7] [INFO] [1747314395.317583388] [moveit_ros.planning_scene_monitor.planning_scene_monitor]: Listening to '/left/attached_collision_object' for attached collision objects
[move_group-7] [INFO] [1747314395.317627982] [moveit_ros.planning_scene_monitor.planning_scene_monitor]: Starting planning scene monitor
[move_group-7] [INFO] [1747314395.318995098] [moveit_ros.planning_scene_monitor.planning_scene_monitor]: Listening to '/left/planning_scene'
[move_group-7] [INFO] [1747314395.319030912] [moveit_ros.planning_scene_monitor.planning_scene_monitor]: Starting world geometry update monitor for collision objects, attached objects, octomap updates.
[move_group-7] [INFO] [1747314395.320447177] [moveit_ros.planning_scene_monitor.planning_scene_monitor]: Listening to 'collision_object'
[move_group-7] [INFO] [1747314395.321802720] [moveit_ros.planning_scene_monitor.planning_scene_monitor]: Listening to 'planning_scene_world' for planning scene world geometry
[move_group-7] [WARN] [1747314395.324433357] [moveit.ros.occupancy_map_monitor.middleware_handle]: Resolution not specified for Octomap. Assuming resolution = 0.1 instead
[move_group-7] [WARN] [1747314395.326252593] [moveit_ros.current_state_monitor]: Unable to update multi-DOF joint 'Vjoint_left':Failure to lookup transform between 'left_summit_odom'and 'left_summit_base_footprint' with TF exception: Could not find a connection between 'left_summit_odom' and 'left_summit_base_footprint' because they are not part of the same tree.Tf has two or more unconnected trees.
[rviz2-23] [INFO] [1747314395.373193814] [rviz2]: Stereo is NOT SUPPORTED
[move_group-17] [INFO] [1747314395.426407309] [moveit_ros.planning_scene_monitor.planning_scene_monitor]: Publishing maintained planning scene on 'monitored_planning_scene'
[move_group-17] [INFO] [1747314395.426648615] [moveit.ros_planning_interface.moveit_cpp]: Listening to 'joint_states' for joint states
[move_group-17] [INFO] [1747314395.431771421] [moveit_ros.current_state_monitor]: Listening to joint states on topic 'joint_states'
[move_group-17] [INFO] [1747314395.433416916] [moveit_ros.planning_scene_monitor.planning_scene_monitor]: Listening to '/right/attached_collision_object' for attached collision objects
[move_group-17] [INFO] [1747314395.433453126] [moveit_ros.planning_scene_monitor.planning_scene_monitor]: Starting planning scene monitor
[move_group-17] [INFO] [1747314395.435406850] [moveit_ros.planning_scene_monitor.planning_scene_monitor]: Listening to '/right/planning_scene'
[move_group-17] [INFO] [1747314395.435440779] [moveit_ros.planning_scene_monitor.planning_scene_monitor]: Starting world geometry update monitor for collision objects, attached objects, octomap updates.
[move_group-17] [INFO] [1747314395.437111733] [moveit_ros.planning_scene_monitor.planning_scene_monitor]: Listening to 'collision_object'
[move_group-17] [INFO] [1747314395.438736943] [moveit_ros.planning_scene_monitor.planning_scene_monitor]: Listening to 'planning_scene_world' for planning scene world geometry
[move_group-17] [WARN] [1747314395.441116316] [moveit.ros.occupancy_map_monitor.middleware_handle]: Resolution not specified for Octomap. Assuming resolution = 0.1 instead
[move_group-17] [WARN] [1747314395.442903421] [moveit_ros.current_state_monitor]: Unable to update multi-DOF joint 'Vjoint_right':Failure to lookup transform between 'right_summit_odom'and 'right_summit_base_footprint' with TF exception: Could not find a connection between 'right_summit_odom' and 'right_summit_base_footprint' because they are not part of the same tree.Tf has two or more unconnected trees.
[rviz2-23] [WARN] [1747314396.611224629] [rcl.logging_rosout]: Publisher already registered for provided node name. If this is due to multiple nodes with the same name then all logs for that logger name will go out over the existing publisher. As soon as any node with that name is destructed it will unregister the publisher, preventing any further logs for that name from being published on the rosout topic.
[move_group-17] [INFO] [1747314397.244397404] [moveit.ros_planning_interface.moveit_cpp]: Loading planning pipeline 'ompl'
[move_group-7] [INFO] [1747314397.280355735] [moveit.ros_planning_interface.moveit_cpp]: Loading planning pipeline 'ompl'
[move_group-17] [INFO] [1747314397.284101245] [moveit.ros_planning.planning_pipeline]: Using planning interface 'OMPL'
[move_group-17] [INFO] [1747314397.294571530] [moveit_ros.add_time_optimal_parameterization]: Param 'ompl.path_tolerance' was not set. Using default value: 0.100000
[move_group-17] [INFO] [1747314397.294677415] [moveit_ros.add_time_optimal_parameterization]: Param 'ompl.resample_dt' was not set. Using default value: 0.100000
[move_group-17] [INFO] [1747314397.294700971] [moveit_ros.add_time_optimal_parameterization]: Param 'ompl.min_angle_change' was not set. Using default value: 0.001000
[move_group-17] [INFO] [1747314397.294779116] [moveit_ros.fix_workspace_bounds]: Param 'ompl.default_workspace_bounds' was not set. Using default value: 10.000000
[move_group-17] [INFO] [1747314397.294830056] [moveit_ros.fix_start_state_bounds]: Param 'ompl.start_state_max_bounds_error' was set to 0.100000
[move_group-17] [INFO] [1747314397.294850293] [moveit_ros.fix_start_state_bounds]: Param 'ompl.start_state_max_dt' was not set. Using default value: 0.500000
[move_group-17] [INFO] [1747314397.294890821] [moveit_ros.fix_start_state_collision]: Param 'ompl.start_state_max_dt' was not set. Using default value: 0.500000
[move_group-17] [INFO] [1747314397.294915780] [moveit_ros.fix_start_state_collision]: Param 'ompl.jiggle_fraction' was set to 0.050000
[move_group-17] [INFO] [1747314397.294960564] [moveit_ros.fix_start_state_collision]: Param 'ompl.max_sampling_attempts' was not set. Using default value: 100
[move_group-17] [INFO] [1747314397.294995512] [moveit.ros_planning.planning_pipeline]: Using planning request adapter 'Add Time Optimal Parameterization'
[move_group-17] [INFO] [1747314397.295015979] [moveit.ros_planning.planning_pipeline]: Using planning request adapter 'Resolve constraint frames to robot links'
[move_group-17] [INFO] [1747314397.295026703] [moveit.ros_planning.planning_pipeline]: Using planning request adapter 'Fix Workspace Bounds'
[move_group-17] [INFO] [1747314397.295032591] [moveit.ros_planning.planning_pipeline]: Using planning request adapter 'Fix Start State Bounds'
[move_group-17] [INFO] [1747314397.295038306] [moveit.ros_planning.planning_pipeline]: Using planning request adapter 'Fix Start State In Collision'
[move_group-17] [INFO] [1747314397.295044914] [moveit.ros_planning.planning_pipeline]: Using planning request adapter 'Fix Start State Path Constraints'
[move_group-17] [INFO] [1747314397.300574289] [moveit.ros_planning_interface.moveit_cpp]: Loading planning pipeline 'chomp'
[move_group-17] [INFO] [1747314397.312945876] [moveit.ros_planning.planning_pipeline]: Using planning interface 'CHOMP'
[move_group-17] [INFO] [1747314397.318798058] [moveit_ros.add_time_optimal_parameterization]: Param 'chomp.path_tolerance' was not set. Using default value: 0.100000
[move_group-17] [INFO] [1747314397.318826173] [moveit_ros.add_time_optimal_parameterization]: Param 'chomp.resample_dt' was not set. Using default value: 0.100000
[move_group-17] [INFO] [1747314397.318834947] [moveit_ros.add_time_optimal_parameterization]: Param 'chomp.min_angle_change' was not set. Using default value: 0.001000
[move_group-17] [INFO] [1747314397.318869600] [moveit_ros.fix_workspace_bounds]: Param 'chomp.default_workspace_bounds' was not set. Using default value: 10.000000
[move_group-17] [INFO] [1747314397.318896409] [moveit_ros.fix_start_state_bounds]: Param 'chomp.start_state_max_bounds_error' was set to 0.100000
[move_group-17] [INFO] [1747314397.318905635] [moveit_ros.fix_start_state_bounds]: Param 'chomp.start_state_max_dt' was not set. Using default value: 0.500000
[move_group-17] [INFO] [1747314397.318925530] [moveit_ros.fix_start_state_collision]: Param 'chomp.start_state_max_dt' was not set. Using default value: 0.500000
[move_group-17] [INFO] [1747314397.318935326] [moveit_ros.fix_start_state_collision]: Param 'chomp.jiggle_fraction' was set to 0.050000
[move_group-17] [INFO] [1747314397.318943896] [moveit_ros.fix_start_state_collision]: Param 'chomp.max_sampling_attempts' was not set. Using default value: 100
[move_group-17] [INFO] [1747314397.318961692] [moveit.ros_planning.planning_pipeline]: Using planning request adapter 'Add Time Optimal Parameterization'
[move_group-17] [INFO] [1747314397.318969829] [moveit.ros_planning.planning_pipeline]: Using planning request adapter 'Resolve constraint frames to robot links'
[move_group-17] [INFO] [1747314397.318975317] [moveit.ros_planning.planning_pipeline]: Using planning request adapter 'Fix Workspace Bounds'
[move_group-17] [INFO] [1747314397.318980852] [moveit.ros_planning.planning_pipeline]: Using planning request adapter 'Fix Start State Bounds'
[move_group-17] [INFO] [1747314397.318986117] [moveit.ros_planning.planning_pipeline]: Using planning request adapter 'Fix Start State In Collision'
[move_group-17] [INFO] [1747314397.318991534] [moveit.ros_planning.planning_pipeline]: Using planning request adapter 'Fix Start State Path Constraints'
[move_group-17] [INFO] [1747314397.321081180] [moveit.ros_planning_interface.moveit_cpp]: Loading planning pipeline 'pilz_industrial_motion_planner'
[move_group-7] [INFO] [1747314397.327995560] [moveit.ros_planning.planning_pipeline]: Using planning interface 'OMPL'
[move_group-17] [INFO] [1747314397.331126687] [moveit.pilz_industrial_motion_planner.joint_limits_aggregator]: Reading limits from namespace robot_description_planning
[move_group-17] [WARN] [1747314397.338541849] [moveit.pilz_industrial_motion_planner.joint_limits_aggregator]: Multi-DOF-Joint 'Vjoint_right' not supported.
[move_group-17] [WARN] [1747314397.338602682] [moveit.pilz_industrial_motion_planner.joint_limits_aggregator]: Multi-DOF-Joint 'Vjoint_right' not supported.
[move_group-7] [INFO] [1747314397.347011976] [moveit_ros.add_time_optimal_parameterization]: Param 'ompl.path_tolerance' was not set. Using default value: 0.100000
[move_group-7] [INFO] [1747314397.347069654] [moveit_ros.add_time_optimal_parameterization]: Param 'ompl.resample_dt' was not set. Using default value: 0.100000
[move_group-7] [INFO] [1747314397.347219595] [moveit_ros.add_time_optimal_parameterization]: Param 'ompl.min_angle_change' was not set. Using default value: 0.001000
[move_group-7] [INFO] [1747314397.347295782] [moveit_ros.fix_workspace_bounds]: Param 'ompl.default_workspace_bounds' was not set. Using default value: 10.000000
[move_group-7] [INFO] [1747314397.347338472] [moveit_ros.fix_start_state_bounds]: Param 'ompl.start_state_max_bounds_error' was set to 0.100000
[move_group-7] [INFO] [1747314397.347435584] [moveit_ros.fix_start_state_bounds]: Param 'ompl.start_state_max_dt' was not set. Using default value: 0.500000
[move_group-7] [INFO] [1747314397.347473059] [moveit_ros.fix_start_state_collision]: Param 'ompl.start_state_max_dt' was not set. Using default value: 0.500000
[move_group-7] [INFO] [1747314397.347490435] [moveit_ros.fix_start_state_collision]: Param 'ompl.jiggle_fraction' was set to 0.050000
[move_group-7] [INFO] [1747314397.347522049] [moveit_ros.fix_start_state_collision]: Param 'ompl.max_sampling_attempts' was not set. Using default value: 100
[move_group-7] [INFO] [1747314397.347555430] [moveit.ros_planning.planning_pipeline]: Using planning request adapter 'Add Time Optimal Parameterization'
[move_group-7] [INFO] [1747314397.347646200] [moveit.ros_planning.planning_pipeline]: Using planning request adapter 'Resolve constraint frames to robot links'
[move_group-7] [INFO] [1747314397.347658044] [moveit.ros_planning.planning_pipeline]: Using planning request adapter 'Fix Workspace Bounds'
[move_group-7] [INFO] [1747314397.347667535] [moveit.ros_planning.planning_pipeline]: Using planning request adapter 'Fix Start State Bounds'
[move_group-7] [INFO] [1747314397.347676068] [moveit.ros_planning.planning_pipeline]: Using planning request adapter 'Fix Start State In Collision'
[move_group-7] [INFO] [1747314397.347684991] [moveit.ros_planning.planning_pipeline]: Using planning request adapter 'Fix Start State Path Constraints'
[move_group-7] [INFO] [1747314397.359416526] [moveit.ros_planning_interface.moveit_cpp]: Loading planning pipeline 'chomp'
[move_group-17] [INFO] [1747314397.377799589] [moveit.pilz_industrial_motion_planner]: Available plugins: pilz_industrial_motion_planner/PlanningContextLoaderCIRC pilz_industrial_motion_planner/PlanningContextLoaderLIN pilz_industrial_motion_planner/PlanningContextLoaderPTP 
[move_group-17] [INFO] [1747314397.377832107] [moveit.pilz_industrial_motion_planner]: About to load: pilz_industrial_motion_planner/PlanningContextLoaderCIRC
[move_group-17] [INFO] [1747314397.380934687] [moveit.pilz_industrial_motion_planner]: Registered Algorithm [CIRC]
[move_group-17] [INFO] [1747314397.380959827] [moveit.pilz_industrial_motion_planner]: About to load: pilz_industrial_motion_planner/PlanningContextLoaderLIN
[move_group-7] [INFO] [1747314397.381706957] [moveit.ros_planning.planning_pipeline]: Using planning interface 'CHOMP'
[move_group-17] [INFO] [1747314397.382548323] [moveit.pilz_industrial_motion_planner]: Registered Algorithm [LIN]
[move_group-17] [INFO] [1747314397.382572739] [moveit.pilz_industrial_motion_planner]: About to load: pilz_industrial_motion_planner/PlanningContextLoaderPTP
[move_group-17] [INFO] [1747314397.383962633] [moveit.pilz_industrial_motion_planner]: Registered Algorithm [PTP]
[move_group-17] [INFO] [1747314397.384005450] [moveit.ros_planning.planning_pipeline]: Using planning interface 'Pilz Industrial Motion Planner'
[move_group-7] [INFO] [1747314397.396241805] [moveit_ros.add_time_optimal_parameterization]: Param 'chomp.path_tolerance' was not set. Using default value: 0.100000
[move_group-7] [INFO] [1747314397.396381139] [moveit_ros.add_time_optimal_parameterization]: Param 'chomp.resample_dt' was not set. Using default value: 0.100000
[move_group-7] [INFO] [1747314397.396404692] [moveit_ros.add_time_optimal_parameterization]: Param 'chomp.min_angle_change' was not set. Using default value: 0.001000
[move_group-7] [INFO] [1747314397.396480859] [moveit_ros.fix_workspace_bounds]: Param 'chomp.default_workspace_bounds' was not set. Using default value: 10.000000
[move_group-7] [INFO] [1747314397.396532616] [moveit_ros.fix_start_state_bounds]: Param 'chomp.start_state_max_bounds_error' was set to 0.100000
[move_group-7] [INFO] [1747314397.396821977] [moveit_ros.fix_start_state_bounds]: Param 'chomp.start_state_max_dt' was not set. Using default value: 0.500000
[move_group-7] [INFO] [1747314397.397045758] [moveit_ros.fix_start_state_collision]: Param 'chomp.start_state_max_dt' was not set. Using default value: 0.500000
[move_group-7] [INFO] [1747314397.397072634] [moveit_ros.fix_start_state_collision]: Param 'chomp.jiggle_fraction' was set to 0.050000
[move_group-7] [INFO] [1747314397.397089581] [moveit_ros.fix_start_state_collision]: Param 'chomp.max_sampling_attempts' was not set. Using default value: 100
[move_group-7] [INFO] [1747314397.397497171] [moveit.ros_planning.planning_pipeline]: Using planning request adapter 'Add Time Optimal Parameterization'
[move_group-7] [INFO] [1747314397.397520387] [moveit.ros_planning.planning_pipeline]: Using planning request adapter 'Resolve constraint frames to robot links'
[move_group-7] [INFO] [1747314397.397532752] [moveit.ros_planning.planning_pipeline]: Using planning request adapter 'Fix Workspace Bounds'
[move_group-7] [INFO] [1747314397.397544439] [moveit.ros_planning.planning_pipeline]: Using planning request adapter 'Fix Start State Bounds'
[move_group-7] [INFO] [1747314397.397555963] [moveit.ros_planning.planning_pipeline]: Using planning request adapter 'Fix Start State In Collision'
[move_group-7] [INFO] [1747314397.397567658] [moveit.ros_planning.planning_pipeline]: Using planning request adapter 'Fix Start State Path Constraints'
[move_group-7] [INFO] [1747314397.403958516] [moveit.ros_planning_interface.moveit_cpp]: Loading planning pipeline 'pilz_industrial_motion_planner'
[move_group-7] [INFO] [1747314397.418370797] [moveit.pilz_industrial_motion_planner.joint_limits_aggregator]: Reading limits from namespace robot_description_planning
[move_group-7] [WARN] [1747314397.421346826] [moveit.pilz_industrial_motion_planner.joint_limits_aggregator]: Multi-DOF-Joint 'Vjoint_left' not supported.
[move_group-7] [WARN] [1747314397.421406272] [moveit.pilz_industrial_motion_planner.joint_limits_aggregator]: Multi-DOF-Joint 'Vjoint_left' not supported.
[move_group-7] [INFO] [1747314397.467663161] [moveit.pilz_industrial_motion_planner]: Available plugins: pilz_industrial_motion_planner/PlanningContextLoaderCIRC pilz_industrial_motion_planner/PlanningContextLoaderLIN pilz_industrial_motion_planner/PlanningContextLoaderPTP 
[move_group-7] [INFO] [1747314397.467716161] [moveit.pilz_industrial_motion_planner]: About to load: pilz_industrial_motion_planner/PlanningContextLoaderCIRC
[move_group-7] [INFO] [1747314397.476510450] [moveit.pilz_industrial_motion_planner]: Registered Algorithm [CIRC]
[move_group-7] [INFO] [1747314397.476558166] [moveit.pilz_industrial_motion_planner]: About to load: pilz_industrial_motion_planner/PlanningContextLoaderLIN
[move_group-7] [INFO] [1747314397.481619727] [moveit.pilz_industrial_motion_planner]: Registered Algorithm [LIN]
[move_group-7] [INFO] [1747314397.481803205] [moveit.pilz_industrial_motion_planner]: About to load: pilz_industrial_motion_planner/PlanningContextLoaderPTP
[move_group-7] [INFO] [1747314397.487898271] [moveit.pilz_industrial_motion_planner]: Registered Algorithm [PTP]
[move_group-7] [INFO] [1747314397.488011929] [moveit.ros_planning.planning_pipeline]: Using planning interface 'Pilz Industrial Motion Planner'
[move_group-17] [ERROR] [1747314397.736798529] [moveit.plugins.moveit_simple_controller_manager]: No controller_names specified.
[move_group-17] [INFO] [1747314397.737727574] [moveit.plugins.moveit_simple_controller_manager]: Returned 0 controllers in list
[move_group-17] [INFO] [1747314397.737772902] [moveit.plugins.moveit_simple_controller_manager]: Returned 0 controllers in list
[move_group-17] [INFO] [1747314397.745429288] [moveit_ros.trajectory_execution_manager]: Trajectory execution is managing controllers
[move_group-17] [INFO] [1747314397.745489406] [move_group.move_group]: MoveGroup debug mode is ON
[move_group-7] [ERROR] [1747314397.770178042] [moveit.plugins.moveit_simple_controller_manager]: No controller_names specified.
[move_group-7] [INFO] [1747314397.770407224] [moveit.plugins.moveit_simple_controller_manager]: Returned 0 controllers in list
[move_group-7] [INFO] [1747314397.770433730] [moveit.plugins.moveit_simple_controller_manager]: Returned 0 controllers in list
[move_group-7] [INFO] [1747314397.772704606] [moveit_ros.trajectory_execution_manager]: Trajectory execution is managing controllers
[move_group-7] [INFO] [1747314397.772739995] [move_group.move_group]: MoveGroup debug mode is ON
[move_group-7] [INFO] [1747314397.875498257] [move_group.move_group]: 
[move_group-7] 
[move_group-7] ********************************************************
[move_group-7] * MoveGroup using: 
[move_group-7] *     - ApplyPlanningSceneService
[move_group-7] *     - ClearOctomapService
[move_group-7] *     - ExecuteTaskSolution
[move_group-7] *     - CartesianPathService
[move_group-7] *     - ExecuteTrajectoryAction
[move_group-7] *     - GetPlanningSceneService
[move_group-7] *     - KinematicsService
[move_group-7] *     - MoveAction
[move_group-7] *     - MotionPlanService
[move_group-7] *     - QueryPlannersService
[move_group-7] *     - StateValidationService
[move_group-7] ********************************************************
[move_group-7] 
[move_group-7] [INFO] [1747314397.875590685] [moveit_move_group_capabilities_base.move_group_context]: MoveGroup context using planning plugin ompl_interface/OMPLPlanner
[move_group-7] [INFO] [1747314397.875610037] [moveit_move_group_capabilities_base.move_group_context]: MoveGroup context initialization complete
[move_group-7] [96mLoading 'move_group/ApplyPlanningSceneService'...
[move_group-7] [0m[96mLoading 'move_group/ClearOctomapService'...
[move_group-7] [0m[96mLoading 'move_group/ExecuteTaskSolutionCapability'...
[move_group-7] [0m[96mLoading 'move_group/MoveGroupCartesianPathService'...
[move_group-7] [0m[96mLoading 'move_group/MoveGroupExecuteTrajectoryAction'...
[move_group-7] [0m[96mLoading 'move_group/MoveGroupGetPlanningSceneService'...
[move_group-7] [0m[96mLoading 'move_group/MoveGroupKinematicsService'...
[move_group-7] [0m[96mLoading 'move_group/MoveGroupMoveAction'...
[move_group-7] [0m[96mLoading 'move_group/MoveGroupPlanService'...
[move_group-7] [0m[96mLoading 'move_group/MoveGroupQueryPlannersService'...
[move_group-7] [0m[96mLoading 'move_group/MoveGroupStateValidationService'...
[move_group-7] [0m[92m
[move_group-7] You can start planning now!
[move_group-7] 
[move_group-17] [INFO] [1747314397.884773644] [move_group.move_group]: 
[move_group-17] 
[move_group-17] ********************************************************
[move_group-17] * MoveGroup using: 
[move_group-17] *     - ApplyPlanningSceneService
[move_group-17] *     - ClearOctomapService
[move_group-17] *     - ExecuteTaskSolution
[move_group-17] *     - CartesianPathService
[move_group-17] *     - ExecuteTrajectoryAction
[move_group-17] *     - GetPlanningSceneService
[move_group-17] *     - KinematicsService
[move_group-17] *     - MoveAction
[move_group-17] *     - MotionPlanService
[move_group-17] *     - QueryPlannersService
[move_group-17] *     - StateValidationService
[move_group-17] ********************************************************
[move_group-17] 
[move_group-17] [INFO] [1747314397.884865250] [moveit_move_group_capabilities_base.move_group_context]: MoveGroup context using planning plugin ompl_interface/OMPLPlanner
[move_group-17] [INFO] [1747314397.884900796] [moveit_move_group_capabilities_base.move_group_context]: MoveGroup context initialization complete
[move_group-17] [96mLoading 'move_group/ApplyPlanningSceneService'...
[move_group-17] [0m[96mLoading 'move_group/ClearOctomapService'...
[move_group-17] [0m[96mLoading 'move_group/ExecuteTaskSolutionCapability'...
[move_group-17] [0m[96mLoading 'move_group/MoveGroupCartesianPathService'...
[move_group-17] [0m[96mLoading 'move_group/MoveGroupExecuteTrajectoryAction'...
[move_group-17] [0m[96mLoading 'move_group/MoveGroupGetPlanningSceneService'...
[move_group-17] [0m[96mLoading 'move_group/MoveGroupKinematicsService'...
[move_group-17] [0m[96mLoading 'move_group/MoveGroupMoveAction'...
[move_group-17] [0m[96mLoading 'move_group/MoveGroupPlanService'...
[move_group-17] [0m[96mLoading 'move_group/MoveGroupQueryPlannersService'...
[move_group-17] [0m[96mLoading 'move_group/MoveGroupStateValidationService'...
[move_group-17] [0m[92m
[move_group-17] You can start planning now!
[move_group-17] 
[gzserver-1] [WARN] [1747314398.349047157] [rcl]: Found remap rule 'model_states:=model_states'. This syntax is deprecated. Use '--ros-args --remap model_states:=model_states' instead.
[gzserver-1] [WARN] [1747314398.349388260] [rcl]: Found remap rule 'link_states:=link_states'. This syntax is deprecated. Use '--ros-args --remap link_states:=link_states' instead.
[gzserver-1] [INFO] [1747314398.383640861] [state.gazebo_ros_state]: Publishing states of gazebo models at [/state/model_states]
[gzserver-1] [INFO] [1747314398.386134011] [state.gazebo_ros_state]: Publishing states of gazebo links at [/state/link_states]
[spawn_entity.py-4] [INFO] [1747314398.438692215] [left]: Calling service /spawn_entity
[spawn_entity.py-14] [INFO] [1747314398.561144204] [right]: Calling service /spawn_entity
[gzserver-1] [INFO] [1747314399.454281679] [left_summit_imu_imu_plugin]: <initial_orientation_as_reference> is unset, using default value of false to comply with REP 145 (world as orientation reference)
[spawn_entity.py-4] [INFO] [1747314399.794985418] [left]: Spawn status: SpawnEntity: Successfully spawned entity [left_robot]
[spawn_entity.py-4] [INFO] [1747314399.808487696] [left]: Calling service /unpause_physics
[INFO] [spawn_entity.py-4]: process has finished cleanly [pid 33396]
[gzserver-1] [INFO] [1747314400.103364719] [left_summit.omni_steering]: Subscribed to [/left_summit/cmd_vel]
[gzserver-1] [INFO] [1747314400.110275646] [left_summit.omni_steering]: Advertise odometry on [/left_summit/odom]
[gzserver-1] [INFO] [1747314400.120139122] [left_summit.omni_steering]: Publishing odom transforms between [left_summit_odom] and [left_summit_base_footprint]
[gzserver-1] [INFO] [1747314400.169132687] [gazebo_ros2_control]: Loading gazebo_ros2_control plugin
[gzserver-1] [INFO] [1747314400.195638747] [left.left_gazebo_ros2_control]: Starting gazebo_ros2_control plugin in namespace: /left
[gzserver-1] [INFO] [1747314400.195744255] [left.left_gazebo_ros2_control]: Starting gazebo_ros2_control plugin in ros 2 node: left_gazebo_ros2_control
[gzserver-1] [INFO] [1747314400.218586360] [left.left_gazebo_ros2_control]: connected to service!! robot_state_publisher
[gzserver-1] [INFO] [1747314400.224628114] [left.left_gazebo_ros2_control]: Received urdf from param server, parsing...
[gzserver-1] [INFO] [1747314400.225950229] [left.left_gazebo_ros2_control]: Loading parameter files /ros2_ws/install/ur/share/ur/config/left_controller.yaml
[gzserver-1] [ERROR] [1747314400.227583064] [left.left_gazebo_ros2_control]: parser error Couldn't parse params file: '--params-file /ros2_ws/install/ur/share/ur/config/left_controller.yaml'. Error: Cannot have a value before ros__parameters at line 5, at ./src/parse.c:793, at ./src/rcl/arguments.c:406
[gzserver-1] 
[move_group-7] [WARN] [1747314400.283607771] [moveit_ros.planning_scene_monitor.planning_scene_monitor]: The complete state of the robot is not yet known.  Missing left_summit_back_left_wheel_joint, left_summit_back_right_wheel_joint, left_summit_front_left_wheel_joint, left_summit_front_right_wheel_joint, ur_left_shoulder_pan_joint, ur_left_shoulder_lift_joint, ur_left_elbow_joint, ur_left_wrist_1_joint, ur_left_wrist_2_joint, ur_left_wrist_3_joint
[gzserver-1] terminate called after throwing an instance of 'rclcpp::exceptions::RCLInvalidArgument'
[gzserver-1]   what():  arguments->impl argument is null, at ./src/rcl/arguments.c:122
[ERROR] [gzserver-1]: process has died [pid 33390, exit code -6, cmd 'gzserver /ros2_ws/install/ur/share/ur/xacro/gazebo.world --physics False -slibgazebo_ros_init.so -slibgazebo_ros_factory.so -slibgazebo_ros_force_system.so'].
[spawner-15] [WARN] [1747314404.915450700] [right.spawner_joint_state_broadcaster]: Could not contact service /right/controller_manager/list_controllers
[spawner-15] [INFO] [1747314404.917235131] [right.spawner_joint_state_broadcaster]: waiting for service /right/controller_manager/list_controllers to become available...
[spawner-6] [WARN] [1747314404.935779531] [left.spawner_ur_left_joint_group_vel_controller]: Could not contact service /left/controller_manager/list_controllers
[spawner-6] [INFO] [1747314404.936512084] [left.spawner_ur_left_joint_group_vel_controller]: waiting for service /left/controller_manager/list_controllers to become available...
[spawner-16] [WARN] [1747314405.032175457] [right.spawner_ur_right_joint_group_vel_controller]: Could not contact service /right/controller_manager/list_controllers
[spawner-16] [INFO] [1747314405.033445362] [right.spawner_ur_right_joint_group_vel_controller]: waiting for service /right/controller_manager/list_controllers to become available...
[spawner-5] [WARN] [1747314405.112597663] [left.spawner_joint_state_broadcaster]: Could not contact service /left/controller_manager/list_controllers
[spawner-5] [INFO] [1747314405.113283209] [left.spawner_joint_state_broadcaster]: waiting for service /left/controller_manager/list_controllers to become available...
[rviz2-23] [ERROR] [1747314406.673431472] [rviz2]: Could not find parameter robot_description and did not receive robot_description via std_msgs::msg::String subscription within 10.000000 seconds.
[INFO] [gzclient-2]: process has finished cleanly [pid 33392]
[WARNING] [launch]: user interrupted with ctrl-c (SIGINT)
[static_transform_publisher-21] [INFO] [1747314410.151463355] [rclcpp]: signal_handler(signum=2)
[rviz2-23] [INFO] [1747314410.151456247] [rclcpp]: signal_handler(signum=2)
[static_transform_publisher-20] [INFO] [1747314410.151470554] [rclcpp]: signal_handler(signum=2)
[static_transform_publisher-18] [INFO] [1747314410.151476213] [rclcpp]: signal_handler(signum=2)
[static_transform_publisher-22] [INFO] [1747314410.151493512] [rclcpp]: signal_handler(signum=2)
[static_transform_publisher-19] [INFO] [1747314410.151493517] [rclcpp]: signal_handler(signum=2)
[move_group-17] [INFO] [1747314410.151557024] [rclcpp]: signal_handler(signum=2)
[robot_state_publisher-13] [INFO] [1747314410.151560979] [rclcpp]: signal_handler(signum=2)
[static_transform_publisher-12] [INFO] [1747314410.151626350] [rclcpp]: signal_handler(signum=2)
[static_transform_publisher-11] [INFO] [1747314410.151640547] [rclcpp]: signal_handler(signum=2)
[static_transform_publisher-9] [INFO] [1747314410.151714913] [rclcpp]: signal_handler(signum=2)
[static_transform_publisher-10] [INFO] [1747314410.151715024] [rclcpp]: signal_handler(signum=2)
[static_transform_publisher-8] [INFO] [1747314410.151796070] [rclcpp]: signal_handler(signum=2)
[robot_state_publisher-3] [INFO] [1747314410.151869128] [rclcpp]: signal_handler(signum=2)
[move_group-7] [INFO] [1747314410.152989803] [rclcpp]: signal_handler(signum=2)
[spawn_entity.py-14] Traceback (most recent call last):
[spawn_entity.py-14]   File "/opt/ros/humble/lib/gazebo_ros/spawn_entity.py", line 370, in <module>
[spawn_entity.py-14]     main()
[spawn_entity.py-14]   File "/opt/ros/humble/lib/gazebo_ros/spawn_entity.py", line 365, in main
[spawn_entity.py-14]     exit_code = spawn_entity_node.run()
[spawn_entity.py-14]   File "/opt/ros/humble/lib/gazebo_ros/spawn_entity.py", line 228, in run
[spawn_entity.py-14]     success = self._spawn_entity(entity_xml, initial_pose, spawn_service_timeout)
[spawn_entity.py-14]   File "/opt/ros/humble/lib/gazebo_ros/spawn_entity.py", line 289, in _spawn_entity
[spawn_entity.py-14]     rclpy.spin_once(self)
[spawn_entity.py-14]   File "/opt/ros/humble/local/lib/python3.10/dist-packages/rclpy/__init__.py", line 202, in spin_once
[spawn_entity.py-14]     executor.spin_once(timeout_sec=timeout_sec)
[spawn_entity.py-14]   File "/opt/ros/humble/local/lib/python3.10/dist-packages/rclpy/executors.py", line 739, in spin_once
[spawn_entity.py-14]     self._spin_once_impl(timeout_sec)
[spawn_entity.py-14]   File "/opt/ros/humble/local/lib/python3.10/dist-packages/rclpy/executors.py", line 728, in _spin_once_impl
[spawn_entity.py-14]     handler, entity, node = self.wait_for_ready_callbacks(timeout_sec=timeout_sec)
[spawn_entity.py-14]   File "/opt/ros/humble/local/lib/python3.10/dist-packages/rclpy/executors.py", line 711, in wait_for_ready_callbacks
[spawn_entity.py-14]     return next(self._cb_iter)
[spawn_entity.py-14]   File "/opt/ros/humble/local/lib/python3.10/dist-packages/rclpy/executors.py", line 608, in _wait_for_ready_callbacks
[spawn_entity.py-14]     wait_set.wait(timeout_nsec)
[spawn_entity.py-14] KeyboardInterrupt
[INFO] [static_transform_publisher-10]: process has finished cleanly [pid 33408]
[INFO] [static_transform_publisher-9]: process has finished cleanly [pid 33406]
[move_group-7] [INFO] [1747314410.439694235] [moveit.ros_planning_interface.moveit_cpp]: Deleting MoveItCpp
[INFO] [static_transform_publisher-21]: process has finished cleanly [pid 33507]
[move_group-7] [INFO] [1747314410.451772176] [moveit_ros.planning_scene_monitor.planning_scene_monitor]: Stopped publishing maintained planning scene.
[INFO] [static_transform_publisher-11]: process has finished cleanly [pid 33410]
[INFO] [static_transform_publisher-18]: process has finished cleanly [pid 33488]
[move_group-7] [INFO] [1747314410.463234517] [moveit_ros.planning_scene_monitor.planning_scene_monitor]: Stopping world geometry monitor
[ERROR] [spawn_entity.py-14]: process has died [pid 33459, exit code -2, cmd '/opt/ros/humble/lib/gazebo_ros/spawn_entity.py -entity right_robot -topic /right/robot_description -x 0.66 -y 0 -z 0 -timeout 5 -unpause --ros-args -r __node:=right'].
[INFO] [static_transform_publisher-19]: process has finished cleanly [pid 33491]
[INFO] [static_transform_publisher-20]: process has finished cleanly [pid 33493]
[INFO] [static_transform_publisher-8]: process has finished cleanly [pid 33404]
[move_group-7] [INFO] [1747314410.473434293] [moveit_ros.planning_scene_monitor.planning_scene_monitor]: Stopping planning scene monitor
[move_group-7] Warning: class_loader.ClassLoader: SEVERE WARNING!!! Attempting to unload library while objects created by this loader exist in the heap! You should delete your objects before attempting to unload the library or destroying the ClassLoader. The library will NOT be unloaded.
[move_group-7]          at line 127 in ./src/class_loader.cpp
[INFO] [static_transform_publisher-22]: process has finished cleanly [pid 33514]
[INFO] [static_transform_publisher-12]: process has finished cleanly [pid 33420]
[move_group-17] [INFO] [1747314410.480941454] [moveit.ros_planning_interface.moveit_cpp]: Deleting MoveItCpp
[move_group-17] [INFO] [1747314410.484465503] [moveit_ros.planning_scene_monitor.planning_scene_monitor]: Stopped publishing maintained planning scene.
[INFO] [robot_state_publisher-13]: process has finished cleanly [pid 33441]
[move_group-17] [INFO] [1747314410.495242314] [moveit_ros.planning_scene_monitor.planning_scene_monitor]: Stopping world geometry monitor
[INFO] [robot_state_publisher-3]: process has finished cleanly [pid 33394]
[move_group-17] [INFO] [1747314410.500804804] [moveit_ros.planning_scene_monitor.planning_scene_monitor]: Stopping planning scene monitor
[move_group-17] Warning: class_loader.ClassLoader: SEVERE WARNING!!! Attempting to unload library while objects created by this loader exist in the heap! You should delete your objects before attempting to unload the library or destroying the ClassLoader. The library will NOT be unloaded.
[move_group-17]          at line 127 in ./src/class_loader.cpp
[INFO] [spawner-16]: process has finished cleanly [pid 33483]
[INFO] [spawner-6]: process has finished cleanly [pid 33400]
[INFO] [spawner-15]: process has finished cleanly [pid 33463]
[INFO] [spawner-5]: process has finished cleanly [pid 33398]
[move_group-7] Stack trace (most recent call last):
[move_group-7] #11   Object "", at 0xffffffffffffffff, in 
[move_group-7] #10   Object "/ros2_ws/build/moveit_ros_move_group/move_group", at 0x55b390e7eeb4, in _start
[move_group-7] #9    Object "/usr/lib/x86_64-linux-gnu/libc.so.6", at 0x7ff94c352e3f, in __libc_start_main
[move_group-7] #8    Object "/usr/lib/x86_64-linux-gnu/libc.so.6", at 0x7ff94c352d8f, in 
[move_group-7] #7    Object "/ros2_ws/build/moveit_ros_move_group/move_group", at 0x55b390e7e483, in main
[move_group-7] #6    Object "/ros2_ws/build/moveit_ros_move_group/move_group", at 0x55b390e859c1, in std::_Sp_counted_base<(__gnu_cxx::_Lock_policy)2>::_M_release()
[move_group-7] #5    Object "/opt/ros/humble/lib/librclcpp.so", at 0x7ff94c90384e, in rclcpp::Node::~Node()
[move_group-7] #4    Object "/opt/ros/humble/lib/librclcpp.so", at 0x7ff94c8dec69, in 
[move_group-7] #3    Object "/opt/ros/humble/lib/librclcpp.so", at 0x7ff94c90cef9, in 
[move_group-7] #2    Object "/opt/ros/humble/lib/librclcpp.so", at 0x7ff94c90ce40, in rclcpp::node_interfaces::NodeBase::~NodeBase()
[move_group-7] #1    Object "/opt/ros/humble/lib/librclcpp.so", at 0x7ff94c8dec69, in 
[move_group-7] #0    Object "/opt/ros/humble/lib/librclcpp.so", at 0x7ff94c8e39e1, in rclcpp::CallbackGroup::~CallbackGroup()
[move_group-7] Segmentation fault (Address not mapped to object [0x7ff922ff7c70])
[move_group-17] Stack trace (most recent call last):
[move_group-17] #11   Object "", at 0xffffffffffffffff, in 
[move_group-17] #10   Object "/ros2_ws/build/moveit_ros_move_group/move_group", at 0x55b17d3f0eb4, in _start
[move_group-17] #9    Object "/usr/lib/x86_64-linux-gnu/libc.so.6", at 0x7f4a06fbee3f, in __libc_start_main
[move_group-17] #8    Object "/usr/lib/x86_64-linux-gnu/libc.so.6", at 0x7f4a06fbed8f, in 
[move_group-17] #7    Object "/ros2_ws/build/moveit_ros_move_group/move_group", at 0x55b17d3f0483, in main
[move_group-17] #6    Object "/ros2_ws/build/moveit_ros_move_group/move_group", at 0x55b17d3f79c1, in std::_Sp_counted_base<(__gnu_cxx::_Lock_policy)2>::_M_release()
[move_group-17] #5    Object "/opt/ros/humble/lib/librclcpp.so", at 0x7f4a0750384e, in rclcpp::Node::~Node()
[move_group-17] #4    Object "/opt/ros/humble/lib/librclcpp.so", at 0x7f4a074dec69, in 
[move_group-17] #3    Object "/opt/ros/humble/lib/librclcpp.so", at 0x7f4a0750cef9, in 
[move_group-17] #2    Object "/opt/ros/humble/lib/librclcpp.so", at 0x7f4a0750ce40, in rclcpp::node_interfaces::NodeBase::~NodeBase()
[move_group-17] #1    Object "/opt/ros/humble/lib/librclcpp.so", at 0x7f4a074dec69, in 
[move_group-17] #0    Object "/opt/ros/humble/lib/librclcpp.so", at 0x7f4a074e39e1, in rclcpp::CallbackGroup::~CallbackGroup()
[move_group-17] Segmentation fault (Address not mapped to object [0x7f49fc64fc70])
[ERROR] [move_group-7]: process has died [pid 33402, exit code -11, cmd '/ros2_ws/install/moveit_ros_move_group/lib/moveit_ros_move_group/move_group --ros-args -r __ns:=/left --params-file /tmp/launch_params_u3vo32gg --params-file /tmp/launch_params_c2z9zat8 --params-file /tmp/launch_params_1veqagno --params-file /tmp/launch_params_chn4v9_x --params-file /tmp/launch_params__q1i9z2u'].
[move_group-7] [0m
[ERROR] [move_group-17]: process has died [pid 33485, exit code -11, cmd '/ros2_ws/install/moveit_ros_move_group/lib/moveit_ros_move_group/move_group --ros-args -r __ns:=/right --params-file /tmp/launch_params_brbr08e5 --params-file /tmp/launch_params_kyrl3oy7 --params-file /tmp/launch_params_s2t2n4vt --params-file /tmp/launch_params_a6fufh9l --params-file /tmp/launch_params_cnor9lwj'].
[move_group-17] [0m
[ERROR] [rviz2-23]: process[rviz2-23] failed to terminate '5' seconds after receiving 'SIGINT', escalating to 'SIGTERM'
[INFO] [rviz2-23]: sending signal 'SIGTERM' to process[rviz2-23]
[ERROR] [rviz2-23]: process has died [pid 33518, exit code -15, cmd '/opt/ros/humble/lib/rviz2/rviz2 -d /ros2_ws/install/ur/share/ur/rviz/rviz_config.rviz --ros-args -r __node:=rviz2 --params-file /tmp/launch_params_2qonrhsi --params-file /tmp/launch_params_j9_e5mxf'].
