[INFO] [launch]: All log files can be found below /root/.ros/log/2025-04-15-15-05-33-056215-outlander-Aspire-V3-571G-1432
[INFO] [launch]: Default logging verbosity is set to INFO
[INFO] [gzserver-1]: process started with pid [1437]
[INFO] [gzclient-2]: process started with pid [1439]
[INFO] [rviz2-3]: process started with pid [1441]
[INFO] [robot_state_publisher-4]: process started with pid [1443]
[INFO] [spawn_entity.py-5]: process started with pid [1445]
[INFO] [spawner-6]: process started with pid [1447]
[INFO] [spawner-7]: process started with pid [1449]
[INFO] [move_group-8]: process started with pid [1451]
[INFO] [static_transform_publisher-9]: process started with pid [1453]
[INFO] [robot_state_publisher-10]: process started with pid [1455]
[INFO] [spawn_entity.py-11]: process started with pid [1457]
[INFO] [spawner-12]: process started with pid [1459]
[INFO] [spawner-13]: process started with pid [1461]
[INFO] [move_group-14]: process started with pid [1463]
[INFO] [static_transform_publisher-15]: process started with pid [1470]
[static_transform_publisher-9] [WARN] [1744729538.991764311] []: Old-style arguments are deprecated; see --help for new-style arguments
[static_transform_publisher-15] [WARN] [1744729539.071665265] []: Old-style arguments are deprecated; see --help for new-style arguments
[static_transform_publisher-9] [INFO] [1744729539.085711213] [left.static_transform_publisher]: Spinning until stopped - publishing transform
[static_transform_publisher-9] translation: ('-0.660000', '0.000000', '0.000000')
[static_transform_publisher-9] rotation: ('0.000000', '0.000000', '0.000000', '1.000000')
[static_transform_publisher-9] from 'world' to 'left_summit_odom'
[static_transform_publisher-15] [INFO] [1744729539.222180289] [right.static_transform_publisher]: Spinning until stopped - publishing transform
[static_transform_publisher-15] translation: ('0.660000', '0.000000', '0.000000')
[static_transform_publisher-15] rotation: ('0.000000', '0.000000', '0.000000', '1.000000')
[static_transform_publisher-15] from 'world' to 'right_summit_odom'
[robot_state_publisher-4] [INFO] [1744729539.273745807] [left.robot_state_publisher]: got segment left_summit_back_left_wheel_link
[robot_state_publisher-10] [INFO] [1744729539.274439545] [right.robot_state_publisher]: got segment right_summit_back_left_wheel_link
[robot_state_publisher-10] [INFO] [1744729539.274852739] [right.robot_state_publisher]: got segment right_summit_back_right_wheel_link
[robot_state_publisher-10] [INFO] [1744729539.274902349] [right.robot_state_publisher]: got segment right_summit_base_chapa
[robot_state_publisher-10] [INFO] [1744729539.274931336] [right.robot_state_publisher]: got segment right_summit_base_docking_contact
[robot_state_publisher-10] [INFO] [1744729539.274955788] [right.robot_state_publisher]: got segment right_summit_base_footprint
[robot_state_publisher-10] [INFO] [1744729539.274976863] [right.robot_state_publisher]: got segment right_summit_base_link
[robot_state_publisher-10] [INFO] [1744729539.274997718] [right.robot_state_publisher]: got segment right_summit_base_logo_front
[robot_state_publisher-10] [INFO] [1744729539.275017687] [right.robot_state_publisher]: got segment right_summit_base_logo_left
[robot_state_publisher-10] [INFO] [1744729539.275038645] [right.robot_state_publisher]: got segment right_summit_base_logo_rear
[robot_state_publisher-10] [INFO] [1744729539.275059444] [right.robot_state_publisher]: got segment right_summit_base_logo_right
[robot_state_publisher-10] [INFO] [1744729539.275079086] [right.robot_state_publisher]: got segment right_summit_front_laser_base_link
[robot_state_publisher-10] [INFO] [1744729539.275099354] [right.robot_state_publisher]: got segment right_summit_front_laser_link
[robot_state_publisher-10] [INFO] [1744729539.275119655] [right.robot_state_publisher]: got segment right_summit_front_left_wheel_link
[robot_state_publisher-10] [INFO] [1744729539.275139483] [right.robot_state_publisher]: got segment right_summit_front_right_wheel_link
[robot_state_publisher-10] [INFO] [1744729539.275159320] [right.robot_state_publisher]: got segment right_summit_imu_link
[robot_state_publisher-10] [INFO] [1744729539.275178882] [right.robot_state_publisher]: got segment right_summit_rear_laser_base_link
[robot_state_publisher-10] [INFO] [1744729539.275197905] [right.robot_state_publisher]: got segment right_summit_rear_laser_link
[robot_state_publisher-10] [INFO] [1744729539.275217568] [right.robot_state_publisher]: got segment ur_right_base
[robot_state_publisher-10] [INFO] [1744729539.275237128] [right.robot_state_publisher]: got segment ur_right_base_link
[robot_state_publisher-10] [INFO] [1744729539.275256893] [right.robot_state_publisher]: got segment ur_right_base_link_inertia
[robot_state_publisher-10] [INFO] [1744729539.275276430] [right.robot_state_publisher]: got segment ur_right_finger_left
[robot_state_publisher-10] [INFO] [1744729539.275295699] [right.robot_state_publisher]: got segment ur_right_finger_right
[robot_state_publisher-10] [INFO] [1744729539.275315428] [right.robot_state_publisher]: got segment ur_right_finger_tip
[robot_state_publisher-10] [INFO] [1744729539.275334672] [right.robot_state_publisher]: got segment ur_right_flange
[robot_state_publisher-10] [INFO] [1744729539.275353644] [right.robot_state_publisher]: got segment ur_right_forearm_link
[robot_state_publisher-10] [INFO] [1744729539.275373838] [right.robot_state_publisher]: got segment ur_right_ft_frame
[robot_state_publisher-10] [INFO] [1744729539.275392805] [right.robot_state_publisher]: got segment ur_right_robotiq_hand
[robot_state_publisher-10] [INFO] [1744729539.275411539] [right.robot_state_publisher]: got segment ur_right_shoulder_link
[robot_state_publisher-10] [INFO] [1744729539.275431254] [right.robot_state_publisher]: got segment ur_right_tool0
[robot_state_publisher-10] [INFO] [1744729539.275449439] [right.robot_state_publisher]: got segment ur_right_upper_arm_link
[robot_state_publisher-10] [INFO] [1744729539.275468136] [right.robot_state_publisher]: got segment ur_right_wrist_1_link
[robot_state_publisher-10] [INFO] [1744729539.275487861] [right.robot_state_publisher]: got segment ur_right_wrist_2_link
[robot_state_publisher-10] [INFO] [1744729539.275505644] [right.robot_state_publisher]: got segment ur_right_wrist_3_link
[robot_state_publisher-4] [INFO] [1744729539.278064556] [left.robot_state_publisher]: got segment left_summit_back_right_wheel_link
[robot_state_publisher-4] [INFO] [1744729539.278127029] [left.robot_state_publisher]: got segment left_summit_base_chapa
[robot_state_publisher-4] [INFO] [1744729539.278167871] [left.robot_state_publisher]: got segment left_summit_base_docking_contact
[robot_state_publisher-4] [INFO] [1744729539.278194112] [left.robot_state_publisher]: got segment left_summit_base_footprint
[robot_state_publisher-4] [INFO] [1744729539.278214223] [left.robot_state_publisher]: got segment left_summit_base_link
[robot_state_publisher-4] [INFO] [1744729539.278251384] [left.robot_state_publisher]: got segment left_summit_base_logo_front
[robot_state_publisher-4] [INFO] [1744729539.278269277] [left.robot_state_publisher]: got segment left_summit_base_logo_left
[robot_state_publisher-4] [INFO] [1744729539.278285057] [left.robot_state_publisher]: got segment left_summit_base_logo_rear
[robot_state_publisher-4] [INFO] [1744729539.278301750] [left.robot_state_publisher]: got segment left_summit_base_logo_right
[robot_state_publisher-4] [INFO] [1744729539.278316807] [left.robot_state_publisher]: got segment left_summit_front_laser_base_link
[robot_state_publisher-4] [INFO] [1744729539.278333233] [left.robot_state_publisher]: got segment left_summit_front_laser_link
[robot_state_publisher-4] [INFO] [1744729539.278349787] [left.robot_state_publisher]: got segment left_summit_front_left_wheel_link
[robot_state_publisher-4] [INFO] [1744729539.278364859] [left.robot_state_publisher]: got segment left_summit_front_right_wheel_link
[robot_state_publisher-4] [INFO] [1744729539.278380486] [left.robot_state_publisher]: got segment left_summit_imu_link
[robot_state_publisher-4] [INFO] [1744729539.278423426] [left.robot_state_publisher]: got segment left_summit_rear_laser_base_link
[robot_state_publisher-4] [INFO] [1744729539.278444998] [left.robot_state_publisher]: got segment left_summit_rear_laser_link
[robot_state_publisher-4] [INFO] [1744729539.278462993] [left.robot_state_publisher]: got segment ur_left_base
[robot_state_publisher-4] [INFO] [1744729539.278480662] [left.robot_state_publisher]: got segment ur_left_base_link
[robot_state_publisher-4] [INFO] [1744729539.278499124] [left.robot_state_publisher]: got segment ur_left_base_link_inertia
[robot_state_publisher-4] [INFO] [1744729539.278518661] [left.robot_state_publisher]: got segment ur_left_finger_left
[robot_state_publisher-4] [INFO] [1744729539.278538919] [left.robot_state_publisher]: got segment ur_left_finger_right
[robot_state_publisher-4] [INFO] [1744729539.278555492] [left.robot_state_publisher]: got segment ur_left_finger_tip
[robot_state_publisher-4] [INFO] [1744729539.278569925] [left.robot_state_publisher]: got segment ur_left_flange
[robot_state_publisher-4] [INFO] [1744729539.278584160] [left.robot_state_publisher]: got segment ur_left_forearm_link
[robot_state_publisher-4] [INFO] [1744729539.278597883] [left.robot_state_publisher]: got segment ur_left_ft_frame
[robot_state_publisher-4] [INFO] [1744729539.278627878] [left.robot_state_publisher]: got segment ur_left_robotiq_hand
[robot_state_publisher-4] [INFO] [1744729539.278643321] [left.robot_state_publisher]: got segment ur_left_shoulder_link
[robot_state_publisher-4] [INFO] [1744729539.278659010] [left.robot_state_publisher]: got segment ur_left_tool0
[robot_state_publisher-4] [INFO] [1744729539.278674396] [left.robot_state_publisher]: got segment ur_left_upper_arm_link
[robot_state_publisher-4] [INFO] [1744729539.278689919] [left.robot_state_publisher]: got segment ur_left_wrist_1_link
[robot_state_publisher-4] [INFO] [1744729539.278703626] [left.robot_state_publisher]: got segment ur_left_wrist_2_link
[robot_state_publisher-4] [INFO] [1744729539.278719539] [left.robot_state_publisher]: got segment ur_left_wrist_3_link
[rviz2-3] QStandardPaths: XDG_RUNTIME_DIR not set, defaulting to '/tmp/runtime-root'
[ERROR] [gzserver-1]: process has died [pid 1437, exit code 255, cmd 'gzserver /ros2_ws/install/ur/share/ur/xacro/gazebo.world --physics False -slibgazebo_ros_init.so -slibgazebo_ros_factory.so -slibgazebo_ros_force_system.so'].
[rviz2-3] [INFO] [1744729540.834728707] [rviz2]: Stereo is NOT SUPPORTED
[rviz2-3] [INFO] [1744729540.835461750] [rviz2]: OpenGl version: 4.6 (GLSL 4.6)
[rviz2-3] [INFO] [1744729540.934340405] [rviz2]: Stereo is NOT SUPPORTED
[spawner-7] [INFO] [1744729542.414143498] [left.spawner_ur_left_joint_group_vel_controller]: waiting for service /left/controller_manager/list_controllers to become available...
[INFO] [gzclient-2]: process has finished cleanly [pid 1439]
[INFO] [rviz2-3]: process has finished cleanly [pid 1441]
[WARNING] [launch]: user interrupted with ctrl-c (SIGINT)
[robot_state_publisher-10] [INFO] [1744729551.374400916] [rclcpp]: signal_handler(signum=2)
[static_transform_publisher-15] [INFO] [1744729551.374401891] [rclcpp]: signal_handler(signum=2)
[static_transform_publisher-9] [INFO] [1744729551.374449456] [rclcpp]: signal_handler(signum=2)
[robot_state_publisher-4] [INFO] [1744729551.374498911] [rclcpp]: signal_handler(signum=2)
[move_group-8] [INFO] [1744729551.374450155] [rclcpp]: signal_handler(signum=2)
[move_group-14] [INFO] [1744729551.374419846] [rclcpp]: signal_handler(signum=2)
[INFO] [static_transform_publisher-15]: process has finished cleanly [pid 1470]
[INFO] [robot_state_publisher-10]: process has finished cleanly [pid 1455]
[INFO] [static_transform_publisher-9]: process has finished cleanly [pid 1453]
[INFO] [robot_state_publisher-4]: process has finished cleanly [pid 1443]
[INFO] [spawner-7]: process has finished cleanly [pid 1449]
[ERROR] [move_group-14]: process[move_group-14] failed to terminate '5' seconds after receiving 'SIGINT', escalating to 'SIGTERM'
[ERROR] [spawner-13]: process[spawner-13] failed to terminate '5' seconds after receiving 'SIGINT', escalating to 'SIGTERM'
[ERROR] [spawner-12]: process[spawner-12] failed to terminate '5' seconds after receiving 'SIGINT', escalating to 'SIGTERM'
[ERROR] [spawn_entity.py-11]: process[spawn_entity.py-11] failed to terminate '5' seconds after receiving 'SIGINT', escalating to 'SIGTERM'
[ERROR] [move_group-8]: process[move_group-8] failed to terminate '5' seconds after receiving 'SIGINT', escalating to 'SIGTERM'
[ERROR] [spawner-6]: process[spawner-6] failed to terminate '5' seconds after receiving 'SIGINT', escalating to 'SIGTERM'
[ERROR] [spawn_entity.py-5]: process[spawn_entity.py-5] failed to terminate '5' seconds after receiving 'SIGINT', escalating to 'SIGTERM'
[INFO] [move_group-14]: sending signal 'SIGTERM' to process[move_group-14]
[INFO] [spawner-13]: sending signal 'SIGTERM' to process[spawner-13]
[INFO] [spawner-12]: sending signal 'SIGTERM' to process[spawner-12]
[INFO] [spawn_entity.py-11]: sending signal 'SIGTERM' to process[spawn_entity.py-11]
[INFO] [move_group-8]: sending signal 'SIGTERM' to process[move_group-8]
[ERROR] [spawner-13]: process has died [pid 1461, exit code -15, cmd '/opt/ros/humble/lib/controller_manager/spawner ur_right_joint_group_vel_controller -c /right/controller_manager --ros-args -r __ns:=/right'].
[INFO] [spawner-6]: sending signal 'SIGTERM' to process[spawner-6]
[ERROR] [spawner-12]: process has died [pid 1459, exit code -15, cmd '/opt/ros/humble/lib/controller_manager/spawner joint_state_broadcaster -c /right/controller_manager --ros-args -r __ns:=/right'].
[INFO] [spawn_entity.py-5]: sending signal 'SIGTERM' to process[spawn_entity.py-5]
[move_group-14] [INFO] [1744729556.396072445] [rclcpp]: signal_handler(signum=15)
[ERROR] [spawner-6]: process has died [pid 1447, exit code -15, cmd '/opt/ros/humble/lib/controller_manager/spawner joint_state_broadcaster -c /left/controller_manager --ros-args -r __ns:=/left'].
[move_group-8] [INFO] [1744729556.407005761] [rclcpp]: signal_handler(signum=15)
[ERROR] [move_group-14]: process[move_group-14] failed to terminate '10.0' seconds after receiving 'SIGTERM', escalating to 'SIGKILL'
[ERROR] [spawn_entity.py-11]: process[spawn_entity.py-11] failed to terminate '10.0' seconds after receiving 'SIGTERM', escalating to 'SIGKILL'
[ERROR] [move_group-8]: process[move_group-8] failed to terminate '10.0' seconds after receiving 'SIGTERM', escalating to 'SIGKILL'
[ERROR] [spawn_entity.py-5]: process[spawn_entity.py-5] failed to terminate '10.0' seconds after receiving 'SIGTERM', escalating to 'SIGKILL'
[INFO] [move_group-14]: sending signal 'SIGKILL' to process[move_group-14]
[INFO] [spawn_entity.py-11]: sending signal 'SIGKILL' to process[spawn_entity.py-11]
[INFO] [move_group-8]: sending signal 'SIGKILL' to process[move_group-8]
[ERROR] [move_group-14]: process has died [pid 1463, exit code -9, cmd '/ros2_ws/install/moveit_ros_move_group/lib/moveit_ros_move_group/move_group --ros-args --params-file /tmp/launch_params_y1l0enyx --params-file /tmp/launch_params_rghesnty --params-file /tmp/launch_params_vtqr8cvd --params-file /tmp/launch_params_zbwlqy1m'].
[INFO] [spawn_entity.py-5]: sending signal 'SIGKILL' to process[spawn_entity.py-5]
[ERROR] [spawn_entity.py-11]: process has died [pid 1457, exit code -9, cmd '/opt/ros/humble/lib/gazebo_ros/spawn_entity.py -entity right_robot -topic /right/robot_description -x 0.66 -y 0 -z 0 -timeout 5 -unpause --ros-args -r __node:=right'].
[ERROR] [move_group-8]: process has died [pid 1451, exit code -9, cmd '/ros2_ws/install/moveit_ros_move_group/lib/moveit_ros_move_group/move_group --ros-args --params-file /tmp/launch_params_ykqp84j_ --params-file /tmp/launch_params_3dasjkhm --params-file /tmp/launch_params_9myyhk3m --params-file /tmp/launch_params_p05ebnnt'].
[ERROR] [spawn_entity.py-5]: process has died [pid 1445, exit code -9, cmd '/opt/ros/humble/lib/gazebo_ros/spawn_entity.py -entity left_robot -topic /left/robot_description -x -0.66 -y 0 -z 0 -timeout 5 -unpause --ros-args -r __node:=left'].
