[INFO] [launch]: All log files can be found below /root/.ros/log/2025-05-15-14-35-45-154737-outlander-Aspire-V3-571G-62833
[INFO] [launch]: Default logging verbosity is set to INFO
[INFO] [gzserver-1]: process started with pid [62836]
[INFO] [gzclient-2]: process started with pid [62838]
[INFO] [rviz2-3]: process started with pid [62840]
[INFO] [robot_state_publisher-4]: process started with pid [62842]
[INFO] [spawn_entity.py-5]: process started with pid [62844]
[INFO] [spawner-6]: process started with pid [62846]
[INFO] [spawner-7]: process started with pid [62848]
[INFO] [move_group-8]: process started with pid [62850]
[INFO] [static_transform_publisher-9]: process started with pid [62854]
[INFO] [static_transform_publisher-10]: process started with pid [62864]
[INFO] [static_transform_publisher-11]: process started with pid [62866]
[INFO] [static_transform_publisher-12]: process started with pid [62876]
[INFO] [static_transform_publisher-13]: process started with pid [62880]
[INFO] [robot_state_publisher-14]: process started with pid [62890]
[INFO] [spawn_entity.py-15]: process started with pid [62894]
[INFO] [spawner-16]: process started with pid [62914]
[INFO] [spawner-17]: process started with pid [62930]
[INFO] [move_group-18]: process started with pid [62941]
[INFO] [static_transform_publisher-19]: process started with pid [62951]
[INFO] [static_transform_publisher-20]: process started with pid [62956]
[INFO] [static_transform_publisher-21]: process started with pid [62960]
[INFO] [static_transform_publisher-22]: process started with pid [62967]
[INFO] [static_transform_publisher-23]: process started with pid [62980]
[rviz2-3] QStandardPaths: XDG_RUNTIME_DIR not set, defaulting to '/tmp/runtime-root'
[robot_state_publisher-4] [INFO] [1747319749.611384800] [left.robot_state_publisher]: got segment left_summit_back_left_wheel_link
[robot_state_publisher-4] [INFO] [1747319749.611533581] [left.robot_state_publisher]: got segment left_summit_back_right_wheel_link
[robot_state_publisher-4] [INFO] [1747319749.611561811] [left.robot_state_publisher]: got segment left_summit_base_chapa
[robot_state_publisher-4] [INFO] [1747319749.611582903] [left.robot_state_publisher]: got segment left_summit_base_docking_contact
[robot_state_publisher-4] [INFO] [1747319749.611600645] [left.robot_state_publisher]: got segment left_summit_base_footprint
[robot_state_publisher-4] [INFO] [1747319749.611619809] [left.robot_state_publisher]: got segment left_summit_base_link
[robot_state_publisher-4] [INFO] [1747319749.611639462] [left.robot_state_publisher]: got segment left_summit_base_logo_front
[robot_state_publisher-4] [INFO] [1747319749.611658983] [left.robot_state_publisher]: got segment left_summit_base_logo_left
[robot_state_publisher-4] [INFO] [1747319749.611677400] [left.robot_state_publisher]: got segment left_summit_base_logo_rear
[robot_state_publisher-4] [INFO] [1747319749.611697536] [left.robot_state_publisher]: got segment left_summit_base_logo_right
[robot_state_publisher-4] [INFO] [1747319749.611717709] [left.robot_state_publisher]: got segment left_summit_front_laser_base_link
[robot_state_publisher-4] [INFO] [1747319749.611737512] [left.robot_state_publisher]: got segment left_summit_front_laser_link
[robot_state_publisher-4] [INFO] [1747319749.611755686] [left.robot_state_publisher]: got segment left_summit_front_left_wheel_link
[robot_state_publisher-4] [INFO] [1747319749.611774813] [left.robot_state_publisher]: got segment left_summit_front_right_wheel_link
[robot_state_publisher-4] [INFO] [1747319749.611792209] [left.robot_state_publisher]: got segment left_summit_imu_link
[robot_state_publisher-4] [INFO] [1747319749.611811810] [left.robot_state_publisher]: got segment left_summit_rear_laser_base_link
[robot_state_publisher-4] [INFO] [1747319749.611831155] [left.robot_state_publisher]: got segment left_summit_rear_laser_link
[robot_state_publisher-4] [INFO] [1747319749.611851475] [left.robot_state_publisher]: got segment ur_left_base
[robot_state_publisher-4] [INFO] [1747319749.611871063] [left.robot_state_publisher]: got segment ur_left_base_link
[robot_state_publisher-4] [INFO] [1747319749.611891171] [left.robot_state_publisher]: got segment ur_left_base_link_inertia
[robot_state_publisher-4] [INFO] [1747319749.611910855] [left.robot_state_publisher]: got segment ur_left_finger_left
[robot_state_publisher-4] [INFO] [1747319749.611928957] [left.robot_state_publisher]: got segment ur_left_finger_right
[robot_state_publisher-4] [INFO] [1747319749.611945540] [left.robot_state_publisher]: got segment ur_left_finger_tip
[robot_state_publisher-4] [INFO] [1747319749.611963133] [left.robot_state_publisher]: got segment ur_left_flange
[robot_state_publisher-4] [INFO] [1747319749.611982086] [left.robot_state_publisher]: got segment ur_left_forearm_link
[robot_state_publisher-4] [INFO] [1747319749.612000756] [left.robot_state_publisher]: got segment ur_left_ft_frame
[robot_state_publisher-4] [INFO] [1747319749.612019601] [left.robot_state_publisher]: got segment ur_left_robotiq_hand
[robot_state_publisher-4] [INFO] [1747319749.612036926] [left.robot_state_publisher]: got segment ur_left_shoulder_link
[robot_state_publisher-4] [INFO] [1747319749.612052903] [left.robot_state_publisher]: got segment ur_left_tool0
[robot_state_publisher-4] [INFO] [1747319749.612068834] [left.robot_state_publisher]: got segment ur_left_upper_arm_link
[robot_state_publisher-4] [INFO] [1747319749.612085120] [left.robot_state_publisher]: got segment ur_left_wrist_1_link
[robot_state_publisher-4] [INFO] [1747319749.612103589] [left.robot_state_publisher]: got segment ur_left_wrist_2_link
[robot_state_publisher-4] [INFO] [1747319749.612121589] [left.robot_state_publisher]: got segment ur_left_wrist_3_link
[static_transform_publisher-9] [WARN] [1747319749.494201454] []: Old-style arguments are deprecated; see --help for new-style arguments
[static_transform_publisher-9] [INFO] [1747319749.552186197] [left.static_transform_publisher]: Spinning until stopped - publishing transform
[static_transform_publisher-9] translation: ('-0.660000', '0.000000', '0.000000')
[static_transform_publisher-9] rotation: ('0.000000', '0.000000', '0.000000', '1.000000')
[static_transform_publisher-9] from 'world' to 'left_summit_odom'
[static_transform_publisher-10] [WARN] [1747319749.480135835] []: Old-style arguments are deprecated; see --help for new-style arguments
[static_transform_publisher-10] [INFO] [1747319749.513187938] [left_static_transform_publisher_back_left]: Spinning until stopped - publishing transform
[static_transform_publisher-10] translation: ('0.250000', '0.150000', '0.000000')
[static_transform_publisher-10] rotation: ('0.000000', '0.000000', '0.000000', '1.000000')
[static_transform_publisher-10] from 'left_summit_base_link' to 'left_summit_back_left_wheel_link'
[static_transform_publisher-11] [WARN] [1747319749.533131221] []: Old-style arguments are deprecated; see --help for new-style arguments
[static_transform_publisher-11] [INFO] [1747319749.658005377] [left_static_transform_publisher_back_right]: Spinning until stopped - publishing transform
[static_transform_publisher-11] translation: ('0.250000', '-0.150000', '0.000000')
[static_transform_publisher-11] rotation: ('0.000000', '0.000000', '0.000000', '1.000000')
[static_transform_publisher-11] from 'left_summit_base_link' to 'left_summit_back_right_wheel_link'
[static_transform_publisher-12] [WARN] [1747319749.548241503] []: Old-style arguments are deprecated; see --help for new-style arguments
[static_transform_publisher-12] [INFO] [1747319749.710725214] [left_static_transform_publisher_front_left]: Spinning until stopped - publishing transform
[static_transform_publisher-12] translation: ('-0.250000', '0.150000', '0.000000')
[static_transform_publisher-12] rotation: ('0.000000', '0.000000', '0.000000', '1.000000')
[static_transform_publisher-12] from 'left_summit_base_link' to 'left_summit_front_left_wheel_link'
[static_transform_publisher-13] [WARN] [1747319749.530334476] []: Old-style arguments are deprecated; see --help for new-style arguments
[static_transform_publisher-13] [INFO] [1747319749.661893000] [static_transform_publisher_front_right]: Spinning until stopped - publishing transform
[static_transform_publisher-13] translation: ('-0.250000', '-0.150000', '0.000000')
[static_transform_publisher-13] rotation: ('0.000000', '0.000000', '0.000000', '1.000000')
[static_transform_publisher-13] from 'left_summit_base_link' to 'left_summit_front_right_wheel_link'
[static_transform_publisher-19] [WARN] [1747319749.709126103] []: Old-style arguments are deprecated; see --help for new-style arguments
[static_transform_publisher-19] [INFO] [1747319749.762578861] [right.static_transform_publisher]: Spinning until stopped - publishing transform
[static_transform_publisher-19] translation: ('0.660000', '0.000000', '0.000000')
[static_transform_publisher-19] rotation: ('0.000000', '0.000000', '0.000000', '1.000000')
[static_transform_publisher-19] from 'world' to 'right_summit_odom'
[static_transform_publisher-20] [WARN] [1747319749.733205930] []: Old-style arguments are deprecated; see --help for new-style arguments
[static_transform_publisher-22] [WARN] [1747319749.798581647] []: Old-style arguments are deprecated; see --help for new-style arguments
[static_transform_publisher-20] [INFO] [1747319749.816302070] [right_static_transform_publisher_back_left]: Spinning until stopped - publishing transform
[static_transform_publisher-20] translation: ('0.250000', '0.150000', '0.000000')
[static_transform_publisher-20] rotation: ('0.000000', '0.000000', '0.000000', '1.000000')
[static_transform_publisher-20] from 'right_summit_base_link' to 'right_summit_back_left_wheel_link'
[move_group-8] [INFO] [1747319749.819771627] [moveit_rdf_loader.rdf_loader]: Loaded robot model in 0.170211 seconds
[move_group-8] [INFO] [1747319749.819883952] [moveit_robot_model.robot_model]: Loading robot model 'dual'...
[move_group-8] [WARN] [1747319749.819984385] [moveit_robot_model.robot_model]: Link left_summit_base_footprint has visual geometry but no collision geometry. Collision geometry will be left empty. Fix your URDF file by explicitly specifying collision geometry.
[static_transform_publisher-21] [WARN] [1747319749.824991706] []: Old-style arguments are deprecated; see --help for new-style arguments
[move_group-8] [WARN] [1747319749.827097509] [moveit_robot_model.robot_model]: Link left_summit_base_logo_front has visual geometry but no collision geometry. Collision geometry will be left empty. Fix your URDF file by explicitly specifying collision geometry.
[move_group-8] [WARN] [1747319749.827141218] [moveit_robot_model.robot_model]: Link left_summit_base_logo_left has visual geometry but no collision geometry. Collision geometry will be left empty. Fix your URDF file by explicitly specifying collision geometry.
[move_group-8] [WARN] [1747319749.827163283] [moveit_robot_model.robot_model]: Link left_summit_base_logo_rear has visual geometry but no collision geometry. Collision geometry will be left empty. Fix your URDF file by explicitly specifying collision geometry.
[move_group-8] [WARN] [1747319749.827183797] [moveit_robot_model.robot_model]: Link left_summit_base_logo_right has visual geometry but no collision geometry. Collision geometry will be left empty. Fix your URDF file by explicitly specifying collision geometry.
[move_group-8] [WARN] [1747319749.827203359] [moveit_robot_model.robot_model]: Link left_summit_base_chapa has visual geometry but no collision geometry. Collision geometry will be left empty. Fix your URDF file by explicitly specifying collision geometry.
[move_group-8] [WARN] [1747319749.839247788] [moveit_robot_model.robot_model]: Link left_summit_imu_link has visual geometry but no collision geometry. Collision geometry will be left empty. Fix your URDF file by explicitly specifying collision geometry.
[static_transform_publisher-23] [WARN] [1747319749.883135740] []: Old-style arguments are deprecated; see --help for new-style arguments
[static_transform_publisher-23] [INFO] [1747319749.931450972] [static_transform_publisher_front_right]: Spinning until stopped - publishing transform
[static_transform_publisher-23] translation: ('-0.250000', '-0.150000', '0.000000')
[static_transform_publisher-23] rotation: ('0.000000', '0.000000', '0.000000', '1.000000')
[static_transform_publisher-23] from 'right_summit_base_link' to 'right_summit_front_right_wheel_link'
[robot_state_publisher-14] [INFO] [1747319750.051056501] [right.robot_state_publisher]: got segment right_summit_back_left_wheel_link
[robot_state_publisher-14] [INFO] [1747319750.051259799] [right.robot_state_publisher]: got segment right_summit_back_right_wheel_link
[robot_state_publisher-14] [INFO] [1747319750.051305590] [right.robot_state_publisher]: got segment right_summit_base_chapa
[robot_state_publisher-14] [INFO] [1747319750.051326335] [right.robot_state_publisher]: got segment right_summit_base_docking_contact
[robot_state_publisher-14] [INFO] [1747319750.051396992] [right.robot_state_publisher]: got segment right_summit_base_footprint
[robot_state_publisher-14] [INFO] [1747319750.051416321] [right.robot_state_publisher]: got segment right_summit_base_link
[robot_state_publisher-14] [INFO] [1747319750.051434425] [right.robot_state_publisher]: got segment right_summit_base_logo_front
[robot_state_publisher-14] [INFO] [1747319750.051452230] [right.robot_state_publisher]: got segment right_summit_base_logo_left
[robot_state_publisher-14] [INFO] [1747319750.051469782] [right.robot_state_publisher]: got segment right_summit_base_logo_rear
[robot_state_publisher-14] [INFO] [1747319750.051487108] [right.robot_state_publisher]: got segment right_summit_base_logo_right
[robot_state_publisher-14] [INFO] [1747319750.051504818] [right.robot_state_publisher]: got segment right_summit_front_laser_base_link
[robot_state_publisher-14] [INFO] [1747319750.051535080] [right.robot_state_publisher]: got segment right_summit_front_laser_link
[robot_state_publisher-14] [INFO] [1747319750.051553086] [right.robot_state_publisher]: got segment right_summit_front_left_wheel_link
[robot_state_publisher-14] [INFO] [1747319750.051571214] [right.robot_state_publisher]: got segment right_summit_front_right_wheel_link
[robot_state_publisher-14] [INFO] [1747319750.051608977] [right.robot_state_publisher]: got segment right_summit_imu_link
[robot_state_publisher-14] [INFO] [1747319750.051627127] [right.robot_state_publisher]: got segment right_summit_rear_laser_base_link
[robot_state_publisher-14] [INFO] [1747319750.051667726] [right.robot_state_publisher]: got segment right_summit_rear_laser_link
[robot_state_publisher-14] [INFO] [1747319750.051689118] [right.robot_state_publisher]: got segment ur_right_base
[robot_state_publisher-14] [INFO] [1747319750.051706387] [right.robot_state_publisher]: got segment ur_right_base_link
[robot_state_publisher-14] [INFO] [1747319750.051722102] [right.robot_state_publisher]: got segment ur_right_base_link_inertia
[robot_state_publisher-14] [INFO] [1747319750.051739496] [right.robot_state_publisher]: got segment ur_right_finger_left
[robot_state_publisher-14] [INFO] [1747319750.051756811] [right.robot_state_publisher]: got segment ur_right_finger_right
[robot_state_publisher-14] [INFO] [1747319750.051772328] [right.robot_state_publisher]: got segment ur_right_finger_tip
[robot_state_publisher-14] [INFO] [1747319750.051789280] [right.robot_state_publisher]: got segment ur_right_flange
[robot_state_publisher-14] [INFO] [1747319750.051805218] [right.robot_state_publisher]: got segment ur_right_forearm_link
[robot_state_publisher-14] [INFO] [1747319750.051820862] [right.robot_state_publisher]: got segment ur_right_ft_frame
[robot_state_publisher-14] [INFO] [1747319750.051836280] [right.robot_state_publisher]: got segment ur_right_robotiq_hand
[robot_state_publisher-14] [INFO] [1747319750.051851914] [right.robot_state_publisher]: got segment ur_right_shoulder_link
[robot_state_publisher-14] [INFO] [1747319750.051866788] [right.robot_state_publisher]: got segment ur_right_tool0
[robot_state_publisher-14] [INFO] [1747319750.051882584] [right.robot_state_publisher]: got segment ur_right_upper_arm_link
[robot_state_publisher-14] [INFO] [1747319750.051900075] [right.robot_state_publisher]: got segment ur_right_wrist_1_link
[robot_state_publisher-14] [INFO] [1747319750.051918399] [right.robot_state_publisher]: got segment ur_right_wrist_2_link
[robot_state_publisher-14] [INFO] [1747319750.051936447] [right.robot_state_publisher]: got segment ur_right_wrist_3_link
[static_transform_publisher-21] [INFO] [1747319750.144639923] [right_static_transform_publisher_back_right]: Spinning until stopped - publishing transform
[static_transform_publisher-21] translation: ('0.250000', '-0.150000', '0.000000')
[static_transform_publisher-21] rotation: ('0.000000', '0.000000', '0.000000', '1.000000')
[static_transform_publisher-21] from 'right_summit_base_link' to 'right_summit_back_right_wheel_link'
[static_transform_publisher-22] [INFO] [1747319750.166088641] [right_static_transform_publisher_front_left]: Spinning until stopped - publishing transform
[static_transform_publisher-22] translation: ('-0.250000', '0.150000', '0.000000')
[static_transform_publisher-22] rotation: ('0.000000', '0.000000', '0.000000', '1.000000')
[static_transform_publisher-22] from 'right_summit_base_link' to 'right_summit_front_left_wheel_link'
[move_group-18] [INFO] [1747319750.395662215] [moveit_rdf_loader.rdf_loader]: Loaded robot model in 0.140318 seconds
[move_group-18] [INFO] [1747319750.395791481] [moveit_robot_model.robot_model]: Loading robot model 'dual'...
[move_group-18] [WARN] [1747319750.395902172] [moveit_robot_model.robot_model]: Link right_summit_base_footprint has visual geometry but no collision geometry. Collision geometry will be left empty. Fix your URDF file by explicitly specifying collision geometry.
[move_group-18] [WARN] [1747319750.412903783] [moveit_robot_model.robot_model]: Link right_summit_base_logo_front has visual geometry but no collision geometry. Collision geometry will be left empty. Fix your URDF file by explicitly specifying collision geometry.
[move_group-18] [WARN] [1747319750.412960317] [moveit_robot_model.robot_model]: Link right_summit_base_logo_left has visual geometry but no collision geometry. Collision geometry will be left empty. Fix your URDF file by explicitly specifying collision geometry.
[move_group-18] [WARN] [1747319750.412979909] [moveit_robot_model.robot_model]: Link right_summit_base_logo_rear has visual geometry but no collision geometry. Collision geometry will be left empty. Fix your URDF file by explicitly specifying collision geometry.
[move_group-18] [WARN] [1747319750.412996147] [moveit_robot_model.robot_model]: Link right_summit_base_logo_right has visual geometry but no collision geometry. Collision geometry will be left empty. Fix your URDF file by explicitly specifying collision geometry.
[move_group-18] [WARN] [1747319750.413012965] [moveit_robot_model.robot_model]: Link right_summit_base_chapa has visual geometry but no collision geometry. Collision geometry will be left empty. Fix your URDF file by explicitly specifying collision geometry.
[move_group-18] [WARN] [1747319750.452693821] [moveit_robot_model.robot_model]: Link right_summit_imu_link has visual geometry but no collision geometry. Collision geometry will be left empty. Fix your URDF file by explicitly specifying collision geometry.
[spawner-7] [INFO] [1747319750.963747475] [left.spawner_ur_left_joint_group_vel_controller]: waiting for service /left/controller_manager/list_controllers to become available...
[spawn_entity.py-5] [INFO] [1747319751.127977198] [left]: Spawn Entity started
[spawn_entity.py-5] [INFO] [1747319751.129016535] [left]: Loading entity published on topic /left/robot_description
[spawn_entity.py-5] /opt/ros/humble/local/lib/python3.10/dist-packages/rclpy/qos.py:307: UserWarning: DurabilityPolicy.RMW_QOS_POLICY_DURABILITY_TRANSIENT_LOCAL is deprecated. Use DurabilityPolicy.TRANSIENT_LOCAL instead.
[spawn_entity.py-5]   warnings.warn(
[spawn_entity.py-5] [INFO] [1747319751.154025257] [left]: Waiting for entity xml on /left/robot_description
[spawn_entity.py-5] [INFO] [1747319751.213134200] [left]: Waiting for service /spawn_entity, timeout = 5
[spawn_entity.py-5] [INFO] [1747319751.215670542] [left]: Waiting for service /spawn_entity
[spawner-16] [INFO] [1747319751.328874724] [right.spawner_joint_state_broadcaster]: waiting for service /right/controller_manager/list_controllers to become available...
[spawner-17] [INFO] [1747319751.353896623] [right.spawner_ur_right_joint_group_vel_controller]: waiting for service /right/controller_manager/list_controllers to become available...
[spawner-6] [INFO] [1747319751.468375991] [left.spawner_joint_state_broadcaster]: waiting for service /left/controller_manager/list_controllers to become available...
[move_group-8] [INFO] [1747319751.476249569] [moveit_ros.planning_scene_monitor.planning_scene_monitor]: Publishing maintained planning scene on 'monitored_planning_scene'
[move_group-8] [INFO] [1747319751.476663728] [moveit.ros_planning_interface.moveit_cpp]: Listening to 'joint_states' for joint states
[move_group-8] [INFO] [1747319751.487281512] [moveit_ros.current_state_monitor]: Listening to joint states on topic 'joint_states'
[spawn_entity.py-15] [INFO] [1747319751.490654837] [right]: Spawn Entity started
[move_group-8] [INFO] [1747319751.491769074] [moveit_ros.planning_scene_monitor.planning_scene_monitor]: Listening to '/left/attached_collision_object' for attached collision objects
[move_group-8] [INFO] [1747319751.491804117] [moveit_ros.planning_scene_monitor.planning_scene_monitor]: Starting planning scene monitor
[spawn_entity.py-15] [INFO] [1747319751.491851960] [right]: Loading entity published on topic /right/robot_description
[spawn_entity.py-15] /opt/ros/humble/local/lib/python3.10/dist-packages/rclpy/qos.py:307: UserWarning: DurabilityPolicy.RMW_QOS_POLICY_DURABILITY_TRANSIENT_LOCAL is deprecated. Use DurabilityPolicy.TRANSIENT_LOCAL instead.
[spawn_entity.py-15]   warnings.warn(
[move_group-8] [INFO] [1747319751.493975058] [moveit_ros.planning_scene_monitor.planning_scene_monitor]: Listening to '/left/planning_scene'
[move_group-8] [INFO] [1747319751.494011910] [moveit_ros.planning_scene_monitor.planning_scene_monitor]: Starting world geometry update monitor for collision objects, attached objects, octomap updates.
[move_group-8] [INFO] [1747319751.496499205] [moveit_ros.planning_scene_monitor.planning_scene_monitor]: Listening to 'collision_object'
[move_group-8] [WARN] [1747319751.497077781] [moveit_ros.current_state_monitor]: Unable to update multi-DOF joint 'Vjoint_left':Failure to lookup transform between 'left_summit_odom'and 'left_summit_base_footprint' with TF exception: Could not find a connection between 'left_summit_odom' and 'left_summit_base_footprint' because they are not part of the same tree.Tf has two or more unconnected trees.
[move_group-8] [INFO] [1747319751.499167156] [moveit_ros.planning_scene_monitor.planning_scene_monitor]: Listening to 'planning_scene_world' for planning scene world geometry
[spawn_entity.py-15] [INFO] [1747319751.500634032] [right]: Waiting for entity xml on /right/robot_description
[move_group-8] [WARN] [1747319751.500996826] [moveit.ros.occupancy_map_monitor.middleware_handle]: Resolution not specified for Octomap. Assuming resolution = 0.1 instead
[spawn_entity.py-15] [INFO] [1747319751.512165266] [right]: Waiting for service /spawn_entity, timeout = 5
[spawn_entity.py-15] [INFO] [1747319751.513119342] [right]: Waiting for service /spawn_entity
[rviz2-3] [INFO] [1747319751.628949388] [rviz2]: Stereo is NOT SUPPORTED
[rviz2-3] [INFO] [1747319751.629236112] [rviz2]: OpenGl version: 4.6 (GLSL 4.6)
[rviz2-3] [INFO] [1747319751.740390605] [rviz2]: Stereo is NOT SUPPORTED
[move_group-18] [INFO] [1747319751.811282396] [moveit_ros.planning_scene_monitor.planning_scene_monitor]: Publishing maintained planning scene on 'monitored_planning_scene'
[move_group-18] [INFO] [1747319751.811552283] [moveit.ros_planning_interface.moveit_cpp]: Listening to 'joint_states' for joint states
[move_group-18] [INFO] [1747319751.820315881] [moveit_ros.current_state_monitor]: Listening to joint states on topic 'joint_states'
[move_group-18] [INFO] [1747319751.824112585] [moveit_ros.planning_scene_monitor.planning_scene_monitor]: Listening to '/right/attached_collision_object' for attached collision objects
[move_group-18] [INFO] [1747319751.824168305] [moveit_ros.planning_scene_monitor.planning_scene_monitor]: Starting planning scene monitor
[move_group-18] [INFO] [1747319751.827319529] [moveit_ros.planning_scene_monitor.planning_scene_monitor]: Listening to '/right/planning_scene'
[move_group-18] [INFO] [1747319751.827371207] [moveit_ros.planning_scene_monitor.planning_scene_monitor]: Starting world geometry update monitor for collision objects, attached objects, octomap updates.
[move_group-18] [INFO] [1747319751.832213328] [moveit_ros.planning_scene_monitor.planning_scene_monitor]: Listening to 'collision_object'
[move_group-18] [WARN] [1747319751.832261663] [moveit_ros.current_state_monitor]: Unable to update multi-DOF joint 'Vjoint_right':Failure to lookup transform between 'right_summit_odom'and 'right_summit_base_footprint' with TF exception: Could not find a connection between 'right_summit_odom' and 'right_summit_base_footprint' because they are not part of the same tree.Tf has two or more unconnected trees.
[move_group-18] [INFO] [1747319751.835763569] [moveit_ros.planning_scene_monitor.planning_scene_monitor]: Listening to 'planning_scene_world' for planning scene world geometry
[move_group-18] [WARN] [1747319751.843323183] [moveit.ros.occupancy_map_monitor.middleware_handle]: Resolution not specified for Octomap. Assuming resolution = 0.1 instead
[move_group-18] [xcb] Unknown request in queue while dequeuing
[move_group-18] [xcb] Most likely this is a multi-threaded client and XInitThreads has not been called
[move_group-18] [xcb] Aborting, sorry about that.
[move_group-18] move_group: ../../src/xcb_io.c:175: dequeue_pending_request: Assertion `!xcb_xlib_unknown_req_in_deq' failed.
[move_group-18] Stack trace (most recent call last) in thread 63124:
[move_group-18] #19   Object "", at 0xffffffffffffffff, in 
[move_group-18] #18   Object "/usr/lib/x86_64-linux-gnu/libc.so.6", at 0x7f61ef82c84f, in 
[move_group-18] #17   Object "/usr/lib/x86_64-linux-gnu/libc.so.6", at 0x7f61ef79aac2, in 
[move_group-18] #16   Object "/usr/lib/x86_64-linux-gnu/libstdc++.so.6.0.30", at 0x7f61efa2b252, in 
[move_group-18] #15   Object "/ros2_ws/install/moveit_ros_perception/lib/libmoveit_mesh_filter.so.2.5.8", at 0x7f61e414a8a0, in mesh_filter::MeshFilterBase::run(std::__cxx11::basic_string<char, std::char_traits<char>, std::allocator<char> > const&, std::__cxx11::basic_string<char, std::char_traits<char>, std::allocator<char> > const&, std::__cxx11::basic_string<char, std::char_traits<char>, std::allocator<char> > const&, std::__cxx11::basic_string<char, std::char_traits<char>, std::allocator<char> > const&)
[move_group-18] #14   Object "/ros2_ws/install/moveit_ros_perception/lib/libmoveit_mesh_filter.so.2.5.8", at 0x7f61e41486df, in mesh_filter::MeshFilterBase::initialize(std::__cxx11::basic_string<char, std::char_traits<char>, std::allocator<char> > const&, std::__cxx11::basic_string<char, std::char_traits<char>, std::allocator<char> > const&, std::__cxx11::basic_string<char, std::char_traits<char>, std::allocator<char> > const&, std::__cxx11::basic_string<char, std::char_traits<char>, std::allocator<char> > const&)
[move_group-18] #13   Object "/ros2_ws/install/moveit_ros_perception/lib/libmoveit_mesh_filter.so.2.5.8", at 0x7f61e414fb4e, in mesh_filter::GLRenderer::GLRenderer(unsigned int, unsigned int, float, float)
[move_group-18] #12   Object "/ros2_ws/install/moveit_ros_perception/lib/libmoveit_mesh_filter.so.2.5.8", at 0x7f61e414f785, in mesh_filter::GLRenderer::createGLContext()
[move_group-18] #11   Object "/usr/lib/x86_64-linux-gnu/libglut.so.3.9.0", at 0x7f61c5e3709e, in glutCreateWindow
[move_group-18] #10   Object "/usr/lib/x86_64-linux-gnu/libglut.so.3.9.0", at 0x7f61c5e355c7, in fgCreateWindow
[move_group-18] #9    Object "/usr/lib/x86_64-linux-gnu/libglut.so.3.9.0", at 0x7f61c5e36d3d, in fgOpenWindow
[move_group-18] #8    Object "/usr/lib/x86_64-linux-gnu/libglut.so.3.9.0", at 0x7f61c5e37de8, in fgRegisterDevices
[move_group-18] #7    Object "/usr/lib/x86_64-linux-gnu/libX11.so.6.4.0", at 0x7f61c5bc8b16, in XQueryExtension
[move_group-18] #6    Object "/usr/lib/x86_64-linux-gnu/libX11.so.6.4.0", at 0x7f61c5bd645a, in _XReply
[move_group-18] #5    Object "/usr/lib/x86_64-linux-gnu/libX11.so.6.4.0", at 0x7f61c5bcdce9, in 
[move_group-18] #4    Object "/usr/lib/x86_64-linux-gnu/libc.so.6", at 0x7f61ef73fe95, in __assert_fail
[move_group-18] #3    Object "/usr/lib/x86_64-linux-gnu/libc.so.6", at 0x7f61ef72e71a, in 
[move_group-18] #2    Object "/usr/lib/x86_64-linux-gnu/libc.so.6", at 0x7f61ef72e7f2, in abort
[move_group-18] #1    Object "/usr/lib/x86_64-linux-gnu/libc.so.6", at 0x7f61ef748475, in raise
[move_group-18] #0    Object "/usr/lib/x86_64-linux-gnu/libc.so.6", at 0x7f61ef79c9fc, in pthread_kill
[move_group-18] Aborted (Signal sent by tkill() 62941 0)
[ERROR] [move_group-18]: process has died [pid 62941, exit code -6, cmd '/ros2_ws/install/moveit_ros_move_group/lib/moveit_ros_move_group/move_group --ros-args -r __ns:=/right --params-file /tmp/launch_params_jsdxmc8x --params-file /tmp/launch_params_s1_rn3u9 --params-file /tmp/launch_params_1m3t3txt --params-file /tmp/launch_params_qna4evle --params-file /tmp/launch_params_fmm6f10v'].
[rviz2-3] [WARN] [1747319753.117703720] [rcl.logging_rosout]: Publisher already registered for provided node name. If this is due to multiple nodes with the same name then all logs for that logger name will go out over the existing publisher. As soon as any node with that name is destructed it will unregister the publisher, preventing any further logs for that name from being published on the rosout topic.
[move_group-8] [INFO] [1747319753.794210383] [moveit.ros_planning_interface.moveit_cpp]: Loading planning pipeline 'ompl'
[move_group-8] [INFO] [1747319753.820867466] [moveit.ros_planning.planning_pipeline]: Using planning interface 'OMPL'
[move_group-8] [INFO] [1747319753.831896224] [moveit_ros.add_time_optimal_parameterization]: Param 'ompl.path_tolerance' was not set. Using default value: 0.100000
[move_group-8] [INFO] [1747319753.831933442] [moveit_ros.add_time_optimal_parameterization]: Param 'ompl.resample_dt' was not set. Using default value: 0.100000
[move_group-8] [INFO] [1747319753.831992488] [moveit_ros.add_time_optimal_parameterization]: Param 'ompl.min_angle_change' was not set. Using default value: 0.001000
[move_group-8] [INFO] [1747319753.832043707] [moveit_ros.fix_workspace_bounds]: Param 'ompl.default_workspace_bounds' was not set. Using default value: 10.000000
[move_group-8] [INFO] [1747319753.832071794] [moveit_ros.fix_start_state_bounds]: Param 'ompl.start_state_max_bounds_error' was set to 0.100000
[move_group-8] [INFO] [1747319753.832081836] [moveit_ros.fix_start_state_bounds]: Param 'ompl.start_state_max_dt' was not set. Using default value: 0.500000
[move_group-8] [INFO] [1747319753.832102305] [moveit_ros.fix_start_state_collision]: Param 'ompl.start_state_max_dt' was not set. Using default value: 0.500000
[move_group-8] [INFO] [1747319753.832113328] [moveit_ros.fix_start_state_collision]: Param 'ompl.jiggle_fraction' was set to 0.050000
[move_group-8] [INFO] [1747319753.832133196] [moveit_ros.fix_start_state_collision]: Param 'ompl.max_sampling_attempts' was not set. Using default value: 100
[move_group-8] [INFO] [1747319753.832155076] [moveit.ros_planning.planning_pipeline]: Using planning request adapter 'Add Time Optimal Parameterization'
[move_group-8] [INFO] [1747319753.832164692] [moveit.ros_planning.planning_pipeline]: Using planning request adapter 'Resolve constraint frames to robot links'
[move_group-8] [INFO] [1747319753.832171176] [moveit.ros_planning.planning_pipeline]: Using planning request adapter 'Fix Workspace Bounds'
[move_group-8] [INFO] [1747319753.832177267] [moveit.ros_planning.planning_pipeline]: Using planning request adapter 'Fix Start State Bounds'
[move_group-8] [INFO] [1747319753.832183158] [moveit.ros_planning.planning_pipeline]: Using planning request adapter 'Fix Start State In Collision'
[move_group-8] [INFO] [1747319753.832189173] [moveit.ros_planning.planning_pipeline]: Using planning request adapter 'Fix Start State Path Constraints'
[move_group-8] [INFO] [1747319753.838318876] [moveit.ros_planning_interface.moveit_cpp]: Loading planning pipeline 'chomp'
[move_group-8] [INFO] [1747319753.855547588] [moveit.ros_planning.planning_pipeline]: Using planning interface 'CHOMP'
[move_group-8] [INFO] [1747319753.864248095] [moveit_ros.add_time_optimal_parameterization]: Param 'chomp.path_tolerance' was not set. Using default value: 0.100000
[move_group-8] [INFO] [1747319753.864281059] [moveit_ros.add_time_optimal_parameterization]: Param 'chomp.resample_dt' was not set. Using default value: 0.100000
[move_group-8] [INFO] [1747319753.864291302] [moveit_ros.add_time_optimal_parameterization]: Param 'chomp.min_angle_change' was not set. Using default value: 0.001000
[move_group-8] [INFO] [1747319753.864330329] [moveit_ros.fix_workspace_bounds]: Param 'chomp.default_workspace_bounds' was not set. Using default value: 10.000000
[move_group-8] [INFO] [1747319753.864360217] [moveit_ros.fix_start_state_bounds]: Param 'chomp.start_state_max_bounds_error' was set to 0.100000
[move_group-8] [INFO] [1747319753.864377445] [moveit_ros.fix_start_state_bounds]: Param 'chomp.start_state_max_dt' was not set. Using default value: 0.500000
[move_group-8] [INFO] [1747319753.864420496] [moveit_ros.fix_start_state_collision]: Param 'chomp.start_state_max_dt' was not set. Using default value: 0.500000
[move_group-8] [INFO] [1747319753.864441398] [moveit_ros.fix_start_state_collision]: Param 'chomp.jiggle_fraction' was set to 0.050000
[move_group-8] [INFO] [1747319753.864458639] [moveit_ros.fix_start_state_collision]: Param 'chomp.max_sampling_attempts' was not set. Using default value: 100
[move_group-8] [INFO] [1747319753.864495997] [moveit.ros_planning.planning_pipeline]: Using planning request adapter 'Add Time Optimal Parameterization'
[move_group-8] [INFO] [1747319753.864513148] [moveit.ros_planning.planning_pipeline]: Using planning request adapter 'Resolve constraint frames to robot links'
[move_group-8] [INFO] [1747319753.864524902] [moveit.ros_planning.planning_pipeline]: Using planning request adapter 'Fix Workspace Bounds'
[move_group-8] [INFO] [1747319753.864531841] [moveit.ros_planning.planning_pipeline]: Using planning request adapter 'Fix Start State Bounds'
[move_group-8] [INFO] [1747319753.864537972] [moveit.ros_planning.planning_pipeline]: Using planning request adapter 'Fix Start State In Collision'
[move_group-8] [INFO] [1747319753.864543922] [moveit.ros_planning.planning_pipeline]: Using planning request adapter 'Fix Start State Path Constraints'
[move_group-8] [INFO] [1747319753.869526364] [moveit.ros_planning_interface.moveit_cpp]: Loading planning pipeline 'pilz_industrial_motion_planner'
[move_group-8] [INFO] [1747319753.880447603] [moveit.pilz_industrial_motion_planner.joint_limits_aggregator]: Reading limits from namespace robot_description_planning
[move_group-8] [WARN] [1747319753.894833352] [moveit.pilz_industrial_motion_planner.joint_limits_aggregator]: Multi-DOF-Joint 'Vjoint_left' not supported.
[move_group-8] [WARN] [1747319753.894897225] [moveit.pilz_industrial_motion_planner.joint_limits_aggregator]: Multi-DOF-Joint 'Vjoint_left' not supported.
[gzserver-1] [WARN] [1747319753.925163625] [rcl]: Found remap rule 'model_states:=model_states'. This syntax is deprecated. Use '--ros-args --remap model_states:=model_states' instead.
[gzserver-1] [WARN] [1747319753.925731802] [rcl]: Found remap rule 'link_states:=link_states'. This syntax is deprecated. Use '--ros-args --remap link_states:=link_states' instead.
[move_group-8] [INFO] [1747319753.994865772] [moveit.pilz_industrial_motion_planner]: Available plugins: pilz_industrial_motion_planner/PlanningContextLoaderCIRC pilz_industrial_motion_planner/PlanningContextLoaderLIN pilz_industrial_motion_planner/PlanningContextLoaderPTP 
[move_group-8] [INFO] [1747319753.994913609] [moveit.pilz_industrial_motion_planner]: About to load: pilz_industrial_motion_planner/PlanningContextLoaderCIRC
[move_group-8] [INFO] [1747319753.998796251] [moveit.pilz_industrial_motion_planner]: Registered Algorithm [CIRC]
[move_group-8] [INFO] [1747319753.998838256] [moveit.pilz_industrial_motion_planner]: About to load: pilz_industrial_motion_planner/PlanningContextLoaderLIN
[gzserver-1] [INFO] [1747319754.000050983] [state.gazebo_ros_state]: Publishing states of gazebo models at [/state/model_states]
[move_group-8] [INFO] [1747319754.001160288] [moveit.pilz_industrial_motion_planner]: Registered Algorithm [LIN]
[move_group-8] [INFO] [1747319754.001199493] [moveit.pilz_industrial_motion_planner]: About to load: pilz_industrial_motion_planner/PlanningContextLoaderPTP
[move_group-8] [INFO] [1747319754.003709848] [moveit.pilz_industrial_motion_planner]: Registered Algorithm [PTP]
[move_group-8] [INFO] [1747319754.003794320] [moveit.ros_planning.planning_pipeline]: Using planning interface 'Pilz Industrial Motion Planner'
[gzserver-1] [INFO] [1747319754.003877412] [state.gazebo_ros_state]: Publishing states of gazebo links at [/state/link_states]
[spawn_entity.py-5] [INFO] [1747319754.012435369] [left]: Calling service /spawn_entity
[move_group-8] [WARN] [1747319754.023065935] [moveit_ros.trajectory_execution_manager]: moveit_ros_control_interface/MoveItControllerManager is deprecated. Replace with `moveit_ros_control_interface/MoveItControllerManager.`
[spawn_entity.py-15] [INFO] [1747319754.037434930] [right]: Calling service /spawn_entity
[move_group-8] [INFO] [1747319754.410154110] [moveit.plugins.ros_control_interface]: Started moveit_ros_control_interface::Ros2ControlManager for namespace 
[gzserver-1] [INFO] [1747319755.009315430] [left_summit_imu_imu_plugin]: <initial_orientation_as_reference> is unset, using default value of false to comply with REP 145 (world as orientation reference)
[spawn_entity.py-5] [INFO] [1747319755.352241136] [left]: Spawn status: SpawnEntity: Successfully spawned entity [left_robot]
[spawn_entity.py-5] [INFO] [1747319755.368830421] [left]: Calling service /unpause_physics
[move_group-8] [WARN] [1747319755.422111878] [moveit.plugins.ros_control_interface]: Failed to read controllers from /controller_manager/list_controllers within 1 seconds
[INFO] [spawn_entity.py-5]: process has finished cleanly [pid 62844]
[move_group-8] [WARN] [1747319756.422580725] [moveit.plugins.ros_control_interface]: Failed to read controllers from /controller_manager/list_controllers within 1 seconds
[ERROR] [gzserver-1]: process has died [pid 62836, exit code -11, cmd 'gzserver /ros2_ws/install/ur/share/ur/xacro/gazebo.world --physics False -slibgazebo_ros_init.so -slibgazebo_ros_factory.so -slibgazebo_ros_force_system.so'].
[move_group-8] [WARN] [1747319757.422799978] [moveit.plugins.ros_control_interface]: Failed to read controllers from /controller_manager/list_controllers within 1 seconds
[move_group-8] [INFO] [1747319757.425415993] [moveit_ros.trajectory_execution_manager]: Trajectory execution is managing controllers
[move_group-8] [INFO] [1747319757.425448206] [move_group.move_group]: MoveGroup debug mode is ON
[move_group-8] [INFO] [1747319757.519257176] [move_group.move_group]: 
[move_group-8] 
[move_group-8] ********************************************************
[move_group-8] * MoveGroup using: 
[move_group-8] *     - ApplyPlanningSceneService
[move_group-8] *     - ClearOctomapService
[move_group-8] *     - ExecuteTaskSolution
[move_group-8] *     - CartesianPathService
[move_group-8] *     - ExecuteTrajectoryAction
[move_group-8] *     - GetPlanningSceneService
[move_group-8] *     - KinematicsService
[move_group-8] *     - MoveAction
[move_group-8] *     - MotionPlanService
[move_group-8] *     - QueryPlannersService
[move_group-8] *     - StateValidationService
[move_group-8] ********************************************************
[move_group-8] 
[move_group-8] [INFO] [1747319757.519320435] [moveit_move_group_capabilities_base.move_group_context]: MoveGroup context using planning plugin ompl_interface/OMPLPlanner
[move_group-8] [INFO] [1747319757.519334408] [moveit_move_group_capabilities_base.move_group_context]: MoveGroup context initialization complete
[move_group-8] [96mLoading 'move_group/ApplyPlanningSceneService'...
[move_group-8] [0m[96mLoading 'move_group/ClearOctomapService'...
[move_group-8] [0m[96mLoading 'move_group/ExecuteTaskSolutionCapability'...
[move_group-8] [0m[96mLoading 'move_group/MoveGroupCartesianPathService'...
[move_group-8] [0m[96mLoading 'move_group/MoveGroupExecuteTrajectoryAction'...
[move_group-8] [0m[96mLoading 'move_group/MoveGroupGetPlanningSceneService'...
[move_group-8] [0m[96mLoading 'move_group/MoveGroupKinematicsService'...
[move_group-8] [0m[96mLoading 'move_group/MoveGroupMoveAction'...
[move_group-8] [0m[96mLoading 'move_group/MoveGroupPlanService'...
[move_group-8] [0m[96mLoading 'move_group/MoveGroupQueryPlannersService'...
[move_group-8] [0m[96mLoading 'move_group/MoveGroupStateValidationService'...
[move_group-8] [0m[92m
[move_group-8] You can start planning now!
[move_group-8] 
[INFO] [gzclient-2]: process has finished cleanly [pid 62838]
[spawner-7] [WARN] [1747319760.983974495] [left.spawner_ur_left_joint_group_vel_controller]: Could not contact service /left/controller_manager/list_controllers
[spawner-7] [INFO] [1747319760.984616201] [left.spawner_ur_left_joint_group_vel_controller]: waiting for service /left/controller_manager/list_controllers to become available...
[spawner-16] [FATAL] [1747319761.348602687] [right.spawner_joint_state_broadcaster]: Could not contact service /right/controller_manager/list_controllers
[spawner-17] [WARN] [1747319761.378135504] [right.spawner_ur_right_joint_group_vel_controller]: Could not contact service /right/controller_manager/list_controllers
[spawner-17] [INFO] [1747319761.379318968] [right.spawner_ur_right_joint_group_vel_controller]: waiting for service /right/controller_manager/list_controllers to become available...
[spawner-6] [FATAL] [1747319761.484657841] [left.spawner_joint_state_broadcaster]: Could not contact service /left/controller_manager/list_controllers
[ERROR] [spawner-16]: process has died [pid 62914, exit code 1, cmd '/opt/ros/humble/lib/controller_manager/spawner joint_state_broadcaster -c /right/controller_manager --controller-manager-timeout 10 --ros-args -r __ns:=/right'].
[ERROR] [spawner-6]: process has died [pid 62846, exit code 1, cmd '/opt/ros/humble/lib/controller_manager/spawner joint_state_broadcaster -c /left/controller_manager --controller-manager-timeout 10 --ros-args -r __ns:=/left'].
[WARNING] [launch]: user interrupted with ctrl-c (SIGINT)
[static_transform_publisher-19] [INFO] [1747319763.145522649] [rclcpp]: signal_handler(signum=2)
[static_transform_publisher-21] [INFO] [1747319763.145514186] [rclcpp]: signal_handler(signum=2)
[static_transform_publisher-23] [INFO] [1747319763.145514337] [rclcpp]: signal_handler(signum=2)
[static_transform_publisher-22] [INFO] [1747319763.145514980] [rclcpp]: signal_handler(signum=2)
[rviz2-3] [INFO] [1747319763.145563583] [rclcpp]: signal_handler(signum=2)
[robot_state_publisher-14] [INFO] [1747319763.145602197] [rclcpp]: signal_handler(signum=2)
[static_transform_publisher-20] [INFO] [1747319763.145633800] [rclcpp]: signal_handler(signum=2)
[static_transform_publisher-13] [INFO] [1747319763.145696818] [rclcpp]: signal_handler(signum=2)
[static_transform_publisher-9] [INFO] [1747319763.145757216] [rclcpp]: signal_handler(signum=2)
[static_transform_publisher-12] [INFO] [1747319763.145799312] [rclcpp]: signal_handler(signum=2)
[static_transform_publisher-11] [INFO] [1747319763.145899285] [rclcpp]: signal_handler(signum=2)
[static_transform_publisher-10] [INFO] [1747319763.145899177] [rclcpp]: signal_handler(signum=2)
[robot_state_publisher-4] [INFO] [1747319763.145995834] [rclcpp]: signal_handler(signum=2)
[move_group-8] [INFO] [1747319763.146555648] [rclcpp]: signal_handler(signum=2)
[spawn_entity.py-15] Traceback (most recent call last):
[spawn_entity.py-15]   File "/opt/ros/humble/lib/gazebo_ros/spawn_entity.py", line 370, in <module>
[spawn_entity.py-15]     main()
[spawn_entity.py-15]   File "/opt/ros/humble/lib/gazebo_ros/spawn_entity.py", line 365, in main
[spawn_entity.py-15]     exit_code = spawn_entity_node.run()
[spawn_entity.py-15]   File "/opt/ros/humble/lib/gazebo_ros/spawn_entity.py", line 228, in run
[spawn_entity.py-15]     success = self._spawn_entity(entity_xml, initial_pose, spawn_service_timeout)
[spawn_entity.py-15]   File "/opt/ros/humble/lib/gazebo_ros/spawn_entity.py", line 289, in _spawn_entity
[spawn_entity.py-15]     rclpy.spin_once(self)
[spawn_entity.py-15]   File "/opt/ros/humble/local/lib/python3.10/dist-packages/rclpy/__init__.py", line 202, in spin_once
[spawn_entity.py-15]     executor.spin_once(timeout_sec=timeout_sec)
[spawn_entity.py-15]   File "/opt/ros/humble/local/lib/python3.10/dist-packages/rclpy/executors.py", line 739, in spin_once
[spawn_entity.py-15]     self._spin_once_impl(timeout_sec)
[spawn_entity.py-15]   File "/opt/ros/humble/local/lib/python3.10/dist-packages/rclpy/executors.py", line 728, in _spin_once_impl
[spawn_entity.py-15]     handler, entity, node = self.wait_for_ready_callbacks(timeout_sec=timeout_sec)
[spawn_entity.py-15]   File "/opt/ros/humble/local/lib/python3.10/dist-packages/rclpy/executors.py", line 711, in wait_for_ready_callbacks
[spawn_entity.py-15]     return next(self._cb_iter)
[spawn_entity.py-15]   File "/opt/ros/humble/local/lib/python3.10/dist-packages/rclpy/executors.py", line 608, in _wait_for_ready_callbacks
[spawn_entity.py-15]     wait_set.wait(timeout_nsec)
[spawn_entity.py-15] KeyboardInterrupt
[rviz2-3] [ERROR] [1747319765.272448574] [rviz2]: Could not find parameter robot_description and did not receive robot_description via std_msgs::msg::String subscription within 10.000000 seconds.
[rviz2-3] [ERROR] [1747319765.283879743] [moveit_background_processing.background_processing]: Exception caught while processing action 'loadRobotModel': failed to create guard condition: the given context is not valid, either rcl_init() was not called or rcl_shutdown() was called., at ./src/rcl/guard_condition.c:67
[move_group-8] [INFO] [1747319765.361233101] [moveit.ros_planning_interface.moveit_cpp]: Deleting MoveItCpp
[move_group-8] [INFO] [1747319765.363926425] [moveit_ros.planning_scene_monitor.planning_scene_monitor]: Stopped publishing maintained planning scene.
[move_group-8] [INFO] [1747319765.372647858] [moveit_ros.planning_scene_monitor.planning_scene_monitor]: Stopping world geometry monitor
[INFO] [static_transform_publisher-23]: process has finished cleanly [pid 62980]
[move_group-8] [INFO] [1747319765.383863026] [moveit_ros.planning_scene_monitor.planning_scene_monitor]: Stopping planning scene monitor
[INFO] [static_transform_publisher-21]: process has finished cleanly [pid 62960]
[move_group-8] Warning: class_loader.ClassLoader: SEVERE WARNING!!! Attempting to unload library while objects created by this loader exist in the heap! You should delete your objects before attempting to unload the library or destroying the ClassLoader. The library will NOT be unloaded.
[move_group-8]          at line 127 in ./src/class_loader.cpp
[ERROR] [spawn_entity.py-15]: process has died [pid 62894, exit code -2, cmd '/opt/ros/humble/lib/gazebo_ros/spawn_entity.py -entity right_robot -topic /right/robot_description -x 0.66 -y 0 -z 0 -timeout 5 -unpause --ros-args -r __node:=right'].
[INFO] [static_transform_publisher-20]: process has finished cleanly [pid 62956]
[INFO] [static_transform_publisher-11]: process has finished cleanly [pid 62866]
[INFO] [static_transform_publisher-22]: process has finished cleanly [pid 62967]
[INFO] [static_transform_publisher-12]: process has finished cleanly [pid 62876]
[INFO] [static_transform_publisher-13]: process has finished cleanly [pid 62880]
[INFO] [static_transform_publisher-10]: process has finished cleanly [pid 62864]
[INFO] [static_transform_publisher-9]: process has finished cleanly [pid 62854]
[INFO] [static_transform_publisher-19]: process has finished cleanly [pid 62951]
[INFO] [robot_state_publisher-4]: process has finished cleanly [pid 62842]
[INFO] [robot_state_publisher-14]: process has finished cleanly [pid 62890]
[INFO] [spawner-7]: process has finished cleanly [pid 62848]
[INFO] [spawner-17]: process has finished cleanly [pid 62930]
[INFO] [rviz2-3]: process has finished cleanly [pid 62840]
[move_group-8] Stack trace (most recent call last):
[move_group-8] #11   Object "", at 0xffffffffffffffff, in 
[move_group-8] #10   Object "/ros2_ws/build/moveit_ros_move_group/move_group", at 0x556c6ea9eeb4, in _start
[move_group-8] #9    Object "/usr/lib/x86_64-linux-gnu/libc.so.6", at 0x7ffb579dee3f, in __libc_start_main
[move_group-8] #8    Object "/usr/lib/x86_64-linux-gnu/libc.so.6", at 0x7ffb579ded8f, in 
[move_group-8] #7    Object "/ros2_ws/build/moveit_ros_move_group/move_group", at 0x556c6ea9e483, in main
[move_group-8] #6    Object "/ros2_ws/build/moveit_ros_move_group/move_group", at 0x556c6eaa59c1, in std::_Sp_counted_base<(__gnu_cxx::_Lock_policy)2>::_M_release()
[move_group-8] #5    Object "/opt/ros/humble/lib/librclcpp.so", at 0x7ffb57f0384e, in rclcpp::Node::~Node()
[move_group-8] #4    Object "/opt/ros/humble/lib/librclcpp.so", at 0x7ffb57edec69, in 
[move_group-8] #3    Object "/opt/ros/humble/lib/librclcpp.so", at 0x7ffb57f0cef9, in 
[move_group-8] #2    Object "/opt/ros/humble/lib/librclcpp.so", at 0x7ffb57f0ce40, in rclcpp::node_interfaces::NodeBase::~NodeBase()
[move_group-8] #1    Object "/opt/ros/humble/lib/librclcpp.so", at 0x7ffb57edec69, in 
[move_group-8] #0    Object "/opt/ros/humble/lib/librclcpp.so", at 0x7ffb57ee39e1, in rclcpp::CallbackGroup::~CallbackGroup()
[move_group-8] Segmentation fault (Address not mapped to object [0x7ffb4c524c70])
[ERROR] [move_group-8]: process has died [pid 62850, exit code -11, cmd '/ros2_ws/install/moveit_ros_move_group/lib/moveit_ros_move_group/move_group --ros-args -r __ns:=/left --params-file /tmp/launch_params_io4c19gw --params-file /tmp/launch_params__zdfy4cp --params-file /tmp/launch_params_qel2i7av --params-file /tmp/launch_params_xm45aw1x --params-file /tmp/launch_params_9wlsegok'].
[move_group-8] [0m
