[INFO] [launch]: All log files can be found below /root/.ros/log/2025-05-15-13-03-24-112166-outlander-Aspire-V3-571G-31204
[INFO] [launch]: Default logging verbosity is set to INFO
[INFO] [gzserver-1]: process started with pid [31207]
[INFO] [gzclient-2]: process started with pid [31209]
[INFO] [rviz2-3]: process started with pid [31211]
[INFO] [robot_state_publisher-4]: process started with pid [31213]
[INFO] [spawn_entity.py-5]: process started with pid [31215]
[INFO] [spawner-6]: process started with pid [31217]
[INFO] [spawner-7]: process started with pid [31219]
[INFO] [move_group-8]: process started with pid [31221]
[INFO] [static_transform_publisher-9]: process started with pid [31223]
[INFO] [static_transform_publisher-10]: process started with pid [31225]
[INFO] [static_transform_publisher-11]: process started with pid [31227]
[INFO] [static_transform_publisher-12]: process started with pid [31229]
[INFO] [static_transform_publisher-13]: process started with pid [31231]
[INFO] [robot_state_publisher-14]: process started with pid [31233]
[INFO] [spawn_entity.py-15]: process started with pid [31235]
[INFO] [spawner-16]: process started with pid [31237]
[INFO] [spawner-17]: process started with pid [31239]
[INFO] [move_group-18]: process started with pid [31241]
[INFO] [static_transform_publisher-19]: process started with pid [31243]
[INFO] [static_transform_publisher-20]: process started with pid [31245]
[INFO] [static_transform_publisher-21]: process started with pid [31247]
[INFO] [static_transform_publisher-22]: process started with pid [31249]
[INFO] [static_transform_publisher-23]: process started with pid [31251]
[static_transform_publisher-9] [WARN] [1747314208.755116569] []: Old-style arguments are deprecated; see --help for new-style arguments
[static_transform_publisher-10] [WARN] [1747314208.756081343] []: Old-style arguments are deprecated; see --help for new-style arguments
[static_transform_publisher-11] [WARN] [1747314208.755116010] []: Old-style arguments are deprecated; see --help for new-style arguments
[static_transform_publisher-20] [WARN] [1747314208.756261171] []: Old-style arguments are deprecated; see --help for new-style arguments
[static_transform_publisher-19] [WARN] [1747314208.762899054] []: Old-style arguments are deprecated; see --help for new-style arguments
[static_transform_publisher-12] [WARN] [1747314208.766933145] []: Old-style arguments are deprecated; see --help for new-style arguments
[static_transform_publisher-13] [WARN] [1747314208.775502720] []: Old-style arguments are deprecated; see --help for new-style arguments
[static_transform_publisher-21] [WARN] [1747314208.801828835] []: Old-style arguments are deprecated; see --help for new-style arguments
[static_transform_publisher-22] [WARN] [1747314208.825967243] []: Old-style arguments are deprecated; see --help for new-style arguments
[static_transform_publisher-9] [INFO] [1747314208.907576170] [left.static_transform_publisher]: Spinning until stopped - publishing transform
[static_transform_publisher-9] translation: ('-0.660000', '0.000000', '0.000000')
[static_transform_publisher-9] rotation: ('0.000000', '0.000000', '0.000000', '1.000000')
[static_transform_publisher-9] from 'world' to 'left_summit_odom'
[static_transform_publisher-10] [INFO] [1747314208.913968907] [left_static_transform_publisher_back_left]: Spinning until stopped - publishing transform
[static_transform_publisher-10] translation: ('0.250000', '0.150000', '0.000000')
[static_transform_publisher-10] rotation: ('0.000000', '0.000000', '0.000000', '1.000000')
[static_transform_publisher-10] from 'left_summit_base_link' to 'left_summit_back_left_wheel_link'
[static_transform_publisher-20] [INFO] [1747314208.917123583] [right_static_transform_publisher_back_left]: Spinning until stopped - publishing transform
[static_transform_publisher-20] translation: ('0.250000', '0.150000', '0.000000')
[static_transform_publisher-20] rotation: ('0.000000', '0.000000', '0.000000', '1.000000')
[static_transform_publisher-20] from 'right_summit_base_link' to 'right_summit_back_left_wheel_link'
[static_transform_publisher-13] [INFO] [1747314208.929862995] [static_transform_publisher_front_right]: Spinning until stopped - publishing transform
[static_transform_publisher-13] translation: ('-0.250000', '-0.150000', '0.000000')
[static_transform_publisher-13] rotation: ('0.000000', '0.000000', '0.000000', '1.000000')
[static_transform_publisher-13] from 'left_summit_base_link' to 'left_summit_front_right_wheel_link'
[static_transform_publisher-12] [INFO] [1747314208.943473631] [left_static_transform_publisher_front_left]: Spinning until stopped - publishing transform
[static_transform_publisher-12] translation: ('-0.250000', '0.150000', '0.000000')
[static_transform_publisher-12] rotation: ('0.000000', '0.000000', '0.000000', '1.000000')
[static_transform_publisher-12] from 'left_summit_base_link' to 'left_summit_front_left_wheel_link'
[static_transform_publisher-19] [INFO] [1747314208.948885609] [right.static_transform_publisher]: Spinning until stopped - publishing transform
[static_transform_publisher-19] translation: ('0.660000', '0.000000', '0.000000')
[static_transform_publisher-19] rotation: ('0.000000', '0.000000', '0.000000', '1.000000')
[static_transform_publisher-19] from 'world' to 'right_summit_odom'
[static_transform_publisher-11] [INFO] [1747314208.952386998] [left_static_transform_publisher_back_right]: Spinning until stopped - publishing transform
[static_transform_publisher-11] translation: ('0.250000', '-0.150000', '0.000000')
[static_transform_publisher-11] rotation: ('0.000000', '0.000000', '0.000000', '1.000000')
[static_transform_publisher-11] from 'left_summit_base_link' to 'left_summit_back_right_wheel_link'
[static_transform_publisher-22] [INFO] [1747314208.961189981] [right_static_transform_publisher_front_left]: Spinning until stopped - publishing transform
[static_transform_publisher-22] translation: ('-0.250000', '0.150000', '0.000000')
[static_transform_publisher-22] rotation: ('0.000000', '0.000000', '0.000000', '1.000000')
[static_transform_publisher-22] from 'right_summit_base_link' to 'right_summit_front_left_wheel_link'
[robot_state_publisher-14] [INFO] [1747314208.983648489] [right.robot_state_publisher]: got segment right_summit_back_left_wheel_link
[robot_state_publisher-14] [INFO] [1747314208.983846002] [right.robot_state_publisher]: got segment right_summit_back_right_wheel_link
[robot_state_publisher-14] [INFO] [1747314208.983885351] [right.robot_state_publisher]: got segment right_summit_base_chapa
[robot_state_publisher-14] [INFO] [1747314208.983910347] [right.robot_state_publisher]: got segment right_summit_base_docking_contact
[robot_state_publisher-14] [INFO] [1747314208.983931374] [right.robot_state_publisher]: got segment right_summit_base_footprint
[robot_state_publisher-14] [INFO] [1747314208.983949066] [right.robot_state_publisher]: got segment right_summit_base_link
[robot_state_publisher-14] [INFO] [1747314208.983965953] [right.robot_state_publisher]: got segment right_summit_base_logo_front
[robot_state_publisher-14] [INFO] [1747314208.983981526] [right.robot_state_publisher]: got segment right_summit_base_logo_left
[robot_state_publisher-14] [INFO] [1747314208.983997708] [right.robot_state_publisher]: got segment right_summit_base_logo_rear
[robot_state_publisher-14] [INFO] [1747314208.984012984] [right.robot_state_publisher]: got segment right_summit_base_logo_right
[robot_state_publisher-14] [INFO] [1747314208.984028959] [right.robot_state_publisher]: got segment right_summit_front_laser_base_link
[robot_state_publisher-14] [INFO] [1747314208.984044104] [right.robot_state_publisher]: got segment right_summit_front_laser_link
[robot_state_publisher-14] [INFO] [1747314208.984061401] [right.robot_state_publisher]: got segment right_summit_front_left_wheel_link
[robot_state_publisher-14] [INFO] [1747314208.984079922] [right.robot_state_publisher]: got segment right_summit_front_right_wheel_link
[robot_state_publisher-14] [INFO] [1747314208.984098549] [right.robot_state_publisher]: got segment right_summit_imu_link
[robot_state_publisher-14] [INFO] [1747314208.984222850] [right.robot_state_publisher]: got segment right_summit_rear_laser_base_link
[robot_state_publisher-14] [INFO] [1747314208.984249339] [right.robot_state_publisher]: got segment right_summit_rear_laser_link
[robot_state_publisher-14] [INFO] [1747314208.984267443] [right.robot_state_publisher]: got segment ur_right_base
[robot_state_publisher-14] [INFO] [1747314208.984284197] [right.robot_state_publisher]: got segment ur_right_base_link
[robot_state_publisher-14] [INFO] [1747314208.984302430] [right.robot_state_publisher]: got segment ur_right_base_link_inertia
[robot_state_publisher-14] [INFO] [1747314208.984321968] [right.robot_state_publisher]: got segment ur_right_finger_left
[robot_state_publisher-14] [INFO] [1747314208.984340470] [right.robot_state_publisher]: got segment ur_right_finger_right
[robot_state_publisher-14] [INFO] [1747314208.984358696] [right.robot_state_publisher]: got segment ur_right_finger_tip
[robot_state_publisher-14] [INFO] [1747314208.984377190] [right.robot_state_publisher]: got segment ur_right_flange
[robot_state_publisher-14] [INFO] [1747314208.984395948] [right.robot_state_publisher]: got segment ur_right_forearm_link
[robot_state_publisher-14] [INFO] [1747314208.984415643] [right.robot_state_publisher]: got segment ur_right_ft_frame
[robot_state_publisher-14] [INFO] [1747314208.984434084] [right.robot_state_publisher]: got segment ur_right_robotiq_hand
[robot_state_publisher-14] [INFO] [1747314208.984453772] [right.robot_state_publisher]: got segment ur_right_shoulder_link
[robot_state_publisher-14] [INFO] [1747314208.984473352] [right.robot_state_publisher]: got segment ur_right_tool0
[robot_state_publisher-14] [INFO] [1747314208.984492351] [right.robot_state_publisher]: got segment ur_right_upper_arm_link
[robot_state_publisher-14] [INFO] [1747314208.984512100] [right.robot_state_publisher]: got segment ur_right_wrist_1_link
[robot_state_publisher-14] [INFO] [1747314208.984531265] [right.robot_state_publisher]: got segment ur_right_wrist_2_link
[robot_state_publisher-14] [INFO] [1747314208.984550522] [right.robot_state_publisher]: got segment ur_right_wrist_3_link
[static_transform_publisher-21] [INFO] [1747314208.993476735] [right_static_transform_publisher_back_right]: Spinning until stopped - publishing transform
[static_transform_publisher-21] translation: ('0.250000', '-0.150000', '0.000000')
[static_transform_publisher-21] rotation: ('0.000000', '0.000000', '0.000000', '1.000000')
[static_transform_publisher-21] from 'right_summit_base_link' to 'right_summit_back_right_wheel_link'
[static_transform_publisher-23] [WARN] [1747314209.029402876] []: Old-style arguments are deprecated; see --help for new-style arguments
[robot_state_publisher-4] [INFO] [1747314209.042035873] [left.robot_state_publisher]: got segment left_summit_back_left_wheel_link
[robot_state_publisher-4] [INFO] [1747314209.042174231] [left.robot_state_publisher]: got segment left_summit_back_right_wheel_link
[robot_state_publisher-4] [INFO] [1747314209.042200853] [left.robot_state_publisher]: got segment left_summit_base_chapa
[robot_state_publisher-4] [INFO] [1747314209.042221268] [left.robot_state_publisher]: got segment left_summit_base_docking_contact
[robot_state_publisher-4] [INFO] [1747314209.042240625] [left.robot_state_publisher]: got segment left_summit_base_footprint
[robot_state_publisher-4] [INFO] [1747314209.042260438] [left.robot_state_publisher]: got segment left_summit_base_link
[robot_state_publisher-4] [INFO] [1747314209.042278796] [left.robot_state_publisher]: got segment left_summit_base_logo_front
[robot_state_publisher-4] [INFO] [1747314209.042297372] [left.robot_state_publisher]: got segment left_summit_base_logo_left
[robot_state_publisher-4] [INFO] [1747314209.042315582] [left.robot_state_publisher]: got segment left_summit_base_logo_rear
[robot_state_publisher-4] [INFO] [1747314209.042333985] [left.robot_state_publisher]: got segment left_summit_base_logo_right
[robot_state_publisher-4] [INFO] [1747314209.042352225] [left.robot_state_publisher]: got segment left_summit_front_laser_base_link
[robot_state_publisher-4] [INFO] [1747314209.042370107] [left.robot_state_publisher]: got segment left_summit_front_laser_link
[robot_state_publisher-4] [INFO] [1747314209.042387818] [left.robot_state_publisher]: got segment left_summit_front_left_wheel_link
[robot_state_publisher-4] [INFO] [1747314209.042405486] [left.robot_state_publisher]: got segment left_summit_front_right_wheel_link
[robot_state_publisher-4] [INFO] [1747314209.042423690] [left.robot_state_publisher]: got segment left_summit_imu_link
[robot_state_publisher-4] [INFO] [1747314209.042441980] [left.robot_state_publisher]: got segment left_summit_rear_laser_base_link
[robot_state_publisher-4] [INFO] [1747314209.042459326] [left.robot_state_publisher]: got segment left_summit_rear_laser_link
[robot_state_publisher-4] [INFO] [1747314209.042477216] [left.robot_state_publisher]: got segment ur_left_base
[robot_state_publisher-4] [INFO] [1747314209.042495056] [left.robot_state_publisher]: got segment ur_left_base_link
[robot_state_publisher-4] [INFO] [1747314209.042512995] [left.robot_state_publisher]: got segment ur_left_base_link_inertia
[robot_state_publisher-4] [INFO] [1747314209.042531463] [left.robot_state_publisher]: got segment ur_left_finger_left
[robot_state_publisher-4] [INFO] [1747314209.042549441] [left.robot_state_publisher]: got segment ur_left_finger_right
[robot_state_publisher-4] [INFO] [1747314209.042568208] [left.robot_state_publisher]: got segment ur_left_finger_tip
[robot_state_publisher-4] [INFO] [1747314209.042586615] [left.robot_state_publisher]: got segment ur_left_flange
[robot_state_publisher-4] [INFO] [1747314209.042607049] [left.robot_state_publisher]: got segment ur_left_forearm_link
[robot_state_publisher-4] [INFO] [1747314209.042627420] [left.robot_state_publisher]: got segment ur_left_ft_frame
[robot_state_publisher-4] [INFO] [1747314209.042643369] [left.robot_state_publisher]: got segment ur_left_robotiq_hand
[robot_state_publisher-4] [INFO] [1747314209.042659042] [left.robot_state_publisher]: got segment ur_left_shoulder_link
[robot_state_publisher-4] [INFO] [1747314209.042675054] [left.robot_state_publisher]: got segment ur_left_tool0
[robot_state_publisher-4] [INFO] [1747314209.042689377] [left.robot_state_publisher]: got segment ur_left_upper_arm_link
[robot_state_publisher-4] [INFO] [1747314209.042704460] [left.robot_state_publisher]: got segment ur_left_wrist_1_link
[robot_state_publisher-4] [INFO] [1747314209.042718970] [left.robot_state_publisher]: got segment ur_left_wrist_2_link
[robot_state_publisher-4] [INFO] [1747314209.042735274] [left.robot_state_publisher]: got segment ur_left_wrist_3_link
[static_transform_publisher-23] [INFO] [1747314209.090984829] [static_transform_publisher_front_right]: Spinning until stopped - publishing transform
[static_transform_publisher-23] translation: ('-0.250000', '-0.150000', '0.000000')
[static_transform_publisher-23] rotation: ('0.000000', '0.000000', '0.000000', '1.000000')
[static_transform_publisher-23] from 'right_summit_base_link' to 'right_summit_front_right_wheel_link'
[move_group-18] [INFO] [1747314209.464570925] [moveit_rdf_loader.rdf_loader]: Loaded robot model in 0.0304865 seconds
[move_group-18] [INFO] [1747314209.464696550] [moveit_robot_model.robot_model]: Loading robot model 'dual'...
[move_group-18] [WARN] [1747314209.466104191] [moveit_robot_model.robot_model]: Link right_summit_base_footprint has visual geometry but no collision geometry. Collision geometry will be left empty. Fix your URDF file by explicitly specifying collision geometry.
[rviz2-3] QStandardPaths: XDG_RUNTIME_DIR not set, defaulting to '/tmp/runtime-root'
[move_group-8] [INFO] [1747314209.503640476] [moveit_rdf_loader.rdf_loader]: Loaded robot model in 0.012743 seconds
[move_group-8] [INFO] [1747314209.503751454] [moveit_robot_model.robot_model]: Loading robot model 'dual'...
[move_group-8] [WARN] [1747314209.503830721] [moveit_robot_model.robot_model]: Link left_summit_base_footprint has visual geometry but no collision geometry. Collision geometry will be left empty. Fix your URDF file by explicitly specifying collision geometry.
[move_group-8] [WARN] [1747314209.534459292] [moveit_robot_model.robot_model]: Link left_summit_base_logo_front has visual geometry but no collision geometry. Collision geometry will be left empty. Fix your URDF file by explicitly specifying collision geometry.
[move_group-8] [WARN] [1747314209.534516638] [moveit_robot_model.robot_model]: Link left_summit_base_logo_left has visual geometry but no collision geometry. Collision geometry will be left empty. Fix your URDF file by explicitly specifying collision geometry.
[move_group-8] [WARN] [1747314209.534540757] [moveit_robot_model.robot_model]: Link left_summit_base_logo_rear has visual geometry but no collision geometry. Collision geometry will be left empty. Fix your URDF file by explicitly specifying collision geometry.
[move_group-8] [WARN] [1747314209.534561462] [moveit_robot_model.robot_model]: Link left_summit_base_logo_right has visual geometry but no collision geometry. Collision geometry will be left empty. Fix your URDF file by explicitly specifying collision geometry.
[move_group-8] [WARN] [1747314209.534581696] [moveit_robot_model.robot_model]: Link left_summit_base_chapa has visual geometry but no collision geometry. Collision geometry will be left empty. Fix your URDF file by explicitly specifying collision geometry.
[move_group-18] [WARN] [1747314209.536893081] [moveit_robot_model.robot_model]: Link right_summit_base_logo_front has visual geometry but no collision geometry. Collision geometry will be left empty. Fix your URDF file by explicitly specifying collision geometry.
[move_group-18] [WARN] [1747314209.536979709] [moveit_robot_model.robot_model]: Link right_summit_base_logo_left has visual geometry but no collision geometry. Collision geometry will be left empty. Fix your URDF file by explicitly specifying collision geometry.
[move_group-18] [WARN] [1747314209.537013337] [moveit_robot_model.robot_model]: Link right_summit_base_logo_rear has visual geometry but no collision geometry. Collision geometry will be left empty. Fix your URDF file by explicitly specifying collision geometry.
[move_group-18] [WARN] [1747314209.537040549] [moveit_robot_model.robot_model]: Link right_summit_base_logo_right has visual geometry but no collision geometry. Collision geometry will be left empty. Fix your URDF file by explicitly specifying collision geometry.
[move_group-18] [WARN] [1747314209.537063240] [moveit_robot_model.robot_model]: Link right_summit_base_chapa has visual geometry but no collision geometry. Collision geometry will be left empty. Fix your URDF file by explicitly specifying collision geometry.
[move_group-8] [WARN] [1747314209.544853522] [moveit_robot_model.robot_model]: Link left_summit_imu_link has visual geometry but no collision geometry. Collision geometry will be left empty. Fix your URDF file by explicitly specifying collision geometry.
[move_group-18] [WARN] [1747314209.547044078] [moveit_robot_model.robot_model]: Link right_summit_imu_link has visual geometry but no collision geometry. Collision geometry will be left empty. Fix your URDF file by explicitly specifying collision geometry.
[spawner-17] [INFO] [1747314210.254786458] [right.spawner_ur_right_joint_group_vel_controller]: waiting for service /right/controller_manager/list_controllers to become available...
[spawner-6] [INFO] [1747314210.277549961] [left.spawner_joint_state_broadcaster]: waiting for service /left/controller_manager/list_controllers to become available...
[spawner-7] [INFO] [1747314210.342674010] [left.spawner_ur_left_joint_group_vel_controller]: waiting for service /left/controller_manager/list_controllers to become available...
[spawner-16] [INFO] [1747314210.364738809] [right.spawner_joint_state_broadcaster]: waiting for service /right/controller_manager/list_controllers to become available...
[spawn_entity.py-15] [INFO] [1747314210.760552445] [right]: Spawn Entity started
[spawn_entity.py-15] [INFO] [1747314210.761198215] [right]: Loading entity published on topic /right/robot_description
[spawn_entity.py-15] /opt/ros/humble/local/lib/python3.10/dist-packages/rclpy/qos.py:307: UserWarning: DurabilityPolicy.RMW_QOS_POLICY_DURABILITY_TRANSIENT_LOCAL is deprecated. Use DurabilityPolicy.TRANSIENT_LOCAL instead.
[spawn_entity.py-15]   warnings.warn(
[spawn_entity.py-15] [INFO] [1747314210.778058080] [right]: Waiting for entity xml on /right/robot_description
[move_group-8] [INFO] [1747314211.067993988] [moveit_ros.planning_scene_monitor.planning_scene_monitor]: Publishing maintained planning scene on 'monitored_planning_scene'
[move_group-8] [INFO] [1747314211.068233833] [moveit.ros_planning_interface.moveit_cpp]: Listening to 'joint_states' for joint states
[move_group-8] [INFO] [1747314211.073493923] [moveit_ros.current_state_monitor]: Listening to joint states on topic 'joint_states'
[move_group-8] [INFO] [1747314211.075183666] [moveit_ros.planning_scene_monitor.planning_scene_monitor]: Listening to '/left/attached_collision_object' for attached collision objects
[move_group-8] [INFO] [1747314211.075222856] [moveit_ros.planning_scene_monitor.planning_scene_monitor]: Starting planning scene monitor
[move_group-8] [INFO] [1747314211.076927135] [moveit_ros.planning_scene_monitor.planning_scene_monitor]: Listening to '/left/planning_scene'
[move_group-8] [INFO] [1747314211.076962117] [moveit_ros.planning_scene_monitor.planning_scene_monitor]: Starting world geometry update monitor for collision objects, attached objects, octomap updates.
[move_group-8] [INFO] [1747314211.079039966] [moveit_ros.planning_scene_monitor.planning_scene_monitor]: Listening to 'collision_object'
[move_group-8] [INFO] [1747314211.081409269] [moveit_ros.planning_scene_monitor.planning_scene_monitor]: Listening to 'planning_scene_world' for planning scene world geometry
[move_group-8] [WARN] [1747314211.084891101] [moveit.ros.occupancy_map_monitor.middleware_handle]: Resolution not specified for Octomap. Assuming resolution = 0.1 instead
[move_group-8] [WARN] [1747314211.085613411] [moveit_ros.current_state_monitor]: Unable to update multi-DOF joint 'Vjoint_left':Failure to lookup transform between 'left_summit_odom'and 'left_summit_base_footprint' with TF exception: Could not find a connection between 'left_summit_odom' and 'left_summit_base_footprint' because they are not part of the same tree.Tf has two or more unconnected trees.
[move_group-18] [INFO] [1747314211.119137573] [moveit_ros.planning_scene_monitor.planning_scene_monitor]: Publishing maintained planning scene on 'monitored_planning_scene'
[move_group-18] [INFO] [1747314211.119336911] [moveit.ros_planning_interface.moveit_cpp]: Listening to 'joint_states' for joint states
[move_group-18] [INFO] [1747314211.124354367] [moveit_ros.current_state_monitor]: Listening to joint states on topic 'joint_states'
[move_group-18] [INFO] [1747314211.126151103] [moveit_ros.planning_scene_monitor.planning_scene_monitor]: Listening to '/right/attached_collision_object' for attached collision objects
[move_group-18] [INFO] [1747314211.126191024] [moveit_ros.planning_scene_monitor.planning_scene_monitor]: Starting planning scene monitor
[move_group-18] [INFO] [1747314211.127702728] [moveit_ros.planning_scene_monitor.planning_scene_monitor]: Listening to '/right/planning_scene'
[move_group-18] [INFO] [1747314211.127732639] [moveit_ros.planning_scene_monitor.planning_scene_monitor]: Starting world geometry update monitor for collision objects, attached objects, octomap updates.
[move_group-18] [INFO] [1747314211.129496694] [moveit_ros.planning_scene_monitor.planning_scene_monitor]: Listening to 'collision_object'
[move_group-18] [INFO] [1747314211.131325202] [moveit_ros.planning_scene_monitor.planning_scene_monitor]: Listening to 'planning_scene_world' for planning scene world geometry
[move_group-18] [WARN] [1747314211.133021254] [moveit.ros.occupancy_map_monitor.middleware_handle]: Resolution not specified for Octomap. Assuming resolution = 0.1 instead
[move_group-18] [WARN] [1747314211.135266124] [moveit_ros.current_state_monitor]: Unable to update multi-DOF joint 'Vjoint_right':Failure to lookup transform between 'right_summit_odom'and 'right_summit_base_footprint' with TF exception: Could not find a connection between 'right_summit_odom' and 'right_summit_base_footprint' because they are not part of the same tree.Tf has two or more unconnected trees.
[spawn_entity.py-5] [INFO] [1747314211.224018144] [left]: Spawn Entity started
[spawn_entity.py-5] [INFO] [1747314211.224743878] [left]: Loading entity published on topic /left/robot_description
[spawn_entity.py-5] /opt/ros/humble/local/lib/python3.10/dist-packages/rclpy/qos.py:307: UserWarning: DurabilityPolicy.RMW_QOS_POLICY_DURABILITY_TRANSIENT_LOCAL is deprecated. Use DurabilityPolicy.TRANSIENT_LOCAL instead.
[spawn_entity.py-5]   warnings.warn(
[spawn_entity.py-5] [INFO] [1747314211.232998365] [left]: Waiting for entity xml on /left/robot_description
[spawn_entity.py-5] [INFO] [1747314211.245876888] [left]: Waiting for service /spawn_entity, timeout = 5
[spawn_entity.py-5] [INFO] [1747314211.246482552] [left]: Waiting for service /spawn_entity
[rviz2-3] [INFO] [1747314211.281957084] [rviz2]: Stereo is NOT SUPPORTED
[rviz2-3] [INFO] [1747314211.282182226] [rviz2]: OpenGl version: 4.6 (GLSL 4.6)
[rviz2-3] [INFO] [1747314211.488013370] [rviz2]: Stereo is NOT SUPPORTED
[spawn_entity.py-15] [INFO] [1747314211.528506820] [right]: Waiting for service /spawn_entity, timeout = 5
[spawn_entity.py-15] [INFO] [1747314211.529887773] [right]: Waiting for service /spawn_entity
[rviz2-3] [WARN] [1747314212.948646931] [rcl.logging_rosout]: Publisher already registered for provided node name. If this is due to multiple nodes with the same name then all logs for that logger name will go out over the existing publisher. As soon as any node with that name is destructed it will unregister the publisher, preventing any further logs for that name from being published on the rosout topic.
[move_group-18] [INFO] [1747314213.076901676] [moveit.ros_planning_interface.moveit_cpp]: Loading planning pipeline 'ompl'
[move_group-18] [INFO] [1747314213.157196650] [moveit.ros_planning.planning_pipeline]: Using planning interface 'OMPL'
[move_group-18] [INFO] [1747314213.186650030] [moveit_ros.add_time_optimal_parameterization]: Param 'ompl.path_tolerance' was not set. Using default value: 0.100000
[move_group-18] [INFO] [1747314213.186806344] [moveit_ros.add_time_optimal_parameterization]: Param 'ompl.resample_dt' was not set. Using default value: 0.100000
[move_group-18] [INFO] [1747314213.186834333] [moveit_ros.add_time_optimal_parameterization]: Param 'ompl.min_angle_change' was not set. Using default value: 0.001000
[move_group-18] [INFO] [1747314213.186913234] [moveit_ros.fix_workspace_bounds]: Param 'ompl.default_workspace_bounds' was not set. Using default value: 10.000000
[move_group-18] [INFO] [1747314213.186955627] [moveit_ros.fix_start_state_bounds]: Param 'ompl.start_state_max_bounds_error' was set to 0.100000
[move_group-18] [INFO] [1747314213.186971693] [moveit_ros.fix_start_state_bounds]: Param 'ompl.start_state_max_dt' was not set. Using default value: 0.500000
[move_group-18] [INFO] [1747314213.187006022] [moveit_ros.fix_start_state_collision]: Param 'ompl.start_state_max_dt' was not set. Using default value: 0.500000
[move_group-18] [INFO] [1747314213.187022327] [moveit_ros.fix_start_state_collision]: Param 'ompl.jiggle_fraction' was set to 0.050000
[move_group-18] [INFO] [1747314213.187058168] [moveit_ros.fix_start_state_collision]: Param 'ompl.max_sampling_attempts' was not set. Using default value: 100
[move_group-18] [INFO] [1747314213.187120964] [moveit.ros_planning.planning_pipeline]: Using planning request adapter 'Add Time Optimal Parameterization'
[move_group-18] [INFO] [1747314213.187195250] [moveit.ros_planning.planning_pipeline]: Using planning request adapter 'Resolve constraint frames to robot links'
[move_group-18] [INFO] [1747314213.187210294] [moveit.ros_planning.planning_pipeline]: Using planning request adapter 'Fix Workspace Bounds'
[move_group-18] [INFO] [1747314213.187535055] [moveit.ros_planning.planning_pipeline]: Using planning request adapter 'Fix Start State Bounds'
[move_group-18] [INFO] [1747314213.187591871] [moveit.ros_planning.planning_pipeline]: Using planning request adapter 'Fix Start State In Collision'
[move_group-18] [INFO] [1747314213.187603281] [moveit.ros_planning.planning_pipeline]: Using planning request adapter 'Fix Start State Path Constraints'
[move_group-18] [INFO] [1747314213.202749932] [moveit.ros_planning_interface.moveit_cpp]: Loading planning pipeline 'chomp'
[move_group-18] [INFO] [1747314213.243900921] [moveit.ros_planning.planning_pipeline]: Using planning interface 'CHOMP'
[move_group-8] [INFO] [1747314213.253084620] [moveit.ros_planning_interface.moveit_cpp]: Loading planning pipeline 'ompl'
[move_group-18] [INFO] [1747314213.261345332] [moveit_ros.add_time_optimal_parameterization]: Param 'chomp.path_tolerance' was not set. Using default value: 0.100000
[move_group-18] [INFO] [1747314213.261395123] [moveit_ros.add_time_optimal_parameterization]: Param 'chomp.resample_dt' was not set. Using default value: 0.100000
[move_group-18] [INFO] [1747314213.261412325] [moveit_ros.add_time_optimal_parameterization]: Param 'chomp.min_angle_change' was not set. Using default value: 0.001000
[move_group-18] [INFO] [1747314213.261472074] [moveit_ros.fix_workspace_bounds]: Param 'chomp.default_workspace_bounds' was not set. Using default value: 10.000000
[move_group-18] [INFO] [1747314213.261513476] [moveit_ros.fix_start_state_bounds]: Param 'chomp.start_state_max_bounds_error' was set to 0.100000
[move_group-18] [INFO] [1747314213.261529950] [moveit_ros.fix_start_state_bounds]: Param 'chomp.start_state_max_dt' was not set. Using default value: 0.500000
[move_group-18] [INFO] [1747314213.261563587] [moveit_ros.fix_start_state_collision]: Param 'chomp.start_state_max_dt' was not set. Using default value: 0.500000
[move_group-18] [INFO] [1747314213.261580755] [moveit_ros.fix_start_state_collision]: Param 'chomp.jiggle_fraction' was set to 0.050000
[move_group-18] [INFO] [1747314213.261595416] [moveit_ros.fix_start_state_collision]: Param 'chomp.max_sampling_attempts' was not set. Using default value: 100
[move_group-18] [INFO] [1747314213.261626811] [moveit.ros_planning.planning_pipeline]: Using planning request adapter 'Add Time Optimal Parameterization'
[move_group-18] [INFO] [1747314213.261640890] [moveit.ros_planning.planning_pipeline]: Using planning request adapter 'Resolve constraint frames to robot links'
[move_group-18] [INFO] [1747314213.261651020] [moveit.ros_planning.planning_pipeline]: Using planning request adapter 'Fix Workspace Bounds'
[move_group-18] [INFO] [1747314213.261660990] [moveit.ros_planning.planning_pipeline]: Using planning request adapter 'Fix Start State Bounds'
[move_group-18] [INFO] [1747314213.261670089] [moveit.ros_planning.planning_pipeline]: Using planning request adapter 'Fix Start State In Collision'
[move_group-18] [INFO] [1747314213.261678677] [moveit.ros_planning.planning_pipeline]: Using planning request adapter 'Fix Start State Path Constraints'
[move_group-18] [INFO] [1747314213.268177941] [moveit.ros_planning_interface.moveit_cpp]: Loading planning pipeline 'pilz_industrial_motion_planner'
[move_group-18] [INFO] [1747314213.290700585] [moveit.pilz_industrial_motion_planner.joint_limits_aggregator]: Reading limits from namespace robot_description_planning
[move_group-18] [WARN] [1747314213.299075114] [moveit.pilz_industrial_motion_planner.joint_limits_aggregator]: Multi-DOF-Joint 'Vjoint_right' not supported.
[move_group-18] [WARN] [1747314213.299218097] [moveit.pilz_industrial_motion_planner.joint_limits_aggregator]: Multi-DOF-Joint 'Vjoint_right' not supported.
[move_group-8] [INFO] [1747314213.304124277] [moveit.ros_planning.planning_pipeline]: Using planning interface 'OMPL'
[move_group-8] [INFO] [1747314213.327676631] [moveit_ros.add_time_optimal_parameterization]: Param 'ompl.path_tolerance' was not set. Using default value: 0.100000
[move_group-8] [INFO] [1747314213.327721910] [moveit_ros.add_time_optimal_parameterization]: Param 'ompl.resample_dt' was not set. Using default value: 0.100000
[move_group-8] [INFO] [1747314213.327807015] [moveit_ros.add_time_optimal_parameterization]: Param 'ompl.min_angle_change' was not set. Using default value: 0.001000
[move_group-8] [INFO] [1747314213.327883744] [moveit_ros.fix_workspace_bounds]: Param 'ompl.default_workspace_bounds' was not set. Using default value: 10.000000
[move_group-8] [INFO] [1747314213.327928786] [moveit_ros.fix_start_state_bounds]: Param 'ompl.start_state_max_bounds_error' was set to 0.100000
[move_group-8] [INFO] [1747314213.327946679] [moveit_ros.fix_start_state_bounds]: Param 'ompl.start_state_max_dt' was not set. Using default value: 0.500000
[move_group-8] [INFO] [1747314213.327981600] [moveit_ros.fix_start_state_collision]: Param 'ompl.start_state_max_dt' was not set. Using default value: 0.500000
[move_group-8] [INFO] [1747314213.327998814] [moveit_ros.fix_start_state_collision]: Param 'ompl.jiggle_fraction' was set to 0.050000
[move_group-8] [INFO] [1747314213.328031880] [moveit_ros.fix_start_state_collision]: Param 'ompl.max_sampling_attempts' was not set. Using default value: 100
[move_group-8] [INFO] [1747314213.328067010] [moveit.ros_planning.planning_pipeline]: Using planning request adapter 'Add Time Optimal Parameterization'
[move_group-8] [INFO] [1747314213.328085153] [moveit.ros_planning.planning_pipeline]: Using planning request adapter 'Resolve constraint frames to robot links'
[move_group-8] [INFO] [1747314213.328096768] [moveit.ros_planning.planning_pipeline]: Using planning request adapter 'Fix Workspace Bounds'
[move_group-8] [INFO] [1747314213.328107279] [moveit.ros_planning.planning_pipeline]: Using planning request adapter 'Fix Start State Bounds'
[move_group-8] [INFO] [1747314213.328117658] [moveit.ros_planning.planning_pipeline]: Using planning request adapter 'Fix Start State In Collision'
[move_group-8] [INFO] [1747314213.328128357] [moveit.ros_planning.planning_pipeline]: Using planning request adapter 'Fix Start State Path Constraints'
[move_group-8] [INFO] [1747314213.339373125] [moveit.ros_planning_interface.moveit_cpp]: Loading planning pipeline 'chomp'
[move_group-18] [INFO] [1747314213.358993953] [moveit.pilz_industrial_motion_planner]: Available plugins: pilz_industrial_motion_planner/PlanningContextLoaderCIRC pilz_industrial_motion_planner/PlanningContextLoaderLIN pilz_industrial_motion_planner/PlanningContextLoaderPTP 
[move_group-18] [INFO] [1747314213.359043208] [moveit.pilz_industrial_motion_planner]: About to load: pilz_industrial_motion_planner/PlanningContextLoaderCIRC
[move_group-8] [INFO] [1747314213.364971071] [moveit.ros_planning.planning_pipeline]: Using planning interface 'CHOMP'
[move_group-18] [INFO] [1747314213.365969384] [moveit.pilz_industrial_motion_planner]: Registered Algorithm [CIRC]
[move_group-18] [INFO] [1747314213.366006210] [moveit.pilz_industrial_motion_planner]: About to load: pilz_industrial_motion_planner/PlanningContextLoaderLIN
[move_group-18] [INFO] [1747314213.370601444] [moveit.pilz_industrial_motion_planner]: Registered Algorithm [LIN]
[move_group-18] [INFO] [1747314213.370660230] [moveit.pilz_industrial_motion_planner]: About to load: pilz_industrial_motion_planner/PlanningContextLoaderPTP
[move_group-8] [INFO] [1747314213.374551638] [moveit_ros.add_time_optimal_parameterization]: Param 'chomp.path_tolerance' was not set. Using default value: 0.100000
[move_group-8] [INFO] [1747314213.374591499] [moveit_ros.add_time_optimal_parameterization]: Param 'chomp.resample_dt' was not set. Using default value: 0.100000
[move_group-8] [INFO] [1747314213.374604817] [moveit_ros.add_time_optimal_parameterization]: Param 'chomp.min_angle_change' was not set. Using default value: 0.001000
[move_group-8] [INFO] [1747314213.374658733] [moveit_ros.fix_workspace_bounds]: Param 'chomp.default_workspace_bounds' was not set. Using default value: 10.000000
[move_group-8] [INFO] [1747314213.374698137] [moveit_ros.fix_start_state_bounds]: Param 'chomp.start_state_max_bounds_error' was set to 0.100000
[move_group-8] [INFO] [1747314213.374715439] [moveit_ros.fix_start_state_bounds]: Param 'chomp.start_state_max_dt' was not set. Using default value: 0.500000
[move_group-8] [INFO] [1747314213.374750927] [moveit_ros.fix_start_state_collision]: Param 'chomp.start_state_max_dt' was not set. Using default value: 0.500000
[move_group-8] [INFO] [1747314213.374769175] [moveit_ros.fix_start_state_collision]: Param 'chomp.jiggle_fraction' was set to 0.050000
[move_group-8] [INFO] [1747314213.374783841] [moveit_ros.fix_start_state_collision]: Param 'chomp.max_sampling_attempts' was not set. Using default value: 100
[move_group-8] [INFO] [1747314213.374815288] [moveit.ros_planning.planning_pipeline]: Using planning request adapter 'Add Time Optimal Parameterization'
[move_group-8] [INFO] [1747314213.374830625] [moveit.ros_planning.planning_pipeline]: Using planning request adapter 'Resolve constraint frames to robot links'
[move_group-8] [INFO] [1747314213.374841545] [moveit.ros_planning.planning_pipeline]: Using planning request adapter 'Fix Workspace Bounds'
[move_group-8] [INFO] [1747314213.374852525] [moveit.ros_planning.planning_pipeline]: Using planning request adapter 'Fix Start State Bounds'
[move_group-8] [INFO] [1747314213.374862764] [moveit.ros_planning.planning_pipeline]: Using planning request adapter 'Fix Start State In Collision'
[move_group-8] [INFO] [1747314213.374872414] [moveit.ros_planning.planning_pipeline]: Using planning request adapter 'Fix Start State Path Constraints'
[move_group-18] [INFO] [1747314213.375458616] [moveit.pilz_industrial_motion_planner]: Registered Algorithm [PTP]
[move_group-18] [INFO] [1747314213.375533458] [moveit.ros_planning.planning_pipeline]: Using planning interface 'Pilz Industrial Motion Planner'
[move_group-8] [INFO] [1747314213.381720514] [moveit.ros_planning_interface.moveit_cpp]: Loading planning pipeline 'pilz_industrial_motion_planner'
[move_group-8] [INFO] [1747314213.398810374] [moveit.pilz_industrial_motion_planner.joint_limits_aggregator]: Reading limits from namespace robot_description_planning
[move_group-8] [WARN] [1747314213.410750947] [moveit.pilz_industrial_motion_planner.joint_limits_aggregator]: Multi-DOF-Joint 'Vjoint_left' not supported.
[move_group-8] [WARN] [1747314213.410821230] [moveit.pilz_industrial_motion_planner.joint_limits_aggregator]: Multi-DOF-Joint 'Vjoint_left' not supported.
[move_group-8] [INFO] [1747314213.452852795] [moveit.pilz_industrial_motion_planner]: Available plugins: pilz_industrial_motion_planner/PlanningContextLoaderCIRC pilz_industrial_motion_planner/PlanningContextLoaderLIN pilz_industrial_motion_planner/PlanningContextLoaderPTP 
[move_group-8] [INFO] [1747314213.452991247] [moveit.pilz_industrial_motion_planner]: About to load: pilz_industrial_motion_planner/PlanningContextLoaderCIRC
[move_group-8] [INFO] [1747314213.456952410] [moveit.pilz_industrial_motion_planner]: Registered Algorithm [CIRC]
[move_group-8] [INFO] [1747314213.457001644] [moveit.pilz_industrial_motion_planner]: About to load: pilz_industrial_motion_planner/PlanningContextLoaderLIN
[move_group-8] [INFO] [1747314213.459816860] [moveit.pilz_industrial_motion_planner]: Registered Algorithm [LIN]
[move_group-8] [INFO] [1747314213.459856591] [moveit.pilz_industrial_motion_planner]: About to load: pilz_industrial_motion_planner/PlanningContextLoaderPTP
[move_group-8] [INFO] [1747314213.464645722] [moveit.pilz_industrial_motion_planner]: Registered Algorithm [PTP]
[move_group-8] [INFO] [1747314213.464737647] [moveit.ros_planning.planning_pipeline]: Using planning interface 'Pilz Industrial Motion Planner'
[move_group-18] [ERROR] [1747314213.707601705] [moveit.plugins.moveit_simple_controller_manager]: No controller_names specified.
[move_group-18] [INFO] [1747314213.708309441] [moveit.plugins.moveit_simple_controller_manager]: Returned 0 controllers in list
[move_group-18] [INFO] [1747314213.708340774] [moveit.plugins.moveit_simple_controller_manager]: Returned 0 controllers in list
[move_group-18] [INFO] [1747314213.711612575] [moveit_ros.trajectory_execution_manager]: Trajectory execution is managing controllers
[move_group-18] [INFO] [1747314213.711662642] [move_group.move_group]: MoveGroup debug mode is ON
[move_group-8] [ERROR] [1747314213.804369385] [moveit.plugins.moveit_simple_controller_manager]: No controller_names specified.
[move_group-8] [INFO] [1747314213.804639698] [moveit.plugins.moveit_simple_controller_manager]: Returned 0 controllers in list
[move_group-8] [INFO] [1747314213.804669906] [moveit.plugins.moveit_simple_controller_manager]: Returned 0 controllers in list
[move_group-8] [INFO] [1747314213.807430586] [moveit_ros.trajectory_execution_manager]: Trajectory execution is managing controllers
[move_group-8] [INFO] [1747314213.807470765] [move_group.move_group]: MoveGroup debug mode is ON
[move_group-18] [INFO] [1747314213.913445110] [move_group.move_group]: 
[move_group-18] 
[move_group-18] ********************************************************
[move_group-18] * MoveGroup using: 
[move_group-18] *     - ApplyPlanningSceneService
[move_group-18] *     - ClearOctomapService
[move_group-18] *     - ExecuteTaskSolution
[move_group-18] *     - CartesianPathService
[move_group-18] *     - ExecuteTrajectoryAction
[move_group-18] *     - GetPlanningSceneService
[move_group-18] *     - KinematicsService
[move_group-18] *     - MoveAction
[move_group-18] *     - MotionPlanService
[move_group-18] *     - QueryPlannersService
[move_group-18] *     - StateValidationService
[move_group-18] ********************************************************
[move_group-18] 
[move_group-18] [INFO] [1747314213.913559041] [moveit_move_group_capabilities_base.move_group_context]: MoveGroup context using planning plugin ompl_interface/OMPLPlanner
[move_group-18] [INFO] [1747314213.913593384] [moveit_move_group_capabilities_base.move_group_context]: MoveGroup context initialization complete
[move_group-18] [96mLoading 'move_group/ApplyPlanningSceneService'...
[move_group-18] [0m[96mLoading 'move_group/ClearOctomapService'...
[move_group-18] [0m[96mLoading 'move_group/ExecuteTaskSolutionCapability'...
[move_group-18] [0m[96mLoading 'move_group/MoveGroupCartesianPathService'...
[move_group-18] [0m[96mLoading 'move_group/MoveGroupExecuteTrajectoryAction'...
[move_group-18] [0m[96mLoading 'move_group/MoveGroupGetPlanningSceneService'...
[move_group-18] [0m[96mLoading 'move_group/MoveGroupKinematicsService'...
[move_group-18] [0m[96mLoading 'move_group/MoveGroupMoveAction'...
[move_group-18] [0m[96mLoading 'move_group/MoveGroupPlanService'...
[move_group-18] [0m[96mLoading 'move_group/MoveGroupQueryPlannersService'...
[move_group-18] [0m[96mLoading 'move_group/MoveGroupStateValidationService'...
[move_group-18] [0m[92m
[move_group-18] You can start planning now!
[move_group-18] 
[move_group-8] [INFO] [1747314213.927914780] [move_group.move_group]: 
[move_group-8] 
[move_group-8] ********************************************************
[move_group-8] * MoveGroup using: 
[move_group-8] *     - ApplyPlanningSceneService
[move_group-8] *     - ClearOctomapService
[move_group-8] *     - ExecuteTaskSolution
[move_group-8] *     - CartesianPathService
[move_group-8] *     - ExecuteTrajectoryAction
[move_group-8] *     - GetPlanningSceneService
[move_group-8] *     - KinematicsService
[move_group-8] *     - MoveAction
[move_group-8] *     - MotionPlanService
[move_group-8] *     - QueryPlannersService
[move_group-8] *     - StateValidationService
[move_group-8] ********************************************************
[move_group-8] 
[move_group-8] [INFO] [1747314213.928058380] [moveit_move_group_capabilities_base.move_group_context]: MoveGroup context using planning plugin ompl_interface/OMPLPlanner
[move_group-8] [INFO] [1747314213.928088447] [moveit_move_group_capabilities_base.move_group_context]: MoveGroup context initialization complete
[move_group-8] [96mLoading 'move_group/ApplyPlanningSceneService'...
[move_group-8] [0m[96mLoading 'move_group/ClearOctomapService'...
[move_group-8] [0m[96mLoading 'move_group/ExecuteTaskSolutionCapability'...
[move_group-8] [0m[96mLoading 'move_group/MoveGroupCartesianPathService'...
[move_group-8] [0m[96mLoading 'move_group/MoveGroupExecuteTrajectoryAction'...
[move_group-8] [0m[96mLoading 'move_group/MoveGroupGetPlanningSceneService'...
[move_group-8] [0m[96mLoading 'move_group/MoveGroupKinematicsService'...
[move_group-8] [0m[96mLoading 'move_group/MoveGroupMoveAction'...
[move_group-8] [0m[96mLoading 'move_group/MoveGroupPlanService'...
[move_group-8] [0m[96mLoading 'move_group/MoveGroupQueryPlannersService'...
[move_group-8] [0m[96mLoading 'move_group/MoveGroupStateValidationService'...
[move_group-8] [0m[92m
[move_group-8] You can start planning now!
[move_group-8] 
[gzserver-1] [WARN] [1747314214.420419465] [rcl]: Found remap rule 'model_states:=model_states'. This syntax is deprecated. Use '--ros-args --remap model_states:=model_states' instead.
[gzserver-1] [WARN] [1747314214.420744050] [rcl]: Found remap rule 'link_states:=link_states'. This syntax is deprecated. Use '--ros-args --remap link_states:=link_states' instead.
[gzserver-1] [INFO] [1747314214.457762584] [state.gazebo_ros_state]: Publishing states of gazebo models at [/state/model_states]
[gzserver-1] [INFO] [1747314214.460067223] [state.gazebo_ros_state]: Publishing states of gazebo links at [/state/link_states]
[spawn_entity.py-5] [INFO] [1747314214.525451555] [left]: Calling service /spawn_entity
[spawn_entity.py-15] [INFO] [1747314214.556177451] [right]: Calling service /spawn_entity
[gzserver-1] [INFO] [1747314215.502344961] [left_summit_imu_imu_plugin]: <initial_orientation_as_reference> is unset, using default value of false to comply with REP 145 (world as orientation reference)
[spawn_entity.py-5] [INFO] [1747314215.853829385] [left]: Spawn status: SpawnEntity: Successfully spawned entity [left_robot]
[spawn_entity.py-5] [INFO] [1747314215.866082671] [left]: Calling service /unpause_physics
[INFO] [spawn_entity.py-5]: process has finished cleanly [pid 31215]
[gzserver-1] [INFO] [1747314216.221794459] [left_summit.omni_steering]: Subscribed to [/left_summit/cmd_vel]
[gzserver-1] [INFO] [1747314216.230324200] [left_summit.omni_steering]: Advertise odometry on [/left_summit/odom]
[gzserver-1] [INFO] [1747314216.242692773] [left_summit.omni_steering]: Publishing odom transforms between [left_summit_odom] and [left_summit_base_footprint]
[gzserver-1] [INFO] [1747314216.308020574] [gazebo_ros2_control]: Loading gazebo_ros2_control plugin
[gzserver-1] [INFO] [1747314216.333554470] [left.left_gazebo_ros2_control]: Starting gazebo_ros2_control plugin in namespace: /left
[gzserver-1] [INFO] [1747314216.333670336] [left.left_gazebo_ros2_control]: Starting gazebo_ros2_control plugin in ros 2 node: left_gazebo_ros2_control
[gzserver-1] [INFO] [1747314216.353191273] [left.left_gazebo_ros2_control]: connected to service!! robot_state_publisher
[gzserver-1] [INFO] [1747314216.362989595] [left.left_gazebo_ros2_control]: Received urdf from param server, parsing...
[gzserver-1] [INFO] [1747314216.364635301] [left.left_gazebo_ros2_control]: Loading parameter files /ros2_ws/install/ur/share/ur/config/left_controller.yaml
[gzserver-1] [ERROR] [1747314216.376762415] [left.left_gazebo_ros2_control]: parser error Couldn't parse params file: '--params-file /ros2_ws/install/ur/share/ur/config/left_controller.yaml'. Error: Cannot have a value before ros__parameters at line 5, at ./src/parse.c:793, at ./src/rcl/arguments.c:406
[gzserver-1] 
[move_group-8] [WARN] [1747314216.432181019] [moveit_ros.planning_scene_monitor.planning_scene_monitor]: The complete state of the robot is not yet known.  Missing left_summit_back_left_wheel_joint, left_summit_back_right_wheel_joint, left_summit_front_left_wheel_joint, left_summit_front_right_wheel_joint, ur_left_shoulder_pan_joint, ur_left_shoulder_lift_joint, ur_left_elbow_joint, ur_left_wrist_1_joint, ur_left_wrist_2_joint, ur_left_wrist_3_joint
[gzserver-1] terminate called after throwing an instance of 'rclcpp::exceptions::RCLInvalidArgument'
[gzserver-1]   what():  arguments->impl argument is null, at ./src/rcl/arguments.c:122
[ERROR] [gzserver-1]: process has died [pid 31207, exit code -6, cmd 'gzserver /ros2_ws/install/ur/share/ur/xacro/gazebo.world --physics False -slibgazebo_ros_init.so -slibgazebo_ros_factory.so -slibgazebo_ros_force_system.so'].
[spawner-17] [WARN] [1747314220.271713448] [right.spawner_ur_right_joint_group_vel_controller]: Could not contact service /right/controller_manager/list_controllers
[spawner-17] [INFO] [1747314220.272679361] [right.spawner_ur_right_joint_group_vel_controller]: waiting for service /right/controller_manager/list_controllers to become available...
[spawner-6] [WARN] [1747314220.301205329] [left.spawner_joint_state_broadcaster]: Could not contact service /left/controller_manager/list_controllers
[spawner-6] [INFO] [1747314220.302136261] [left.spawner_joint_state_broadcaster]: waiting for service /left/controller_manager/list_controllers to become available...
[spawner-7] [WARN] [1747314220.367737814] [left.spawner_ur_left_joint_group_vel_controller]: Could not contact service /left/controller_manager/list_controllers
[spawner-7] [INFO] [1747314220.369283838] [left.spawner_ur_left_joint_group_vel_controller]: waiting for service /left/controller_manager/list_controllers to become available...
[spawner-16] [WARN] [1747314220.391844499] [right.spawner_joint_state_broadcaster]: Could not contact service /right/controller_manager/list_controllers
[spawner-16] [INFO] [1747314220.392836468] [right.spawner_joint_state_broadcaster]: waiting for service /right/controller_manager/list_controllers to become available...
[rviz2-3] [ERROR] [1747314223.012470281] [rviz2]: Could not find parameter robot_description and did not receive robot_description via std_msgs::msg::String subscription within 10.000000 seconds.
[ERROR] [gzclient-2]: process has died [pid 31209, exit code -11, cmd 'gzclient'].
[WARNING] [launch]: user interrupted with ctrl-c (SIGINT)
[static_transform_publisher-19] [INFO] [1747314225.045808127] [rclcpp]: signal_handler(signum=2)
[static_transform_publisher-21] [INFO] [1747314225.045806003] [rclcpp]: signal_handler(signum=2)
[static_transform_publisher-23] [INFO] [1747314225.045809143] [rclcpp]: signal_handler(signum=2)
[static_transform_publisher-22] [INFO] [1747314225.045825453] [rclcpp]: signal_handler(signum=2)
[static_transform_publisher-20] [INFO] [1747314225.045825560] [rclcpp]: signal_handler(signum=2)
[rviz2-3] [INFO] [1747314225.045857344] [rclcpp]: signal_handler(signum=2)
[move_group-18] [INFO] [1747314225.045850106] [rclcpp]: signal_handler(signum=2)
[static_transform_publisher-11] [INFO] [1747314225.045948363] [rclcpp]: signal_handler(signum=2)
[robot_state_publisher-14] [INFO] [1747314225.046046702] [rclcpp]: signal_handler(signum=2)
[static_transform_publisher-10] [INFO] [1747314225.046057471] [rclcpp]: signal_handler(signum=2)
[move_group-8] [INFO] [1747314225.046165663] [rclcpp]: signal_handler(signum=2)
[static_transform_publisher-12] [INFO] [1747314225.046168982] [rclcpp]: signal_handler(signum=2)
[static_transform_publisher-13] [INFO] [1747314225.046172395] [rclcpp]: signal_handler(signum=2)
[static_transform_publisher-9] [INFO] [1747314225.046278713] [rclcpp]: signal_handler(signum=2)
[robot_state_publisher-4] [INFO] [1747314225.047304255] [rclcpp]: signal_handler(signum=2)
[spawn_entity.py-15] Traceback (most recent call last):
[spawn_entity.py-15]   File "/opt/ros/humble/lib/gazebo_ros/spawn_entity.py", line 370, in <module>
[spawn_entity.py-15]     main()
[spawn_entity.py-15]   File "/opt/ros/humble/lib/gazebo_ros/spawn_entity.py", line 365, in main
[spawn_entity.py-15]     exit_code = spawn_entity_node.run()
[spawn_entity.py-15]   File "/opt/ros/humble/lib/gazebo_ros/spawn_entity.py", line 228, in run
[spawn_entity.py-15]     success = self._spawn_entity(entity_xml, initial_pose, spawn_service_timeout)
[spawn_entity.py-15]   File "/opt/ros/humble/lib/gazebo_ros/spawn_entity.py", line 289, in _spawn_entity
[spawn_entity.py-15]     rclpy.spin_once(self)
[spawn_entity.py-15]   File "/opt/ros/humble/local/lib/python3.10/dist-packages/rclpy/__init__.py", line 202, in spin_once
[spawn_entity.py-15]     executor.spin_once(timeout_sec=timeout_sec)
[spawn_entity.py-15]   File "/opt/ros/humble/local/lib/python3.10/dist-packages/rclpy/executors.py", line 739, in spin_once
[spawn_entity.py-15]     self._spin_once_impl(timeout_sec)
[spawn_entity.py-15]   File "/opt/ros/humble/local/lib/python3.10/dist-packages/rclpy/executors.py", line 728, in _spin_once_impl
[spawn_entity.py-15]     handler, entity, node = self.wait_for_ready_callbacks(timeout_sec=timeout_sec)
[spawn_entity.py-15]   File "/opt/ros/humble/local/lib/python3.10/dist-packages/rclpy/executors.py", line 711, in wait_for_ready_callbacks
[spawn_entity.py-15]     return next(self._cb_iter)
[spawn_entity.py-15]   File "/opt/ros/humble/local/lib/python3.10/dist-packages/rclpy/executors.py", line 608, in _wait_for_ready_callbacks
[spawn_entity.py-15]     wait_set.wait(timeout_nsec)
[spawn_entity.py-15] KeyboardInterrupt
[move_group-18] [INFO] [1747314227.211697186] [moveit.ros_planning_interface.moveit_cpp]: Deleting MoveItCpp
[move_group-8] [INFO] [1747314227.211697206] [moveit.ros_planning_interface.moveit_cpp]: Deleting MoveItCpp
[move_group-8] [INFO] [1747314227.217268586] [moveit_ros.planning_scene_monitor.planning_scene_monitor]: Stopped publishing maintained planning scene.
[move_group-18] [INFO] [1747314227.217357062] [moveit_ros.planning_scene_monitor.planning_scene_monitor]: Stopped publishing maintained planning scene.
[move_group-8] [INFO] [1747314227.223514354] [moveit_ros.planning_scene_monitor.planning_scene_monitor]: Stopping world geometry monitor
[move_group-18] [INFO] [1747314227.223675157] [moveit_ros.planning_scene_monitor.planning_scene_monitor]: Stopping world geometry monitor
[move_group-18] [INFO] [1747314227.233815541] [moveit_ros.planning_scene_monitor.planning_scene_monitor]: Stopping planning scene monitor
[move_group-8] [INFO] [1747314227.233836741] [moveit_ros.planning_scene_monitor.planning_scene_monitor]: Stopping planning scene monitor
[move_group-8] Warning: class_loader.ClassLoader: SEVERE WARNING!!! Attempting to unload library while objects created by this loader exist in the heap! You should delete your objects before attempting to unload the library or destroying the ClassLoader. The library will NOT be unloaded.
[move_group-8]          at line 127 in ./src/class_loader.cpp
[move_group-18] Warning: class_loader.ClassLoader: SEVERE WARNING!!! Attempting to unload library while objects created by this loader exist in the heap! You should delete your objects before attempting to unload the library or destroying the ClassLoader. The library will NOT be unloaded.
[move_group-18]          at line 127 in ./src/class_loader.cpp
[INFO] [static_transform_publisher-22]: process has finished cleanly [pid 31249]
[INFO] [static_transform_publisher-21]: process has finished cleanly [pid 31247]
[INFO] [static_transform_publisher-12]: process has finished cleanly [pid 31229]
[INFO] [static_transform_publisher-20]: process has finished cleanly [pid 31245]
[INFO] [static_transform_publisher-11]: process has finished cleanly [pid 31227]
[move_group-8] Stack trace (most recent call last):
[move_group-18] Stack trace (most recent call last):
[move_group-8] #11   Object "", at 0xffffffffffffffff, in 
[move_group-18] #11   Object "", at 0xffffffffffffffff, in 
[move_group-18] #10   Object "/ros2_ws/build/moveit_ros_move_group/move_group", at 0x5559c8c52eb4, in _start
[move_group-8] #10   Object "/ros2_ws/build/moveit_ros_move_group/move_group", at 0x55ca270b9eb4, in _start
[move_group-8] #9    Object "/usr/lib/x86_64-linux-gnu/libc.so.6", at 0x7f56b89bee3f, in __libc_start_main
[move_group-18] #9    Object "/usr/lib/x86_64-linux-gnu/libc.so.6", at 0x7f7b22ec5e3f, in __libc_start_main
[move_group-18] #8    Object "/usr/lib/x86_64-linux-gnu/libc.so.6", at 0x7f7b22ec5d8f, in 
[move_group-18] #7    Object "/ros2_ws/build/moveit_ros_move_group/move_group", at 0x5559c8c52483, in main
[move_group-18] #6    Object "/ros2_ws/build/moveit_ros_move_group/move_group", at 0x5559c8c599c1, in std::_Sp_counted_base<(__gnu_cxx::_Lock_policy)2>::_M_release()
[move_group-8] #8    Object "/usr/lib/x86_64-linux-gnu/libc.so.6", at 0x7f56b89bed8f, in 
[move_group-8] #7    Object "/ros2_ws/build/moveit_ros_move_group/move_group", at 0x55ca270b9483, in main
[move_group-8] #6    Object "/ros2_ws/build/moveit_ros_move_group/move_group", at 0x55ca270c09c1, in std::_Sp_counted_base<(__gnu_cxx::_Lock_policy)2>::_M_release()
[move_group-18] #5    Object "/opt/ros/humble/lib/librclcpp.so", at 0x7f7b2346984e, in rclcpp::Node::~Node()
[move_group-18] #4    Object "/opt/ros/humble/lib/librclcpp.so", at 0x7f7b23444c69, in 
[move_group-18] #3    Object "/opt/ros/humble/lib/librclcpp.so", at 0x7f7b23472ef9, in 
[move_group-8] #5    Object "/opt/ros/humble/lib/librclcpp.so", at 0x7f56b8f0384e, in rclcpp::Node::~Node()
[move_group-8] #4    Object "/opt/ros/humble/lib/librclcpp.so", at 0x7f56b8edec69, in 
[move_group-8] #3    Object "/opt/ros/humble/lib/librclcpp.so", at 0x7f56b8f0cef9, in 
[move_group-18] #2    Object "/opt/ros/humble/lib/librclcpp.so", at 0x7f7b23472e40, in rclcpp::node_interfaces::NodeBase::~NodeBase()
[move_group-18] #1    Object "/opt/ros/humble/lib/librclcpp.so", at 0x7f7b23444c69, in 
[move_group-18] #0    Object "/opt/ros/humble/lib/librclcpp.so", at 0x7f7b234499e1, in rclcpp::CallbackGroup::~CallbackGroup()
[move_group-18] Segmentation fault (Address not mapped to object [0x7f7b185dfc70])
[move_group-8] #2    Object "/opt/ros/humble/lib/librclcpp.so", at 0x7f56b8f0ce40, in rclcpp::node_interfaces::NodeBase::~NodeBase()
[move_group-8] #1    Object "/opt/ros/humble/lib/librclcpp.so", at 0x7f56b8edec69, in 
[move_group-8] #0    Object "/opt/ros/humble/lib/librclcpp.so", at 0x7f56b8ee39e1, in rclcpp::CallbackGroup::~CallbackGroup()
[move_group-8] Segmentation fault (Address not mapped to object [0x7f56a0139c70])
[INFO] [static_transform_publisher-19]: process has finished cleanly [pid 31243]
[INFO] [static_transform_publisher-9]: process has finished cleanly [pid 31223]
[INFO] [static_transform_publisher-23]: process has finished cleanly [pid 31251]
[INFO] [robot_state_publisher-14]: process has finished cleanly [pid 31233]
[INFO] [robot_state_publisher-4]: process has finished cleanly [pid 31213]
[ERROR] [spawn_entity.py-15]: process has died [pid 31235, exit code -2, cmd '/opt/ros/humble/lib/gazebo_ros/spawn_entity.py -entity right_robot -topic /right/robot_description -x 0.66 -y 0 -z 0 -timeout 5 -unpause --ros-args -r __node:=right'].
[ERROR] [static_transform_publisher-13]: process has died [pid 31231, exit code -11, cmd '/opt/ros/humble/lib/tf2_ros/static_transform_publisher -0.25 -0.15 0 0 0 0 1 left_summit_base_link left_summit_front_right_wheel_link --ros-args -r __node:=static_transform_publisher_front_right'].
[ERROR] [move_group-8]: process has died [pid 31221, exit code -11, cmd '/ros2_ws/install/moveit_ros_move_group/lib/moveit_ros_move_group/move_group --ros-args -r __ns:=/left --params-file /tmp/launch_params_t5r8whrj --params-file /tmp/launch_params_95rjqfbo --params-file /tmp/launch_params_kxj5lpgk --params-file /tmp/launch_params_avr0oqr2 --params-file /tmp/launch_params_vb3zi01j'].
[move_group-8] [0m
[ERROR] [move_group-18]: process has died [pid 31241, exit code -11, cmd '/ros2_ws/install/moveit_ros_move_group/lib/moveit_ros_move_group/move_group --ros-args -r __ns:=/right --params-file /tmp/launch_params_hxj122ji --params-file /tmp/launch_params_6vwi82q_ --params-file /tmp/launch_params_g23fh6dl --params-file /tmp/launch_params_ec7sifur --params-file /tmp/launch_params_2a1wov2k'].
[move_group-18] [0m
[INFO] [spawner-17]: process has finished cleanly [pid 31239]
[INFO] [spawner-16]: process has finished cleanly [pid 31237]
[INFO] [spawner-7]: process has finished cleanly [pid 31219]
[INFO] [spawner-6]: process has finished cleanly [pid 31217]
[ERROR] [static_transform_publisher-10]: process has died [pid 31225, exit code -11, cmd '/opt/ros/humble/lib/tf2_ros/static_transform_publisher 0.25 0.15 0 0 0 0 1 left_summit_base_link left_summit_back_left_wheel_link --ros-args -r __node:=left_static_transform_publisher_back_left'].
[ERROR] [rviz2-3]: process[rviz2-3] failed to terminate '5' seconds after receiving 'SIGINT', escalating to 'SIGTERM'
[INFO] [rviz2-3]: sending signal 'SIGTERM' to process[rviz2-3]
[ERROR] [rviz2-3]: process has died [pid 31211, exit code -15, cmd '/opt/ros/humble/lib/rviz2/rviz2 -d /ros2_ws/install/ur/share/ur/rviz/rviz_config.rviz --ros-args -r __node:=rviz2 --params-file /tmp/launch_params_zdz0xpxh --params-file /tmp/launch_params_0r8cr1_5'].
