[INFO] [launch]: All log files can be found below /root/.ros/log/2025-05-16-12-08-26-978178-outlander-Aspire-V3-571G-537
[INFO] [launch]: Default logging verbosity is set to INFO
[INFO] [gzserver-1]: process started with pid [540]
[INFO] [gzclient-2]: process started with pid [542]
[INFO] [rviz2-3]: process started with pid [544]
[INFO] [robot_state_publisher-4]: process started with pid [546]
[INFO] [spawn_entity.py-5]: process started with pid [548]
[INFO] [spawner-6]: process started with pid [550]
[INFO] [spawner-7]: process started with pid [552]
[INFO] [move_group-8]: process started with pid [554]
[INFO] [static_transform_publisher-9]: process started with pid [556]
[INFO] [static_transform_publisher-10]: process started with pid [558]
[INFO] [static_transform_publisher-11]: process started with pid [560]
[INFO] [static_transform_publisher-12]: process started with pid [562]
[INFO] [static_transform_publisher-13]: process started with pid [564]
[INFO] [robot_state_publisher-14]: process started with pid [566]
[INFO] [spawn_entity.py-15]: process started with pid [568]
[INFO] [spawner-16]: process started with pid [585]
[INFO] [spawner-17]: process started with pid [632]
[INFO] [move_group-18]: process started with pid [636]
[INFO] [static_transform_publisher-19]: process started with pid [641]
[INFO] [static_transform_publisher-20]: process started with pid [643]
[INFO] [static_transform_publisher-21]: process started with pid [645]
[INFO] [static_transform_publisher-22]: process started with pid [647]
[INFO] [static_transform_publisher-23]: process started with pid [654]
[static_transform_publisher-9] [WARN] [1747397311.760747549] []: Old-style arguments are deprecated; see --help for new-style arguments
[static_transform_publisher-9] [INFO] [1747397311.909174915] [left.static_transform_publisher]: Spinning until stopped - publishing transform
[static_transform_publisher-9] translation: ('-0.660000', '0.000000', '0.000000')
[static_transform_publisher-9] rotation: ('0.000000', '0.000000', '0.000000', '1.000000')
[static_transform_publisher-9] from 'world' to 'left_summit_odom'
[static_transform_publisher-10] [WARN] [1747397311.771490281] []: Old-style arguments are deprecated; see --help for new-style arguments
[static_transform_publisher-10] [INFO] [1747397311.887796959] [left_static_transform_publisher_back_left]: Spinning until stopped - publishing transform
[static_transform_publisher-10] translation: ('0.250000', '0.150000', '0.000000')
[static_transform_publisher-10] rotation: ('0.000000', '0.000000', '0.000000', '1.000000')
[static_transform_publisher-10] from 'left_summit_base_link' to 'left_summit_back_left_wheel_link'
[static_transform_publisher-11] [WARN] [1747397311.763730743] []: Old-style arguments are deprecated; see --help for new-style arguments
[static_transform_publisher-11] [INFO] [1747397311.832461011] [left_static_transform_publisher_back_right]: Spinning until stopped - publishing transform
[static_transform_publisher-11] translation: ('0.250000', '-0.150000', '0.000000')
[static_transform_publisher-11] rotation: ('0.000000', '0.000000', '0.000000', '1.000000')
[static_transform_publisher-11] from 'left_summit_base_link' to 'left_summit_back_right_wheel_link'
[static_transform_publisher-12] [WARN] [1747397311.753107543] []: Old-style arguments are deprecated; see --help for new-style arguments
[static_transform_publisher-12] [INFO] [1747397311.850092305] [left_static_transform_publisher_front_left]: Spinning until stopped - publishing transform
[static_transform_publisher-12] translation: ('-0.250000', '0.150000', '0.000000')
[static_transform_publisher-12] rotation: ('0.000000', '0.000000', '0.000000', '1.000000')
[static_transform_publisher-12] from 'left_summit_base_link' to 'left_summit_front_left_wheel_link'
[static_transform_publisher-13] [WARN] [1747397311.753107909] []: Old-style arguments are deprecated; see --help for new-style arguments
[static_transform_publisher-13] [INFO] [1747397311.820585100] [static_transform_publisher_front_right]: Spinning until stopped - publishing transform
[static_transform_publisher-13] translation: ('-0.250000', '-0.150000', '0.000000')
[static_transform_publisher-13] rotation: ('0.000000', '0.000000', '0.000000', '1.000000')
[static_transform_publisher-13] from 'left_summit_base_link' to 'left_summit_front_right_wheel_link'
[static_transform_publisher-19] [WARN] [1747397311.922938719] []: Old-style arguments are deprecated; see --help for new-style arguments
[static_transform_publisher-20] [WARN] [1747397311.931740446] []: Old-style arguments are deprecated; see --help for new-style arguments
[static_transform_publisher-21] [WARN] [1747397311.952030677] []: Old-style arguments are deprecated; see --help for new-style arguments
[static_transform_publisher-22] [WARN] [1747397312.028972827] []: Old-style arguments are deprecated; see --help for new-style arguments
[static_transform_publisher-21] [INFO] [1747397312.045478341] [right_static_transform_publisher_back_right]: Spinning until stopped - publishing transform
[static_transform_publisher-21] translation: ('0.250000', '-0.150000', '0.000000')
[static_transform_publisher-21] rotation: ('0.000000', '0.000000', '0.000000', '1.000000')
[static_transform_publisher-21] from 'right_summit_base_link' to 'right_summit_back_right_wheel_link'
[static_transform_publisher-19] [INFO] [1747397312.088804247] [right.static_transform_publisher]: Spinning until stopped - publishing transform
[static_transform_publisher-19] translation: ('0.660000', '0.000000', '0.000000')
[static_transform_publisher-19] rotation: ('0.000000', '0.000000', '0.000000', '1.000000')
[static_transform_publisher-19] from 'world' to 'right_summit_odom'
[static_transform_publisher-23] [WARN] [1747397312.095984958] []: Old-style arguments are deprecated; see --help for new-style arguments
[robot_state_publisher-14] [INFO] [1747397312.098304901] [right.robot_state_publisher]: got segment right_summit_back_left_wheel_link
[robot_state_publisher-14] [INFO] [1747397312.098467944] [right.robot_state_publisher]: got segment right_summit_back_right_wheel_link
[robot_state_publisher-14] [INFO] [1747397312.098502796] [right.robot_state_publisher]: got segment right_summit_base_chapa
[robot_state_publisher-14] [INFO] [1747397312.098525324] [right.robot_state_publisher]: got segment right_summit_base_docking_contact
[robot_state_publisher-14] [INFO] [1747397312.098546579] [right.robot_state_publisher]: got segment right_summit_base_footprint
[robot_state_publisher-14] [INFO] [1747397312.098566530] [right.robot_state_publisher]: got segment right_summit_base_link
[robot_state_publisher-14] [INFO] [1747397312.098586392] [right.robot_state_publisher]: got segment right_summit_base_logo_front
[robot_state_publisher-14] [INFO] [1747397312.098605540] [right.robot_state_publisher]: got segment right_summit_base_logo_left
[robot_state_publisher-14] [INFO] [1747397312.098624770] [right.robot_state_publisher]: got segment right_summit_base_logo_rear
[robot_state_publisher-14] [INFO] [1747397312.098643072] [right.robot_state_publisher]: got segment right_summit_base_logo_right
[robot_state_publisher-14] [INFO] [1747397312.098661549] [right.robot_state_publisher]: got segment right_summit_front_laser_base_link
[robot_state_publisher-14] [INFO] [1747397312.098682356] [right.robot_state_publisher]: got segment right_summit_front_laser_link
[robot_state_publisher-14] [INFO] [1747397312.098702109] [right.robot_state_publisher]: got segment right_summit_front_left_wheel_link
[robot_state_publisher-14] [INFO] [1747397312.098720803] [right.robot_state_publisher]: got segment right_summit_front_right_wheel_link
[robot_state_publisher-14] [INFO] [1747397312.098739200] [right.robot_state_publisher]: got segment right_summit_imu_link
[robot_state_publisher-14] [INFO] [1747397312.098757691] [right.robot_state_publisher]: got segment right_summit_rear_laser_base_link
[robot_state_publisher-14] [INFO] [1747397312.098775591] [right.robot_state_publisher]: got segment right_summit_rear_laser_link
[robot_state_publisher-14] [INFO] [1747397312.098792940] [right.robot_state_publisher]: got segment ur_right_base
[robot_state_publisher-14] [INFO] [1747397312.098809520] [right.robot_state_publisher]: got segment ur_right_base_link
[robot_state_publisher-14] [INFO] [1747397312.098828033] [right.robot_state_publisher]: got segment ur_right_base_link_inertia
[robot_state_publisher-14] [INFO] [1747397312.098845792] [right.robot_state_publisher]: got segment ur_right_finger_left
[robot_state_publisher-14] [INFO] [1747397312.098864015] [right.robot_state_publisher]: got segment ur_right_finger_right
[robot_state_publisher-14] [INFO] [1747397312.098882739] [right.robot_state_publisher]: got segment ur_right_finger_tip
[robot_state_publisher-14] [INFO] [1747397312.098901047] [right.robot_state_publisher]: got segment ur_right_flange
[robot_state_publisher-14] [INFO] [1747397312.098918880] [right.robot_state_publisher]: got segment ur_right_forearm_link
[robot_state_publisher-14] [INFO] [1747397312.098936666] [right.robot_state_publisher]: got segment ur_right_ft_frame
[robot_state_publisher-14] [INFO] [1747397312.098955451] [right.robot_state_publisher]: got segment ur_right_robotiq_hand
[robot_state_publisher-14] [INFO] [1747397312.098973692] [right.robot_state_publisher]: got segment ur_right_shoulder_link
[robot_state_publisher-14] [INFO] [1747397312.098991713] [right.robot_state_publisher]: got segment ur_right_tool0
[robot_state_publisher-14] [INFO] [1747397312.099009267] [right.robot_state_publisher]: got segment ur_right_upper_arm_link
[robot_state_publisher-14] [INFO] [1747397312.099028586] [right.robot_state_publisher]: got segment ur_right_wrist_1_link
[robot_state_publisher-14] [INFO] [1747397312.099047658] [right.robot_state_publisher]: got segment ur_right_wrist_2_link
[robot_state_publisher-14] [INFO] [1747397312.099065327] [right.robot_state_publisher]: got segment ur_right_wrist_3_link
[robot_state_publisher-4] [INFO] [1747397312.122420716] [left.robot_state_publisher]: got segment left_summit_back_left_wheel_link
[robot_state_publisher-4] [INFO] [1747397312.127638427] [left.robot_state_publisher]: got segment left_summit_back_right_wheel_link
[robot_state_publisher-4] [INFO] [1747397312.127702706] [left.robot_state_publisher]: got segment left_summit_base_chapa
[robot_state_publisher-4] [INFO] [1747397312.127732632] [left.robot_state_publisher]: got segment left_summit_base_docking_contact
[robot_state_publisher-4] [INFO] [1747397312.127757059] [left.robot_state_publisher]: got segment left_summit_base_footprint
[robot_state_publisher-4] [INFO] [1747397312.127779509] [left.robot_state_publisher]: got segment left_summit_base_link
[robot_state_publisher-4] [INFO] [1747397312.127801242] [left.robot_state_publisher]: got segment left_summit_base_logo_front
[robot_state_publisher-4] [INFO] [1747397312.127822884] [left.robot_state_publisher]: got segment left_summit_base_logo_left
[robot_state_publisher-4] [INFO] [1747397312.127847258] [left.robot_state_publisher]: got segment left_summit_base_logo_rear
[robot_state_publisher-4] [INFO] [1747397312.127868398] [left.robot_state_publisher]: got segment left_summit_base_logo_right
[robot_state_publisher-4] [INFO] [1747397312.127887237] [left.robot_state_publisher]: got segment left_summit_front_laser_base_link
[robot_state_publisher-4] [INFO] [1747397312.127908229] [left.robot_state_publisher]: got segment left_summit_front_laser_link
[robot_state_publisher-4] [INFO] [1747397312.127929001] [left.robot_state_publisher]: got segment left_summit_front_left_wheel_link
[robot_state_publisher-4] [INFO] [1747397312.127949827] [left.robot_state_publisher]: got segment left_summit_front_right_wheel_link
[robot_state_publisher-4] [INFO] [1747397312.127969917] [left.robot_state_publisher]: got segment left_summit_imu_link
[robot_state_publisher-4] [INFO] [1747397312.127990694] [left.robot_state_publisher]: got segment left_summit_rear_laser_base_link
[robot_state_publisher-4] [INFO] [1747397312.128009844] [left.robot_state_publisher]: got segment left_summit_rear_laser_link
[robot_state_publisher-4] [INFO] [1747397312.128029285] [left.robot_state_publisher]: got segment ur_left_base
[robot_state_publisher-4] [INFO] [1747397312.128051001] [left.robot_state_publisher]: got segment ur_left_base_link
[robot_state_publisher-4] [INFO] [1747397312.128069619] [left.robot_state_publisher]: got segment ur_left_base_link_inertia
[robot_state_publisher-4] [INFO] [1747397312.128089407] [left.robot_state_publisher]: got segment ur_left_finger_left
[robot_state_publisher-4] [INFO] [1747397312.128108582] [left.robot_state_publisher]: got segment ur_left_finger_right
[robot_state_publisher-4] [INFO] [1747397312.128125804] [left.robot_state_publisher]: got segment ur_left_finger_tip
[robot_state_publisher-4] [INFO] [1747397312.128142359] [left.robot_state_publisher]: got segment ur_left_flange
[robot_state_publisher-4] [INFO] [1747397312.128161257] [left.robot_state_publisher]: got segment ur_left_forearm_link
[robot_state_publisher-4] [INFO] [1747397312.128179963] [left.robot_state_publisher]: got segment ur_left_ft_frame
[robot_state_publisher-4] [INFO] [1747397312.128198281] [left.robot_state_publisher]: got segment ur_left_robotiq_hand
[robot_state_publisher-4] [INFO] [1747397312.128218446] [left.robot_state_publisher]: got segment ur_left_shoulder_link
[robot_state_publisher-4] [INFO] [1747397312.128238551] [left.robot_state_publisher]: got segment ur_left_tool0
[robot_state_publisher-4] [INFO] [1747397312.128259483] [left.robot_state_publisher]: got segment ur_left_upper_arm_link
[robot_state_publisher-4] [INFO] [1747397312.128280197] [left.robot_state_publisher]: got segment ur_left_wrist_1_link
[robot_state_publisher-4] [INFO] [1747397312.128301215] [left.robot_state_publisher]: got segment ur_left_wrist_2_link
[robot_state_publisher-4] [INFO] [1747397312.128320226] [left.robot_state_publisher]: got segment ur_left_wrist_3_link
[static_transform_publisher-20] [INFO] [1747397312.137201701] [right_static_transform_publisher_back_left]: Spinning until stopped - publishing transform
[static_transform_publisher-20] translation: ('0.250000', '0.150000', '0.000000')
[static_transform_publisher-20] rotation: ('0.000000', '0.000000', '0.000000', '1.000000')
[static_transform_publisher-20] from 'right_summit_base_link' to 'right_summit_back_left_wheel_link'
[rviz2-3] QStandardPaths: XDG_RUNTIME_DIR not set, defaulting to '/tmp/runtime-root'
[static_transform_publisher-22] [INFO] [1747397312.212697304] [right_static_transform_publisher_front_left]: Spinning until stopped - publishing transform
[static_transform_publisher-22] translation: ('-0.250000', '0.150000', '0.000000')
[static_transform_publisher-22] rotation: ('0.000000', '0.000000', '0.000000', '1.000000')
[static_transform_publisher-22] from 'right_summit_base_link' to 'right_summit_front_left_wheel_link'
[static_transform_publisher-23] [INFO] [1747397312.299055066] [static_transform_publisher_front_right]: Spinning until stopped - publishing transform
[static_transform_publisher-23] translation: ('-0.250000', '-0.150000', '0.000000')
[static_transform_publisher-23] rotation: ('0.000000', '0.000000', '0.000000', '1.000000')
[static_transform_publisher-23] from 'right_summit_base_link' to 'right_summit_front_right_wheel_link'
[move_group-8] [INFO] [1747397312.663461084] [moveit_rdf_loader.rdf_loader]: Loaded robot model in 0.137475 seconds
[move_group-8] [INFO] [1747397312.663586276] [moveit_robot_model.robot_model]: Loading robot model 'dual'...
[move_group-8] [WARN] [1747397312.663764694] [moveit_robot_model.robot_model]: Link left_summit_base_footprint has visual geometry but no collision geometry. Collision geometry will be left empty. Fix your URDF file by explicitly specifying collision geometry.
[move_group-18] [INFO] [1747397312.672335487] [moveit_rdf_loader.rdf_loader]: Loaded robot model in 0.0989151 seconds
[move_group-18] [INFO] [1747397312.672471939] [moveit_robot_model.robot_model]: Loading robot model 'dual'...
[move_group-18] [WARN] [1747397312.672562052] [moveit_robot_model.robot_model]: Link right_summit_base_footprint has visual geometry but no collision geometry. Collision geometry will be left empty. Fix your URDF file by explicitly specifying collision geometry.
[move_group-18] [WARN] [1747397312.689994008] [moveit_robot_model.robot_model]: Link right_summit_base_logo_front has visual geometry but no collision geometry. Collision geometry will be left empty. Fix your URDF file by explicitly specifying collision geometry.
[move_group-8] [WARN] [1747397312.690095763] [moveit_robot_model.robot_model]: Link left_summit_base_logo_front has visual geometry but no collision geometry. Collision geometry will be left empty. Fix your URDF file by explicitly specifying collision geometry.
[move_group-8] [WARN] [1747397312.690133794] [moveit_robot_model.robot_model]: Link left_summit_base_logo_left has visual geometry but no collision geometry. Collision geometry will be left empty. Fix your URDF file by explicitly specifying collision geometry.
[move_group-8] [WARN] [1747397312.690152493] [moveit_robot_model.robot_model]: Link left_summit_base_logo_rear has visual geometry but no collision geometry. Collision geometry will be left empty. Fix your URDF file by explicitly specifying collision geometry.
[move_group-8] [WARN] [1747397312.690169915] [moveit_robot_model.robot_model]: Link left_summit_base_logo_right has visual geometry but no collision geometry. Collision geometry will be left empty. Fix your URDF file by explicitly specifying collision geometry.
[move_group-8] [WARN] [1747397312.690187092] [moveit_robot_model.robot_model]: Link left_summit_base_chapa has visual geometry but no collision geometry. Collision geometry will be left empty. Fix your URDF file by explicitly specifying collision geometry.
[move_group-18] [WARN] [1747397312.697242048] [moveit_robot_model.robot_model]: Link right_summit_base_logo_left has visual geometry but no collision geometry. Collision geometry will be left empty. Fix your URDF file by explicitly specifying collision geometry.
[move_group-18] [WARN] [1747397312.698982066] [moveit_robot_model.robot_model]: Link right_summit_base_logo_rear has visual geometry but no collision geometry. Collision geometry will be left empty. Fix your URDF file by explicitly specifying collision geometry.
[move_group-8] [WARN] [1747397312.699744857] [moveit_robot_model.robot_model]: Link left_summit_imu_link has visual geometry but no collision geometry. Collision geometry will be left empty. Fix your URDF file by explicitly specifying collision geometry.
[move_group-18] [WARN] [1747397312.701674017] [moveit_robot_model.robot_model]: Link right_summit_base_logo_right has visual geometry but no collision geometry. Collision geometry will be left empty. Fix your URDF file by explicitly specifying collision geometry.
[move_group-18] [WARN] [1747397312.701703074] [moveit_robot_model.robot_model]: Link right_summit_base_chapa has visual geometry but no collision geometry. Collision geometry will be left empty. Fix your URDF file by explicitly specifying collision geometry.
[move_group-18] [WARN] [1747397312.709560717] [moveit_robot_model.robot_model]: Link right_summit_imu_link has visual geometry but no collision geometry. Collision geometry will be left empty. Fix your URDF file by explicitly specifying collision geometry.
[spawner-6] [INFO] [1747397313.216645239] [left.spawner_joint_state_broadcaster]: waiting for service /left/controller_manager/list_controllers to become available...
[spawner-7] [INFO] [1747397313.230957861] [left.spawner_ur_left_joint_group_vel_controller]: waiting for service /left/controller_manager/list_controllers to become available...
[spawner-17] [INFO] [1747397313.237299110] [right.spawner_ur_right_joint_group_vel_controller]: waiting for service /right/controller_manager/list_controllers to become available...
[spawner-16] [INFO] [1747397313.348651876] [right.spawner_joint_state_broadcaster]: waiting for service /right/controller_manager/list_controllers to become available...
[spawn_entity.py-15] [INFO] [1747397313.687458031] [right]: Spawn Entity started
[spawn_entity.py-15] [INFO] [1747397313.688940370] [right]: Loading entity published on topic /right/robot_description
[spawn_entity.py-15] /opt/ros/humble/local/lib/python3.10/dist-packages/rclpy/qos.py:307: UserWarning: DurabilityPolicy.RMW_QOS_POLICY_DURABILITY_TRANSIENT_LOCAL is deprecated. Use DurabilityPolicy.TRANSIENT_LOCAL instead.
[spawn_entity.py-15]   warnings.warn(
[spawn_entity.py-15] [INFO] [1747397313.701119831] [right]: Waiting for entity xml on /right/robot_description
[spawn_entity.py-5] [INFO] [1747397313.726430760] [left]: Spawn Entity started
[spawn_entity.py-5] [INFO] [1747397313.727572033] [left]: Loading entity published on topic /left/robot_description
[spawn_entity.py-5] /opt/ros/humble/local/lib/python3.10/dist-packages/rclpy/qos.py:307: UserWarning: DurabilityPolicy.RMW_QOS_POLICY_DURABILITY_TRANSIENT_LOCAL is deprecated. Use DurabilityPolicy.TRANSIENT_LOCAL instead.
[spawn_entity.py-5]   warnings.warn(
[spawn_entity.py-5] [INFO] [1747397313.737103347] [left]: Waiting for entity xml on /left/robot_description
[spawn_entity.py-5] [INFO] [1747397313.752008987] [left]: Waiting for service /spawn_entity, timeout = 5
[spawn_entity.py-5] [INFO] [1747397313.753086216] [left]: Waiting for service /spawn_entity
[rviz2-3] [INFO] [1747397313.948150339] [rviz2]: Stereo is NOT SUPPORTED
[rviz2-3] [INFO] [1747397313.948378611] [rviz2]: OpenGl version: 4.6 (GLSL 4.6)
[rviz2-3] [INFO] [1747397314.033281814] [rviz2]: Stereo is NOT SUPPORTED
[move_group-8] [INFO] [1747397314.093081935] [moveit_ros.planning_scene_monitor.planning_scene_monitor]: Publishing maintained planning scene on 'monitored_planning_scene'
[move_group-8] [INFO] [1747397314.093385276] [moveit.ros_planning_interface.moveit_cpp]: Listening to 'joint_states' for joint states
[move_group-8] [INFO] [1747397314.097574318] [moveit_ros.current_state_monitor]: Listening to joint states on topic 'joint_states'
[move_group-8] [INFO] [1747397314.099010238] [moveit_ros.planning_scene_monitor.planning_scene_monitor]: Listening to '/attached_collision_object' for attached collision objects
[move_group-8] [INFO] [1747397314.099051966] [moveit_ros.planning_scene_monitor.planning_scene_monitor]: Starting planning scene monitor
[move_group-8] [INFO] [1747397314.100312725] [moveit_ros.planning_scene_monitor.planning_scene_monitor]: Listening to '/planning_scene'
[move_group-8] [INFO] [1747397314.100340792] [moveit_ros.planning_scene_monitor.planning_scene_monitor]: Starting world geometry update monitor for collision objects, attached objects, octomap updates.
[move_group-8] [INFO] [1747397314.101532968] [moveit_ros.planning_scene_monitor.planning_scene_monitor]: Listening to 'collision_object'
[move_group-8] [INFO] [1747397314.102656270] [moveit_ros.planning_scene_monitor.planning_scene_monitor]: Listening to 'planning_scene_world' for planning scene world geometry
[move_group-8] [WARN] [1747397314.106327949] [moveit.ros.occupancy_map_monitor.middleware_handle]: Resolution not specified for Octomap. Assuming resolution = 0.1 instead
[move_group-8] [WARN] [1747397314.108331937] [moveit_ros.current_state_monitor]: Unable to update multi-DOF joint 'Vjoint_left':Failure to lookup transform between 'left_summit_odom'and 'left_summit_base_footprint' with TF exception: Could not find a connection between 'left_summit_odom' and 'left_summit_base_footprint' because they are not part of the same tree.Tf has two or more unconnected trees.
[move_group-18] [INFO] [1747397314.148514971] [moveit_ros.planning_scene_monitor.planning_scene_monitor]: Publishing maintained planning scene on 'monitored_planning_scene'
[move_group-18] [INFO] [1747397314.148784622] [moveit.ros_planning_interface.moveit_cpp]: Listening to 'joint_states' for joint states
[move_group-18] [INFO] [1747397314.152805982] [moveit_ros.current_state_monitor]: Listening to joint states on topic 'joint_states'
[move_group-18] [INFO] [1747397314.154827255] [moveit_ros.planning_scene_monitor.planning_scene_monitor]: Listening to '/attached_collision_object' for attached collision objects
[move_group-18] [INFO] [1747397314.154865983] [moveit_ros.planning_scene_monitor.planning_scene_monitor]: Starting planning scene monitor
[move_group-18] [INFO] [1747397314.156313559] [moveit_ros.planning_scene_monitor.planning_scene_monitor]: Listening to '/planning_scene'
[move_group-18] [INFO] [1747397314.156353007] [moveit_ros.planning_scene_monitor.planning_scene_monitor]: Starting world geometry update monitor for collision objects, attached objects, octomap updates.
[move_group-18] [INFO] [1747397314.159117138] [moveit_ros.planning_scene_monitor.planning_scene_monitor]: Listening to 'collision_object'
[move_group-18] [INFO] [1747397314.162412149] [moveit_ros.planning_scene_monitor.planning_scene_monitor]: Listening to 'planning_scene_world' for planning scene world geometry
[move_group-18] [WARN] [1747397314.164256003] [moveit_ros.current_state_monitor]: Unable to update multi-DOF joint 'Vjoint_right':Failure to lookup transform between 'right_summit_odom'and 'right_summit_base_footprint' with TF exception: Could not find a connection between 'right_summit_odom' and 'right_summit_base_footprint' because they are not part of the same tree.Tf has two or more unconnected trees.
[move_group-18] [WARN] [1747397314.165955072] [moveit.ros.occupancy_map_monitor.middleware_handle]: Resolution not specified for Octomap. Assuming resolution = 0.1 instead
[spawn_entity.py-15] [INFO] [1747397314.310032754] [right]: Waiting for service /spawn_entity, timeout = 5
[spawn_entity.py-15] [INFO] [1747397314.311532584] [right]: Waiting for service /spawn_entity
[rviz2-3] [WARN] [1747397315.372447781] [rcl.logging_rosout]: Publisher already registered for provided node name. If this is due to multiple nodes with the same name then all logs for that logger name will go out over the existing publisher. As soon as any node with that name is destructed it will unregister the publisher, preventing any further logs for that name from being published on the rosout topic.
[move_group-8] [INFO] [1747397316.243313488] [moveit.ros_planning_interface.moveit_cpp]: Loading planning pipeline 'ompl'
[move_group-18] [INFO] [1747397316.273286888] [moveit.ros_planning_interface.moveit_cpp]: Loading planning pipeline 'ompl'
[move_group-8] [INFO] [1747397316.303341956] [moveit.ros_planning.planning_pipeline]: Using planning interface 'OMPL'
[move_group-18] [INFO] [1747397316.308233087] [moveit.ros_planning.planning_pipeline]: Using planning interface 'OMPL'
[move_group-8] [INFO] [1747397316.314791357] [moveit_ros.add_time_optimal_parameterization]: Param 'ompl.path_tolerance' was not set. Using default value: 0.100000
[move_group-8] [INFO] [1747397316.314827368] [moveit_ros.add_time_optimal_parameterization]: Param 'ompl.resample_dt' was not set. Using default value: 0.100000
[move_group-8] [INFO] [1747397316.314883349] [moveit_ros.add_time_optimal_parameterization]: Param 'ompl.min_angle_change' was not set. Using default value: 0.001000
[move_group-8] [INFO] [1747397316.314929750] [moveit_ros.fix_workspace_bounds]: Param 'ompl.default_workspace_bounds' was not set. Using default value: 10.000000
[move_group-8] [INFO] [1747397316.314957735] [moveit_ros.fix_start_state_bounds]: Param 'ompl.start_state_max_bounds_error' was set to 0.100000
[move_group-8] [INFO] [1747397316.314969236] [moveit_ros.fix_start_state_bounds]: Param 'ompl.start_state_max_dt' was not set. Using default value: 0.500000
[move_group-8] [INFO] [1747397316.314990751] [moveit_ros.fix_start_state_collision]: Param 'ompl.start_state_max_dt' was not set. Using default value: 0.500000
[move_group-8] [INFO] [1747397316.315002229] [moveit_ros.fix_start_state_collision]: Param 'ompl.jiggle_fraction' was set to 0.050000
[move_group-8] [INFO] [1747397316.315027416] [moveit_ros.fix_start_state_collision]: Param 'ompl.max_sampling_attempts' was not set. Using default value: 100
[move_group-8] [INFO] [1747397316.315049882] [moveit.ros_planning.planning_pipeline]: Using planning request adapter 'Add Time Optimal Parameterization'
[move_group-8] [INFO] [1747397316.315060345] [moveit.ros_planning.planning_pipeline]: Using planning request adapter 'Resolve constraint frames to robot links'
[move_group-8] [INFO] [1747397316.315066999] [moveit.ros_planning.planning_pipeline]: Using planning request adapter 'Fix Workspace Bounds'
[move_group-8] [INFO] [1747397316.315073057] [moveit.ros_planning.planning_pipeline]: Using planning request adapter 'Fix Start State Bounds'
[move_group-8] [INFO] [1747397316.315078842] [moveit.ros_planning.planning_pipeline]: Using planning request adapter 'Fix Start State In Collision'
[move_group-8] [INFO] [1747397316.315084701] [moveit.ros_planning.planning_pipeline]: Using planning request adapter 'Fix Start State Path Constraints'
[move_group-18] [INFO] [1747397316.319735135] [moveit_ros.add_time_optimal_parameterization]: Param 'ompl.path_tolerance' was not set. Using default value: 0.100000
[move_group-18] [INFO] [1747397316.319767958] [moveit_ros.add_time_optimal_parameterization]: Param 'ompl.resample_dt' was not set. Using default value: 0.100000
[move_group-18] [INFO] [1747397316.319825252] [moveit_ros.add_time_optimal_parameterization]: Param 'ompl.min_angle_change' was not set. Using default value: 0.001000
[move_group-18] [INFO] [1747397316.319884213] [moveit_ros.fix_workspace_bounds]: Param 'ompl.default_workspace_bounds' was not set. Using default value: 10.000000
[move_group-18] [INFO] [1747397316.319913339] [moveit_ros.fix_start_state_bounds]: Param 'ompl.start_state_max_bounds_error' was set to 0.100000
[move_group-18] [INFO] [1747397316.319924696] [moveit_ros.fix_start_state_bounds]: Param 'ompl.start_state_max_dt' was not set. Using default value: 0.500000
[move_group-18] [INFO] [1747397316.319946589] [moveit_ros.fix_start_state_collision]: Param 'ompl.start_state_max_dt' was not set. Using default value: 0.500000
[move_group-18] [INFO] [1747397316.319958101] [moveit_ros.fix_start_state_collision]: Param 'ompl.jiggle_fraction' was set to 0.050000
[move_group-18] [INFO] [1747397316.319978613] [moveit_ros.fix_start_state_collision]: Param 'ompl.max_sampling_attempts' was not set. Using default value: 100
[move_group-18] [INFO] [1747397316.320000359] [moveit.ros_planning.planning_pipeline]: Using planning request adapter 'Add Time Optimal Parameterization'
[move_group-18] [INFO] [1747397316.320010602] [moveit.ros_planning.planning_pipeline]: Using planning request adapter 'Resolve constraint frames to robot links'
[move_group-18] [INFO] [1747397316.320017112] [moveit.ros_planning.planning_pipeline]: Using planning request adapter 'Fix Workspace Bounds'
[move_group-18] [INFO] [1747397316.320023352] [moveit.ros_planning.planning_pipeline]: Using planning request adapter 'Fix Start State Bounds'
[move_group-18] [INFO] [1747397316.320029242] [moveit.ros_planning.planning_pipeline]: Using planning request adapter 'Fix Start State In Collision'
[move_group-18] [INFO] [1747397316.320035218] [moveit.ros_planning.planning_pipeline]: Using planning request adapter 'Fix Start State Path Constraints'
[move_group-8] [INFO] [1747397316.323023506] [moveit.ros_planning_interface.moveit_cpp]: Loading planning pipeline 'chomp'
[move_group-18] [INFO] [1747397316.329486577] [moveit.ros_planning_interface.moveit_cpp]: Loading planning pipeline 'chomp'
[move_group-8] [INFO] [1747397316.339064155] [moveit.ros_planning.planning_pipeline]: Using planning interface 'CHOMP'
[move_group-18] [INFO] [1747397316.343919914] [moveit.ros_planning.planning_pipeline]: Using planning interface 'CHOMP'
[move_group-8] [INFO] [1747397316.347418513] [moveit_ros.add_time_optimal_parameterization]: Param 'chomp.path_tolerance' was not set. Using default value: 0.100000
[move_group-8] [INFO] [1747397316.347446016] [moveit_ros.add_time_optimal_parameterization]: Param 'chomp.resample_dt' was not set. Using default value: 0.100000
[move_group-8] [INFO] [1747397316.347456056] [moveit_ros.add_time_optimal_parameterization]: Param 'chomp.min_angle_change' was not set. Using default value: 0.001000
[move_group-8] [INFO] [1747397316.347493186] [moveit_ros.fix_workspace_bounds]: Param 'chomp.default_workspace_bounds' was not set. Using default value: 10.000000
[move_group-8] [INFO] [1747397316.347519763] [moveit_ros.fix_start_state_bounds]: Param 'chomp.start_state_max_bounds_error' was set to 0.100000
[move_group-8] [INFO] [1747397316.347530808] [moveit_ros.fix_start_state_bounds]: Param 'chomp.start_state_max_dt' was not set. Using default value: 0.500000
[move_group-8] [INFO] [1747397316.347552596] [moveit_ros.fix_start_state_collision]: Param 'chomp.start_state_max_dt' was not set. Using default value: 0.500000
[move_group-8] [INFO] [1747397316.347563157] [moveit_ros.fix_start_state_collision]: Param 'chomp.jiggle_fraction' was set to 0.050000
[move_group-8] [INFO] [1747397316.347572580] [moveit_ros.fix_start_state_collision]: Param 'chomp.max_sampling_attempts' was not set. Using default value: 100
[move_group-8] [INFO] [1747397316.347592904] [moveit.ros_planning.planning_pipeline]: Using planning request adapter 'Add Time Optimal Parameterization'
[move_group-8] [INFO] [1747397316.347601618] [moveit.ros_planning.planning_pipeline]: Using planning request adapter 'Resolve constraint frames to robot links'
[move_group-8] [INFO] [1747397316.347608106] [moveit.ros_planning.planning_pipeline]: Using planning request adapter 'Fix Workspace Bounds'
[move_group-8] [INFO] [1747397316.347614092] [moveit.ros_planning.planning_pipeline]: Using planning request adapter 'Fix Start State Bounds'
[move_group-8] [INFO] [1747397316.347619839] [moveit.ros_planning.planning_pipeline]: Using planning request adapter 'Fix Start State In Collision'
[move_group-8] [INFO] [1747397316.347625788] [moveit.ros_planning.planning_pipeline]: Using planning request adapter 'Fix Start State Path Constraints'
[move_group-8] [INFO] [1747397316.350943028] [moveit.ros_planning_interface.moveit_cpp]: Loading planning pipeline 'pilz_industrial_motion_planner'
[move_group-18] [INFO] [1747397316.353670269] [moveit_ros.add_time_optimal_parameterization]: Param 'chomp.path_tolerance' was not set. Using default value: 0.100000
[move_group-18] [INFO] [1747397316.353705581] [moveit_ros.add_time_optimal_parameterization]: Param 'chomp.resample_dt' was not set. Using default value: 0.100000
[move_group-18] [INFO] [1747397316.353721192] [moveit_ros.add_time_optimal_parameterization]: Param 'chomp.min_angle_change' was not set. Using default value: 0.001000
[move_group-18] [INFO] [1747397316.353788455] [moveit_ros.fix_workspace_bounds]: Param 'chomp.default_workspace_bounds' was not set. Using default value: 10.000000
[move_group-18] [INFO] [1747397316.353839277] [moveit_ros.fix_start_state_bounds]: Param 'chomp.start_state_max_bounds_error' was set to 0.100000
[move_group-18] [INFO] [1747397316.353860458] [moveit_ros.fix_start_state_bounds]: Param 'chomp.start_state_max_dt' was not set. Using default value: 0.500000
[move_group-18] [INFO] [1747397316.353904809] [moveit_ros.fix_start_state_collision]: Param 'chomp.start_state_max_dt' was not set. Using default value: 0.500000
[move_group-18] [INFO] [1747397316.353925203] [moveit_ros.fix_start_state_collision]: Param 'chomp.jiggle_fraction' was set to 0.050000
[move_group-18] [INFO] [1747397316.353940191] [moveit_ros.fix_start_state_collision]: Param 'chomp.max_sampling_attempts' was not set. Using default value: 100
[move_group-18] [INFO] [1747397316.353975578] [moveit.ros_planning.planning_pipeline]: Using planning request adapter 'Add Time Optimal Parameterization'
[move_group-18] [INFO] [1747397316.353990752] [moveit.ros_planning.planning_pipeline]: Using planning request adapter 'Resolve constraint frames to robot links'
[move_group-18] [INFO] [1747397316.354002845] [moveit.ros_planning.planning_pipeline]: Using planning request adapter 'Fix Workspace Bounds'
[move_group-18] [INFO] [1747397316.354015430] [moveit.ros_planning.planning_pipeline]: Using planning request adapter 'Fix Start State Bounds'
[move_group-18] [INFO] [1747397316.354027854] [moveit.ros_planning.planning_pipeline]: Using planning request adapter 'Fix Start State In Collision'
[move_group-18] [INFO] [1747397316.354039663] [moveit.ros_planning.planning_pipeline]: Using planning request adapter 'Fix Start State Path Constraints'
[move_group-18] [INFO] [1747397316.357362490] [moveit.ros_planning_interface.moveit_cpp]: Loading planning pipeline 'pilz_industrial_motion_planner'
[move_group-18] [INFO] [1747397316.369624394] [moveit.pilz_industrial_motion_planner.joint_limits_aggregator]: Reading limits from namespace robot_description_planning
[move_group-8] [INFO] [1747397316.369838430] [moveit.pilz_industrial_motion_planner.joint_limits_aggregator]: Reading limits from namespace robot_description_planning
[move_group-8] [WARN] [1747397316.374622860] [moveit.pilz_industrial_motion_planner.joint_limits_aggregator]: Multi-DOF-Joint 'Vjoint_left' not supported.
[move_group-8] [WARN] [1747397316.374693077] [moveit.pilz_industrial_motion_planner.joint_limits_aggregator]: Multi-DOF-Joint 'Vjoint_left' not supported.
[move_group-18] [WARN] [1747397316.375429551] [moveit.pilz_industrial_motion_planner.joint_limits_aggregator]: Multi-DOF-Joint 'Vjoint_right' not supported.
[move_group-18] [WARN] [1747397316.375479811] [moveit.pilz_industrial_motion_planner.joint_limits_aggregator]: Multi-DOF-Joint 'Vjoint_right' not supported.
[move_group-8] [INFO] [1747397316.406274942] [moveit.pilz_industrial_motion_planner]: Available plugins: pilz_industrial_motion_planner/PlanningContextLoaderCIRC pilz_industrial_motion_planner/PlanningContextLoaderLIN pilz_industrial_motion_planner/PlanningContextLoaderPTP 
[move_group-8] [INFO] [1747397316.406326162] [moveit.pilz_industrial_motion_planner]: About to load: pilz_industrial_motion_planner/PlanningContextLoaderCIRC
[move_group-18] [INFO] [1747397316.409517238] [moveit.pilz_industrial_motion_planner]: Available plugins: pilz_industrial_motion_planner/PlanningContextLoaderCIRC pilz_industrial_motion_planner/PlanningContextLoaderLIN pilz_industrial_motion_planner/PlanningContextLoaderPTP 
[move_group-18] [INFO] [1747397316.409563929] [moveit.pilz_industrial_motion_planner]: About to load: pilz_industrial_motion_planner/PlanningContextLoaderCIRC
[move_group-18] [INFO] [1747397316.414013036] [moveit.pilz_industrial_motion_planner]: Registered Algorithm [CIRC]
[move_group-18] [INFO] [1747397316.414064112] [moveit.pilz_industrial_motion_planner]: About to load: pilz_industrial_motion_planner/PlanningContextLoaderLIN
[move_group-18] [INFO] [1747397316.416733035] [moveit.pilz_industrial_motion_planner]: Registered Algorithm [LIN]
[move_group-18] [INFO] [1747397316.416777922] [moveit.pilz_industrial_motion_planner]: About to load: pilz_industrial_motion_planner/PlanningContextLoaderPTP
[move_group-8] [INFO] [1747397316.417759384] [moveit.pilz_industrial_motion_planner]: Registered Algorithm [CIRC]
[move_group-8] [INFO] [1747397316.417799573] [moveit.pilz_industrial_motion_planner]: About to load: pilz_industrial_motion_planner/PlanningContextLoaderLIN
[move_group-18] [INFO] [1747397316.419172038] [moveit.pilz_industrial_motion_planner]: Registered Algorithm [PTP]
[move_group-18] [INFO] [1747397316.419262710] [moveit.ros_planning.planning_pipeline]: Using planning interface 'Pilz Industrial Motion Planner'
[move_group-8] [INFO] [1747397316.420095795] [moveit.pilz_industrial_motion_planner]: Registered Algorithm [LIN]
[move_group-8] [INFO] [1747397316.420137104] [moveit.pilz_industrial_motion_planner]: About to load: pilz_industrial_motion_planner/PlanningContextLoaderPTP
[move_group-8] [INFO] [1747397316.424632356] [moveit.pilz_industrial_motion_planner]: Registered Algorithm [PTP]
[move_group-8] [INFO] [1747397316.424706977] [moveit.ros_planning.planning_pipeline]: Using planning interface 'Pilz Industrial Motion Planner'
[move_group-18] [WARN] [1747397316.435559244] [moveit_ros.trajectory_execution_manager]: moveit_ros_control_interface/MoveItControllerManager is deprecated. Replace with `moveit_ros_control_interface/MoveItControllerManager.`
[move_group-8] [WARN] [1747397316.439709482] [moveit_ros.trajectory_execution_manager]: moveit_ros_control_interface/MoveItControllerManager is deprecated. Replace with `moveit_ros_control_interface/MoveItControllerManager.`
[move_group-18] [INFO] [1747397316.786740186] [moveit.plugins.ros_control_interface]: Started moveit_ros_control_interface::Ros2ControlManager for namespace 
[move_group-8] [INFO] [1747397316.800040636] [moveit.plugins.ros_control_interface]: Started moveit_ros_control_interface::Ros2ControlManager for namespace 
[gzserver-1] ALSA lib pcm_dmix.c:1032:(snd_pcm_dmix_open) unable to open slave
[gzserver-1] AL lib: (EE) ALCplaybackAlsa_open: Could not open playback device 'default': Device or resource busy
[spawn_entity.py-5] [INFO] [1747397317.030170710] [left]: Calling service /spawn_entity
[gzserver-1] [WARN] [1747397317.052284424] [rcl]: Found remap rule 'model_states:=model_states'. This syntax is deprecated. Use '--ros-args --remap model_states:=model_states' instead.
[gzserver-1] [WARN] [1747397317.052587968] [rcl]: Found remap rule 'link_states:=link_states'. This syntax is deprecated. Use '--ros-args --remap link_states:=link_states' instead.
[spawn_entity.py-15] [INFO] [1747397317.089062692] [right]: Calling service /spawn_entity
[gzserver-1] [INFO] [1747397317.097343841] [state.gazebo_ros_state]: Publishing states of gazebo models at [/state/model_states]
[gzserver-1] [INFO] [1747397317.101345260] [state.gazebo_ros_state]: Publishing states of gazebo links at [/state/link_states]
[move_group-18] [WARN] [1747397317.799341853] [moveit.plugins.ros_control_interface]: Failed to read controllers from /controller_manager/list_controllers within 1 seconds
[move_group-8] [WARN] [1747397317.807638778] [moveit.plugins.ros_control_interface]: Failed to read controllers from /controller_manager/list_controllers within 1 seconds
[gzserver-1] [INFO] [1747397317.980909757] [left_summit_imu_imu_plugin]: <initial_orientation_as_reference> is unset, using default value of false to comply with REP 145 (world as orientation reference)
[spawn_entity.py-5] [INFO] [1747397318.331434567] [left]: Spawn status: SpawnEntity: Successfully spawned entity [left_robot]
[spawn_entity.py-5] [INFO] [1747397318.343344219] [left]: Calling service /unpause_physics
[INFO] [spawn_entity.py-5]: process has finished cleanly [pid 548]
[gzserver-1] [INFO] [1747397318.638045615] [left_summit.omni_steering]: Subscribed to [/left_summit/cmd_vel]
[gzserver-1] [INFO] [1747397318.646961815] [left_summit.omni_steering]: Advertise odometry on [/left_summit/odom]
[gzserver-1] [INFO] [1747397318.659701632] [left_summit.omni_steering]: Publishing odom transforms between [left_summit_odom] and [left_summit_base_footprint]
[gzserver-1] [INFO] [1747397318.716402498] [gazebo_ros2_control]: Loading gazebo_ros2_control plugin
[gzserver-1] [INFO] [1747397318.738420338] [left.left_gazebo_ros2_control]: Starting gazebo_ros2_control plugin in namespace: /left
[gzserver-1] [INFO] [1747397318.738541312] [left.left_gazebo_ros2_control]: Starting gazebo_ros2_control plugin in ros 2 node: left_gazebo_ros2_control
[gzserver-1] [INFO] [1747397318.766771520] [left.left_gazebo_ros2_control]: connected to service!! robot_state_publisher
[gzserver-1] [INFO] [1747397318.774285371] [left.left_gazebo_ros2_control]: Received urdf from param server, parsing...
[gzserver-1] [INFO] [1747397318.775686318] [left.left_gazebo_ros2_control]: Loading parameter files /ros2_ws/install/ur/share/ur/config/left_controller.yaml
[gzserver-1] [INFO] [1747397318.793740446] [resource_manager]: Loading hardware 'left_ur' 
[gzserver-1] [ERROR] [1747397318.793884971] [left.left_gazebo_ros2_control]: Error initializing URDF to resource manager!
[move_group-18] [WARN] [1747397318.799787477] [moveit.plugins.ros_control_interface]: Failed to read controllers from /controller_manager/list_controllers within 1 seconds
[move_group-8] [WARN] [1747397318.808028849] [moveit.plugins.ros_control_interface]: Failed to read controllers from /controller_manager/list_controllers within 1 seconds
[gzserver-1] [INFO] [1747397318.831993556] [left.left_gazebo_ros2_control]: Loading joint: ur_left_shoulder_pan_joint
[gzserver-1] [INFO] [1747397318.832407968] [left.left_gazebo_ros2_control]: 	State:
[gzserver-1] [INFO] [1747397318.832518422] [left.left_gazebo_ros2_control]: 		 position
[gzserver-1] [INFO] [1747397318.833368991] [left.left_gazebo_ros2_control]: 			 found initial value: -1.400000
[gzserver-1] [INFO] [1747397318.833415209] [left.left_gazebo_ros2_control]: 		 velocity
[gzserver-1] [INFO] [1747397318.833711065] [left.left_gazebo_ros2_control]: 		 effort
[gzserver-1] [INFO] [1747397318.833847692] [left.left_gazebo_ros2_control]: 	Command:
[gzserver-1] [INFO] [1747397318.833877470] [left.left_gazebo_ros2_control]: 		 position
[gzserver-1] [INFO] [1747397318.834741645] [left.left_gazebo_ros2_control]: 		 velocity
[gzserver-1] [INFO] [1747397318.835354149] [left.left_gazebo_ros2_control]: Loading joint: ur_left_shoulder_lift_joint
[gzserver-1] [INFO] [1747397318.835416287] [left.left_gazebo_ros2_control]: 	State:
[gzserver-1] [INFO] [1747397318.835444676] [left.left_gazebo_ros2_control]: 		 position
[gzserver-1] [INFO] [1747397318.835473404] [left.left_gazebo_ros2_control]: 			 found initial value: -1.227838
[gzserver-1] [INFO] [1747397318.835503803] [left.left_gazebo_ros2_control]: 		 velocity
[gzserver-1] [INFO] [1747397318.835538834] [left.left_gazebo_ros2_control]: 		 effort
[gzserver-1] [INFO] [1747397318.835567231] [left.left_gazebo_ros2_control]: 	Command:
[gzserver-1] [INFO] [1747397318.835592207] [left.left_gazebo_ros2_control]: 		 position
[gzserver-1] [INFO] [1747397318.835667784] [left.left_gazebo_ros2_control]: 		 velocity
[gzserver-1] [INFO] [1747397318.835713822] [left.left_gazebo_ros2_control]: Loading joint: ur_left_elbow_joint
[gzserver-1] [INFO] [1747397318.835743433] [left.left_gazebo_ros2_control]: 	State:
[gzserver-1] [INFO] [1747397318.835766859] [left.left_gazebo_ros2_control]: 		 position
[gzserver-1] [INFO] [1747397318.835792455] [left.left_gazebo_ros2_control]: 			 found initial value: -1.791046
[gzserver-1] [INFO] [1747397318.835819503] [left.left_gazebo_ros2_control]: 		 velocity
[gzserver-1] [INFO] [1747397318.835845829] [left.left_gazebo_ros2_control]: 		 effort
[gzserver-1] [INFO] [1747397318.835917888] [left.left_gazebo_ros2_control]: 	Command:
[gzserver-1] [INFO] [1747397318.835944145] [left.left_gazebo_ros2_control]: 		 position
[gzserver-1] [INFO] [1747397318.835998282] [left.left_gazebo_ros2_control]: 		 velocity
[gzserver-1] [INFO] [1747397318.836087970] [left.left_gazebo_ros2_control]: Loading joint: ur_left_wrist_1_joint
[gzserver-1] [INFO] [1747397318.836120356] [left.left_gazebo_ros2_control]: 	State:
[gzserver-1] [INFO] [1747397318.836144734] [left.left_gazebo_ros2_control]: 		 position
[gzserver-1] [INFO] [1747397318.836172077] [left.left_gazebo_ros2_control]: 			 found initial value: -1.447073
[gzserver-1] [INFO] [1747397318.836200659] [left.left_gazebo_ros2_control]: 		 velocity
[gzserver-1] [INFO] [1747397318.836226581] [left.left_gazebo_ros2_control]: 		 effort
[gzserver-1] [INFO] [1747397318.836252505] [left.left_gazebo_ros2_control]: 	Command:
[gzserver-1] [INFO] [1747397318.836275840] [left.left_gazebo_ros2_control]: 		 position
[gzserver-1] [INFO] [1747397318.836325923] [left.left_gazebo_ros2_control]: 		 velocity
[gzserver-1] [INFO] [1747397318.836368230] [left.left_gazebo_ros2_control]: Loading joint: ur_left_wrist_2_joint
[gzserver-1] [INFO] [1747397318.836396669] [left.left_gazebo_ros2_control]: 	State:
[gzserver-1] [INFO] [1747397318.836420434] [left.left_gazebo_ros2_control]: 		 position
[gzserver-1] [INFO] [1747397318.836446545] [left.left_gazebo_ros2_control]: 			 found initial value: 1.900333
[gzserver-1] [INFO] [1747397318.836475711] [left.left_gazebo_ros2_control]: 		 velocity
[gzserver-1] [INFO] [1747397318.836502340] [left.left_gazebo_ros2_control]: 		 effort
[gzserver-1] [INFO] [1747397318.836528288] [left.left_gazebo_ros2_control]: 	Command:
[gzserver-1] [INFO] [1747397318.836551546] [left.left_gazebo_ros2_control]: 		 position
[gzserver-1] [INFO] [1747397318.836602647] [left.left_gazebo_ros2_control]: 		 velocity
[gzserver-1] [INFO] [1747397318.836642701] [left.left_gazebo_ros2_control]: Loading joint: ur_left_wrist_3_joint
[gzserver-1] [INFO] [1747397318.836670725] [left.left_gazebo_ros2_control]: 	State:
[gzserver-1] [INFO] [1747397318.836693729] [left.left_gazebo_ros2_control]: 		 position
[gzserver-1] [INFO] [1747397318.836718070] [left.left_gazebo_ros2_control]: 			 found initial value: -0.755379
[gzserver-1] [INFO] [1747397318.836747060] [left.left_gazebo_ros2_control]: 		 velocity
[gzserver-1] [INFO] [1747397318.836782376] [left.left_gazebo_ros2_control]: 		 effort
[gzserver-1] [INFO] [1747397318.836809192] [left.left_gazebo_ros2_control]: 	Command:
[gzserver-1] [INFO] [1747397318.836832578] [left.left_gazebo_ros2_control]: 		 position
[gzserver-1] [INFO] [1747397318.836873955] [left.left_gazebo_ros2_control]: 		 velocity
[gzserver-1] [INFO] [1747397318.837965849] [resource_manager]: Initialize hardware 'left_ur' 
[gzserver-1] [INFO] [1747397318.840969423] [resource_manager]: Successful initialization of hardware 'left_ur'
[gzserver-1] [INFO] [1747397318.841712627] [resource_manager]: 'configure' hardware 'left_ur' 
[gzserver-1] [INFO] [1747397318.841744177] [resource_manager]: Successful 'configure' of hardware 'left_ur'
[gzserver-1] [INFO] [1747397318.841770794] [resource_manager]: 'activate' hardware 'left_ur' 
[gzserver-1] [INFO] [1747397318.841787068] [resource_manager]: Successful 'activate' of hardware 'left_ur'
[gzserver-1] [INFO] [1747397318.843122686] [left.left_gazebo_ros2_control]: Loading controller_manager
[gzserver-1] [WARN] [1747397318.960779836] [left.left_gazebo_ros2_control]:  Desired controller update period (0.002 s) is slower than the gazebo simulation period (0.001 s).
[gzserver-1] [INFO] [1747397318.966037443] [left.left_gazebo_ros2_control]: Loaded gazebo_ros2_control.
[gzserver-1] [INFO] [1747397318.980987701] [left.controller_manager]: Loading controller 'joint_state_broadcaster'
[spawner-6] [INFO] [1747397319.047817847] [left.spawner_joint_state_broadcaster]: [94mLoaded [1mjoint_state_broadcaster[0m
[move_group-8] [WARN] [1747397319.053249391] [moveit_ros.planning_scene_monitor.planning_scene_monitor]: The complete state of the robot is not yet known.  Missing left_summit_back_left_wheel_joint, left_summit_back_right_wheel_joint, left_summit_front_left_wheel_joint, left_summit_front_right_wheel_joint, ur_left_shoulder_pan_joint, ur_left_shoulder_lift_joint, ur_left_elbow_joint, ur_left_wrist_1_joint, ur_left_wrist_2_joint, ur_left_wrist_3_joint
[gzserver-1] [INFO] [1747397319.053883549] [left.controller_manager]: Loading controller 'ur_left_joint_group_vel_controller'
[gzserver-1] [INFO] [1747397319.118632192] [left.controller_manager]: Configuring controller 'joint_state_broadcaster'
[gzserver-1] [INFO] [1747397319.120075149] [left.joint_state_broadcaster]: 'joints' or 'interfaces' parameter is empty. All available state interfaces will be published
[spawner-7] [INFO] [1747397319.120389976] [left.spawner_ur_left_joint_group_vel_controller]: [94mLoaded [1mur_left_joint_group_vel_controller[0m
[gzserver-1] [INFO] [1747397319.139992256] [left.controller_manager]: Configuring controller 'ur_left_joint_group_vel_controller'
[gzserver-1] [ERROR] [1747397319.140160411] [left.ur_left_joint_group_vel_controller]: 'joints' parameter was empty
[gzserver-1] [WARN] [1747397319.140264017] [left.ur_left_joint_group_vel_controller]: Error occurred while doing error handling.
[gzserver-1] [ERROR] [1747397319.140319801] [left.controller_manager]: After configuring, controller 'ur_left_joint_group_vel_controller' is in state 'unconfigured' , expected inactive.
[spawner-7] [ERROR] [1747397319.141552300] [left.spawner_ur_left_joint_group_vel_controller]: [91mFailed to configure controller[0m
[spawner-6] [INFO] [1747397319.154818838] [left.spawner_joint_state_broadcaster]: [92mConfigured and activated [1mjoint_state_broadcaster[0m
[INFO] [spawner-6]: process has finished cleanly [pid 550]
[ERROR] [spawner-7]: process has died [pid 552, exit code 1, cmd '/opt/ros/humble/lib/controller_manager/spawner ur_left_joint_group_vel_controller -c /left/controller_manager --ros-args -r __ns:=/left'].
[gzserver-1] [INFO] [1747397319.775101323] [right_summit_imu_imu_plugin]: <initial_orientation_as_reference> is unset, using default value of false to comply with REP 145 (world as orientation reference)
[move_group-18] [WARN] [1747397319.800014010] [moveit.plugins.ros_control_interface]: Failed to read controllers from /controller_manager/list_controllers within 1 seconds
[move_group-18] [INFO] [1747397319.803057367] [moveit_ros.trajectory_execution_manager]: Trajectory execution is managing controllers
[move_group-18] [INFO] [1747397319.803100620] [move_group.move_group]: MoveGroup debug mode is ON
[move_group-8] [WARN] [1747397319.808183344] [moveit.plugins.ros_control_interface]: Failed to read controllers from /controller_manager/list_controllers within 1 seconds
[move_group-8] [INFO] [1747397319.810064587] [moveit_ros.trajectory_execution_manager]: Trajectory execution is managing controllers
[move_group-8] [INFO] [1747397319.810118949] [move_group.move_group]: MoveGroup debug mode is ON
[move_group-8] [INFO] [1747397319.943559682] [move_group.move_group]: 
[move_group-8] 
[move_group-8] ********************************************************
[move_group-8] * MoveGroup using: 
[move_group-8] *     - ApplyPlanningSceneService
[move_group-8] *     - ClearOctomapService
[move_group-8] *     - ExecuteTaskSolution
[move_group-8] *     - CartesianPathService
[move_group-8] *     - ExecuteTrajectoryAction
[move_group-8] *     - GetPlanningSceneService
[move_group-8] *     - KinematicsService
[move_group-8] *     - MoveAction
[move_group-8] *     - MotionPlanService
[move_group-8] *     - QueryPlannersService
[move_group-8] *     - StateValidationService
[move_group-8] ********************************************************
[move_group-8] 
[move_group-8] [INFO] [1747397319.943906506] [moveit_move_group_capabilities_base.move_group_context]: MoveGroup context using planning plugin ompl_interface/OMPLPlanner
[move_group-8] [INFO] [1747397319.943947711] [moveit_move_group_capabilities_base.move_group_context]: MoveGroup context initialization complete
[move_group-8] [96mLoading 'move_group/ApplyPlanningSceneService'...
[move_group-8] [0m[96mLoading 'move_group/ClearOctomapService'...
[move_group-8] [0m[96mLoading 'move_group/ExecuteTaskSolutionCapability'...
[move_group-8] [0m[96mLoading 'move_group/MoveGroupCartesianPathService'...
[move_group-8] [0m[96mLoading 'move_group/MoveGroupExecuteTrajectoryAction'...
[move_group-8] [0m[96mLoading 'move_group/MoveGroupGetPlanningSceneService'...
[move_group-8] [0m[96mLoading 'move_group/MoveGroupKinematicsService'...
[move_group-8] [0m[96mLoading 'move_group/MoveGroupMoveAction'...
[move_group-8] [0m[96mLoading 'move_group/MoveGroupPlanService'...
[move_group-8] [0m[96mLoading 'move_group/MoveGroupQueryPlannersService'...
[move_group-8] [0m[96mLoading 'move_group/MoveGroupStateValidationService'...
[move_group-8] [0m[92m
[move_group-8] You can start planning now!
[move_group-8] 
[move_group-18] [INFO] [1747397319.953732583] [move_group.move_group]: 
[move_group-18] 
[move_group-18] ********************************************************
[move_group-18] * MoveGroup using: 
[move_group-18] *     - ApplyPlanningSceneService
[move_group-18] *     - ClearOctomapService
[move_group-18] *     - ExecuteTaskSolution
[move_group-18] *     - CartesianPathService
[move_group-18] *     - ExecuteTrajectoryAction
[move_group-18] *     - GetPlanningSceneService
[move_group-18] *     - KinematicsService
[move_group-18] *     - MoveAction
[move_group-18] *     - MotionPlanService
[move_group-18] *     - QueryPlannersService
[move_group-18] *     - StateValidationService
[move_group-18] ********************************************************
[move_group-18] 
[move_group-18] [INFO] [1747397319.953854295] [moveit_move_group_capabilities_base.move_group_context]: MoveGroup context using planning plugin ompl_interface/OMPLPlanner
[move_group-18] [INFO] [1747397319.953888031] [moveit_move_group_capabilities_base.move_group_context]: MoveGroup context initialization complete
[move_group-18] [96mLoading 'move_group/ApplyPlanningSceneService'...
[move_group-18] [0m[96mLoading 'move_group/ClearOctomapService'...
[move_group-18] [0m[96mLoading 'move_group/ExecuteTaskSolutionCapability'...
[move_group-18] [0m[96mLoading 'move_group/MoveGroupCartesianPathService'...
[move_group-18] [0m[96mLoading 'move_group/MoveGroupExecuteTrajectoryAction'...
[move_group-18] [0m[96mLoading 'move_group/MoveGroupGetPlanningSceneService'...
[move_group-18] [0m[96mLoading 'move_group/MoveGroupKinematicsService'...
[move_group-18] [0m[96mLoading 'move_group/MoveGroupMoveAction'...
[move_group-18] [0m[96mLoading 'move_group/MoveGroupPlanService'...
[move_group-18] [0m[96mLoading 'move_group/MoveGroupQueryPlannersService'...
[move_group-18] [0m[96mLoading 'move_group/MoveGroupStateValidationService'...
[move_group-18] [0m[92m
[move_group-18] You can start planning now!
[move_group-18] 
[spawn_entity.py-15] [INFO] [1747397320.206891225] [right]: Spawn status: SpawnEntity: Successfully spawned entity [right_robot]
[spawn_entity.py-15] [INFO] [1747397320.214272122] [right]: Calling service /unpause_physics
[gzserver-1] [WARN] [1747397320.305945066] [gazebo.rclcpp]: failed to send response to /unpause_physics (timeout): client will not receive response, at ./src/rmw_response.cpp:154, at ./src/rcl/service.c:314
[gzserver-1] [INFO] [1747397320.413681212] [right_summit.omni_steering]: Subscribed to [/right_summit/cmd_vel]
[gzserver-1] [INFO] [1747397320.418804834] [right_summit.omni_steering]: Advertise odometry on [/right_summit/odom]
[gzserver-1] [INFO] [1747397320.427663614] [right_summit.omni_steering]: Publishing odom transforms between [right_summit_odom] and [right_summit_base_footprint]
[gzserver-1] [INFO] [1747397320.428150199] [gazebo_ros2_control]: Loading gazebo_ros2_control plugin
[gzserver-1] [INFO] [1747397320.470759253] [right.right_gazebo_ros2_control]: Starting gazebo_ros2_control plugin in namespace: /right
[gzserver-1] [INFO] [1747397320.470862204] [right.right_gazebo_ros2_control]: Starting gazebo_ros2_control plugin in ros 2 node: right_gazebo_ros2_control
[gzserver-1] [INFO] [1747397320.501402009] [right.right_gazebo_ros2_control]: connected to service!! robot_state_publisher
[gzserver-1] [INFO] [1747397320.504215286] [right.right_gazebo_ros2_control]: Received urdf from param server, parsing...
[INFO] [spawn_entity.py-15]: process has finished cleanly [pid 568]
[gzserver-1] [INFO] [1747397320.512532406] [right.right_gazebo_ros2_control]: Loading parameter files /ros2_ws/install/ur/share/ur/config/right_controller.yaml
[gzserver-1] [INFO] [1747397320.525298039] [resource_manager]: Loading hardware 'right_ur' 
[gzserver-1] [ERROR] [1747397320.525410136] [right.right_gazebo_ros2_control]: Error initializing URDF to resource manager!
[gzserver-1] [INFO] [1747397320.532944046] [right.right_gazebo_ros2_control]: Loading joint: ur_right_shoulder_pan_joint
[gzserver-1] [INFO] [1747397320.533038885] [right.right_gazebo_ros2_control]: 	State:
[gzserver-1] [INFO] [1747397320.533070137] [right.right_gazebo_ros2_control]: 		 position
[gzserver-1] [INFO] [1747397320.533113355] [right.right_gazebo_ros2_control]: 			 found initial value: -1.300000
[gzserver-1] [INFO] [1747397320.533167168] [right.right_gazebo_ros2_control]: 		 velocity
[gzserver-1] [INFO] [1747397320.533204474] [right.right_gazebo_ros2_control]: 		 effort
[gzserver-1] [INFO] [1747397320.533256481] [right.right_gazebo_ros2_control]: 	Command:
[gzserver-1] [INFO] [1747397320.533288339] [right.right_gazebo_ros2_control]: 		 position
[gzserver-1] [INFO] [1747397320.533389840] [right.right_gazebo_ros2_control]: 		 velocity
[gzserver-1] [INFO] [1747397320.533447157] [right.right_gazebo_ros2_control]: Loading joint: ur_right_shoulder_lift_joint
[gzserver-1] [INFO] [1747397320.533479596] [right.right_gazebo_ros2_control]: 	State:
[gzserver-1] [INFO] [1747397320.533503340] [right.right_gazebo_ros2_control]: 		 position
[gzserver-1] [INFO] [1747397320.533532658] [right.right_gazebo_ros2_control]: 			 found initial value: -0.800000
[gzserver-1] [INFO] [1747397320.533565351] [right.right_gazebo_ros2_control]: 		 velocity
[gzserver-1] [INFO] [1747397320.533597712] [right.right_gazebo_ros2_control]: 		 effort
[gzserver-1] [INFO] [1747397320.533624497] [right.right_gazebo_ros2_control]: 	Command:
[gzserver-1] [INFO] [1747397320.533647846] [right.right_gazebo_ros2_control]: 		 position
[gzserver-1] [INFO] [1747397320.533703554] [right.right_gazebo_ros2_control]: 		 velocity
[gzserver-1] [INFO] [1747397320.533752296] [right.right_gazebo_ros2_control]: Loading joint: ur_right_elbow_joint
[gzserver-1] [INFO] [1747397320.533804226] [right.right_gazebo_ros2_control]: 	State:
[gzserver-1] [INFO] [1747397320.533834433] [right.right_gazebo_ros2_control]: 		 position
[gzserver-1] [INFO] [1747397320.533863339] [right.right_gazebo_ros2_control]: 			 found initial value: -1.800000
[gzserver-1] [INFO] [1747397320.533892786] [right.right_gazebo_ros2_control]: 		 velocity
[gzserver-1] [INFO] [1747397320.533920201] [right.right_gazebo_ros2_control]: 		 effort
[gzserver-1] [INFO] [1747397320.533971701] [right.right_gazebo_ros2_control]: 	Command:
[gzserver-1] [INFO] [1747397320.534002991] [right.right_gazebo_ros2_control]: 		 position
[gzserver-1] [INFO] [1747397320.534062093] [right.right_gazebo_ros2_control]: 		 velocity
[gzserver-1] [INFO] [1747397320.534106612] [right.right_gazebo_ros2_control]: Loading joint: ur_right_wrist_1_joint
[gzserver-1] [INFO] [1747397320.534136875] [right.right_gazebo_ros2_control]: 	State:
[gzserver-1] [INFO] [1747397320.534163159] [right.right_gazebo_ros2_control]: 		 position
[gzserver-1] [INFO] [1747397320.534192671] [right.right_gazebo_ros2_control]: 			 found initial value: -1.570000
[gzserver-1] [INFO] [1747397320.534262995] [right.right_gazebo_ros2_control]: 		 velocity
[gzserver-1] [INFO] [1747397320.534297184] [right.right_gazebo_ros2_control]: 		 effort
[gzserver-1] [INFO] [1747397320.534327013] [right.right_gazebo_ros2_control]: 	Command:
[gzserver-1] [INFO] [1747397320.534384587] [right.right_gazebo_ros2_control]: 		 position
[gzserver-1] [INFO] [1747397320.534439593] [right.right_gazebo_ros2_control]: 		 velocity
[gzserver-1] [INFO] [1747397320.534487225] [right.right_gazebo_ros2_control]: Loading joint: ur_right_wrist_2_joint
[gzserver-1] [INFO] [1747397320.534519504] [right.right_gazebo_ros2_control]: 	State:
[gzserver-1] [INFO] [1747397320.534549926] [right.right_gazebo_ros2_control]: 		 position
[gzserver-1] [INFO] [1747397320.534581028] [right.right_gazebo_ros2_control]: 			 found initial value: 1.638000
[gzserver-1] [INFO] [1747397320.534613656] [right.right_gazebo_ros2_control]: 		 velocity
[gzserver-1] [INFO] [1747397320.534639664] [right.right_gazebo_ros2_control]: 		 effort
[gzserver-1] [INFO] [1747397320.534665105] [right.right_gazebo_ros2_control]: 	Command:
[gzserver-1] [INFO] [1747397320.534689088] [right.right_gazebo_ros2_control]: 		 position
[gzserver-1] [INFO] [1747397320.534742224] [right.right_gazebo_ros2_control]: 		 velocity
[gzserver-1] [INFO] [1747397320.534779798] [right.right_gazebo_ros2_control]: Loading joint: ur_right_wrist_3_joint
[gzserver-1] [INFO] [1747397320.534806357] [right.right_gazebo_ros2_control]: 	State:
[gzserver-1] [INFO] [1747397320.534829276] [right.right_gazebo_ros2_control]: 		 position
[gzserver-1] [INFO] [1747397320.534852413] [right.right_gazebo_ros2_control]: 			 found initial value: 0.000000
[gzserver-1] [INFO] [1747397320.534944722] [right.right_gazebo_ros2_control]: 		 velocity
[gzserver-1] [INFO] [1747397320.534980011] [right.right_gazebo_ros2_control]: 		 effort
[gzserver-1] [INFO] [1747397320.535007155] [right.right_gazebo_ros2_control]: 	Command:
[gzserver-1] [INFO] [1747397320.535029875] [right.right_gazebo_ros2_control]: 		 position
[gzserver-1] [INFO] [1747397320.535069723] [right.right_gazebo_ros2_control]: 		 velocity
[gzserver-1] [INFO] [1747397320.535248318] [resource_manager]: Initialize hardware 'right_ur' 
[gzserver-1] [INFO] [1747397320.535502928] [resource_manager]: Successful initialization of hardware 'right_ur'
[gzserver-1] [INFO] [1747397320.535578220] [resource_manager]: 'configure' hardware 'right_ur' 
[gzserver-1] [INFO] [1747397320.535599591] [resource_manager]: Successful 'configure' of hardware 'right_ur'
[gzserver-1] [INFO] [1747397320.535621678] [resource_manager]: 'activate' hardware 'right_ur' 
[gzserver-1] [INFO] [1747397320.535638039] [resource_manager]: Successful 'activate' of hardware 'right_ur'
[gzserver-1] [INFO] [1747397320.535731209] [right.right_gazebo_ros2_control]: Loading controller_manager
[gzserver-1] [WARN] [1747397320.690758086] [right.right_gazebo_ros2_control]:  Desired controller update period (0.002 s) is slower than the gazebo simulation period (0.001 s).
[gzserver-1] [INFO] [1747397320.693913798] [right.right_gazebo_ros2_control]: Loaded gazebo_ros2_control.
[gzserver-1] [INFO] [1747397320.754146493] [right.controller_manager]: Loading controller 'ur_right_joint_group_vel_controller'
[move_group-8] [WARN] [1747397320.754671202] [moveit_ros.planning_scene_monitor.planning_scene_monitor]: The complete state of the robot is not yet known.  Missing left_summit_back_left_wheel_joint, left_summit_back_right_wheel_joint, left_summit_front_left_wheel_joint, left_summit_front_right_wheel_joint, ur_left_shoulder_pan_joint, ur_left_shoulder_lift_joint, ur_left_elbow_joint, ur_left_wrist_1_joint, ur_left_wrist_2_joint, ur_left_wrist_3_joint
[move_group-18] [WARN] [1747397320.769493559] [moveit_ros.planning_scene_monitor.planning_scene_monitor]: The complete state of the robot is not yet known.  Missing right_summit_back_left_wheel_joint, right_summit_back_right_wheel_joint, right_summit_front_left_wheel_joint, right_summit_front_right_wheel_joint, ur_right_shoulder_pan_joint, ur_right_shoulder_lift_joint, ur_right_elbow_joint, ur_right_wrist_1_joint, ur_right_wrist_2_joint, ur_right_wrist_3_joint
[spawner-17] [INFO] [1747397320.816155791] [right.spawner_ur_right_joint_group_vel_controller]: [94mLoaded [1mur_right_joint_group_vel_controller[0m
[gzserver-1] [INFO] [1747397320.821397142] [right.controller_manager]: Configuring controller 'ur_right_joint_group_vel_controller'
[gzserver-1] [INFO] [1747397320.827210632] [right.ur_right_joint_group_vel_controller]: configure successful
[gzserver-1] [INFO] [1747397320.836650042] [right.ur_right_joint_group_vel_controller]: activate successful
[spawner-17] [INFO] [1747397320.844517438] [right.spawner_ur_right_joint_group_vel_controller]: [92mConfigured and activated [1mur_right_joint_group_vel_controller[0m
[gzserver-1] [INFO] [1747397320.870311002] [right.controller_manager]: Loading controller 'joint_state_broadcaster'
[spawner-16] [INFO] [1747397320.959213306] [right.spawner_joint_state_broadcaster]: [94mLoaded [1mjoint_state_broadcaster[0m
[gzserver-1] [INFO] [1747397321.042291556] [right.controller_manager]: Configuring controller 'joint_state_broadcaster'
[gzserver-1] [INFO] [1747397321.042391645] [right.joint_state_broadcaster]: 'joints' or 'interfaces' parameter is empty. All available state interfaces will be published
[spawner-16] [INFO] [1747397321.055625087] [right.spawner_joint_state_broadcaster]: [92mConfigured and activated [1mjoint_state_broadcaster[0m
[INFO] [spawner-17]: process has finished cleanly [pid 632]
[INFO] [spawner-16]: process has finished cleanly [pid 585]
[move_group-8] [WARN] [1747397321.813178325] [moveit_ros.planning_scene_monitor.planning_scene_monitor]: The complete state of the robot is not yet known.  Missing left_summit_back_left_wheel_joint, left_summit_back_right_wheel_joint, left_summit_front_left_wheel_joint, left_summit_front_right_wheel_joint, ur_left_shoulder_pan_joint, ur_left_shoulder_lift_joint, ur_left_elbow_joint, ur_left_wrist_1_joint, ur_left_wrist_2_joint, ur_left_wrist_3_joint
[move_group-18] [WARN] [1747397321.829575707] [moveit_ros.planning_scene_monitor.planning_scene_monitor]: The complete state of the robot is not yet known.  Missing right_summit_back_left_wheel_joint, right_summit_back_right_wheel_joint, right_summit_front_left_wheel_joint, right_summit_front_right_wheel_joint, ur_right_shoulder_pan_joint, ur_right_shoulder_lift_joint, ur_right_elbow_joint, ur_right_wrist_1_joint, ur_right_wrist_2_joint, ur_right_wrist_3_joint
[move_group-8] [WARN] [1747397322.828091221] [moveit_ros.planning_scene_monitor.planning_scene_monitor]: The complete state of the robot is not yet known.  Missing left_summit_back_left_wheel_joint, left_summit_back_right_wheel_joint, left_summit_front_left_wheel_joint, left_summit_front_right_wheel_joint, ur_left_shoulder_pan_joint, ur_left_shoulder_lift_joint, ur_left_elbow_joint, ur_left_wrist_1_joint, ur_left_wrist_2_joint, ur_left_wrist_3_joint
[move_group-18] [WARN] [1747397322.837122975] [moveit_ros.planning_scene_monitor.planning_scene_monitor]: The complete state of the robot is not yet known.  Missing right_summit_back_left_wheel_joint, right_summit_back_right_wheel_joint, right_summit_front_left_wheel_joint, right_summit_front_right_wheel_joint, ur_right_shoulder_pan_joint, ur_right_shoulder_lift_joint, ur_right_elbow_joint, ur_right_wrist_1_joint, ur_right_wrist_2_joint, ur_right_wrist_3_joint
[move_group-8] [WARN] [1747397323.842348425] [moveit_ros.planning_scene_monitor.planning_scene_monitor]: The complete state of the robot is not yet known.  Missing left_summit_back_left_wheel_joint, left_summit_back_right_wheel_joint, left_summit_front_left_wheel_joint, left_summit_front_right_wheel_joint, ur_left_shoulder_pan_joint, ur_left_shoulder_lift_joint, ur_left_elbow_joint, ur_left_wrist_1_joint, ur_left_wrist_2_joint, ur_left_wrist_3_joint
[move_group-8] [WARN] [1747397324.893032490] [moveit_ros.planning_scene_monitor.planning_scene_monitor]: The complete state of the robot is not yet known.  Missing left_summit_back_left_wheel_joint, left_summit_back_right_wheel_joint, left_summit_front_left_wheel_joint, left_summit_front_right_wheel_joint, ur_left_shoulder_pan_joint, ur_left_shoulder_lift_joint, ur_left_elbow_joint, ur_left_wrist_1_joint, ur_left_wrist_2_joint, ur_left_wrist_3_joint
[rviz2-3] [ERROR] [1747397325.425971684] [rviz2]: Could not find parameter robot_description and did not receive robot_description via std_msgs::msg::String subscription within 10.000000 seconds.
[rviz2-3] Error:   Error document empty.
[rviz2-3]          at line 100 in ./urdf_parser/src/model.cpp
[rviz2-3] Failed to parse robot description using: urdf_xml_parser/URDFXMLParser
[rviz2-3] [INFO] [1747397335.533497614] [moveit_rdf_loader.rdf_loader]: Unable to parse URDF
[rviz2-3] [ERROR] [1747397335.585493711] [moveit_ros.planning_scene_monitor.planning_scene_monitor]: Robot model not loaded
[WARNING] [launch]: user interrupted with ctrl-c (SIGINT)
[move_group-8] [INFO] [1747397385.017061200] [rclcpp]: signal_handler(signum=2)
[static_transform_publisher-20] [INFO] [1747397385.017193456] [rclcpp]: signal_handler(signum=2)
[robot_state_publisher-4] [INFO] [1747397385.017211087] [rclcpp]: signal_handler(signum=2)
[robot_state_publisher-14] [INFO] [1747397385.017285733] [rclcpp]: signal_handler(signum=2)
[rviz2-3] [INFO] [1747397385.017301364] [rclcpp]: signal_handler(signum=2)
[static_transform_publisher-12] [INFO] [1747397385.017416655] [rclcpp]: signal_handler(signum=2)
[static_transform_publisher-11] [INFO] [1747397385.017499571] [rclcpp]: signal_handler(signum=2)
[static_transform_publisher-10] [INFO] [1747397385.017584454] [rclcpp]: signal_handler(signum=2)
[static_transform_publisher-9] [INFO] [1747397385.017660874] [rclcpp]: signal_handler(signum=2)
[static_transform_publisher-23] [INFO] [1747397385.020060789] [rclcpp]: signal_handler(signum=2)
[static_transform_publisher-22] [INFO] [1747397385.020188067] [rclcpp]: signal_handler(signum=2)
[static_transform_publisher-13] [INFO] [1747397385.020292606] [rclcpp]: signal_handler(signum=2)
[static_transform_publisher-19] [INFO] [1747397385.020375327] [rclcpp]: signal_handler(signum=2)
[static_transform_publisher-21] [INFO] [1747397385.017171464] [rclcpp]: signal_handler(signum=2)
[move_group-18] [INFO] [1747397385.021105086] [rclcpp]: signal_handler(signum=2)
[move_group-18] [INFO] [1747397385.120149117] [moveit.ros_planning_interface.moveit_cpp]: Deleting MoveItCpp
[move_group-8] [INFO] [1747397385.120649416] [moveit.ros_planning_interface.moveit_cpp]: Deleting MoveItCpp
[move_group-18] [INFO] [1747397385.121222095] [moveit_ros.planning_scene_monitor.planning_scene_monitor]: Stopped publishing maintained planning scene.
[move_group-8] [INFO] [1747397385.122010775] [moveit_ros.planning_scene_monitor.planning_scene_monitor]: Stopped publishing maintained planning scene.
[move_group-18] [INFO] [1747397385.125029267] [moveit_ros.planning_scene_monitor.planning_scene_monitor]: Stopping world geometry monitor
[move_group-8] [INFO] [1747397385.126302928] [moveit_ros.planning_scene_monitor.planning_scene_monitor]: Stopping world geometry monitor
[move_group-18] [INFO] [1747397385.129232687] [moveit_ros.planning_scene_monitor.planning_scene_monitor]: Stopping planning scene monitor
[move_group-8] [INFO] [1747397385.129917167] [moveit_ros.planning_scene_monitor.planning_scene_monitor]: Stopping planning scene monitor
[move_group-18] Warning: class_loader.ClassLoader: SEVERE WARNING!!! Attempting to unload library while objects created by this loader exist in the heap! You should delete your objects before attempting to unload the library or destroying the ClassLoader. The library will NOT be unloaded.
[move_group-18]          at line 127 in ./src/class_loader.cpp
[move_group-8] Warning: class_loader.ClassLoader: SEVERE WARNING!!! Attempting to unload library while objects created by this loader exist in the heap! You should delete your objects before attempting to unload the library or destroying the ClassLoader. The library will NOT be unloaded.
[move_group-8]          at line 127 in ./src/class_loader.cpp
[INFO] [static_transform_publisher-12]: process has finished cleanly [pid 562]
[INFO] [static_transform_publisher-9]: process has finished cleanly [pid 556]
[INFO] [static_transform_publisher-21]: process has finished cleanly [pid 645]
[INFO] [static_transform_publisher-13]: process has finished cleanly [pid 564]
[INFO] [static_transform_publisher-22]: process has finished cleanly [pid 647]
[INFO] [static_transform_publisher-23]: process has finished cleanly [pid 654]
[INFO] [static_transform_publisher-19]: process has finished cleanly [pid 641]
[INFO] [static_transform_publisher-10]: process has finished cleanly [pid 558]
[INFO] [static_transform_publisher-20]: process has finished cleanly [pid 643]
[INFO] [static_transform_publisher-11]: process has finished cleanly [pid 560]
[INFO] [robot_state_publisher-4]: process has finished cleanly [pid 546]
[INFO] [robot_state_publisher-14]: process has finished cleanly [pid 566]
[move_group-8] Stack trace (most recent call last):
[move_group-8] #11   Object "", at 0xffffffffffffffff, in 
[move_group-8] #10   Object "/ros2_ws/build/moveit_ros_move_group/move_group", at 0x558c3d1afeb4, in _start
[move_group-8] #9    Object "/usr/lib/x86_64-linux-gnu/libc.so.6", at 0x7f4862585e3f, in __libc_start_main
[move_group-8] #8    Object "/usr/lib/x86_64-linux-gnu/libc.so.6", at 0x7f4862585d8f, in 
[move_group-8] #7    Object "/ros2_ws/build/moveit_ros_move_group/move_group", at 0x558c3d1af483, in main
[move_group-8] #6    Object "/ros2_ws/build/moveit_ros_move_group/move_group", at 0x558c3d1b69c1, in std::_Sp_counted_base<(__gnu_cxx::_Lock_policy)2>::_M_release()
[move_group-8] #5    Object "/opt/ros/humble/lib/librclcpp.so", at 0x7f4862b0384e, in rclcpp::Node::~Node()
[move_group-8] #4    Object "/opt/ros/humble/lib/librclcpp.so", at 0x7f4862adec69, in 
[move_group-8] #3    Object "/opt/ros/humble/lib/librclcpp.so", at 0x7f4862b0cef9, in 
[move_group-8] #2    Object "/opt/ros/humble/lib/librclcpp.so", at 0x7f4862b0ce40, in rclcpp::node_interfaces::NodeBase::~NodeBase()
[move_group-8] #1    Object "/opt/ros/humble/lib/librclcpp.so", at 0x7f4862adec69, in 
[move_group-8] #0    Object "/opt/ros/humble/lib/librclcpp.so", at 0x7f4862ae39e1, in rclcpp::CallbackGroup::~CallbackGroup()
[move_group-8] Segmentation fault (Address not mapped to object [0x7f48581cac70])
[move_group-18] Stack trace (most recent call last):
[move_group-18] #11   Object "", at 0xffffffffffffffff, in 
[move_group-18] #10   Object "/ros2_ws/build/moveit_ros_move_group/move_group", at 0x5631cd731eb4, in _start
[move_group-18] #9    Object "/usr/lib/x86_64-linux-gnu/libc.so.6", at 0x7f5d029dee3f, in __libc_start_main
[move_group-18] #8    Object "/usr/lib/x86_64-linux-gnu/libc.so.6", at 0x7f5d029ded8f, in 
[move_group-18] #7    Object "/ros2_ws/build/moveit_ros_move_group/move_group", at 0x5631cd731483, in main
[move_group-18] #6    Object "/ros2_ws/build/moveit_ros_move_group/move_group", at 0x5631cd7389c1, in std::_Sp_counted_base<(__gnu_cxx::_Lock_policy)2>::_M_release()
[move_group-18] #5    Object "/opt/ros/humble/lib/librclcpp.so", at 0x7f5d02f0384e, in rclcpp::Node::~Node()
[move_group-18] #4    Object "/opt/ros/humble/lib/librclcpp.so", at 0x7f5d02edec69, in 
[move_group-18] #3    Object "/opt/ros/humble/lib/librclcpp.so", at 0x7f5d02f0cef9, in 
[move_group-18] #2    Object "/opt/ros/humble/lib/librclcpp.so", at 0x7f5d02f0ce40, in rclcpp::node_interfaces::NodeBase::~NodeBase()
[move_group-18] #1    Object "/opt/ros/humble/lib/librclcpp.so", at 0x7f5d02edec69, in 
[move_group-18] #0    Object "/opt/ros/humble/lib/librclcpp.so", at 0x7f5d02ee39e1, in rclcpp::CallbackGroup::~CallbackGroup()
[move_group-18] Segmentation fault (Address not mapped to object [0x7f5ce1512c70])
[INFO] [rviz2-3]: process has finished cleanly [pid 544]
[INFO] [gzclient-2]: process has finished cleanly [pid 542]
[ERROR] [move_group-18]: process has died [pid 636, exit code -11, cmd '/ros2_ws/install/moveit_ros_move_group/lib/moveit_ros_move_group/move_group --ros-args --params-file /tmp/launch_params_8ksayicn --params-file /tmp/launch_params_b4sjc1di --params-file /tmp/launch_params_zd8j6r9c --params-file /tmp/launch_params_1ujfl01o --params-file /tmp/launch_params_05z3sfou'].
[move_group-18] [0m
[ERROR] [move_group-8]: process has died [pid 554, exit code -11, cmd '/ros2_ws/install/moveit_ros_move_group/lib/moveit_ros_move_group/move_group --ros-args --params-file /tmp/launch_params_dr5ewcid --params-file /tmp/launch_params_w0bg8yzc --params-file /tmp/launch_params_hjbduubo --params-file /tmp/launch_params_zlfo3vjq --params-file /tmp/launch_params_9f7cd1co'].
[move_group-8] [0m
[INFO] [gzserver-1]: process has finished cleanly [pid 540]
