[INFO] [launch]: All log files can be found below /root/.ros/log/2025-04-16-14-06-56-021177-outlander-Aspire-V3-571G-32829
[INFO] [launch]: Default logging verbosity is set to INFO
[INFO] [gzserver-1]: process started with pid [32845]
[INFO] [gzclient-2]: process started with pid [32847]
[INFO] [rviz2-3]: process started with pid [32849]
[INFO] [robot_state_publisher-4]: process started with pid [32851]
[INFO] [spawn_entity.py-5]: process started with pid [32853]
[INFO] [spawner-6]: process started with pid [32855]
[INFO] [spawner-7]: process started with pid [32857]
[INFO] [move_group-8]: process started with pid [32859]
[INFO] [static_transform_publisher-9]: process started with pid [32862]
[INFO] [static_transform_publisher-10]: process started with pid [32871]
[INFO] [robot_state_publisher-11]: process started with pid [32875]
[INFO] [spawn_entity.py-12]: process started with pid [32887]
[INFO] [spawner-13]: process started with pid [32893]
[INFO] [spawner-14]: process started with pid [32902]
[INFO] [move_group-15]: process started with pid [32908]
[INFO] [static_transform_publisher-16]: process started with pid [32915]
[INFO] [static_transform_publisher-17]: process started with pid [32917]
[rviz2-3] QStandardPaths: XDG_RUNTIME_DIR not set, defaulting to '/tmp/runtime-root'
[robot_state_publisher-4] [INFO] [1744812421.256416826] [left.robot_state_publisher]: got segment left_summit_back_left_wheel_link
[robot_state_publisher-4] [INFO] [1744812421.256575964] [left.robot_state_publisher]: got segment left_summit_back_right_wheel_link
[robot_state_publisher-4] [INFO] [1744812421.256601175] [left.robot_state_publisher]: got segment left_summit_base_chapa
[robot_state_publisher-4] [INFO] [1744812421.256622408] [left.robot_state_publisher]: got segment left_summit_base_docking_contact
[robot_state_publisher-4] [INFO] [1744812421.256643482] [left.robot_state_publisher]: got segment left_summit_base_footprint
[robot_state_publisher-4] [INFO] [1744812421.256663426] [left.robot_state_publisher]: got segment left_summit_base_link
[robot_state_publisher-4] [INFO] [1744812421.256683074] [left.robot_state_publisher]: got segment left_summit_base_logo_front
[robot_state_publisher-4] [INFO] [1744812421.256702854] [left.robot_state_publisher]: got segment left_summit_base_logo_left
[robot_state_publisher-4] [INFO] [1744812421.256722272] [left.robot_state_publisher]: got segment left_summit_base_logo_rear
[robot_state_publisher-4] [INFO] [1744812421.256742044] [left.robot_state_publisher]: got segment left_summit_base_logo_right
[robot_state_publisher-4] [INFO] [1744812421.256761925] [left.robot_state_publisher]: got segment left_summit_front_laser_base_link
[robot_state_publisher-4] [INFO] [1744812421.256781143] [left.robot_state_publisher]: got segment left_summit_front_laser_link
[robot_state_publisher-4] [INFO] [1744812421.256800031] [left.robot_state_publisher]: got segment left_summit_front_left_wheel_link
[robot_state_publisher-4] [INFO] [1744812421.256817087] [left.robot_state_publisher]: got segment left_summit_front_right_wheel_link
[robot_state_publisher-4] [INFO] [1744812421.256832064] [left.robot_state_publisher]: got segment left_summit_imu_link
[robot_state_publisher-4] [INFO] [1744812421.256847503] [left.robot_state_publisher]: got segment left_summit_rear_laser_base_link
[robot_state_publisher-4] [INFO] [1744812421.256862787] [left.robot_state_publisher]: got segment left_summit_rear_laser_link
[robot_state_publisher-4] [INFO] [1744812421.256879381] [left.robot_state_publisher]: got segment ur_left_base
[robot_state_publisher-4] [INFO] [1744812421.256895524] [left.robot_state_publisher]: got segment ur_left_base_link
[robot_state_publisher-4] [INFO] [1744812421.256912723] [left.robot_state_publisher]: got segment ur_left_base_link_inertia
[robot_state_publisher-4] [INFO] [1744812421.256928454] [left.robot_state_publisher]: got segment ur_left_finger_left
[robot_state_publisher-4] [INFO] [1744812421.256943434] [left.robot_state_publisher]: got segment ur_left_finger_right
[robot_state_publisher-4] [INFO] [1744812421.256959744] [left.robot_state_publisher]: got segment ur_left_finger_tip
[robot_state_publisher-4] [INFO] [1744812421.256975773] [left.robot_state_publisher]: got segment ur_left_flange
[robot_state_publisher-4] [INFO] [1744812421.256992264] [left.robot_state_publisher]: got segment ur_left_forearm_link
[robot_state_publisher-4] [INFO] [1744812421.257010461] [left.robot_state_publisher]: got segment ur_left_ft_frame
[robot_state_publisher-4] [INFO] [1744812421.257029256] [left.robot_state_publisher]: got segment ur_left_robotiq_hand
[robot_state_publisher-4] [INFO] [1744812421.257048100] [left.robot_state_publisher]: got segment ur_left_shoulder_link
[robot_state_publisher-4] [INFO] [1744812421.257066406] [left.robot_state_publisher]: got segment ur_left_tool0
[robot_state_publisher-4] [INFO] [1744812421.257083550] [left.robot_state_publisher]: got segment ur_left_upper_arm_link
[robot_state_publisher-4] [INFO] [1744812421.257099112] [left.robot_state_publisher]: got segment ur_left_wrist_1_link
[robot_state_publisher-4] [INFO] [1744812421.257114196] [left.robot_state_publisher]: got segment ur_left_wrist_2_link
[robot_state_publisher-4] [INFO] [1744812421.257129009] [left.robot_state_publisher]: got segment ur_left_wrist_3_link
[static_transform_publisher-9] [WARN] [1744812421.228659224] []: Old-style arguments are deprecated; see --help for new-style arguments
[static_transform_publisher-10] [WARN] [1744812421.246578403] []: Old-style arguments are deprecated; see --help for new-style arguments
[static_transform_publisher-16] [WARN] [1744812421.398511825] []: Old-style arguments are deprecated; see --help for new-style arguments
[static_transform_publisher-17] [WARN] [1744812421.462047904] []: Old-style arguments are deprecated; see --help for new-style arguments
[static_transform_publisher-9] [INFO] [1744812421.602870060] [left.left_static_tf_publisher_odom_to_base]: Spinning until stopped - publishing transform
[static_transform_publisher-9] translation: ('0.000000', '0.000000', '0.000000')
[static_transform_publisher-9] rotation: ('0.000000', '0.000000', '0.000000', '1.000000')
[static_transform_publisher-9] from 'left_summit_odom' to 'left_summit_base_footprint'
[static_transform_publisher-10] [INFO] [1744812421.683751561] [left.static_transform_publisher]: Spinning until stopped - publishing transform
[static_transform_publisher-10] translation: ('-0.660000', '0.000000', '0.000000')
[static_transform_publisher-10] rotation: ('0.000000', '0.000000', '0.000000', '1.000000')
[static_transform_publisher-10] from 'world' to 'left_summit_odom'
[robot_state_publisher-11] [INFO] [1744812421.692314055] [right.robot_state_publisher]: got segment right_summit_back_left_wheel_link
[robot_state_publisher-11] [INFO] [1744812421.693578478] [right.robot_state_publisher]: got segment right_summit_back_right_wheel_link
[robot_state_publisher-11] [INFO] [1744812421.694654814] [right.robot_state_publisher]: got segment right_summit_base_chapa
[robot_state_publisher-11] [INFO] [1744812421.695782232] [right.robot_state_publisher]: got segment right_summit_base_docking_contact
[robot_state_publisher-11] [INFO] [1744812421.696743505] [right.robot_state_publisher]: got segment right_summit_base_footprint
[robot_state_publisher-11] [INFO] [1744812421.697689385] [right.robot_state_publisher]: got segment right_summit_base_link
[robot_state_publisher-11] [INFO] [1744812421.698649097] [right.robot_state_publisher]: got segment right_summit_base_logo_front
[robot_state_publisher-11] [INFO] [1744812421.699805308] [right.robot_state_publisher]: got segment right_summit_base_logo_left
[robot_state_publisher-11] [INFO] [1744812421.700762681] [right.robot_state_publisher]: got segment right_summit_base_logo_rear
[robot_state_publisher-11] [INFO] [1744812421.701671565] [right.robot_state_publisher]: got segment right_summit_base_logo_right
[robot_state_publisher-11] [INFO] [1744812421.702587492] [right.robot_state_publisher]: got segment right_summit_front_laser_base_link
[robot_state_publisher-11] [INFO] [1744812421.703588662] [right.robot_state_publisher]: got segment right_summit_front_laser_link
[robot_state_publisher-11] [INFO] [1744812421.703617325] [right.robot_state_publisher]: got segment right_summit_front_left_wheel_link
[robot_state_publisher-11] [INFO] [1744812421.703635052] [right.robot_state_publisher]: got segment right_summit_front_right_wheel_link
[robot_state_publisher-11] [INFO] [1744812421.703651221] [right.robot_state_publisher]: got segment right_summit_imu_link
[robot_state_publisher-11] [INFO] [1744812421.703668620] [right.robot_state_publisher]: got segment right_summit_rear_laser_base_link
[robot_state_publisher-11] [INFO] [1744812421.703685683] [right.robot_state_publisher]: got segment right_summit_rear_laser_link
[robot_state_publisher-11] [INFO] [1744812421.703704340] [right.robot_state_publisher]: got segment ur_right_base
[robot_state_publisher-11] [INFO] [1744812421.703720894] [right.robot_state_publisher]: got segment ur_right_base_link
[robot_state_publisher-11] [INFO] [1744812421.703738975] [right.robot_state_publisher]: got segment ur_right_base_link_inertia
[robot_state_publisher-11] [INFO] [1744812421.703755210] [right.robot_state_publisher]: got segment ur_right_finger_left
[robot_state_publisher-11] [INFO] [1744812421.703772248] [right.robot_state_publisher]: got segment ur_right_finger_right
[robot_state_publisher-11] [INFO] [1744812421.703789674] [right.robot_state_publisher]: got segment ur_right_finger_tip
[robot_state_publisher-11] [INFO] [1744812421.703805998] [right.robot_state_publisher]: got segment ur_right_flange
[robot_state_publisher-11] [INFO] [1744812421.703822244] [right.robot_state_publisher]: got segment ur_right_forearm_link
[robot_state_publisher-11] [INFO] [1744812421.703837924] [right.robot_state_publisher]: got segment ur_right_ft_frame
[robot_state_publisher-11] [INFO] [1744812421.703854175] [right.robot_state_publisher]: got segment ur_right_robotiq_hand
[robot_state_publisher-11] [INFO] [1744812421.703871324] [right.robot_state_publisher]: got segment ur_right_shoulder_link
[robot_state_publisher-11] [INFO] [1744812421.703887170] [right.robot_state_publisher]: got segment ur_right_tool0
[robot_state_publisher-11] [INFO] [1744812421.703902649] [right.robot_state_publisher]: got segment ur_right_upper_arm_link
[robot_state_publisher-11] [INFO] [1744812421.703918439] [right.robot_state_publisher]: got segment ur_right_wrist_1_link
[robot_state_publisher-11] [INFO] [1744812421.703934154] [right.robot_state_publisher]: got segment ur_right_wrist_2_link
[robot_state_publisher-11] [INFO] [1744812421.703950613] [right.robot_state_publisher]: got segment ur_right_wrist_3_link
[rviz2-3] [INFO] [1744812422.336484625] [rviz2]: Stereo is NOT SUPPORTED
[rviz2-3] [INFO] [1744812422.336687274] [rviz2]: OpenGl version: 4.6 (GLSL 4.6)
[rviz2-3] [INFO] [1744812422.398975995] [rviz2]: Stereo is NOT SUPPORTED
[INFO] [rviz2-3]: process has finished cleanly [pid 32849]
[WARNING] [launch]: user interrupted with ctrl-c (SIGINT)
[static_transform_publisher-10] [INFO] [1744812485.623564990] [rclcpp]: signal_handler(signum=2)
[robot_state_publisher-11] [INFO] [1744812485.623574714] [rclcpp]: signal_handler(signum=2)
[static_transform_publisher-17] [INFO] [1744812485.623567604] [rclcpp]: signal_handler(signum=2)
[static_transform_publisher-9] [INFO] [1744812485.623667823] [rclcpp]: signal_handler(signum=2)
[static_transform_publisher-16] [INFO] [1744812485.623696559] [rclcpp]: signal_handler(signum=2)
[robot_state_publisher-4] [INFO] [1744812485.623739791] [rclcpp]: signal_handler(signum=2)
[move_group-15] [INFO] [1744812485.623909900] [rclcpp]: signal_handler(signum=2)
[move_group-8] [INFO] [1744812485.623911942] [rclcpp]: signal_handler(signum=2)
[ERROR] [gzclient-2]: process has died [pid 32847, exit code -2, cmd 'gzclient'].
[gzserver-1] [INFO] [1744812485.628047148] [rclcpp]: signal_handler(signum=2)
[INFO] [static_transform_publisher-9]: process has finished cleanly [pid 32862]
[INFO] [static_transform_publisher-10]: process has finished cleanly [pid 32871]
[INFO] [robot_state_publisher-11]: process has finished cleanly [pid 32875]
[INFO] [robot_state_publisher-4]: process has finished cleanly [pid 32851]
[ERROR] [static_transform_publisher-17]: process[static_transform_publisher-17] failed to terminate '5' seconds after receiving 'SIGINT', escalating to 'SIGTERM'
[ERROR] [static_transform_publisher-16]: process[static_transform_publisher-16] failed to terminate '5' seconds after receiving 'SIGINT', escalating to 'SIGTERM'
[ERROR] [move_group-15]: process[move_group-15] failed to terminate '5' seconds after receiving 'SIGINT', escalating to 'SIGTERM'
[ERROR] [spawner-14]: process[spawner-14] failed to terminate '5' seconds after receiving 'SIGINT', escalating to 'SIGTERM'
[ERROR] [spawner-13]: process[spawner-13] failed to terminate '5' seconds after receiving 'SIGINT', escalating to 'SIGTERM'
[ERROR] [spawn_entity.py-12]: process[spawn_entity.py-12] failed to terminate '5' seconds after receiving 'SIGINT', escalating to 'SIGTERM'
[INFO] [static_transform_publisher-17]: sending signal 'SIGTERM' to process[static_transform_publisher-17]
[ERROR] [move_group-8]: process[move_group-8] failed to terminate '5' seconds after receiving 'SIGINT', escalating to 'SIGTERM'
[ERROR] [spawner-7]: process[spawner-7] failed to terminate '5' seconds after receiving 'SIGINT', escalating to 'SIGTERM'
[INFO] [static_transform_publisher-16]: sending signal 'SIGTERM' to process[static_transform_publisher-16]
[ERROR] [spawner-6]: process[spawner-6] failed to terminate '5' seconds after receiving 'SIGINT', escalating to 'SIGTERM'
[ERROR] [spawn_entity.py-5]: process[spawn_entity.py-5] failed to terminate '5' seconds after receiving 'SIGINT', escalating to 'SIGTERM'
[ERROR] [gzserver-1]: process[gzserver-1] failed to terminate '5' seconds after receiving 'SIGINT', escalating to 'SIGTERM'
[INFO] [move_group-15]: sending signal 'SIGTERM' to process[move_group-15]
[INFO] [spawner-14]: sending signal 'SIGTERM' to process[spawner-14]
[INFO] [spawner-13]: sending signal 'SIGTERM' to process[spawner-13]
[INFO] [spawn_entity.py-12]: sending signal 'SIGTERM' to process[spawn_entity.py-12]
[ERROR] [spawner-14]: process has died [pid 32902, exit code -15, cmd '/opt/ros/humble/lib/controller_manager/spawner ur_right_joint_group_vel_controller -c /right/controller_manager --ros-args -r __ns:=/right'].
[static_transform_publisher-17] [INFO] [1744812490.654708075] [rclcpp]: signal_handler(signum=15)
[ERROR] [spawner-13]: process has died [pid 32893, exit code -15, cmd '/opt/ros/humble/lib/controller_manager/spawner joint_state_broadcaster -c /right/controller_manager --ros-args -r __ns:=/right'].
[INFO] [move_group-8]: sending signal 'SIGTERM' to process[move_group-8]
[INFO] [spawner-7]: sending signal 'SIGTERM' to process[spawner-7]
[static_transform_publisher-16] [INFO] [1744812490.664147837] [rclcpp]: signal_handler(signum=15)
[INFO] [spawner-6]: sending signal 'SIGTERM' to process[spawner-6]
[INFO] [spawn_entity.py-5]: sending signal 'SIGTERM' to process[spawn_entity.py-5]
[ERROR] [spawner-7]: process has died [pid 32857, exit code -15, cmd '/opt/ros/humble/lib/controller_manager/spawner ur_left_joint_group_vel_controller -c /left/controller_manager --ros-args -r __ns:=/left'].
[INFO] [gzserver-1]: sending signal 'SIGTERM' to process[gzserver-1]
[ERROR] [spawner-6]: process has died [pid 32855, exit code -15, cmd '/opt/ros/humble/lib/controller_manager/spawner joint_state_broadcaster -c /left/controller_manager --ros-args -r __ns:=/left'].
[move_group-15] [INFO] [1744812490.675235945] [rclcpp]: signal_handler(signum=15)
[move_group-8] [INFO] [1744812490.702396195] [rclcpp]: signal_handler(signum=15)
[gzserver-1] [INFO] [1744812490.726966889] [rclcpp]: signal_handler(signum=15)
[ERROR] [static_transform_publisher-17]: process[static_transform_publisher-17] failed to terminate '10.0' seconds after receiving 'SIGTERM', escalating to 'SIGKILL'
[ERROR] [static_transform_publisher-16]: process[static_transform_publisher-16] failed to terminate '10.0' seconds after receiving 'SIGTERM', escalating to 'SIGKILL'
[ERROR] [move_group-15]: process[move_group-15] failed to terminate '10.0' seconds after receiving 'SIGTERM', escalating to 'SIGKILL'
[ERROR] [spawn_entity.py-12]: process[spawn_entity.py-12] failed to terminate '10.0' seconds after receiving 'SIGTERM', escalating to 'SIGKILL'
[ERROR] [move_group-8]: process[move_group-8] failed to terminate '10.0' seconds after receiving 'SIGTERM', escalating to 'SIGKILL'
[ERROR] [spawn_entity.py-5]: process[spawn_entity.py-5] failed to terminate '10.0' seconds after receiving 'SIGTERM', escalating to 'SIGKILL'
[INFO] [static_transform_publisher-17]: sending signal 'SIGKILL' to process[static_transform_publisher-17]
[ERROR] [gzserver-1]: process[gzserver-1] failed to terminate '10.0' seconds after receiving 'SIGTERM', escalating to 'SIGKILL'
[INFO] [static_transform_publisher-16]: sending signal 'SIGKILL' to process[static_transform_publisher-16]
[ERROR] [static_transform_publisher-17]: process has died [pid 32917, exit code -9, cmd '/opt/ros/humble/lib/tf2_ros/static_transform_publisher 0.66 0 0 0 0 0 1 world right_summit_odom --ros-args -r __node:=static_transform_publisher -r __ns:=/right'].
[INFO] [move_group-15]: sending signal 'SIGKILL' to process[move_group-15]
[ERROR] [static_transform_publisher-16]: process has died [pid 32915, exit code -9, cmd '/opt/ros/humble/lib/tf2_ros/static_transform_publisher 0 0 0 0 0 0 1 right_summit_odom right_summit_base_footprint --ros-args -r __node:=right_static_tf_publisher_odom_to_base -r __ns:=/right'].
[INFO] [spawn_entity.py-12]: sending signal 'SIGKILL' to process[spawn_entity.py-12]
[INFO] [move_group-8]: sending signal 'SIGKILL' to process[move_group-8]
[ERROR] [move_group-15]: process has died [pid 32908, exit code -9, cmd '/ros2_ws/install/moveit_ros_move_group/lib/moveit_ros_move_group/move_group --ros-args --params-file /tmp/launch_params_ak3e1n5x --params-file /tmp/launch_params_t3dw9drd --params-file /tmp/launch_params_tr5s7pr4 --params-file /tmp/launch_params_jkogu55y'].
[INFO] [spawn_entity.py-5]: sending signal 'SIGKILL' to process[spawn_entity.py-5]
[ERROR] [spawn_entity.py-12]: process has died [pid 32887, exit code -9, cmd '/opt/ros/humble/lib/gazebo_ros/spawn_entity.py -entity right_robot -topic /right/robot_description -x 0.66 -y 0 -z 0 -timeout 5 -unpause --ros-args -r __node:=right'].
[INFO] [gzserver-1]: sending signal 'SIGKILL' to process[gzserver-1]
[ERROR] [move_group-8]: process has died [pid 32859, exit code -9, cmd '/ros2_ws/install/moveit_ros_move_group/lib/moveit_ros_move_group/move_group --ros-args --params-file /tmp/launch_params_vn3fgusp --params-file /tmp/launch_params_3u1g56jo --params-file /tmp/launch_params_ngzfl13c --params-file /tmp/launch_params__3qtmrvb'].
[ERROR] [spawn_entity.py-5]: process has died [pid 32853, exit code -9, cmd '/opt/ros/humble/lib/gazebo_ros/spawn_entity.py -entity left_robot -topic /left/robot_description -x -0.66 -y 0 -z 0 -timeout 5 -unpause --ros-args -r __node:=left'].
[ERROR] [gzserver-1]: process has died [pid 32845, exit code -9, cmd 'gzserver /ros2_ws/install/ur/share/ur/xacro/gazebo.world --physics False -slibgazebo_ros_init.so -slibgazebo_ros_factory.so -slibgazebo_ros_force_system.so'].
