[INFO] [launch]: All log files can be found below /root/.ros/log/2025-04-16-12-58-51-095946-outlander-Aspire-V3-571G-1555
[INFO] [launch]: Default logging verbosity is set to INFO
[INFO] [gzserver-1]: process started with pid [1571]
[INFO] [gzclient-2]: process started with pid [1573]
[INFO] [rviz2-3]: process started with pid [1575]
[INFO] [robot_state_publisher-4]: process started with pid [1577]
[INFO] [spawn_entity.py-5]: process started with pid [1579]
[INFO] [spawner-6]: process started with pid [1581]
[INFO] [spawner-7]: process started with pid [1583]
[INFO] [move_group-8]: process started with pid [1585]
[INFO] [static_transform_publisher-9]: process started with pid [1587]
[INFO] [robot_state_publisher-10]: process started with pid [1589]
[INFO] [spawn_entity.py-11]: process started with pid [1591]
[INFO] [spawner-12]: process started with pid [1593]
[INFO] [spawner-13]: process started with pid [1597]
[INFO] [move_group-14]: process started with pid [1613]
[INFO] [static_transform_publisher-15]: process started with pid [1622]
[static_transform_publisher-9] [WARN] [1744808336.103694227] []: Old-style arguments are deprecated; see --help for new-style arguments
[robot_state_publisher-10] [INFO] [1744808336.192055724] [right.robot_state_publisher]: got segment right_summit_back_left_wheel_link
[robot_state_publisher-10] [INFO] [1744808336.193576085] [right.robot_state_publisher]: got segment right_summit_back_right_wheel_link
[robot_state_publisher-10] [INFO] [1744808336.194629981] [right.robot_state_publisher]: got segment right_summit_base_chapa
[robot_state_publisher-10] [INFO] [1744808336.195807214] [right.robot_state_publisher]: got segment right_summit_base_docking_contact
[robot_state_publisher-10] [INFO] [1744808336.196947337] [right.robot_state_publisher]: got segment right_summit_base_footprint
[robot_state_publisher-10] [INFO] [1744808336.198017933] [right.robot_state_publisher]: got segment right_summit_base_link
[robot_state_publisher-10] [INFO] [1744808336.199194097] [right.robot_state_publisher]: got segment right_summit_base_logo_front
[robot_state_publisher-10] [INFO] [1744808336.200358484] [right.robot_state_publisher]: got segment right_summit_base_logo_left
[robot_state_publisher-10] [INFO] [1744808336.201482926] [right.robot_state_publisher]: got segment right_summit_base_logo_rear
[robot_state_publisher-10] [INFO] [1744808336.202528658] [right.robot_state_publisher]: got segment right_summit_base_logo_right
[robot_state_publisher-10] [INFO] [1744808336.203654009] [right.robot_state_publisher]: got segment right_summit_front_laser_base_link
[robot_state_publisher-10] [INFO] [1744808336.203685370] [right.robot_state_publisher]: got segment right_summit_front_laser_link
[robot_state_publisher-10] [INFO] [1744808336.203702543] [right.robot_state_publisher]: got segment right_summit_front_left_wheel_link
[robot_state_publisher-10] [INFO] [1744808336.203720770] [right.robot_state_publisher]: got segment right_summit_front_right_wheel_link
[robot_state_publisher-10] [INFO] [1744808336.203736926] [right.robot_state_publisher]: got segment right_summit_imu_link
[robot_state_publisher-10] [INFO] [1744808336.203753220] [right.robot_state_publisher]: got segment right_summit_rear_laser_base_link
[robot_state_publisher-10] [INFO] [1744808336.203769483] [right.robot_state_publisher]: got segment right_summit_rear_laser_link
[robot_state_publisher-10] [INFO] [1744808336.203785516] [right.robot_state_publisher]: got segment ur_right_base
[robot_state_publisher-10] [INFO] [1744808336.203802744] [right.robot_state_publisher]: got segment ur_right_base_link
[robot_state_publisher-10] [INFO] [1744808336.203819602] [right.robot_state_publisher]: got segment ur_right_base_link_inertia
[robot_state_publisher-10] [INFO] [1744808336.203836985] [right.robot_state_publisher]: got segment ur_right_finger_left
[robot_state_publisher-10] [INFO] [1744808336.203853729] [right.robot_state_publisher]: got segment ur_right_finger_right
[robot_state_publisher-10] [INFO] [1744808336.203870498] [right.robot_state_publisher]: got segment ur_right_finger_tip
[robot_state_publisher-10] [INFO] [1744808336.203888904] [right.robot_state_publisher]: got segment ur_right_flange
[robot_state_publisher-10] [INFO] [1744808336.203905008] [right.robot_state_publisher]: got segment ur_right_forearm_link
[robot_state_publisher-10] [INFO] [1744808336.203919860] [right.robot_state_publisher]: got segment ur_right_ft_frame
[robot_state_publisher-10] [INFO] [1744808336.203934726] [right.robot_state_publisher]: got segment ur_right_robotiq_hand
[robot_state_publisher-10] [INFO] [1744808336.203949709] [right.robot_state_publisher]: got segment ur_right_shoulder_link
[robot_state_publisher-10] [INFO] [1744808336.203963894] [right.robot_state_publisher]: got segment ur_right_tool0
[robot_state_publisher-10] [INFO] [1744808336.203977809] [right.robot_state_publisher]: got segment ur_right_upper_arm_link
[robot_state_publisher-10] [INFO] [1744808336.203992123] [right.robot_state_publisher]: got segment ur_right_wrist_1_link
[robot_state_publisher-10] [INFO] [1744808336.204007582] [right.robot_state_publisher]: got segment ur_right_wrist_2_link
[robot_state_publisher-10] [INFO] [1744808336.204022191] [right.robot_state_publisher]: got segment ur_right_wrist_3_link
[static_transform_publisher-9] [INFO] [1744808336.206508057] [left.static_transform_publisher]: Spinning until stopped - publishing transform
[static_transform_publisher-9] translation: ('-0.660000', '0.000000', '0.000000')
[static_transform_publisher-9] rotation: ('0.000000', '0.000000', '0.000000', '1.000000')
[static_transform_publisher-9] from 'world' to 'left_summit_odom'
[robot_state_publisher-4] [INFO] [1744808336.218514242] [left.robot_state_publisher]: got segment left_summit_back_left_wheel_link
[static_transform_publisher-15] [WARN] [1744808336.228169369] []: Old-style arguments are deprecated; see --help for new-style arguments
[robot_state_publisher-4] [INFO] [1744808336.237965971] [left.robot_state_publisher]: got segment left_summit_back_right_wheel_link
[robot_state_publisher-4] [INFO] [1744808336.238031664] [left.robot_state_publisher]: got segment left_summit_base_chapa
[robot_state_publisher-4] [INFO] [1744808336.238054770] [left.robot_state_publisher]: got segment left_summit_base_docking_contact
[robot_state_publisher-4] [INFO] [1744808336.238075431] [left.robot_state_publisher]: got segment left_summit_base_footprint
[robot_state_publisher-4] [INFO] [1744808336.238095398] [left.robot_state_publisher]: got segment left_summit_base_link
[robot_state_publisher-4] [INFO] [1744808336.238116499] [left.robot_state_publisher]: got segment left_summit_base_logo_front
[robot_state_publisher-4] [INFO] [1744808336.238137085] [left.robot_state_publisher]: got segment left_summit_base_logo_left
[robot_state_publisher-4] [INFO] [1744808336.238157586] [left.robot_state_publisher]: got segment left_summit_base_logo_rear
[robot_state_publisher-4] [INFO] [1744808336.238177045] [left.robot_state_publisher]: got segment left_summit_base_logo_right
[robot_state_publisher-4] [INFO] [1744808336.238196656] [left.robot_state_publisher]: got segment left_summit_front_laser_base_link
[robot_state_publisher-4] [INFO] [1744808336.238217572] [left.robot_state_publisher]: got segment left_summit_front_laser_link
[robot_state_publisher-4] [INFO] [1744808336.238237433] [left.robot_state_publisher]: got segment left_summit_front_left_wheel_link
[robot_state_publisher-4] [INFO] [1744808336.238256884] [left.robot_state_publisher]: got segment left_summit_front_right_wheel_link
[robot_state_publisher-4] [INFO] [1744808336.238276128] [left.robot_state_publisher]: got segment left_summit_imu_link
[robot_state_publisher-4] [INFO] [1744808336.238295939] [left.robot_state_publisher]: got segment left_summit_rear_laser_base_link
[robot_state_publisher-4] [INFO] [1744808336.238315169] [left.robot_state_publisher]: got segment left_summit_rear_laser_link
[robot_state_publisher-4] [INFO] [1744808336.238334266] [left.robot_state_publisher]: got segment ur_left_base
[robot_state_publisher-4] [INFO] [1744808336.238352107] [left.robot_state_publisher]: got segment ur_left_base_link
[robot_state_publisher-4] [INFO] [1744808336.238369703] [left.robot_state_publisher]: got segment ur_left_base_link_inertia
[robot_state_publisher-4] [INFO] [1744808336.238386491] [left.robot_state_publisher]: got segment ur_left_finger_left
[robot_state_publisher-4] [INFO] [1744808336.238406845] [left.robot_state_publisher]: got segment ur_left_finger_right
[robot_state_publisher-4] [INFO] [1744808336.238423176] [left.robot_state_publisher]: got segment ur_left_finger_tip
[robot_state_publisher-4] [INFO] [1744808336.238438942] [left.robot_state_publisher]: got segment ur_left_flange
[robot_state_publisher-4] [INFO] [1744808336.238454560] [left.robot_state_publisher]: got segment ur_left_forearm_link
[robot_state_publisher-4] [INFO] [1744808336.238469558] [left.robot_state_publisher]: got segment ur_left_ft_frame
[robot_state_publisher-4] [INFO] [1744808336.238485736] [left.robot_state_publisher]: got segment ur_left_robotiq_hand
[robot_state_publisher-4] [INFO] [1744808336.238501946] [left.robot_state_publisher]: got segment ur_left_shoulder_link
[robot_state_publisher-4] [INFO] [1744808336.238518982] [left.robot_state_publisher]: got segment ur_left_tool0
[robot_state_publisher-4] [INFO] [1744808336.238535393] [left.robot_state_publisher]: got segment ur_left_upper_arm_link
[robot_state_publisher-4] [INFO] [1744808336.238552366] [left.robot_state_publisher]: got segment ur_left_wrist_1_link
[robot_state_publisher-4] [INFO] [1744808336.238569190] [left.robot_state_publisher]: got segment ur_left_wrist_2_link
[robot_state_publisher-4] [INFO] [1744808336.238589094] [left.robot_state_publisher]: got segment ur_left_wrist_3_link
[rviz2-3] QStandardPaths: XDG_RUNTIME_DIR not set, defaulting to '/tmp/runtime-root'
[static_transform_publisher-15] [INFO] [1744808336.313813079] [right.static_transform_publisher]: Spinning until stopped - publishing transform
[static_transform_publisher-15] translation: ('0.660000', '0.000000', '0.000000')
[static_transform_publisher-15] rotation: ('0.000000', '0.000000', '0.000000', '1.000000')
[static_transform_publisher-15] from 'world' to 'right_summit_odom'
[rviz2-3] [INFO] [1744808337.235676673] [rviz2]: Stereo is NOT SUPPORTED
[rviz2-3] [INFO] [1744808337.235881904] [rviz2]: OpenGl version: 4.6 (GLSL 4.6)
[rviz2-3] [INFO] [1744808337.356144212] [rviz2]: Stereo is NOT SUPPORTED
[INFO] [rviz2-3]: process has finished cleanly [pid 1575]
[WARNING] [launch]: user interrupted with ctrl-c (SIGINT)
[static_transform_publisher-9] [INFO] [1744808355.998246622] [rclcpp]: signal_handler(signum=2)
[robot_state_publisher-10] [INFO] [1744808355.998255390] [rclcpp]: signal_handler(signum=2)
[static_transform_publisher-15] [INFO] [1744808355.998255282] [rclcpp]: signal_handler(signum=2)
[robot_state_publisher-4] [INFO] [1744808355.998263692] [rclcpp]: signal_handler(signum=2)
[move_group-8] [INFO] [1744808355.998426992] [rclcpp]: signal_handler(signum=2)
[move_group-14] [INFO] [1744808355.998238463] [rclcpp]: signal_handler(signum=2)
[gzserver-1] [INFO] [1744808355.998439715] [rclcpp]: signal_handler(signum=2)
[ERROR] [gzclient-2]: process has died [pid 1573, exit code -2, cmd 'gzclient'].
[INFO] [static_transform_publisher-9]: process has finished cleanly [pid 1587]
[INFO] [static_transform_publisher-15]: process has finished cleanly [pid 1622]
[INFO] [robot_state_publisher-10]: process has finished cleanly [pid 1589]
[INFO] [robot_state_publisher-4]: process has finished cleanly [pid 1577]
[ERROR] [move_group-14]: process[move_group-14] failed to terminate '5' seconds after receiving 'SIGINT', escalating to 'SIGTERM'
[ERROR] [spawner-13]: process[spawner-13] failed to terminate '5' seconds after receiving 'SIGINT', escalating to 'SIGTERM'
[ERROR] [spawner-12]: process[spawner-12] failed to terminate '5' seconds after receiving 'SIGINT', escalating to 'SIGTERM'
[ERROR] [spawn_entity.py-11]: process[spawn_entity.py-11] failed to terminate '5' seconds after receiving 'SIGINT', escalating to 'SIGTERM'
[ERROR] [move_group-8]: process[move_group-8] failed to terminate '5' seconds after receiving 'SIGINT', escalating to 'SIGTERM'
[ERROR] [spawner-7]: process[spawner-7] failed to terminate '5' seconds after receiving 'SIGINT', escalating to 'SIGTERM'
[ERROR] [spawner-6]: process[spawner-6] failed to terminate '5' seconds after receiving 'SIGINT', escalating to 'SIGTERM'
[ERROR] [spawn_entity.py-5]: process[spawn_entity.py-5] failed to terminate '5' seconds after receiving 'SIGINT', escalating to 'SIGTERM'
[ERROR] [gzserver-1]: process[gzserver-1] failed to terminate '5' seconds after receiving 'SIGINT', escalating to 'SIGTERM'
[INFO] [move_group-14]: sending signal 'SIGTERM' to process[move_group-14]
[INFO] [spawner-13]: sending signal 'SIGTERM' to process[spawner-13]
[INFO] [spawner-12]: sending signal 'SIGTERM' to process[spawner-12]
[INFO] [spawn_entity.py-11]: sending signal 'SIGTERM' to process[spawn_entity.py-11]
[INFO] [move_group-8]: sending signal 'SIGTERM' to process[move_group-8]
[ERROR] [spawner-13]: process has died [pid 1597, exit code -15, cmd '/opt/ros/humble/lib/controller_manager/spawner ur_right_joint_group_vel_controller -c /right/controller_manager --ros-args -r __ns:=/right'].
[ERROR] [spawner-12]: process has died [pid 1593, exit code -15, cmd '/opt/ros/humble/lib/controller_manager/spawner joint_state_broadcaster -c /right/controller_manager --ros-args -r __ns:=/right'].
[INFO] [spawner-7]: sending signal 'SIGTERM' to process[spawner-7]
[INFO] [spawner-6]: sending signal 'SIGTERM' to process[spawner-6]
[INFO] [spawn_entity.py-5]: sending signal 'SIGTERM' to process[spawn_entity.py-5]
[INFO] [gzserver-1]: sending signal 'SIGTERM' to process[gzserver-1]
[ERROR] [spawner-7]: process has died [pid 1583, exit code -15, cmd '/opt/ros/humble/lib/controller_manager/spawner ur_left_joint_group_vel_controller -c /left/controller_manager --ros-args -r __ns:=/left'].
[move_group-14] [INFO] [1744808361.026576018] [rclcpp]: signal_handler(signum=15)
[ERROR] [spawner-6]: process has died [pid 1581, exit code -15, cmd '/opt/ros/humble/lib/controller_manager/spawner joint_state_broadcaster -c /left/controller_manager --ros-args -r __ns:=/left'].
[move_group-8] [INFO] [1744808361.047605401] [rclcpp]: signal_handler(signum=15)
[gzserver-1] [INFO] [1744808361.065272815] [rclcpp]: signal_handler(signum=15)
[ERROR] [move_group-14]: process[move_group-14] failed to terminate '10.0' seconds after receiving 'SIGTERM', escalating to 'SIGKILL'
[ERROR] [spawn_entity.py-11]: process[spawn_entity.py-11] failed to terminate '10.0' seconds after receiving 'SIGTERM', escalating to 'SIGKILL'
[ERROR] [move_group-8]: process[move_group-8] failed to terminate '10.0' seconds after receiving 'SIGTERM', escalating to 'SIGKILL'
[ERROR] [spawn_entity.py-5]: process[spawn_entity.py-5] failed to terminate '10.0' seconds after receiving 'SIGTERM', escalating to 'SIGKILL'
[INFO] [move_group-14]: sending signal 'SIGKILL' to process[move_group-14]
[ERROR] [gzserver-1]: process[gzserver-1] failed to terminate '10.0' seconds after receiving 'SIGTERM', escalating to 'SIGKILL'
[INFO] [spawn_entity.py-11]: sending signal 'SIGKILL' to process[spawn_entity.py-11]
[ERROR] [move_group-14]: process has died [pid 1613, exit code -9, cmd '/ros2_ws/install/moveit_ros_move_group/lib/moveit_ros_move_group/move_group --ros-args --params-file /tmp/launch_params_9uoyy8cx --params-file /tmp/launch_params_vxn54xrb --params-file /tmp/launch_params_g0pmjiio --params-file /tmp/launch_params_g9fehia6'].
[INFO] [move_group-8]: sending signal 'SIGKILL' to process[move_group-8]
[INFO] [spawn_entity.py-5]: sending signal 'SIGKILL' to process[spawn_entity.py-5]
[INFO] [gzserver-1]: sending signal 'SIGKILL' to process[gzserver-1]
[ERROR] [spawn_entity.py-11]: process has died [pid 1591, exit code -9, cmd '/opt/ros/humble/lib/gazebo_ros/spawn_entity.py -entity right_robot -topic /right/robot_description -x 0.66 -y 0 -z 0 -timeout 5 -unpause --ros-args -r __node:=right'].
[ERROR] [move_group-8]: process has died [pid 1585, exit code -9, cmd '/ros2_ws/install/moveit_ros_move_group/lib/moveit_ros_move_group/move_group --ros-args --params-file /tmp/launch_params_6nzwtryz --params-file /tmp/launch_params_vzzmwefu --params-file /tmp/launch_params_ni1i8gbw --params-file /tmp/launch_params_8tiyrfcq'].
[ERROR] [spawn_entity.py-5]: process has died [pid 1579, exit code -9, cmd '/opt/ros/humble/lib/gazebo_ros/spawn_entity.py -entity left_robot -topic /left/robot_description -x -0.66 -y 0 -z 0 -timeout 5 -unpause --ros-args -r __node:=left'].
[ERROR] [gzserver-1]: process has died [pid 1571, exit code -9, cmd 'gzserver /ros2_ws/install/ur/share/ur/xacro/gazebo.world --physics False -slibgazebo_ros_init.so -slibgazebo_ros_factory.so -slibgazebo_ros_force_system.so'].
