[INFO] [launch]: All log files can be found below /root/.ros/log/2025-04-28-12-02-58-223145-outlander-Aspire-V3-571G-1219
[INFO] [launch]: Default logging verbosity is set to INFO
[INFO] [gzserver-1]: process started with pid [1233]
[INFO] [gzclient-2]: process started with pid [1235]
[INFO] [rviz2-3]: process started with pid [1237]
[INFO] [robot_state_publisher-4]: process started with pid [1239]
[INFO] [spawn_entity.py-5]: process started with pid [1241]
[INFO] [spawner-6]: process started with pid [1243]
[INFO] [spawner-7]: process started with pid [1245]
[INFO] [move_group-8]: process started with pid [1247]
[INFO] [static_transform_publisher-9]: process started with pid [1249]
[INFO] [static_transform_publisher-10]: process started with pid [1251]
[INFO] [static_transform_publisher-11]: process started with pid [1253]
[INFO] [robot_state_publisher-12]: process started with pid [1255]
[INFO] [spawn_entity.py-13]: process started with pid [1257]
[INFO] [spawner-14]: process started with pid [1260]
[INFO] [spawner-15]: process started with pid [1271]
[INFO] [move_group-16]: process started with pid [1301]
[INFO] [static_transform_publisher-17]: process started with pid [1312]
[INFO] [static_transform_publisher-18]: process started with pid [1316]
[INFO] [static_transform_publisher-19]: process started with pid [1321]
[robot_state_publisher-4] [INFO] [1745841782.601292575] [left.robot_state_publisher]: got segment left_summit_back_left_wheel_link
[robot_state_publisher-4] [INFO] [1745841782.601660291] [left.robot_state_publisher]: got segment left_summit_back_right_wheel_link
[robot_state_publisher-4] [INFO] [1745841782.601691161] [left.robot_state_publisher]: got segment left_summit_base_chapa
[robot_state_publisher-4] [INFO] [1745841782.601715013] [left.robot_state_publisher]: got segment left_summit_base_docking_contact
[robot_state_publisher-4] [INFO] [1745841782.601736758] [left.robot_state_publisher]: got segment left_summit_base_footprint
[robot_state_publisher-4] [INFO] [1745841782.601756376] [left.robot_state_publisher]: got segment left_summit_base_link
[robot_state_publisher-4] [INFO] [1745841782.601775773] [left.robot_state_publisher]: got segment left_summit_base_logo_front
[robot_state_publisher-4] [INFO] [1745841782.601793976] [left.robot_state_publisher]: got segment left_summit_base_logo_left
[robot_state_publisher-4] [INFO] [1745841782.601811087] [left.robot_state_publisher]: got segment left_summit_base_logo_rear
[robot_state_publisher-4] [INFO] [1745841782.601828619] [left.robot_state_publisher]: got segment left_summit_base_logo_right
[robot_state_publisher-4] [INFO] [1745841782.601844483] [left.robot_state_publisher]: got segment left_summit_front_laser_base_link
[robot_state_publisher-4] [INFO] [1745841782.601862810] [left.robot_state_publisher]: got segment left_summit_front_laser_link
[robot_state_publisher-4] [INFO] [1745841782.601880481] [left.robot_state_publisher]: got segment left_summit_front_left_wheel_link
[robot_state_publisher-4] [INFO] [1745841782.601897914] [left.robot_state_publisher]: got segment left_summit_front_right_wheel_link
[robot_state_publisher-4] [INFO] [1745841782.601916754] [left.robot_state_publisher]: got segment left_summit_imu_link
[robot_state_publisher-4] [INFO] [1745841782.601934671] [left.robot_state_publisher]: got segment left_summit_rear_laser_base_link
[robot_state_publisher-4] [INFO] [1745841782.601951699] [left.robot_state_publisher]: got segment left_summit_rear_laser_link
[robot_state_publisher-4] [INFO] [1745841782.601968712] [left.robot_state_publisher]: got segment ur_left_base
[robot_state_publisher-4] [INFO] [1745841782.601985853] [left.robot_state_publisher]: got segment ur_left_base_link
[robot_state_publisher-4] [INFO] [1745841782.602002548] [left.robot_state_publisher]: got segment ur_left_base_link_inertia
[robot_state_publisher-4] [INFO] [1745841782.602019779] [left.robot_state_publisher]: got segment ur_left_finger_left
[robot_state_publisher-4] [INFO] [1745841782.602038940] [left.robot_state_publisher]: got segment ur_left_finger_right
[robot_state_publisher-4] [INFO] [1745841782.602057485] [left.robot_state_publisher]: got segment ur_left_finger_tip
[robot_state_publisher-4] [INFO] [1745841782.602075849] [left.robot_state_publisher]: got segment ur_left_flange
[robot_state_publisher-4] [INFO] [1745841782.602094488] [left.robot_state_publisher]: got segment ur_left_forearm_link
[robot_state_publisher-4] [INFO] [1745841782.602111408] [left.robot_state_publisher]: got segment ur_left_ft_frame
[robot_state_publisher-4] [INFO] [1745841782.602159582] [left.robot_state_publisher]: got segment ur_left_robotiq_hand
[robot_state_publisher-4] [INFO] [1745841782.602176103] [left.robot_state_publisher]: got segment ur_left_shoulder_link
[robot_state_publisher-4] [INFO] [1745841782.602193031] [left.robot_state_publisher]: got segment ur_left_tool0
[robot_state_publisher-4] [INFO] [1745841782.602210585] [left.robot_state_publisher]: got segment ur_left_upper_arm_link
[robot_state_publisher-4] [INFO] [1745841782.602227065] [left.robot_state_publisher]: got segment ur_left_wrist_1_link
[robot_state_publisher-4] [INFO] [1745841782.602244824] [left.robot_state_publisher]: got segment ur_left_wrist_2_link
[robot_state_publisher-4] [INFO] [1745841782.602262050] [left.robot_state_publisher]: got segment ur_left_wrist_3_link
[static_transform_publisher-9] [WARN] [1745841782.445255089] []: Old-style arguments are deprecated; see --help for new-style arguments
[static_transform_publisher-9] [INFO] [1745841782.547243589] [left.static_transform_publisher]: Spinning until stopped - publishing transform
[static_transform_publisher-9] translation: ('-0.660000', '0.000000', '0.000000')
[static_transform_publisher-9] rotation: ('0.000000', '0.000000', '0.000000', '1.000000')
[static_transform_publisher-9] from 'world' to 'left_summit_odom'
[static_transform_publisher-10] [WARN] [1745841782.480965751] []: Old-style arguments are deprecated; see --help for new-style arguments
[static_transform_publisher-10] [INFO] [1745841782.583058630] [left.static_tf_publisher_odom_to_base_left]: Spinning until stopped - publishing transform
[static_transform_publisher-10] translation: ('0.000000', '0.000000', '0.000000')
[static_transform_publisher-10] rotation: ('0.000000', '0.000000', '0.000000', '1.000000')
[static_transform_publisher-10] from 'left_summit_odom' to 'left_summit_base_footprint'
[static_transform_publisher-11] [WARN] [1745841782.485284959] []: Old-style arguments are deprecated; see --help for new-style arguments
[static_transform_publisher-11] [INFO] [1745841782.555638825] [left.static_tf_publisher_base_to_arm_left]: Spinning until stopped - publishing transform
[static_transform_publisher-11] translation: ('0.000000', '0.000000', '0.000000')
[static_transform_publisher-11] rotation: ('0.000000', '0.000000', '0.000000', '1.000000')
[static_transform_publisher-11] from 'ur_left_base_link_inertia' to 'ur_left_wrist_3_link'
[robot_state_publisher-12] [INFO] [1745841782.564350574] [right.robot_state_publisher]: got segment right_summit_back_left_wheel_link
[robot_state_publisher-12] [INFO] [1745841782.573933055] [right.robot_state_publisher]: got segment right_summit_back_right_wheel_link
[robot_state_publisher-12] [INFO] [1745841782.573986492] [right.robot_state_publisher]: got segment right_summit_base_chapa
[robot_state_publisher-12] [INFO] [1745841782.574456791] [right.robot_state_publisher]: got segment right_summit_base_docking_contact
[robot_state_publisher-12] [INFO] [1745841782.574592666] [right.robot_state_publisher]: got segment right_summit_base_footprint
[robot_state_publisher-12] [INFO] [1745841782.576396387] [right.robot_state_publisher]: got segment right_summit_base_link
[robot_state_publisher-12] [INFO] [1745841782.576441116] [right.robot_state_publisher]: got segment right_summit_base_logo_front
[robot_state_publisher-12] [INFO] [1745841782.576466007] [right.robot_state_publisher]: got segment right_summit_base_logo_left
[robot_state_publisher-12] [INFO] [1745841782.576488771] [right.robot_state_publisher]: got segment right_summit_base_logo_rear
[robot_state_publisher-12] [INFO] [1745841782.576508684] [right.robot_state_publisher]: got segment right_summit_base_logo_right
[robot_state_publisher-12] [INFO] [1745841782.576528221] [right.robot_state_publisher]: got segment right_summit_front_laser_base_link
[robot_state_publisher-12] [INFO] [1745841782.576547196] [right.robot_state_publisher]: got segment right_summit_front_laser_link
[robot_state_publisher-12] [INFO] [1745841782.576565413] [right.robot_state_publisher]: got segment right_summit_front_left_wheel_link
[robot_state_publisher-12] [INFO] [1745841782.576583230] [right.robot_state_publisher]: got segment right_summit_front_right_wheel_link
[robot_state_publisher-12] [INFO] [1745841782.576600856] [right.robot_state_publisher]: got segment right_summit_imu_link
[robot_state_publisher-12] [INFO] [1745841782.576619463] [right.robot_state_publisher]: got segment right_summit_rear_laser_base_link
[robot_state_publisher-12] [INFO] [1745841782.576635832] [right.robot_state_publisher]: got segment right_summit_rear_laser_link
[robot_state_publisher-12] [INFO] [1745841782.576652957] [right.robot_state_publisher]: got segment ur_right_base
[robot_state_publisher-12] [INFO] [1745841782.576670739] [right.robot_state_publisher]: got segment ur_right_base_link
[robot_state_publisher-12] [INFO] [1745841782.576687894] [right.robot_state_publisher]: got segment ur_right_base_link_inertia
[robot_state_publisher-12] [INFO] [1745841782.576706390] [right.robot_state_publisher]: got segment ur_right_finger_left
[robot_state_publisher-12] [INFO] [1745841782.576723500] [right.robot_state_publisher]: got segment ur_right_finger_right
[robot_state_publisher-12] [INFO] [1745841782.576742330] [right.robot_state_publisher]: got segment ur_right_finger_tip
[robot_state_publisher-12] [INFO] [1745841782.576759949] [right.robot_state_publisher]: got segment ur_right_flange
[robot_state_publisher-12] [INFO] [1745841782.576777677] [right.robot_state_publisher]: got segment ur_right_forearm_link
[robot_state_publisher-12] [INFO] [1745841782.576795757] [right.robot_state_publisher]: got segment ur_right_ft_frame
[robot_state_publisher-12] [INFO] [1745841782.576813425] [right.robot_state_publisher]: got segment ur_right_robotiq_hand
[robot_state_publisher-12] [INFO] [1745841782.576830960] [right.robot_state_publisher]: got segment ur_right_shoulder_link
[robot_state_publisher-12] [INFO] [1745841782.576848711] [right.robot_state_publisher]: got segment ur_right_tool0
[robot_state_publisher-12] [INFO] [1745841782.576866068] [right.robot_state_publisher]: got segment ur_right_upper_arm_link
[robot_state_publisher-12] [INFO] [1745841782.576884784] [right.robot_state_publisher]: got segment ur_right_wrist_1_link
[robot_state_publisher-12] [INFO] [1745841782.576902169] [right.robot_state_publisher]: got segment ur_right_wrist_2_link
[robot_state_publisher-12] [INFO] [1745841782.576920133] [right.robot_state_publisher]: got segment ur_right_wrist_3_link
[static_transform_publisher-17] [WARN] [1745841782.659645218] []: Old-style arguments are deprecated; see --help for new-style arguments
[rviz2-3] QStandardPaths: XDG_RUNTIME_DIR not set, defaulting to '/tmp/runtime-root'
[static_transform_publisher-19] [WARN] [1745841782.694821736] []: Old-style arguments are deprecated; see --help for new-style arguments
[static_transform_publisher-18] [WARN] [1745841782.695810549] []: Old-style arguments are deprecated; see --help for new-style arguments
[WARNING] [launch]: user interrupted with ctrl-c (SIGINT)
[static_transform_publisher-17] [INFO] [1745841794.553060299] [rclcpp]: signal_handler(signum=2)
[static_transform_publisher-19] [INFO] [1745841794.553060415] [rclcpp]: signal_handler(signum=2)
[static_transform_publisher-11] [INFO] [1745841794.553075974] [rclcpp]: signal_handler(signum=2)
[static_transform_publisher-9] [INFO] [1745841794.553083719] [rclcpp]: signal_handler(signum=2)
[move_group-16] [INFO] [1745841794.553073297] [rclcpp]: signal_handler(signum=2)
[static_transform_publisher-10] [INFO] [1745841794.553184793] [rclcpp]: signal_handler(signum=2)
[robot_state_publisher-12] [INFO] [1745841794.553227314] [rclcpp]: signal_handler(signum=2)
[robot_state_publisher-4] [INFO] [1745841794.553240036] [rclcpp]: signal_handler(signum=2)
[ERROR] [gzclient-2]: process has died [pid 1235, exit code -2, cmd 'gzclient'].
[static_transform_publisher-18] [INFO] [1745841794.553060260] [rclcpp]: signal_handler(signum=2)
[rviz2-3] [INFO] [1745841794.553339217] [rclcpp]: signal_handler(signum=2)
[move_group-8] [INFO] [1745841794.553398519] [rclcpp]: signal_handler(signum=2)
[gzserver-1] [INFO] [1745841794.553758469] [rclcpp]: signal_handler(signum=2)
[INFO] [static_transform_publisher-11]: process has finished cleanly [pid 1253]
[INFO] [static_transform_publisher-10]: process has finished cleanly [pid 1251]
[INFO] [static_transform_publisher-9]: process has finished cleanly [pid 1249]
[INFO] [robot_state_publisher-12]: process has finished cleanly [pid 1255]
[INFO] [robot_state_publisher-4]: process has finished cleanly [pid 1239]
[ERROR] [static_transform_publisher-19]: process[static_transform_publisher-19] failed to terminate '5' seconds after receiving 'SIGINT', escalating to 'SIGTERM'
[ERROR] [static_transform_publisher-18]: process[static_transform_publisher-18] failed to terminate '5' seconds after receiving 'SIGINT', escalating to 'SIGTERM'
[ERROR] [static_transform_publisher-17]: process[static_transform_publisher-17] failed to terminate '5' seconds after receiving 'SIGINT', escalating to 'SIGTERM'
[ERROR] [move_group-16]: process[move_group-16] failed to terminate '5' seconds after receiving 'SIGINT', escalating to 'SIGTERM'
[ERROR] [spawner-15]: process[spawner-15] failed to terminate '5' seconds after receiving 'SIGINT', escalating to 'SIGTERM'
[ERROR] [spawner-14]: process[spawner-14] failed to terminate '5' seconds after receiving 'SIGINT', escalating to 'SIGTERM'
[ERROR] [spawn_entity.py-13]: process[spawn_entity.py-13] failed to terminate '5' seconds after receiving 'SIGINT', escalating to 'SIGTERM'
[ERROR] [move_group-8]: process[move_group-8] failed to terminate '5' seconds after receiving 'SIGINT', escalating to 'SIGTERM'
[ERROR] [spawner-7]: process[spawner-7] failed to terminate '5' seconds after receiving 'SIGINT', escalating to 'SIGTERM'
[ERROR] [spawner-6]: process[spawner-6] failed to terminate '5' seconds after receiving 'SIGINT', escalating to 'SIGTERM'
[ERROR] [spawn_entity.py-5]: process[spawn_entity.py-5] failed to terminate '5' seconds after receiving 'SIGINT', escalating to 'SIGTERM'
[ERROR] [rviz2-3]: process[rviz2-3] failed to terminate '5' seconds after receiving 'SIGINT', escalating to 'SIGTERM'
[ERROR] [gzserver-1]: process[gzserver-1] failed to terminate '5' seconds after receiving 'SIGINT', escalating to 'SIGTERM'
[INFO] [static_transform_publisher-19]: sending signal 'SIGTERM' to process[static_transform_publisher-19]
[INFO] [static_transform_publisher-18]: sending signal 'SIGTERM' to process[static_transform_publisher-18]
[INFO] [static_transform_publisher-17]: sending signal 'SIGTERM' to process[static_transform_publisher-17]
[INFO] [move_group-16]: sending signal 'SIGTERM' to process[move_group-16]
[INFO] [spawner-15]: sending signal 'SIGTERM' to process[spawner-15]
[INFO] [spawner-14]: sending signal 'SIGTERM' to process[spawner-14]
[INFO] [spawn_entity.py-13]: sending signal 'SIGTERM' to process[spawn_entity.py-13]
[ERROR] [spawner-15]: process has died [pid 1271, exit code -15, cmd '/opt/ros/humble/lib/controller_manager/spawner ur_right_joint_group_vel_controller -c /right/controller_manager --ros-args -r __ns:=/right'].
[INFO] [move_group-8]: sending signal 'SIGTERM' to process[move_group-8]
[ERROR] [spawner-14]: process has died [pid 1260, exit code -15, cmd '/opt/ros/humble/lib/controller_manager/spawner joint_state_broadcaster -c /right/controller_manager --ros-args -r __ns:=/right'].
[INFO] [spawner-7]: sending signal 'SIGTERM' to process[spawner-7]
[INFO] [spawner-6]: sending signal 'SIGTERM' to process[spawner-6]
[INFO] [spawn_entity.py-5]: sending signal 'SIGTERM' to process[spawn_entity.py-5]
[INFO] [rviz2-3]: sending signal 'SIGTERM' to process[rviz2-3]
[ERROR] [spawner-7]: process has died [pid 1245, exit code -15, cmd '/opt/ros/humble/lib/controller_manager/spawner ur_left_joint_group_vel_controller -c /left/controller_manager --ros-args -r __ns:=/left'].
[INFO] [gzserver-1]: sending signal 'SIGTERM' to process[gzserver-1]
[ERROR] [spawner-6]: process has died [pid 1243, exit code -15, cmd '/opt/ros/humble/lib/controller_manager/spawner joint_state_broadcaster -c /left/controller_manager --ros-args -r __ns:=/left'].
[static_transform_publisher-19] [INFO] [1745841799.595555943] [rclcpp]: signal_handler(signum=15)
[static_transform_publisher-18] [INFO] [1745841799.602963052] [rclcpp]: signal_handler(signum=15)
[static_transform_publisher-17] [INFO] [1745841799.610267529] [rclcpp]: signal_handler(signum=15)
[move_group-16] [INFO] [1745841799.617376700] [rclcpp]: signal_handler(signum=15)
[move_group-8] [INFO] [1745841799.640355243] [rclcpp]: signal_handler(signum=15)
[rviz2-3] [INFO] [1745841799.660738584] [rclcpp]: signal_handler(signum=15)
[gzserver-1] [INFO] [1745841799.666374370] [rclcpp]: signal_handler(signum=15)
[ERROR] [static_transform_publisher-19]: process[static_transform_publisher-19] failed to terminate '10.0' seconds after receiving 'SIGTERM', escalating to 'SIGKILL'
[ERROR] [static_transform_publisher-18]: process[static_transform_publisher-18] failed to terminate '10.0' seconds after receiving 'SIGTERM', escalating to 'SIGKILL'
[ERROR] [static_transform_publisher-17]: process[static_transform_publisher-17] failed to terminate '10.0' seconds after receiving 'SIGTERM', escalating to 'SIGKILL'
[ERROR] [move_group-16]: process[move_group-16] failed to terminate '10.0' seconds after receiving 'SIGTERM', escalating to 'SIGKILL'
[ERROR] [spawn_entity.py-13]: process[spawn_entity.py-13] failed to terminate '10.0' seconds after receiving 'SIGTERM', escalating to 'SIGKILL'
[ERROR] [move_group-8]: process[move_group-8] failed to terminate '10.0' seconds after receiving 'SIGTERM', escalating to 'SIGKILL'
[ERROR] [spawn_entity.py-5]: process[spawn_entity.py-5] failed to terminate '10.0' seconds after receiving 'SIGTERM', escalating to 'SIGKILL'
[ERROR] [rviz2-3]: process[rviz2-3] failed to terminate '10.0' seconds after receiving 'SIGTERM', escalating to 'SIGKILL'
[ERROR] [gzserver-1]: process[gzserver-1] failed to terminate '10.0' seconds after receiving 'SIGTERM', escalating to 'SIGKILL'
[INFO] [static_transform_publisher-19]: sending signal 'SIGKILL' to process[static_transform_publisher-19]
[INFO] [static_transform_publisher-18]: sending signal 'SIGKILL' to process[static_transform_publisher-18]
[INFO] [static_transform_publisher-17]: sending signal 'SIGKILL' to process[static_transform_publisher-17]
[ERROR] [static_transform_publisher-19]: process has died [pid 1321, exit code -9, cmd '/opt/ros/humble/lib/tf2_ros/static_transform_publisher 0 0 0 0 0 0 1 ur_right_base_link_inertia ur_right_wrist_3_link --ros-args -r __node:=static_tf_publisher_base_to_arm_right -r __ns:=/right'].
[INFO] [move_group-16]: sending signal 'SIGKILL' to process[move_group-16]
[ERROR] [static_transform_publisher-18]: process has died [pid 1316, exit code -9, cmd '/opt/ros/humble/lib/tf2_ros/static_transform_publisher 0 0 0 0 0 0 1 right_summit_odom right_summit_base_footprint --ros-args -r __node:=static_tf_publisher_odom_to_base_right -r __ns:=/right'].
[INFO] [spawn_entity.py-13]: sending signal 'SIGKILL' to process[spawn_entity.py-13]
[ERROR] [static_transform_publisher-17]: process has died [pid 1312, exit code -9, cmd '/opt/ros/humble/lib/tf2_ros/static_transform_publisher 0.66 0 0 0 0 0 1 world right_summit_odom --ros-args -r __node:=static_transform_publisher -r __ns:=/right'].
[INFO] [move_group-8]: sending signal 'SIGKILL' to process[move_group-8]
[ERROR] [move_group-16]: process has died [pid 1301, exit code -9, cmd '/ros2_ws/install/moveit_ros_move_group/lib/moveit_ros_move_group/move_group --ros-args --params-file /tmp/launch_params_okfcjimb --params-file /tmp/launch_params_yf_9zv91 --params-file /tmp/launch_params_tv82secd --params-file /tmp/launch_params_hz8duwqc'].
[INFO] [spawn_entity.py-5]: sending signal 'SIGKILL' to process[spawn_entity.py-5]
[ERROR] [spawn_entity.py-13]: process has died [pid 1257, exit code -9, cmd '/opt/ros/humble/lib/gazebo_ros/spawn_entity.py -entity right_robot -topic /right/robot_description -x 0.66 -y 0 -z 0 -timeout 5 -unpause --ros-args -r __node:=right'].
[INFO] [rviz2-3]: sending signal 'SIGKILL' to process[rviz2-3]
[ERROR] [move_group-8]: process has died [pid 1247, exit code -9, cmd '/ros2_ws/install/moveit_ros_move_group/lib/moveit_ros_move_group/move_group --ros-args --params-file /tmp/launch_params_x7t5pmun --params-file /tmp/launch_params_gxge368l --params-file /tmp/launch_params_t3dexivs --params-file /tmp/launch_params_wnn0vebs'].
[INFO] [gzserver-1]: sending signal 'SIGKILL' to process[gzserver-1]
[ERROR] [spawn_entity.py-5]: process has died [pid 1241, exit code -9, cmd '/opt/ros/humble/lib/gazebo_ros/spawn_entity.py -entity left_robot -topic /left/robot_description -x -0.66 -y 0 -z 0 -timeout 5 -unpause --ros-args -r __node:=left'].
[ERROR] [rviz2-3]: process has died [pid 1237, exit code -9, cmd '/opt/ros/humble/lib/rviz2/rviz2 -d /ros2_ws/install/ur/share/ur/rviz/rviz_config.rviz --ros-args -r __node:=rviz2 --params-file /tmp/launch_params_ytntfvcr --params-file /tmp/launch_params_g99oamp5'].
[ERROR] [gzserver-1]: process has died [pid 1233, exit code -9, cmd 'gzserver /ros2_ws/install/ur/share/ur/xacro/gazebo.world --physics False -slibgazebo_ros_init.so -slibgazebo_ros_factory.so -slibgazebo_ros_force_system.so'].
