[INFO] [launch]: All log files can be found below /root/.ros/log/2025-04-30-08-48-27-073486-outlander-Aspire-V3-571G-1842
[INFO] [launch]: Default logging verbosity is set to INFO
[INFO] [gzserver-1]: process started with pid [1845]
[INFO] [gzclient-2]: process started with pid [1847]
[INFO] [rviz2-3]: process started with pid [1849]
[INFO] [robot_state_publisher-4]: process started with pid [1851]
[INFO] [spawn_entity.py-5]: process started with pid [1853]
[INFO] [spawner-6]: process started with pid [1855]
[INFO] [spawner-7]: process started with pid [1857]
[INFO] [move_group-8]: process started with pid [1859]
[INFO] [static_transform_publisher-9]: process started with pid [1861]
[INFO] [robot_state_publisher-10]: process started with pid [1863]
[INFO] [spawn_entity.py-11]: process started with pid [1865]
[INFO] [spawner-12]: process started with pid [1867]
[INFO] [spawner-13]: process started with pid [1869]
[INFO] [move_group-14]: process started with pid [1871]
[INFO] [static_transform_publisher-15]: process started with pid [1873]
[static_transform_publisher-9] [WARN] [1746002911.226771525] []: Old-style arguments are deprecated; see --help for new-style arguments
[static_transform_publisher-15] [WARN] [1746002911.261527034] []: Old-style arguments are deprecated; see --help for new-style arguments
[static_transform_publisher-15] [INFO] [1746002911.346315205] [right.static_transform_publisher]: Spinning until stopped - publishing transform
[static_transform_publisher-15] translation: ('0.660000', '0.000000', '0.000000')
[static_transform_publisher-15] rotation: ('0.000000', '0.000000', '0.000000', '1.000000')
[static_transform_publisher-15] from 'world' to 'right_summit_odom'
[robot_state_publisher-4] [INFO] [1746002911.386940522] [left.robot_state_publisher]: got segment left_summit_back_left_wheel_link
[robot_state_publisher-4] [INFO] [1746002911.387273985] [left.robot_state_publisher]: got segment left_summit_back_right_wheel_link
[robot_state_publisher-4] [INFO] [1746002911.387303654] [left.robot_state_publisher]: got segment left_summit_base_chapa
[robot_state_publisher-4] [INFO] [1746002911.387323398] [left.robot_state_publisher]: got segment left_summit_base_docking_contact
[robot_state_publisher-4] [INFO] [1746002911.387341523] [left.robot_state_publisher]: got segment left_summit_base_footprint
[robot_state_publisher-4] [INFO] [1746002911.387359864] [left.robot_state_publisher]: got segment left_summit_base_link
[robot_state_publisher-4] [INFO] [1746002911.387377822] [left.robot_state_publisher]: got segment left_summit_base_logo_front
[robot_state_publisher-4] [INFO] [1746002911.387396049] [left.robot_state_publisher]: got segment left_summit_base_logo_left
[robot_state_publisher-4] [INFO] [1746002911.387414082] [left.robot_state_publisher]: got segment left_summit_base_logo_rear
[robot_state_publisher-4] [INFO] [1746002911.387431016] [left.robot_state_publisher]: got segment left_summit_base_logo_right
[robot_state_publisher-4] [INFO] [1746002911.387447969] [left.robot_state_publisher]: got segment left_summit_front_laser_base_link
[robot_state_publisher-4] [INFO] [1746002911.387465329] [left.robot_state_publisher]: got segment left_summit_front_laser_link
[robot_state_publisher-4] [INFO] [1746002911.387482619] [left.robot_state_publisher]: got segment left_summit_front_left_wheel_link
[robot_state_publisher-4] [INFO] [1746002911.387499656] [left.robot_state_publisher]: got segment left_summit_front_right_wheel_link
[robot_state_publisher-4] [INFO] [1746002911.387515684] [left.robot_state_publisher]: got segment left_summit_imu_link
[robot_state_publisher-4] [INFO] [1746002911.387532445] [left.robot_state_publisher]: got segment left_summit_rear_laser_base_link
[robot_state_publisher-4] [INFO] [1746002911.387548721] [left.robot_state_publisher]: got segment left_summit_rear_laser_link
[robot_state_publisher-4] [INFO] [1746002911.387565766] [left.robot_state_publisher]: got segment ur_left_base
[robot_state_publisher-4] [INFO] [1746002911.387582407] [left.robot_state_publisher]: got segment ur_left_base_link
[robot_state_publisher-4] [INFO] [1746002911.387600353] [left.robot_state_publisher]: got segment ur_left_base_link_inertia
[robot_state_publisher-4] [INFO] [1746002911.387618497] [left.robot_state_publisher]: got segment ur_left_finger_left
[robot_state_publisher-4] [INFO] [1746002911.387635913] [left.robot_state_publisher]: got segment ur_left_finger_right
[robot_state_publisher-4] [INFO] [1746002911.387651221] [left.robot_state_publisher]: got segment ur_left_finger_tip
[robot_state_publisher-4] [INFO] [1746002911.387668224] [left.robot_state_publisher]: got segment ur_left_flange
[robot_state_publisher-4] [INFO] [1746002911.387686220] [left.robot_state_publisher]: got segment ur_left_forearm_link
[robot_state_publisher-4] [INFO] [1746002911.387704996] [left.robot_state_publisher]: got segment ur_left_ft_frame
[robot_state_publisher-4] [INFO] [1746002911.387722614] [left.robot_state_publisher]: got segment ur_left_robotiq_hand
[robot_state_publisher-4] [INFO] [1746002911.387740346] [left.robot_state_publisher]: got segment ur_left_shoulder_link
[robot_state_publisher-4] [INFO] [1746002911.387758372] [left.robot_state_publisher]: got segment ur_left_tool0
[robot_state_publisher-4] [INFO] [1746002911.387776186] [left.robot_state_publisher]: got segment ur_left_upper_arm_link
[robot_state_publisher-4] [INFO] [1746002911.387794527] [left.robot_state_publisher]: got segment ur_left_wrist_1_link
[robot_state_publisher-4] [INFO] [1746002911.387812229] [left.robot_state_publisher]: got segment ur_left_wrist_2_link
[robot_state_publisher-4] [INFO] [1746002911.387830572] [left.robot_state_publisher]: got segment ur_left_wrist_3_link
[static_transform_publisher-9] [INFO] [1746002911.390721426] [left.static_transform_publisher]: Spinning until stopped - publishing transform
[static_transform_publisher-9] translation: ('-0.660000', '0.000000', '0.000000')
[static_transform_publisher-9] rotation: ('0.000000', '0.000000', '0.000000', '1.000000')
[static_transform_publisher-9] from 'world' to 'left_summit_odom'
[robot_state_publisher-10] [INFO] [1746002911.409473857] [right.robot_state_publisher]: got segment right_summit_back_left_wheel_link
[robot_state_publisher-10] [INFO] [1746002911.409672863] [right.robot_state_publisher]: got segment right_summit_back_right_wheel_link
[robot_state_publisher-10] [INFO] [1746002911.409698918] [right.robot_state_publisher]: got segment right_summit_base_chapa
[robot_state_publisher-10] [INFO] [1746002911.409718546] [right.robot_state_publisher]: got segment right_summit_base_docking_contact
[robot_state_publisher-10] [INFO] [1746002911.409737096] [right.robot_state_publisher]: got segment right_summit_base_footprint
[robot_state_publisher-10] [INFO] [1746002911.409755060] [right.robot_state_publisher]: got segment right_summit_base_link
[robot_state_publisher-10] [INFO] [1746002911.409773747] [right.robot_state_publisher]: got segment right_summit_base_logo_front
[robot_state_publisher-10] [INFO] [1746002911.409791411] [right.robot_state_publisher]: got segment right_summit_base_logo_left
[robot_state_publisher-10] [INFO] [1746002911.409809427] [right.robot_state_publisher]: got segment right_summit_base_logo_rear
[robot_state_publisher-10] [INFO] [1746002911.409826615] [right.robot_state_publisher]: got segment right_summit_base_logo_right
[robot_state_publisher-10] [INFO] [1746002911.409846251] [right.robot_state_publisher]: got segment right_summit_front_laser_base_link
[robot_state_publisher-10] [INFO] [1746002911.409864570] [right.robot_state_publisher]: got segment right_summit_front_laser_link
[robot_state_publisher-10] [INFO] [1746002911.409883046] [right.robot_state_publisher]: got segment right_summit_front_left_wheel_link
[robot_state_publisher-10] [INFO] [1746002911.409900696] [right.robot_state_publisher]: got segment right_summit_front_right_wheel_link
[robot_state_publisher-10] [INFO] [1746002911.409918490] [right.robot_state_publisher]: got segment right_summit_imu_link
[robot_state_publisher-10] [INFO] [1746002911.409937642] [right.robot_state_publisher]: got segment right_summit_rear_laser_base_link
[robot_state_publisher-10] [INFO] [1746002911.409957614] [right.robot_state_publisher]: got segment right_summit_rear_laser_link
[robot_state_publisher-10] [INFO] [1746002911.409976035] [right.robot_state_publisher]: got segment ur_right_base
[robot_state_publisher-10] [INFO] [1746002911.409994576] [right.robot_state_publisher]: got segment ur_right_base_link
[robot_state_publisher-10] [INFO] [1746002911.410012798] [right.robot_state_publisher]: got segment ur_right_base_link_inertia
[robot_state_publisher-10] [INFO] [1746002911.410030786] [right.robot_state_publisher]: got segment ur_right_finger_left
[robot_state_publisher-10] [INFO] [1746002911.410049511] [right.robot_state_publisher]: got segment ur_right_finger_right
[robot_state_publisher-10] [INFO] [1746002911.410066570] [right.robot_state_publisher]: got segment ur_right_finger_tip
[robot_state_publisher-10] [INFO] [1746002911.410084622] [right.robot_state_publisher]: got segment ur_right_flange
[robot_state_publisher-10] [INFO] [1746002911.410103117] [right.robot_state_publisher]: got segment ur_right_forearm_link
[robot_state_publisher-10] [INFO] [1746002911.410122505] [right.robot_state_publisher]: got segment ur_right_ft_frame
[robot_state_publisher-10] [INFO] [1746002911.410141070] [right.robot_state_publisher]: got segment ur_right_robotiq_hand
[robot_state_publisher-10] [INFO] [1746002911.410158665] [right.robot_state_publisher]: got segment ur_right_shoulder_link
[robot_state_publisher-10] [INFO] [1746002911.410177338] [right.robot_state_publisher]: got segment ur_right_tool0
[robot_state_publisher-10] [INFO] [1746002911.410196234] [right.robot_state_publisher]: got segment ur_right_upper_arm_link
[robot_state_publisher-10] [INFO] [1746002911.410215281] [right.robot_state_publisher]: got segment ur_right_wrist_1_link
[robot_state_publisher-10] [INFO] [1746002911.410232784] [right.robot_state_publisher]: got segment ur_right_wrist_2_link
[robot_state_publisher-10] [INFO] [1746002911.410248146] [right.robot_state_publisher]: got segment ur_right_wrist_3_link
[rviz2-3] QStandardPaths: XDG_RUNTIME_DIR not set, defaulting to '/tmp/runtime-root'
[move_group-8] [INFO] [1746002911.720334756] [moveit_rdf_loader.rdf_loader]: Loaded robot model in 0.0412457 seconds
[move_group-8] [INFO] [1746002911.723263779] [moveit_robot_model.robot_model]: Loading robot model 'dual'...
[move_group-8] [WARN] [1746002911.723477869] [moveit_robot_model.robot_model]: Link left_summit_base_footprint has visual geometry but no collision geometry. Collision geometry will be left empty. Fix your URDF file by explicitly specifying collision geometry.
[move_group-8] [WARN] [1746002911.777385398] [moveit_robot_model.robot_model]: Link left_summit_base_logo_front has visual geometry but no collision geometry. Collision geometry will be left empty. Fix your URDF file by explicitly specifying collision geometry.
[move_group-8] [WARN] [1746002911.777441941] [moveit_robot_model.robot_model]: Link left_summit_base_logo_left has visual geometry but no collision geometry. Collision geometry will be left empty. Fix your URDF file by explicitly specifying collision geometry.
[move_group-8] [WARN] [1746002911.777463445] [moveit_robot_model.robot_model]: Link left_summit_base_logo_rear has visual geometry but no collision geometry. Collision geometry will be left empty. Fix your URDF file by explicitly specifying collision geometry.
[move_group-8] [WARN] [1746002911.777482103] [moveit_robot_model.robot_model]: Link left_summit_base_logo_right has visual geometry but no collision geometry. Collision geometry will be left empty. Fix your URDF file by explicitly specifying collision geometry.
[move_group-8] [WARN] [1746002911.777500960] [moveit_robot_model.robot_model]: Link left_summit_base_chapa has visual geometry but no collision geometry. Collision geometry will be left empty. Fix your URDF file by explicitly specifying collision geometry.
[move_group-8] [WARN] [1746002911.806260241] [moveit_robot_model.robot_model]: Link left_summit_imu_link has visual geometry but no collision geometry. Collision geometry will be left empty. Fix your URDF file by explicitly specifying collision geometry.
[move_group-14] [INFO] [1746002911.864236770] [moveit_rdf_loader.rdf_loader]: Loaded robot model in 0.040684 seconds
[move_group-14] [INFO] [1746002911.864413549] [moveit_robot_model.robot_model]: Loading robot model 'dual'...
[move_group-14] [WARN] [1746002911.864520753] [moveit_robot_model.robot_model]: Link right_summit_base_footprint has visual geometry but no collision geometry. Collision geometry will be left empty. Fix your URDF file by explicitly specifying collision geometry.
[move_group-14] [WARN] [1746002911.873998794] [moveit_robot_model.robot_model]: Link right_summit_base_logo_front has visual geometry but no collision geometry. Collision geometry will be left empty. Fix your URDF file by explicitly specifying collision geometry.
[move_group-14] [WARN] [1746002911.874051411] [moveit_robot_model.robot_model]: Link right_summit_base_logo_left has visual geometry but no collision geometry. Collision geometry will be left empty. Fix your URDF file by explicitly specifying collision geometry.
[move_group-14] [WARN] [1746002911.874072412] [moveit_robot_model.robot_model]: Link right_summit_base_logo_rear has visual geometry but no collision geometry. Collision geometry will be left empty. Fix your URDF file by explicitly specifying collision geometry.
[move_group-14] [WARN] [1746002911.874092254] [moveit_robot_model.robot_model]: Link right_summit_base_logo_right has visual geometry but no collision geometry. Collision geometry will be left empty. Fix your URDF file by explicitly specifying collision geometry.
[move_group-14] [WARN] [1746002911.874111535] [moveit_robot_model.robot_model]: Link right_summit_base_chapa has visual geometry but no collision geometry. Collision geometry will be left empty. Fix your URDF file by explicitly specifying collision geometry.
[move_group-14] [WARN] [1746002911.891716423] [moveit_robot_model.robot_model]: Link right_summit_imu_link has visual geometry but no collision geometry. Collision geometry will be left empty. Fix your URDF file by explicitly specifying collision geometry.
[spawner-7] [INFO] [1746002912.106661179] [left.spawner_ur_left_joint_group_vel_controller]: waiting for service /left/controller_manager/list_controllers to become available...
[spawner-6] [INFO] [1746002912.135340630] [left.spawner_joint_state_broadcaster]: waiting for service /left/controller_manager/list_controllers to become available...
[spawner-13] [INFO] [1746002912.396917411] [right.spawner_ur_right_joint_group_vel_controller]: waiting for service /right/controller_manager/list_controllers to become available...
[spawner-12] [INFO] [1746002912.434285645] [right.spawner_joint_state_broadcaster]: waiting for service /right/controller_manager/list_controllers to become available...
[spawn_entity.py-5] [INFO] [1746002912.451927255] [left]: Spawn Entity started
[spawn_entity.py-5] [INFO] [1746002912.454629217] [left]: Loading entity published on topic /left/robot_description
[spawn_entity.py-5] /opt/ros/humble/local/lib/python3.10/dist-packages/rclpy/qos.py:307: UserWarning: DurabilityPolicy.RMW_QOS_POLICY_DURABILITY_TRANSIENT_LOCAL is deprecated. Use DurabilityPolicy.TRANSIENT_LOCAL instead.
[spawn_entity.py-5]   warnings.warn(
[spawn_entity.py-5] [INFO] [1746002912.471734498] [left]: Waiting for entity xml on /left/robot_description
[spawn_entity.py-5] [INFO] [1746002912.484817228] [left]: Waiting for service /spawn_entity, timeout = 5
[spawn_entity.py-5] [INFO] [1746002912.486446302] [left]: Waiting for service /spawn_entity
[spawn_entity.py-11] [INFO] [1746002912.511164497] [right]: Spawn Entity started
[spawn_entity.py-11] [INFO] [1746002912.512225135] [right]: Loading entity published on topic /right/robot_description
[spawn_entity.py-11] /opt/ros/humble/local/lib/python3.10/dist-packages/rclpy/qos.py:307: UserWarning: DurabilityPolicy.RMW_QOS_POLICY_DURABILITY_TRANSIENT_LOCAL is deprecated. Use DurabilityPolicy.TRANSIENT_LOCAL instead.
[spawn_entity.py-11]   warnings.warn(
[spawn_entity.py-11] [INFO] [1746002912.519813589] [right]: Waiting for entity xml on /right/robot_description
[spawn_entity.py-11] [INFO] [1746002912.534563796] [right]: Waiting for service /spawn_entity, timeout = 5
[spawn_entity.py-11] [INFO] [1746002912.536134921] [right]: Waiting for service /spawn_entity
[move_group-8] [INFO] [1746002912.926752086] [moveit_ros.planning_scene_monitor.planning_scene_monitor]: Publishing maintained planning scene on 'monitored_planning_scene'
[move_group-8] [INFO] [1746002912.927038279] [moveit.ros_planning_interface.moveit_cpp]: Listening to 'joint_states' for joint states
[move_group-8] [INFO] [1746002912.930326829] [moveit_ros.current_state_monitor]: Listening to joint states on topic 'joint_states'
[move_group-8] [INFO] [1746002912.932658124] [moveit_ros.planning_scene_monitor.planning_scene_monitor]: Listening to '/attached_collision_object' for attached collision objects
[move_group-8] [INFO] [1746002912.932692556] [moveit_ros.planning_scene_monitor.planning_scene_monitor]: Starting planning scene monitor
[move_group-8] [INFO] [1746002912.933742145] [moveit_ros.planning_scene_monitor.planning_scene_monitor]: Listening to '/planning_scene'
[move_group-8] [INFO] [1746002912.933766880] [moveit_ros.planning_scene_monitor.planning_scene_monitor]: Starting world geometry update monitor for collision objects, attached objects, octomap updates.
[move_group-8] [INFO] [1746002912.934733327] [moveit_ros.planning_scene_monitor.planning_scene_monitor]: Listening to 'collision_object'
[move_group-8] [INFO] [1746002912.935702847] [moveit_ros.planning_scene_monitor.planning_scene_monitor]: Listening to 'planning_scene_world' for planning scene world geometry
[move_group-8] [WARN] [1746002912.937327507] [moveit.ros.occupancy_map_monitor.middleware_handle]: Resolution not specified for Octomap. Assuming resolution = 0.1 instead
[move_group-8] [WARN] [1746002912.940994533] [moveit_ros.current_state_monitor]: Unable to update multi-DOF joint 'Vjoint_left':Failure to lookup transform between 'left_summit_odom'and 'left_summit_base_footprint' with TF exception: Could not find a connection between 'left_summit_odom' and 'left_summit_base_footprint' because they are not part of the same tree.Tf has two or more unconnected trees.
[rviz2-3] [INFO] [1746002912.956115845] [rviz2]: Stereo is NOT SUPPORTED
[rviz2-3] [INFO] [1746002912.956336021] [rviz2]: OpenGl version: 4.6 (GLSL 4.6)
[move_group-14] [INFO] [1746002912.987588062] [moveit_ros.planning_scene_monitor.planning_scene_monitor]: Publishing maintained planning scene on 'monitored_planning_scene'
[move_group-14] [INFO] [1746002912.987901216] [moveit.ros_planning_interface.moveit_cpp]: Listening to 'joint_states' for joint states
[move_group-14] [INFO] [1746002912.994421986] [moveit_ros.current_state_monitor]: Listening to joint states on topic 'joint_states'
[move_group-14] [INFO] [1746002912.996302553] [moveit_ros.planning_scene_monitor.planning_scene_monitor]: Listening to '/attached_collision_object' for attached collision objects
[move_group-14] [INFO] [1746002912.996363865] [moveit_ros.planning_scene_monitor.planning_scene_monitor]: Starting planning scene monitor
[move_group-14] [INFO] [1746002912.997821718] [moveit_ros.planning_scene_monitor.planning_scene_monitor]: Listening to '/planning_scene'
[move_group-14] [INFO] [1746002912.997862795] [moveit_ros.planning_scene_monitor.planning_scene_monitor]: Starting world geometry update monitor for collision objects, attached objects, octomap updates.
[move_group-14] [INFO] [1746002913.000445853] [moveit_ros.planning_scene_monitor.planning_scene_monitor]: Listening to 'collision_object'
[move_group-14] [INFO] [1746002913.002157370] [moveit_ros.planning_scene_monitor.planning_scene_monitor]: Listening to 'planning_scene_world' for planning scene world geometry
[move_group-14] [WARN] [1746002913.004054981] [moveit.ros.occupancy_map_monitor.middleware_handle]: Resolution not specified for Octomap. Assuming resolution = 0.1 instead
[move_group-14] [WARN] [1746002913.007042620] [moveit_ros.current_state_monitor]: Unable to update multi-DOF joint 'Vjoint_right':Failure to lookup transform between 'right_summit_odom'and 'right_summit_base_footprint' with TF exception: Could not find a connection between 'right_summit_odom' and 'right_summit_base_footprint' because they are not part of the same tree.Tf has two or more unconnected trees.
[rviz2-3] [INFO] [1746002913.049625018] [rviz2]: Stereo is NOT SUPPORTED
[move_group-8] [INFO] [1746002914.623424725] [moveit.ros_planning_interface.moveit_cpp]: Loading planning pipeline 'ompl'
[move_group-8] [INFO] [1746002914.660249118] [moveit.ros_planning.planning_pipeline]: Using planning interface 'OMPL'
[move_group-8] [INFO] [1746002914.669185965] [moveit_ros.add_time_optimal_parameterization]: Param 'ompl.path_tolerance' was not set. Using default value: 0.100000
[move_group-8] [INFO] [1746002914.669211890] [moveit_ros.add_time_optimal_parameterization]: Param 'ompl.resample_dt' was not set. Using default value: 0.100000
[move_group-8] [INFO] [1746002914.669261027] [moveit_ros.add_time_optimal_parameterization]: Param 'ompl.min_angle_change' was not set. Using default value: 0.001000
[move_group-8] [INFO] [1746002914.669322463] [moveit_ros.fix_workspace_bounds]: Param 'ompl.default_workspace_bounds' was not set. Using default value: 10.000000
[move_group-8] [INFO] [1746002914.669348466] [moveit_ros.fix_start_state_bounds]: Param 'ompl.start_state_max_bounds_error' was set to 0.100000
[move_group-8] [INFO] [1746002914.669358434] [moveit_ros.fix_start_state_bounds]: Param 'ompl.start_state_max_dt' was not set. Using default value: 0.500000
[move_group-8] [INFO] [1746002914.669376868] [moveit_ros.fix_start_state_collision]: Param 'ompl.start_state_max_dt' was not set. Using default value: 0.500000
[move_group-8] [INFO] [1746002914.669385762] [moveit_ros.fix_start_state_collision]: Param 'ompl.jiggle_fraction' was set to 0.050000
[move_group-8] [INFO] [1746002914.669404516] [moveit_ros.fix_start_state_collision]: Param 'ompl.max_sampling_attempts' was not set. Using default value: 100
[move_group-8] [INFO] [1746002914.669423197] [moveit.ros_planning.planning_pipeline]: Using planning request adapter 'Add Time Optimal Parameterization'
[move_group-8] [INFO] [1746002914.669432028] [moveit.ros_planning.planning_pipeline]: Using planning request adapter 'Resolve constraint frames to robot links'
[move_group-8] [INFO] [1746002914.669437783] [moveit.ros_planning.planning_pipeline]: Using planning request adapter 'Fix Workspace Bounds'
[move_group-8] [INFO] [1746002914.669443125] [moveit.ros_planning.planning_pipeline]: Using planning request adapter 'Fix Start State Bounds'
[move_group-8] [INFO] [1746002914.669448280] [moveit.ros_planning.planning_pipeline]: Using planning request adapter 'Fix Start State In Collision'
[move_group-8] [INFO] [1746002914.669453492] [moveit.ros_planning.planning_pipeline]: Using planning request adapter 'Fix Start State Path Constraints'
[move_group-8] [INFO] [1746002914.674083733] [moveit.ros_planning_interface.moveit_cpp]: Loading planning pipeline 'chomp'
[move_group-8] [INFO] [1746002914.685650495] [moveit.ros_planning.planning_pipeline]: Using planning interface 'CHOMP'
[move_group-8] [INFO] [1746002914.691178370] [moveit_ros.add_time_optimal_parameterization]: Param 'chomp.path_tolerance' was not set. Using default value: 0.100000
[move_group-8] [INFO] [1746002914.691202623] [moveit_ros.add_time_optimal_parameterization]: Param 'chomp.resample_dt' was not set. Using default value: 0.100000
[move_group-8] [INFO] [1746002914.691211516] [moveit_ros.add_time_optimal_parameterization]: Param 'chomp.min_angle_change' was not set. Using default value: 0.001000
[move_group-8] [INFO] [1746002914.691244939] [moveit_ros.fix_workspace_bounds]: Param 'chomp.default_workspace_bounds' was not set. Using default value: 10.000000
[move_group-8] [INFO] [1746002914.691269424] [moveit_ros.fix_start_state_bounds]: Param 'chomp.start_state_max_bounds_error' was set to 0.100000
[move_group-8] [INFO] [1746002914.691278981] [moveit_ros.fix_start_state_bounds]: Param 'chomp.start_state_max_dt' was not set. Using default value: 0.500000
[move_group-8] [INFO] [1746002914.691298795] [moveit_ros.fix_start_state_collision]: Param 'chomp.start_state_max_dt' was not set. Using default value: 0.500000
[move_group-8] [INFO] [1746002914.691307895] [moveit_ros.fix_start_state_collision]: Param 'chomp.jiggle_fraction' was set to 0.050000
[move_group-8] [INFO] [1746002914.691315907] [moveit_ros.fix_start_state_collision]: Param 'chomp.max_sampling_attempts' was not set. Using default value: 100
[move_group-8] [INFO] [1746002914.691332840] [moveit.ros_planning.planning_pipeline]: Using planning request adapter 'Add Time Optimal Parameterization'
[move_group-8] [INFO] [1746002914.691340264] [moveit.ros_planning.planning_pipeline]: Using planning request adapter 'Resolve constraint frames to robot links'
[move_group-8] [INFO] [1746002914.691345788] [moveit.ros_planning.planning_pipeline]: Using planning request adapter 'Fix Workspace Bounds'
[move_group-8] [INFO] [1746002914.691351138] [moveit.ros_planning.planning_pipeline]: Using planning request adapter 'Fix Start State Bounds'
[move_group-8] [INFO] [1746002914.691356558] [moveit.ros_planning.planning_pipeline]: Using planning request adapter 'Fix Start State In Collision'
[move_group-8] [INFO] [1746002914.691361847] [moveit.ros_planning.planning_pipeline]: Using planning request adapter 'Fix Start State Path Constraints'
[move_group-8] [INFO] [1746002914.693088156] [moveit.ros_planning_interface.moveit_cpp]: Loading planning pipeline 'pilz_industrial_motion_planner'
[move_group-8] [INFO] [1746002914.700457184] [moveit.pilz_industrial_motion_planner.joint_limits_aggregator]: Reading limits from namespace robot_description_planning
[move_group-8] [WARN] [1746002914.701994470] [moveit.pilz_industrial_motion_planner.joint_limits_aggregator]: Multi-DOF-Joint 'Vjoint_left' not supported.
[move_group-8] [WARN] [1746002914.702047901] [moveit.pilz_industrial_motion_planner.joint_limits_aggregator]: Multi-DOF-Joint 'Vjoint_left' not supported.
[move_group-8] [INFO] [1746002914.716379911] [moveit.pilz_industrial_motion_planner]: Available plugins: pilz_industrial_motion_planner/PlanningContextLoaderCIRC pilz_industrial_motion_planner/PlanningContextLoaderLIN pilz_industrial_motion_planner/PlanningContextLoaderPTP 
[move_group-8] [INFO] [1746002914.716421230] [moveit.pilz_industrial_motion_planner]: About to load: pilz_industrial_motion_planner/PlanningContextLoaderCIRC
[move_group-8] [INFO] [1746002914.719806755] [moveit.pilz_industrial_motion_planner]: Registered Algorithm [CIRC]
[move_group-8] [INFO] [1746002914.719846913] [moveit.pilz_industrial_motion_planner]: About to load: pilz_industrial_motion_planner/PlanningContextLoaderLIN
[move_group-8] [INFO] [1746002914.722092831] [moveit.pilz_industrial_motion_planner]: Registered Algorithm [LIN]
[move_group-8] [INFO] [1746002914.722128583] [moveit.pilz_industrial_motion_planner]: About to load: pilz_industrial_motion_planner/PlanningContextLoaderPTP
[move_group-8] [INFO] [1746002914.723966281] [moveit.pilz_industrial_motion_planner]: Registered Algorithm [PTP]
[move_group-8] [INFO] [1746002914.724017887] [moveit.ros_planning.planning_pipeline]: Using planning interface 'Pilz Industrial Motion Planner'
[move_group-8] [ERROR] [1746002914.817609966] [moveit.plugins.moveit_simple_controller_manager]: No controller_names specified.
[move_group-8] [INFO] [1746002914.817814816] [moveit.plugins.moveit_simple_controller_manager]: Returned 0 controllers in list
[move_group-8] [INFO] [1746002914.817831857] [moveit.plugins.moveit_simple_controller_manager]: Returned 0 controllers in list
[move_group-8] [INFO] [1746002914.820453633] [moveit_ros.trajectory_execution_manager]: Trajectory execution is managing controllers
[move_group-8] [INFO] [1746002914.820492713] [move_group.move_group]: MoveGroup debug mode is ON
[move_group-8] [ERROR] [1746002914.840896838] [move_group.move_group]: Exception while loading move_group capability 'move_group/ExecuteTaskSolutionCapability': According to the loaded plugin descriptions the class move_group/ExecuteTaskSolutionCapability with base class type move_group::MoveGroupCapability does not exist. Declared types are  move_group/ApplyPlanningSceneService move_group/ClearOctomapService move_group/MoveGroupCartesianPathService move_group/MoveGroupExecuteService move_group/MoveGroupExecuteTrajectoryAction move_group/MoveGroupGetPlanningSceneService move_group/MoveGroupKinematicsService move_group/MoveGroupMoveAction move_group/MoveGroupPlanService move_group/MoveGroupQueryPlannersService move_group/MoveGroupStateValidationService move_group/TfPublisher pilz_industrial_motion_planner/MoveGroupSequenceAction pilz_industrial_motion_planner/MoveGroupSequenceService
[move_group-8] [INFO] [1746002914.877851074] [move_group.move_group]: 
[move_group-8] 
[move_group-8] ********************************************************
[move_group-8] * MoveGroup using: 
[move_group-8] *     - ApplyPlanningSceneService
[move_group-8] *     - ClearOctomapService
[move_group-8] *     - CartesianPathService
[move_group-8] *     - ExecuteTrajectoryAction
[move_group-8] *     - GetPlanningSceneService
[move_group-8] *     - KinematicsService
[move_group-8] *     - MoveAction
[move_group-8] *     - MotionPlanService
[move_group-8] *     - QueryPlannersService
[move_group-8] *     - StateValidationService
[move_group-8] ********************************************************
[move_group-8] 
[move_group-8] [INFO] [1746002914.877934904] [moveit_move_group_capabilities_base.move_group_context]: MoveGroup context using planning plugin ompl_interface/OMPLPlanner
[move_group-8] [INFO] [1746002914.877955428] [moveit_move_group_capabilities_base.move_group_context]: MoveGroup context initialization complete
[move_group-8] [96mLoading 'move_group/ApplyPlanningSceneService'...
[move_group-8] [0m[96mLoading 'move_group/ClearOctomapService'...
[move_group-8] [0m[96mLoading 'move_group/ExecuteTaskSolutionCapability'...
[move_group-8] [0m[96mLoading 'move_group/MoveGroupCartesianPathService'...
[move_group-8] [0m[96mLoading 'move_group/MoveGroupExecuteTrajectoryAction'...
[move_group-8] [0m[96mLoading 'move_group/MoveGroupGetPlanningSceneService'...
[move_group-8] [0m[96mLoading 'move_group/MoveGroupKinematicsService'...
[move_group-8] [0m[96mLoading 'move_group/MoveGroupMoveAction'...
[move_group-8] [0m[96mLoading 'move_group/MoveGroupPlanService'...
[move_group-8] [0m[96mLoading 'move_group/MoveGroupQueryPlannersService'...
[move_group-8] [0m[96mLoading 'move_group/MoveGroupStateValidationService'...
[move_group-8] [0m[92m
[move_group-8] You can start planning now!
[move_group-8] 
[move_group-14] [INFO] [1746002914.903577765] [moveit.ros_planning_interface.moveit_cpp]: Loading planning pipeline 'ompl'
[move_group-14] [INFO] [1746002914.932585406] [moveit.ros_planning.planning_pipeline]: Using planning interface 'OMPL'
[move_group-14] [INFO] [1746002914.942273766] [moveit_ros.add_time_optimal_parameterization]: Param 'ompl.path_tolerance' was not set. Using default value: 0.100000
[move_group-14] [INFO] [1746002914.942306242] [moveit_ros.add_time_optimal_parameterization]: Param 'ompl.resample_dt' was not set. Using default value: 0.100000
[move_group-14] [INFO] [1746002914.942365157] [moveit_ros.add_time_optimal_parameterization]: Param 'ompl.min_angle_change' was not set. Using default value: 0.001000
[move_group-14] [INFO] [1746002914.942421991] [moveit_ros.fix_workspace_bounds]: Param 'ompl.default_workspace_bounds' was not set. Using default value: 10.000000
[move_group-14] [INFO] [1746002914.942447852] [moveit_ros.fix_start_state_bounds]: Param 'ompl.start_state_max_bounds_error' was set to 0.100000
[move_group-14] [INFO] [1746002914.942456841] [moveit_ros.fix_start_state_bounds]: Param 'ompl.start_state_max_dt' was not set. Using default value: 0.500000
[move_group-14] [INFO] [1746002914.942475241] [moveit_ros.fix_start_state_collision]: Param 'ompl.start_state_max_dt' was not set. Using default value: 0.500000
[move_group-14] [INFO] [1746002914.942484748] [moveit_ros.fix_start_state_collision]: Param 'ompl.jiggle_fraction' was set to 0.050000
[move_group-14] [INFO] [1746002914.942504266] [moveit_ros.fix_start_state_collision]: Param 'ompl.max_sampling_attempts' was not set. Using default value: 100
[move_group-14] [INFO] [1746002914.942522976] [moveit.ros_planning.planning_pipeline]: Using planning request adapter 'Add Time Optimal Parameterization'
[move_group-14] [INFO] [1746002914.942532691] [moveit.ros_planning.planning_pipeline]: Using planning request adapter 'Resolve constraint frames to robot links'
[move_group-14] [INFO] [1746002914.942538548] [moveit.ros_planning.planning_pipeline]: Using planning request adapter 'Fix Workspace Bounds'
[move_group-14] [INFO] [1746002914.942543962] [moveit.ros_planning.planning_pipeline]: Using planning request adapter 'Fix Start State Bounds'
[move_group-14] [INFO] [1746002914.942549167] [moveit.ros_planning.planning_pipeline]: Using planning request adapter 'Fix Start State In Collision'
[move_group-14] [INFO] [1746002914.942554393] [moveit.ros_planning.planning_pipeline]: Using planning request adapter 'Fix Start State Path Constraints'
[move_group-14] [INFO] [1746002914.948206119] [moveit.ros_planning_interface.moveit_cpp]: Loading planning pipeline 'chomp'
[move_group-14] [INFO] [1746002914.959006218] [moveit.ros_planning.planning_pipeline]: Using planning interface 'CHOMP'
[move_group-14] [INFO] [1746002914.966081789] [moveit_ros.add_time_optimal_parameterization]: Param 'chomp.path_tolerance' was not set. Using default value: 0.100000
[move_group-14] [INFO] [1746002914.966124847] [moveit_ros.add_time_optimal_parameterization]: Param 'chomp.resample_dt' was not set. Using default value: 0.100000
[move_group-14] [INFO] [1746002914.966139010] [moveit_ros.add_time_optimal_parameterization]: Param 'chomp.min_angle_change' was not set. Using default value: 0.001000
[move_group-14] [INFO] [1746002914.966194364] [moveit_ros.fix_workspace_bounds]: Param 'chomp.default_workspace_bounds' was not set. Using default value: 10.000000
[move_group-14] [INFO] [1746002914.966233054] [moveit_ros.fix_start_state_bounds]: Param 'chomp.start_state_max_bounds_error' was set to 0.100000
[move_group-14] [INFO] [1746002914.966248349] [moveit_ros.fix_start_state_bounds]: Param 'chomp.start_state_max_dt' was not set. Using default value: 0.500000
[move_group-14] [INFO] [1746002914.966280146] [moveit_ros.fix_start_state_collision]: Param 'chomp.start_state_max_dt' was not set. Using default value: 0.500000
[move_group-14] [INFO] [1746002914.966293446] [moveit_ros.fix_start_state_collision]: Param 'chomp.jiggle_fraction' was set to 0.050000
[move_group-14] [INFO] [1746002914.966304795] [moveit_ros.fix_start_state_collision]: Param 'chomp.max_sampling_attempts' was not set. Using default value: 100
[move_group-14] [INFO] [1746002914.966334711] [moveit.ros_planning.planning_pipeline]: Using planning request adapter 'Add Time Optimal Parameterization'
[move_group-14] [INFO] [1746002914.966348249] [moveit.ros_planning.planning_pipeline]: Using planning request adapter 'Resolve constraint frames to robot links'
[move_group-14] [INFO] [1746002914.966357360] [moveit.ros_planning.planning_pipeline]: Using planning request adapter 'Fix Workspace Bounds'
[move_group-14] [INFO] [1746002914.966366333] [moveit.ros_planning.planning_pipeline]: Using planning request adapter 'Fix Start State Bounds'
[move_group-14] [INFO] [1746002914.966375357] [moveit.ros_planning.planning_pipeline]: Using planning request adapter 'Fix Start State In Collision'
[move_group-14] [INFO] [1746002914.966384736] [moveit.ros_planning.planning_pipeline]: Using planning request adapter 'Fix Start State Path Constraints'
[move_group-14] [INFO] [1746002914.969836098] [moveit.ros_planning_interface.moveit_cpp]: Loading planning pipeline 'pilz_industrial_motion_planner'
[move_group-14] [INFO] [1746002914.981450102] [moveit.pilz_industrial_motion_planner.joint_limits_aggregator]: Reading limits from namespace robot_description_planning
[move_group-14] [WARN] [1746002914.986467713] [moveit.pilz_industrial_motion_planner.joint_limits_aggregator]: Multi-DOF-Joint 'Vjoint_right' not supported.
[move_group-14] [WARN] [1746002914.986532074] [moveit.pilz_industrial_motion_planner.joint_limits_aggregator]: Multi-DOF-Joint 'Vjoint_right' not supported.
[move_group-14] [INFO] [1746002915.012331712] [moveit.pilz_industrial_motion_planner]: Available plugins: pilz_industrial_motion_planner/PlanningContextLoaderCIRC pilz_industrial_motion_planner/PlanningContextLoaderLIN pilz_industrial_motion_planner/PlanningContextLoaderPTP 
[move_group-14] [INFO] [1746002915.012368935] [moveit.pilz_industrial_motion_planner]: About to load: pilz_industrial_motion_planner/PlanningContextLoaderCIRC
[move_group-14] [INFO] [1746002915.015733854] [moveit.pilz_industrial_motion_planner]: Registered Algorithm [CIRC]
[move_group-14] [INFO] [1746002915.015768079] [moveit.pilz_industrial_motion_planner]: About to load: pilz_industrial_motion_planner/PlanningContextLoaderLIN
[move_group-14] [INFO] [1746002915.017853071] [moveit.pilz_industrial_motion_planner]: Registered Algorithm [LIN]
[move_group-14] [INFO] [1746002915.017884332] [moveit.pilz_industrial_motion_planner]: About to load: pilz_industrial_motion_planner/PlanningContextLoaderPTP
[move_group-14] [INFO] [1746002915.019904433] [moveit.pilz_industrial_motion_planner]: Registered Algorithm [PTP]
[move_group-14] [INFO] [1746002915.019967556] [moveit.ros_planning.planning_pipeline]: Using planning interface 'Pilz Industrial Motion Planner'
[move_group-14] [ERROR] [1746002915.146835609] [moveit.plugins.moveit_simple_controller_manager]: No controller_names specified.
[move_group-14] [INFO] [1746002915.147014940] [moveit.plugins.moveit_simple_controller_manager]: Returned 0 controllers in list
[move_group-14] [INFO] [1746002915.147037086] [moveit.plugins.moveit_simple_controller_manager]: Returned 0 controllers in list
[move_group-14] [INFO] [1746002915.148361326] [moveit_ros.trajectory_execution_manager]: Trajectory execution is managing controllers
[move_group-14] [INFO] [1746002915.148403387] [move_group.move_group]: MoveGroup debug mode is ON
[move_group-14] [ERROR] [1746002915.181804254] [move_group.move_group]: Exception while loading move_group capability 'move_group/ExecuteTaskSolutionCapability': According to the loaded plugin descriptions the class move_group/ExecuteTaskSolutionCapability with base class type move_group::MoveGroupCapability does not exist. Declared types are  move_group/ApplyPlanningSceneService move_group/ClearOctomapService move_group/MoveGroupCartesianPathService move_group/MoveGroupExecuteService move_group/MoveGroupExecuteTrajectoryAction move_group/MoveGroupGetPlanningSceneService move_group/MoveGroupKinematicsService move_group/MoveGroupMoveAction move_group/MoveGroupPlanService move_group/MoveGroupQueryPlannersService move_group/MoveGroupStateValidationService move_group/TfPublisher pilz_industrial_motion_planner/MoveGroupSequenceAction pilz_industrial_motion_planner/MoveGroupSequenceService
[move_group-14] [INFO] [1746002915.212575585] [move_group.move_group]: 
[move_group-14] 
[move_group-14] ********************************************************
[move_group-14] * MoveGroup using: 
[move_group-14] *     - ApplyPlanningSceneService
[move_group-14] *     - ClearOctomapService
[move_group-14] *     - CartesianPathService
[move_group-14] *     - ExecuteTrajectoryAction
[move_group-14] *     - GetPlanningSceneService
[move_group-14] *     - KinematicsService
[move_group-14] *     - MoveAction
[move_group-14] *     - MotionPlanService
[move_group-14] *     - QueryPlannersService
[move_group-14] *     - StateValidationService
[move_group-14] ********************************************************
[move_group-14] 
[move_group-14] [INFO] [1746002915.212639984] [moveit_move_group_capabilities_base.move_group_context]: MoveGroup context using planning plugin ompl_interface/OMPLPlanner
[move_group-14] [INFO] [1746002915.212652620] [moveit_move_group_capabilities_base.move_group_context]: MoveGroup context initialization complete
[move_group-14] [96mLoading 'move_group/ApplyPlanningSceneService'...
[move_group-14] [0m[96mLoading 'move_group/ClearOctomapService'...
[move_group-14] [0m[96mLoading 'move_group/ExecuteTaskSolutionCapability'...
[move_group-14] [0m[96mLoading 'move_group/MoveGroupCartesianPathService'...
[move_group-14] [0m[96mLoading 'move_group/MoveGroupExecuteTrajectoryAction'...
[move_group-14] [0m[96mLoading 'move_group/MoveGroupGetPlanningSceneService'...
[move_group-14] [0m[96mLoading 'move_group/MoveGroupKinematicsService'...
[move_group-14] [0m[96mLoading 'move_group/MoveGroupMoveAction'...
[move_group-14] [0m[96mLoading 'move_group/MoveGroupPlanService'...
[move_group-14] [0m[96mLoading 'move_group/MoveGroupQueryPlannersService'...
[move_group-14] [0m[96mLoading 'move_group/MoveGroupStateValidationService'...
[move_group-14] [0m[92m
[move_group-14] You can start planning now!
[move_group-14] 
[gzserver-1] [WARN] [1746002915.538521447] [rcl]: Found remap rule 'model_states:=model_states'. This syntax is deprecated. Use '--ros-args --remap model_states:=model_states' instead.
[gzserver-1] [WARN] [1746002915.538827368] [rcl]: Found remap rule 'link_states:=link_states'. This syntax is deprecated. Use '--ros-args --remap link_states:=link_states' instead.
[gzserver-1] [INFO] [1746002915.559387147] [state.gazebo_ros_state]: Publishing states of gazebo models at [/state/model_states]
[gzserver-1] [INFO] [1746002915.560685735] [state.gazebo_ros_state]: Publishing states of gazebo links at [/state/link_states]
[spawn_entity.py-5] [INFO] [1746002915.755959984] [left]: Calling service /spawn_entity
[spawn_entity.py-11] [INFO] [1746002915.804717209] [right]: Calling service /spawn_entity
[gzserver-1] [INFO] [1746002916.693566394] [left_summit_imu_imu_plugin]: <initial_orientation_as_reference> is unset, using default value of false to comply with REP 145 (world as orientation reference)
[spawn_entity.py-5] [INFO] [1746002917.016926654] [left]: Spawn status: SpawnEntity: Successfully spawned entity [left_robot]
[spawn_entity.py-5] [INFO] [1746002917.025237764] [left]: Calling service /unpause_physics
[INFO] [spawn_entity.py-5]: process has finished cleanly [pid 1853]
[gzserver-1] [INFO] [1746002917.297126440] [left_summit.omni_steering]: Subscribed to [/left_summit/cmd_vel]
[gzserver-1] [INFO] [1746002917.302890007] [left_summit.omni_steering]: Advertise odometry on [/left_summit/odom]
[gzserver-1] [INFO] [1746002917.310462718] [left_summit.omni_steering]: Publishing odom transforms between [left_summit_odom] and [left_summit_base_footprint]
[gzserver-1] [INFO] [1746002917.369881584] [gazebo_ros2_control]: Loading gazebo_ros2_control plugin
[gzserver-1] [INFO] [1746002917.385811290] [left.left_gazebo_ros2_control]: Starting gazebo_ros2_control plugin in namespace: /left
[gzserver-1] [INFO] [1746002917.385903033] [left.left_gazebo_ros2_control]: Starting gazebo_ros2_control plugin in ros 2 node: left_gazebo_ros2_control
[gzserver-1] [INFO] [1746002917.402222515] [left.left_gazebo_ros2_control]: connected to service!! robot_state_publisher
[gzserver-1] [INFO] [1746002917.412640542] [left.left_gazebo_ros2_control]: Received urdf from param server, parsing...
[gzserver-1] [INFO] [1746002917.414077456] [left.left_gazebo_ros2_control]: Loading parameter files /ros2_ws/install/ur/share/ur/config/left_controller.yaml
[gzserver-1] [INFO] [1746002917.429958817] [resource_manager]: Loading hardware 'left_ur' 
[gzserver-1] [ERROR] [1746002917.430177432] [left.left_gazebo_ros2_control]: Error initializing URDF to resource manager!
[gzserver-1] [INFO] [1746002917.471870041] [left.left_gazebo_ros2_control]: Loading joint: ur_left_shoulder_pan_joint
[gzserver-1] [INFO] [1746002917.472281812] [left.left_gazebo_ros2_control]: 	State:
[gzserver-1] [INFO] [1746002917.472388620] [left.left_gazebo_ros2_control]: 		 position
[gzserver-1] [INFO] [1746002917.473341600] [left.left_gazebo_ros2_control]: 			 found initial value: -1.400000
[gzserver-1] [INFO] [1746002917.473403909] [left.left_gazebo_ros2_control]: 		 velocity
[gzserver-1] [INFO] [1746002917.473727989] [left.left_gazebo_ros2_control]: 		 effort
[gzserver-1] [INFO] [1746002917.473899244] [left.left_gazebo_ros2_control]: 	Command:
[gzserver-1] [INFO] [1746002917.473928781] [left.left_gazebo_ros2_control]: 		 position
[gzserver-1] [INFO] [1746002917.475333055] [left.left_gazebo_ros2_control]: 		 velocity
[gzserver-1] [INFO] [1746002917.476050916] [left.left_gazebo_ros2_control]: Loading joint: ur_left_shoulder_lift_joint
[gzserver-1] [INFO] [1746002917.476104970] [left.left_gazebo_ros2_control]: 	State:
[gzserver-1] [INFO] [1746002917.476131658] [left.left_gazebo_ros2_control]: 		 position
[gzserver-1] [INFO] [1746002917.476161194] [left.left_gazebo_ros2_control]: 			 found initial value: -1.227838
[gzserver-1] [INFO] [1746002917.476193547] [left.left_gazebo_ros2_control]: 		 velocity
[gzserver-1] [INFO] [1746002917.476229034] [left.left_gazebo_ros2_control]: 		 effort
[gzserver-1] [INFO] [1746002917.476256874] [left.left_gazebo_ros2_control]: 	Command:
[gzserver-1] [INFO] [1746002917.476281289] [left.left_gazebo_ros2_control]: 		 position
[gzserver-1] [INFO] [1746002917.476356673] [left.left_gazebo_ros2_control]: 		 velocity
[gzserver-1] [INFO] [1746002917.476401838] [left.left_gazebo_ros2_control]: Loading joint: ur_left_elbow_joint
[gzserver-1] [INFO] [1746002917.476430194] [left.left_gazebo_ros2_control]: 	State:
[gzserver-1] [INFO] [1746002917.476455224] [left.left_gazebo_ros2_control]: 		 position
[gzserver-1] [INFO] [1746002917.476480727] [left.left_gazebo_ros2_control]: 			 found initial value: -1.791046
[gzserver-1] [INFO] [1746002917.476510205] [left.left_gazebo_ros2_control]: 		 velocity
[gzserver-1] [INFO] [1746002917.476535877] [left.left_gazebo_ros2_control]: 		 effort
[gzserver-1] [INFO] [1746002917.476651482] [left.left_gazebo_ros2_control]: 	Command:
[gzserver-1] [INFO] [1746002917.476679551] [left.left_gazebo_ros2_control]: 		 position
[gzserver-1] [INFO] [1746002917.476736935] [left.left_gazebo_ros2_control]: 		 velocity
[gzserver-1] [INFO] [1746002917.476834051] [left.left_gazebo_ros2_control]: Loading joint: ur_left_wrist_1_joint
[gzserver-1] [INFO] [1746002917.476866418] [left.left_gazebo_ros2_control]: 	State:
[gzserver-1] [INFO] [1746002917.476890572] [left.left_gazebo_ros2_control]: 		 position
[gzserver-1] [INFO] [1746002917.476915973] [left.left_gazebo_ros2_control]: 			 found initial value: -1.447073
[gzserver-1] [INFO] [1746002917.476944905] [left.left_gazebo_ros2_control]: 		 velocity
[gzserver-1] [INFO] [1746002917.476971270] [left.left_gazebo_ros2_control]: 		 effort
[gzserver-1] [INFO] [1746002917.476996809] [left.left_gazebo_ros2_control]: 	Command:
[gzserver-1] [INFO] [1746002917.477020346] [left.left_gazebo_ros2_control]: 		 position
[gzserver-1] [INFO] [1746002917.477066927] [left.left_gazebo_ros2_control]: 		 velocity
[gzserver-1] [INFO] [1746002917.477113856] [left.left_gazebo_ros2_control]: Loading joint: ur_left_wrist_2_joint
[gzserver-1] [INFO] [1746002917.477143035] [left.left_gazebo_ros2_control]: 	State:
[gzserver-1] [INFO] [1746002917.477166936] [left.left_gazebo_ros2_control]: 		 position
[gzserver-1] [INFO] [1746002917.477191749] [left.left_gazebo_ros2_control]: 			 found initial value: 1.900333
[gzserver-1] [INFO] [1746002917.477218457] [left.left_gazebo_ros2_control]: 		 velocity
[gzserver-1] [INFO] [1746002917.477244078] [left.left_gazebo_ros2_control]: 		 effort
[gzserver-1] [INFO] [1746002917.477268190] [left.left_gazebo_ros2_control]: 	Command:
[gzserver-1] [INFO] [1746002917.477306324] [left.left_gazebo_ros2_control]: 		 position
[gzserver-1] [INFO] [1746002917.477368777] [left.left_gazebo_ros2_control]: 		 velocity
[gzserver-1] [INFO] [1746002917.477407049] [left.left_gazebo_ros2_control]: Loading joint: ur_left_wrist_3_joint
[gzserver-1] [INFO] [1746002917.477433796] [left.left_gazebo_ros2_control]: 	State:
[gzserver-1] [INFO] [1746002917.477455321] [left.left_gazebo_ros2_control]: 		 position
[gzserver-1] [INFO] [1746002917.477478443] [left.left_gazebo_ros2_control]: 			 found initial value: -0.755379
[gzserver-1] [INFO] [1746002917.477507915] [left.left_gazebo_ros2_control]: 		 velocity
[gzserver-1] [INFO] [1746002917.477542165] [left.left_gazebo_ros2_control]: 		 effort
[gzserver-1] [INFO] [1746002917.477566556] [left.left_gazebo_ros2_control]: 	Command:
[gzserver-1] [INFO] [1746002917.477587244] [left.left_gazebo_ros2_control]: 		 position
[gzserver-1] [INFO] [1746002917.477624563] [left.left_gazebo_ros2_control]: 		 velocity
[gzserver-1] [INFO] [1746002917.478436906] [resource_manager]: Initialize hardware 'left_ur' 
[gzserver-1] [INFO] [1746002917.481353599] [resource_manager]: Successful initialization of hardware 'left_ur'
[gzserver-1] [INFO] [1746002917.482007072] [resource_manager]: 'configure' hardware 'left_ur' 
[gzserver-1] [INFO] [1746002917.482032325] [resource_manager]: Successful 'configure' of hardware 'left_ur'
[gzserver-1] [INFO] [1746002917.482058846] [resource_manager]: 'activate' hardware 'left_ur' 
[gzserver-1] [INFO] [1746002917.482075143] [resource_manager]: Successful 'activate' of hardware 'left_ur'
[gzserver-1] [INFO] [1746002917.483218932] [left.left_gazebo_ros2_control]: Loading controller_manager
[gzserver-1] [WARN] [1746002917.553211810] [left.left_gazebo_ros2_control]:  Desired controller update period (0.002 s) is slower than the gazebo simulation period (0.001 s).
[gzserver-1] [INFO] [1746002917.557747022] [left.left_gazebo_ros2_control]: Loaded gazebo_ros2_control.
[move_group-8] [WARN] [1746002917.610502173] [moveit_ros.planning_scene_monitor.planning_scene_monitor]: The complete state of the robot is not yet known.  Missing left_summit_back_left_wheel_joint, left_summit_back_right_wheel_joint, left_summit_front_left_wheel_joint, left_summit_front_right_wheel_joint, ur_left_shoulder_pan_joint, ur_left_shoulder_lift_joint, ur_left_elbow_joint, ur_left_wrist_1_joint, ur_left_wrist_2_joint, ur_left_wrist_3_joint
[gzserver-1] [INFO] [1746002917.626377381] [left.controller_manager]: Loading controller 'ur_left_joint_group_vel_controller'
[spawner-7] [INFO] [1746002917.686822477] [left.spawner_ur_left_joint_group_vel_controller]: [94mLoaded [1mur_left_joint_group_vel_controller[0m
[gzserver-1] [INFO] [1746002917.688554861] [left.controller_manager]: Loading controller 'joint_state_broadcaster'
[gzserver-1] [INFO] [1746002917.719825304] [left.controller_manager]: Configuring controller 'ur_left_joint_group_vel_controller'
[spawner-6] [INFO] [1746002917.721666375] [left.spawner_joint_state_broadcaster]: [94mLoaded [1mjoint_state_broadcaster[0m
[gzserver-1] [INFO] [1746002917.723464826] [left.ur_left_joint_group_vel_controller]: configure successful
[gzserver-1] [INFO] [1746002917.727575390] [left.controller_manager]: Configuring controller 'joint_state_broadcaster'
[gzserver-1] [INFO] [1746002917.727775273] [left.joint_state_broadcaster]: 'joints' or 'interfaces' parameter is empty. All available state interfaces will be published
[gzserver-1] [INFO] [1746002917.748731044] [left.ur_left_joint_group_vel_controller]: activate successful
[spawner-7] [INFO] [1746002917.755008030] [left.spawner_ur_left_joint_group_vel_controller]: [92mConfigured and activated [1mur_left_joint_group_vel_controller[0m
[INFO] [spawner-7]: process has finished cleanly [pid 1857]
[gzserver-1] [INFO] [1746002918.324788054] [right_summit_imu_imu_plugin]: <initial_orientation_as_reference> is unset, using default value of false to comply with REP 145 (world as orientation reference)
[spawn_entity.py-11] [INFO] [1746002918.669627978] [right]: Spawn status: SpawnEntity: Successfully spawned entity [right_robot]
[spawn_entity.py-11] [INFO] [1746002918.677931389] [right]: Calling service /unpause_physics
[INFO] [spawn_entity.py-11]: process has finished cleanly [pid 1865]
[ERROR] [gzserver-1]: process has died [pid 1845, exit code -11, cmd 'gzserver /ros2_ws/install/ur/share/ur/xacro/gazebo.world --physics False -slibgazebo_ros_init.so -slibgazebo_ros_factory.so -slibgazebo_ros_force_system.so'].
[spawner-13] [WARN] [1746002922.416921204] [right.spawner_ur_right_joint_group_vel_controller]: Could not contact service /right/controller_manager/list_controllers
[spawner-13] [INFO] [1746002922.418148231] [right.spawner_ur_right_joint_group_vel_controller]: waiting for service /right/controller_manager/list_controllers to become available...
[spawner-12] [WARN] [1746002922.456625455] [right.spawner_joint_state_broadcaster]: Could not contact service /right/controller_manager/list_controllers
[spawner-12] [INFO] [1746002922.457412455] [right.spawner_joint_state_broadcaster]: waiting for service /right/controller_manager/list_controllers to become available...
[INFO] [gzclient-2]: process has finished cleanly [pid 1847]
[INFO] [rviz2-3]: process has finished cleanly [pid 1849]
[spawner-6] [WARN] [1746002927.752242756] [left.spawner_joint_state_broadcaster]: Failed getting a result from calling /left/controller_manager/switch_controller in 10.0. (Attempt 1 of 3.)
[WARNING] [launch]: user interrupted with ctrl-c (SIGINT)
[static_transform_publisher-9] [INFO] [1746002930.289324568] [rclcpp]: signal_handler(signum=2)
[move_group-14] [INFO] [1746002930.289317294] [rclcpp]: signal_handler(signum=2)
[static_transform_publisher-15] [INFO] [1746002930.289331614] [rclcpp]: signal_handler(signum=2)
[robot_state_publisher-10] [INFO] [1746002930.289333906] [rclcpp]: signal_handler(signum=2)
[move_group-8] [INFO] [1746002930.289452889] [rclcpp]: signal_handler(signum=2)
[robot_state_publisher-4] [INFO] [1746002930.289457142] [rclcpp]: signal_handler(signum=2)
[move_group-8] [INFO] [1746002930.362795823] [moveit.ros_planning_interface.moveit_cpp]: Deleting MoveItCpp
[move_group-14] [INFO] [1746002930.362949630] [moveit.ros_planning_interface.moveit_cpp]: Deleting MoveItCpp
[move_group-8] [INFO] [1746002930.364849840] [moveit_ros.planning_scene_monitor.planning_scene_monitor]: Stopped publishing maintained planning scene.
[move_group-14] [INFO] [1746002930.365174303] [moveit_ros.planning_scene_monitor.planning_scene_monitor]: Stopped publishing maintained planning scene.
[move_group-8] [INFO] [1746002930.373068266] [moveit_ros.planning_scene_monitor.planning_scene_monitor]: Stopping world geometry monitor
[move_group-14] [INFO] [1746002930.373457736] [moveit_ros.planning_scene_monitor.planning_scene_monitor]: Stopping world geometry monitor
[move_group-14] [INFO] [1746002930.379217654] [moveit_ros.planning_scene_monitor.planning_scene_monitor]: Stopping planning scene monitor
[move_group-8] [INFO] [1746002930.380366665] [moveit_ros.planning_scene_monitor.planning_scene_monitor]: Stopping planning scene monitor
[move_group-14] Warning: class_loader.ClassLoader: SEVERE WARNING!!! Attempting to unload library while objects created by this loader exist in the heap! You should delete your objects before attempting to unload the library or destroying the ClassLoader. The library will NOT be unloaded.
[move_group-14]          at line 127 in ./src/class_loader.cpp
[move_group-8] Warning: class_loader.ClassLoader: SEVERE WARNING!!! Attempting to unload library while objects created by this loader exist in the heap! You should delete your objects before attempting to unload the library or destroying the ClassLoader. The library will NOT be unloaded.
[move_group-8]          at line 127 in ./src/class_loader.cpp
[INFO] [static_transform_publisher-15]: process has finished cleanly [pid 1873]
[INFO] [static_transform_publisher-9]: process has finished cleanly [pid 1861]
[INFO] [robot_state_publisher-4]: process has finished cleanly [pid 1851]
[INFO] [robot_state_publisher-10]: process has finished cleanly [pid 1863]
[move_group-14] Stack trace (most recent call last):
[move_group-8] Stack trace (most recent call last):
[move_group-8] #11   Object "", at 0xffffffffffffffff, in 
[move_group-14] #11   Object "", at 0xffffffffffffffff, in 
[move_group-14] #10   Object "/ros2_ws/build/moveit_ros_move_group/move_group", at 0x557de1dceeb4, in _start
[move_group-8] #10   Object "/ros2_ws/build/moveit_ros_move_group/move_group", at 0x558b1f956eb4, in _start
[move_group-8] #9    Object "/usr/lib/x86_64-linux-gnu/libc.so.6", at 0x7fd051b73e3f, in __libc_start_main
[move_group-8] #8    Object "/usr/lib/x86_64-linux-gnu/libc.so.6", at 0x7fd051b73d8f, in 
[move_group-8] #7    Object "/ros2_ws/build/moveit_ros_move_group/move_group", at 0x558b1f956483, in main
[move_group-14] #9    Object "/usr/lib/x86_64-linux-gnu/libc.so.6", at 0x7f862cb73e3f, in __libc_start_main
[move_group-8] #6    Object "/ros2_ws/build/moveit_ros_move_group/move_group", at 0x558b1f95d9c1, in std::_Sp_counted_base<(__gnu_cxx::_Lock_policy)2>::_M_release()
[move_group-14] #8    Object "/usr/lib/x86_64-linux-gnu/libc.so.6", at 0x7f862cb73d8f, in 
[move_group-14] #7    Object "/ros2_ws/build/moveit_ros_move_group/move_group", at 0x557de1dce483, in main
[move_group-14] #6    Object "/ros2_ws/build/moveit_ros_move_group/move_group", at 0x557de1dd59c1, in std::_Sp_counted_base<(__gnu_cxx::_Lock_policy)2>::_M_release()
[move_group-8] #5    Object "/opt/ros/humble/lib/librclcpp.so", at 0x7fd05210384e, in rclcpp::Node::~Node()
[move_group-8] #4    Object "/opt/ros/humble/lib/librclcpp.so", at 0x7fd0520dec69, in 
[move_group-14] #5    Object "/opt/ros/humble/lib/librclcpp.so", at 0x7f862d10384e, in rclcpp::Node::~Node()
[move_group-14] #4    Object "/opt/ros/humble/lib/librclcpp.so", at 0x7f862d0dec69, in 
[move_group-14] #3    Object "/opt/ros/humble/lib/librclcpp.so", at 0x7f862d10cef9, in 
[move_group-8] #3    Object "/opt/ros/humble/lib/librclcpp.so", at 0x7fd05210cef9, in 
[move_group-8] #2    Object "/opt/ros/humble/lib/librclcpp.so", at 0x7fd05210ce40, in rclcpp::node_interfaces::NodeBase::~NodeBase()
[move_group-8] #1    Object "/opt/ros/humble/lib/librclcpp.so", at 0x7fd0520dec69, in 
[move_group-8] #0    Object "/opt/ros/humble/lib/librclcpp.so", at 0x7fd0520e39e1, in rclcpp::CallbackGroup::~CallbackGroup()
[move_group-8] Segmentation fault (Address not mapped to object [0x7fd028d53c70])
[move_group-14] #2    Object "/opt/ros/humble/lib/librclcpp.so", at 0x7f862d10ce40, in rclcpp::node_interfaces::NodeBase::~NodeBase()
[move_group-14] #1    Object "/opt/ros/humble/lib/librclcpp.so", at 0x7f862d0dec69, in 
[move_group-14] #0    Object "/opt/ros/humble/lib/librclcpp.so", at 0x7f862d0e39e1, in rclcpp::CallbackGroup::~CallbackGroup()
[move_group-14] Segmentation fault (Address not mapped to object [0x7f860c5b9c70])
[INFO] [spawner-13]: process has finished cleanly [pid 1869]
[INFO] [spawner-12]: process has finished cleanly [pid 1867]
[ERROR] [move_group-14]: process has died [pid 1871, exit code -11, cmd '/ros2_ws/install/moveit_ros_move_group/lib/moveit_ros_move_group/move_group --ros-args --params-file /tmp/launch_params_tmbtiy_c --params-file /tmp/launch_params_fkax9ut8 --params-file /tmp/launch_params_he3sv1d0 --params-file /tmp/launch_params_2achkugk'].
[move_group-14] [0m
[ERROR] [move_group-8]: process has died [pid 1859, exit code -11, cmd '/ros2_ws/install/moveit_ros_move_group/lib/moveit_ros_move_group/move_group --ros-args --params-file /tmp/launch_params_p2bgejbo --params-file /tmp/launch_params_shozxs3b --params-file /tmp/launch_params_x64g5iif --params-file /tmp/launch_params_uuaqen7c'].
[move_group-8] [0m
[ERROR] [spawner-6]: process[spawner-6] failed to terminate '5' seconds after receiving 'SIGINT', escalating to 'SIGTERM'
[INFO] [spawner-6]: sending signal 'SIGTERM' to process[spawner-6]
[ERROR] [spawner-6]: process has died [pid 1855, exit code -15, cmd '/opt/ros/humble/lib/controller_manager/spawner joint_state_broadcaster -c /left/controller_manager --ros-args -r __ns:=/left'].
