[INFO] [launch]: All log files can be found below /root/.ros/log/2025-04-30-08-58-07-725487-outlander-Aspire-V3-571G-3255
[INFO] [launch]: Default logging verbosity is set to INFO
[INFO] [gzserver-1]: process started with pid [3258]
[INFO] [gzclient-2]: process started with pid [3260]
[INFO] [rviz2-3]: process started with pid [3262]
[INFO] [robot_state_publisher-4]: process started with pid [3264]
[INFO] [spawn_entity.py-5]: process started with pid [3266]
[INFO] [spawner-6]: process started with pid [3268]
[INFO] [spawner-7]: process started with pid [3270]
[INFO] [move_group-8]: process started with pid [3272]
[INFO] [static_transform_publisher-9]: process started with pid [3274]
[INFO] [robot_state_publisher-10]: process started with pid [3276]
[INFO] [spawn_entity.py-11]: process started with pid [3278]
[INFO] [spawner-12]: process started with pid [3280]
[INFO] [spawner-13]: process started with pid [3282]
[INFO] [move_group-14]: process started with pid [3284]
[INFO] [static_transform_publisher-15]: process started with pid [3286]
[static_transform_publisher-9] [WARN] [1746003491.796594967] []: Old-style arguments are deprecated; see --help for new-style arguments
[static_transform_publisher-9] [INFO] [1746003491.860090540] [left.static_transform_publisher]: Spinning until stopped - publishing transform
[static_transform_publisher-9] translation: ('-0.660000', '0.000000', '0.000000')
[static_transform_publisher-9] rotation: ('0.000000', '0.000000', '0.000000', '1.000000')
[static_transform_publisher-9] from 'world' to 'left_summit_odom'
[static_transform_publisher-15] [WARN] [1746003491.881201673] []: Old-style arguments are deprecated; see --help for new-style arguments
[robot_state_publisher-4] [INFO] [1746003491.907937313] [left.robot_state_publisher]: got segment left_summit_back_left_wheel_link
[robot_state_publisher-4] [INFO] [1746003491.908155547] [left.robot_state_publisher]: got segment left_summit_back_right_wheel_link
[robot_state_publisher-4] [INFO] [1746003491.908181231] [left.robot_state_publisher]: got segment left_summit_base_chapa
[robot_state_publisher-4] [INFO] [1746003491.908199572] [left.robot_state_publisher]: got segment left_summit_base_docking_contact
[robot_state_publisher-4] [INFO] [1746003491.908219688] [left.robot_state_publisher]: got segment left_summit_base_footprint
[robot_state_publisher-4] [INFO] [1746003491.908238955] [left.robot_state_publisher]: got segment left_summit_base_link
[robot_state_publisher-4] [INFO] [1746003491.908257238] [left.robot_state_publisher]: got segment left_summit_base_logo_front
[robot_state_publisher-4] [INFO] [1746003491.908273678] [left.robot_state_publisher]: got segment left_summit_base_logo_left
[robot_state_publisher-4] [INFO] [1746003491.908290263] [left.robot_state_publisher]: got segment left_summit_base_logo_rear
[robot_state_publisher-4] [INFO] [1746003491.908305826] [left.robot_state_publisher]: got segment left_summit_base_logo_right
[robot_state_publisher-4] [INFO] [1746003491.908321268] [left.robot_state_publisher]: got segment left_summit_front_laser_base_link
[robot_state_publisher-4] [INFO] [1746003491.908336605] [left.robot_state_publisher]: got segment left_summit_front_laser_link
[robot_state_publisher-4] [INFO] [1746003491.908351738] [left.robot_state_publisher]: got segment left_summit_front_left_wheel_link
[robot_state_publisher-4] [INFO] [1746003491.908367527] [left.robot_state_publisher]: got segment left_summit_front_right_wheel_link
[robot_state_publisher-4] [INFO] [1746003491.908383778] [left.robot_state_publisher]: got segment left_summit_imu_link
[robot_state_publisher-4] [INFO] [1746003491.908399261] [left.robot_state_publisher]: got segment left_summit_rear_laser_base_link
[robot_state_publisher-4] [INFO] [1746003491.908414847] [left.robot_state_publisher]: got segment left_summit_rear_laser_link
[robot_state_publisher-4] [INFO] [1746003491.908430613] [left.robot_state_publisher]: got segment ur_left_base
[robot_state_publisher-4] [INFO] [1746003491.908452151] [left.robot_state_publisher]: got segment ur_left_base_link
[robot_state_publisher-4] [INFO] [1746003491.908474712] [left.robot_state_publisher]: got segment ur_left_base_link_inertia
[robot_state_publisher-4] [INFO] [1746003491.908491776] [left.robot_state_publisher]: got segment ur_left_finger_left
[robot_state_publisher-4] [INFO] [1746003491.908507868] [left.robot_state_publisher]: got segment ur_left_finger_right
[robot_state_publisher-4] [INFO] [1746003491.908522790] [left.robot_state_publisher]: got segment ur_left_finger_tip
[robot_state_publisher-4] [INFO] [1746003491.908540120] [left.robot_state_publisher]: got segment ur_left_flange
[robot_state_publisher-4] [INFO] [1746003491.908556751] [left.robot_state_publisher]: got segment ur_left_forearm_link
[robot_state_publisher-4] [INFO] [1746003491.908574456] [left.robot_state_publisher]: got segment ur_left_ft_frame
[robot_state_publisher-4] [INFO] [1746003491.908600199] [left.robot_state_publisher]: got segment ur_left_robotiq_hand
[robot_state_publisher-4] [INFO] [1746003491.908618845] [left.robot_state_publisher]: got segment ur_left_shoulder_link
[robot_state_publisher-4] [INFO] [1746003491.908636492] [left.robot_state_publisher]: got segment ur_left_tool0
[robot_state_publisher-4] [INFO] [1746003491.908654120] [left.robot_state_publisher]: got segment ur_left_upper_arm_link
[robot_state_publisher-4] [INFO] [1746003491.908673296] [left.robot_state_publisher]: got segment ur_left_wrist_1_link
[robot_state_publisher-4] [INFO] [1746003491.908688864] [left.robot_state_publisher]: got segment ur_left_wrist_2_link
[robot_state_publisher-4] [INFO] [1746003491.908706137] [left.robot_state_publisher]: got segment ur_left_wrist_3_link
[robot_state_publisher-10] [INFO] [1746003491.941015744] [right.robot_state_publisher]: got segment right_summit_back_left_wheel_link
[robot_state_publisher-10] [INFO] [1746003491.947160390] [right.robot_state_publisher]: got segment right_summit_back_right_wheel_link
[robot_state_publisher-10] [INFO] [1746003491.947201420] [right.robot_state_publisher]: got segment right_summit_base_chapa
[robot_state_publisher-10] [INFO] [1746003491.947223369] [right.robot_state_publisher]: got segment right_summit_base_docking_contact
[robot_state_publisher-10] [INFO] [1746003491.947242929] [right.robot_state_publisher]: got segment right_summit_base_footprint
[robot_state_publisher-10] [INFO] [1746003491.947264275] [right.robot_state_publisher]: got segment right_summit_base_link
[robot_state_publisher-10] [INFO] [1746003491.947285324] [right.robot_state_publisher]: got segment right_summit_base_logo_front
[robot_state_publisher-10] [INFO] [1746003491.947304564] [right.robot_state_publisher]: got segment right_summit_base_logo_left
[robot_state_publisher-10] [INFO] [1746003491.947324388] [right.robot_state_publisher]: got segment right_summit_base_logo_rear
[robot_state_publisher-10] [INFO] [1746003491.947343854] [right.robot_state_publisher]: got segment right_summit_base_logo_right
[robot_state_publisher-10] [INFO] [1746003491.947361545] [right.robot_state_publisher]: got segment right_summit_front_laser_base_link
[robot_state_publisher-10] [INFO] [1746003491.947381271] [right.robot_state_publisher]: got segment right_summit_front_laser_link
[robot_state_publisher-10] [INFO] [1746003491.947401666] [right.robot_state_publisher]: got segment right_summit_front_left_wheel_link
[robot_state_publisher-10] [INFO] [1746003491.947421706] [right.robot_state_publisher]: got segment right_summit_front_right_wheel_link
[robot_state_publisher-10] [INFO] [1746003491.947441407] [right.robot_state_publisher]: got segment right_summit_imu_link
[robot_state_publisher-10] [INFO] [1746003491.947461307] [right.robot_state_publisher]: got segment right_summit_rear_laser_base_link
[robot_state_publisher-10] [INFO] [1746003491.947480559] [right.robot_state_publisher]: got segment right_summit_rear_laser_link
[robot_state_publisher-10] [INFO] [1746003491.947500537] [right.robot_state_publisher]: got segment ur_right_base
[robot_state_publisher-10] [INFO] [1746003491.947520716] [right.robot_state_publisher]: got segment ur_right_base_link
[robot_state_publisher-10] [INFO] [1746003491.947540236] [right.robot_state_publisher]: got segment ur_right_base_link_inertia
[robot_state_publisher-10] [INFO] [1746003491.947560730] [right.robot_state_publisher]: got segment ur_right_finger_left
[robot_state_publisher-10] [INFO] [1746003491.947581600] [right.robot_state_publisher]: got segment ur_right_finger_right
[robot_state_publisher-10] [INFO] [1746003491.947601485] [right.robot_state_publisher]: got segment ur_right_finger_tip
[robot_state_publisher-10] [INFO] [1746003491.947620493] [right.robot_state_publisher]: got segment ur_right_flange
[robot_state_publisher-10] [INFO] [1746003491.947639280] [right.robot_state_publisher]: got segment ur_right_forearm_link
[robot_state_publisher-10] [INFO] [1746003491.947656036] [right.robot_state_publisher]: got segment ur_right_ft_frame
[robot_state_publisher-10] [INFO] [1746003491.947674091] [right.robot_state_publisher]: got segment ur_right_robotiq_hand
[robot_state_publisher-10] [INFO] [1746003491.947690954] [right.robot_state_publisher]: got segment ur_right_shoulder_link
[robot_state_publisher-10] [INFO] [1746003491.947711437] [right.robot_state_publisher]: got segment ur_right_tool0
[robot_state_publisher-10] [INFO] [1746003491.947730137] [right.robot_state_publisher]: got segment ur_right_upper_arm_link
[robot_state_publisher-10] [INFO] [1746003491.947749490] [right.robot_state_publisher]: got segment ur_right_wrist_1_link
[robot_state_publisher-10] [INFO] [1746003491.947769671] [right.robot_state_publisher]: got segment ur_right_wrist_2_link
[robot_state_publisher-10] [INFO] [1746003491.947787962] [right.robot_state_publisher]: got segment ur_right_wrist_3_link
[static_transform_publisher-15] [INFO] [1746003491.972310664] [right.static_transform_publisher]: Spinning until stopped - publishing transform
[static_transform_publisher-15] translation: ('0.660000', '0.000000', '0.000000')
[static_transform_publisher-15] rotation: ('0.000000', '0.000000', '0.000000', '1.000000')
[static_transform_publisher-15] from 'world' to 'right_summit_odom'
[rviz2-3] QStandardPaths: XDG_RUNTIME_DIR not set, defaulting to '/tmp/runtime-root'
[move_group-8] [INFO] [1746003492.040388173] [moveit_rdf_loader.rdf_loader]: Loaded robot model in 0.0344607 seconds
[move_group-8] [INFO] [1746003492.040531241] [moveit_robot_model.robot_model]: Loading robot model 'dual'...
[move_group-8] [WARN] [1746003492.040778674] [moveit_robot_model.robot_model]: Link left_summit_base_footprint has visual geometry but no collision geometry. Collision geometry will be left empty. Fix your URDF file by explicitly specifying collision geometry.
[move_group-8] [WARN] [1746003492.066422965] [moveit_robot_model.robot_model]: Link left_summit_base_logo_front has visual geometry but no collision geometry. Collision geometry will be left empty. Fix your URDF file by explicitly specifying collision geometry.
[move_group-8] [WARN] [1746003492.066480732] [moveit_robot_model.robot_model]: Link left_summit_base_logo_left has visual geometry but no collision geometry. Collision geometry will be left empty. Fix your URDF file by explicitly specifying collision geometry.
[move_group-8] [WARN] [1746003492.066500729] [moveit_robot_model.robot_model]: Link left_summit_base_logo_rear has visual geometry but no collision geometry. Collision geometry will be left empty. Fix your URDF file by explicitly specifying collision geometry.
[move_group-8] [WARN] [1746003492.066519013] [moveit_robot_model.robot_model]: Link left_summit_base_logo_right has visual geometry but no collision geometry. Collision geometry will be left empty. Fix your URDF file by explicitly specifying collision geometry.
[move_group-8] [WARN] [1746003492.066537198] [moveit_robot_model.robot_model]: Link left_summit_base_chapa has visual geometry but no collision geometry. Collision geometry will be left empty. Fix your URDF file by explicitly specifying collision geometry.
[move_group-8] [WARN] [1746003492.073494830] [moveit_robot_model.robot_model]: Link left_summit_imu_link has visual geometry but no collision geometry. Collision geometry will be left empty. Fix your URDF file by explicitly specifying collision geometry.
[move_group-14] [INFO] [1746003492.165648017] [moveit_rdf_loader.rdf_loader]: Loaded robot model in 0.0244255 seconds
[move_group-14] [INFO] [1746003492.165787464] [moveit_robot_model.robot_model]: Loading robot model 'dual'...
[move_group-14] [WARN] [1746003492.165892605] [moveit_robot_model.robot_model]: Link right_summit_base_footprint has visual geometry but no collision geometry. Collision geometry will be left empty. Fix your URDF file by explicitly specifying collision geometry.
[move_group-14] [WARN] [1746003492.185677647] [moveit_robot_model.robot_model]: Link right_summit_base_logo_front has visual geometry but no collision geometry. Collision geometry will be left empty. Fix your URDF file by explicitly specifying collision geometry.
[move_group-14] [WARN] [1746003492.185744282] [moveit_robot_model.robot_model]: Link right_summit_base_logo_left has visual geometry but no collision geometry. Collision geometry will be left empty. Fix your URDF file by explicitly specifying collision geometry.
[move_group-14] [WARN] [1746003492.185764756] [moveit_robot_model.robot_model]: Link right_summit_base_logo_rear has visual geometry but no collision geometry. Collision geometry will be left empty. Fix your URDF file by explicitly specifying collision geometry.
[move_group-14] [WARN] [1746003492.185782902] [moveit_robot_model.robot_model]: Link right_summit_base_logo_right has visual geometry but no collision geometry. Collision geometry will be left empty. Fix your URDF file by explicitly specifying collision geometry.
[move_group-14] [WARN] [1746003492.185800048] [moveit_robot_model.robot_model]: Link right_summit_base_chapa has visual geometry but no collision geometry. Collision geometry will be left empty. Fix your URDF file by explicitly specifying collision geometry.
[move_group-14] [WARN] [1746003492.195877125] [moveit_robot_model.robot_model]: Link right_summit_imu_link has visual geometry but no collision geometry. Collision geometry will be left empty. Fix your URDF file by explicitly specifying collision geometry.
[spawner-12] [INFO] [1746003492.803905974] [right.spawner_joint_state_broadcaster]: waiting for service /right/controller_manager/list_controllers to become available...
[spawner-6] [INFO] [1746003492.815205309] [left.spawner_joint_state_broadcaster]: waiting for service /left/controller_manager/list_controllers to become available...
[spawner-13] [INFO] [1746003492.845416994] [right.spawner_ur_right_joint_group_vel_controller]: waiting for service /right/controller_manager/list_controllers to become available...
[spawner-7] [INFO] [1746003492.996159897] [left.spawner_ur_left_joint_group_vel_controller]: waiting for service /left/controller_manager/list_controllers to become available...
[spawn_entity.py-5] [INFO] [1746003493.062545275] [left]: Spawn Entity started
[spawn_entity.py-5] [INFO] [1746003493.066434981] [left]: Loading entity published on topic /left/robot_description
[spawn_entity.py-5] /opt/ros/humble/local/lib/python3.10/dist-packages/rclpy/qos.py:307: UserWarning: DurabilityPolicy.RMW_QOS_POLICY_DURABILITY_TRANSIENT_LOCAL is deprecated. Use DurabilityPolicy.TRANSIENT_LOCAL instead.
[spawn_entity.py-5]   warnings.warn(
[spawn_entity.py-5] [INFO] [1746003493.077811368] [left]: Waiting for entity xml on /left/robot_description
[spawn_entity.py-5] [INFO] [1746003493.092329002] [left]: Waiting for service /spawn_entity, timeout = 5
[spawn_entity.py-5] [INFO] [1746003493.093611318] [left]: Waiting for service /spawn_entity
[spawn_entity.py-11] [INFO] [1746003493.145156111] [right]: Spawn Entity started
[spawn_entity.py-11] [INFO] [1746003493.146281906] [right]: Loading entity published on topic /right/robot_description
[spawn_entity.py-11] /opt/ros/humble/local/lib/python3.10/dist-packages/rclpy/qos.py:307: UserWarning: DurabilityPolicy.RMW_QOS_POLICY_DURABILITY_TRANSIENT_LOCAL is deprecated. Use DurabilityPolicy.TRANSIENT_LOCAL instead.
[spawn_entity.py-11]   warnings.warn(
[spawn_entity.py-11] [INFO] [1746003493.151030201] [right]: Waiting for entity xml on /right/robot_description
[move_group-8] [INFO] [1746003493.350128796] [moveit_ros.planning_scene_monitor.planning_scene_monitor]: Publishing maintained planning scene on 'monitored_planning_scene'
[move_group-8] [INFO] [1746003493.350417940] [moveit.ros_planning_interface.moveit_cpp]: Listening to 'joint_states' for joint states
[move_group-8] [INFO] [1746003493.357138122] [moveit_ros.current_state_monitor]: Listening to joint states on topic 'joint_states'
[move_group-8] [INFO] [1746003493.359181607] [moveit_ros.planning_scene_monitor.planning_scene_monitor]: Listening to '/attached_collision_object' for attached collision objects
[move_group-8] [INFO] [1746003493.359222425] [moveit_ros.planning_scene_monitor.planning_scene_monitor]: Starting planning scene monitor
[move_group-8] [INFO] [1746003493.360770409] [moveit_ros.planning_scene_monitor.planning_scene_monitor]: Listening to '/planning_scene'
[move_group-8] [INFO] [1746003493.360806840] [moveit_ros.planning_scene_monitor.planning_scene_monitor]: Starting world geometry update monitor for collision objects, attached objects, octomap updates.
[move_group-8] [INFO] [1746003493.362772587] [moveit_ros.planning_scene_monitor.planning_scene_monitor]: Listening to 'collision_object'
[move_group-8] [INFO] [1746003493.364429778] [moveit_ros.planning_scene_monitor.planning_scene_monitor]: Listening to 'planning_scene_world' for planning scene world geometry
[move_group-8] [WARN] [1746003493.366305286] [moveit.ros.occupancy_map_monitor.middleware_handle]: Resolution not specified for Octomap. Assuming resolution = 0.1 instead
[move_group-8] [WARN] [1746003493.367672896] [moveit_ros.current_state_monitor]: Unable to update multi-DOF joint 'Vjoint_left':Failure to lookup transform between 'left_summit_odom'and 'left_summit_base_footprint' with TF exception: Could not find a connection between 'left_summit_odom' and 'left_summit_base_footprint' because they are not part of the same tree.Tf has two or more unconnected trees.
[rviz2-3] [INFO] [1746003493.410304469] [rviz2]: Stereo is NOT SUPPORTED
[rviz2-3] [INFO] [1746003493.410804472] [rviz2]: OpenGl version: 4.6 (GLSL 4.6)
[rviz2-3] [INFO] [1746003493.543121361] [rviz2]: Stereo is NOT SUPPORTED
[move_group-14] [INFO] [1746003493.602185525] [moveit_ros.planning_scene_monitor.planning_scene_monitor]: Publishing maintained planning scene on 'monitored_planning_scene'
[move_group-14] [INFO] [1746003493.602458929] [moveit.ros_planning_interface.moveit_cpp]: Listening to 'joint_states' for joint states
[spawn_entity.py-11] [INFO] [1746003493.603745425] [right]: Waiting for service /spawn_entity, timeout = 5
[spawn_entity.py-11] [INFO] [1746003493.604904378] [right]: Waiting for service /spawn_entity
[move_group-14] [INFO] [1746003493.612364339] [moveit_ros.current_state_monitor]: Listening to joint states on topic 'joint_states'
[move_group-14] [INFO] [1746003493.614549013] [moveit_ros.planning_scene_monitor.planning_scene_monitor]: Listening to '/attached_collision_object' for attached collision objects
[move_group-14] [INFO] [1746003493.614596493] [moveit_ros.planning_scene_monitor.planning_scene_monitor]: Starting planning scene monitor
[move_group-14] [INFO] [1746003493.616366993] [moveit_ros.planning_scene_monitor.planning_scene_monitor]: Listening to '/planning_scene'
[move_group-14] [INFO] [1746003493.616407841] [moveit_ros.planning_scene_monitor.planning_scene_monitor]: Starting world geometry update monitor for collision objects, attached objects, octomap updates.
[move_group-14] [INFO] [1746003493.618223552] [moveit_ros.planning_scene_monitor.planning_scene_monitor]: Listening to 'collision_object'
[move_group-14] [INFO] [1746003493.620112023] [moveit_ros.planning_scene_monitor.planning_scene_monitor]: Listening to 'planning_scene_world' for planning scene world geometry
[move_group-14] [WARN] [1746003493.622286924] [moveit_ros.current_state_monitor]: Unable to update multi-DOF joint 'Vjoint_right':Failure to lookup transform between 'right_summit_odom'and 'right_summit_base_footprint' with TF exception: Could not find a connection between 'right_summit_odom' and 'right_summit_base_footprint' because they are not part of the same tree.Tf has two or more unconnected trees.
[move_group-14] [WARN] [1746003493.622674842] [moveit.ros.occupancy_map_monitor.middleware_handle]: Resolution not specified for Octomap. Assuming resolution = 0.1 instead
[rviz2-3] [WARN] [1746003494.928603931] [rcl.logging_rosout]: Publisher already registered for provided node name. If this is due to multiple nodes with the same name then all logs for that logger name will go out over the existing publisher. As soon as any node with that name is destructed it will unregister the publisher, preventing any further logs for that name from being published on the rosout topic.
[move_group-8] [INFO] [1746003495.184151737] [moveit.ros_planning_interface.moveit_cpp]: Loading planning pipeline 'ompl'
[move_group-8] [INFO] [1746003495.215455726] [moveit.ros_planning.planning_pipeline]: Using planning interface 'OMPL'
[move_group-8] [INFO] [1746003495.224063343] [moveit_ros.add_time_optimal_parameterization]: Param 'ompl.path_tolerance' was not set. Using default value: 0.100000
[move_group-8] [INFO] [1746003495.224103920] [moveit_ros.add_time_optimal_parameterization]: Param 'ompl.resample_dt' was not set. Using default value: 0.100000
[move_group-8] [INFO] [1746003495.224168343] [moveit_ros.add_time_optimal_parameterization]: Param 'ompl.min_angle_change' was not set. Using default value: 0.001000
[move_group-8] [INFO] [1746003495.224216116] [moveit_ros.fix_workspace_bounds]: Param 'ompl.default_workspace_bounds' was not set. Using default value: 10.000000
[move_group-8] [INFO] [1746003495.224239702] [moveit_ros.fix_start_state_bounds]: Param 'ompl.start_state_max_bounds_error' was set to 0.100000
[move_group-8] [INFO] [1746003495.224249016] [moveit_ros.fix_start_state_bounds]: Param 'ompl.start_state_max_dt' was not set. Using default value: 0.500000
[move_group-8] [INFO] [1746003495.224267196] [moveit_ros.fix_start_state_collision]: Param 'ompl.start_state_max_dt' was not set. Using default value: 0.500000
[move_group-8] [INFO] [1746003495.224276781] [moveit_ros.fix_start_state_collision]: Param 'ompl.jiggle_fraction' was set to 0.050000
[move_group-8] [INFO] [1746003495.224297775] [moveit_ros.fix_start_state_collision]: Param 'ompl.max_sampling_attempts' was not set. Using default value: 100
[move_group-8] [INFO] [1746003495.224317041] [moveit.ros_planning.planning_pipeline]: Using planning request adapter 'Add Time Optimal Parameterization'
[move_group-8] [INFO] [1746003495.224326152] [moveit.ros_planning.planning_pipeline]: Using planning request adapter 'Resolve constraint frames to robot links'
[move_group-8] [INFO] [1746003495.224331625] [moveit.ros_planning.planning_pipeline]: Using planning request adapter 'Fix Workspace Bounds'
[move_group-8] [INFO] [1746003495.224336822] [moveit.ros_planning.planning_pipeline]: Using planning request adapter 'Fix Start State Bounds'
[move_group-8] [INFO] [1746003495.224341745] [moveit.ros_planning.planning_pipeline]: Using planning request adapter 'Fix Start State In Collision'
[move_group-8] [INFO] [1746003495.224346763] [moveit.ros_planning.planning_pipeline]: Using planning request adapter 'Fix Start State Path Constraints'
[move_group-8] [INFO] [1746003495.234051184] [moveit.ros_planning_interface.moveit_cpp]: Loading planning pipeline 'chomp'
[move_group-8] [INFO] [1746003495.252137031] [moveit.ros_planning.planning_pipeline]: Using planning interface 'CHOMP'
[move_group-8] [INFO] [1746003495.262981850] [moveit_ros.add_time_optimal_parameterization]: Param 'chomp.path_tolerance' was not set. Using default value: 0.100000
[move_group-8] [INFO] [1746003495.263030166] [moveit_ros.add_time_optimal_parameterization]: Param 'chomp.resample_dt' was not set. Using default value: 0.100000
[move_group-8] [INFO] [1746003495.263046384] [moveit_ros.add_time_optimal_parameterization]: Param 'chomp.min_angle_change' was not set. Using default value: 0.001000
[move_group-8] [INFO] [1746003495.263101786] [moveit_ros.fix_workspace_bounds]: Param 'chomp.default_workspace_bounds' was not set. Using default value: 10.000000
[move_group-8] [INFO] [1746003495.263145106] [moveit_ros.fix_start_state_bounds]: Param 'chomp.start_state_max_bounds_error' was set to 0.100000
[move_group-8] [INFO] [1746003495.263161283] [moveit_ros.fix_start_state_bounds]: Param 'chomp.start_state_max_dt' was not set. Using default value: 0.500000
[move_group-8] [INFO] [1746003495.263194708] [moveit_ros.fix_start_state_collision]: Param 'chomp.start_state_max_dt' was not set. Using default value: 0.500000
[move_group-8] [INFO] [1746003495.263212570] [moveit_ros.fix_start_state_collision]: Param 'chomp.jiggle_fraction' was set to 0.050000
[move_group-8] [INFO] [1746003495.263227914] [moveit_ros.fix_start_state_collision]: Param 'chomp.max_sampling_attempts' was not set. Using default value: 100
[move_group-8] [INFO] [1746003495.263260269] [moveit.ros_planning.planning_pipeline]: Using planning request adapter 'Add Time Optimal Parameterization'
[move_group-8] [INFO] [1746003495.263273511] [moveit.ros_planning.planning_pipeline]: Using planning request adapter 'Resolve constraint frames to robot links'
[move_group-8] [INFO] [1746003495.263283274] [moveit.ros_planning.planning_pipeline]: Using planning request adapter 'Fix Workspace Bounds'
[move_group-8] [INFO] [1746003495.263293068] [moveit.ros_planning.planning_pipeline]: Using planning request adapter 'Fix Start State Bounds'
[move_group-8] [INFO] [1746003495.263302646] [moveit.ros_planning.planning_pipeline]: Using planning request adapter 'Fix Start State In Collision'
[move_group-8] [INFO] [1746003495.263313296] [moveit.ros_planning.planning_pipeline]: Using planning request adapter 'Fix Start State Path Constraints'
[move_group-8] [INFO] [1746003495.269688649] [moveit.ros_planning_interface.moveit_cpp]: Loading planning pipeline 'pilz_industrial_motion_planner'
[move_group-8] [INFO] [1746003495.285051932] [moveit.pilz_industrial_motion_planner.joint_limits_aggregator]: Reading limits from namespace robot_description_planning
[move_group-8] [WARN] [1746003495.288934776] [moveit.pilz_industrial_motion_planner.joint_limits_aggregator]: Multi-DOF-Joint 'Vjoint_left' not supported.
[move_group-8] [WARN] [1746003495.288996918] [moveit.pilz_industrial_motion_planner.joint_limits_aggregator]: Multi-DOF-Joint 'Vjoint_left' not supported.
[move_group-8] [INFO] [1746003495.316331167] [moveit.pilz_industrial_motion_planner]: Available plugins: pilz_industrial_motion_planner/PlanningContextLoaderCIRC pilz_industrial_motion_planner/PlanningContextLoaderLIN pilz_industrial_motion_planner/PlanningContextLoaderPTP 
[move_group-8] [INFO] [1746003495.316387437] [moveit.pilz_industrial_motion_planner]: About to load: pilz_industrial_motion_planner/PlanningContextLoaderCIRC
[move_group-8] [INFO] [1746003495.321248837] [moveit.pilz_industrial_motion_planner]: Registered Algorithm [CIRC]
[move_group-8] [INFO] [1746003495.321354773] [moveit.pilz_industrial_motion_planner]: About to load: pilz_industrial_motion_planner/PlanningContextLoaderLIN
[move_group-8] [INFO] [1746003495.324632014] [moveit.pilz_industrial_motion_planner]: Registered Algorithm [LIN]
[move_group-8] [INFO] [1746003495.324683124] [moveit.pilz_industrial_motion_planner]: About to load: pilz_industrial_motion_planner/PlanningContextLoaderPTP
[move_group-8] [INFO] [1746003495.327812827] [moveit.pilz_industrial_motion_planner]: Registered Algorithm [PTP]
[move_group-8] [INFO] [1746003495.327915409] [moveit.ros_planning.planning_pipeline]: Using planning interface 'Pilz Industrial Motion Planner'
[move_group-8] [ERROR] [1746003495.481941391] [moveit.plugins.moveit_simple_controller_manager]: No controller_names specified.
[move_group-8] [INFO] [1746003495.482244992] [moveit.plugins.moveit_simple_controller_manager]: Returned 0 controllers in list
[move_group-8] [INFO] [1746003495.482272816] [moveit.plugins.moveit_simple_controller_manager]: Returned 0 controllers in list
[move_group-8] [INFO] [1746003495.484608618] [moveit_ros.trajectory_execution_manager]: Trajectory execution is managing controllers
[move_group-8] [INFO] [1746003495.484659953] [move_group.move_group]: MoveGroup debug mode is ON
[move_group-8] [ERROR] [1746003495.515965467] [move_group.move_group]: Exception while loading move_group capability 'move_group/ExecuteTaskSolutionCapability': According to the loaded plugin descriptions the class move_group/ExecuteTaskSolutionCapability with base class type move_group::MoveGroupCapability does not exist. Declared types are  move_group/ApplyPlanningSceneService move_group/ClearOctomapService move_group/MoveGroupCartesianPathService move_group/MoveGroupExecuteService move_group/MoveGroupExecuteTrajectoryAction move_group/MoveGroupGetPlanningSceneService move_group/MoveGroupKinematicsService move_group/MoveGroupMoveAction move_group/MoveGroupPlanService move_group/MoveGroupQueryPlannersService move_group/MoveGroupStateValidationService move_group/TfPublisher pilz_industrial_motion_planner/MoveGroupSequenceAction pilz_industrial_motion_planner/MoveGroupSequenceService
[move_group-14] [INFO] [1746003495.545247664] [moveit.ros_planning_interface.moveit_cpp]: Loading planning pipeline 'ompl'
[move_group-8] [INFO] [1746003495.596242979] [move_group.move_group]: 
[move_group-8] 
[move_group-8] ********************************************************
[move_group-8] * MoveGroup using: 
[move_group-8] *     - ApplyPlanningSceneService
[move_group-8] *     - ClearOctomapService
[move_group-8] *     - CartesianPathService
[move_group-8] *     - ExecuteTrajectoryAction
[move_group-8] *     - GetPlanningSceneService
[move_group-8] *     - KinematicsService
[move_group-8] *     - MoveAction
[move_group-8] *     - MotionPlanService
[move_group-8] *     - QueryPlannersService
[move_group-8] *     - StateValidationService
[move_group-8] ********************************************************
[move_group-8] 
[move_group-8] [INFO] [1746003495.597105119] [moveit_move_group_capabilities_base.move_group_context]: MoveGroup context using planning plugin ompl_interface/OMPLPlanner
[move_group-8] [INFO] [1746003495.597135193] [moveit_move_group_capabilities_base.move_group_context]: MoveGroup context initialization complete
[move_group-8] [96mLoading 'move_group/ApplyPlanningSceneService'...
[move_group-8] [0m[96mLoading 'move_group/ClearOctomapService'...
[move_group-8] [0m[96mLoading 'move_group/ExecuteTaskSolutionCapability'...
[move_group-8] [0m[96mLoading 'move_group/MoveGroupCartesianPathService'...
[move_group-8] [0m[96mLoading 'move_group/MoveGroupExecuteTrajectoryAction'...
[move_group-8] [0m[96mLoading 'move_group/MoveGroupGetPlanningSceneService'...
[move_group-8] [0m[96mLoading 'move_group/MoveGroupKinematicsService'...
[move_group-8] [0m[96mLoading 'move_group/MoveGroupMoveAction'...
[move_group-8] [0m[96mLoading 'move_group/MoveGroupPlanService'...
[move_group-8] [0m[96mLoading 'move_group/MoveGroupQueryPlannersService'...
[move_group-8] [0m[96mLoading 'move_group/MoveGroupStateValidationService'...
[move_group-8] [0m[92m
[move_group-8] You can start planning now!
[move_group-8] 
[move_group-14] [INFO] [1746003495.610858714] [moveit.ros_planning.planning_pipeline]: Using planning interface 'OMPL'
[move_group-14] [INFO] [1746003495.625403874] [moveit_ros.add_time_optimal_parameterization]: Param 'ompl.path_tolerance' was not set. Using default value: 0.100000
[move_group-14] [INFO] [1746003495.625435191] [moveit_ros.add_time_optimal_parameterization]: Param 'ompl.resample_dt' was not set. Using default value: 0.100000
[move_group-14] [INFO] [1746003495.625490896] [moveit_ros.add_time_optimal_parameterization]: Param 'ompl.min_angle_change' was not set. Using default value: 0.001000
[move_group-14] [INFO] [1746003495.625529382] [moveit_ros.fix_workspace_bounds]: Param 'ompl.default_workspace_bounds' was not set. Using default value: 10.000000
[move_group-14] [INFO] [1746003495.625555618] [moveit_ros.fix_start_state_bounds]: Param 'ompl.start_state_max_bounds_error' was set to 0.100000
[move_group-14] [INFO] [1746003495.625564471] [moveit_ros.fix_start_state_bounds]: Param 'ompl.start_state_max_dt' was not set. Using default value: 0.500000
[move_group-14] [INFO] [1746003495.625583012] [moveit_ros.fix_start_state_collision]: Param 'ompl.start_state_max_dt' was not set. Using default value: 0.500000
[move_group-14] [INFO] [1746003495.625591850] [moveit_ros.fix_start_state_collision]: Param 'ompl.jiggle_fraction' was set to 0.050000
[move_group-14] [INFO] [1746003495.625610909] [moveit_ros.fix_start_state_collision]: Param 'ompl.max_sampling_attempts' was not set. Using default value: 100
[move_group-14] [INFO] [1746003495.625629194] [moveit.ros_planning.planning_pipeline]: Using planning request adapter 'Add Time Optimal Parameterization'
[move_group-14] [INFO] [1746003495.625638270] [moveit.ros_planning.planning_pipeline]: Using planning request adapter 'Resolve constraint frames to robot links'
[move_group-14] [INFO] [1746003495.625643860] [moveit.ros_planning.planning_pipeline]: Using planning request adapter 'Fix Workspace Bounds'
[move_group-14] [INFO] [1746003495.625649651] [moveit.ros_planning.planning_pipeline]: Using planning request adapter 'Fix Start State Bounds'
[move_group-14] [INFO] [1746003495.625655449] [moveit.ros_planning.planning_pipeline]: Using planning request adapter 'Fix Start State In Collision'
[move_group-14] [INFO] [1746003495.625660536] [moveit.ros_planning.planning_pipeline]: Using planning request adapter 'Fix Start State Path Constraints'
[move_group-14] [INFO] [1746003495.633131375] [moveit.ros_planning_interface.moveit_cpp]: Loading planning pipeline 'chomp'
[move_group-14] [INFO] [1746003495.645232998] [moveit.ros_planning.planning_pipeline]: Using planning interface 'CHOMP'
[move_group-14] [INFO] [1746003495.652428851] [moveit_ros.add_time_optimal_parameterization]: Param 'chomp.path_tolerance' was not set. Using default value: 0.100000
[move_group-14] [INFO] [1746003495.652473459] [moveit_ros.add_time_optimal_parameterization]: Param 'chomp.resample_dt' was not set. Using default value: 0.100000
[move_group-14] [INFO] [1746003495.652489341] [moveit_ros.add_time_optimal_parameterization]: Param 'chomp.min_angle_change' was not set. Using default value: 0.001000
[move_group-14] [INFO] [1746003495.652551249] [moveit_ros.fix_workspace_bounds]: Param 'chomp.default_workspace_bounds' was not set. Using default value: 10.000000
[move_group-14] [INFO] [1746003495.652596857] [moveit_ros.fix_start_state_bounds]: Param 'chomp.start_state_max_bounds_error' was set to 0.100000
[move_group-14] [INFO] [1746003495.652614809] [moveit_ros.fix_start_state_bounds]: Param 'chomp.start_state_max_dt' was not set. Using default value: 0.500000
[move_group-14] [INFO] [1746003495.652650002] [moveit_ros.fix_start_state_collision]: Param 'chomp.start_state_max_dt' was not set. Using default value: 0.500000
[move_group-14] [INFO] [1746003495.652667526] [moveit_ros.fix_start_state_collision]: Param 'chomp.jiggle_fraction' was set to 0.050000
[move_group-14] [INFO] [1746003495.652681448] [moveit_ros.fix_start_state_collision]: Param 'chomp.max_sampling_attempts' was not set. Using default value: 100
[move_group-14] [INFO] [1746003495.652713233] [moveit.ros_planning.planning_pipeline]: Using planning request adapter 'Add Time Optimal Parameterization'
[move_group-14] [INFO] [1746003495.652726806] [moveit.ros_planning.planning_pipeline]: Using planning request adapter 'Resolve constraint frames to robot links'
[move_group-14] [INFO] [1746003495.652736699] [moveit.ros_planning.planning_pipeline]: Using planning request adapter 'Fix Workspace Bounds'
[move_group-14] [INFO] [1746003495.652745616] [moveit.ros_planning.planning_pipeline]: Using planning request adapter 'Fix Start State Bounds'
[move_group-14] [INFO] [1746003495.652754841] [moveit.ros_planning.planning_pipeline]: Using planning request adapter 'Fix Start State In Collision'
[move_group-14] [INFO] [1746003495.652764538] [moveit.ros_planning.planning_pipeline]: Using planning request adapter 'Fix Start State Path Constraints'
[move_group-14] [INFO] [1746003495.657981546] [moveit.ros_planning_interface.moveit_cpp]: Loading planning pipeline 'pilz_industrial_motion_planner'
[move_group-14] [INFO] [1746003495.666022803] [moveit.pilz_industrial_motion_planner.joint_limits_aggregator]: Reading limits from namespace robot_description_planning
[move_group-14] [WARN] [1746003495.671662994] [moveit.pilz_industrial_motion_planner.joint_limits_aggregator]: Multi-DOF-Joint 'Vjoint_right' not supported.
[move_group-14] [WARN] [1746003495.671737125] [moveit.pilz_industrial_motion_planner.joint_limits_aggregator]: Multi-DOF-Joint 'Vjoint_right' not supported.
[move_group-14] [INFO] [1746003495.705597809] [moveit.pilz_industrial_motion_planner]: Available plugins: pilz_industrial_motion_planner/PlanningContextLoaderCIRC pilz_industrial_motion_planner/PlanningContextLoaderLIN pilz_industrial_motion_planner/PlanningContextLoaderPTP 
[move_group-14] [INFO] [1746003495.705649544] [moveit.pilz_industrial_motion_planner]: About to load: pilz_industrial_motion_planner/PlanningContextLoaderCIRC
[move_group-14] [INFO] [1746003495.709600997] [moveit.pilz_industrial_motion_planner]: Registered Algorithm [CIRC]
[move_group-14] [INFO] [1746003495.709655100] [moveit.pilz_industrial_motion_planner]: About to load: pilz_industrial_motion_planner/PlanningContextLoaderLIN
[move_group-14] [INFO] [1746003495.711468684] [moveit.pilz_industrial_motion_planner]: Registered Algorithm [LIN]
[move_group-14] [INFO] [1746003495.711497384] [moveit.pilz_industrial_motion_planner]: About to load: pilz_industrial_motion_planner/PlanningContextLoaderPTP
[move_group-14] [INFO] [1746003495.713344897] [moveit.pilz_industrial_motion_planner]: Registered Algorithm [PTP]
[move_group-14] [INFO] [1746003495.713437104] [moveit.ros_planning.planning_pipeline]: Using planning interface 'Pilz Industrial Motion Planner'
[spawn_entity.py-11] [INFO] [1746003495.877184841] [right]: Calling service /spawn_entity
[move_group-14] [ERROR] [1746003495.917946296] [moveit.plugins.moveit_simple_controller_manager]: No controller_names specified.
[move_group-14] [INFO] [1746003495.918230383] [moveit.plugins.moveit_simple_controller_manager]: Returned 0 controllers in list
[move_group-14] [INFO] [1746003495.918255578] [moveit.plugins.moveit_simple_controller_manager]: Returned 0 controllers in list
[move_group-14] [INFO] [1746003495.921687207] [moveit_ros.trajectory_execution_manager]: Trajectory execution is managing controllers
[move_group-14] [INFO] [1746003495.921744078] [move_group.move_group]: MoveGroup debug mode is ON
[move_group-14] [ERROR] [1746003495.945473220] [move_group.move_group]: Exception while loading move_group capability 'move_group/ExecuteTaskSolutionCapability': According to the loaded plugin descriptions the class move_group/ExecuteTaskSolutionCapability with base class type move_group::MoveGroupCapability does not exist. Declared types are  move_group/ApplyPlanningSceneService move_group/ClearOctomapService move_group/MoveGroupCartesianPathService move_group/MoveGroupExecuteService move_group/MoveGroupExecuteTrajectoryAction move_group/MoveGroupGetPlanningSceneService move_group/MoveGroupKinematicsService move_group/MoveGroupMoveAction move_group/MoveGroupPlanService move_group/MoveGroupQueryPlannersService move_group/MoveGroupStateValidationService move_group/TfPublisher pilz_industrial_motion_planner/MoveGroupSequenceAction pilz_industrial_motion_planner/MoveGroupSequenceService
[gzserver-1] [WARN] [1746003495.946896862] [rcl]: Found remap rule 'model_states:=model_states'. This syntax is deprecated. Use '--ros-args --remap model_states:=model_states' instead.
[gzserver-1] [WARN] [1746003495.947524951] [rcl]: Found remap rule 'link_states:=link_states'. This syntax is deprecated. Use '--ros-args --remap link_states:=link_states' instead.
[move_group-14] [INFO] [1746003496.012921779] [move_group.move_group]: 
[move_group-14] 
[move_group-14] ********************************************************
[move_group-14] * MoveGroup using: 
[move_group-14] *     - ApplyPlanningSceneService
[move_group-14] *     - ClearOctomapService
[move_group-14] *     - CartesianPathService
[move_group-14] *     - ExecuteTrajectoryAction
[move_group-14] *     - GetPlanningSceneService
[move_group-14] *     - KinematicsService
[move_group-14] *     - MoveAction
[move_group-14] *     - MotionPlanService
[move_group-14] *     - QueryPlannersService
[move_group-14] *     - StateValidationService
[move_group-14] ********************************************************
[move_group-14] 
[move_group-14] [INFO] [1746003496.013024665] [moveit_move_group_capabilities_base.move_group_context]: MoveGroup context using planning plugin ompl_interface/OMPLPlanner
[move_group-14] [INFO] [1746003496.013046908] [moveit_move_group_capabilities_base.move_group_context]: MoveGroup context initialization complete
[move_group-14] [96mLoading 'move_group/ApplyPlanningSceneService'...
[move_group-14] [0m[96mLoading 'move_group/ClearOctomapService'...
[move_group-14] [0m[96mLoading 'move_group/ExecuteTaskSolutionCapability'...
[move_group-14] [0m[96mLoading 'move_group/MoveGroupCartesianPathService'...
[move_group-14] [0m[96mLoading 'move_group/MoveGroupExecuteTrajectoryAction'...
[move_group-14] [0m[96mLoading 'move_group/MoveGroupGetPlanningSceneService'...
[move_group-14] [0m[96mLoading 'move_group/MoveGroupKinematicsService'...
[move_group-14] [0m[96mLoading 'move_group/MoveGroupMoveAction'...
[move_group-14] [0m[96mLoading 'move_group/MoveGroupPlanService'...
[move_group-14] [0m[96mLoading 'move_group/MoveGroupQueryPlannersService'...
[move_group-14] [0m[96mLoading 'move_group/MoveGroupStateValidationService'...
[move_group-14] [0m[92m
[move_group-14] You can start planning now!
[move_group-14] 
[gzserver-1] [INFO] [1746003496.042584005] [state.gazebo_ros_state]: Publishing states of gazebo models at [/state/model_states]
[gzserver-1] [INFO] [1746003496.045501953] [state.gazebo_ros_state]: Publishing states of gazebo links at [/state/link_states]
[spawn_entity.py-5] [INFO] [1746003496.366451364] [left]: Calling service /spawn_entity
[gzserver-1] [INFO] [1746003496.886182773] [right_summit_imu_imu_plugin]: <initial_orientation_as_reference> is unset, using default value of false to comply with REP 145 (world as orientation reference)
[spawn_entity.py-11] [INFO] [1746003497.221475998] [right]: Spawn status: SpawnEntity: Successfully spawned entity [right_robot]
[spawn_entity.py-11] [INFO] [1746003497.237653694] [right]: Calling service /unpause_physics
[INFO] [spawn_entity.py-11]: process has finished cleanly [pid 3278]
[gzserver-1] [INFO] [1746003497.546993068] [right_summit.omni_steering]: Subscribed to [/right_summit/cmd_vel]
[gzserver-1] [INFO] [1746003497.557853684] [right_summit.omni_steering]: Advertise odometry on [/right_summit/odom]
[gzserver-1] [INFO] [1746003497.570170738] [right_summit.omni_steering]: Publishing odom transforms between [right_summit_odom] and [right_summit_base_footprint]
[gzserver-1] [INFO] [1746003497.649807110] [gazebo_ros2_control]: Loading gazebo_ros2_control plugin
[gzserver-1] [INFO] [1746003497.672955043] [right.right_gazebo_ros2_control]: Starting gazebo_ros2_control plugin in namespace: /right
[gzserver-1] [INFO] [1746003497.673097307] [right.right_gazebo_ros2_control]: Starting gazebo_ros2_control plugin in ros 2 node: right_gazebo_ros2_control
[gzserver-1] [INFO] [1746003497.692359684] [right.right_gazebo_ros2_control]: connected to service!! robot_state_publisher
[gzserver-1] [INFO] [1746003497.701117391] [right.right_gazebo_ros2_control]: Received urdf from param server, parsing...
[gzserver-1] [INFO] [1746003497.703171100] [right.right_gazebo_ros2_control]: Loading parameter files /ros2_ws/install/ur/share/ur/config/right_controller.yaml
[gzserver-1] [INFO] [1746003497.718771724] [resource_manager]: Loading hardware 'right_ur' 
[gzserver-1] [ERROR] [1746003497.718898404] [right.right_gazebo_ros2_control]: Error initializing URDF to resource manager!
[gzserver-1] [INFO] [1746003497.750018231] [right.right_gazebo_ros2_control]: Loading joint: ur_right_shoulder_pan_joint
[gzserver-1] [INFO] [1746003497.750483166] [right.right_gazebo_ros2_control]: 	State:
[gzserver-1] [INFO] [1746003497.750578194] [right.right_gazebo_ros2_control]: 		 position
[gzserver-1] [INFO] [1746003497.751478074] [right.right_gazebo_ros2_control]: 			 found initial value: -1.300000
[gzserver-1] [INFO] [1746003497.751539434] [right.right_gazebo_ros2_control]: 		 velocity
[gzserver-1] [INFO] [1746003497.751817747] [right.right_gazebo_ros2_control]: 		 effort
[gzserver-1] [INFO] [1746003497.751937517] [right.right_gazebo_ros2_control]: 	Command:
[gzserver-1] [INFO] [1746003497.751962842] [right.right_gazebo_ros2_control]: 		 position
[gzserver-1] [INFO] [1746003497.752884625] [right.right_gazebo_ros2_control]: 		 velocity
[gzserver-1] [INFO] [1746003497.753524215] [right.right_gazebo_ros2_control]: Loading joint: ur_right_shoulder_lift_joint
[gzserver-1] [INFO] [1746003497.753571259] [right.right_gazebo_ros2_control]: 	State:
[gzserver-1] [INFO] [1746003497.753587801] [right.right_gazebo_ros2_control]: 		 position
[gzserver-1] [INFO] [1746003497.753607472] [right.right_gazebo_ros2_control]: 			 found initial value: -0.800000
[gzserver-1] [INFO] [1746003497.753629759] [right.right_gazebo_ros2_control]: 		 velocity
[gzserver-1] [INFO] [1746003497.753652632] [right.right_gazebo_ros2_control]: 		 effort
[gzserver-1] [INFO] [1746003497.753670489] [right.right_gazebo_ros2_control]: 	Command:
[gzserver-1] [INFO] [1746003497.753685314] [right.right_gazebo_ros2_control]: 		 position
[gzserver-1] [INFO] [1746003497.753735983] [right.right_gazebo_ros2_control]: 		 velocity
[gzserver-1] [INFO] [1746003497.753781906] [right.right_gazebo_ros2_control]: Loading joint: ur_right_elbow_joint
[gzserver-1] [INFO] [1746003497.753810600] [right.right_gazebo_ros2_control]: 	State:
[gzserver-1] [INFO] [1746003497.753832651] [right.right_gazebo_ros2_control]: 		 position
[gzserver-1] [INFO] [1746003497.753856834] [right.right_gazebo_ros2_control]: 			 found initial value: -1.800000
[gzserver-1] [INFO] [1746003497.753883129] [right.right_gazebo_ros2_control]: 		 velocity
[gzserver-1] [INFO] [1746003497.753909248] [right.right_gazebo_ros2_control]: 		 effort
[gzserver-1] [INFO] [1746003497.753974633] [right.right_gazebo_ros2_control]: 	Command:
[gzserver-1] [INFO] [1746003497.753993114] [right.right_gazebo_ros2_control]: 		 position
[gzserver-1] [INFO] [1746003497.754090415] [right.right_gazebo_ros2_control]: 		 velocity
[gzserver-1] [INFO] [1746003497.754121807] [right.right_gazebo_ros2_control]: Loading joint: ur_right_wrist_1_joint
[gzserver-1] [INFO] [1746003497.754142953] [right.right_gazebo_ros2_control]: 	State:
[gzserver-1] [INFO] [1746003497.754157467] [right.right_gazebo_ros2_control]: 		 position
[gzserver-1] [INFO] [1746003497.754174312] [right.right_gazebo_ros2_control]: 			 found initial value: -1.570000
[gzserver-1] [INFO] [1746003497.754192961] [right.right_gazebo_ros2_control]: 		 velocity
[gzserver-1] [INFO] [1746003497.754209376] [right.right_gazebo_ros2_control]: 		 effort
[gzserver-1] [INFO] [1746003497.754225273] [right.right_gazebo_ros2_control]: 	Command:
[gzserver-1] [INFO] [1746003497.754239524] [right.right_gazebo_ros2_control]: 		 position
[gzserver-1] [INFO] [1746003497.754269113] [right.right_gazebo_ros2_control]: 		 velocity
[gzserver-1] [INFO] [1746003497.754298116] [right.right_gazebo_ros2_control]: Loading joint: ur_right_wrist_2_joint
[gzserver-1] [INFO] [1746003497.754318589] [right.right_gazebo_ros2_control]: 	State:
[gzserver-1] [INFO] [1746003497.754333437] [right.right_gazebo_ros2_control]: 		 position
[gzserver-1] [INFO] [1746003497.754349613] [right.right_gazebo_ros2_control]: 			 found initial value: 1.638000
[gzserver-1] [INFO] [1746003497.754368317] [right.right_gazebo_ros2_control]: 		 velocity
[gzserver-1] [INFO] [1746003497.754391689] [right.right_gazebo_ros2_control]: 		 effort
[gzserver-1] [INFO] [1746003497.754408278] [right.right_gazebo_ros2_control]: 	Command:
[gzserver-1] [INFO] [1746003497.754423069] [right.right_gazebo_ros2_control]: 		 position
[gzserver-1] [INFO] [1746003497.754461067] [right.right_gazebo_ros2_control]: 		 velocity
[gzserver-1] [INFO] [1746003497.754490432] [right.right_gazebo_ros2_control]: Loading joint: ur_right_wrist_3_joint
[gzserver-1] [INFO] [1746003497.754519759] [right.right_gazebo_ros2_control]: 	State:
[gzserver-1] [INFO] [1746003497.754544296] [right.right_gazebo_ros2_control]: 		 position
[gzserver-1] [INFO] [1746003497.754569054] [right.right_gazebo_ros2_control]: 			 found initial value: 0.000000
[gzserver-1] [INFO] [1746003497.754588749] [right.right_gazebo_ros2_control]: 		 velocity
[gzserver-1] [INFO] [1746003497.754611097] [right.right_gazebo_ros2_control]: 		 effort
[gzserver-1] [INFO] [1746003497.754628864] [right.right_gazebo_ros2_control]: 	Command:
[gzserver-1] [INFO] [1746003497.754643627] [right.right_gazebo_ros2_control]: 		 position
[gzserver-1] [INFO] [1746003497.754671056] [right.right_gazebo_ros2_control]: 		 velocity
[gzserver-1] [INFO] [1746003497.755444889] [resource_manager]: Initialize hardware 'right_ur' 
[gzserver-1] [INFO] [1746003497.758956681] [resource_manager]: Successful initialization of hardware 'right_ur'
[gzserver-1] [INFO] [1746003497.759910190] [resource_manager]: 'configure' hardware 'right_ur' 
[gzserver-1] [INFO] [1746003497.759962152] [resource_manager]: Successful 'configure' of hardware 'right_ur'
[gzserver-1] [INFO] [1746003497.759989141] [resource_manager]: 'activate' hardware 'right_ur' 
[gzserver-1] [INFO] [1746003497.760001934] [resource_manager]: Successful 'activate' of hardware 'right_ur'
[gzserver-1] [INFO] [1746003497.761688103] [right.right_gazebo_ros2_control]: Loading controller_manager
[gzserver-1] [WARN] [1746003497.845779606] [right.right_gazebo_ros2_control]:  Desired controller update period (0.002 s) is slower than the gazebo simulation period (0.001 s).
[gzserver-1] [INFO] [1746003497.851525920] [right.right_gazebo_ros2_control]: Loaded gazebo_ros2_control.
[gzserver-1] [INFO] [1746003497.860795412] [right.controller_manager]: Loading controller 'ur_right_joint_group_vel_controller'
[move_group-14] [WARN] [1746003497.930105389] [moveit_ros.planning_scene_monitor.planning_scene_monitor]: The complete state of the robot is not yet known.  Missing right_summit_back_left_wheel_joint, right_summit_back_right_wheel_joint, right_summit_front_left_wheel_joint, right_summit_front_right_wheel_joint, ur_right_shoulder_pan_joint, ur_right_shoulder_lift_joint, ur_right_elbow_joint, ur_right_wrist_1_joint, ur_right_wrist_2_joint, ur_right_wrist_3_joint
[spawner-13] [INFO] [1746003497.947612977] [right.spawner_ur_right_joint_group_vel_controller]: [94mLoaded [1mur_right_joint_group_vel_controller[0m
[gzserver-1] [INFO] [1746003497.951792837] [right.controller_manager]: Configuring controller 'ur_right_joint_group_vel_controller'
[gzserver-1] [INFO] [1746003497.957470013] [right.ur_right_joint_group_vel_controller]: configure successful
[gzserver-1] [INFO] [1746003497.971269775] [right.ur_right_joint_group_vel_controller]: activate successful
[spawner-13] [INFO] [1746003497.975398758] [right.spawner_ur_right_joint_group_vel_controller]: [92mConfigured and activated [1mur_right_joint_group_vel_controller[0m
[gzserver-1] [INFO] [1746003498.082120978] [right.controller_manager]: Loading controller 'joint_state_broadcaster'
[INFO] [spawner-13]: process has finished cleanly [pid 3282]
[gzserver-1] [INFO] [1746003498.736681079] [left_summit_imu_imu_plugin]: <initial_orientation_as_reference> is unset, using default value of false to comply with REP 145 (world as orientation reference)
[spawn_entity.py-5] [INFO] [1746003499.078869350] [left]: Spawn status: SpawnEntity: Successfully spawned entity [left_robot]
[spawn_entity.py-5] [INFO] [1746003499.087813439] [left]: Calling service /unpause_physics
[gzserver-1] [WARN] [1746003499.180581548] [gazebo.rclcpp]: failed to send response to /unpause_physics (timeout): client will not receive response, at ./src/rmw_response.cpp:154, at ./src/rcl/service.c:314
[gzserver-1] [INFO] [1746003499.264230091] [left_summit.omni_steering]: Subscribed to [/left_summit/cmd_vel]
[gzserver-1] [INFO] [1746003499.265997654] [left_summit.omni_steering]: Advertise odometry on [/left_summit/odom]
[gzserver-1] [INFO] [1746003499.271577583] [left_summit.omni_steering]: Publishing odom transforms between [left_summit_odom] and [left_summit_base_footprint]
[gzserver-1] [INFO] [1746003499.272164987] [gazebo_ros2_control]: Loading gazebo_ros2_control plugin
[gzserver-1] [WARN] [1746003499.281366113] [gazebo.rclcpp]: failed to send response to /unpause_physics (timeout): client will not receive response, at ./src/rmw_response.cpp:154, at ./src/rcl/service.c:314
[gzserver-1] [INFO] [1746003499.294083286] [left.left_gazebo_ros2_control]: Starting gazebo_ros2_control plugin in namespace: /left
[gzserver-1] [INFO] [1746003499.294162439] [left.left_gazebo_ros2_control]: Starting gazebo_ros2_control plugin in ros 2 node: left_gazebo_ros2_control
[gzserver-1] [INFO] [1746003499.311304769] [left.left_gazebo_ros2_control]: connected to service!! robot_state_publisher
[gzserver-1] [INFO] [1746003499.313985499] [left.left_gazebo_ros2_control]: Received urdf from param server, parsing...
[gzserver-1] [INFO] [1746003499.314259398] [left.left_gazebo_ros2_control]: Loading parameter files /ros2_ws/install/ur/share/ur/config/left_controller.yaml
[gzserver-1] [INFO] [1746003499.324538162] [resource_manager]: Loading hardware 'left_ur' 
[gzserver-1] [ERROR] [1746003499.324705510] [left.left_gazebo_ros2_control]: Error initializing URDF to resource manager!
[gzserver-1] [INFO] [1746003499.329826858] [left.left_gazebo_ros2_control]: Loading joint: ur_left_shoulder_pan_joint
[gzserver-1] [INFO] [1746003499.329947641] [left.left_gazebo_ros2_control]: 	State:
[gzserver-1] [INFO] [1746003499.329978751] [left.left_gazebo_ros2_control]: 		 position
[gzserver-1] [INFO] [1746003499.330016525] [left.left_gazebo_ros2_control]: 			 found initial value: -1.400000
[gzserver-1] [INFO] [1746003499.330054998] [left.left_gazebo_ros2_control]: 		 velocity
[gzserver-1] [INFO] [1746003499.330096945] [left.left_gazebo_ros2_control]: 		 effort
[gzserver-1] [INFO] [1746003499.330132450] [left.left_gazebo_ros2_control]: 	Command:
[gzserver-1] [INFO] [1746003499.330160277] [left.left_gazebo_ros2_control]: 		 position
[INFO] [spawn_entity.py-5]: process has finished cleanly [pid 3266]
[gzserver-1] [INFO] [1746003499.330255597] [left.left_gazebo_ros2_control]: 		 velocity
[gzserver-1] [INFO] [1746003499.330300317] [left.left_gazebo_ros2_control]: Loading joint: ur_left_shoulder_lift_joint
[gzserver-1] [INFO] [1746003499.330326504] [left.left_gazebo_ros2_control]: 	State:
[gzserver-1] [INFO] [1746003499.330343046] [left.left_gazebo_ros2_control]: 		 position
[gzserver-1] [INFO] [1746003499.330359970] [left.left_gazebo_ros2_control]: 			 found initial value: -1.227838
[gzserver-1] [INFO] [1746003499.330379182] [left.left_gazebo_ros2_control]: 		 velocity
[gzserver-1] [INFO] [1746003499.330398648] [left.left_gazebo_ros2_control]: 		 effort
[gzserver-1] [INFO] [1746003499.330416470] [left.left_gazebo_ros2_control]: 	Command:
[gzserver-1] [INFO] [1746003499.330431185] [left.left_gazebo_ros2_control]: 		 position
[gzserver-1] [INFO] [1746003499.330468190] [left.left_gazebo_ros2_control]: 		 velocity
[gzserver-1] [INFO] [1746003499.330497858] [left.left_gazebo_ros2_control]: Loading joint: ur_left_elbow_joint
[gzserver-1] [INFO] [1746003499.330517095] [left.left_gazebo_ros2_control]: 	State:
[gzserver-1] [INFO] [1746003499.330532228] [left.left_gazebo_ros2_control]: 		 position
[gzserver-1] [INFO] [1746003499.330548449] [left.left_gazebo_ros2_control]: 			 found initial value: -1.791046
[gzserver-1] [INFO] [1746003499.330566650] [left.left_gazebo_ros2_control]: 		 velocity
[gzserver-1] [INFO] [1746003499.330584581] [left.left_gazebo_ros2_control]: 		 effort
[gzserver-1] [INFO] [1746003499.330613147] [left.left_gazebo_ros2_control]: 	Command:
[gzserver-1] [INFO] [1746003499.330630429] [left.left_gazebo_ros2_control]: 		 position
[gzserver-1] [INFO] [1746003499.330666227] [left.left_gazebo_ros2_control]: 		 velocity
[gzserver-1] [INFO] [1746003499.330693800] [left.left_gazebo_ros2_control]: Loading joint: ur_left_wrist_1_joint
[gzserver-1] [INFO] [1746003499.330712812] [left.left_gazebo_ros2_control]: 	State:
[gzserver-1] [INFO] [1746003499.330728441] [left.left_gazebo_ros2_control]: 		 position
[gzserver-1] [INFO] [1746003499.330744835] [left.left_gazebo_ros2_control]: 			 found initial value: -1.447073
[gzserver-1] [INFO] [1746003499.330763010] [left.left_gazebo_ros2_control]: 		 velocity
[gzserver-1] [INFO] [1746003499.330779646] [left.left_gazebo_ros2_control]: 		 effort
[gzserver-1] [INFO] [1746003499.330881639] [left.left_gazebo_ros2_control]: 	Command:
[gzserver-1] [INFO] [1746003499.330912668] [left.left_gazebo_ros2_control]: 		 position
[gzserver-1] [INFO] [1746003499.330968493] [left.left_gazebo_ros2_control]: 		 velocity
[gzserver-1] [INFO] [1746003499.331017875] [left.left_gazebo_ros2_control]: Loading joint: ur_left_wrist_2_joint
[gzserver-1] [INFO] [1746003499.331051261] [left.left_gazebo_ros2_control]: 	State:
[gzserver-1] [INFO] [1746003499.331078057] [left.left_gazebo_ros2_control]: 		 position
[gzserver-1] [INFO] [1746003499.331107311] [left.left_gazebo_ros2_control]: 			 found initial value: 1.900333
[gzserver-1] [INFO] [1746003499.331141381] [left.left_gazebo_ros2_control]: 		 velocity
[gzserver-1] [INFO] [1746003499.331172782] [left.left_gazebo_ros2_control]: 		 effort
[gzserver-1] [INFO] [1746003499.331203495] [left.left_gazebo_ros2_control]: 	Command:
[gzserver-1] [INFO] [1746003499.331229045] [left.left_gazebo_ros2_control]: 		 position
[gzserver-1] [INFO] [1746003499.331297147] [left.left_gazebo_ros2_control]: 		 velocity
[gzserver-1] [INFO] [1746003499.331340532] [left.left_gazebo_ros2_control]: Loading joint: ur_left_wrist_3_joint
[gzserver-1] [INFO] [1746003499.331372076] [left.left_gazebo_ros2_control]: 	State:
[gzserver-1] [INFO] [1746003499.331400999] [left.left_gazebo_ros2_control]: 		 position
[gzserver-1] [INFO] [1746003499.331421727] [left.left_gazebo_ros2_control]: 			 found initial value: -0.755379
[gzserver-1] [INFO] [1746003499.331440865] [left.left_gazebo_ros2_control]: 		 velocity
[gzserver-1] [INFO] [1746003499.331464087] [left.left_gazebo_ros2_control]: 		 effort
[gzserver-1] [INFO] [1746003499.331482085] [left.left_gazebo_ros2_control]: 	Command:
[gzserver-1] [INFO] [1746003499.331496738] [left.left_gazebo_ros2_control]: 		 position
[gzserver-1] [INFO] [1746003499.331525462] [left.left_gazebo_ros2_control]: 		 velocity
[gzserver-1] [INFO] [1746003499.331573382] [resource_manager]: Initialize hardware 'left_ur' 
[gzserver-1] [INFO] [1746003499.331644664] [resource_manager]: Successful initialization of hardware 'left_ur'
[gzserver-1] [INFO] [1746003499.331704995] [resource_manager]: 'configure' hardware 'left_ur' 
[gzserver-1] [INFO] [1746003499.331725055] [resource_manager]: Successful 'configure' of hardware 'left_ur'
[gzserver-1] [INFO] [1746003499.331745352] [resource_manager]: 'activate' hardware 'left_ur' 
[gzserver-1] [INFO] [1746003499.331761051] [resource_manager]: Successful 'activate' of hardware 'left_ur'
[gzserver-1] [INFO] [1746003499.331871461] [left.left_gazebo_ros2_control]: Loading controller_manager
[gzserver-1] [WARN] [1746003499.418808279] [left.left_gazebo_ros2_control]:  Desired controller update period (0.002 s) is slower than the gazebo simulation period (0.001 s).
[gzserver-1] [INFO] [1746003499.419794087] [left.left_gazebo_ros2_control]: Loaded gazebo_ros2_control.
[spawner-12] [INFO] [1746003499.426879963] [right.spawner_joint_state_broadcaster]: [94mLoaded [1mjoint_state_broadcaster[0m
[gzserver-1] [INFO] [1746003499.432075408] [right.controller_manager]: Configuring controller 'joint_state_broadcaster'
[gzserver-1] [INFO] [1746003499.432368228] [right.joint_state_broadcaster]: 'joints' or 'interfaces' parameter is empty. All available state interfaces will be published
[move_group-14] [WARN] [1746003499.458255821] [moveit_ros.planning_scene_monitor.planning_scene_monitor]: The complete state of the robot is not yet known.  Missing right_summit_back_left_wheel_joint, right_summit_back_right_wheel_joint, right_summit_front_left_wheel_joint, right_summit_front_right_wheel_joint, ur_right_shoulder_pan_joint, ur_right_shoulder_lift_joint, ur_right_elbow_joint, ur_right_wrist_1_joint, ur_right_wrist_2_joint, ur_right_wrist_3_joint
[spawner-12] [INFO] [1746003499.470567646] [right.spawner_joint_state_broadcaster]: [92mConfigured and activated [1mjoint_state_broadcaster[0m
[move_group-8] [WARN] [1746003499.515614784] [moveit_ros.planning_scene_monitor.planning_scene_monitor]: The complete state of the robot is not yet known.  Missing left_summit_back_left_wheel_joint, left_summit_back_right_wheel_joint, left_summit_front_left_wheel_joint, left_summit_front_right_wheel_joint, ur_left_shoulder_pan_joint, ur_left_shoulder_lift_joint, ur_left_elbow_joint, ur_left_wrist_1_joint, ur_left_wrist_2_joint, ur_left_wrist_3_joint
[gzserver-1] [INFO] [1746003499.529201887] [left.controller_manager]: Loading controller 'ur_left_joint_group_vel_controller'
[spawner-7] [INFO] [1746003499.642030867] [left.spawner_ur_left_joint_group_vel_controller]: [94mLoaded [1mur_left_joint_group_vel_controller[0m
[gzserver-1] [INFO] [1746003499.657128926] [left.controller_manager]: Loading controller 'joint_state_broadcaster'
[gzserver-1] [INFO] [1746003499.733569756] [left.controller_manager]: Configuring controller 'ur_left_joint_group_vel_controller'
[spawner-6] [INFO] [1746003499.735592864] [left.spawner_joint_state_broadcaster]: [94mLoaded [1mjoint_state_broadcaster[0m
[gzserver-1] [INFO] [1746003499.736755450] [left.ur_left_joint_group_vel_controller]: configure successful
[gzserver-1] [INFO] [1746003499.744861607] [left.controller_manager]: Configuring controller 'joint_state_broadcaster'
[gzserver-1] [INFO] [1746003499.745901368] [left.joint_state_broadcaster]: 'joints' or 'interfaces' parameter is empty. All available state interfaces will be published
[spawner-6] [INFO] [1746003499.766914041] [left.spawner_joint_state_broadcaster]: [92mConfigured and activated [1mjoint_state_broadcaster[0m
[INFO] [spawner-12]: process has finished cleanly [pid 3280]
[gzserver-1] [INFO] [1746003499.836959299] [left.ur_left_joint_group_vel_controller]: activate successful
[spawner-7] [INFO] [1746003499.844271278] [left.spawner_ur_left_joint_group_vel_controller]: [92mConfigured and activated [1mur_left_joint_group_vel_controller[0m
[INFO] [spawner-6]: process has finished cleanly [pid 3268]
[INFO] [spawner-7]: process has finished cleanly [pid 3270]
[move_group-14] [WARN] [1746003500.534931628] [moveit_ros.planning_scene_monitor.planning_scene_monitor]: The complete state of the robot is not yet known.  Missing right_summit_back_left_wheel_joint, right_summit_back_right_wheel_joint, right_summit_front_left_wheel_joint, right_summit_front_right_wheel_joint, ur_right_shoulder_pan_joint, ur_right_shoulder_lift_joint, ur_right_elbow_joint, ur_right_wrist_1_joint, ur_right_wrist_2_joint, ur_right_wrist_3_joint
[move_group-8] [WARN] [1746003500.585833751] [moveit_ros.planning_scene_monitor.planning_scene_monitor]: The complete state of the robot is not yet known.  Missing left_summit_back_left_wheel_joint, left_summit_back_right_wheel_joint, left_summit_front_left_wheel_joint, left_summit_front_right_wheel_joint, ur_left_shoulder_pan_joint, ur_left_shoulder_lift_joint, ur_left_elbow_joint, ur_left_wrist_1_joint, ur_left_wrist_2_joint, ur_left_wrist_3_joint
[move_group-14] [WARN] [1746003501.546488172] [moveit_ros.planning_scene_monitor.planning_scene_monitor]: The complete state of the robot is not yet known.  Missing right_summit_back_left_wheel_joint, right_summit_back_right_wheel_joint, right_summit_front_left_wheel_joint, right_summit_front_right_wheel_joint, ur_right_shoulder_pan_joint, ur_right_shoulder_lift_joint, ur_right_elbow_joint, ur_right_wrist_1_joint, ur_right_wrist_2_joint, ur_right_wrist_3_joint
[move_group-8] [WARN] [1746003501.630108543] [moveit_ros.planning_scene_monitor.planning_scene_monitor]: The complete state of the robot is not yet known.  Missing left_summit_back_left_wheel_joint, left_summit_back_right_wheel_joint, left_summit_front_left_wheel_joint, left_summit_front_right_wheel_joint, ur_left_shoulder_pan_joint, ur_left_shoulder_lift_joint, ur_left_elbow_joint, ur_left_wrist_1_joint, ur_left_wrist_2_joint, ur_left_wrist_3_joint
[move_group-8] [WARN] [1746003502.649682848] [moveit_ros.planning_scene_monitor.planning_scene_monitor]: The complete state of the robot is not yet known.  Missing left_summit_back_left_wheel_joint, left_summit_back_right_wheel_joint, left_summit_front_left_wheel_joint, left_summit_front_right_wheel_joint, ur_left_shoulder_pan_joint, ur_left_shoulder_lift_joint, ur_left_elbow_joint, ur_left_wrist_1_joint, ur_left_wrist_2_joint, ur_left_wrist_3_joint
[move_group-8] [WARN] [1746003503.662284977] [moveit_ros.planning_scene_monitor.planning_scene_monitor]: The complete state of the robot is not yet known.  Missing left_summit_back_left_wheel_joint, left_summit_back_right_wheel_joint, left_summit_front_left_wheel_joint, left_summit_front_right_wheel_joint, ur_left_shoulder_pan_joint, ur_left_shoulder_lift_joint, ur_left_elbow_joint, ur_left_wrist_1_joint, ur_left_wrist_2_joint, ur_left_wrist_3_joint
[move_group-8] [WARN] [1746003504.699147084] [moveit_ros.planning_scene_monitor.planning_scene_monitor]: The complete state of the robot is not yet known.  Missing left_summit_back_left_wheel_joint, left_summit_back_right_wheel_joint, left_summit_front_left_wheel_joint, left_summit_front_right_wheel_joint, ur_left_shoulder_pan_joint, ur_left_shoulder_lift_joint, ur_left_elbow_joint, ur_left_wrist_1_joint, ur_left_wrist_2_joint, ur_left_wrist_3_joint
[rviz2-3] [ERROR] [1746003504.972259840] [rviz2]: Could not find parameter robot_description and did not receive robot_description via std_msgs::msg::String subscription within 10.000000 seconds.
[rviz2-3] Warning: class_loader.impl: SEVERE WARNING!!! A namespace collision has occurred with plugin factory for class rviz_default_plugins::displays::InteractiveMarkerDisplay. New factory will OVERWRITE existing one. This situation occurs when libraries containing plugins are directly linked against an executable (the one running right now generating this message). Please separate plugins out into their own library or just don't link against the library and use either class_loader::ClassLoader/MultiLibraryClassLoader to open.
[rviz2-3]          at line 253 in /opt/ros/humble/include/class_loader/class_loader/class_loader_core.hpp
[rviz2-3] [ERROR] [1746003514.872545065] [moveit_ros_visualization.motion_planning_frame]: Action server: /recognize_objects not available
[rviz2-3] [INFO] [1746003514.907343485] [moveit_ros_visualization.motion_planning_frame]: MoveGroup namespace changed: / -> . Reloading params.
[rviz2-3] Error:   Error document empty.
[rviz2-3]          at line 100 in ./urdf_parser/src/model.cpp
[rviz2-3] Failed to parse robot description using: urdf_xml_parser/URDFXMLParser
[rviz2-3] [INFO] [1746003515.018458151] [moveit_rdf_loader.rdf_loader]: Unable to parse URDF
[rviz2-3] [ERROR] [1746003515.071035974] [moveit_ros.planning_scene_monitor.planning_scene_monitor]: Robot model not loaded
[rviz2-3] Error:   Error document empty.
[rviz2-3]          at line 100 in ./urdf_parser/src/model.cpp
[rviz2-3] Failed to parse robot description using: urdf_xml_parser/URDFXMLParser
[rviz2-3] [INFO] [1746003535.206601119] [moveit_rdf_loader.rdf_loader]: Unable to parse URDF
[rviz2-3] [ERROR] [1746003535.246669430] [moveit_ros.planning_scene_monitor.planning_scene_monitor]: Robot model not loaded
[rviz2-3] Error:   Error document empty.
[rviz2-3]          at line 100 in ./urdf_parser/src/model.cpp
[rviz2-3] Failed to parse robot description using: urdf_xml_parser/URDFXMLParser
[rviz2-3] [INFO] [1746003580.387813194] [moveit_rdf_loader.rdf_loader]: Unable to parse URDF
[rviz2-3] [ERROR] [1746003580.414015293] [moveit_ros.planning_scene_monitor.planning_scene_monitor]: Robot model not loaded
[rviz2-3] Error:   Error document empty.
[rviz2-3]          at line 100 in ./urdf_parser/src/model.cpp
[rviz2-3] Failed to parse robot description using: urdf_xml_parser/URDFXMLParser
[rviz2-3] [INFO] [1746003600.499242938] [moveit_rdf_loader.rdf_loader]: Unable to parse URDF
[rviz2-3] [ERROR] [1746003600.534704352] [moveit_ros.planning_scene_monitor.planning_scene_monitor]: Robot model not loaded
[INFO] [rviz2-3]: process has finished cleanly [pid 3262]
[INFO] [gzclient-2]: process has finished cleanly [pid 3260]
[WARNING] [launch]: user interrupted with ctrl-c (SIGINT)
[robot_state_publisher-10] [INFO] [1746003643.899569945] [rclcpp]: signal_handler(signum=2)
[move_group-14] [INFO] [1746003643.899567285] [rclcpp]: signal_handler(signum=2)
[static_transform_publisher-15] [INFO] [1746003643.899569934] [rclcpp]: signal_handler(signum=2)
[move_group-8] [INFO] [1746003643.899591370] [rclcpp]: signal_handler(signum=2)
[static_transform_publisher-9] [INFO] [1746003643.899591352] [rclcpp]: signal_handler(signum=2)
[robot_state_publisher-4] [INFO] [1746003643.899788547] [rclcpp]: signal_handler(signum=2)
[move_group-14] [INFO] [1746003643.930458819] [moveit.ros_planning_interface.moveit_cpp]: Deleting MoveItCpp
[move_group-8] [INFO] [1746003643.930544139] [moveit.ros_planning_interface.moveit_cpp]: Deleting MoveItCpp
[move_group-14] [INFO] [1746003643.931135691] [moveit_ros.planning_scene_monitor.planning_scene_monitor]: Stopped publishing maintained planning scene.
[move_group-8] [INFO] [1746003643.931249121] [moveit_ros.planning_scene_monitor.planning_scene_monitor]: Stopped publishing maintained planning scene.
[move_group-14] [INFO] [1746003643.932864449] [moveit_ros.planning_scene_monitor.planning_scene_monitor]: Stopping world geometry monitor
[move_group-8] [INFO] [1746003643.933406634] [moveit_ros.planning_scene_monitor.planning_scene_monitor]: Stopping world geometry monitor
[move_group-14] [INFO] [1746003643.934810101] [moveit_ros.planning_scene_monitor.planning_scene_monitor]: Stopping planning scene monitor
[move_group-14] Warning: class_loader.ClassLoader: SEVERE WARNING!!! Attempting to unload library while objects created by this loader exist in the heap! You should delete your objects before attempting to unload the library or destroying the ClassLoader. The library will NOT be unloaded.
[move_group-14]          at line 127 in ./src/class_loader.cpp
[move_group-8] [INFO] [1746003643.935488109] [moveit_ros.planning_scene_monitor.planning_scene_monitor]: Stopping planning scene monitor
[move_group-8] Warning: class_loader.ClassLoader: SEVERE WARNING!!! Attempting to unload library while objects created by this loader exist in the heap! You should delete your objects before attempting to unload the library or destroying the ClassLoader. The library will NOT be unloaded.
[move_group-8]          at line 127 in ./src/class_loader.cpp
[move_group-8] Stack trace (most recent call last):
[move_group-14] Stack trace (most recent call last):
[move_group-8] #11   Object "", at 0xffffffffffffffff, in 
[move_group-14] #11   Object "", at 0xffffffffffffffff, in 
[move_group-8] #10   Object "/ros2_ws/build/moveit_ros_move_group/move_group", at 0x5578f817deb4, in _start
[move_group-14] #10   Object "/ros2_ws/build/moveit_ros_move_group/move_group", at 0x563b84221eb4, in _start
[move_group-14] #9    Object "/usr/lib/x86_64-linux-gnu/libc.so.6", at 0x7f5475506e3f, in __libc_start_main
[move_group-8] #9    Object "/usr/lib/x86_64-linux-gnu/libc.so.6", at 0x7f53bd10ce3f, in __libc_start_main
[move_group-14] #8    Object "/usr/lib/x86_64-linux-gnu/libc.so.6", at 0x7f5475506d8f, in 
[move_group-14] #7    Object "/ros2_ws/build/moveit_ros_move_group/move_group", at 0x563b84221483, in main
[move_group-14] #6    Object "/ros2_ws/build/moveit_ros_move_group/move_group", at 0x563b842289c1, in std::_Sp_counted_base<(__gnu_cxx::_Lock_policy)2>::_M_release()
[move_group-8] #8    Object "/usr/lib/x86_64-linux-gnu/libc.so.6", at 0x7f53bd10cd8f, in 
[move_group-8] #7    Object "/ros2_ws/build/moveit_ros_move_group/move_group", at 0x5578f817d483, in main
[move_group-8] #6    Object "/ros2_ws/build/moveit_ros_move_group/move_group", at 0x5578f81849c1, in std::_Sp_counted_base<(__gnu_cxx::_Lock_policy)2>::_M_release()
[move_group-14] #5    Object "/opt/ros/humble/lib/librclcpp.so", at 0x7f5475a6984e, in rclcpp::Node::~Node()
[move_group-14] #4    Object "/opt/ros/humble/lib/librclcpp.so", at 0x7f5475a44c69, in 
[move_group-14] #3    Object "/opt/ros/humble/lib/librclcpp.so", at 0x7f5475a72ef9, in 
[move_group-14] #2    Object "/opt/ros/humble/lib/librclcpp.so", at 0x7f5475a72e40, in rclcpp::node_interfaces::NodeBase::~NodeBase()
[move_group-14] #1    Object "/opt/ros/humble/lib/librclcpp.so", at 0x7f5475a44c69, in 
[move_group-8] #5    Object "/opt/ros/humble/lib/librclcpp.so", at 0x7f53bd66984e, in rclcpp::Node::~Node()
[move_group-8] #4    Object "/opt/ros/humble/lib/librclcpp.so", at 0x7f53bd644c69, in 
[move_group-8] #3    Object "/opt/ros/humble/lib/librclcpp.so", at 0x7f53bd672ef9, in 
[move_group-8] #2    Object "/opt/ros/humble/lib/librclcpp.so", at 0x7f53bd672e40, in rclcpp::node_interfaces::NodeBase::~NodeBase()
[move_group-8] #1    Object "/opt/ros/humble/lib/librclcpp.so", at 0x7f53bd644c69, in 
[move_group-14] #0    Object "/opt/ros/humble/lib/librclcpp.so", at 0x7f5475a499e1, in rclcpp::CallbackGroup::~CallbackGroup()
[move_group-14] Segmentation fault (Address not mapped to object [0x7f5454710c70])
[move_group-8] #0    Object "/opt/ros/humble/lib/librclcpp.so", at 0x7f53bd6499e1, in rclcpp::CallbackGroup::~CallbackGroup()
[move_group-8] Segmentation fault (Address not mapped to object [0x7f539c3e2c70])
[INFO] [static_transform_publisher-15]: process has finished cleanly [pid 3286]
[INFO] [static_transform_publisher-9]: process has finished cleanly [pid 3274]
[INFO] [robot_state_publisher-4]: process has finished cleanly [pid 3264]
[INFO] [robot_state_publisher-10]: process has finished cleanly [pid 3276]
[ERROR] [move_group-14]: process has died [pid 3284, exit code -11, cmd '/ros2_ws/install/moveit_ros_move_group/lib/moveit_ros_move_group/move_group --ros-args --params-file /tmp/launch_params_4lf5x9o9 --params-file /tmp/launch_params_hbfm8way --params-file /tmp/launch_params_a9ytqb6u --params-file /tmp/launch_params_q6ztnyq9'].
[move_group-14] [0m
[ERROR] [move_group-8]: process has died [pid 3272, exit code -11, cmd '/ros2_ws/install/moveit_ros_move_group/lib/moveit_ros_move_group/move_group --ros-args --params-file /tmp/launch_params_ej1aspbr --params-file /tmp/launch_params_73ejgso9 --params-file /tmp/launch_params_guk6iq5u --params-file /tmp/launch_params_vx6p1lp7'].
[move_group-8] [0m
[INFO] [gzserver-1]: process has finished cleanly [pid 3258]
