[INFO] [launch]: All log files can be found below /root/.ros/log/2025-07-03-14-30-25-377924-outlander-Aspire-V3-571G-83149
[INFO] [launch]: Default logging verbosity is set to INFO
[INFO] [gzserver-1]: process started with pid [83153]
[INFO] [gzclient-2]: process started with pid [83155]
[INFO] [spawn_entity.py-3]: process started with pid [83157]
[INFO] [robot_state_publisher-4]: process started with pid [83159]
[INFO] [static_transform_publisher-5]: process started with pid [83161]
[INFO] [static_transform_publisher-6]: process started with pid [83163]
[INFO] [static_transform_publisher-7]: process started with pid [83165]
[INFO] [static_transform_publisher-8]: process started with pid [83167]
[INFO] [static_transform_publisher-9]: process started with pid [83169]
[INFO] [spawner-10]: process started with pid [83171]
[INFO] [spawner-11]: process started with pid [83173]
[INFO] [spawn_entity.py-12]: process started with pid [83175]
[INFO] [robot_state_publisher-13]: process started with pid [83178]
[INFO] [static_transform_publisher-14]: process started with pid [83188]
[INFO] [static_transform_publisher-15]: process started with pid [83203]
[INFO] [static_transform_publisher-16]: process started with pid [83237]
[INFO] [static_transform_publisher-17]: process started with pid [83256]
[INFO] [static_transform_publisher-18]: process started with pid [83259]
[INFO] [spawner-19]: process started with pid [83262]
[INFO] [spawner-20]: process started with pid [83266]
[INFO] [rviz2-21]: process started with pid [83286]
[INFO] [move_group-22]: process started with pid [83288]
[robot_state_publisher-4] [INFO] [1751553031.903397873] [left.robot_state_publisher]: got segment left_summit_back_left_wheel_link
[robot_state_publisher-4] [INFO] [1751553031.903553580] [left.robot_state_publisher]: got segment left_summit_back_right_wheel_link
[robot_state_publisher-4] [INFO] [1751553031.903579932] [left.robot_state_publisher]: got segment left_summit_base_chapa
[robot_state_publisher-4] [INFO] [1751553031.903601334] [left.robot_state_publisher]: got segment left_summit_base_docking_contact
[robot_state_publisher-4] [INFO] [1751553031.903620444] [left.robot_state_publisher]: got segment left_summit_base_footprint
[robot_state_publisher-4] [INFO] [1751553031.903639033] [left.robot_state_publisher]: got segment left_summit_base_link
[robot_state_publisher-4] [INFO] [1751553031.903656829] [left.robot_state_publisher]: got segment left_summit_base_logo_front
[robot_state_publisher-4] [INFO] [1751553031.903674396] [left.robot_state_publisher]: got segment left_summit_base_logo_left
[robot_state_publisher-4] [INFO] [1751553031.903691044] [left.robot_state_publisher]: got segment left_summit_base_logo_rear
[robot_state_publisher-4] [INFO] [1751553031.903708473] [left.robot_state_publisher]: got segment left_summit_base_logo_right
[robot_state_publisher-4] [INFO] [1751553031.903726383] [left.robot_state_publisher]: got segment left_summit_front_laser_base_link
[robot_state_publisher-4] [INFO] [1751553031.903744497] [left.robot_state_publisher]: got segment left_summit_front_laser_link
[robot_state_publisher-4] [INFO] [1751553031.903763054] [left.robot_state_publisher]: got segment left_summit_front_left_wheel_link
[robot_state_publisher-4] [INFO] [1751553031.903781663] [left.robot_state_publisher]: got segment left_summit_front_right_wheel_link
[robot_state_publisher-4] [INFO] [1751553031.903800140] [left.robot_state_publisher]: got segment left_summit_imu_link
[robot_state_publisher-4] [INFO] [1751553031.903818466] [left.robot_state_publisher]: got segment left_summit_rear_laser_base_link
[robot_state_publisher-4] [INFO] [1751553031.903836008] [left.robot_state_publisher]: got segment left_summit_rear_laser_link
[robot_state_publisher-4] [INFO] [1751553031.903853465] [left.robot_state_publisher]: got segment ur_left_base
[robot_state_publisher-4] [INFO] [1751553031.903870860] [left.robot_state_publisher]: got segment ur_left_base_link
[robot_state_publisher-4] [INFO] [1751553031.903887639] [left.robot_state_publisher]: got segment ur_left_base_link_inertia
[robot_state_publisher-4] [INFO] [1751553031.903906977] [left.robot_state_publisher]: got segment ur_left_finger_left
[robot_state_publisher-4] [INFO] [1751553031.903924841] [left.robot_state_publisher]: got segment ur_left_finger_right
[robot_state_publisher-4] [INFO] [1751553031.903944417] [left.robot_state_publisher]: got segment ur_left_finger_tip
[robot_state_publisher-4] [INFO] [1751553031.903963534] [left.robot_state_publisher]: got segment ur_left_flange
[robot_state_publisher-4] [INFO] [1751553031.903982592] [left.robot_state_publisher]: got segment ur_left_forearm_link
[robot_state_publisher-4] [INFO] [1751553031.904001875] [left.robot_state_publisher]: got segment ur_left_ft_frame
[robot_state_publisher-4] [INFO] [1751553031.904020761] [left.robot_state_publisher]: got segment ur_left_robotiq_hand
[robot_state_publisher-4] [INFO] [1751553031.904039871] [left.robot_state_publisher]: got segment ur_left_shoulder_link
[robot_state_publisher-4] [INFO] [1751553031.904058548] [left.robot_state_publisher]: got segment ur_left_tool0
[robot_state_publisher-4] [INFO] [1751553031.904077662] [left.robot_state_publisher]: got segment ur_left_upper_arm_link
[robot_state_publisher-4] [INFO] [1751553031.904096774] [left.robot_state_publisher]: got segment ur_left_wrist_1_link
[robot_state_publisher-4] [INFO] [1751553031.904116004] [left.robot_state_publisher]: got segment ur_left_wrist_2_link
[robot_state_publisher-4] [INFO] [1751553031.904135052] [left.robot_state_publisher]: got segment ur_left_wrist_3_link
[static_transform_publisher-5] [WARN] [1751553031.702261311] []: Old-style arguments are deprecated; see --help for new-style arguments
[static_transform_publisher-5] [INFO] [1751553031.827835122] [left.static_transform_publisher]: Spinning until stopped - publishing transform
[static_transform_publisher-5] translation: ('-0.660000', '0.000000', '0.000000')
[static_transform_publisher-5] rotation: ('0.000000', '0.000000', '0.000000', '1.000000')
[static_transform_publisher-5] from 'world' to 'left_summit_odom'
[static_transform_publisher-6] [WARN] [1751553031.718509737] []: Old-style arguments are deprecated; see --help for new-style arguments
[static_transform_publisher-6] [INFO] [1751553031.836426490] [left_static_transform_publisher_back_left]: Spinning until stopped - publishing transform
[static_transform_publisher-6] translation: ('0.250000', '0.150000', '0.000000')
[static_transform_publisher-6] rotation: ('0.000000', '0.000000', '0.000000', '1.000000')
[static_transform_publisher-6] from 'left_summit_base_link' to 'left_summit_back_left_wheel_link'
[static_transform_publisher-7] [WARN] [1751553031.706767038] []: Old-style arguments are deprecated; see --help for new-style arguments
[static_transform_publisher-7] [INFO] [1751553031.804705612] [left_static_transform_publisher_back_right]: Spinning until stopped - publishing transform
[static_transform_publisher-7] translation: ('0.250000', '-0.150000', '0.000000')
[static_transform_publisher-7] rotation: ('0.000000', '0.000000', '0.000000', '1.000000')
[static_transform_publisher-7] from 'left_summit_base_link' to 'left_summit_back_right_wheel_link'
[static_transform_publisher-8] [WARN] [1751553031.725763900] []: Old-style arguments are deprecated; see --help for new-style arguments
[static_transform_publisher-8] [INFO] [1751553031.791566687] [left_static_transform_publisher_front_left]: Spinning until stopped - publishing transform
[static_transform_publisher-8] translation: ('-0.250000', '0.150000', '0.000000')
[static_transform_publisher-8] rotation: ('0.000000', '0.000000', '0.000000', '1.000000')
[static_transform_publisher-8] from 'left_summit_base_link' to 'left_summit_front_left_wheel_link'
[static_transform_publisher-9] [WARN] [1751553031.704233447] []: Old-style arguments are deprecated; see --help for new-style arguments
[static_transform_publisher-9] [INFO] [1751553031.849893578] [static_transform_publisher_front_right]: Spinning until stopped - publishing transform
[static_transform_publisher-9] translation: ('-0.250000', '-0.150000', '0.000000')
[static_transform_publisher-9] rotation: ('0.000000', '0.000000', '0.000000', '1.000000')
[static_transform_publisher-9] from 'left_summit_base_link' to 'left_summit_front_right_wheel_link'
[robot_state_publisher-13] [INFO] [1751553031.814662311] [right.robot_state_publisher]: got segment right_summit_back_left_wheel_link
[robot_state_publisher-13] [INFO] [1751553031.814814978] [right.robot_state_publisher]: got segment right_summit_back_right_wheel_link
[robot_state_publisher-13] [INFO] [1751553031.814840964] [right.robot_state_publisher]: got segment right_summit_base_chapa
[robot_state_publisher-13] [INFO] [1751553031.814859448] [right.robot_state_publisher]: got segment right_summit_base_docking_contact
[robot_state_publisher-13] [INFO] [1751553031.814878011] [right.robot_state_publisher]: got segment right_summit_base_footprint
[robot_state_publisher-13] [INFO] [1751553031.814896348] [right.robot_state_publisher]: got segment right_summit_base_link
[robot_state_publisher-13] [INFO] [1751553031.814913749] [right.robot_state_publisher]: got segment right_summit_base_logo_front
[robot_state_publisher-13] [INFO] [1751553031.814932353] [right.robot_state_publisher]: got segment right_summit_base_logo_left
[robot_state_publisher-13] [INFO] [1751553031.814950627] [right.robot_state_publisher]: got segment right_summit_base_logo_rear
[robot_state_publisher-13] [INFO] [1751553031.814967909] [right.robot_state_publisher]: got segment right_summit_base_logo_right
[robot_state_publisher-13] [INFO] [1751553031.814985842] [right.robot_state_publisher]: got segment right_summit_front_laser_base_link
[robot_state_publisher-13] [INFO] [1751553031.815002475] [right.robot_state_publisher]: got segment right_summit_front_laser_link
[robot_state_publisher-13] [INFO] [1751553031.815019348] [right.robot_state_publisher]: got segment right_summit_front_left_wheel_link
[robot_state_publisher-13] [INFO] [1751553031.815034245] [right.robot_state_publisher]: got segment right_summit_front_right_wheel_link
[robot_state_publisher-13] [INFO] [1751553031.815049812] [right.robot_state_publisher]: got segment right_summit_imu_link
[robot_state_publisher-13] [INFO] [1751553031.815064839] [right.robot_state_publisher]: got segment right_summit_rear_laser_base_link
[robot_state_publisher-13] [INFO] [1751553031.815080646] [right.robot_state_publisher]: got segment right_summit_rear_laser_link
[robot_state_publisher-13] [INFO] [1751553031.815097493] [right.robot_state_publisher]: got segment ur_right_base
[robot_state_publisher-13] [INFO] [1751553031.815114164] [right.robot_state_publisher]: got segment ur_right_base_link
[robot_state_publisher-13] [INFO] [1751553031.815132773] [right.robot_state_publisher]: got segment ur_right_base_link_inertia
[robot_state_publisher-13] [INFO] [1751553031.815150442] [right.robot_state_publisher]: got segment ur_right_finger_left
[robot_state_publisher-13] [INFO] [1751553031.815167924] [right.robot_state_publisher]: got segment ur_right_finger_right
[robot_state_publisher-13] [INFO] [1751553031.815186491] [right.robot_state_publisher]: got segment ur_right_finger_tip
[robot_state_publisher-13] [INFO] [1751553031.815204683] [right.robot_state_publisher]: got segment ur_right_flange
[robot_state_publisher-13] [INFO] [1751553031.815221972] [right.robot_state_publisher]: got segment ur_right_forearm_link
[robot_state_publisher-13] [INFO] [1751553031.815240956] [right.robot_state_publisher]: got segment ur_right_ft_frame
[robot_state_publisher-13] [INFO] [1751553031.815258448] [right.robot_state_publisher]: got segment ur_right_robotiq_hand
[robot_state_publisher-13] [INFO] [1751553031.815275026] [right.robot_state_publisher]: got segment ur_right_shoulder_link
[robot_state_publisher-13] [INFO] [1751553031.815291207] [right.robot_state_publisher]: got segment ur_right_tool0
[robot_state_publisher-13] [INFO] [1751553031.815307976] [right.robot_state_publisher]: got segment ur_right_upper_arm_link
[robot_state_publisher-13] [INFO] [1751553031.815325987] [right.robot_state_publisher]: got segment ur_right_wrist_1_link
[robot_state_publisher-13] [INFO] [1751553031.815342614] [right.robot_state_publisher]: got segment ur_right_wrist_2_link
[robot_state_publisher-13] [INFO] [1751553031.815361464] [right.robot_state_publisher]: got segment ur_right_wrist_3_link
[static_transform_publisher-14] [WARN] [1751553031.750753888] []: Old-style arguments are deprecated; see --help for new-style arguments
[static_transform_publisher-14] [INFO] [1751553031.814429326] [right.static_transform_publisher]: Spinning until stopped - publishing transform
[static_transform_publisher-14] translation: ('0.660000', '0.000000', '0.000000')
[static_transform_publisher-14] rotation: ('0.000000', '0.000000', '0.000000', '1.000000')
[static_transform_publisher-14] from 'world' to 'right_summit_odom'
[static_transform_publisher-15] [WARN] [1751553031.847336693] []: Old-style arguments are deprecated; see --help for new-style arguments
[static_transform_publisher-16] [WARN] [1751553031.837370673] []: Old-style arguments are deprecated; see --help for new-style arguments
[static_transform_publisher-17] [WARN] [1751553031.857209036] []: Old-style arguments are deprecated; see --help for new-style arguments
[static_transform_publisher-18] [WARN] [1751553031.888568293] []: Old-style arguments are deprecated; see --help for new-style arguments
[static_transform_publisher-16] [INFO] [1751553032.022127872] [right_static_transform_publisher_back_right]: Spinning until stopped - publishing transform
[static_transform_publisher-16] translation: ('0.250000', '-0.150000', '0.000000')
[static_transform_publisher-16] rotation: ('0.000000', '0.000000', '0.000000', '1.000000')
[static_transform_publisher-16] from 'right_summit_base_link' to 'right_summit_back_right_wheel_link'
[static_transform_publisher-15] [INFO] [1751553032.033724698] [right_static_transform_publisher_back_left]: Spinning until stopped - publishing transform
[static_transform_publisher-15] translation: ('0.250000', '0.150000', '0.000000')
[static_transform_publisher-15] rotation: ('0.000000', '0.000000', '0.000000', '1.000000')
[static_transform_publisher-15] from 'right_summit_base_link' to 'right_summit_back_left_wheel_link'
[static_transform_publisher-17] [INFO] [1751553032.035205791] [right_static_transform_publisher_front_left]: Spinning until stopped - publishing transform
[static_transform_publisher-17] translation: ('-0.250000', '0.150000', '0.000000')
[static_transform_publisher-17] rotation: ('0.000000', '0.000000', '0.000000', '1.000000')
[static_transform_publisher-17] from 'right_summit_base_link' to 'right_summit_front_left_wheel_link'
[static_transform_publisher-18] [INFO] [1751553032.076545930] [static_transform_publisher_front_right]: Spinning until stopped - publishing transform
[static_transform_publisher-18] translation: ('-0.250000', '-0.150000', '0.000000')
[static_transform_publisher-18] rotation: ('0.000000', '0.000000', '0.000000', '1.000000')
[static_transform_publisher-18] from 'right_summit_base_link' to 'right_summit_front_right_wheel_link'
[rviz2-21] QStandardPaths: XDG_RUNTIME_DIR not set, defaulting to '/tmp/runtime-root'
[move_group-22] [INFO] [1751553032.247525830] [moveit_rdf_loader.rdf_loader]: Loaded robot model in 0.0261403 seconds
[move_group-22] [INFO] [1751553032.247654762] [moveit_robot_model.robot_model]: Loading robot model 'srm'...
[move_group-22] [INFO] [1751553032.247675828] [moveit_robot_model.robot_model]: No root/virtual joint specified in SRDF. Assuming fixed joint
[move_group-22] [WARN] [1751553032.247796612] [moveit_robot_model.robot_model]: Link left_summit_base_footprint has visual geometry but no collision geometry. Collision geometry will be left empty. Fix your URDF file by explicitly specifying collision geometry.
[move_group-22] [WARN] [1751553032.258083358] [moveit_robot_model.robot_model]: Link left_summit_base_logo_front has visual geometry but no collision geometry. Collision geometry will be left empty. Fix your URDF file by explicitly specifying collision geometry.
[move_group-22] [WARN] [1751553032.258134329] [moveit_robot_model.robot_model]: Link left_summit_base_logo_left has visual geometry but no collision geometry. Collision geometry will be left empty. Fix your URDF file by explicitly specifying collision geometry.
[move_group-22] [WARN] [1751553032.258151744] [moveit_robot_model.robot_model]: Link left_summit_base_logo_rear has visual geometry but no collision geometry. Collision geometry will be left empty. Fix your URDF file by explicitly specifying collision geometry.
[move_group-22] [WARN] [1751553032.258167428] [moveit_robot_model.robot_model]: Link left_summit_base_logo_right has visual geometry but no collision geometry. Collision geometry will be left empty. Fix your URDF file by explicitly specifying collision geometry.
[move_group-22] [WARN] [1751553032.258181896] [moveit_robot_model.robot_model]: Link left_summit_base_chapa has visual geometry but no collision geometry. Collision geometry will be left empty. Fix your URDF file by explicitly specifying collision geometry.
[move_group-22] [WARN] [1751553032.264870663] [moveit_robot_model.robot_model]: Link left_summit_imu_link has visual geometry but no collision geometry. Collision geometry will be left empty. Fix your URDF file by explicitly specifying collision geometry.
[move_group-22] [WARN] [1751553032.563244517] [moveit_robot_model.robot_model]: Link right_summit_base_footprint has visual geometry but no collision geometry. Collision geometry will be left empty. Fix your URDF file by explicitly specifying collision geometry.
[move_group-22] [WARN] [1751553032.568477598] [moveit_robot_model.robot_model]: Link right_summit_base_logo_front has visual geometry but no collision geometry. Collision geometry will be left empty. Fix your URDF file by explicitly specifying collision geometry.
[move_group-22] [WARN] [1751553032.570017873] [moveit_robot_model.robot_model]: Link right_summit_base_logo_left has visual geometry but no collision geometry. Collision geometry will be left empty. Fix your URDF file by explicitly specifying collision geometry.
[move_group-22] [WARN] [1751553032.571286708] [moveit_robot_model.robot_model]: Link right_summit_base_logo_rear has visual geometry but no collision geometry. Collision geometry will be left empty. Fix your URDF file by explicitly specifying collision geometry.
[move_group-22] [WARN] [1751553032.572521272] [moveit_robot_model.robot_model]: Link right_summit_base_logo_right has visual geometry but no collision geometry. Collision geometry will be left empty. Fix your URDF file by explicitly specifying collision geometry.
[move_group-22] [WARN] [1751553032.573731446] [moveit_robot_model.robot_model]: Link right_summit_base_chapa has visual geometry but no collision geometry. Collision geometry will be left empty. Fix your URDF file by explicitly specifying collision geometry.
[move_group-22] [WARN] [1751553032.581155539] [moveit_robot_model.robot_model]: Link right_summit_imu_link has visual geometry but no collision geometry. Collision geometry will be left empty. Fix your URDF file by explicitly specifying collision geometry.
[move_group-22] [INFO] [1751553033.212425721] [moveit_kinematics_base.kinematics_base]: SrvKinematicsPlugin initializing
[move_group-22] [INFO] [1751553033.212496676] [moveit_kinematics_base.kinematics_base]: Dimension planning group 'srm_r_ur': 6. Active Joints Models: 6. Mimic Joint Models: 0
[spawn_entity.py-12] [INFO] [1751553033.222099557] [right]: Spawn Entity started
[spawn_entity.py-12] [INFO] [1751553033.223134330] [right]: Loading entity published on topic /right/robot_description
[spawner-10] [INFO] [1751553033.225553992] [left.spawner_joint_state_broadcaster]: waiting for service /left/controller_manager/list_controllers to become available...
[spawn_entity.py-12] [INFO] [1751553033.232414165] [right]: Waiting for entity xml on /right/robot_description
[spawner-20] [INFO] [1751553033.239795887] [right.spawner_ur_right_joint_group_vel_controller]: waiting for service /right/controller_manager/list_controllers to become available...
[spawn_entity.py-12] [INFO] [1751553033.247454085] [right]: Waiting for service /spawn_entity, timeout = 5
[spawn_entity.py-12] [INFO] [1751553033.248375088] [right]: Waiting for service /spawn_entity
[spawner-19] [INFO] [1751553033.252150013] [right.spawner_joint_state_broadcaster]: waiting for service /right/controller_manager/list_controllers to become available...
[spawner-11] [INFO] [1751553033.254364719] [left.spawner_ur_left_joint_group_vel_controller]: waiting for service /left/controller_manager/list_controllers to become available...
[spawn_entity.py-3] [INFO] [1751553033.279620443] [left]: Spawn Entity started
[spawn_entity.py-3] [INFO] [1751553033.280583646] [left]: Loading entity published on topic /left/robot_description
[spawn_entity.py-3] [INFO] [1751553033.286600004] [left]: Waiting for entity xml on /left/robot_description
[rviz2-21] [INFO] [1751553033.698465304] [rviz2]: Stereo is NOT SUPPORTED
[rviz2-21] [INFO] [1751553033.698667686] [rviz2]: OpenGl version: 4.6 (GLSL 4.6)
[spawn_entity.py-3] [INFO] [1751553033.734766513] [left]: Waiting for service /spawn_entity, timeout = 5
[spawn_entity.py-3] [INFO] [1751553033.735359417] [left]: Waiting for service /spawn_entity
[rviz2-21] [INFO] [1751553033.771298847] [rviz2]: Stereo is NOT SUPPORTED
[rviz2-21] [INFO] [1751553034.089302007] [moveit_rdf_loader.rdf_loader]: Loaded robot model in 0 seconds
[rviz2-21] [INFO] [1751553034.089359035] [moveit_robot_model.robot_model]: Loading robot model 'srm'...
[rviz2-21] [INFO] [1751553034.089382735] [moveit_robot_model.robot_model]: No root/virtual joint specified in SRDF. Assuming fixed joint
[rviz2-21] [WARN] [1751553034.089495163] [moveit_robot_model.robot_model]: Link left_summit_base_footprint has visual geometry but no collision geometry. Collision geometry will be left empty. Fix your URDF file by explicitly specifying collision geometry.
[rviz2-21] [WARN] [1751553034.093226377] [moveit_robot_model.robot_model]: Link left_summit_base_logo_front has visual geometry but no collision geometry. Collision geometry will be left empty. Fix your URDF file by explicitly specifying collision geometry.
[rviz2-21] [WARN] [1751553034.093262221] [moveit_robot_model.robot_model]: Link left_summit_base_logo_left has visual geometry but no collision geometry. Collision geometry will be left empty. Fix your URDF file by explicitly specifying collision geometry.
[rviz2-21] [WARN] [1751553034.093272998] [moveit_robot_model.robot_model]: Link left_summit_base_logo_rear has visual geometry but no collision geometry. Collision geometry will be left empty. Fix your URDF file by explicitly specifying collision geometry.
[rviz2-21] [WARN] [1751553034.093282960] [moveit_robot_model.robot_model]: Link left_summit_base_logo_right has visual geometry but no collision geometry. Collision geometry will be left empty. Fix your URDF file by explicitly specifying collision geometry.
[rviz2-21] [WARN] [1751553034.093292117] [moveit_robot_model.robot_model]: Link left_summit_base_chapa has visual geometry but no collision geometry. Collision geometry will be left empty. Fix your URDF file by explicitly specifying collision geometry.
[rviz2-21] [WARN] [1751553034.097524909] [moveit_robot_model.robot_model]: Link left_summit_imu_link has visual geometry but no collision geometry. Collision geometry will be left empty. Fix your URDF file by explicitly specifying collision geometry.
[move_group-22] [WARN] [1751553034.225305232] [moveit_kinematics_base.kinematics_base]: Unable to connect to ROS service client with name: /solve_ik
[move_group-22] [INFO] [1751553034.225588054] [moveit_kinematics_base.kinematics_base]: SrvKinematicsPlugin initializing
[move_group-22] [INFO] [1751553034.225612575] [moveit_kinematics_base.kinematics_base]: Dimension planning group 'srm_l_ur': 6. Active Joints Models: 6. Mimic Joint Models: 0
[rviz2-21] [WARN] [1751553034.260977789] [moveit_robot_model.robot_model]: Link right_summit_base_footprint has visual geometry but no collision geometry. Collision geometry will be left empty. Fix your URDF file by explicitly specifying collision geometry.
[rviz2-21] [WARN] [1751553034.263965502] [moveit_robot_model.robot_model]: Link right_summit_base_logo_front has visual geometry but no collision geometry. Collision geometry will be left empty. Fix your URDF file by explicitly specifying collision geometry.
[rviz2-21] [WARN] [1751553034.263989972] [moveit_robot_model.robot_model]: Link right_summit_base_logo_left has visual geometry but no collision geometry. Collision geometry will be left empty. Fix your URDF file by explicitly specifying collision geometry.
[rviz2-21] [WARN] [1751553034.264000406] [moveit_robot_model.robot_model]: Link right_summit_base_logo_rear has visual geometry but no collision geometry. Collision geometry will be left empty. Fix your URDF file by explicitly specifying collision geometry.
[rviz2-21] [WARN] [1751553034.264009726] [moveit_robot_model.robot_model]: Link right_summit_base_logo_right has visual geometry but no collision geometry. Collision geometry will be left empty. Fix your URDF file by explicitly specifying collision geometry.
[rviz2-21] [WARN] [1751553034.264018755] [moveit_robot_model.robot_model]: Link right_summit_base_chapa has visual geometry but no collision geometry. Collision geometry will be left empty. Fix your URDF file by explicitly specifying collision geometry.
[rviz2-21] [WARN] [1751553034.268114005] [moveit_robot_model.robot_model]: Link right_summit_imu_link has visual geometry but no collision geometry. Collision geometry will be left empty. Fix your URDF file by explicitly specifying collision geometry.
[rviz2-21] [INFO] [1751553034.466019197] [moveit_kinematics_base.kinematics_base]: SrvKinematicsPlugin initializing
[rviz2-21] [INFO] [1751553034.466079397] [moveit_kinematics_base.kinematics_base]: Dimension planning group 'srm_r_ur': 6. Active Joints Models: 6. Mimic Joint Models: 0
[move_group-22] [WARN] [1751553035.227889199] [moveit_kinematics_base.kinematics_base]: Unable to connect to ROS service client with name: /solve_ik
[move_group-22] [INFO] [1751553035.227977648] [moveit_kinematics_base.kinematics_base]: SrvKinematicsPlugin initializing
[move_group-22] [INFO] [1751553035.227999785] [moveit_kinematics_base.kinematics_base]: Dimension planning group 'srm_r': 17. Active Joints Models: 11. Mimic Joint Models: 0
[gzserver-1] [WARN] [1751553035.375074728] [rcl]: Found remap rule 'model_states:=model_states'. This syntax is deprecated. Use '--ros-args --remap model_states:=model_states' instead.
[gzserver-1] [WARN] [1751553035.375519492] [rcl]: Found remap rule 'link_states:=link_states'. This syntax is deprecated. Use '--ros-args --remap link_states:=link_states' instead.
[gzserver-1] [INFO] [1751553035.414728308] [state.gazebo_ros_state]: Publishing states of gazebo models at [/state/model_states]
[gzserver-1] [INFO] [1751553035.417164564] [state.gazebo_ros_state]: Publishing states of gazebo links at [/state/link_states]
[rviz2-21] [WARN] [1751553035.472263691] [moveit_kinematics_base.kinematics_base]: Unable to connect to ROS service client with name: /solve_ik
[rviz2-21] [INFO] [1751553035.472373514] [moveit_kinematics_base.kinematics_base]: SrvKinematicsPlugin initializing
[rviz2-21] [INFO] [1751553035.472388896] [moveit_kinematics_base.kinematics_base]: Dimension planning group 'srm_l_ur': 6. Active Joints Models: 6. Mimic Joint Models: 0
[spawn_entity.py-3] [INFO] [1751553035.495952685] [left]: Calling service /spawn_entity
[spawn_entity.py-12] [INFO] [1751553035.525073347] [right]: Calling service /spawn_entity
[move_group-22] [WARN] [1751553036.230471091] [moveit_kinematics_base.kinematics_base]: Unable to connect to ROS service client with name: /solve_ik
[move_group-22] [ERROR] [1751553036.230522492] [moveit_ros.robot_model_loader]: Kinematics solver N21srv_kinematics_plugin19SrvKinematicsPluginE does not support joint group srm_r.  Error: This plugin only supports joint groups which are chains
[move_group-22] [INFO] [1751553036.230575851] [moveit_kinematics_base.kinematics_base]: SrvKinematicsPlugin initializing
[move_group-22] [INFO] [1751553036.230597589] [moveit_kinematics_base.kinematics_base]: Dimension planning group 'srm_l': 17. Active Joints Models: 11. Mimic Joint Models: 0
[gzserver-1] [INFO] [1751553036.386688821] [left_summit_imu_imu_plugin]: <initial_orientation_as_reference> is unset, using default value of false to comply with REP 145 (world as orientation reference)
[rviz2-21] [WARN] [1751553036.474102213] [moveit_kinematics_base.kinematics_base]: Unable to connect to ROS service client with name: /solve_ik
[rviz2-21] [INFO] [1751553036.474199551] [moveit_kinematics_base.kinematics_base]: SrvKinematicsPlugin initializing
[rviz2-21] [INFO] [1751553036.474213959] [moveit_kinematics_base.kinematics_base]: Dimension planning group 'srm_r': 17. Active Joints Models: 11. Mimic Joint Models: 0
[spawn_entity.py-3] [INFO] [1751553036.667702496] [left]: Spawn status: SpawnEntity: Successfully spawned entity [left_robot]
[spawn_entity.py-3] [INFO] [1751553036.678138717] [left]: Calling service /unpause_physics
[INFO] [spawn_entity.py-3]: process has finished cleanly [pid 83157]
[gzserver-1] [INFO] [1751553036.978042815] [left_summit.omni_steering]: Subscribed to [/left_summit/cmd_vel]
[gzserver-1] [INFO] [1751553036.985205597] [left_summit.omni_steering]: Advertise odometry on [/left_summit/odom]
[gzserver-1] [INFO] [1751553036.992470070] [left_summit.omni_steering]: Publishing odom transforms between [left_summit_odom] and [left_summit_base_footprint]
[gzserver-1] [INFO] [1751553037.107050930] [gazebo_ros2_control]: Loading gazebo_ros2_control plugin
[gzserver-1] [INFO] [1751553037.125419047] [left.left_gazebo_ros2_control]: Starting gazebo_ros2_control plugin in namespace: /left
[gzserver-1] [INFO] [1751553037.125507625] [left.left_gazebo_ros2_control]: Starting gazebo_ros2_control plugin in ros 2 node: left_gazebo_ros2_control
[gzserver-1] [INFO] [1751553037.142785506] [left.left_gazebo_ros2_control]: connected to service!! robot_state_publisher
[gzserver-1] [INFO] [1751553037.148934097] [left.left_gazebo_ros2_control]: Received urdf from param server, parsing...
[gzserver-1] [INFO] [1751553037.150543918] [left.left_gazebo_ros2_control]: Loading parameter files /ros2_ws/install/ur/share/ur/config/left_controller.yaml
[move_group-22] [WARN] [1751553037.232501153] [moveit_kinematics_base.kinematics_base]: Unable to connect to ROS service client with name: /solve_ik
[move_group-22] [ERROR] [1751553037.232551398] [moveit_ros.robot_model_loader]: Kinematics solver N21srv_kinematics_plugin19SrvKinematicsPluginE does not support joint group srm_l.  Error: This plugin only supports joint groups which are chains
[gzserver-1] [INFO] [1751553037.235918423] [left.left_gazebo_ros2_control]: Loading joint: ur_left_shoulder_pan_joint
[gzserver-1] [INFO] [1751553037.236239982] [left.left_gazebo_ros2_control]: 	State:
[gzserver-1] [INFO] [1751553037.236354191] [left.left_gazebo_ros2_control]: 		 position
[gzserver-1] [INFO] [1751553037.237254621] [left.left_gazebo_ros2_control]: 			 found initial value: -1.400000
[gzserver-1] [INFO] [1751553037.237299084] [left.left_gazebo_ros2_control]: 		 velocity
[gzserver-1] [INFO] [1751553037.237732467] [left.left_gazebo_ros2_control]: 		 effort
[gzserver-1] [INFO] [1751553037.237915753] [left.left_gazebo_ros2_control]: 	Command:
[gzserver-1] [INFO] [1751553037.237950967] [left.left_gazebo_ros2_control]: 		 position
[gzserver-1] [INFO] [1751553037.238968810] [left.left_gazebo_ros2_control]: 		 velocity
[gzserver-1] [INFO] [1751553037.239681714] [left.left_gazebo_ros2_control]: Loading joint: ur_left_shoulder_lift_joint
[gzserver-1] [INFO] [1751553037.239725600] [left.left_gazebo_ros2_control]: 	State:
[gzserver-1] [INFO] [1751553037.239742748] [left.left_gazebo_ros2_control]: 		 position
[gzserver-1] [INFO] [1751553037.239763087] [left.left_gazebo_ros2_control]: 			 found initial value: -1.227838
[gzserver-1] [INFO] [1751553037.239784830] [left.left_gazebo_ros2_control]: 		 velocity
[gzserver-1] [INFO] [1751553037.239808749] [left.left_gazebo_ros2_control]: 		 effort
[gzserver-1] [INFO] [1751553037.239826629] [left.left_gazebo_ros2_control]: 	Command:
[gzserver-1] [INFO] [1751553037.239841755] [left.left_gazebo_ros2_control]: 		 position
[gzserver-1] [INFO] [1751553037.239890599] [left.left_gazebo_ros2_control]: 		 velocity
[gzserver-1] [INFO] [1751553037.239920781] [left.left_gazebo_ros2_control]: Loading joint: ur_left_elbow_joint
[gzserver-1] [INFO] [1751553037.239940252] [left.left_gazebo_ros2_control]: 	State:
[gzserver-1] [INFO] [1751553037.239955822] [left.left_gazebo_ros2_control]: 		 position
[gzserver-1] [INFO] [1751553037.239972496] [left.left_gazebo_ros2_control]: 			 found initial value: -1.791046
[gzserver-1] [INFO] [1751553037.239990235] [left.left_gazebo_ros2_control]: 		 velocity
[gzserver-1] [INFO] [1751553037.240015084] [left.left_gazebo_ros2_control]: 		 effort
[gzserver-1] [INFO] [1751553037.240124520] [left.left_gazebo_ros2_control]: 	Command:
[gzserver-1] [INFO] [1751553037.240157777] [left.left_gazebo_ros2_control]: 		 position
[gzserver-1] [INFO] [1751553037.240220126] [left.left_gazebo_ros2_control]: 		 velocity
[gzserver-1] [INFO] [1751553037.240264445] [left.left_gazebo_ros2_control]: Loading joint: ur_left_wrist_1_joint
[gzserver-1] [INFO] [1751553037.240296722] [left.left_gazebo_ros2_control]: 	State:
[gzserver-1] [INFO] [1751553037.240440721] [left.left_gazebo_ros2_control]: 		 position
[gzserver-1] [INFO] [1751553037.240479133] [left.left_gazebo_ros2_control]: 			 found initial value: -1.447073
[gzserver-1] [INFO] [1751553037.240514984] [left.left_gazebo_ros2_control]: 		 velocity
[gzserver-1] [INFO] [1751553037.240547624] [left.left_gazebo_ros2_control]: 		 effort
[gzserver-1] [INFO] [1751553037.240577939] [left.left_gazebo_ros2_control]: 	Command:
[gzserver-1] [INFO] [1751553037.240601763] [left.left_gazebo_ros2_control]: 		 position
[gzserver-1] [INFO] [1751553037.240656618] [left.left_gazebo_ros2_control]: 		 velocity
[gzserver-1] [INFO] [1751553037.240703108] [left.left_gazebo_ros2_control]: Loading joint: ur_left_wrist_2_joint
[gzserver-1] [INFO] [1751553037.240735616] [left.left_gazebo_ros2_control]: 	State:
[gzserver-1] [INFO] [1751553037.240763566] [left.left_gazebo_ros2_control]: 		 position
[gzserver-1] [INFO] [1751553037.240790988] [left.left_gazebo_ros2_control]: 			 found initial value: 1.900333
[gzserver-1] [INFO] [1751553037.240821232] [left.left_gazebo_ros2_control]: 		 velocity
[gzserver-1] [INFO] [1751553037.240851395] [left.left_gazebo_ros2_control]: 		 effort
[gzserver-1] [INFO] [1751553037.240881860] [left.left_gazebo_ros2_control]: 	Command:
[gzserver-1] [INFO] [1751553037.240910708] [left.left_gazebo_ros2_control]: 		 position
[gzserver-1] [INFO] [1751553037.240972518] [left.left_gazebo_ros2_control]: 		 velocity
[gzserver-1] [INFO] [1751553037.241016663] [left.left_gazebo_ros2_control]: Loading joint: ur_left_wrist_3_joint
[gzserver-1] [INFO] [1751553037.241063921] [left.left_gazebo_ros2_control]: 	State:
[gzserver-1] [INFO] [1751553037.241081379] [left.left_gazebo_ros2_control]: 		 position
[gzserver-1] [INFO] [1751553037.241098490] [left.left_gazebo_ros2_control]: 			 found initial value: -0.755379
[gzserver-1] [INFO] [1751553037.241117780] [left.left_gazebo_ros2_control]: 		 velocity
[gzserver-1] [INFO] [1751553037.241154535] [left.left_gazebo_ros2_control]: 		 effort
[gzserver-1] [INFO] [1751553037.241208055] [left.left_gazebo_ros2_control]: 	Command:
[gzserver-1] [INFO] [1751553037.241230337] [left.left_gazebo_ros2_control]: 		 position
[gzserver-1] [INFO] [1751553037.241265337] [left.left_gazebo_ros2_control]: 		 velocity
[gzserver-1] [INFO] [1751553037.243154332] [resource_manager]: Initialize hardware 'left_ur' 
[gzserver-1] [INFO] [1751553037.247154653] [resource_manager]: Successful initialization of hardware 'left_ur'
[gzserver-1] [INFO] [1751553037.258347140] [resource_manager]: 'configure' hardware 'left_ur' 
[gzserver-1] [INFO] [1751553037.258685249] [resource_manager]: Successful 'configure' of hardware 'left_ur'
[gzserver-1] [INFO] [1751553037.259093854] [resource_manager]: 'activate' hardware 'left_ur' 
[gzserver-1] [INFO] [1751553037.259125691] [resource_manager]: Successful 'activate' of hardware 'left_ur'
[gzserver-1] [INFO] [1751553037.260797561] [left.left_gazebo_ros2_control]: Loading controller_manager
[gzserver-1] [WARN] [1751553037.468483352] [left.left_gazebo_ros2_control]:  Desired controller update period (0.002 s) is slower than the gazebo simulation period (0.001 s).
[gzserver-1] [INFO] [1751553037.472470786] [left.left_gazebo_ros2_control]: Loaded gazebo_ros2_control.
[rviz2-21] [WARN] [1751553037.475850741] [moveit_kinematics_base.kinematics_base]: Unable to connect to ROS service client with name: /solve_ik
[rviz2-21] [ERROR] [1751553037.475896999] [moveit_ros.robot_model_loader]: Kinematics solver N21srv_kinematics_plugin19SrvKinematicsPluginE does not support joint group srm_r.  Error: This plugin only supports joint groups which are chains
[rviz2-21] [INFO] [1751553037.475959976] [moveit_kinematics_base.kinematics_base]: SrvKinematicsPlugin initializing
[rviz2-21] [INFO] [1751553037.475975575] [moveit_kinematics_base.kinematics_base]: Dimension planning group 'srm_l': 17. Active Joints Models: 11. Mimic Joint Models: 0
[gzserver-1] [INFO] [1751553037.499672688] [left.controller_manager]: Loading controller 'joint_state_broadcaster'
[spawner-10] [INFO] [1751553037.581635090] [left.spawner_joint_state_broadcaster]: [94mLoaded [1mjoint_state_broadcaster[0m
[gzserver-1] [INFO] [1751553037.589776192] [left.controller_manager]: Configuring controller 'joint_state_broadcaster'
[gzserver-1] [INFO] [1751553037.591932607] [left.joint_state_broadcaster]: 'joints' or 'interfaces' parameter is empty. All available state interfaces will be published
[spawner-10] [INFO] [1751553037.654163702] [left.spawner_joint_state_broadcaster]: [92mConfigured and activated [1mjoint_state_broadcaster[0m
[gzserver-1] [INFO] [1751553037.670715283] [left.controller_manager]: Loading controller 'ur_left_joint_group_vel_controller'
[INFO] [spawner-10]: process has finished cleanly [pid 83171]
[move_group-22] [INFO] [1751553038.301559054] [moveit_ros.planning_scene_monitor.planning_scene_monitor]: Publishing maintained planning scene on 'monitored_planning_scene'
[move_group-22] [INFO] [1751553038.302274282] [moveit.ros_planning_interface.moveit_cpp]: Listening to 'joint_states' for joint states
[move_group-22] [INFO] [1751553038.308418148] [moveit_ros.current_state_monitor]: Listening to joint states on topic 'joint_states'
[move_group-22] [INFO] [1751553038.310136828] [moveit_ros.planning_scene_monitor.planning_scene_monitor]: Listening to '/attached_collision_object' for attached collision objects
[move_group-22] [INFO] [1751553038.310185795] [moveit_ros.planning_scene_monitor.planning_scene_monitor]: Starting planning scene monitor
[move_group-22] [INFO] [1751553038.312850559] [moveit_ros.planning_scene_monitor.planning_scene_monitor]: Listening to '/planning_scene'
[move_group-22] [INFO] [1751553038.313471238] [moveit_ros.planning_scene_monitor.planning_scene_monitor]: Starting world geometry update monitor for collision objects, attached objects, octomap updates.
[move_group-22] [INFO] [1751553038.315638330] [moveit_ros.planning_scene_monitor.planning_scene_monitor]: Listening to 'collision_object'
[move_group-22] [INFO] [1751553038.317515770] [moveit_ros.planning_scene_monitor.planning_scene_monitor]: Listening to 'planning_scene_world' for planning scene world geometry
[move_group-22] [WARN] [1751553038.318609306] [moveit_ros.current_state_monitor]: Unable to update multi-DOF joint 'right_base_joint':Failure to lookup transform between 'world'and 'right_summit_base_footprint' with TF exception: Could not find a connection between 'world' and 'right_summit_base_footprint' because they are not part of the same tree.Tf has two or more unconnected trees.
[move_group-22] [WARN] [1751553038.326515715] [moveit.ros.occupancy_map_monitor.middleware_handle]: Resolution not specified for Octomap. Assuming resolution = 0.1 instead
[gzserver-1] [INFO] [1751553038.354936269] [right_summit_imu_imu_plugin]: <initial_orientation_as_reference> is unset, using default value of false to comply with REP 145 (world as orientation reference)
[rviz2-21] [WARN] [1751553038.477866505] [moveit_kinematics_base.kinematics_base]: Unable to connect to ROS service client with name: /solve_ik
[rviz2-21] [ERROR] [1751553038.477918548] [moveit_ros.robot_model_loader]: Kinematics solver N21srv_kinematics_plugin19SrvKinematicsPluginE does not support joint group srm_l.  Error: This plugin only supports joint groups which are chains
[spawn_entity.py-12] [INFO] [1751553038.777706383] [right]: Spawn status: SpawnEntity: Successfully spawned entity [right_robot]
[spawn_entity.py-12] [INFO] [1751553038.785808095] [right]: Calling service /unpause_physics
[gzserver-1] [WARN] [1751553038.877516583] [gazebo.rclcpp]: failed to send response to /unpause_physics (timeout): client will not receive response, at ./src/rmw_response.cpp:154, at ./src/rcl/service.c:314
[gzserver-1] [INFO] [1751553038.976448864] [right_summit.omni_steering]: Subscribed to [/right_summit/cmd_vel]
[gzserver-1] [INFO] [1751553038.979593669] [right_summit.omni_steering]: Advertise odometry on [/right_summit/odom]
[gzserver-1] [WARN] [1751553038.985174598] [gazebo.rclcpp]: failed to send response to /unpause_physics (timeout): client will not receive response, at ./src/rmw_response.cpp:154, at ./src/rcl/service.c:314
[gzserver-1] [INFO] [1751553038.985763665] [right_summit.omni_steering]: Publishing odom transforms between [right_summit_odom] and [right_summit_base_footprint]
[gzserver-1] [INFO] [1751553038.986194407] [gazebo_ros2_control]: Loading gazebo_ros2_control plugin
[INFO] [spawn_entity.py-12]: process has finished cleanly [pid 83175]
[gzserver-1] [INFO] [1751553039.019790339] [right.right_gazebo_ros2_control]: Starting gazebo_ros2_control plugin in namespace: /right
[gzserver-1] [INFO] [1751553039.019871420] [right.right_gazebo_ros2_control]: Starting gazebo_ros2_control plugin in ros 2 node: right_gazebo_ros2_control
[gzserver-1] [INFO] [1751553039.049779836] [right.right_gazebo_ros2_control]: connected to service!! robot_state_publisher
[gzserver-1] [INFO] [1751553039.051056486] [right.right_gazebo_ros2_control]: Received urdf from param server, parsing...
[gzserver-1] [INFO] [1751553039.051188600] [right.right_gazebo_ros2_control]: Loading parameter files /ros2_ws/install/ur/share/ur/config/right_controller.yaml
[gzserver-1] [INFO] [1751553039.077196537] [right.right_gazebo_ros2_control]: Loading joint: ur_right_shoulder_pan_joint
[gzserver-1] [INFO] [1751553039.077296690] [right.right_gazebo_ros2_control]: 	State:
[gzserver-1] [INFO] [1751553039.077322336] [right.right_gazebo_ros2_control]: 		 position
[gzserver-1] [INFO] [1751553039.077356798] [right.right_gazebo_ros2_control]: 			 found initial value: -1.300000
[gzserver-1] [INFO] [1751553039.077394988] [right.right_gazebo_ros2_control]: 		 velocity
[gzserver-1] [INFO] [1751553039.077423993] [right.right_gazebo_ros2_control]: 		 effort
[gzserver-1] [INFO] [1751553039.077450329] [right.right_gazebo_ros2_control]: 	Command:
[gzserver-1] [INFO] [1751553039.077542497] [right.right_gazebo_ros2_control]: 		 position
[gzserver-1] [INFO] [1751553039.077634984] [right.right_gazebo_ros2_control]: 		 velocity
[gzserver-1] [INFO] [1751553039.078173190] [right.right_gazebo_ros2_control]: Loading joint: ur_right_shoulder_lift_joint
[gzserver-1] [INFO] [1751553039.078204357] [right.right_gazebo_ros2_control]: 	State:
[gzserver-1] [INFO] [1751553039.078226546] [right.right_gazebo_ros2_control]: 		 position
[gzserver-1] [INFO] [1751553039.078251311] [right.right_gazebo_ros2_control]: 			 found initial value: -0.800000
[gzserver-1] [INFO] [1751553039.078278805] [right.right_gazebo_ros2_control]: 		 velocity
[gzserver-1] [INFO] [1751553039.078307832] [right.right_gazebo_ros2_control]: 		 effort
[gzserver-1] [INFO] [1751553039.078334702] [right.right_gazebo_ros2_control]: 	Command:
[gzserver-1] [INFO] [1751553039.078357315] [right.right_gazebo_ros2_control]: 		 position
[gzserver-1] [INFO] [1751553039.078424218] [right.right_gazebo_ros2_control]: 		 velocity
[gzserver-1] [INFO] [1751553039.078463013] [right.right_gazebo_ros2_control]: Loading joint: ur_right_elbow_joint
[gzserver-1] [INFO] [1751553039.078488735] [right.right_gazebo_ros2_control]: 	State:
[gzserver-1] [INFO] [1751553039.078710823] [right.right_gazebo_ros2_control]: 		 position
[gzserver-1] [INFO] [1751553039.078753176] [right.right_gazebo_ros2_control]: 			 found initial value: -1.800000
[gzserver-1] [INFO] [1751553039.078782226] [right.right_gazebo_ros2_control]: 		 velocity
[gzserver-1] [INFO] [1751553039.078805170] [right.right_gazebo_ros2_control]: 		 effort
[gzserver-1] [INFO] [1751553039.078846515] [right.right_gazebo_ros2_control]: 	Command:
[gzserver-1] [INFO] [1751553039.078869576] [right.right_gazebo_ros2_control]: 		 position
[gzserver-1] [INFO] [1751553039.078931405] [right.right_gazebo_ros2_control]: 		 velocity
[gzserver-1] [INFO] [1751553039.078967359] [right.right_gazebo_ros2_control]: Loading joint: ur_right_wrist_1_joint
[gzserver-1] [INFO] [1751553039.078992741] [right.right_gazebo_ros2_control]: 	State:
[gzserver-1] [INFO] [1751553039.079012926] [right.right_gazebo_ros2_control]: 		 position
[gzserver-1] [INFO] [1751553039.079034085] [right.right_gazebo_ros2_control]: 			 found initial value: -1.570000
[gzserver-1] [INFO] [1751553039.079057771] [right.right_gazebo_ros2_control]: 		 velocity
[gzserver-1] [INFO] [1751553039.079079752] [right.right_gazebo_ros2_control]: 		 effort
[gzserver-1] [INFO] [1751553039.079102206] [right.right_gazebo_ros2_control]: 	Command:
[gzserver-1] [INFO] [1751553039.079122115] [right.right_gazebo_ros2_control]: 		 position
[gzserver-1] [INFO] [1751553039.079163798] [right.right_gazebo_ros2_control]: 		 velocity
[gzserver-1] [INFO] [1751553039.079200866] [right.right_gazebo_ros2_control]: Loading joint: ur_right_wrist_2_joint
[gzserver-1] [INFO] [1751553039.079226433] [right.right_gazebo_ros2_control]: 	State:
[gzserver-1] [INFO] [1751553039.079247099] [right.right_gazebo_ros2_control]: 		 position
[gzserver-1] [INFO] [1751553039.079315787] [right.right_gazebo_ros2_control]: 			 found initial value: 1.638000
[gzserver-1] [INFO] [1751553039.079343716] [right.right_gazebo_ros2_control]: 		 velocity
[gzserver-1] [INFO] [1751553039.079367431] [right.right_gazebo_ros2_control]: 		 effort
[gzserver-1] [INFO] [1751553039.079389108] [right.right_gazebo_ros2_control]: 	Command:
[gzserver-1] [INFO] [1751553039.079409702] [right.right_gazebo_ros2_control]: 		 position
[gzserver-1] [INFO] [1751553039.079467361] [right.right_gazebo_ros2_control]: 		 velocity
[gzserver-1] [INFO] [1751553039.079503894] [right.right_gazebo_ros2_control]: Loading joint: ur_right_wrist_3_joint
[gzserver-1] [INFO] [1751553039.079528040] [right.right_gazebo_ros2_control]: 	State:
[gzserver-1] [INFO] [1751553039.079548337] [right.right_gazebo_ros2_control]: 		 position
[gzserver-1] [INFO] [1751553039.079570855] [right.right_gazebo_ros2_control]: 			 found initial value: 0.000000
[gzserver-1] [INFO] [1751553039.079593832] [right.right_gazebo_ros2_control]: 		 velocity
[gzserver-1] [INFO] [1751553039.079624793] [right.right_gazebo_ros2_control]: 		 effort
[gzserver-1] [INFO] [1751553039.079755518] [right.right_gazebo_ros2_control]: 	Command:
[gzserver-1] [INFO] [1751553039.079784091] [right.right_gazebo_ros2_control]: 		 position
[gzserver-1] [INFO] [1751553039.079824529] [right.right_gazebo_ros2_control]: 		 velocity
[gzserver-1] [INFO] [1751553039.079887149] [resource_manager]: Initialize hardware 'right_ur' 
[gzserver-1] [INFO] [1751553039.079963011] [resource_manager]: Successful initialization of hardware 'right_ur'
[gzserver-1] [INFO] [1751553039.080873867] [resource_manager]: 'configure' hardware 'right_ur' 
[gzserver-1] [INFO] [1751553039.080915434] [resource_manager]: Successful 'configure' of hardware 'right_ur'
[gzserver-1] [INFO] [1751553039.080970500] [resource_manager]: 'activate' hardware 'right_ur' 
[gzserver-1] [INFO] [1751553039.080987623] [resource_manager]: Successful 'activate' of hardware 'right_ur'
[gzserver-1] [INFO] [1751553039.081110356] [right.right_gazebo_ros2_control]: Loading controller_manager
[gzserver-1] [WARN] [1751553039.203657418] [right.right_gazebo_ros2_control]:  Desired controller update period (0.002 s) is slower than the gazebo simulation period (0.001 s).
[gzserver-1] [INFO] [1751553039.204245242] [right.right_gazebo_ros2_control]: Loaded gazebo_ros2_control.
[spawner-11] [INFO] [1751553039.210473055] [left.spawner_ur_left_joint_group_vel_controller]: [94mLoaded [1mur_left_joint_group_vel_controller[0m
[gzserver-1] [INFO] [1751553039.259461093] [right.controller_manager]: Loading controller 'ur_right_joint_group_vel_controller'
[gzserver-1] [INFO] [1751553039.303009256] [left.controller_manager]: Configuring controller 'ur_left_joint_group_vel_controller'
[gzserver-1] [INFO] [1751553039.346044104] [left.ur_left_joint_group_vel_controller]: configure successful
[spawner-20] [INFO] [1751553039.363813594] [right.spawner_ur_right_joint_group_vel_controller]: [94mLoaded [1mur_right_joint_group_vel_controller[0m
[move_group-22] [WARN] [1751553039.371891647] [moveit_ros.planning_scene_monitor.planning_scene_monitor]: The complete state of the robot is not yet known.  Missing left_summit_back_left_wheel_joint, left_summit_back_right_wheel_joint, left_summit_front_left_wheel_joint, left_summit_front_right_wheel_joint, ur_left_shoulder_pan_joint, ur_left_shoulder_lift_joint, ur_left_elbow_joint, ur_left_wrist_1_joint, ur_left_wrist_2_joint, ur_left_wrist_3_joint, right_summit_back_left_wheel_joint, right_summit_back_right_wheel_joint, right_summit_front_left_wheel_joint, right_summit_front_right_wheel_joint, ur_right_shoulder_pan_joint, ur_right_shoulder_lift_joint, ur_right_elbow_joint, ur_right_wrist_1_joint, ur_right_wrist_2_joint, ur_right_wrist_3_joint
[gzserver-1] [INFO] [1751553039.396410102] [left.ur_left_joint_group_vel_controller]: activate successful
[spawner-11] [INFO] [1751553039.402967864] [left.spawner_ur_left_joint_group_vel_controller]: [92mConfigured and activated [1mur_left_joint_group_vel_controller[0m
[gzserver-1] [INFO] [1751553039.450453461] [right.controller_manager]: Loading controller 'joint_state_broadcaster'
[gzserver-1] [INFO] [1751553039.596450578] [right.controller_manager]: Configuring controller 'ur_right_joint_group_vel_controller'
[spawner-19] [INFO] [1751553039.597351414] [right.spawner_joint_state_broadcaster]: [94mLoaded [1mjoint_state_broadcaster[0m
[gzserver-1] [INFO] [1751553039.602218695] [right.ur_right_joint_group_vel_controller]: configure successful
[gzserver-1] [INFO] [1751553039.616996963] [right.ur_right_joint_group_vel_controller]: activate successful
[spawner-20] [INFO] [1751553039.625398963] [right.spawner_ur_right_joint_group_vel_controller]: [92mConfigured and activated [1mur_right_joint_group_vel_controller[0m
[gzserver-1] [INFO] [1751553039.684575162] [right.controller_manager]: Configuring controller 'joint_state_broadcaster'
[gzserver-1] [INFO] [1751553039.684778714] [right.joint_state_broadcaster]: 'joints' or 'interfaces' parameter is empty. All available state interfaces will be published
[INFO] [spawner-11]: process has finished cleanly [pid 83173]
[spawner-19] [INFO] [1751553039.739405787] [right.spawner_joint_state_broadcaster]: [92mConfigured and activated [1mjoint_state_broadcaster[0m
[rviz2-21] [INFO] [1751553039.880450959] [moveit_ros.planning_scene_monitor.planning_scene_monitor]: Starting planning scene monitor
[rviz2-21] [INFO] [1751553039.891346435] [moveit_ros.planning_scene_monitor.planning_scene_monitor]: Listening to '/monitored_planning_scene'
[INFO] [spawner-20]: process has finished cleanly [pid 83266]
[INFO] [spawner-19]: process has finished cleanly [pid 83262]
[move_group-22] [WARN] [1751553040.374275174] [moveit_ros.planning_scene_monitor.planning_scene_monitor]: The complete state of the robot is not yet known.  Missing left_summit_back_left_wheel_joint, left_summit_back_right_wheel_joint, left_summit_front_left_wheel_joint, left_summit_front_right_wheel_joint, ur_left_shoulder_pan_joint, ur_left_shoulder_lift_joint, ur_left_elbow_joint, ur_left_wrist_1_joint, ur_left_wrist_2_joint, ur_left_wrist_3_joint, right_summit_back_left_wheel_joint, right_summit_back_right_wheel_joint, right_summit_front_left_wheel_joint, right_summit_front_right_wheel_joint, ur_right_shoulder_pan_joint, ur_right_shoulder_lift_joint, ur_right_elbow_joint, ur_right_wrist_1_joint, ur_right_wrist_2_joint, ur_right_wrist_3_joint
[move_group-22] [WARN] [1751553041.391576764] [moveit_ros.planning_scene_monitor.planning_scene_monitor]: The complete state of the robot is not yet known.  Missing left_summit_back_left_wheel_joint, left_summit_back_right_wheel_joint, left_summit_front_left_wheel_joint, left_summit_front_right_wheel_joint, ur_left_shoulder_pan_joint, ur_left_shoulder_lift_joint, ur_left_elbow_joint, ur_left_wrist_1_joint, ur_left_wrist_2_joint, ur_left_wrist_3_joint, right_summit_back_left_wheel_joint, right_summit_back_right_wheel_joint, right_summit_front_left_wheel_joint, right_summit_front_right_wheel_joint, ur_right_shoulder_pan_joint, ur_right_shoulder_lift_joint, ur_right_elbow_joint, ur_right_wrist_1_joint, ur_right_wrist_2_joint, ur_right_wrist_3_joint
[move_group-22] [INFO] [1751553041.483586498] [moveit.ros_planning_interface.moveit_cpp]: Loading planning pipeline 'ompl'
[move_group-22] [INFO] [1751553041.558948882] [moveit.ros_planning.planning_pipeline]: Using planning interface 'OMPL'
[move_group-22] [INFO] [1751553041.577973758] [moveit_ros.add_time_optimal_parameterization]: Param 'ompl.path_tolerance' was not set. Using default value: 0.100000
[move_group-22] [INFO] [1751553041.578010798] [moveit_ros.add_time_optimal_parameterization]: Param 'ompl.resample_dt' was not set. Using default value: 0.100000
[move_group-22] [INFO] [1751553041.578024037] [moveit_ros.add_time_optimal_parameterization]: Param 'ompl.min_angle_change' was not set. Using default value: 0.001000
[move_group-22] [INFO] [1751553041.578089534] [moveit_ros.fix_workspace_bounds]: Param 'ompl.default_workspace_bounds' was not set. Using default value: 10.000000
[move_group-22] [INFO] [1751553041.578127569] [moveit_ros.fix_start_state_bounds]: Param 'ompl.start_state_max_bounds_error' was set to 0.100000
[move_group-22] [INFO] [1751553041.578144025] [moveit_ros.fix_start_state_bounds]: Param 'ompl.start_state_max_dt' was not set. Using default value: 0.500000
[move_group-22] [INFO] [1751553041.578176852] [moveit_ros.fix_start_state_collision]: Param 'ompl.start_state_max_dt' was not set. Using default value: 0.500000
[move_group-22] [INFO] [1751553041.578194931] [moveit_ros.fix_start_state_collision]: Param 'ompl.jiggle_fraction' was set to 0.050000
[move_group-22] [INFO] [1751553041.578224973] [moveit_ros.fix_start_state_collision]: Param 'ompl.max_sampling_attempts' was not set. Using default value: 100
[move_group-22] [INFO] [1751553041.578263332] [moveit.ros_planning.planning_pipeline]: Using planning request adapter 'Add Time Optimal Parameterization'
[move_group-22] [INFO] [1751553041.578278958] [moveit.ros_planning.planning_pipeline]: Using planning request adapter 'Resolve constraint frames to robot links'
[move_group-22] [INFO] [1751553041.578288461] [moveit.ros_planning.planning_pipeline]: Using planning request adapter 'Fix Workspace Bounds'
[move_group-22] [INFO] [1751553041.578297518] [moveit.ros_planning.planning_pipeline]: Using planning request adapter 'Fix Start State Bounds'
[move_group-22] [INFO] [1751553041.578305909] [moveit.ros_planning.planning_pipeline]: Using planning request adapter 'Fix Start State In Collision'
[move_group-22] [INFO] [1751553041.578314966] [moveit.ros_planning.planning_pipeline]: Using planning request adapter 'Fix Start State Path Constraints'
[move_group-22] [INFO] [1751553041.586887425] [moveit.ros_planning_interface.moveit_cpp]: Loading planning pipeline 'chomp'
[move_group-22] [INFO] [1751553041.606876423] [moveit.ros_planning.planning_pipeline]: Using planning interface 'CHOMP'
[move_group-22] [INFO] [1751553041.617637544] [moveit_ros.add_time_optimal_parameterization]: Param 'chomp.path_tolerance' was not set. Using default value: 0.100000
[move_group-22] [INFO] [1751553041.617672386] [moveit_ros.add_time_optimal_parameterization]: Param 'chomp.resample_dt' was not set. Using default value: 0.100000
[move_group-22] [INFO] [1751553041.617685983] [moveit_ros.add_time_optimal_parameterization]: Param 'chomp.min_angle_change' was not set. Using default value: 0.001000
[move_group-22] [INFO] [1751553041.617737583] [moveit_ros.fix_workspace_bounds]: Param 'chomp.default_workspace_bounds' was not set. Using default value: 10.000000
[move_group-22] [INFO] [1751553041.617774958] [moveit_ros.fix_start_state_bounds]: Param 'chomp.start_state_max_bounds_error' was set to 0.100000
[move_group-22] [INFO] [1751553041.617971497] [moveit_ros.fix_start_state_bounds]: Param 'chomp.start_state_max_dt' was not set. Using default value: 0.500000
[move_group-22] [INFO] [1751553041.618012257] [moveit_ros.fix_start_state_collision]: Param 'chomp.start_state_max_dt' was not set. Using default value: 0.500000
[move_group-22] [INFO] [1751553041.618030149] [moveit_ros.fix_start_state_collision]: Param 'chomp.jiggle_fraction' was set to 0.050000
[move_group-22] [INFO] [1751553041.618043470] [moveit_ros.fix_start_state_collision]: Param 'chomp.max_sampling_attempts' was not set. Using default value: 100
[move_group-22] [INFO] [1751553041.618073484] [moveit.ros_planning.planning_pipeline]: Using planning request adapter 'Add Time Optimal Parameterization'
[move_group-22] [INFO] [1751553041.618086291] [moveit.ros_planning.planning_pipeline]: Using planning request adapter 'Resolve constraint frames to robot links'
[move_group-22] [INFO] [1751553041.618095743] [moveit.ros_planning.planning_pipeline]: Using planning request adapter 'Fix Workspace Bounds'
[move_group-22] [INFO] [1751553041.618104718] [moveit.ros_planning.planning_pipeline]: Using planning request adapter 'Fix Start State Bounds'
[move_group-22] [INFO] [1751553041.618113331] [moveit.ros_planning.planning_pipeline]: Using planning request adapter 'Fix Start State In Collision'
[move_group-22] [INFO] [1751553041.618122619] [moveit.ros_planning.planning_pipeline]: Using planning request adapter 'Fix Start State Path Constraints'
[move_group-22] [INFO] [1751553041.620485056] [moveit.ros_planning_interface.moveit_cpp]: Loading planning pipeline 'pilz_industrial_motion_planner'
[move_group-22] [INFO] [1751553041.635335666] [moveit.pilz_industrial_motion_planner.joint_limits_aggregator]: Reading limits from namespace robot_description_planning
[move_group-22] [WARN] [1751553041.639587820] [moveit.pilz_industrial_motion_planner.joint_limits_aggregator]: Multi-DOF-Joint 'left_base_joint' not supported.
[move_group-22] [WARN] [1751553041.639654171] [moveit.pilz_industrial_motion_planner.joint_limits_aggregator]: Multi-DOF-Joint 'left_base_joint' not supported.
[move_group-22] [WARN] [1751553041.699457739] [moveit.pilz_industrial_motion_planner.joint_limits_aggregator]: Multi-DOF-Joint 'right_base_joint' not supported.
[move_group-22] [WARN] [1751553041.700915815] [moveit.pilz_industrial_motion_planner.joint_limits_aggregator]: Multi-DOF-Joint 'right_base_joint' not supported.
[move_group-22] [INFO] [1751553041.794186406] [moveit.pilz_industrial_motion_planner]: Available plugins: pilz_industrial_motion_planner/PlanningContextLoaderCIRC pilz_industrial_motion_planner/PlanningContextLoaderLIN pilz_industrial_motion_planner/PlanningContextLoaderPTP 
[move_group-22] [INFO] [1751553041.794237247] [moveit.pilz_industrial_motion_planner]: About to load: pilz_industrial_motion_planner/PlanningContextLoaderCIRC
[move_group-22] [INFO] [1751553041.803143253] [moveit.pilz_industrial_motion_planner]: Registered Algorithm [CIRC]
[move_group-22] [INFO] [1751553041.803212265] [moveit.pilz_industrial_motion_planner]: About to load: pilz_industrial_motion_planner/PlanningContextLoaderLIN
[move_group-22] [INFO] [1751553041.808170790] [moveit.pilz_industrial_motion_planner]: Registered Algorithm [LIN]
[move_group-22] [INFO] [1751553041.808247198] [moveit.pilz_industrial_motion_planner]: About to load: pilz_industrial_motion_planner/PlanningContextLoaderPTP
[move_group-22] [INFO] [1751553041.813417989] [moveit.pilz_industrial_motion_planner]: Registered Algorithm [PTP]
[move_group-22] [INFO] [1751553041.813534204] [moveit.ros_planning.planning_pipeline]: Using planning interface 'Pilz Industrial Motion Planner'
[move_group-22] [WARN] [1751553041.835908978] [moveit_ros.trajectory_execution_manager]: moveit_ros_control_interface/MoveItControllerManager is deprecated. Replace with `moveit_ros_control_interface/MoveItControllerManager.`
[INFO] [joint_state_merger.py-23]: process started with pid [83543]
[move_group-22] [INFO] [1751553042.279434240] [moveit.plugins.ros_control_interface]: Started moveit_ros_control_interface::Ros2ControlManager for namespace 
[move_group-22] [WARN] [1751553042.418772828] [moveit_ros.planning_scene_monitor.planning_scene_monitor]: The complete state of the robot is not yet known.  Missing left_summit_back_left_wheel_joint, left_summit_back_right_wheel_joint, left_summit_front_left_wheel_joint, left_summit_front_right_wheel_joint, ur_left_shoulder_pan_joint, ur_left_shoulder_lift_joint, ur_left_elbow_joint, ur_left_wrist_1_joint, ur_left_wrist_2_joint, ur_left_wrist_3_joint, right_summit_back_left_wheel_joint, right_summit_back_right_wheel_joint, right_summit_front_left_wheel_joint, right_summit_front_right_wheel_joint, ur_right_shoulder_pan_joint, ur_right_shoulder_lift_joint, ur_right_elbow_joint, ur_right_wrist_1_joint, ur_right_wrist_2_joint, ur_right_wrist_3_joint
[move_group-22] [WARN] [1751553043.287895811] [moveit.plugins.ros_control_interface]: Failed to read controllers from /controller_manager/list_controllers within 1 seconds
[move_group-22] [WARN] [1751553043.468681438] [moveit_ros.planning_scene_monitor.planning_scene_monitor]: The complete state of the robot is not yet known.  Missing left_summit_back_left_wheel_joint, left_summit_back_right_wheel_joint, left_summit_front_left_wheel_joint, left_summit_front_right_wheel_joint, ur_left_shoulder_pan_joint, ur_left_shoulder_lift_joint, ur_left_elbow_joint, ur_left_wrist_1_joint, ur_left_wrist_2_joint, ur_left_wrist_3_joint, right_summit_back_left_wheel_joint, right_summit_back_right_wheel_joint, right_summit_front_left_wheel_joint, right_summit_front_right_wheel_joint, ur_right_shoulder_pan_joint, ur_right_shoulder_lift_joint, ur_right_elbow_joint, ur_right_wrist_1_joint, ur_right_wrist_2_joint, ur_right_wrist_3_joint
[move_group-22] [WARN] [1751553044.288321252] [moveit.plugins.ros_control_interface]: Failed to read controllers from /controller_manager/list_controllers within 1 seconds
[move_group-22] [WARN] [1751553044.495893977] [moveit_ros.planning_scene_monitor.planning_scene_monitor]: The complete state of the robot is not yet known.  Missing left_summit_back_left_wheel_joint, left_summit_back_right_wheel_joint, left_summit_front_left_wheel_joint, left_summit_front_right_wheel_joint, right_summit_back_left_wheel_joint, right_summit_back_right_wheel_joint, right_summit_front_left_wheel_joint, right_summit_front_right_wheel_joint
[move_group-22] [WARN] [1751553045.288941546] [moveit.plugins.ros_control_interface]: Failed to read controllers from /controller_manager/list_controllers within 1 seconds
[move_group-22] [INFO] [1751553045.291654708] [moveit_ros.trajectory_execution_manager]: Trajectory execution is managing controllers
[move_group-22] [INFO] [1751553045.292316205] [move_group.move_group]: MoveGroup debug mode is ON
[move_group-22] [INFO] [1751553045.436599134] [move_group.move_group]: 
[move_group-22] 
[move_group-22] ********************************************************
[move_group-22] * MoveGroup using: 
[move_group-22] *     - ApplyPlanningSceneService
[move_group-22] *     - ClearOctomapService
[move_group-22] *     - ExecuteTaskSolution
[move_group-22] *     - CartesianPathService
[move_group-22] *     - ExecuteTrajectoryAction
[move_group-22] *     - GetPlanningSceneService
[move_group-22] *     - KinematicsService
[move_group-22] *     - MoveAction
[move_group-22] *     - MotionPlanService
[move_group-22] *     - QueryPlannersService
[move_group-22] *     - StateValidationService
[move_group-22] ********************************************************
[move_group-22] 
[move_group-22] [INFO] [1751553045.436685944] [moveit_move_group_capabilities_base.move_group_context]: MoveGroup context using planning plugin ompl_interface/OMPLPlanner
[move_group-22] [INFO] [1751553045.436705936] [moveit_move_group_capabilities_base.move_group_context]: MoveGroup context initialization complete
[move_group-22] [96mLoading 'move_group/ApplyPlanningSceneService'...
[move_group-22] [0m[96mLoading 'move_group/ClearOctomapService'...
[move_group-22] [0m[96mLoading 'move_group/ExecuteTaskSolutionCapability'...
[move_group-22] [0m[96mLoading 'move_group/MoveGroupCartesianPathService'...
[move_group-22] [0m[96mLoading 'move_group/MoveGroupExecuteTrajectoryAction'...
[move_group-22] [0m[96mLoading 'move_group/MoveGroupGetPlanningSceneService'...
[move_group-22] [0m[96mLoading 'move_group/MoveGroupKinematicsService'...
[move_group-22] [0m[96mLoading 'move_group/MoveGroupMoveAction'...
[move_group-22] [0m[96mLoading 'move_group/MoveGroupPlanService'...
[move_group-22] [0m[96mLoading 'move_group/MoveGroupQueryPlannersService'...
[move_group-22] [0m[96mLoading 'move_group/MoveGroupStateValidationService'...
[move_group-22] [0m[92m
[move_group-22] You can start planning now!
[move_group-22] 
[move_group-22] [WARN] [1751553045.539087457] [moveit_ros.planning_scene_monitor.planning_scene_monitor]: The complete state of the robot is not yet known.  Missing left_summit_back_left_wheel_joint, left_summit_back_right_wheel_joint, left_summit_front_left_wheel_joint, left_summit_front_right_wheel_joint, right_summit_back_left_wheel_joint, right_summit_back_right_wheel_joint, right_summit_front_left_wheel_joint, right_summit_front_right_wheel_joint
[move_group-22] [WARN] [1751553046.571008052] [moveit_ros.planning_scene_monitor.planning_scene_monitor]: The complete state of the robot is not yet known.  Missing left_summit_back_left_wheel_joint, left_summit_back_right_wheel_joint, left_summit_front_left_wheel_joint, left_summit_front_right_wheel_joint, right_summit_back_left_wheel_joint, right_summit_back_right_wheel_joint, right_summit_front_left_wheel_joint, right_summit_front_right_wheel_joint
[move_group-22] [WARN] [1751553047.578731358] [moveit_ros.planning_scene_monitor.planning_scene_monitor]: The complete state of the robot is not yet known.  Missing left_summit_back_left_wheel_joint, left_summit_back_right_wheel_joint, left_summit_front_left_wheel_joint, left_summit_front_right_wheel_joint, right_summit_back_left_wheel_joint, right_summit_back_right_wheel_joint, right_summit_front_left_wheel_joint, right_summit_front_right_wheel_joint
[move_group-22] [WARN] [1751553048.583880130] [moveit_ros.planning_scene_monitor.planning_scene_monitor]: The complete state of the robot is not yet known.  Missing left_summit_back_left_wheel_joint, left_summit_back_right_wheel_joint, left_summit_front_left_wheel_joint, left_summit_front_right_wheel_joint, right_summit_back_left_wheel_joint, right_summit_back_right_wheel_joint, right_summit_front_left_wheel_joint, right_summit_front_right_wheel_joint
[move_group-22] [WARN] [1751553049.588769349] [moveit_ros.planning_scene_monitor.planning_scene_monitor]: The complete state of the robot is not yet known.  Missing left_summit_back_left_wheel_joint, left_summit_back_right_wheel_joint, left_summit_front_left_wheel_joint, left_summit_front_right_wheel_joint, right_summit_back_left_wheel_joint, right_summit_back_right_wheel_joint, right_summit_front_left_wheel_joint, right_summit_front_right_wheel_joint
[move_group-22] [WARN] [1751553050.607329122] [moveit_ros.planning_scene_monitor.planning_scene_monitor]: The complete state of the robot is not yet known.  Missing left_summit_back_left_wheel_joint, left_summit_back_right_wheel_joint, left_summit_front_left_wheel_joint, left_summit_front_right_wheel_joint, right_summit_back_left_wheel_joint, right_summit_back_right_wheel_joint, right_summit_front_left_wheel_joint, right_summit_front_right_wheel_joint
[move_group-22] [WARN] [1751553051.643240819] [moveit_ros.planning_scene_monitor.planning_scene_monitor]: The complete state of the robot is not yet known.  Missing left_summit_back_left_wheel_joint, left_summit_back_right_wheel_joint, left_summit_front_left_wheel_joint, left_summit_front_right_wheel_joint, right_summit_back_left_wheel_joint, right_summit_back_right_wheel_joint, right_summit_front_left_wheel_joint, right_summit_front_right_wheel_joint
[move_group-22] [WARN] [1751553052.678802936] [moveit_ros.planning_scene_monitor.planning_scene_monitor]: The complete state of the robot is not yet known.  Missing left_summit_back_left_wheel_joint, left_summit_back_right_wheel_joint, left_summit_front_left_wheel_joint, left_summit_front_right_wheel_joint, right_summit_back_left_wheel_joint, right_summit_back_right_wheel_joint, right_summit_front_left_wheel_joint, right_summit_front_right_wheel_joint
[move_group-22] [WARN] [1751553053.690257400] [moveit_ros.planning_scene_monitor.planning_scene_monitor]: The complete state of the robot is not yet known.  Missing left_summit_back_left_wheel_joint, left_summit_back_right_wheel_joint, left_summit_front_left_wheel_joint, left_summit_front_right_wheel_joint, right_summit_back_left_wheel_joint, right_summit_back_right_wheel_joint, right_summit_front_left_wheel_joint, right_summit_front_right_wheel_joint
[move_group-22] [WARN] [1751553054.718884183] [moveit_ros.planning_scene_monitor.planning_scene_monitor]: The complete state of the robot is not yet known.  Missing left_summit_back_left_wheel_joint, left_summit_back_right_wheel_joint, left_summit_front_left_wheel_joint, left_summit_front_right_wheel_joint, right_summit_back_left_wheel_joint, right_summit_back_right_wheel_joint, right_summit_front_left_wheel_joint, right_summit_front_right_wheel_joint
[move_group-22] [WARN] [1751553055.733105466] [moveit_ros.planning_scene_monitor.planning_scene_monitor]: The complete state of the robot is not yet known.  Missing left_summit_back_left_wheel_joint, left_summit_back_right_wheel_joint, left_summit_front_left_wheel_joint, left_summit_front_right_wheel_joint, right_summit_back_left_wheel_joint, right_summit_back_right_wheel_joint, right_summit_front_left_wheel_joint, right_summit_front_right_wheel_joint
[move_group-22] [WARN] [1751553056.772948588] [moveit_ros.planning_scene_monitor.planning_scene_monitor]: The complete state of the robot is not yet known.  Missing left_summit_back_left_wheel_joint, left_summit_back_right_wheel_joint, left_summit_front_left_wheel_joint, left_summit_front_right_wheel_joint, right_summit_back_left_wheel_joint, right_summit_back_right_wheel_joint, right_summit_front_left_wheel_joint, right_summit_front_right_wheel_joint
[move_group-22] [WARN] [1751553057.791433528] [moveit_ros.planning_scene_monitor.planning_scene_monitor]: The complete state of the robot is not yet known.  Missing left_summit_back_left_wheel_joint, left_summit_back_right_wheel_joint, left_summit_front_left_wheel_joint, left_summit_front_right_wheel_joint, right_summit_back_left_wheel_joint, right_summit_back_right_wheel_joint, right_summit_front_left_wheel_joint, right_summit_front_right_wheel_joint
[move_group-22] [WARN] [1751553058.798919349] [moveit_ros.planning_scene_monitor.planning_scene_monitor]: The complete state of the robot is not yet known.  Missing left_summit_back_left_wheel_joint, left_summit_back_right_wheel_joint, left_summit_front_left_wheel_joint, left_summit_front_right_wheel_joint, right_summit_back_left_wheel_joint, right_summit_back_right_wheel_joint, right_summit_front_left_wheel_joint, right_summit_front_right_wheel_joint
[move_group-22] [WARN] [1751553059.811018251] [moveit_ros.planning_scene_monitor.planning_scene_monitor]: The complete state of the robot is not yet known.  Missing left_summit_back_left_wheel_joint, left_summit_back_right_wheel_joint, left_summit_front_left_wheel_joint, left_summit_front_right_wheel_joint, right_summit_back_left_wheel_joint, right_summit_back_right_wheel_joint, right_summit_front_left_wheel_joint, right_summit_front_right_wheel_joint
[move_group-22] [WARN] [1751553060.828767119] [moveit_ros.planning_scene_monitor.planning_scene_monitor]: The complete state of the robot is not yet known.  Missing left_summit_back_left_wheel_joint, left_summit_back_right_wheel_joint, left_summit_front_left_wheel_joint, left_summit_front_right_wheel_joint, right_summit_back_left_wheel_joint, right_summit_back_right_wheel_joint, right_summit_front_left_wheel_joint, right_summit_front_right_wheel_joint
[move_group-22] [WARN] [1751553061.828943215] [moveit_ros.planning_scene_monitor.planning_scene_monitor]: The complete state of the robot is not yet known.  Missing left_summit_back_left_wheel_joint, left_summit_back_right_wheel_joint, left_summit_front_left_wheel_joint, left_summit_front_right_wheel_joint, right_summit_back_left_wheel_joint, right_summit_back_right_wheel_joint, right_summit_front_left_wheel_joint, right_summit_front_right_wheel_joint
[move_group-22] [WARN] [1751553062.831844149] [moveit_ros.planning_scene_monitor.planning_scene_monitor]: The complete state of the robot is not yet known.  Missing left_summit_back_left_wheel_joint, left_summit_back_right_wheel_joint, left_summit_front_left_wheel_joint, left_summit_front_right_wheel_joint, right_summit_back_left_wheel_joint, right_summit_back_right_wheel_joint, right_summit_front_left_wheel_joint, right_summit_front_right_wheel_joint
[move_group-22] [WARN] [1751553063.862805317] [moveit_ros.planning_scene_monitor.planning_scene_monitor]: The complete state of the robot is not yet known.  Missing left_summit_back_left_wheel_joint, left_summit_back_right_wheel_joint, left_summit_front_left_wheel_joint, left_summit_front_right_wheel_joint, right_summit_back_left_wheel_joint, right_summit_back_right_wheel_joint, right_summit_front_left_wheel_joint, right_summit_front_right_wheel_joint
[move_group-22] [WARN] [1751553064.892879137] [moveit_ros.planning_scene_monitor.planning_scene_monitor]: The complete state of the robot is not yet known.  Missing left_summit_back_left_wheel_joint, left_summit_back_right_wheel_joint, left_summit_front_left_wheel_joint, left_summit_front_right_wheel_joint, right_summit_back_left_wheel_joint, right_summit_back_right_wheel_joint, right_summit_front_left_wheel_joint, right_summit_front_right_wheel_joint
[move_group-22] [WARN] [1751553065.917934345] [moveit_ros.planning_scene_monitor.planning_scene_monitor]: The complete state of the robot is not yet known.  Missing left_summit_back_left_wheel_joint, left_summit_back_right_wheel_joint, left_summit_front_left_wheel_joint, left_summit_front_right_wheel_joint, right_summit_back_left_wheel_joint, right_summit_back_right_wheel_joint, right_summit_front_left_wheel_joint, right_summit_front_right_wheel_joint
[move_group-22] [WARN] [1751553066.926736257] [moveit_ros.planning_scene_monitor.planning_scene_monitor]: The complete state of the robot is not yet known.  Missing left_summit_back_left_wheel_joint, left_summit_back_right_wheel_joint, left_summit_front_left_wheel_joint, left_summit_front_right_wheel_joint, right_summit_back_left_wheel_joint, right_summit_back_right_wheel_joint, right_summit_front_left_wheel_joint, right_summit_front_right_wheel_joint
[move_group-22] [WARN] [1751553067.937507746] [moveit_ros.planning_scene_monitor.planning_scene_monitor]: The complete state of the robot is not yet known.  Missing left_summit_back_left_wheel_joint, left_summit_back_right_wheel_joint, left_summit_front_left_wheel_joint, left_summit_front_right_wheel_joint, right_summit_back_left_wheel_joint, right_summit_back_right_wheel_joint, right_summit_front_left_wheel_joint, right_summit_front_right_wheel_joint
[move_group-22] [WARN] [1751553068.969691217] [moveit_ros.planning_scene_monitor.planning_scene_monitor]: The complete state of the robot is not yet known.  Missing left_summit_back_left_wheel_joint, left_summit_back_right_wheel_joint, left_summit_front_left_wheel_joint, left_summit_front_right_wheel_joint, right_summit_back_left_wheel_joint, right_summit_back_right_wheel_joint, right_summit_front_left_wheel_joint, right_summit_front_right_wheel_joint
[move_group-22] [WARN] [1751553070.007438859] [moveit_ros.planning_scene_monitor.planning_scene_monitor]: The complete state of the robot is not yet known.  Missing left_summit_back_left_wheel_joint, left_summit_back_right_wheel_joint, left_summit_front_left_wheel_joint, left_summit_front_right_wheel_joint, right_summit_back_left_wheel_joint, right_summit_back_right_wheel_joint, right_summit_front_left_wheel_joint, right_summit_front_right_wheel_joint
[move_group-22] [WARN] [1751553071.029365308] [moveit_ros.planning_scene_monitor.planning_scene_monitor]: The complete state of the robot is not yet known.  Missing left_summit_back_left_wheel_joint, left_summit_back_right_wheel_joint, left_summit_front_left_wheel_joint, left_summit_front_right_wheel_joint, right_summit_back_left_wheel_joint, right_summit_back_right_wheel_joint, right_summit_front_left_wheel_joint, right_summit_front_right_wheel_joint
[move_group-22] [WARN] [1751553072.066043877] [moveit_ros.planning_scene_monitor.planning_scene_monitor]: The complete state of the robot is not yet known.  Missing left_summit_back_left_wheel_joint, left_summit_back_right_wheel_joint, left_summit_front_left_wheel_joint, left_summit_front_right_wheel_joint, right_summit_back_left_wheel_joint, right_summit_back_right_wheel_joint, right_summit_front_left_wheel_joint, right_summit_front_right_wheel_joint
[move_group-22] [WARN] [1751553073.085458739] [moveit_ros.planning_scene_monitor.planning_scene_monitor]: The complete state of the robot is not yet known.  Missing left_summit_back_left_wheel_joint, left_summit_back_right_wheel_joint, left_summit_front_left_wheel_joint, left_summit_front_right_wheel_joint, right_summit_back_left_wheel_joint, right_summit_back_right_wheel_joint, right_summit_front_left_wheel_joint, right_summit_front_right_wheel_joint
[move_group-22] [WARN] [1751553074.153686050] [moveit_ros.planning_scene_monitor.planning_scene_monitor]: The complete state of the robot is not yet known.  Missing left_summit_back_left_wheel_joint, left_summit_back_right_wheel_joint, left_summit_front_left_wheel_joint, left_summit_front_right_wheel_joint, right_summit_back_left_wheel_joint, right_summit_back_right_wheel_joint, right_summit_front_left_wheel_joint, right_summit_front_right_wheel_joint
[move_group-22] [WARN] [1751553075.155439237] [moveit_ros.planning_scene_monitor.planning_scene_monitor]: The complete state of the robot is not yet known.  Missing left_summit_back_left_wheel_joint, left_summit_back_right_wheel_joint, left_summit_front_left_wheel_joint, left_summit_front_right_wheel_joint, right_summit_back_left_wheel_joint, right_summit_back_right_wheel_joint, right_summit_front_left_wheel_joint, right_summit_front_right_wheel_joint
[move_group-22] [WARN] [1751553076.177731968] [moveit_ros.planning_scene_monitor.planning_scene_monitor]: The complete state of the robot is not yet known.  Missing left_summit_back_left_wheel_joint, left_summit_back_right_wheel_joint, left_summit_front_left_wheel_joint, left_summit_front_right_wheel_joint, right_summit_back_left_wheel_joint, right_summit_back_right_wheel_joint, right_summit_front_left_wheel_joint, right_summit_front_right_wheel_joint
[move_group-22] [WARN] [1751553077.194773407] [moveit_ros.planning_scene_monitor.planning_scene_monitor]: The complete state of the robot is not yet known.  Missing left_summit_back_left_wheel_joint, left_summit_back_right_wheel_joint, left_summit_front_left_wheel_joint, left_summit_front_right_wheel_joint, right_summit_back_left_wheel_joint, right_summit_back_right_wheel_joint, right_summit_front_left_wheel_joint, right_summit_front_right_wheel_joint
[move_group-22] [WARN] [1751553078.209917071] [moveit_ros.planning_scene_monitor.planning_scene_monitor]: The complete state of the robot is not yet known.  Missing left_summit_back_left_wheel_joint, left_summit_back_right_wheel_joint, left_summit_front_left_wheel_joint, left_summit_front_right_wheel_joint, right_summit_back_left_wheel_joint, right_summit_back_right_wheel_joint, right_summit_front_left_wheel_joint, right_summit_front_right_wheel_joint
[move_group-22] [WARN] [1751553079.246100338] [moveit_ros.planning_scene_monitor.planning_scene_monitor]: The complete state of the robot is not yet known.  Missing left_summit_back_left_wheel_joint, left_summit_back_right_wheel_joint, left_summit_front_left_wheel_joint, left_summit_front_right_wheel_joint, right_summit_back_left_wheel_joint, right_summit_back_right_wheel_joint, right_summit_front_left_wheel_joint, right_summit_front_right_wheel_joint
[move_group-22] [WARN] [1751553080.286064841] [moveit_ros.planning_scene_monitor.planning_scene_monitor]: The complete state of the robot is not yet known.  Missing left_summit_back_left_wheel_joint, left_summit_back_right_wheel_joint, left_summit_front_left_wheel_joint, left_summit_front_right_wheel_joint, right_summit_back_left_wheel_joint, right_summit_back_right_wheel_joint, right_summit_front_left_wheel_joint, right_summit_front_right_wheel_joint
[move_group-22] [WARN] [1751553081.299543926] [moveit_ros.planning_scene_monitor.planning_scene_monitor]: The complete state of the robot is not yet known.  Missing left_summit_back_left_wheel_joint, left_summit_back_right_wheel_joint, left_summit_front_left_wheel_joint, left_summit_front_right_wheel_joint, right_summit_back_left_wheel_joint, right_summit_back_right_wheel_joint, right_summit_front_left_wheel_joint, right_summit_front_right_wheel_joint
[move_group-22] [WARN] [1751553082.302377066] [moveit_ros.planning_scene_monitor.planning_scene_monitor]: The complete state of the robot is not yet known.  Missing left_summit_back_left_wheel_joint, left_summit_back_right_wheel_joint, left_summit_front_left_wheel_joint, left_summit_front_right_wheel_joint, right_summit_back_left_wheel_joint, right_summit_back_right_wheel_joint, right_summit_front_left_wheel_joint, right_summit_front_right_wheel_joint
[move_group-22] [WARN] [1751553083.308595665] [moveit_ros.planning_scene_monitor.planning_scene_monitor]: The complete state of the robot is not yet known.  Missing left_summit_back_left_wheel_joint, left_summit_back_right_wheel_joint, left_summit_front_left_wheel_joint, left_summit_front_right_wheel_joint, right_summit_back_left_wheel_joint, right_summit_back_right_wheel_joint, right_summit_front_left_wheel_joint, right_summit_front_right_wheel_joint
[move_group-22] [WARN] [1751553084.405081828] [moveit_ros.planning_scene_monitor.planning_scene_monitor]: The complete state of the robot is not yet known.  Missing left_summit_back_left_wheel_joint, left_summit_back_right_wheel_joint, left_summit_front_left_wheel_joint, left_summit_front_right_wheel_joint, right_summit_back_left_wheel_joint, right_summit_back_right_wheel_joint, right_summit_front_left_wheel_joint, right_summit_front_right_wheel_joint
[move_group-22] [WARN] [1751553085.426369277] [moveit_ros.planning_scene_monitor.planning_scene_monitor]: The complete state of the robot is not yet known.  Missing left_summit_back_left_wheel_joint, left_summit_back_right_wheel_joint, left_summit_front_left_wheel_joint, left_summit_front_right_wheel_joint, right_summit_back_left_wheel_joint, right_summit_back_right_wheel_joint, right_summit_front_left_wheel_joint, right_summit_front_right_wheel_joint
[move_group-22] [WARN] [1751553086.435355945] [moveit_ros.planning_scene_monitor.planning_scene_monitor]: The complete state of the robot is not yet known.  Missing left_summit_back_left_wheel_joint, left_summit_back_right_wheel_joint, left_summit_front_left_wheel_joint, left_summit_front_right_wheel_joint, right_summit_back_left_wheel_joint, right_summit_back_right_wheel_joint, right_summit_front_left_wheel_joint, right_summit_front_right_wheel_joint
[move_group-22] [WARN] [1751553087.465136894] [moveit_ros.planning_scene_monitor.planning_scene_monitor]: The complete state of the robot is not yet known.  Missing left_summit_back_left_wheel_joint, left_summit_back_right_wheel_joint, left_summit_front_left_wheel_joint, left_summit_front_right_wheel_joint, right_summit_back_left_wheel_joint, right_summit_back_right_wheel_joint, right_summit_front_left_wheel_joint, right_summit_front_right_wheel_joint
[move_group-22] [WARN] [1751553088.513503409] [moveit_ros.planning_scene_monitor.planning_scene_monitor]: The complete state of the robot is not yet known.  Missing left_summit_back_left_wheel_joint, left_summit_back_right_wheel_joint, left_summit_front_left_wheel_joint, left_summit_front_right_wheel_joint, right_summit_back_left_wheel_joint, right_summit_back_right_wheel_joint, right_summit_front_left_wheel_joint, right_summit_front_right_wheel_joint
[move_group-22] [WARN] [1751553089.535204088] [moveit_ros.planning_scene_monitor.planning_scene_monitor]: The complete state of the robot is not yet known.  Missing left_summit_back_left_wheel_joint, left_summit_back_right_wheel_joint, left_summit_front_left_wheel_joint, left_summit_front_right_wheel_joint, right_summit_back_left_wheel_joint, right_summit_back_right_wheel_joint, right_summit_front_left_wheel_joint, right_summit_front_right_wheel_joint
[move_group-22] [WARN] [1751553090.581065055] [moveit_ros.planning_scene_monitor.planning_scene_monitor]: The complete state of the robot is not yet known.  Missing left_summit_back_left_wheel_joint, left_summit_back_right_wheel_joint, left_summit_front_left_wheel_joint, left_summit_front_right_wheel_joint, right_summit_back_left_wheel_joint, right_summit_back_right_wheel_joint, right_summit_front_left_wheel_joint, right_summit_front_right_wheel_joint
[move_group-22] [WARN] [1751553091.606593350] [moveit_ros.planning_scene_monitor.planning_scene_monitor]: The complete state of the robot is not yet known.  Missing left_summit_back_left_wheel_joint, left_summit_back_right_wheel_joint, left_summit_front_left_wheel_joint, left_summit_front_right_wheel_joint, right_summit_back_left_wheel_joint, right_summit_back_right_wheel_joint, right_summit_front_left_wheel_joint, right_summit_front_right_wheel_joint
[move_group-22] [WARN] [1751553092.652377731] [moveit_ros.planning_scene_monitor.planning_scene_monitor]: The complete state of the robot is not yet known.  Missing left_summit_back_left_wheel_joint, left_summit_back_right_wheel_joint, left_summit_front_left_wheel_joint, left_summit_front_right_wheel_joint, right_summit_back_left_wheel_joint, right_summit_back_right_wheel_joint, right_summit_front_left_wheel_joint, right_summit_front_right_wheel_joint
[move_group-22] [WARN] [1751553093.682615515] [moveit_ros.planning_scene_monitor.planning_scene_monitor]: The complete state of the robot is not yet known.  Missing left_summit_back_left_wheel_joint, left_summit_back_right_wheel_joint, left_summit_front_left_wheel_joint, left_summit_front_right_wheel_joint, right_summit_back_left_wheel_joint, right_summit_back_right_wheel_joint, right_summit_front_left_wheel_joint, right_summit_front_right_wheel_joint
[move_group-22] [WARN] [1751553094.721312726] [moveit_ros.planning_scene_monitor.planning_scene_monitor]: The complete state of the robot is not yet known.  Missing left_summit_back_left_wheel_joint, left_summit_back_right_wheel_joint, left_summit_front_left_wheel_joint, left_summit_front_right_wheel_joint, right_summit_back_left_wheel_joint, right_summit_back_right_wheel_joint, right_summit_front_left_wheel_joint, right_summit_front_right_wheel_joint
[WARNING] [launch]: user interrupted with ctrl-c (SIGINT)
[rviz2-21] [INFO] [1751553095.312842489] [rclcpp]: signal_handler(signum=2)
[move_group-22] [INFO] [1751553095.312847077] [rclcpp]: signal_handler(signum=2)
[static_transform_publisher-16] [INFO] [1751553095.312974845] [rclcpp]: signal_handler(signum=2)
[joint_state_merger.py-23] Traceback (most recent call last):
[joint_state_merger.py-23]   File "/ros2_ws/install/ur/lib/ur/joint_state_merger.py", line 46, in <module>
[joint_state_merger.py-23]     main()
[joint_state_merger.py-23]   File "/ros2_ws/install/ur/lib/ur/joint_state_merger.py", line 41, in main
[joint_state_merger.py-23]     rclpy.spin(node)
[joint_state_merger.py-23]   File "/opt/ros/humble/local/lib/python3.10/dist-packages/rclpy/__init__.py", line 226, in spin
[joint_state_merger.py-23]     executor.spin_once()
[joint_state_merger.py-23]   File "/opt/ros/humble/local/lib/python3.10/dist-packages/rclpy/executors.py", line 751, in spin_once
[joint_state_merger.py-23]     self._spin_once_impl(timeout_sec)
[joint_state_merger.py-23]   File "/opt/ros/humble/local/lib/python3.10/dist-packages/rclpy/executors.py", line 746, in _spin_once_impl
[joint_state_merger.py-23]     handler()
[joint_state_merger.py-23]   File "/opt/ros/humble/local/lib/python3.10/dist-packages/rclpy/task.py", line 254, in __call__
[static_transform_publisher-17] [INFO] [1751553095.313033916] [rclcpp]: signal_handler(signum=2)
[static_transform_publisher-6] [INFO] [1751553095.313078886] [rclcpp]: signal_handler(signum=2)
[static_transform_publisher-15] [INFO] [1751553095.313119520] [rclcpp]: signal_handler(signum=2)
[static_transform_publisher-9] [INFO] [1751553095.313204020] [rclcpp]: signal_handler(signum=2)
[static_transform_publisher-8] [INFO] [1751553095.313232436] [rclcpp]: signal_handler(signum=2)
[static_transform_publisher-7] [INFO] [1751553095.313318924] [rclcpp]: signal_handler(signum=2)
[static_transform_publisher-5] [INFO] [1751553095.313438390] [rclcpp]: signal_handler(signum=2)
[static_transform_publisher-14] [INFO] [1751553095.314000107] [rclcpp]: signal_handler(signum=2)
[static_transform_publisher-18] [INFO] [1751553095.312937393] [rclcpp]: signal_handler(signum=2)
[robot_state_publisher-13] [INFO] [1751553095.315745434] [rclcpp]: signal_handler(signum=2)
[robot_state_publisher-4] [INFO] [1751553095.315939860] [rclcpp]: signal_handler(signum=2)
[joint_state_merger.py-23]     self._handler.send(None)
[joint_state_merger.py-23]   File "/opt/ros/humble/local/lib/python3.10/dist-packages/rclpy/executors.py", line 447, in handler
[joint_state_merger.py-23]     await call_coroutine(entity, arg)
[joint_state_merger.py-23]   File "/opt/ros/humble/local/lib/python3.10/dist-packages/rclpy/executors.py", line 361, in _execute_timer
[joint_state_merger.py-23]     await await_or_execute(tmr.callback)
[joint_state_merger.py-23]   File "/opt/ros/humble/local/lib/python3.10/dist-packages/rclpy/executors.py", line 107, in await_or_execute
[joint_state_merger.py-23]     return callback(*args)
[joint_state_merger.py-23]   File "/ros2_ws/install/ur/lib/ur/joint_state_merger.py", line 29, in publish_merged
[joint_state_merger.py-23]     velocities += msg.velocity
[joint_state_merger.py-23]   File "/opt/ros/humble/local/lib/python3.10/dist-packages/sensor_msgs/msg/_joint_state.py", line 214, in velocity
[joint_state_merger.py-23]     @builtins.property
[joint_state_merger.py-23] KeyboardInterrupt
[move_group-22] [INFO] [1751553095.424474008] [moveit.ros_planning_interface.moveit_cpp]: Deleting MoveItCpp
[rviz2-21] [INFO] [1751553095.455622778] [moveit_ros.planning_scene_monitor.planning_scene_monitor]: Stopping planning scene monitor
[INFO] [static_transform_publisher-15]: process has finished cleanly [pid 83203]
[ERROR] [joint_state_merger.py-23]: process has died [pid 83543, exit code -2, cmd '/ros2_ws/install/ur/lib/ur/joint_state_merger.py --ros-args -r __node:=joint_state_merger'].
[INFO] [static_transform_publisher-5]: process has finished cleanly [pid 83161]
[INFO] [static_transform_publisher-14]: process has finished cleanly [pid 83188]
[INFO] [static_transform_publisher-6]: process has finished cleanly [pid 83163]
[INFO] [static_transform_publisher-18]: process has finished cleanly [pid 83259]
[INFO] [static_transform_publisher-17]: process has finished cleanly [pid 83256]
[INFO] [static_transform_publisher-7]: process has finished cleanly [pid 83165]
[INFO] [static_transform_publisher-9]: process has finished cleanly [pid 83169]
[INFO] [static_transform_publisher-16]: process has finished cleanly [pid 83237]
[INFO] [static_transform_publisher-8]: process has finished cleanly [pid 83167]
[INFO] [robot_state_publisher-4]: process has finished cleanly [pid 83159]
[INFO] [robot_state_publisher-13]: process has finished cleanly [pid 83178]
[move_group-22] [INFO] [1751553095.568573909] [moveit_ros.planning_scene_monitor.planning_scene_monitor]: Stopped publishing maintained planning scene.
[move_group-22] [INFO] [1751553095.570406003] [moveit_ros.planning_scene_monitor.planning_scene_monitor]: Stopping world geometry monitor
[move_group-22] [INFO] [1751553095.572518182] [moveit_ros.planning_scene_monitor.planning_scene_monitor]: Stopping planning scene monitor
[move_group-22] Warning: class_loader.ClassLoader: SEVERE WARNING!!! Attempting to unload library while objects created by this loader exist in the heap! You should delete your objects before attempting to unload the library or destroying the ClassLoader. The library will NOT be unloaded.
[move_group-22]          at line 127 in ./src/class_loader.cpp
[move_group-22] Stack trace (most recent call last):
[move_group-22] #11   Object "", at 0xffffffffffffffff, in 
[move_group-22] #10   Object "/ros2_ws/build/moveit_ros_move_group/move_group", at 0x556b3316ceb4, in _start
[move_group-22] #9    Object "/usr/lib/x86_64-linux-gnu/libc.so.6", at 0x7fb7dbddde3f, in __libc_start_main
[move_group-22] #8    Object "/usr/lib/x86_64-linux-gnu/libc.so.6", at 0x7fb7dbdddd8f, in 
[move_group-22] #7    Object "/ros2_ws/build/moveit_ros_move_group/move_group", at 0x556b3316c483, in main
[move_group-22] #6    Object "/ros2_ws/build/moveit_ros_move_group/move_group", at 0x556b331739c1, in std::_Sp_counted_base<(__gnu_cxx::_Lock_policy)2>::_M_release()
[move_group-22] #5    Object "/opt/ros/humble/lib/librclcpp.so", at 0x7fb7dc302ade, in rclcpp::Node::~Node()
[move_group-22] #4    Object "/opt/ros/humble/lib/librclcpp.so", at 0x7fb7dc2ddd49, in 
[move_group-22] #3    Object "/opt/ros/humble/lib/librclcpp.so", at 0x7fb7dc30c189, in 
[move_group-22] #2    Object "/opt/ros/humble/lib/librclcpp.so", at 0x7fb7dc30c0d0, in rclcpp::node_interfaces::NodeBase::~NodeBase()
[move_group-22] #1    Object "/opt/ros/humble/lib/librclcpp.so", at 0x7fb7dc2ddd49, in 
[move_group-22] #0    Object "/opt/ros/humble/lib/librclcpp.so", at 0x7fb7dc2e2ac1, in rclcpp::CallbackGroup::~CallbackGroup()
[move_group-22] Segmentation fault (Address not mapped to object [0x7fb7d052ec70])
[INFO] [rviz2-21]: process has finished cleanly [pid 83286]
[INFO] [gzclient-2]: process has finished cleanly [pid 83155]
[ERROR] [move_group-22]: process has died [pid 83288, exit code -11, cmd '/ros2_ws/install/moveit_ros_move_group/lib/moveit_ros_move_group/move_group --ros-args --params-file /tmp/launch_params_qhdtbywa --params-file /tmp/launch_params_km7520ll --params-file /tmp/launch_params_esizpdf5 --params-file /tmp/launch_params_6bgxek0f --params-file /tmp/launch_params_88e4_o5w'].
[move_group-22] [0m
[INFO] [gzserver-1]: process has finished cleanly [pid 83153]
