[INFO] [launch]: All log files can be found below /root/.ros/log/2025-07-02-15-48-07-562523-outlander-Aspire-V3-571G-81273
[INFO] [launch]: Default logging verbosity is set to INFO
[INFO] [gzserver-1]: process started with pid [81277]
[INFO] [gzclient-2]: process started with pid [81279]
[INFO] [spawn_entity.py-3]: process started with pid [81281]
[INFO] [robot_state_publisher-4]: process started with pid [81283]
[INFO] [static_transform_publisher-5]: process started with pid [81285]
[INFO] [static_transform_publisher-6]: process started with pid [81287]
[INFO] [static_transform_publisher-7]: process started with pid [81289]
[INFO] [static_transform_publisher-8]: process started with pid [81291]
[INFO] [static_transform_publisher-9]: process started with pid [81294]
[INFO] [spawner-10]: process started with pid [81320]
[INFO] [spawner-11]: process started with pid [81341]
[INFO] [spawn_entity.py-12]: process started with pid [81344]
[INFO] [robot_state_publisher-13]: process started with pid [81355]
[INFO] [static_transform_publisher-14]: process started with pid [81358]
[INFO] [static_transform_publisher-15]: process started with pid [81360]
[INFO] [static_transform_publisher-16]: process started with pid [81363]
[INFO] [static_transform_publisher-17]: process started with pid [81368]
[INFO] [static_transform_publisher-18]: process started with pid [81387]
[INFO] [spawner-19]: process started with pid [81394]
[INFO] [spawner-20]: process started with pid [81397]
[INFO] [rviz2-21]: process started with pid [81404]
[INFO] [move_group-22]: process started with pid [81411]
[robot_state_publisher-4] [INFO] [1751471292.769076841] [left.robot_state_publisher]: got segment left_summit_back_left_wheel_link
[robot_state_publisher-4] [INFO] [1751471292.769251529] [left.robot_state_publisher]: got segment left_summit_back_right_wheel_link
[robot_state_publisher-4] [INFO] [1751471292.769277721] [left.robot_state_publisher]: got segment left_summit_base_chapa
[robot_state_publisher-4] [INFO] [1751471292.769298079] [left.robot_state_publisher]: got segment left_summit_base_docking_contact
[robot_state_publisher-4] [INFO] [1751471292.769317750] [left.robot_state_publisher]: got segment left_summit_base_footprint
[robot_state_publisher-4] [INFO] [1751471292.769336247] [left.robot_state_publisher]: got segment left_summit_base_link
[robot_state_publisher-4] [INFO] [1751471292.769355419] [left.robot_state_publisher]: got segment left_summit_base_logo_front
[robot_state_publisher-4] [INFO] [1751471292.769374055] [left.robot_state_publisher]: got segment left_summit_base_logo_left
[robot_state_publisher-4] [INFO] [1751471292.769391366] [left.robot_state_publisher]: got segment left_summit_base_logo_rear
[robot_state_publisher-4] [INFO] [1751471292.769410170] [left.robot_state_publisher]: got segment left_summit_base_logo_right
[robot_state_publisher-4] [INFO] [1751471292.769509826] [left.robot_state_publisher]: got segment left_summit_front_laser_base_link
[robot_state_publisher-4] [INFO] [1751471292.769531766] [left.robot_state_publisher]: got segment left_summit_front_laser_link
[robot_state_publisher-4] [INFO] [1751471292.769551728] [left.robot_state_publisher]: got segment left_summit_front_left_wheel_link
[robot_state_publisher-4] [INFO] [1751471292.769572360] [left.robot_state_publisher]: got segment left_summit_front_right_wheel_link
[robot_state_publisher-4] [INFO] [1751471292.769591021] [left.robot_state_publisher]: got segment left_summit_imu_link
[robot_state_publisher-4] [INFO] [1751471292.769610986] [left.robot_state_publisher]: got segment left_summit_rear_laser_base_link
[robot_state_publisher-4] [INFO] [1751471292.769630220] [left.robot_state_publisher]: got segment left_summit_rear_laser_link
[robot_state_publisher-4] [INFO] [1751471292.769648862] [left.robot_state_publisher]: got segment ur_left_base
[robot_state_publisher-4] [INFO] [1751471292.769666277] [left.robot_state_publisher]: got segment ur_left_base_link
[robot_state_publisher-4] [INFO] [1751471292.769686411] [left.robot_state_publisher]: got segment ur_left_base_link_inertia
[robot_state_publisher-4] [INFO] [1751471292.769705785] [left.robot_state_publisher]: got segment ur_left_finger_left
[robot_state_publisher-4] [INFO] [1751471292.769725074] [left.robot_state_publisher]: got segment ur_left_finger_right
[robot_state_publisher-4] [INFO] [1751471292.769743463] [left.robot_state_publisher]: got segment ur_left_finger_tip
[robot_state_publisher-4] [INFO] [1751471292.769763575] [left.robot_state_publisher]: got segment ur_left_flange
[robot_state_publisher-4] [INFO] [1751471292.769781407] [left.robot_state_publisher]: got segment ur_left_forearm_link
[robot_state_publisher-4] [INFO] [1751471292.769800399] [left.robot_state_publisher]: got segment ur_left_ft_frame
[robot_state_publisher-4] [INFO] [1751471292.769818628] [left.robot_state_publisher]: got segment ur_left_robotiq_hand
[robot_state_publisher-4] [INFO] [1751471292.769837000] [left.robot_state_publisher]: got segment ur_left_shoulder_link
[robot_state_publisher-4] [INFO] [1751471292.769855618] [left.robot_state_publisher]: got segment ur_left_tool0
[robot_state_publisher-4] [INFO] [1751471292.769873889] [left.robot_state_publisher]: got segment ur_left_upper_arm_link
[robot_state_publisher-4] [INFO] [1751471292.769892873] [left.robot_state_publisher]: got segment ur_left_wrist_1_link
[robot_state_publisher-4] [INFO] [1751471292.769911087] [left.robot_state_publisher]: got segment ur_left_wrist_2_link
[robot_state_publisher-4] [INFO] [1751471292.769928567] [left.robot_state_publisher]: got segment ur_left_wrist_3_link
[static_transform_publisher-5] [WARN] [1751471292.694982464] []: Old-style arguments are deprecated; see --help for new-style arguments
[static_transform_publisher-5] [INFO] [1751471292.748951649] [left.static_transform_publisher]: Spinning until stopped - publishing transform
[static_transform_publisher-5] translation: ('-0.660000', '0.000000', '0.000000')
[static_transform_publisher-5] rotation: ('0.000000', '0.000000', '0.000000', '1.000000')
[static_transform_publisher-5] from 'world' to 'left_summit_odom'
[static_transform_publisher-6] [WARN] [1751471292.695079080] []: Old-style arguments are deprecated; see --help for new-style arguments
[static_transform_publisher-6] [INFO] [1751471292.785695363] [left_static_transform_publisher_back_left]: Spinning until stopped - publishing transform
[static_transform_publisher-6] translation: ('0.250000', '0.150000', '0.000000')
[static_transform_publisher-6] rotation: ('0.000000', '0.000000', '0.000000', '1.000000')
[static_transform_publisher-6] from 'left_summit_base_link' to 'left_summit_back_left_wheel_link'
[static_transform_publisher-7] [WARN] [1751471292.695015603] []: Old-style arguments are deprecated; see --help for new-style arguments
[static_transform_publisher-7] [INFO] [1751471292.743382146] [left_static_transform_publisher_back_right]: Spinning until stopped - publishing transform
[static_transform_publisher-7] translation: ('0.250000', '-0.150000', '0.000000')
[static_transform_publisher-7] rotation: ('0.000000', '0.000000', '0.000000', '1.000000')
[static_transform_publisher-7] from 'left_summit_base_link' to 'left_summit_back_right_wheel_link'
[static_transform_publisher-8] [WARN] [1751471292.712691121] []: Old-style arguments are deprecated; see --help for new-style arguments
[static_transform_publisher-8] [INFO] [1751471292.802223031] [left_static_transform_publisher_front_left]: Spinning until stopped - publishing transform
[static_transform_publisher-8] translation: ('-0.250000', '0.150000', '0.000000')
[static_transform_publisher-8] rotation: ('0.000000', '0.000000', '0.000000', '1.000000')
[static_transform_publisher-8] from 'left_summit_base_link' to 'left_summit_front_left_wheel_link'
[static_transform_publisher-9] [WARN] [1751471292.740047382] []: Old-style arguments are deprecated; see --help for new-style arguments
[static_transform_publisher-9] [INFO] [1751471292.785981486] [static_transform_publisher_front_right]: Spinning until stopped - publishing transform
[static_transform_publisher-9] translation: ('-0.250000', '-0.150000', '0.000000')
[static_transform_publisher-9] rotation: ('0.000000', '0.000000', '0.000000', '1.000000')
[static_transform_publisher-9] from 'left_summit_base_link' to 'left_summit_front_right_wheel_link'
[static_transform_publisher-14] [WARN] [1751471292.842270036] []: Old-style arguments are deprecated; see --help for new-style arguments
[static_transform_publisher-14] [INFO] [1751471293.003346521] [right.static_transform_publisher]: Spinning until stopped - publishing transform
[static_transform_publisher-14] translation: ('0.660000', '0.000000', '0.000000')
[static_transform_publisher-14] rotation: ('0.000000', '0.000000', '0.000000', '1.000000')
[static_transform_publisher-14] from 'world' to 'right_summit_odom'
[static_transform_publisher-15] [WARN] [1751471292.842575276] []: Old-style arguments are deprecated; see --help for new-style arguments
[static_transform_publisher-15] [INFO] [1751471292.965185622] [right_static_transform_publisher_back_left]: Spinning until stopped - publishing transform
[static_transform_publisher-15] translation: ('0.250000', '0.150000', '0.000000')
[static_transform_publisher-15] rotation: ('0.000000', '0.000000', '0.000000', '1.000000')
[static_transform_publisher-15] from 'right_summit_base_link' to 'right_summit_back_left_wheel_link'
[static_transform_publisher-16] [WARN] [1751471292.913588567] []: Old-style arguments are deprecated; see --help for new-style arguments
[static_transform_publisher-17] [WARN] [1751471292.986864860] []: Old-style arguments are deprecated; see --help for new-style arguments
[static_transform_publisher-18] [WARN] [1751471292.982238302] []: Old-style arguments are deprecated; see --help for new-style arguments
[robot_state_publisher-13] [INFO] [1751471293.017237346] [right.robot_state_publisher]: got segment right_summit_back_left_wheel_link
[robot_state_publisher-13] [INFO] [1751471293.017512300] [right.robot_state_publisher]: got segment right_summit_back_right_wheel_link
[robot_state_publisher-13] [INFO] [1751471293.017542696] [right.robot_state_publisher]: got segment right_summit_base_chapa
[robot_state_publisher-13] [INFO] [1751471293.017564224] [right.robot_state_publisher]: got segment right_summit_base_docking_contact
[robot_state_publisher-13] [INFO] [1751471293.017584057] [right.robot_state_publisher]: got segment right_summit_base_footprint
[robot_state_publisher-13] [INFO] [1751471293.017630798] [right.robot_state_publisher]: got segment right_summit_base_link
[robot_state_publisher-13] [INFO] [1751471293.017652613] [right.robot_state_publisher]: got segment right_summit_base_logo_front
[robot_state_publisher-13] [INFO] [1751471293.017672929] [right.robot_state_publisher]: got segment right_summit_base_logo_left
[robot_state_publisher-13] [INFO] [1751471293.017691483] [right.robot_state_publisher]: got segment right_summit_base_logo_rear
[robot_state_publisher-13] [INFO] [1751471293.017709505] [right.robot_state_publisher]: got segment right_summit_base_logo_right
[robot_state_publisher-13] [INFO] [1751471293.017730435] [right.robot_state_publisher]: got segment right_summit_front_laser_base_link
[robot_state_publisher-13] [INFO] [1751471293.017748403] [right.robot_state_publisher]: got segment right_summit_front_laser_link
[robot_state_publisher-13] [INFO] [1751471293.017765384] [right.robot_state_publisher]: got segment right_summit_front_left_wheel_link
[robot_state_publisher-13] [INFO] [1751471293.017785590] [right.robot_state_publisher]: got segment right_summit_front_right_wheel_link
[robot_state_publisher-13] [INFO] [1751471293.017805431] [right.robot_state_publisher]: got segment right_summit_imu_link
[robot_state_publisher-13] [INFO] [1751471293.017850373] [right.robot_state_publisher]: got segment right_summit_rear_laser_base_link
[robot_state_publisher-13] [INFO] [1751471293.017871037] [right.robot_state_publisher]: got segment right_summit_rear_laser_link
[robot_state_publisher-13] [INFO] [1751471293.017937062] [right.robot_state_publisher]: got segment ur_right_base
[robot_state_publisher-13] [INFO] [1751471293.018149701] [right.robot_state_publisher]: got segment ur_right_base_link
[robot_state_publisher-13] [INFO] [1751471293.018174423] [right.robot_state_publisher]: got segment ur_right_base_link_inertia
[robot_state_publisher-13] [INFO] [1751471293.018250044] [right.robot_state_publisher]: got segment ur_right_finger_left
[robot_state_publisher-13] [INFO] [1751471293.018289455] [right.robot_state_publisher]: got segment ur_right_finger_right
[robot_state_publisher-13] [INFO] [1751471293.018308516] [right.robot_state_publisher]: got segment ur_right_finger_tip
[robot_state_publisher-13] [INFO] [1751471293.018329144] [right.robot_state_publisher]: got segment ur_right_flange
[robot_state_publisher-13] [INFO] [1751471293.018587146] [right.robot_state_publisher]: got segment ur_right_forearm_link
[robot_state_publisher-13] [INFO] [1751471293.018609843] [right.robot_state_publisher]: got segment ur_right_ft_frame
[robot_state_publisher-13] [INFO] [1751471293.018631268] [right.robot_state_publisher]: got segment ur_right_robotiq_hand
[robot_state_publisher-13] [INFO] [1751471293.018650311] [right.robot_state_publisher]: got segment ur_right_shoulder_link
[robot_state_publisher-13] [INFO] [1751471293.018670421] [right.robot_state_publisher]: got segment ur_right_tool0
[robot_state_publisher-13] [INFO] [1751471293.018690449] [right.robot_state_publisher]: got segment ur_right_upper_arm_link
[robot_state_publisher-13] [INFO] [1751471293.018708114] [right.robot_state_publisher]: got segment ur_right_wrist_1_link
[robot_state_publisher-13] [INFO] [1751471293.018727917] [right.robot_state_publisher]: got segment ur_right_wrist_2_link
[robot_state_publisher-13] [INFO] [1751471293.018748137] [right.robot_state_publisher]: got segment ur_right_wrist_3_link
[static_transform_publisher-16] [INFO] [1751471293.082370239] [right_static_transform_publisher_back_right]: Spinning until stopped - publishing transform
[static_transform_publisher-16] translation: ('0.250000', '-0.150000', '0.000000')
[static_transform_publisher-16] rotation: ('0.000000', '0.000000', '0.000000', '1.000000')
[static_transform_publisher-16] from 'right_summit_base_link' to 'right_summit_back_right_wheel_link'
[static_transform_publisher-17] [INFO] [1751471293.102753673] [right_static_transform_publisher_front_left]: Spinning until stopped - publishing transform
[static_transform_publisher-17] translation: ('-0.250000', '0.150000', '0.000000')
[static_transform_publisher-17] rotation: ('0.000000', '0.000000', '0.000000', '1.000000')
[static_transform_publisher-17] from 'right_summit_base_link' to 'right_summit_front_left_wheel_link'
[static_transform_publisher-18] [INFO] [1751471293.154582534] [static_transform_publisher_front_right]: Spinning until stopped - publishing transform
[static_transform_publisher-18] translation: ('-0.250000', '-0.150000', '0.000000')
[static_transform_publisher-18] rotation: ('0.000000', '0.000000', '0.000000', '1.000000')
[static_transform_publisher-18] from 'right_summit_base_link' to 'right_summit_front_right_wheel_link'
[rviz2-21] QStandardPaths: XDG_RUNTIME_DIR not set, defaulting to '/tmp/runtime-root'
[move_group-22] [INFO] [1751471293.642859680] [moveit_rdf_loader.rdf_loader]: Loaded robot model in 0.0304509 seconds
[move_group-22] [INFO] [1751471293.643093635] [moveit_robot_model.robot_model]: Loading robot model 'srm'...
[move_group-22] [WARN] [1751471293.643131063] [moveit_robot_model.robot_model]: Skipping virtual joint 'Vjoint_left' because its child frame 'left_summit_base_footprint' does not match the URDF frame 'world'
[move_group-22] [WARN] [1751471293.643147071] [moveit_robot_model.robot_model]: Skipping virtual joint 'Vjoint_right' because its child frame 'right_summit_base_footprint' does not match the URDF frame 'world'
[move_group-22] [INFO] [1751471293.643158898] [moveit_robot_model.robot_model]: No root/virtual joint specified in SRDF. Assuming fixed joint
[move_group-22] [WARN] [1751471293.643266081] [moveit_robot_model.robot_model]: Link left_summit_base_footprint has visual geometry but no collision geometry. Collision geometry will be left empty. Fix your URDF file by explicitly specifying collision geometry.
[move_group-22] [WARN] [1751471293.650741690] [moveit_robot_model.robot_model]: Link left_summit_base_logo_front has visual geometry but no collision geometry. Collision geometry will be left empty. Fix your URDF file by explicitly specifying collision geometry.
[move_group-22] [WARN] [1751471293.650788514] [moveit_robot_model.robot_model]: Link left_summit_base_logo_left has visual geometry but no collision geometry. Collision geometry will be left empty. Fix your URDF file by explicitly specifying collision geometry.
[move_group-22] [WARN] [1751471293.650878633] [moveit_robot_model.robot_model]: Link left_summit_base_logo_rear has visual geometry but no collision geometry. Collision geometry will be left empty. Fix your URDF file by explicitly specifying collision geometry.
[move_group-22] [WARN] [1751471293.650905574] [moveit_robot_model.robot_model]: Link left_summit_base_logo_right has visual geometry but no collision geometry. Collision geometry will be left empty. Fix your URDF file by explicitly specifying collision geometry.
[move_group-22] [WARN] [1751471293.650921414] [moveit_robot_model.robot_model]: Link left_summit_base_chapa has visual geometry but no collision geometry. Collision geometry will be left empty. Fix your URDF file by explicitly specifying collision geometry.
[move_group-22] [WARN] [1751471293.678963374] [moveit_robot_model.robot_model]: Link left_summit_imu_link has visual geometry but no collision geometry. Collision geometry will be left empty. Fix your URDF file by explicitly specifying collision geometry.
[spawn_entity.py-3] [INFO] [1751471294.028853530] [left]: Spawn Entity started
[spawn_entity.py-3] [INFO] [1751471294.029935606] [left]: Loading entity published on topic /left/robot_description
[spawn_entity.py-3] [INFO] [1751471294.038273026] [left]: Waiting for entity xml on /left/robot_description
[spawner-11] [INFO] [1751471294.040690777] [left.spawner_ur_left_joint_group_vel_controller]: waiting for service /left/controller_manager/list_controllers to become available...
[spawner-10] [INFO] [1751471294.044892304] [left.spawner_joint_state_broadcaster]: waiting for service /left/controller_manager/list_controllers to become available...
[move_group-22] [WARN] [1751471294.092162187] [moveit_robot_model.robot_model]: Link right_summit_base_footprint has visual geometry but no collision geometry. Collision geometry will be left empty. Fix your URDF file by explicitly specifying collision geometry.
[spawn_entity.py-12] [INFO] [1751471294.095219435] [right]: Spawn Entity started
[spawn_entity.py-12] [INFO] [1751471294.095954456] [right]: Loading entity published on topic /right/robot_description
[move_group-22] [WARN] [1751471294.096431656] [moveit_robot_model.robot_model]: Link right_summit_base_logo_front has visual geometry but no collision geometry. Collision geometry will be left empty. Fix your URDF file by explicitly specifying collision geometry.
[move_group-22] [WARN] [1751471294.096466301] [moveit_robot_model.robot_model]: Link right_summit_base_logo_left has visual geometry but no collision geometry. Collision geometry will be left empty. Fix your URDF file by explicitly specifying collision geometry.
[move_group-22] [WARN] [1751471294.096485346] [moveit_robot_model.robot_model]: Link right_summit_base_logo_rear has visual geometry but no collision geometry. Collision geometry will be left empty. Fix your URDF file by explicitly specifying collision geometry.
[move_group-22] [WARN] [1751471294.096501584] [moveit_robot_model.robot_model]: Link right_summit_base_logo_right has visual geometry but no collision geometry. Collision geometry will be left empty. Fix your URDF file by explicitly specifying collision geometry.
[move_group-22] [WARN] [1751471294.096516902] [moveit_robot_model.robot_model]: Link right_summit_base_chapa has visual geometry but no collision geometry. Collision geometry will be left empty. Fix your URDF file by explicitly specifying collision geometry.
[spawn_entity.py-12] [INFO] [1751471294.101281305] [right]: Waiting for entity xml on /right/robot_description
[move_group-22] [WARN] [1751471294.102944729] [moveit_robot_model.robot_model]: Link right_summit_imu_link has visual geometry but no collision geometry. Collision geometry will be left empty. Fix your URDF file by explicitly specifying collision geometry.
[spawn_entity.py-12] [INFO] [1751471294.113466913] [right]: Waiting for service /spawn_entity, timeout = 5
[spawn_entity.py-12] [INFO] [1751471294.114077849] [right]: Waiting for service /spawn_entity
[spawn_entity.py-3] [INFO] [1751471294.264680870] [left]: Waiting for service /spawn_entity, timeout = 5
[spawn_entity.py-3] [INFO] [1751471294.265672220] [left]: Waiting for service /spawn_entity
[move_group-22] [INFO] [1751471294.432631797] [moveit_kinematics_base.kinematics_base]: SrvKinematicsPlugin initializing
[move_group-22] [INFO] [1751471294.432699950] [moveit_kinematics_base.kinematics_base]: Dimension planning group 'srm_r_ur': 6. Active Joints Models: 6. Mimic Joint Models: 0
[spawner-20] [INFO] [1751471294.470737001] [right.spawner_ur_right_joint_group_vel_controller]: waiting for service /right/controller_manager/list_controllers to become available...
[spawner-19] [INFO] [1751471294.503406478] [right.spawner_joint_state_broadcaster]: waiting for service /right/controller_manager/list_controllers to become available...
[rviz2-21] [INFO] [1751471294.604916704] [rviz2]: Stereo is NOT SUPPORTED
[rviz2-21] [INFO] [1751471294.605123335] [rviz2]: OpenGl version: 4.6 (GLSL 4.6)
[rviz2-21] [INFO] [1751471294.665843107] [rviz2]: Stereo is NOT SUPPORTED
[rviz2-21] [INFO] [1751471294.954420564] [moveit_rdf_loader.rdf_loader]: Loaded robot model in 0 seconds
[rviz2-21] [INFO] [1751471294.954474277] [moveit_robot_model.robot_model]: Loading robot model 'srm'...
[rviz2-21] [WARN] [1751471294.954499137] [moveit_robot_model.robot_model]: Skipping virtual joint 'Vjoint_left' because its child frame 'left_summit_base_footprint' does not match the URDF frame 'world'
[rviz2-21] [WARN] [1751471294.954516584] [moveit_robot_model.robot_model]: Skipping virtual joint 'Vjoint_right' because its child frame 'right_summit_base_footprint' does not match the URDF frame 'world'
[rviz2-21] [INFO] [1751471294.954522532] [moveit_robot_model.robot_model]: No root/virtual joint specified in SRDF. Assuming fixed joint
[rviz2-21] [WARN] [1751471294.954629116] [moveit_robot_model.robot_model]: Link left_summit_base_footprint has visual geometry but no collision geometry. Collision geometry will be left empty. Fix your URDF file by explicitly specifying collision geometry.
[rviz2-21] [WARN] [1751471294.959064594] [moveit_robot_model.robot_model]: Link left_summit_base_logo_front has visual geometry but no collision geometry. Collision geometry will be left empty. Fix your URDF file by explicitly specifying collision geometry.
[rviz2-21] [WARN] [1751471294.959096832] [moveit_robot_model.robot_model]: Link left_summit_base_logo_left has visual geometry but no collision geometry. Collision geometry will be left empty. Fix your URDF file by explicitly specifying collision geometry.
[rviz2-21] [WARN] [1751471294.959107807] [moveit_robot_model.robot_model]: Link left_summit_base_logo_rear has visual geometry but no collision geometry. Collision geometry will be left empty. Fix your URDF file by explicitly specifying collision geometry.
[rviz2-21] [WARN] [1751471294.959117423] [moveit_robot_model.robot_model]: Link left_summit_base_logo_right has visual geometry but no collision geometry. Collision geometry will be left empty. Fix your URDF file by explicitly specifying collision geometry.
[rviz2-21] [WARN] [1751471294.959126532] [moveit_robot_model.robot_model]: Link left_summit_base_chapa has visual geometry but no collision geometry. Collision geometry will be left empty. Fix your URDF file by explicitly specifying collision geometry.
[rviz2-21] [WARN] [1751471294.963379212] [moveit_robot_model.robot_model]: Link left_summit_imu_link has visual geometry but no collision geometry. Collision geometry will be left empty. Fix your URDF file by explicitly specifying collision geometry.
[rviz2-21] [WARN] [1751471295.141334887] [moveit_robot_model.robot_model]: Link right_summit_base_footprint has visual geometry but no collision geometry. Collision geometry will be left empty. Fix your URDF file by explicitly specifying collision geometry.
[rviz2-21] [WARN] [1751471295.145241052] [moveit_robot_model.robot_model]: Link right_summit_base_logo_front has visual geometry but no collision geometry. Collision geometry will be left empty. Fix your URDF file by explicitly specifying collision geometry.
[rviz2-21] [WARN] [1751471295.145293001] [moveit_robot_model.robot_model]: Link right_summit_base_logo_left has visual geometry but no collision geometry. Collision geometry will be left empty. Fix your URDF file by explicitly specifying collision geometry.
[rviz2-21] [WARN] [1751471295.145313191] [moveit_robot_model.robot_model]: Link right_summit_base_logo_rear has visual geometry but no collision geometry. Collision geometry will be left empty. Fix your URDF file by explicitly specifying collision geometry.
[rviz2-21] [WARN] [1751471295.145330302] [moveit_robot_model.robot_model]: Link right_summit_base_logo_right has visual geometry but no collision geometry. Collision geometry will be left empty. Fix your URDF file by explicitly specifying collision geometry.
[rviz2-21] [WARN] [1751471295.145350783] [moveit_robot_model.robot_model]: Link right_summit_base_chapa has visual geometry but no collision geometry. Collision geometry will be left empty. Fix your URDF file by explicitly specifying collision geometry.
[rviz2-21] [WARN] [1751471295.150002974] [moveit_robot_model.robot_model]: Link right_summit_imu_link has visual geometry but no collision geometry. Collision geometry will be left empty. Fix your URDF file by explicitly specifying collision geometry.
[rviz2-21] [INFO] [1751471295.372082243] [moveit_kinematics_base.kinematics_base]: SrvKinematicsPlugin initializing
[rviz2-21] [INFO] [1751471295.372146845] [moveit_kinematics_base.kinematics_base]: Dimension planning group 'srm_r_ur': 6. Active Joints Models: 6. Mimic Joint Models: 0
[move_group-22] [WARN] [1751471295.440781751] [moveit_kinematics_base.kinematics_base]: Unable to connect to ROS service client with name: /solve_ik
[move_group-22] [INFO] [1751471295.440860056] [moveit_kinematics_base.kinematics_base]: SrvKinematicsPlugin initializing
[move_group-22] [INFO] [1751471295.440873861] [moveit_kinematics_base.kinematics_base]: Dimension planning group 'srm_l_ur': 6. Active Joints Models: 6. Mimic Joint Models: 0
[gzserver-1] [WARN] [1751471296.114130527] [rcl]: Found remap rule 'model_states:=model_states'. This syntax is deprecated. Use '--ros-args --remap model_states:=model_states' instead.
[gzserver-1] [WARN] [1751471296.114560264] [rcl]: Found remap rule 'link_states:=link_states'. This syntax is deprecated. Use '--ros-args --remap link_states:=link_states' instead.
[gzserver-1] [INFO] [1751471296.128731885] [state.gazebo_ros_state]: Publishing states of gazebo models at [/state/model_states]
[gzserver-1] [INFO] [1751471296.129795033] [state.gazebo_ros_state]: Publishing states of gazebo links at [/state/link_states]
[rviz2-21] [WARN] [1751471296.376981291] [moveit_kinematics_base.kinematics_base]: Unable to connect to ROS service client with name: /solve_ik
[rviz2-21] [INFO] [1751471296.377126674] [moveit_kinematics_base.kinematics_base]: SrvKinematicsPlugin initializing
[rviz2-21] [INFO] [1751471296.377144430] [moveit_kinematics_base.kinematics_base]: Dimension planning group 'srm_l_ur': 6. Active Joints Models: 6. Mimic Joint Models: 0
[move_group-22] [WARN] [1751471296.442439972] [moveit_kinematics_base.kinematics_base]: Unable to connect to ROS service client with name: /solve_ik
[rviz2-21] [WARN] [1751471297.378752172] [moveit_kinematics_base.kinematics_base]: Unable to connect to ROS service client with name: /solve_ik
[move_group-22] [INFO] [1751471297.538865915] [moveit_ros.planning_scene_monitor.planning_scene_monitor]: Publishing maintained planning scene on 'monitored_planning_scene'
[move_group-22] [INFO] [1751471297.539213187] [moveit.ros_planning_interface.moveit_cpp]: Listening to 'joint_states' for joint states
[move_group-22] [INFO] [1751471297.546975684] [moveit_ros.current_state_monitor]: Listening to joint states on topic 'joint_states'
[move_group-22] [INFO] [1751471297.549767494] [moveit_ros.planning_scene_monitor.planning_scene_monitor]: Listening to '/attached_collision_object' for attached collision objects
[move_group-22] [INFO] [1751471297.549818200] [moveit_ros.planning_scene_monitor.planning_scene_monitor]: Starting planning scene monitor
[move_group-22] [INFO] [1751471297.552844606] [moveit_ros.planning_scene_monitor.planning_scene_monitor]: Listening to '/planning_scene'
[move_group-22] [INFO] [1751471297.552899133] [moveit_ros.planning_scene_monitor.planning_scene_monitor]: Starting world geometry update monitor for collision objects, attached objects, octomap updates.
[move_group-22] [INFO] [1751471297.555924145] [moveit_ros.planning_scene_monitor.planning_scene_monitor]: Listening to 'collision_object'
[move_group-22] [WARN] [1751471297.557696190] [moveit_ros.current_state_monitor]: Unable to update multi-DOF joint 'left_base_joint':Failure to lookup transform between 'world'and 'left_summit_base_footprint' with TF exception: Could not find a connection between 'world' and 'left_summit_base_footprint' because they are not part of the same tree.Tf has two or more unconnected trees.
[move_group-22] [INFO] [1751471297.559003191] [moveit_ros.planning_scene_monitor.planning_scene_monitor]: Listening to 'planning_scene_world' for planning scene world geometry
[move_group-22] [WARN] [1751471297.562518694] [moveit.ros.occupancy_map_monitor.middleware_handle]: Resolution not specified for Octomap. Assuming resolution = 0.1 instead
[spawn_entity.py-3] [INFO] [1751471297.601119127] [left]: Calling service /spawn_entity
[spawn_entity.py-12] [INFO] [1751471297.627777337] [right]: Calling service /spawn_entity
[rviz2-21] [INFO] [1751471298.372278457] [moveit_ros.planning_scene_monitor.planning_scene_monitor]: Starting planning scene monitor
[rviz2-21] [INFO] [1751471298.386933408] [moveit_ros.planning_scene_monitor.planning_scene_monitor]: Listening to '/monitored_planning_scene'
[gzserver-1] [INFO] [1751471298.588230770] [right_summit_imu_imu_plugin]: <initial_orientation_as_reference> is unset, using default value of false to comply with REP 145 (world as orientation reference)
[spawn_entity.py-12] [INFO] [1751471298.946302134] [right]: Spawn status: SpawnEntity: Successfully spawned entity [right_robot]
[spawn_entity.py-12] [INFO] [1751471298.959621880] [right]: Calling service /unpause_physics
[INFO] [spawn_entity.py-12]: process has finished cleanly [pid 81344]
[gzserver-1] [INFO] [1751471299.275650215] [right_summit.omni_steering]: Subscribed to [/right_summit/cmd_vel]
[gzserver-1] [INFO] [1751471299.283490975] [right_summit.omni_steering]: Advertise odometry on [/right_summit/odom]
[gzserver-1] [INFO] [1751471299.290748470] [right_summit.omni_steering]: Publishing odom transforms between [right_summit_odom] and [right_summit_base_footprint]
[gzserver-1] [INFO] [1751471299.360284093] [gazebo_ros2_control]: Loading gazebo_ros2_control plugin
[gzserver-1] [INFO] [1751471299.391583696] [right.right_gazebo_ros2_control]: Starting gazebo_ros2_control plugin in namespace: /right
[gzserver-1] [INFO] [1751471299.391686854] [right.right_gazebo_ros2_control]: Starting gazebo_ros2_control plugin in ros 2 node: right_gazebo_ros2_control
[gzserver-1] [INFO] [1751471299.423693532] [right.right_gazebo_ros2_control]: connected to service!! robot_state_publisher
[gzserver-1] [INFO] [1751471299.432949235] [right.right_gazebo_ros2_control]: Received urdf from param server, parsing...
[gzserver-1] [INFO] [1751471299.434955158] [right.right_gazebo_ros2_control]: Loading parameter files /ros2_ws/install/ur/share/ur/config/right_controller.yaml
[gzserver-1] [INFO] [1751471299.526216504] [right.right_gazebo_ros2_control]: Loading joint: ur_right_shoulder_pan_joint
[gzserver-1] [INFO] [1751471299.526631230] [right.right_gazebo_ros2_control]: 	State:
[gzserver-1] [INFO] [1751471299.526768191] [right.right_gazebo_ros2_control]: 		 position
[gzserver-1] [INFO] [1751471299.527966809] [right.right_gazebo_ros2_control]: 			 found initial value: -1.300000
[gzserver-1] [INFO] [1751471299.528044273] [right.right_gazebo_ros2_control]: 		 velocity
[gzserver-1] [INFO] [1751471299.528465958] [right.right_gazebo_ros2_control]: 		 effort
[gzserver-1] [INFO] [1751471299.528660459] [right.right_gazebo_ros2_control]: 	Command:
[gzserver-1] [INFO] [1751471299.528694129] [right.right_gazebo_ros2_control]: 		 position
[gzserver-1] [INFO] [1751471299.529914918] [right.right_gazebo_ros2_control]: 		 velocity
[gzserver-1] [INFO] [1751471299.530737083] [right.right_gazebo_ros2_control]: Loading joint: ur_right_shoulder_lift_joint
[gzserver-1] [INFO] [1751471299.530787128] [right.right_gazebo_ros2_control]: 	State:
[gzserver-1] [INFO] [1751471299.530819699] [right.right_gazebo_ros2_control]: 		 position
[gzserver-1] [INFO] [1751471299.530857143] [right.right_gazebo_ros2_control]: 			 found initial value: -0.800000
[gzserver-1] [INFO] [1751471299.530896166] [right.right_gazebo_ros2_control]: 		 velocity
[gzserver-1] [INFO] [1751471299.530938495] [right.right_gazebo_ros2_control]: 		 effort
[gzserver-1] [INFO] [1751471299.530972571] [right.right_gazebo_ros2_control]: 	Command:
[gzserver-1] [INFO] [1751471299.531002533] [right.right_gazebo_ros2_control]: 		 position
[gzserver-1] [INFO] [1751471299.531081100] [right.right_gazebo_ros2_control]: 		 velocity
[gzserver-1] [INFO] [1751471299.531130646] [right.right_gazebo_ros2_control]: Loading joint: ur_right_elbow_joint
[gzserver-1] [INFO] [1751471299.531165817] [right.right_gazebo_ros2_control]: 	State:
[gzserver-1] [INFO] [1751471299.531195790] [right.right_gazebo_ros2_control]: 		 position
[gzserver-1] [INFO] [1751471299.531227469] [right.right_gazebo_ros2_control]: 			 found initial value: -1.800000
[gzserver-1] [INFO] [1751471299.531259870] [right.right_gazebo_ros2_control]: 		 velocity
[gzserver-1] [INFO] [1751471299.531352742] [right.right_gazebo_ros2_control]: 		 effort
[gzserver-1] [INFO] [1751471299.531475189] [right.right_gazebo_ros2_control]: 	Command:
[gzserver-1] [INFO] [1751471299.531509289] [right.right_gazebo_ros2_control]: 		 position
[gzserver-1] [INFO] [1751471299.531579493] [right.right_gazebo_ros2_control]: 		 velocity
[gzserver-1] [INFO] [1751471299.531625373] [right.right_gazebo_ros2_control]: Loading joint: ur_right_wrist_1_joint
[gzserver-1] [INFO] [1751471299.531722476] [right.right_gazebo_ros2_control]: 	State:
[gzserver-1] [INFO] [1751471299.531754832] [right.right_gazebo_ros2_control]: 		 position
[gzserver-1] [INFO] [1751471299.531788052] [right.right_gazebo_ros2_control]: 			 found initial value: -1.570000
[gzserver-1] [INFO] [1751471299.531823252] [right.right_gazebo_ros2_control]: 		 velocity
[gzserver-1] [INFO] [1751471299.531855974] [right.right_gazebo_ros2_control]: 		 effort
[gzserver-1] [INFO] [1751471299.531888272] [right.right_gazebo_ros2_control]: 	Command:
[gzserver-1] [INFO] [1751471299.531917368] [right.right_gazebo_ros2_control]: 		 position
[gzserver-1] [INFO] [1751471299.531975100] [right.right_gazebo_ros2_control]: 		 velocity
[gzserver-1] [INFO] [1751471299.532025788] [right.right_gazebo_ros2_control]: Loading joint: ur_right_wrist_2_joint
[gzserver-1] [INFO] [1751471299.532060913] [right.right_gazebo_ros2_control]: 	State:
[gzserver-1] [INFO] [1751471299.532090543] [right.right_gazebo_ros2_control]: 		 position
[gzserver-1] [INFO] [1751471299.532123287] [right.right_gazebo_ros2_control]: 			 found initial value: 1.638000
[gzserver-1] [INFO] [1751471299.532158029] [right.right_gazebo_ros2_control]: 		 velocity
[gzserver-1] [INFO] [1751471299.532190637] [right.right_gazebo_ros2_control]: 		 effort
[gzserver-1] [INFO] [1751471299.532222681] [right.right_gazebo_ros2_control]: 	Command:
[gzserver-1] [INFO] [1751471299.532251930] [right.right_gazebo_ros2_control]: 		 position
[gzserver-1] [INFO] [1751471299.532320760] [right.right_gazebo_ros2_control]: 		 velocity
[gzserver-1] [INFO] [1751471299.532366680] [right.right_gazebo_ros2_control]: Loading joint: ur_right_wrist_3_joint
[gzserver-1] [INFO] [1751471299.532400244] [right.right_gazebo_ros2_control]: 	State:
[gzserver-1] [INFO] [1751471299.532430682] [right.right_gazebo_ros2_control]: 		 position
[gzserver-1] [INFO] [1751471299.532461490] [right.right_gazebo_ros2_control]: 			 found initial value: 0.000000
[gzserver-1] [INFO] [1751471299.532494504] [right.right_gazebo_ros2_control]: 		 velocity
[gzserver-1] [INFO] [1751471299.532538606] [right.right_gazebo_ros2_control]: 		 effort
[gzserver-1] [INFO] [1751471299.532572091] [right.right_gazebo_ros2_control]: 	Command:
[gzserver-1] [INFO] [1751471299.532601755] [right.right_gazebo_ros2_control]: 		 position
[gzserver-1] [INFO] [1751471299.532652301] [right.right_gazebo_ros2_control]: 		 velocity
[gzserver-1] [INFO] [1751471299.534836747] [resource_manager]: Initialize hardware 'right_ur' 
[gzserver-1] [INFO] [1751471299.539029594] [resource_manager]: Successful initialization of hardware 'right_ur'
[gzserver-1] [INFO] [1751471299.549586918] [resource_manager]: 'configure' hardware 'right_ur' 
[gzserver-1] [INFO] [1751471299.549936033] [resource_manager]: Successful 'configure' of hardware 'right_ur'
[gzserver-1] [INFO] [1751471299.550323781] [resource_manager]: 'activate' hardware 'right_ur' 
[gzserver-1] [INFO] [1751471299.550349529] [resource_manager]: Successful 'activate' of hardware 'right_ur'
[gzserver-1] [INFO] [1751471299.551869493] [right.right_gazebo_ros2_control]: Loading controller_manager
[gzserver-1] [WARN] [1751471299.738850159] [right.right_gazebo_ros2_control]:  Desired controller update period (0.002 s) is slower than the gazebo simulation period (0.001 s).
[gzserver-1] [INFO] [1751471299.743142947] [right.right_gazebo_ros2_control]: Loaded gazebo_ros2_control.
[gzserver-1] [INFO] [1751471299.761873631] [right.controller_manager]: Loading controller 'ur_right_joint_group_vel_controller'
[move_group-22] [WARN] [1751471299.818318709] [moveit_ros.planning_scene_monitor.planning_scene_monitor]: The complete state of the robot is not yet known.  Missing left_base_joint, left_summit_back_left_wheel_joint, left_summit_back_right_wheel_joint, left_summit_front_left_wheel_joint, left_summit_front_right_wheel_joint, ur_left_shoulder_pan_joint, ur_left_shoulder_lift_joint, ur_left_elbow_joint, ur_left_wrist_1_joint, ur_left_wrist_2_joint, ur_left_wrist_3_joint, right_summit_back_left_wheel_joint, right_summit_back_right_wheel_joint, right_summit_front_left_wheel_joint, right_summit_front_right_wheel_joint, ur_right_shoulder_pan_joint, ur_right_shoulder_lift_joint, ur_right_elbow_joint, ur_right_wrist_1_joint, ur_right_wrist_2_joint, ur_right_wrist_3_joint
[spawner-20] [INFO] [1751471299.865204405] [right.spawner_ur_right_joint_group_vel_controller]: [94mLoaded [1mur_right_joint_group_vel_controller[0m
[gzserver-1] [INFO] [1751471299.874438306] [right.controller_manager]: Loading controller 'joint_state_broadcaster'
[move_group-22] [INFO] [1751471300.345033238] [moveit.ros_planning_interface.moveit_cpp]: Loading planning pipeline 'ompl'
[move_group-22] [INFO] [1751471300.377458053] [moveit.ros_planning.planning_pipeline]: Using planning interface 'OMPL'
[move_group-22] [INFO] [1751471300.391312793] [moveit_ros.add_time_optimal_parameterization]: Param 'ompl.path_tolerance' was not set. Using default value: 0.100000
[move_group-22] [INFO] [1751471300.391357672] [moveit_ros.add_time_optimal_parameterization]: Param 'ompl.resample_dt' was not set. Using default value: 0.100000
[move_group-22] [INFO] [1751471300.391375649] [moveit_ros.add_time_optimal_parameterization]: Param 'ompl.min_angle_change' was not set. Using default value: 0.001000
[move_group-22] [INFO] [1751471300.391452555] [moveit_ros.fix_workspace_bounds]: Param 'ompl.default_workspace_bounds' was not set. Using default value: 10.000000
[move_group-22] [INFO] [1751471300.391553469] [moveit_ros.fix_start_state_bounds]: Param 'ompl.start_state_max_bounds_error' was set to 0.100000
[move_group-22] [INFO] [1751471300.391573276] [moveit_ros.fix_start_state_bounds]: Param 'ompl.start_state_max_dt' was not set. Using default value: 0.500000
[move_group-22] [INFO] [1751471300.391610164] [moveit_ros.fix_start_state_collision]: Param 'ompl.start_state_max_dt' was not set. Using default value: 0.500000
[move_group-22] [INFO] [1751471300.391627654] [moveit_ros.fix_start_state_collision]: Param 'ompl.jiggle_fraction' was set to 0.050000
[move_group-22] [INFO] [1751471300.391657891] [moveit_ros.fix_start_state_collision]: Param 'ompl.max_sampling_attempts' was not set. Using default value: 100
[move_group-22] [INFO] [1751471300.391691757] [moveit.ros_planning.planning_pipeline]: Using planning request adapter 'Add Time Optimal Parameterization'
[move_group-22] [INFO] [1751471300.391707525] [moveit.ros_planning.planning_pipeline]: Using planning request adapter 'Resolve constraint frames to robot links'
[move_group-22] [INFO] [1751471300.391718060] [moveit.ros_planning.planning_pipeline]: Using planning request adapter 'Fix Workspace Bounds'
[move_group-22] [INFO] [1751471300.391727728] [moveit.ros_planning.planning_pipeline]: Using planning request adapter 'Fix Start State Bounds'
[move_group-22] [INFO] [1751471300.391737172] [moveit.ros_planning.planning_pipeline]: Using planning request adapter 'Fix Start State In Collision'
[move_group-22] [INFO] [1751471300.391747394] [moveit.ros_planning.planning_pipeline]: Using planning request adapter 'Fix Start State Path Constraints'
[move_group-22] [INFO] [1751471300.400762830] [moveit.ros_planning_interface.moveit_cpp]: Loading planning pipeline 'chomp'
[move_group-22] [INFO] [1751471300.417874239] [moveit.ros_planning.planning_pipeline]: Using planning interface 'CHOMP'
[move_group-22] [INFO] [1751471300.426032617] [moveit_ros.add_time_optimal_parameterization]: Param 'chomp.path_tolerance' was not set. Using default value: 0.100000
[move_group-22] [INFO] [1751471300.426059195] [moveit_ros.add_time_optimal_parameterization]: Param 'chomp.resample_dt' was not set. Using default value: 0.100000
[move_group-22] [INFO] [1751471300.426067623] [moveit_ros.add_time_optimal_parameterization]: Param 'chomp.min_angle_change' was not set. Using default value: 0.001000
[move_group-22] [INFO] [1751471300.426099986] [moveit_ros.fix_workspace_bounds]: Param 'chomp.default_workspace_bounds' was not set. Using default value: 10.000000
[move_group-22] [INFO] [1751471300.426123199] [moveit_ros.fix_start_state_bounds]: Param 'chomp.start_state_max_bounds_error' was set to 0.100000
[move_group-22] [INFO] [1751471300.426133048] [moveit_ros.fix_start_state_bounds]: Param 'chomp.start_state_max_dt' was not set. Using default value: 0.500000
[move_group-22] [INFO] [1751471300.426151662] [moveit_ros.fix_start_state_collision]: Param 'chomp.start_state_max_dt' was not set. Using default value: 0.500000
[move_group-22] [INFO] [1751471300.426160905] [moveit_ros.fix_start_state_collision]: Param 'chomp.jiggle_fraction' was set to 0.050000
[move_group-22] [INFO] [1751471300.426168864] [moveit_ros.fix_start_state_collision]: Param 'chomp.max_sampling_attempts' was not set. Using default value: 100
[move_group-22] [INFO] [1751471300.426186089] [moveit.ros_planning.planning_pipeline]: Using planning request adapter 'Add Time Optimal Parameterization'
[move_group-22] [INFO] [1751471300.426193123] [moveit.ros_planning.planning_pipeline]: Using planning request adapter 'Resolve constraint frames to robot links'
[move_group-22] [INFO] [1751471300.426198486] [moveit.ros_planning.planning_pipeline]: Using planning request adapter 'Fix Workspace Bounds'
[move_group-22] [INFO] [1751471300.426203737] [moveit.ros_planning.planning_pipeline]: Using planning request adapter 'Fix Start State Bounds'
[move_group-22] [INFO] [1751471300.426208843] [moveit.ros_planning.planning_pipeline]: Using planning request adapter 'Fix Start State In Collision'
[move_group-22] [INFO] [1751471300.426214383] [moveit.ros_planning.planning_pipeline]: Using planning request adapter 'Fix Start State Path Constraints'
[move_group-22] [INFO] [1751471300.429800263] [moveit.ros_planning_interface.moveit_cpp]: Loading planning pipeline 'pilz_industrial_motion_planner'
[move_group-22] [INFO] [1751471300.440588870] [moveit.pilz_industrial_motion_planner.joint_limits_aggregator]: Reading limits from namespace robot_description_planning
[move_group-22] [WARN] [1751471300.442460006] [moveit.pilz_industrial_motion_planner.joint_limits_aggregator]: Multi-DOF-Joint 'left_base_joint' not supported.
[move_group-22] [WARN] [1751471300.442509880] [moveit.pilz_industrial_motion_planner.joint_limits_aggregator]: Multi-DOF-Joint 'left_base_joint' not supported.
[move_group-22] [WARN] [1751471300.487828618] [moveit.pilz_industrial_motion_planner.joint_limits_aggregator]: Multi-DOF-Joint 'right_base_joint' not supported.
[move_group-22] [WARN] [1751471300.487879387] [moveit.pilz_industrial_motion_planner.joint_limits_aggregator]: Multi-DOF-Joint 'right_base_joint' not supported.
[move_group-22] [INFO] [1751471300.549657854] [moveit.pilz_industrial_motion_planner]: Available plugins: pilz_industrial_motion_planner/PlanningContextLoaderCIRC pilz_industrial_motion_planner/PlanningContextLoaderLIN pilz_industrial_motion_planner/PlanningContextLoaderPTP 
[move_group-22] [INFO] [1751471300.549691465] [moveit.pilz_industrial_motion_planner]: About to load: pilz_industrial_motion_planner/PlanningContextLoaderCIRC
[move_group-22] [INFO] [1751471300.553030385] [moveit.pilz_industrial_motion_planner]: Registered Algorithm [CIRC]
[move_group-22] [INFO] [1751471300.553059300] [moveit.pilz_industrial_motion_planner]: About to load: pilz_industrial_motion_planner/PlanningContextLoaderLIN
[move_group-22] [INFO] [1751471300.554688296] [moveit.pilz_industrial_motion_planner]: Registered Algorithm [LIN]
[move_group-22] [INFO] [1751471300.554707868] [moveit.pilz_industrial_motion_planner]: About to load: pilz_industrial_motion_planner/PlanningContextLoaderPTP
[move_group-22] [INFO] [1751471300.556232723] [moveit.pilz_industrial_motion_planner]: Registered Algorithm [PTP]
[move_group-22] [INFO] [1751471300.556275276] [moveit.ros_planning.planning_pipeline]: Using planning interface 'Pilz Industrial Motion Planner'
[move_group-22] [WARN] [1751471300.568284808] [moveit_ros.trajectory_execution_manager]: moveit_ros_control_interface/MoveItControllerManager is deprecated. Replace with `moveit_ros_control_interface/MoveItControllerManager.`
[move_group-22] [INFO] [1751471300.858440479] [moveit.plugins.ros_control_interface]: Started moveit_ros_control_interface::Ros2ControlManager for namespace 
[gzserver-1] [INFO] [1751471300.935469593] [left_summit_imu_imu_plugin]: <initial_orientation_as_reference> is unset, using default value of false to comply with REP 145 (world as orientation reference)
[spawn_entity.py-3] [INFO] [1751471301.245196803] [left]: Spawn status: SpawnEntity: Successfully spawned entity [left_robot]
[spawn_entity.py-3] [INFO] [1751471301.253888917] [left]: Calling service /unpause_physics
[gzserver-1] [WARN] [1751471301.343926754] [gazebo.rclcpp]: failed to send response to /unpause_physics (timeout): client will not receive response, at ./src/rmw_response.cpp:154, at ./src/rcl/service.c:314
[gzserver-1] [INFO] [1751471301.402161967] [left_summit.omni_steering]: Subscribed to [/left_summit/cmd_vel]
[gzserver-1] [INFO] [1751471301.404369028] [left_summit.omni_steering]: Advertise odometry on [/left_summit/odom]
[gzserver-1] [INFO] [1751471301.411181306] [left_summit.omni_steering]: Publishing odom transforms between [left_summit_odom] and [left_summit_base_footprint]
[gzserver-1] [INFO] [1751471301.411524522] [gazebo_ros2_control]: Loading gazebo_ros2_control plugin
[gzserver-1] [INFO] [1751471301.435025090] [left.left_gazebo_ros2_control]: Starting gazebo_ros2_control plugin in namespace: /left
[gzserver-1] [INFO] [1751471301.435161899] [left.left_gazebo_ros2_control]: Starting gazebo_ros2_control plugin in ros 2 node: left_gazebo_ros2_control
[gzserver-1] [WARN] [1751471301.445278485] [gazebo.rclcpp]: failed to send response to /unpause_physics (timeout): client will not receive response, at ./src/rmw_response.cpp:154, at ./src/rcl/service.c:314
[gzserver-1] [INFO] [1751471301.454732663] [left.left_gazebo_ros2_control]: connected to service!! robot_state_publisher
[gzserver-1] [INFO] [1751471301.455868019] [left.left_gazebo_ros2_control]: Received urdf from param server, parsing...
[gzserver-1] [INFO] [1751471301.455944144] [left.left_gazebo_ros2_control]: Loading parameter files /ros2_ws/install/ur/share/ur/config/left_controller.yaml
[INFO] [spawn_entity.py-3]: process has finished cleanly [pid 81281]
[gzserver-1] [INFO] [1751471301.486198212] [left.left_gazebo_ros2_control]: Loading joint: ur_left_shoulder_pan_joint
[gzserver-1] [INFO] [1751471301.486444033] [left.left_gazebo_ros2_control]: 	State:
[gzserver-1] [INFO] [1751471301.486477221] [left.left_gazebo_ros2_control]: 		 position
[gzserver-1] [INFO] [1751471301.486520613] [left.left_gazebo_ros2_control]: 			 found initial value: -1.400000
[gzserver-1] [INFO] [1751471301.486558210] [left.left_gazebo_ros2_control]: 		 velocity
[gzserver-1] [INFO] [1751471301.486593107] [left.left_gazebo_ros2_control]: 		 effort
[gzserver-1] [INFO] [1751471301.486625061] [left.left_gazebo_ros2_control]: 	Command:
[gzserver-1] [INFO] [1751471301.486654036] [left.left_gazebo_ros2_control]: 		 position
[gzserver-1] [INFO] [1751471301.486765978] [left.left_gazebo_ros2_control]: 		 velocity
[gzserver-1] [INFO] [1751471301.486820154] [left.left_gazebo_ros2_control]: Loading joint: ur_left_shoulder_lift_joint
[gzserver-1] [INFO] [1751471301.486852925] [left.left_gazebo_ros2_control]: 	State:
[gzserver-1] [INFO] [1751471301.486879788] [left.left_gazebo_ros2_control]: 		 position
[gzserver-1] [INFO] [1751471301.486909327] [left.left_gazebo_ros2_control]: 			 found initial value: -1.227838
[gzserver-1] [INFO] [1751471301.486940594] [left.left_gazebo_ros2_control]: 		 velocity
[gzserver-1] [INFO] [1751471301.486973086] [left.left_gazebo_ros2_control]: 		 effort
[gzserver-1] [INFO] [1751471301.487002479] [left.left_gazebo_ros2_control]: 	Command:
[gzserver-1] [INFO] [1751471301.487027535] [left.left_gazebo_ros2_control]: 		 position
[gzserver-1] [INFO] [1751471301.487085980] [left.left_gazebo_ros2_control]: 		 velocity
[gzserver-1] [INFO] [1751471301.487130523] [left.left_gazebo_ros2_control]: Loading joint: ur_left_elbow_joint
[gzserver-1] [INFO] [1751471301.487163251] [left.left_gazebo_ros2_control]: 	State:
[gzserver-1] [INFO] [1751471301.487189839] [left.left_gazebo_ros2_control]: 		 position
[gzserver-1] [INFO] [1751471301.487219412] [left.left_gazebo_ros2_control]: 			 found initial value: -1.791046
[gzserver-1] [INFO] [1751471301.487251741] [left.left_gazebo_ros2_control]: 		 velocity
[gzserver-1] [INFO] [1751471301.487282622] [left.left_gazebo_ros2_control]: 		 effort
[gzserver-1] [INFO] [1751471301.487328156] [left.left_gazebo_ros2_control]: 	Command:
[gzserver-1] [INFO] [1751471301.487358421] [left.left_gazebo_ros2_control]: 		 position
[gzserver-1] [INFO] [1751471301.487418688] [left.left_gazebo_ros2_control]: 		 velocity
[gzserver-1] [INFO] [1751471301.487586661] [left.left_gazebo_ros2_control]: Loading joint: ur_left_wrist_1_joint
[gzserver-1] [INFO] [1751471301.487625067] [left.left_gazebo_ros2_control]: 	State:
[gzserver-1] [INFO] [1751471301.487653695] [left.left_gazebo_ros2_control]: 		 position
[gzserver-1] [INFO] [1751471301.487683810] [left.left_gazebo_ros2_control]: 			 found initial value: -1.447073
[gzserver-1] [INFO] [1751471301.487714625] [left.left_gazebo_ros2_control]: 		 velocity
[gzserver-1] [INFO] [1751471301.487744549] [left.left_gazebo_ros2_control]: 		 effort
[gzserver-1] [INFO] [1751471301.487772416] [left.left_gazebo_ros2_control]: 	Command:
[gzserver-1] [INFO] [1751471301.487798039] [left.left_gazebo_ros2_control]: 		 position
[gzserver-1] [INFO] [1751471301.487853026] [left.left_gazebo_ros2_control]: 		 velocity
[gzserver-1] [INFO] [1751471301.487901183] [left.left_gazebo_ros2_control]: Loading joint: ur_left_wrist_2_joint
[gzserver-1] [INFO] [1751471301.487933498] [left.left_gazebo_ros2_control]: 	State:
[gzserver-1] [INFO] [1751471301.487961028] [left.left_gazebo_ros2_control]: 		 position
[gzserver-1] [INFO] [1751471301.487991580] [left.left_gazebo_ros2_control]: 			 found initial value: 1.900333
[gzserver-1] [INFO] [1751471301.488024976] [left.left_gazebo_ros2_control]: 		 velocity
[gzserver-1] [INFO] [1751471301.488055943] [left.left_gazebo_ros2_control]: 		 effort
[gzserver-1] [INFO] [1751471301.488121635] [left.left_gazebo_ros2_control]: 	Command:
[gzserver-1] [INFO] [1751471301.488153150] [left.left_gazebo_ros2_control]: 		 position
[gzserver-1] [INFO] [1751471301.488218236] [left.left_gazebo_ros2_control]: 		 velocity
[gzserver-1] [INFO] [1751471301.488265535] [left.left_gazebo_ros2_control]: Loading joint: ur_left_wrist_3_joint
[gzserver-1] [INFO] [1751471301.488300092] [left.left_gazebo_ros2_control]: 	State:
[gzserver-1] [INFO] [1751471301.488330657] [left.left_gazebo_ros2_control]: 		 position
[gzserver-1] [INFO] [1751471301.488362888] [left.left_gazebo_ros2_control]: 			 found initial value: -0.755379
[gzserver-1] [INFO] [1751471301.488398955] [left.left_gazebo_ros2_control]: 		 velocity
[gzserver-1] [INFO] [1751471301.488441776] [left.left_gazebo_ros2_control]: 		 effort
[gzserver-1] [INFO] [1751471301.488475432] [left.left_gazebo_ros2_control]: 	Command:
[gzserver-1] [INFO] [1751471301.488504786] [left.left_gazebo_ros2_control]: 		 position
[gzserver-1] [INFO] [1751471301.488555907] [left.left_gazebo_ros2_control]: 		 velocity
[gzserver-1] [INFO] [1751471301.488630024] [resource_manager]: Initialize hardware 'left_ur' 
[gzserver-1] [INFO] [1751471301.488721730] [resource_manager]: Successful initialization of hardware 'left_ur'
[gzserver-1] [INFO] [1751471301.488978852] [resource_manager]: 'configure' hardware 'left_ur' 
[gzserver-1] [INFO] [1751471301.489006103] [resource_manager]: Successful 'configure' of hardware 'left_ur'
[gzserver-1] [INFO] [1751471301.489069987] [resource_manager]: 'activate' hardware 'left_ur' 
[gzserver-1] [INFO] [1751471301.489093925] [resource_manager]: Successful 'activate' of hardware 'left_ur'
[gzserver-1] [INFO] [1751471301.489185101] [left.left_gazebo_ros2_control]: Loading controller_manager
[gzserver-1] [WARN] [1751471301.600097183] [left.left_gazebo_ros2_control]:  Desired controller update period (0.002 s) is slower than the gazebo simulation period (0.001 s).
[gzserver-1] [INFO] [1751471301.601059989] [left.left_gazebo_ros2_control]: Loaded gazebo_ros2_control.
[spawner-19] [INFO] [1751471301.607186690] [right.spawner_joint_state_broadcaster]: [94mLoaded [1mjoint_state_broadcaster[0m
[gzserver-1] [INFO] [1751471301.608162775] [right.controller_manager]: Configuring controller 'ur_right_joint_group_vel_controller'
[gzserver-1] [INFO] [1751471301.636240517] [right.ur_right_joint_group_vel_controller]: configure successful
[gzserver-1] [INFO] [1751471301.644014630] [right.controller_manager]: Configuring controller 'joint_state_broadcaster'
[gzserver-1] [INFO] [1751471301.644322266] [right.joint_state_broadcaster]: 'joints' or 'interfaces' parameter is empty. All available state interfaces will be published
[move_group-22] [WARN] [1751471301.723111772] [moveit_ros.planning_scene_monitor.planning_scene_monitor]: The complete state of the robot is not yet known.  Missing left_base_joint, left_summit_back_left_wheel_joint, left_summit_back_right_wheel_joint, left_summit_front_left_wheel_joint, left_summit_front_right_wheel_joint, ur_left_shoulder_pan_joint, ur_left_shoulder_lift_joint, ur_left_elbow_joint, ur_left_wrist_1_joint, ur_left_wrist_2_joint, ur_left_wrist_3_joint, right_summit_back_left_wheel_joint, right_summit_back_right_wheel_joint, right_summit_front_left_wheel_joint, right_summit_front_right_wheel_joint, ur_right_shoulder_pan_joint, ur_right_shoulder_lift_joint, ur_right_elbow_joint, ur_right_wrist_1_joint, ur_right_wrist_2_joint, ur_right_wrist_3_joint
[gzserver-1] [INFO] [1751471301.761498250] [right.ur_right_joint_group_vel_controller]: activate successful
[spawner-20] [INFO] [1751471301.769658338] [right.spawner_ur_right_joint_group_vel_controller]: [92mConfigured and activated [1mur_right_joint_group_vel_controller[0m
[gzserver-1] [INFO] [1751471301.815406181] [left.controller_manager]: Loading controller 'joint_state_broadcaster'
[spawner-19] [INFO] [1751471301.816084308] [right.spawner_joint_state_broadcaster]: [92mConfigured and activated [1mjoint_state_broadcaster[0m
[move_group-22] [WARN] [1751471301.868805575] [moveit.plugins.ros_control_interface]: Failed to read controllers from /controller_manager/list_controllers within 1 seconds
[gzserver-1] [INFO] [1751471301.950338234] [left.controller_manager]: Loading controller 'ur_left_joint_group_vel_controller'
[spawner-10] [INFO] [1751471301.952390085] [left.spawner_joint_state_broadcaster]: [94mLoaded [1mjoint_state_broadcaster[0m
[gzserver-1] [INFO] [1751471302.045552931] [left.controller_manager]: Configuring controller 'joint_state_broadcaster'
[gzserver-1] [INFO] [1751471302.045782852] [left.joint_state_broadcaster]: 'joints' or 'interfaces' parameter is empty. All available state interfaces will be published
[spawner-11] [INFO] [1751471302.046945455] [left.spawner_ur_left_joint_group_vel_controller]: [94mLoaded [1mur_left_joint_group_vel_controller[0m
[gzserver-1] [INFO] [1751471302.056968128] [left.controller_manager]: Configuring controller 'ur_left_joint_group_vel_controller'
[gzserver-1] [INFO] [1751471302.060882220] [left.ur_left_joint_group_vel_controller]: configure successful
[spawner-10] [INFO] [1751471302.075560831] [left.spawner_joint_state_broadcaster]: [92mConfigured and activated [1mjoint_state_broadcaster[0m
[gzserver-1] [INFO] [1751471302.078165450] [left.ur_left_joint_group_vel_controller]: activate successful
[spawner-11] [INFO] [1751471302.085679631] [left.spawner_ur_left_joint_group_vel_controller]: [92mConfigured and activated [1mur_left_joint_group_vel_controller[0m
[INFO] [spawner-20]: process has finished cleanly [pid 81397]
[INFO] [spawner-19]: process has finished cleanly [pid 81394]
[INFO] [spawner-10]: process has finished cleanly [pid 81320]
[INFO] [spawner-11]: process has finished cleanly [pid 81341]
[move_group-22] [WARN] [1751471302.737203645] [moveit_ros.planning_scene_monitor.planning_scene_monitor]: The complete state of the robot is not yet known.  Missing left_summit_back_left_wheel_joint, left_summit_back_right_wheel_joint, left_summit_front_left_wheel_joint, left_summit_front_right_wheel_joint, ur_left_shoulder_pan_joint, ur_left_shoulder_lift_joint, ur_left_elbow_joint, ur_left_wrist_1_joint, ur_left_wrist_2_joint, ur_left_wrist_3_joint, right_summit_back_left_wheel_joint, right_summit_back_right_wheel_joint, right_summit_front_left_wheel_joint, right_summit_front_right_wheel_joint, ur_right_shoulder_pan_joint, ur_right_shoulder_lift_joint, ur_right_elbow_joint, ur_right_wrist_1_joint, ur_right_wrist_2_joint, ur_right_wrist_3_joint
[move_group-22] [WARN] [1751471302.869259660] [moveit.plugins.ros_control_interface]: Failed to read controllers from /controller_manager/list_controllers within 1 seconds
[INFO] [joint_state_merger.py-23]: process started with pid [81665]
[move_group-22] [WARN] [1751471303.781607263] [moveit_ros.planning_scene_monitor.planning_scene_monitor]: The complete state of the robot is not yet known.  Missing left_summit_back_left_wheel_joint, left_summit_back_right_wheel_joint, left_summit_front_left_wheel_joint, left_summit_front_right_wheel_joint, ur_left_shoulder_pan_joint, ur_left_shoulder_lift_joint, ur_left_elbow_joint, ur_left_wrist_1_joint, ur_left_wrist_2_joint, ur_left_wrist_3_joint, right_summit_back_left_wheel_joint, right_summit_back_right_wheel_joint, right_summit_front_left_wheel_joint, right_summit_front_right_wheel_joint, ur_right_shoulder_pan_joint, ur_right_shoulder_lift_joint, ur_right_elbow_joint, ur_right_wrist_1_joint, ur_right_wrist_2_joint, ur_right_wrist_3_joint
[move_group-22] [WARN] [1751471303.869424844] [moveit.plugins.ros_control_interface]: Failed to read controllers from /controller_manager/list_controllers within 1 seconds
[move_group-22] [INFO] [1751471303.871304536] [moveit_ros.trajectory_execution_manager]: Trajectory execution is managing controllers
[move_group-22] [INFO] [1751471303.871356730] [move_group.move_group]: MoveGroup debug mode is ON
[move_group-22] [INFO] [1751471303.974204442] [move_group.move_group]: 
[move_group-22] 
[move_group-22] ********************************************************
[move_group-22] * MoveGroup using: 
[move_group-22] *     - ApplyPlanningSceneService
[move_group-22] *     - ClearOctomapService
[move_group-22] *     - ExecuteTaskSolution
[move_group-22] *     - CartesianPathService
[move_group-22] *     - ExecuteTrajectoryAction
[move_group-22] *     - GetPlanningSceneService
[move_group-22] *     - KinematicsService
[move_group-22] *     - MoveAction
[move_group-22] *     - MotionPlanService
[move_group-22] *     - QueryPlannersService
[move_group-22] *     - StateValidationService
[move_group-22] ********************************************************
[move_group-22] 
[move_group-22] [INFO] [1751471303.974290781] [moveit_move_group_capabilities_base.move_group_context]: MoveGroup context using planning plugin ompl_interface/OMPLPlanner
[move_group-22] [INFO] [1751471303.974307612] [moveit_move_group_capabilities_base.move_group_context]: MoveGroup context initialization complete
[move_group-22] [96mLoading 'move_group/ApplyPlanningSceneService'...
[move_group-22] [0m[96mLoading 'move_group/ClearOctomapService'...
[move_group-22] [0m[96mLoading 'move_group/ExecuteTaskSolutionCapability'...
[move_group-22] [0m[96mLoading 'move_group/MoveGroupCartesianPathService'...
[move_group-22] [0m[96mLoading 'move_group/MoveGroupExecuteTrajectoryAction'...
[move_group-22] [0m[96mLoading 'move_group/MoveGroupGetPlanningSceneService'...
[move_group-22] [0m[96mLoading 'move_group/MoveGroupKinematicsService'...
[move_group-22] [0m[96mLoading 'move_group/MoveGroupMoveAction'...
[move_group-22] [0m[96mLoading 'move_group/MoveGroupPlanService'...
[move_group-22] [0m[96mLoading 'move_group/MoveGroupQueryPlannersService'...
[move_group-22] [0m[96mLoading 'move_group/MoveGroupStateValidationService'...
[move_group-22] [0m[92m
[move_group-22] You can start planning now!
[move_group-22] 
[move_group-22] [WARN] [1751471304.790527113] [moveit_ros.planning_scene_monitor.planning_scene_monitor]: The complete state of the robot is not yet known.  Missing left_summit_back_left_wheel_joint, left_summit_back_right_wheel_joint, left_summit_front_left_wheel_joint, left_summit_front_right_wheel_joint, right_summit_back_left_wheel_joint, right_summit_back_right_wheel_joint, right_summit_front_left_wheel_joint, right_summit_front_right_wheel_joint
[move_group-22] [WARN] [1751471305.797238557] [moveit_ros.planning_scene_monitor.planning_scene_monitor]: The complete state of the robot is not yet known.  Missing left_summit_back_left_wheel_joint, left_summit_back_right_wheel_joint, left_summit_front_left_wheel_joint, left_summit_front_right_wheel_joint, right_summit_back_left_wheel_joint, right_summit_back_right_wheel_joint, right_summit_front_left_wheel_joint, right_summit_front_right_wheel_joint
[move_group-22] [WARN] [1751471306.807775054] [moveit_ros.planning_scene_monitor.planning_scene_monitor]: The complete state of the robot is not yet known.  Missing left_summit_back_left_wheel_joint, left_summit_back_right_wheel_joint, left_summit_front_left_wheel_joint, left_summit_front_right_wheel_joint, right_summit_back_left_wheel_joint, right_summit_back_right_wheel_joint, right_summit_front_left_wheel_joint, right_summit_front_right_wheel_joint
[move_group-22] [WARN] [1751471307.847921195] [moveit_ros.planning_scene_monitor.planning_scene_monitor]: The complete state of the robot is not yet known.  Missing left_summit_back_left_wheel_joint, left_summit_back_right_wheel_joint, left_summit_front_left_wheel_joint, left_summit_front_right_wheel_joint, right_summit_back_left_wheel_joint, right_summit_back_right_wheel_joint, right_summit_front_left_wheel_joint, right_summit_front_right_wheel_joint
[move_group-22] [WARN] [1751471308.855081626] [moveit_ros.planning_scene_monitor.planning_scene_monitor]: The complete state of the robot is not yet known.  Missing left_summit_back_left_wheel_joint, left_summit_back_right_wheel_joint, left_summit_front_left_wheel_joint, left_summit_front_right_wheel_joint, right_summit_back_left_wheel_joint, right_summit_back_right_wheel_joint, right_summit_front_left_wheel_joint, right_summit_front_right_wheel_joint
[move_group-22] [WARN] [1751471309.873947391] [moveit_ros.planning_scene_monitor.planning_scene_monitor]: The complete state of the robot is not yet known.  Missing left_summit_back_left_wheel_joint, left_summit_back_right_wheel_joint, left_summit_front_left_wheel_joint, left_summit_front_right_wheel_joint, right_summit_back_left_wheel_joint, right_summit_back_right_wheel_joint, right_summit_front_left_wheel_joint, right_summit_front_right_wheel_joint
[move_group-22] [WARN] [1751471310.899959106] [moveit_ros.planning_scene_monitor.planning_scene_monitor]: The complete state of the robot is not yet known.  Missing left_summit_back_left_wheel_joint, left_summit_back_right_wheel_joint, left_summit_front_left_wheel_joint, left_summit_front_right_wheel_joint, right_summit_back_left_wheel_joint, right_summit_back_right_wheel_joint, right_summit_front_left_wheel_joint, right_summit_front_right_wheel_joint
[move_group-22] [WARN] [1751471311.917518854] [moveit_ros.planning_scene_monitor.planning_scene_monitor]: The complete state of the robot is not yet known.  Missing left_summit_back_left_wheel_joint, left_summit_back_right_wheel_joint, left_summit_front_left_wheel_joint, left_summit_front_right_wheel_joint, right_summit_back_left_wheel_joint, right_summit_back_right_wheel_joint, right_summit_front_left_wheel_joint, right_summit_front_right_wheel_joint
[move_group-22] [WARN] [1751471312.951384987] [moveit_ros.planning_scene_monitor.planning_scene_monitor]: The complete state of the robot is not yet known.  Missing left_summit_back_left_wheel_joint, left_summit_back_right_wheel_joint, left_summit_front_left_wheel_joint, left_summit_front_right_wheel_joint, right_summit_back_left_wheel_joint, right_summit_back_right_wheel_joint, right_summit_front_left_wheel_joint, right_summit_front_right_wheel_joint
[move_group-22] [WARN] [1751471313.954359569] [moveit_ros.planning_scene_monitor.planning_scene_monitor]: The complete state of the robot is not yet known.  Missing left_summit_back_left_wheel_joint, left_summit_back_right_wheel_joint, left_summit_front_left_wheel_joint, left_summit_front_right_wheel_joint, right_summit_back_left_wheel_joint, right_summit_back_right_wheel_joint, right_summit_front_left_wheel_joint, right_summit_front_right_wheel_joint
[move_group-22] [WARN] [1751471314.978665884] [moveit_ros.planning_scene_monitor.planning_scene_monitor]: The complete state of the robot is not yet known.  Missing left_summit_back_left_wheel_joint, left_summit_back_right_wheel_joint, left_summit_front_left_wheel_joint, left_summit_front_right_wheel_joint, right_summit_back_left_wheel_joint, right_summit_back_right_wheel_joint, right_summit_front_left_wheel_joint, right_summit_front_right_wheel_joint
[WARNING] [launch]: user interrupted with ctrl-c (SIGINT)
[rviz2-21] [INFO] [1751471315.273733789] [rclcpp]: signal_handler(signum=2)
[static_transform_publisher-15] [INFO] [1751471315.273757930] [rclcpp]: signal_handler(signum=2)
[move_group-22] [INFO] [1751471315.273810571] [rclcpp]: signal_handler(signum=2)
[static_transform_publisher-18] [INFO] [1751471315.273880911] [rclcpp]: signal_handler(signum=2)
[joint_state_merger.py-23] Traceback (most recent call last):
[joint_state_merger.py-23]   File "/ros2_ws/install/ur/lib/ur/joint_state_merger.py", line 46, in <module>
[joint_state_merger.py-23]     main()
[joint_state_merger.py-23]   File "/ros2_ws/install/ur/lib/ur/joint_state_merger.py", line 41, in main
[joint_state_merger.py-23]     rclpy.spin(node)
[joint_state_merger.py-23]   File "/opt/ros/humble/local/lib/python3.10/dist-packages/rclpy/__init__.py", line 226, in spin
[joint_state_merger.py-23]     executor.spin_once()
[joint_state_merger.py-23]   File "/opt/ros/humble/local/lib/python3.10/dist-packages/rclpy/executors.py", line 751, in spin_once
[static_transform_publisher-17] [INFO] [1751471315.273953021] [rclcpp]: signal_handler(signum=2)
[static_transform_publisher-16] [INFO] [1751471315.274005213] [rclcpp]: signal_handler(signum=2)
[static_transform_publisher-14] [INFO] [1751471315.274012496] [rclcpp]: signal_handler(signum=2)
[static_transform_publisher-9] [INFO] [1751471315.274067258] [rclcpp]: signal_handler(signum=2)
[static_transform_publisher-8] [INFO] [1751471315.274125762] [rclcpp]: signal_handler(signum=2)
[static_transform_publisher-7] [INFO] [1751471315.274184672] [rclcpp]: signal_handler(signum=2)
[static_transform_publisher-6] [INFO] [1751471315.274240563] [rclcpp]: signal_handler(signum=2)
[static_transform_publisher-5] [INFO] [1751471315.274453205] [rclcpp]: signal_handler(signum=2)
[joint_state_merger.py-23]     self._spin_once_impl(timeout_sec)
[joint_state_merger.py-23]   File "/opt/ros/humble/local/lib/python3.10/dist-packages/rclpy/executors.py", line 746, in _spin_once_impl
[joint_state_merger.py-23]     handler()
[joint_state_merger.py-23]   File "/opt/ros/humble/local/lib/python3.10/dist-packages/rclpy/task.py", line 254, in __call__
[joint_state_merger.py-23]     self._handler.send(None)
[joint_state_merger.py-23]   File "/opt/ros/humble/local/lib/python3.10/dist-packages/rclpy/executors.py", line 447, in handler
[joint_state_merger.py-23]     await call_coroutine(entity, arg)
[joint_state_merger.py-23]   File "/opt/ros/humble/local/lib/python3.10/dist-packages/rclpy/executors.py", line 361, in _execute_timer
[joint_state_merger.py-23]     await await_or_execute(tmr.callback)
[joint_state_merger.py-23]   File "/opt/ros/humble/local/lib/python3.10/dist-packages/rclpy/executors.py", line 107, in await_or_execute
[joint_state_merger.py-23]     return callback(*args)
[joint_state_merger.py-23]   File "/ros2_ws/install/ur/lib/ur/joint_state_merger.py", line 29, in publish_merged
[joint_state_merger.py-23]     velocities += msg.velocity
[joint_state_merger.py-23]   File "/opt/ros/humble/local/lib/python3.10/dist-packages/sensor_msgs/msg/_joint_state.py", line 214, in velocity
[joint_state_merger.py-23]     @builtins.property
[joint_state_merger.py-23] KeyboardInterrupt
[robot_state_publisher-13] [INFO] [1751471315.274935784] [rclcpp]: signal_handler(signum=2)
[robot_state_publisher-4] [INFO] [1751471315.275014833] [rclcpp]: signal_handler(signum=2)
[move_group-22] [INFO] [1751471315.386675755] [moveit.ros_planning_interface.moveit_cpp]: Deleting MoveItCpp
[rviz2-21] [INFO] [1751471315.391608068] [moveit_ros.planning_scene_monitor.planning_scene_monitor]: Stopping planning scene monitor
[ERROR] [joint_state_merger.py-23]: process has died [pid 81665, exit code -2, cmd '/ros2_ws/install/ur/lib/ur/joint_state_merger.py --ros-args -r __node:=joint_state_merger'].
[INFO] [static_transform_publisher-14]: process has finished cleanly [pid 81358]
[INFO] [static_transform_publisher-16]: process has finished cleanly [pid 81363]
[INFO] [static_transform_publisher-18]: process has finished cleanly [pid 81387]
[INFO] [static_transform_publisher-7]: process has finished cleanly [pid 81289]
[INFO] [static_transform_publisher-17]: process has finished cleanly [pid 81368]
[INFO] [static_transform_publisher-9]: process has finished cleanly [pid 81294]
[INFO] [static_transform_publisher-6]: process has finished cleanly [pid 81287]
[INFO] [static_transform_publisher-15]: process has finished cleanly [pid 81360]
[INFO] [static_transform_publisher-5]: process has finished cleanly [pid 81285]
[INFO] [static_transform_publisher-8]: process has finished cleanly [pid 81291]
[INFO] [robot_state_publisher-4]: process has finished cleanly [pid 81283]
[INFO] [robot_state_publisher-13]: process has finished cleanly [pid 81355]
[move_group-22] [INFO] [1751471315.528165391] [moveit_ros.planning_scene_monitor.planning_scene_monitor]: Stopped publishing maintained planning scene.
[move_group-22] [INFO] [1751471315.529375136] [moveit_ros.planning_scene_monitor.planning_scene_monitor]: Stopping world geometry monitor
[move_group-22] [INFO] [1751471315.530644002] [moveit_ros.planning_scene_monitor.planning_scene_monitor]: Stopping planning scene monitor
[move_group-22] Warning: class_loader.ClassLoader: SEVERE WARNING!!! Attempting to unload library while objects created by this loader exist in the heap! You should delete your objects before attempting to unload the library or destroying the ClassLoader. The library will NOT be unloaded.
[move_group-22]          at line 127 in ./src/class_loader.cpp
[INFO] [rviz2-21]: process has finished cleanly [pid 81404]
[move_group-22] Stack trace (most recent call last):
[move_group-22] #11   Object "", at 0xffffffffffffffff, in 
[move_group-22] #10   Object "/ros2_ws/build/moveit_ros_move_group/move_group", at 0x5601c6900eb4, in _start
[move_group-22] #9    Object "/usr/lib/x86_64-linux-gnu/libc.so.6", at 0x7f6b537bde3f, in __libc_start_main
[move_group-22] #8    Object "/usr/lib/x86_64-linux-gnu/libc.so.6", at 0x7f6b537bdd8f, in 
[move_group-22] #7    Object "/ros2_ws/build/moveit_ros_move_group/move_group", at 0x5601c6900483, in main
[move_group-22] #6    Object "/ros2_ws/build/moveit_ros_move_group/move_group", at 0x5601c69079c1, in std::_Sp_counted_base<(__gnu_cxx::_Lock_policy)2>::_M_release()
[move_group-22] #5    Object "/opt/ros/humble/lib/librclcpp.so", at 0x7f6b53d02ade, in rclcpp::Node::~Node()
[move_group-22] #4    Object "/opt/ros/humble/lib/librclcpp.so", at 0x7f6b53cddd49, in 
[move_group-22] #3    Object "/opt/ros/humble/lib/librclcpp.so", at 0x7f6b53d0c189, in 
[move_group-22] #2    Object "/opt/ros/humble/lib/librclcpp.so", at 0x7f6b53d0c0d0, in rclcpp::node_interfaces::NodeBase::~NodeBase()
[move_group-22] #1    Object "/opt/ros/humble/lib/librclcpp.so", at 0x7f6b53cddd49, in 
[move_group-22] #0    Object "/opt/ros/humble/lib/librclcpp.so", at 0x7f6b53ce2ac1, in rclcpp::CallbackGroup::~CallbackGroup()
[move_group-22] Segmentation fault (Address not mapped to object [0x7f6b4a077c70])
[INFO] [gzclient-2]: process has finished cleanly [pid 81279]
[ERROR] [move_group-22]: process has died [pid 81411, exit code -11, cmd '/ros2_ws/install/moveit_ros_move_group/lib/moveit_ros_move_group/move_group --ros-args --params-file /tmp/launch_params_u4dgbjy1 --params-file /tmp/launch_params_kufqxgp1 --params-file /tmp/launch_params_pmtjpa42 --params-file /tmp/launch_params_lpu_5_dk --params-file /tmp/launch_params_enpffcih'].
[move_group-22] [0m
[INFO] [gzserver-1]: process has finished cleanly [pid 81277]
