[INFO] [launch]: All log files can be found below /root/.ros/log/2025-09-08-14-57-45-219402-outlander-Aspire-V3-571G-31941
[INFO] [launch]: Default logging verbosity is set to INFO
warning: Using load_yaml() directly is deprecated. Use xacro.load_yaml() instead.
[INFO] [gzserver-1]: process started with pid [31943]
[INFO] [gzclient-2]: process started with pid [31945]
[INFO] [spawn_entity.py-3]: process started with pid [31947]
[INFO] [robot_state_publisher-4]: process started with pid [31949]
[INFO] [static_transform_publisher-5]: process started with pid [31951]
[INFO] [static_transform_publisher-6]: process started with pid [31953]
[INFO] [static_transform_publisher-7]: process started with pid [31955]
[INFO] [static_transform_publisher-8]: process started with pid [31957]
[INFO] [spawner-9]: process started with pid [31959]
[INFO] [spawner-10]: process started with pid [31962]
[INFO] [spawn_entity.py-11]: process started with pid [32002]
[INFO] [robot_state_publisher-12]: process started with pid [32010]
[INFO] [static_transform_publisher-13]: process started with pid [32012]
[INFO] [static_transform_publisher-14]: process started with pid [32015]
[INFO] [static_transform_publisher-15]: process started with pid [32023]
[INFO] [static_transform_publisher-16]: process started with pid [32036]
[INFO] [spawner-17]: process started with pid [32047]
[INFO] [spawner-18]: process started with pid [32051]
[INFO] [rviz2-19]: process started with pid [32061]
[INFO] [move_group-20]: process started with pid [32064]
[robot_state_publisher-4] [INFO] [1757343469.206036127] [left.robot_state_publisher]: got segment left_summit_back_left_wheel_link
[robot_state_publisher-4] [INFO] [1757343469.206302126] [left.robot_state_publisher]: got segment left_summit_back_right_wheel_link
[robot_state_publisher-4] [INFO] [1757343469.206337412] [left.robot_state_publisher]: got segment left_summit_base_chapa
[robot_state_publisher-4] [INFO] [1757343469.206361251] [left.robot_state_publisher]: got segment left_summit_base_docking_contact
[robot_state_publisher-4] [INFO] [1757343469.206378806] [left.robot_state_publisher]: got segment left_summit_base_footprint
[robot_state_publisher-4] [INFO] [1757343469.206394814] [left.robot_state_publisher]: got segment left_summit_base_link
[robot_state_publisher-4] [INFO] [1757343469.206410924] [left.robot_state_publisher]: got segment left_summit_base_logo_front
[robot_state_publisher-4] [INFO] [1757343469.206429580] [left.robot_state_publisher]: got segment left_summit_base_logo_left
[robot_state_publisher-4] [INFO] [1757343469.206446456] [left.robot_state_publisher]: got segment left_summit_base_logo_rear
[robot_state_publisher-4] [INFO] [1757343469.206462359] [left.robot_state_publisher]: got segment left_summit_base_logo_right
[robot_state_publisher-4] [INFO] [1757343469.206479669] [left.robot_state_publisher]: got segment left_summit_front_laser_base_link
[robot_state_publisher-4] [INFO] [1757343469.206496011] [left.robot_state_publisher]: got segment left_summit_front_laser_link
[robot_state_publisher-4] [INFO] [1757343469.206511899] [left.robot_state_publisher]: got segment left_summit_front_left_wheel_link
[robot_state_publisher-4] [INFO] [1757343469.206528900] [left.robot_state_publisher]: got segment left_summit_front_right_wheel_link
[robot_state_publisher-4] [INFO] [1757343469.206547003] [left.robot_state_publisher]: got segment left_summit_imu_link
[robot_state_publisher-4] [INFO] [1757343469.206566195] [left.robot_state_publisher]: got segment left_summit_rear_laser_base_link
[robot_state_publisher-4] [INFO] [1757343469.206581705] [left.robot_state_publisher]: got segment left_summit_rear_laser_link
[robot_state_publisher-4] [INFO] [1757343469.206599068] [left.robot_state_publisher]: got segment ur_left_base
[robot_state_publisher-4] [INFO] [1757343469.206616318] [left.robot_state_publisher]: got segment ur_left_base_link
[robot_state_publisher-4] [INFO] [1757343469.206632344] [left.robot_state_publisher]: got segment ur_left_base_link_inertia
[robot_state_publisher-4] [INFO] [1757343469.206649401] [left.robot_state_publisher]: got segment ur_left_flange
[robot_state_publisher-4] [INFO] [1757343469.206665816] [left.robot_state_publisher]: got segment ur_left_forearm_link
[robot_state_publisher-4] [INFO] [1757343469.206683747] [left.robot_state_publisher]: got segment ur_left_ft_frame
[robot_state_publisher-4] [INFO] [1757343469.206701556] [left.robot_state_publisher]: got segment ur_left_paletta
[robot_state_publisher-4] [INFO] [1757343469.206717684] [left.robot_state_publisher]: got segment ur_left_shoulder_link
[robot_state_publisher-4] [INFO] [1757343469.206735246] [left.robot_state_publisher]: got segment ur_left_tool0
[robot_state_publisher-4] [INFO] [1757343469.206752141] [left.robot_state_publisher]: got segment ur_left_upper_arm_link
[robot_state_publisher-4] [INFO] [1757343469.206770810] [left.robot_state_publisher]: got segment ur_left_wrist_1_link
[robot_state_publisher-4] [INFO] [1757343469.206787123] [left.robot_state_publisher]: got segment ur_left_wrist_2_link
[robot_state_publisher-4] [INFO] [1757343469.206804213] [left.robot_state_publisher]: got segment ur_left_wrist_3_link
[robot_state_publisher-4] [INFO] [1757343469.206822788] [left.robot_state_publisher]: got segment world
[static_transform_publisher-5] [WARN] [1757343469.119859830] []: Old-style arguments are deprecated; see --help for new-style arguments
[static_transform_publisher-5] [INFO] [1757343469.174799057] [left_static_transform_publisher_back_left]: Spinning until stopped - publishing transform
[static_transform_publisher-5] translation: ('0.250000', '0.150000', '0.000000')
[static_transform_publisher-5] rotation: ('0.000000', '0.000000', '0.000000', '1.000000')
[static_transform_publisher-5] from 'left_summit_base_link' to 'left_summit_back_left_wheel_link'
[static_transform_publisher-6] [WARN] [1757343469.119945010] []: Old-style arguments are deprecated; see --help for new-style arguments
[static_transform_publisher-6] [INFO] [1757343469.179544639] [left_static_transform_publisher_back_right]: Spinning until stopped - publishing transform
[static_transform_publisher-6] translation: ('0.250000', '-0.150000', '0.000000')
[static_transform_publisher-6] rotation: ('0.000000', '0.000000', '0.000000', '1.000000')
[static_transform_publisher-6] from 'left_summit_base_link' to 'left_summit_back_right_wheel_link'
[static_transform_publisher-7] [WARN] [1757343469.119891444] []: Old-style arguments are deprecated; see --help for new-style arguments
[static_transform_publisher-7] [INFO] [1757343469.184764431] [left_static_transform_publisher_front_left]: Spinning until stopped - publishing transform
[static_transform_publisher-7] translation: ('-0.250000', '0.150000', '0.000000')
[static_transform_publisher-7] rotation: ('0.000000', '0.000000', '0.000000', '1.000000')
[static_transform_publisher-7] from 'left_summit_base_link' to 'left_summit_front_left_wheel_link'
[static_transform_publisher-8] [WARN] [1757343469.120026320] []: Old-style arguments are deprecated; see --help for new-style arguments
[static_transform_publisher-8] [INFO] [1757343469.164223592] [static_transform_publisher_front_right]: Spinning until stopped - publishing transform
[static_transform_publisher-8] translation: ('-0.250000', '-0.150000', '0.000000')
[static_transform_publisher-8] rotation: ('0.000000', '0.000000', '0.000000', '1.000000')
[static_transform_publisher-8] from 'left_summit_base_link' to 'left_summit_front_right_wheel_link'
[static_transform_publisher-13] [WARN] [1757343469.226510495] []: Old-style arguments are deprecated; see --help for new-style arguments
[static_transform_publisher-13] [INFO] [1757343469.372596857] [right_static_transform_publisher_back_left]: Spinning until stopped - publishing transform
[static_transform_publisher-13] translation: ('0.250000', '0.150000', '0.000000')
[static_transform_publisher-13] rotation: ('0.000000', '0.000000', '0.000000', '1.000000')
[static_transform_publisher-13] from 'right_summit_base_link' to 'right_summit_back_left_wheel_link'
[static_transform_publisher-14] [WARN] [1757343469.267656238] []: Old-style arguments are deprecated; see --help for new-style arguments
[static_transform_publisher-14] [INFO] [1757343469.347388800] [right_static_transform_publisher_back_right]: Spinning until stopped - publishing transform
[static_transform_publisher-14] translation: ('0.250000', '-0.150000', '0.000000')
[static_transform_publisher-14] rotation: ('0.000000', '0.000000', '0.000000', '1.000000')
[static_transform_publisher-14] from 'right_summit_base_link' to 'right_summit_back_right_wheel_link'
[static_transform_publisher-15] [WARN] [1757343469.313658526] []: Old-style arguments are deprecated; see --help for new-style arguments
[static_transform_publisher-15] [INFO] [1757343469.367612235] [right_static_transform_publisher_front_left]: Spinning until stopped - publishing transform
[static_transform_publisher-15] translation: ('-0.250000', '0.150000', '0.000000')
[static_transform_publisher-15] rotation: ('0.000000', '0.000000', '0.000000', '1.000000')
[static_transform_publisher-15] from 'right_summit_base_link' to 'right_summit_front_left_wheel_link'
[robot_state_publisher-12] [INFO] [1757343469.383726235] [right.robot_state_publisher]: got segment right_summit_back_left_wheel_link
[robot_state_publisher-12] [INFO] [1757343469.384008709] [right.robot_state_publisher]: got segment right_summit_back_right_wheel_link
[robot_state_publisher-12] [INFO] [1757343469.384046160] [right.robot_state_publisher]: got segment right_summit_base_chapa
[robot_state_publisher-12] [INFO] [1757343469.384072263] [right.robot_state_publisher]: got segment right_summit_base_docking_contact
[robot_state_publisher-12] [INFO] [1757343469.384095788] [right.robot_state_publisher]: got segment right_summit_base_footprint
[robot_state_publisher-12] [INFO] [1757343469.384116321] [right.robot_state_publisher]: got segment right_summit_base_link
[robot_state_publisher-12] [INFO] [1757343469.384136728] [right.robot_state_publisher]: got segment right_summit_base_logo_front
[robot_state_publisher-12] [INFO] [1757343469.384157409] [right.robot_state_publisher]: got segment right_summit_base_logo_left
[robot_state_publisher-12] [INFO] [1757343469.384178011] [right.robot_state_publisher]: got segment right_summit_base_logo_rear
[robot_state_publisher-12] [INFO] [1757343469.384198249] [right.robot_state_publisher]: got segment right_summit_base_logo_right
[robot_state_publisher-12] [INFO] [1757343469.384218464] [right.robot_state_publisher]: got segment right_summit_front_laser_base_link
[robot_state_publisher-12] [INFO] [1757343469.384238615] [right.robot_state_publisher]: got segment right_summit_front_laser_link
[robot_state_publisher-12] [INFO] [1757343469.384258316] [right.robot_state_publisher]: got segment right_summit_front_left_wheel_link
[robot_state_publisher-12] [INFO] [1757343469.384278201] [right.robot_state_publisher]: got segment right_summit_front_right_wheel_link
[robot_state_publisher-12] [INFO] [1757343469.384297693] [right.robot_state_publisher]: got segment right_summit_imu_link
[robot_state_publisher-12] [INFO] [1757343469.384317336] [right.robot_state_publisher]: got segment right_summit_rear_laser_base_link
[robot_state_publisher-12] [INFO] [1757343469.384336927] [right.robot_state_publisher]: got segment right_summit_rear_laser_link
[robot_state_publisher-12] [INFO] [1757343469.384356198] [right.robot_state_publisher]: got segment ur_right_base
[robot_state_publisher-12] [INFO] [1757343469.384376029] [right.robot_state_publisher]: got segment ur_right_base_link
[robot_state_publisher-12] [INFO] [1757343469.384396138] [right.robot_state_publisher]: got segment ur_right_base_link_inertia
[robot_state_publisher-12] [INFO] [1757343469.384414923] [right.robot_state_publisher]: got segment ur_right_flange
[robot_state_publisher-12] [INFO] [1757343469.384434618] [right.robot_state_publisher]: got segment ur_right_forearm_link
[robot_state_publisher-12] [INFO] [1757343469.384699228] [right.robot_state_publisher]: got segment ur_right_ft_frame
[robot_state_publisher-12] [INFO] [1757343469.384724607] [right.robot_state_publisher]: got segment ur_right_paletta
[robot_state_publisher-12] [INFO] [1757343469.384743459] [right.robot_state_publisher]: got segment ur_right_shoulder_link
[robot_state_publisher-12] [INFO] [1757343469.384762540] [right.robot_state_publisher]: got segment ur_right_tool0
[robot_state_publisher-12] [INFO] [1757343469.384782277] [right.robot_state_publisher]: got segment ur_right_upper_arm_link
[robot_state_publisher-12] [INFO] [1757343469.384801894] [right.robot_state_publisher]: got segment ur_right_wrist_1_link
[robot_state_publisher-12] [INFO] [1757343469.384822077] [right.robot_state_publisher]: got segment ur_right_wrist_2_link
[robot_state_publisher-12] [INFO] [1757343469.384841370] [right.robot_state_publisher]: got segment ur_right_wrist_3_link
[robot_state_publisher-12] [INFO] [1757343469.384860214] [right.robot_state_publisher]: got segment world
[static_transform_publisher-16] [WARN] [1757343469.386166303] []: Old-style arguments are deprecated; see --help for new-style arguments
[static_transform_publisher-16] [INFO] [1757343469.474057629] [static_transform_publisher_front_right]: Spinning until stopped - publishing transform
[static_transform_publisher-16] translation: ('-0.250000', '-0.150000', '0.000000')
[static_transform_publisher-16] rotation: ('0.000000', '0.000000', '0.000000', '1.000000')
[static_transform_publisher-16] from 'right_summit_base_link' to 'right_summit_front_right_wheel_link'
[rviz2-19] QStandardPaths: XDG_RUNTIME_DIR not set, defaulting to '/tmp/runtime-root'
[move_group-20] Error:   Group 'srm_r' has unsatisfied subgroups
[move_group-20]          at line 304 in /ros2_ws/src/srdfdom/src/model.cpp
[move_group-20] Error:   Group 'srm_l' has unsatisfied subgroups
[move_group-20]          at line 304 in /ros2_ws/src/srdfdom/src/model.cpp
[move_group-20] Error:   Group state 'home_r_base_ur_ee' specified for group 'srm_r', but that group is not known
[move_group-20]          at line 340 in /ros2_ws/src/srdfdom/src/model.cpp
[move_group-20] Error:   Group state 'home_l_base_ur_ee' specified for group 'srm_l', but that group is not known
[move_group-20]          at line 340 in /ros2_ws/src/srdfdom/src/model.cpp
[move_group-20] [INFO] [1757343469.627403136] [moveit_rdf_loader.rdf_loader]: Loaded robot model in 0.0335802 seconds
[move_group-20] [INFO] [1757343469.627522689] [moveit_robot_model.robot_model]: Loading robot model 'srm'...
[move_group-20] [INFO] [1757343469.627544664] [moveit_robot_model.robot_model]: No root/virtual joint specified in SRDF. Assuming fixed joint
[move_group-20] [WARN] [1757343469.627656737] [moveit_robot_model.robot_model]: Link left_summit_base_footprint has visual geometry but no collision geometry. Collision geometry will be left empty. Fix your URDF file by explicitly specifying collision geometry.
[move_group-20] [WARN] [1757343469.640494856] [moveit_robot_model.robot_model]: Link left_summit_base_logo_front has visual geometry but no collision geometry. Collision geometry will be left empty. Fix your URDF file by explicitly specifying collision geometry.
[move_group-20] [WARN] [1757343469.642550077] [moveit_robot_model.robot_model]: Link left_summit_base_logo_left has visual geometry but no collision geometry. Collision geometry will be left empty. Fix your URDF file by explicitly specifying collision geometry.
[move_group-20] [WARN] [1757343469.643975598] [moveit_robot_model.robot_model]: Link left_summit_base_logo_rear has visual geometry but no collision geometry. Collision geometry will be left empty. Fix your URDF file by explicitly specifying collision geometry.
[move_group-20] [WARN] [1757343469.645489767] [moveit_robot_model.robot_model]: Link left_summit_base_logo_right has visual geometry but no collision geometry. Collision geometry will be left empty. Fix your URDF file by explicitly specifying collision geometry.
[move_group-20] [WARN] [1757343469.646595278] [moveit_robot_model.robot_model]: Link left_summit_base_chapa has visual geometry but no collision geometry. Collision geometry will be left empty. Fix your URDF file by explicitly specifying collision geometry.
[move_group-20] [WARN] [1757343469.654932531] [moveit_robot_model.robot_model]: Link left_summit_imu_link has visual geometry but no collision geometry. Collision geometry will be left empty. Fix your URDF file by explicitly specifying collision geometry.
[move_group-20] [WARN] [1757343469.688796636] [moveit_robot_model.robot_model]: Link right_summit_base_footprint has visual geometry but no collision geometry. Collision geometry will be left empty. Fix your URDF file by explicitly specifying collision geometry.
[move_group-20] [WARN] [1757343469.695674709] [moveit_robot_model.robot_model]: Link right_summit_base_logo_front has visual geometry but no collision geometry. Collision geometry will be left empty. Fix your URDF file by explicitly specifying collision geometry.
[move_group-20] [WARN] [1757343469.696986492] [moveit_robot_model.robot_model]: Link right_summit_base_logo_left has visual geometry but no collision geometry. Collision geometry will be left empty. Fix your URDF file by explicitly specifying collision geometry.
[move_group-20] [WARN] [1757343469.698161610] [moveit_robot_model.robot_model]: Link right_summit_base_logo_rear has visual geometry but no collision geometry. Collision geometry will be left empty. Fix your URDF file by explicitly specifying collision geometry.
[move_group-20] [WARN] [1757343469.699256554] [moveit_robot_model.robot_model]: Link right_summit_base_logo_right has visual geometry but no collision geometry. Collision geometry will be left empty. Fix your URDF file by explicitly specifying collision geometry.
[move_group-20] [WARN] [1757343469.700436156] [moveit_robot_model.robot_model]: Link right_summit_base_chapa has visual geometry but no collision geometry. Collision geometry will be left empty. Fix your URDF file by explicitly specifying collision geometry.
[move_group-20] [WARN] [1757343469.727359193] [moveit_robot_model.robot_model]: Link right_summit_imu_link has visual geometry but no collision geometry. Collision geometry will be left empty. Fix your URDF file by explicitly specifying collision geometry.
[move_group-20] [WARN] [1757343469.882659648] [kdl_parser]: Converting unknown joint type of joint 'left_base_joint' into a fixed joint
[move_group-20] [WARN] [1757343469.882849586] [kdl_parser]: Converting unknown joint type of joint 'right_base_joint' into a fixed joint
[move_group-20] [WARN] [1757343469.883176988] [kdl_parser]: Converting unknown joint type of joint 'left_base_joint' into a fixed joint
[move_group-20] [WARN] [1757343469.883321407] [kdl_parser]: Converting unknown joint type of joint 'right_base_joint' into a fixed joint
[spawn_entity.py-11] [INFO] [1757343470.433954014] [right]: Spawn Entity started
[spawn_entity.py-11] [INFO] [1757343470.434995940] [right]: Loading entity published on topic /right/robot_description
[move_group-20] [INFO] [1757343470.438379314] [moveit_ros.planning_scene_monitor.planning_scene_monitor]: Publishing maintained planning scene on 'monitored_planning_scene'
[move_group-20] [INFO] [1757343470.438716391] [moveit.ros_planning_interface.moveit_cpp]: Listening to 'joint_states' for joint states
[spawn_entity.py-11] [INFO] [1757343470.445241029] [right]: Waiting for entity xml on /right/robot_description
[move_group-20] [INFO] [1757343470.446228732] [moveit_ros.current_state_monitor]: Listening to joint states on topic 'joint_states'
[move_group-20] [INFO] [1757343470.448293583] [moveit_ros.planning_scene_monitor.planning_scene_monitor]: Listening to '/attached_collision_object' for attached collision objects
[move_group-20] [INFO] [1757343470.448334760] [moveit_ros.planning_scene_monitor.planning_scene_monitor]: Starting planning scene monitor
[move_group-20] [INFO] [1757343470.455795521] [moveit_ros.planning_scene_monitor.planning_scene_monitor]: Listening to '/planning_scene'
[move_group-20] [INFO] [1757343470.455841148] [moveit_ros.planning_scene_monitor.planning_scene_monitor]: Starting world geometry update monitor for collision objects, attached objects, octomap updates.
[spawn_entity.py-11] [INFO] [1757343470.458004956] [right]: Waiting for service /spawn_entity, timeout = 5
[spawn_entity.py-11] [INFO] [1757343470.459928266] [right]: Waiting for service /spawn_entity
[spawner-10] [INFO] [1757343470.470154186] [left.spawner_ur_left_joint_group_vel_controller]: waiting for service /left/controller_manager/list_controllers to become available...
[move_group-20] [INFO] [1757343470.471105669] [moveit_ros.planning_scene_monitor.planning_scene_monitor]: Listening to 'collision_object'
[move_group-20] [INFO] [1757343470.473105013] [moveit_ros.planning_scene_monitor.planning_scene_monitor]: Listening to 'planning_scene_world' for planning scene world geometry
[move_group-20] [WARN] [1757343470.477676636] [moveit.ros.occupancy_map_monitor.middleware_handle]: Resolution not specified for Octomap. Assuming resolution = 0.1 instead
[spawner-9] [INFO] [1757343470.487905378] [left.spawner_joint_state_broadcaster]: waiting for service /left/controller_manager/list_controllers to become available...
[spawn_entity.py-3] [INFO] [1757343470.488668239] [left]: Spawn Entity started
[spawn_entity.py-3] [INFO] [1757343470.489980495] [left]: Loading entity published on topic /left/robot_description
[spawn_entity.py-3] [INFO] [1757343470.496364422] [left]: Waiting for entity xml on /left/robot_description
[spawn_entity.py-3] [INFO] [1757343470.508538420] [left]: Waiting for service /spawn_entity, timeout = 5
[spawn_entity.py-3] [INFO] [1757343470.509638803] [left]: Waiting for service /spawn_entity
[spawner-17] [INFO] [1757343470.540406427] [right.spawner_joint_state_broadcaster]: waiting for service /right/controller_manager/list_controllers to become available...
[spawner-18] [INFO] [1757343470.988770836] [right.spawner_ur_right_joint_group_vel_controller]: waiting for service /right/controller_manager/list_controllers to become available...
[move_group-20] [INFO] [1757343471.033633796] [moveit.ros_planning_interface.moveit_cpp]: Loading planning pipeline 'ompl'
[rviz2-19] [INFO] [1757343471.097471583] [rviz2]: Stereo is NOT SUPPORTED
[rviz2-19] [INFO] [1757343471.097731278] [rviz2]: OpenGl version: 4.6 (GLSL 4.6)
[INFO] [static_transform_publisher-21]: process started with pid [32184]
[move_group-20] [INFO] [1757343471.107755450] [moveit.ros_planning.planning_pipeline]: Using planning interface 'OMPL'
[static_transform_publisher-21] [WARN] [1757343471.126947744] []: Old-style arguments are deprecated; see --help for new-style arguments
[move_group-20] [INFO] [1757343471.130204068] [moveit_ros.add_time_optimal_parameterization]: Param 'ompl.path_tolerance' was not set. Using default value: 0.100000
[move_group-20] [INFO] [1757343471.130277260] [moveit_ros.add_time_optimal_parameterization]: Param 'ompl.resample_dt' was not set. Using default value: 0.100000
[move_group-20] [INFO] [1757343471.130289346] [moveit_ros.add_time_optimal_parameterization]: Param 'ompl.min_angle_change' was not set. Using default value: 0.001000
[move_group-20] [INFO] [1757343471.130359797] [moveit_ros.fix_workspace_bounds]: Param 'ompl.default_workspace_bounds' was not set. Using default value: 10.000000
[move_group-20] [INFO] [1757343471.130393478] [moveit_ros.fix_start_state_bounds]: Param 'ompl.start_state_max_bounds_error' was set to 0.100000
[move_group-20] [INFO] [1757343471.130404838] [moveit_ros.fix_start_state_bounds]: Param 'ompl.start_state_max_dt' was not set. Using default value: 0.500000
[move_group-20] [INFO] [1757343471.130425662] [moveit_ros.fix_start_state_collision]: Param 'ompl.start_state_max_dt' was not set. Using default value: 0.500000
[move_group-20] [INFO] [1757343471.130437807] [moveit_ros.fix_start_state_collision]: Param 'ompl.jiggle_fraction' was set to 0.050000
[move_group-20] [INFO] [1757343471.130473375] [moveit_ros.fix_start_state_collision]: Param 'ompl.max_sampling_attempts' was not set. Using default value: 100
[move_group-20] [INFO] [1757343471.130497695] [moveit.ros_planning.planning_pipeline]: Using planning request adapter 'Add Time Optimal Parameterization'
[move_group-20] [INFO] [1757343471.130507883] [moveit.ros_planning.planning_pipeline]: Using planning request adapter 'Resolve constraint frames to robot links'
[move_group-20] [INFO] [1757343471.130513795] [moveit.ros_planning.planning_pipeline]: Using planning request adapter 'Fix Workspace Bounds'
[move_group-20] [INFO] [1757343471.130519455] [moveit.ros_planning.planning_pipeline]: Using planning request adapter 'Fix Start State Bounds'
[move_group-20] [INFO] [1757343471.130525005] [moveit.ros_planning.planning_pipeline]: Using planning request adapter 'Fix Start State In Collision'
[move_group-20] [INFO] [1757343471.130530963] [moveit.ros_planning.planning_pipeline]: Using planning request adapter 'Fix Start State Path Constraints'
[move_group-20] [INFO] [1757343471.137664501] [moveit.ros_planning_interface.moveit_cpp]: Loading planning pipeline 'chomp'
[move_group-20] [INFO] [1757343471.174670601] [moveit.ros_planning.planning_pipeline]: Using planning interface 'CHOMP'
[static_transform_publisher-21] [INFO] [1757343471.182409881] [static_transform_publisher_1RdDbc7TJDkFh2kN]: Spinning until stopped - publishing transform
[static_transform_publisher-21] translation: ('-0.660000', '0.000000', '0.000000')
[static_transform_publisher-21] rotation: ('0.000000', '0.000000', '0.000000', '1.000000')
[static_transform_publisher-21] from 'world' to 'left_robot'
[move_group-20] [INFO] [1757343471.190797978] [moveit_ros.add_time_optimal_parameterization]: Param 'chomp.path_tolerance' was not set. Using default value: 0.100000
[move_group-20] [INFO] [1757343471.191100202] [moveit_ros.add_time_optimal_parameterization]: Param 'chomp.resample_dt' was not set. Using default value: 0.100000
[move_group-20] [INFO] [1757343471.191373392] [moveit_ros.add_time_optimal_parameterization]: Param 'chomp.min_angle_change' was not set. Using default value: 0.001000
[move_group-20] [INFO] [1757343471.191561466] [moveit_ros.fix_workspace_bounds]: Param 'chomp.default_workspace_bounds' was not set. Using default value: 10.000000
[move_group-20] [INFO] [1757343471.192256788] [moveit_ros.fix_start_state_bounds]: Param 'chomp.start_state_max_bounds_error' was set to 0.100000
[move_group-20] [INFO] [1757343471.192285044] [moveit_ros.fix_start_state_bounds]: Param 'chomp.start_state_max_dt' was not set. Using default value: 0.500000
[move_group-20] [INFO] [1757343471.192391571] [moveit_ros.fix_start_state_collision]: Param 'chomp.start_state_max_dt' was not set. Using default value: 0.500000
[move_group-20] [INFO] [1757343471.192470959] [moveit_ros.fix_start_state_collision]: Param 'chomp.jiggle_fraction' was set to 0.050000
[move_group-20] [INFO] [1757343471.192489551] [moveit_ros.fix_start_state_collision]: Param 'chomp.max_sampling_attempts' was not set. Using default value: 100
[move_group-20] [INFO] [1757343471.192536974] [moveit.ros_planning.planning_pipeline]: Using planning request adapter 'Add Time Optimal Parameterization'
[move_group-20] [INFO] [1757343471.192552693] [moveit.ros_planning.planning_pipeline]: Using planning request adapter 'Resolve constraint frames to robot links'
[move_group-20] [INFO] [1757343471.192602061] [moveit.ros_planning.planning_pipeline]: Using planning request adapter 'Fix Workspace Bounds'
[move_group-20] [INFO] [1757343471.192613967] [moveit.ros_planning.planning_pipeline]: Using planning request adapter 'Fix Start State Bounds'
[move_group-20] [INFO] [1757343471.192991540] [moveit.ros_planning.planning_pipeline]: Using planning request adapter 'Fix Start State In Collision'
[move_group-20] [INFO] [1757343471.193088410] [moveit.ros_planning.planning_pipeline]: Using planning request adapter 'Fix Start State Path Constraints'
[rviz2-19] [INFO] [1757343471.213237858] [rviz2]: Stereo is NOT SUPPORTED
[move_group-20] [INFO] [1757343471.282629766] [moveit.ros_planning_interface.moveit_cpp]: Loading planning pipeline 'pilz_industrial_motion_planner'
[move_group-20] [INFO] [1757343471.295345448] [moveit.pilz_industrial_motion_planner.joint_limits_aggregator]: Reading limits from namespace robot_description_planning
[move_group-20] [WARN] [1757343471.304149409] [moveit.pilz_industrial_motion_planner.joint_limits_aggregator]: Multi-DOF-Joint 'left_base_joint' not supported.
[move_group-20] [WARN] [1757343471.304214604] [moveit.pilz_industrial_motion_planner.joint_limits_aggregator]: Multi-DOF-Joint 'left_base_joint' not supported.
[INFO] [static_transform_publisher-22]: process started with pid [32195]
[move_group-20] [WARN] [1757343471.352111447] [moveit.pilz_industrial_motion_planner.joint_limits_aggregator]: Multi-DOF-Joint 'right_base_joint' not supported.
[move_group-20] [WARN] [1757343471.352167092] [moveit.pilz_industrial_motion_planner.joint_limits_aggregator]: Multi-DOF-Joint 'right_base_joint' not supported.
[static_transform_publisher-22] [WARN] [1757343471.364254674] []: Old-style arguments are deprecated; see --help for new-style arguments
[move_group-20] [INFO] [1757343471.416399786] [moveit.pilz_industrial_motion_planner]: Available plugins: pilz_industrial_motion_planner/PlanningContextLoaderCIRC pilz_industrial_motion_planner/PlanningContextLoaderLIN pilz_industrial_motion_planner/PlanningContextLoaderPTP 
[move_group-20] [INFO] [1757343471.416443822] [moveit.pilz_industrial_motion_planner]: About to load: pilz_industrial_motion_planner/PlanningContextLoaderCIRC
[move_group-20] [INFO] [1757343471.427558536] [moveit.pilz_industrial_motion_planner]: Registered Algorithm [CIRC]
[move_group-20] [INFO] [1757343471.427603480] [moveit.pilz_industrial_motion_planner]: About to load: pilz_industrial_motion_planner/PlanningContextLoaderLIN
[move_group-20] [INFO] [1757343471.430247782] [moveit.pilz_industrial_motion_planner]: Registered Algorithm [LIN]
[move_group-20] [INFO] [1757343471.430290693] [moveit.pilz_industrial_motion_planner]: About to load: pilz_industrial_motion_planner/PlanningContextLoaderPTP
[move_group-20] [INFO] [1757343471.436169207] [moveit.pilz_industrial_motion_planner]: Registered Algorithm [PTP]
[move_group-20] [INFO] [1757343471.436259897] [moveit.ros_planning.planning_pipeline]: Using planning interface 'Pilz Industrial Motion Planner'
[move_group-20] [WARN] [1757343471.471084400] [moveit_ros.trajectory_execution_manager]: moveit_ros_control_interface/MoveItControllerManager is deprecated. Replace with `moveit_ros_control_interface/MoveItControllerManager.`
[static_transform_publisher-22] [INFO] [1757343471.554614343] [static_transform_publisher_ZYySNAYOXOfi1ggI]: Spinning until stopped - publishing transform
[static_transform_publisher-22] translation: ('0.660000', '0.000000', '0.000000')
[static_transform_publisher-22] rotation: ('0.000000', '0.000000', '0.000000', '1.000000')
[static_transform_publisher-22] from 'world' to 'right_robot'
[INFO] [static_transform_publisher-23]: process started with pid [32215]
[static_transform_publisher-23] [WARN] [1757343471.699927306] []: Old-style arguments are deprecated; see --help for new-style arguments
[move_group-20] [INFO] [1757343471.739161336] [moveit.plugins.ros_control_interface]: Started moveit_ros_control_interface::Ros2ControlManager for namespace 
[INFO] [static_transform_publisher-24]: process started with pid [32228]
[static_transform_publisher-23] [INFO] [1757343471.848361083] [static_transform_publisher_qSGYLU4XRj7ngRTN]: Spinning until stopped - publishing transform
[static_transform_publisher-23] translation: ('0.000000', '0.000000', '0.000000')
[static_transform_publisher-23] rotation: ('0.000000', '0.000000', '0.000000', '1.000000')
[static_transform_publisher-23] from 'left_robot' to 'left_summit_base_footprint'
[static_transform_publisher-24] [WARN] [1757343471.872498076] []: Old-style arguments are deprecated; see --help for new-style arguments
[static_transform_publisher-24] [INFO] [1757343471.994846969] [static_transform_publisher_8zbq5VskJL0EfwGY]: Spinning until stopped - publishing transform
[static_transform_publisher-24] translation: ('0.000000', '0.000000', '0.000000')
[static_transform_publisher-24] rotation: ('0.000000', '0.000000', '0.000000', '1.000000')
[static_transform_publisher-24] from 'right_robot' to 'right_summit_base_footprint'
[rviz2-19] Error:   Group 'srm_r' has unsatisfied subgroups
[rviz2-19]          at line 304 in /ros2_ws/src/srdfdom/src/model.cpp
[rviz2-19] Error:   Group 'srm_l' has unsatisfied subgroups
[rviz2-19]          at line 304 in /ros2_ws/src/srdfdom/src/model.cpp
[rviz2-19] Error:   Group state 'home_r_base_ur_ee' specified for group 'srm_r', but that group is not known
[rviz2-19]          at line 340 in /ros2_ws/src/srdfdom/src/model.cpp
[rviz2-19] Error:   Group state 'home_l_base_ur_ee' specified for group 'srm_l', but that group is not known
[rviz2-19]          at line 340 in /ros2_ws/src/srdfdom/src/model.cpp
[rviz2-19] [INFO] [1757343472.061282493] [moveit_rdf_loader.rdf_loader]: Loaded robot model in 0 seconds
[rviz2-19] [INFO] [1757343472.061366673] [moveit_robot_model.robot_model]: Loading robot model 'srm'...
[rviz2-19] [INFO] [1757343472.061413841] [moveit_robot_model.robot_model]: No root/virtual joint specified in SRDF. Assuming fixed joint
[rviz2-19] [WARN] [1757343472.061639536] [moveit_robot_model.robot_model]: Link left_summit_base_footprint has visual geometry but no collision geometry. Collision geometry will be left empty. Fix your URDF file by explicitly specifying collision geometry.
[rviz2-19] [WARN] [1757343472.067386422] [moveit_robot_model.robot_model]: Link left_summit_base_logo_front has visual geometry but no collision geometry. Collision geometry will be left empty. Fix your URDF file by explicitly specifying collision geometry.
[rviz2-19] [WARN] [1757343472.067442892] [moveit_robot_model.robot_model]: Link left_summit_base_logo_left has visual geometry but no collision geometry. Collision geometry will be left empty. Fix your URDF file by explicitly specifying collision geometry.
[rviz2-19] [WARN] [1757343472.067467089] [moveit_robot_model.robot_model]: Link left_summit_base_logo_rear has visual geometry but no collision geometry. Collision geometry will be left empty. Fix your URDF file by explicitly specifying collision geometry.
[rviz2-19] [WARN] [1757343472.067486701] [moveit_robot_model.robot_model]: Link left_summit_base_logo_right has visual geometry but no collision geometry. Collision geometry will be left empty. Fix your URDF file by explicitly specifying collision geometry.
[rviz2-19] [WARN] [1757343472.067525167] [moveit_robot_model.robot_model]: Link left_summit_base_chapa has visual geometry but no collision geometry. Collision geometry will be left empty. Fix your URDF file by explicitly specifying collision geometry.
[rviz2-19] [WARN] [1757343472.073647656] [moveit_robot_model.robot_model]: Link left_summit_imu_link has visual geometry but no collision geometry. Collision geometry will be left empty. Fix your URDF file by explicitly specifying collision geometry.
[rviz2-19] [WARN] [1757343472.094709817] [moveit_robot_model.robot_model]: Link right_summit_base_footprint has visual geometry but no collision geometry. Collision geometry will be left empty. Fix your URDF file by explicitly specifying collision geometry.
[rviz2-19] [WARN] [1757343472.098724618] [moveit_robot_model.robot_model]: Link right_summit_base_logo_front has visual geometry but no collision geometry. Collision geometry will be left empty. Fix your URDF file by explicitly specifying collision geometry.
[rviz2-19] [WARN] [1757343472.098763147] [moveit_robot_model.robot_model]: Link right_summit_base_logo_left has visual geometry but no collision geometry. Collision geometry will be left empty. Fix your URDF file by explicitly specifying collision geometry.
[rviz2-19] [WARN] [1757343472.098781657] [moveit_robot_model.robot_model]: Link right_summit_base_logo_rear has visual geometry but no collision geometry. Collision geometry will be left empty. Fix your URDF file by explicitly specifying collision geometry.
[rviz2-19] [WARN] [1757343472.098798996] [moveit_robot_model.robot_model]: Link right_summit_base_logo_right has visual geometry but no collision geometry. Collision geometry will be left empty. Fix your URDF file by explicitly specifying collision geometry.
[rviz2-19] [WARN] [1757343472.098816081] [moveit_robot_model.robot_model]: Link right_summit_base_chapa has visual geometry but no collision geometry. Collision geometry will be left empty. Fix your URDF file by explicitly specifying collision geometry.
[rviz2-19] [WARN] [1757343472.104126689] [moveit_robot_model.robot_model]: Link right_summit_imu_link has visual geometry but no collision geometry. Collision geometry will be left empty. Fix your URDF file by explicitly specifying collision geometry.
[rviz2-19] [WARN] [1757343472.219021892] [kdl_parser]: Converting unknown joint type of joint 'left_base_joint' into a fixed joint
[rviz2-19] [WARN] [1757343472.219162745] [kdl_parser]: Converting unknown joint type of joint 'right_base_joint' into a fixed joint
[rviz2-19] [WARN] [1757343472.219460058] [kdl_parser]: Converting unknown joint type of joint 'left_base_joint' into a fixed joint
[rviz2-19] [WARN] [1757343472.219525631] [kdl_parser]: Converting unknown joint type of joint 'right_base_joint' into a fixed joint
[rviz2-19] [INFO] [1757343472.399358495] [moveit_ros.planning_scene_monitor.planning_scene_monitor]: Starting planning scene monitor
[rviz2-19] [INFO] [1757343472.411831261] [moveit_ros.planning_scene_monitor.planning_scene_monitor]: Listening to '/monitored_planning_scene'
[move_group-20] [WARN] [1757343472.752108900] [moveit.plugins.ros_control_interface]: Failed to read controllers from /controller_manager/list_controllers within 1 seconds
[move_group-20] [WARN] [1757343472.831783488] [moveit_ros.planning_scene_monitor.planning_scene_monitor]: The complete state of the robot is not yet known.  Missing left_summit_back_left_wheel_joint, left_summit_back_right_wheel_joint, left_summit_front_left_wheel_joint, left_summit_front_right_wheel_joint, ur_left_shoulder_pan_joint, ur_left_shoulder_lift_joint, ur_left_elbow_joint, ur_left_wrist_1_joint, ur_left_wrist_2_joint, ur_left_wrist_3_joint, right_summit_back_left_wheel_joint, right_summit_back_right_wheel_joint, right_summit_front_left_wheel_joint, right_summit_front_right_wheel_joint, ur_right_shoulder_pan_joint, ur_right_shoulder_lift_joint, ur_right_elbow_joint, ur_right_wrist_1_joint, ur_right_wrist_2_joint, ur_right_wrist_3_joint
[spawn_entity.py-11] [INFO] [1757343473.234398882] [right]: Calling service /spawn_entity
[gzserver-1] [WARN] [1757343473.238841031] [rcl]: Found remap rule 'model_states:=model_states'. This syntax is deprecated. Use '--ros-args --remap model_states:=model_states' instead.
[gzserver-1] [WARN] [1757343473.239162585] [rcl]: Found remap rule 'link_states:=link_states'. This syntax is deprecated. Use '--ros-args --remap link_states:=link_states' instead.
[gzserver-1] [INFO] [1757343473.278026942] [state.gazebo_ros_state]: Publishing states of gazebo models at [/state/model_states]
[spawn_entity.py-3] [INFO] [1757343473.279359968] [left]: Calling service /spawn_entity
[gzserver-1] [INFO] [1757343473.280424284] [state.gazebo_ros_state]: Publishing states of gazebo links at [/state/link_states]
[move_group-20] [WARN] [1757343473.752595707] [moveit.plugins.ros_control_interface]: Failed to read controllers from /controller_manager/list_controllers within 1 seconds
[gzserver-1] [INFO] [1757343474.114466978] [right_summit_imu_imu_plugin]: <initial_orientation_as_reference> is unset, using default value of false to comply with REP 145 (world as orientation reference)
[INFO] [gazebo_moveit_bridge.py-25]: process started with pid [32311]
[spawn_entity.py-11] [INFO] [1757343474.555779443] [right]: Spawn status: SpawnEntity: Successfully spawned entity [right_robot]
[spawn_entity.py-11] [INFO] [1757343474.583455959] [right]: Calling service /unpause_physics
[gzserver-1] [INFO] [1757343474.722492416] [right_summit.omni_steering]: Subscribed to [/right_summit/cmd_vel]
[gzserver-1] [INFO] [1757343474.732270761] [right_summit.omni_steering]: Advertise odometry on [/right_summit/odom]
[move_group-20] [WARN] [1757343474.752787712] [moveit.plugins.ros_control_interface]: Failed to read controllers from /controller_manager/list_controllers within 1 seconds
[move_group-20] [INFO] [1757343474.755492569] [moveit_ros.trajectory_execution_manager]: Trajectory execution is managing controllers
[move_group-20] [INFO] [1757343474.755541811] [move_group.move_group]: MoveGroup debug mode is ON
[INFO] [spawn_entity.py-11]: process has finished cleanly [pid 32002]
[gzserver-1] [INFO] [1757343474.963353897] [gazebo_ros2_control]: Loading gazebo_ros2_control plugin
[move_group-20] [INFO] [1757343475.030443867] [move_group.move_group]: 
[move_group-20] 
[move_group-20] ********************************************************
[move_group-20] * MoveGroup using: 
[move_group-20] *     - ApplyPlanningSceneService
[move_group-20] *     - ClearOctomapService
[move_group-20] *     - ExecuteTaskSolution
[move_group-20] *     - CartesianPathService
[move_group-20] *     - ExecuteTrajectoryAction
[move_group-20] *     - GetPlanningSceneService
[move_group-20] *     - KinematicsService
[move_group-20] *     - MoveAction
[move_group-20] *     - MotionPlanService
[move_group-20] *     - QueryPlannersService
[move_group-20] *     - StateValidationService
[move_group-20] ********************************************************
[move_group-20] 
[move_group-20] [INFO] [1757343475.030571207] [moveit_move_group_capabilities_base.move_group_context]: MoveGroup context using planning plugin ompl_interface/OMPLPlanner
[move_group-20] [INFO] [1757343475.030602922] [moveit_move_group_capabilities_base.move_group_context]: MoveGroup context initialization complete
[move_group-20] [96mLoading 'move_group/ApplyPlanningSceneService'...
[move_group-20] [0m[96mLoading 'move_group/ClearOctomapService'...
[move_group-20] [0m[96mLoading 'move_group/ExecuteTaskSolutionCapability'...
[move_group-20] [0m[96mLoading 'move_group/MoveGroupCartesianPathService'...
[move_group-20] [0m[96mLoading 'move_group/MoveGroupExecuteTrajectoryAction'...
[move_group-20] [0m[96mLoading 'move_group/MoveGroupGetPlanningSceneService'...
[move_group-20] [0m[96mLoading 'move_group/MoveGroupKinematicsService'...
[move_group-20] [0m[96mLoading 'move_group/MoveGroupMoveAction'...
[move_group-20] [0m[96mLoading 'move_group/MoveGroupPlanService'...
[move_group-20] [0m[96mLoading 'move_group/MoveGroupQueryPlannersService'...
[move_group-20] [0m[96mLoading 'move_group/MoveGroupStateValidationService'...
[move_group-20] [0m[92m
[move_group-20] You can start planning now!
[move_group-20] 
[gzserver-1] [INFO] [1757343475.156867593] [right.right_gazebo_ros2_control]: Starting gazebo_ros2_control plugin in namespace: /right
[gzserver-1] [INFO] [1757343475.156976351] [right.right_gazebo_ros2_control]: Starting gazebo_ros2_control plugin in ros 2 node: right_gazebo_ros2_control
[gzserver-1] [INFO] [1757343475.183619870] [right.right_gazebo_ros2_control]: connected to service!! robot_state_publisher
[gzserver-1] [INFO] [1757343475.190941771] [right.right_gazebo_ros2_control]: Received urdf from param server, parsing...
[gzserver-1] [INFO] [1757343475.192290168] [right.right_gazebo_ros2_control]: Loading parameter files /ros2_ws/install/ur/share/ur/config/right_controller.yaml
[gzserver-1] [INFO] [1757343475.252521401] [right.right_gazebo_ros2_control]: Loading joint: ur_right_shoulder_pan_joint
[gzserver-1] [INFO] [1757343475.252788086] [right.right_gazebo_ros2_control]: 	State:
[gzserver-1] [INFO] [1757343475.252886604] [right.right_gazebo_ros2_control]: 		 position
[gzserver-1] [INFO] [1757343475.254158847] [right.right_gazebo_ros2_control]: 			 found initial value: -1.300000
[gzserver-1] [INFO] [1757343475.254237948] [right.right_gazebo_ros2_control]: 		 velocity
[gzserver-1] [INFO] [1757343475.254636195] [right.right_gazebo_ros2_control]: 		 effort
[gzserver-1] [INFO] [1757343475.254808233] [right.right_gazebo_ros2_control]: 	Command:
[gzserver-1] [INFO] [1757343475.254841898] [right.right_gazebo_ros2_control]: 		 position
[gzserver-1] [INFO] [1757343475.255936830] [right.right_gazebo_ros2_control]: 		 velocity
[gzserver-1] [INFO] [1757343475.256692231] [right.right_gazebo_ros2_control]: Loading joint: ur_right_shoulder_lift_joint
[gzserver-1] [INFO] [1757343475.256805411] [right.right_gazebo_ros2_control]: 	State:
[gzserver-1] [INFO] [1757343475.256848023] [right.right_gazebo_ros2_control]: 		 position
[gzserver-1] [INFO] [1757343475.256880127] [right.right_gazebo_ros2_control]: 			 found initial value: -0.800000
[gzserver-1] [INFO] [1757343475.256913794] [right.right_gazebo_ros2_control]: 		 velocity
[gzserver-1] [INFO] [1757343475.256950890] [right.right_gazebo_ros2_control]: 		 effort
[gzserver-1] [INFO] [1757343475.256981075] [right.right_gazebo_ros2_control]: 	Command:
[gzserver-1] [INFO] [1757343475.257011121] [right.right_gazebo_ros2_control]: 		 position
[gzserver-1] [INFO] [1757343475.257101766] [right.right_gazebo_ros2_control]: 		 velocity
[gzserver-1] [INFO] [1757343475.257156273] [right.right_gazebo_ros2_control]: Loading joint: ur_right_elbow_joint
[gzserver-1] [INFO] [1757343475.257250265] [right.right_gazebo_ros2_control]: 	State:
[gzserver-1] [INFO] [1757343475.257279836] [right.right_gazebo_ros2_control]: 		 position
[gzserver-1] [INFO] [1757343475.257310762] [right.right_gazebo_ros2_control]: 			 found initial value: -1.800000
[gzserver-1] [INFO] [1757343475.257344279] [right.right_gazebo_ros2_control]: 		 velocity
[gzserver-1] [INFO] [1757343475.257377357] [right.right_gazebo_ros2_control]: 		 effort
[gzserver-1] [INFO] [1757343475.257519893] [right.right_gazebo_ros2_control]: 	Command:
[gzserver-1] [INFO] [1757343475.257554281] [right.right_gazebo_ros2_control]: 		 position
[gzserver-1] [INFO] [1757343475.258382997] [right.right_gazebo_ros2_control]: 		 velocity
[gzserver-1] [INFO] [1757343475.258423875] [right.right_gazebo_ros2_control]: Loading joint: ur_right_wrist_1_joint
[gzserver-1] [INFO] [1757343475.258456348] [right.right_gazebo_ros2_control]: 	State:
[gzserver-1] [INFO] [1757343475.258474134] [right.right_gazebo_ros2_control]: 		 position
[gzserver-1] [INFO] [1757343475.258590113] [right.right_gazebo_ros2_control]: 			 found initial value: -1.570000
[gzserver-1] [INFO] [1757343475.258631038] [right.right_gazebo_ros2_control]: 		 velocity
[gzserver-1] [INFO] [1757343475.258728956] [right.right_gazebo_ros2_control]: 		 effort
[gzserver-1] [INFO] [1757343475.258757923] [right.right_gazebo_ros2_control]: 	Command:
[gzserver-1] [INFO] [1757343475.258836199] [right.right_gazebo_ros2_control]: 		 position
[gzserver-1] [INFO] [1757343475.258966935] [right.right_gazebo_ros2_control]: 		 velocity
[gzserver-1] [INFO] [1757343475.259031560] [right.right_gazebo_ros2_control]: Loading joint: ur_right_wrist_2_joint
[gzserver-1] [INFO] [1757343475.259064227] [right.right_gazebo_ros2_control]: 	State:
[gzserver-1] [INFO] [1757343475.259087729] [right.right_gazebo_ros2_control]: 		 position
[gzserver-1] [INFO] [1757343475.259117640] [right.right_gazebo_ros2_control]: 			 found initial value: 1.638000
[gzserver-1] [INFO] [1757343475.259153905] [right.right_gazebo_ros2_control]: 		 velocity
[gzserver-1] [INFO] [1757343475.259182937] [right.right_gazebo_ros2_control]: 		 effort
[gzserver-1] [INFO] [1757343475.259207898] [right.right_gazebo_ros2_control]: 	Command:
[gzserver-1] [INFO] [1757343475.259231388] [right.right_gazebo_ros2_control]: 		 position
[gzserver-1] [INFO] [1757343475.259298853] [right.right_gazebo_ros2_control]: 		 velocity
[gzserver-1] [INFO] [1757343475.259341701] [right.right_gazebo_ros2_control]: Loading joint: ur_right_wrist_3_joint
[gzserver-1] [INFO] [1757343475.259372751] [right.right_gazebo_ros2_control]: 	State:
[gzserver-1] [INFO] [1757343475.259403701] [right.right_gazebo_ros2_control]: 		 position
[gzserver-1] [INFO] [1757343475.259435038] [right.right_gazebo_ros2_control]: 			 found initial value: 0.000000
[gzserver-1] [INFO] [1757343475.259468402] [right.right_gazebo_ros2_control]: 		 velocity
[gzserver-1] [INFO] [1757343475.259508339] [right.right_gazebo_ros2_control]: 		 effort
[gzserver-1] [INFO] [1757343475.259541380] [right.right_gazebo_ros2_control]: 	Command:
[gzserver-1] [INFO] [1757343475.259571136] [right.right_gazebo_ros2_control]: 		 position
[gzserver-1] [INFO] [1757343475.259620463] [right.right_gazebo_ros2_control]: 		 velocity
[gzserver-1] [INFO] [1757343475.261791395] [resource_manager]: Initialize hardware 'right_ur' 
[gzserver-1] [INFO] [1757343475.266066618] [resource_manager]: Successful initialization of hardware 'right_ur'
[gzserver-1] [INFO] [1757343475.275897127] [resource_manager]: 'configure' hardware 'right_ur' 
[gzserver-1] [INFO] [1757343475.276153480] [resource_manager]: Successful 'configure' of hardware 'right_ur'
[gzserver-1] [INFO] [1757343475.276399361] [resource_manager]: 'activate' hardware 'right_ur' 
[gzserver-1] [INFO] [1757343475.276414655] [resource_manager]: Successful 'activate' of hardware 'right_ur'
[gzserver-1] [INFO] [1757343475.277425741] [right.right_gazebo_ros2_control]: Loading controller_manager
[gzserver-1] [WARN] [1757343475.427324639] [right.right_gazebo_ros2_control]:  Desired controller update period (0.002 s) is slower than the gazebo simulation period (0.001 s).
[gzserver-1] [INFO] [1757343475.432226741] [right.right_gazebo_ros2_control]: Loaded gazebo_ros2_control.
[gzserver-1] [INFO] [1757343475.509828435] [right.controller_manager]: Loading controller 'ur_right_joint_group_vel_controller'
[spawner-18] [INFO] [1757343475.600326151] [right.spawner_ur_right_joint_group_vel_controller]: [94mLoaded [1mur_right_joint_group_vel_controller[0m
[gzserver-1] [INFO] [1757343475.611135666] [right.controller_manager]: Configuring controller 'ur_right_joint_group_vel_controller'
[gzserver-1] [INFO] [1757343475.632365765] [right.ur_right_joint_group_vel_controller]: configure successful
[gzserver-1] [INFO] [1757343476.227595820] [left_summit_imu_imu_plugin]: <initial_orientation_as_reference> is unset, using default value of false to comply with REP 145 (world as orientation reference)
[INFO] [joint_state_merger.py-26]: process started with pid [32348]
[spawn_entity.py-3] [INFO] [1757343476.546617424] [left]: Spawn status: SpawnEntity: Successfully spawned entity [left_robot]
[spawn_entity.py-3] [INFO] [1757343476.578637084] [left]: Calling service /unpause_physics
[gzserver-1] [INFO] [1757343476.627515311] [left_summit.omni_steering]: Subscribed to [/left_summit/cmd_vel]
[gzserver-1] [INFO] [1757343476.632322344] [left_summit.omni_steering]: Advertise odometry on [/left_summit/odom]
[gzserver-1] [INFO] [1757343476.632843885] [gazebo_ros2_control]: Loading gazebo_ros2_control plugin
[gzserver-1] [WARN] [1757343476.645749936] [gazebo.rclcpp]: failed to send response to /unpause_physics (timeout): client will not receive response, at ./src/rmw_response.cpp:154, at ./src/rcl/service.c:314
[gzserver-1] [INFO] [1757343476.679034320] [left.left_gazebo_ros2_control]: Starting gazebo_ros2_control plugin in namespace: /left
[gzserver-1] [INFO] [1757343476.679122568] [left.left_gazebo_ros2_control]: Starting gazebo_ros2_control plugin in ros 2 node: left_gazebo_ros2_control
[gzserver-1] [INFO] [1757343476.719947694] [left.left_gazebo_ros2_control]: connected to service!! robot_state_publisher
[gzserver-1] [INFO] [1757343476.721349720] [left.left_gazebo_ros2_control]: Received urdf from param server, parsing...
[gzserver-1] [INFO] [1757343476.721454089] [left.left_gazebo_ros2_control]: Loading parameter files /ros2_ws/install/ur/share/ur/config/left_controller.yaml
[gzserver-1] [INFO] [1757343476.761052056] [left.left_gazebo_ros2_control]: Loading joint: ur_left_shoulder_pan_joint
[gzserver-1] [INFO] [1757343476.761191286] [left.left_gazebo_ros2_control]: 	State:
[gzserver-1] [INFO] [1757343476.761253672] [left.left_gazebo_ros2_control]: 		 position
[gzserver-1] [INFO] [1757343476.761326453] [left.left_gazebo_ros2_control]: 			 found initial value: -1.400000
[gzserver-1] [INFO] [1757343476.761600732] [left.left_gazebo_ros2_control]: 		 velocity
[gzserver-1] [INFO] [1757343476.761671440] [left.left_gazebo_ros2_control]: 		 effort
[gzserver-1] [INFO] [1757343476.761716333] [left.left_gazebo_ros2_control]: 	Command:
[gzserver-1] [INFO] [1757343476.761749173] [left.left_gazebo_ros2_control]: 		 position
[gzserver-1] [INFO] [1757343476.761916747] [left.left_gazebo_ros2_control]: 		 velocity
[gzserver-1] [INFO] [1757343476.762012060] [left.left_gazebo_ros2_control]: Loading joint: ur_left_shoulder_lift_joint
[gzserver-1] [INFO] [1757343476.762054412] [left.left_gazebo_ros2_control]: 	State:
[gzserver-1] [INFO] [1757343476.762083803] [left.left_gazebo_ros2_control]: 		 position
[gzserver-1] [INFO] [1757343476.762116901] [left.left_gazebo_ros2_control]: 			 found initial value: -1.227838
[gzserver-1] [INFO] [1757343476.762152366] [left.left_gazebo_ros2_control]: 		 velocity
[gzserver-1] [INFO] [1757343476.762193500] [left.left_gazebo_ros2_control]: 		 effort
[gzserver-1] [INFO] [1757343476.762225796] [left.left_gazebo_ros2_control]: 	Command:
[gzserver-1] [INFO] [1757343476.762253593] [left.left_gazebo_ros2_control]: 		 position
[gzserver-1] [INFO] [1757343476.762338108] [left.left_gazebo_ros2_control]: 		 velocity
[gzserver-1] [INFO] [1757343476.762395484] [left.left_gazebo_ros2_control]: Loading joint: ur_left_elbow_joint
[gzserver-1] [INFO] [1757343476.762431224] [left.left_gazebo_ros2_control]: 	State:
[gzserver-1] [INFO] [1757343476.762459813] [left.left_gazebo_ros2_control]: 		 position
[gzserver-1] [INFO] [1757343476.762490608] [left.left_gazebo_ros2_control]: 			 found initial value: -1.791046
[gzserver-1] [INFO] [1757343476.762525394] [left.left_gazebo_ros2_control]: 		 velocity
[gzserver-1] [INFO] [1757343476.762556155] [left.left_gazebo_ros2_control]: 		 effort
[gzserver-1] [INFO] [1757343476.762608782] [left.left_gazebo_ros2_control]: 	Command:
[gzserver-1] [INFO] [1757343476.762642608] [left.left_gazebo_ros2_control]: 		 position
[gzserver-1] [INFO] [1757343476.762725866] [left.left_gazebo_ros2_control]: 		 velocity
[gzserver-1] [INFO] [1757343476.762781631] [left.left_gazebo_ros2_control]: Loading joint: ur_left_wrist_1_joint
[gzserver-1] [INFO] [1757343476.762817410] [left.left_gazebo_ros2_control]: 	State:
[gzserver-1] [INFO] [1757343476.762847484] [left.left_gazebo_ros2_control]: 		 position
[gzserver-1] [INFO] [1757343476.762880124] [left.left_gazebo_ros2_control]: 			 found initial value: -1.447073
[gzserver-1] [INFO] [1757343476.762915381] [left.left_gazebo_ros2_control]: 		 velocity
[gzserver-1] [INFO] [1757343476.762947147] [left.left_gazebo_ros2_control]: 		 effort
[gzserver-1] [INFO] [1757343476.762978114] [left.left_gazebo_ros2_control]: 	Command:
[gzserver-1] [INFO] [1757343476.763005544] [left.left_gazebo_ros2_control]: 		 position
[gzserver-1] [INFO] [1757343476.763172974] [left.left_gazebo_ros2_control]: 		 velocity
[gzserver-1] [INFO] [1757343476.763239014] [left.left_gazebo_ros2_control]: Loading joint: ur_left_wrist_2_joint
[gzserver-1] [INFO] [1757343476.763275179] [left.left_gazebo_ros2_control]: 	State:
[gzserver-1] [INFO] [1757343476.763303554] [left.left_gazebo_ros2_control]: 		 position
[gzserver-1] [INFO] [1757343476.763333672] [left.left_gazebo_ros2_control]: 			 found initial value: 1.900333
[gzserver-1] [INFO] [1757343476.763367289] [left.left_gazebo_ros2_control]: 		 velocity
[gzserver-1] [INFO] [1757343476.763397029] [left.left_gazebo_ros2_control]: 		 effort
[gzserver-1] [INFO] [1757343476.763426908] [left.left_gazebo_ros2_control]: 	Command:
[gzserver-1] [INFO] [1757343476.763454198] [left.left_gazebo_ros2_control]: 		 position
[gzserver-1] [INFO] [1757343476.763530299] [left.left_gazebo_ros2_control]: 		 velocity
[gzserver-1] [INFO] [1757343476.763581982] [left.left_gazebo_ros2_control]: Loading joint: ur_left_wrist_3_joint
[gzserver-1] [INFO] [1757343476.763615944] [left.left_gazebo_ros2_control]: 	State:
[gzserver-1] [INFO] [1757343476.763686831] [left.left_gazebo_ros2_control]: 		 position
[gzserver-1] [INFO] [1757343476.763722241] [left.left_gazebo_ros2_control]: 			 found initial value: -0.755379
[gzserver-1] [INFO] [1757343476.763759099] [left.left_gazebo_ros2_control]: 		 velocity
[gzserver-1] [INFO] [1757343476.763802015] [left.left_gazebo_ros2_control]: 		 effort
[gzserver-1] [INFO] [1757343476.763837400] [left.left_gazebo_ros2_control]: 	Command:
[gzserver-1] [INFO] [1757343476.763865906] [left.left_gazebo_ros2_control]: 		 position
[gzserver-1] [INFO] [1757343476.763922831] [left.left_gazebo_ros2_control]: 		 velocity
[gzserver-1] [INFO] [1757343476.764012421] [resource_manager]: Initialize hardware 'left_ur' 
[gzserver-1] [INFO] [1757343476.764126904] [resource_manager]: Successful initialization of hardware 'left_ur'
[gzserver-1] [INFO] [1757343476.764436327] [resource_manager]: 'configure' hardware 'left_ur' 
[gzserver-1] [INFO] [1757343476.764471602] [resource_manager]: Successful 'configure' of hardware 'left_ur'
[gzserver-1] [INFO] [1757343476.764557029] [resource_manager]: 'activate' hardware 'left_ur' 
[gzserver-1] [INFO] [1757343476.764582575] [resource_manager]: Successful 'activate' of hardware 'left_ur'
[gzserver-1] [INFO] [1757343476.764777712] [left.left_gazebo_ros2_control]: Loading controller_manager
[INFO] [spawn_entity.py-3]: process has finished cleanly [pid 31947]
[gzserver-1] [WARN] [1757343477.267702379] [left.left_gazebo_ros2_control]:  Desired controller update period (0.002 s) is slower than the gazebo simulation period (0.001 s).
[gzserver-1] [INFO] [1757343477.268596129] [left.left_gazebo_ros2_control]: Loaded gazebo_ros2_control.
[gzserver-1] [INFO] [1757343477.270657770] [right.controller_manager]: Loading controller 'joint_state_broadcaster'
[gzserver-1] [INFO] [1757343477.293535035] [left.controller_manager]: Loading controller 'ur_left_joint_group_vel_controller'
[INFO] [gazebo_scene_sync.py-27]: process started with pid [32368]
[spawner-17] [INFO] [1757343477.461451805] [right.spawner_joint_state_broadcaster]: [94mLoaded [1mjoint_state_broadcaster[0m
[gzserver-1] [INFO] [1757343477.473365082] [right.ur_right_joint_group_vel_controller]: activate successful
[gzserver-1] [INFO] [1757343477.474643247] [left.controller_manager]: Loading controller 'joint_state_broadcaster'
[spawner-10] [INFO] [1757343477.476461728] [left.spawner_ur_left_joint_group_vel_controller]: [94mLoaded [1mur_left_joint_group_vel_controller[0m
[spawner-18] [INFO] [1757343477.483461552] [right.spawner_ur_right_joint_group_vel_controller]: [92mConfigured and activated [1mur_right_joint_group_vel_controller[0m
[gzserver-1] [INFO] [1757343477.482620182] [right.controller_manager]: Configuring controller 'joint_state_broadcaster'
[gzserver-1] [INFO] [1757343477.484253644] [right.joint_state_broadcaster]: 'joints' or 'interfaces' parameter is empty. All available state interfaces will be published
[gzserver-1] [INFO] [1757343477.607117963] [left.controller_manager]: Configuring controller 'ur_left_joint_group_vel_controller'
[gzserver-1] [INFO] [1757343477.610681959] [left.ur_left_joint_group_vel_controller]: configure successful
[spawner-9] [INFO] [1757343477.611975762] [left.spawner_joint_state_broadcaster]: [94mLoaded [1mjoint_state_broadcaster[0m
[spawner-17] [INFO] [1757343477.615075514] [right.spawner_joint_state_broadcaster]: [92mConfigured and activated [1mjoint_state_broadcaster[0m
[gzserver-1] [INFO] [1757343477.627019864] [left.ur_left_joint_group_vel_controller]: activate successful
[gzserver-1] [INFO] [1757343477.634232989] [left.controller_manager]: Configuring controller 'joint_state_broadcaster'
[gzserver-1] [INFO] [1757343477.634468114] [left.joint_state_broadcaster]: 'joints' or 'interfaces' parameter is empty. All available state interfaces will be published
[spawner-10] [INFO] [1757343477.636370298] [left.spawner_ur_left_joint_group_vel_controller]: [92mConfigured and activated [1mur_left_joint_group_vel_controller[0m
[spawner-9] [INFO] [1757343477.679187962] [left.spawner_joint_state_broadcaster]: [92mConfigured and activated [1mjoint_state_broadcaster[0m
[INFO] [spawner-18]: process has finished cleanly [pid 32051]
[move_group-20] [WARN] [1757343477.870651221] [moveit_ros.planning_scene_monitor.planning_scene_monitor]: The complete state of the robot is not yet known.  Missing left_summit_back_left_wheel_joint, left_summit_back_right_wheel_joint, left_summit_front_left_wheel_joint, left_summit_front_right_wheel_joint, right_summit_back_left_wheel_joint, right_summit_back_right_wheel_joint, right_summit_front_left_wheel_joint, right_summit_front_right_wheel_joint, ur_right_shoulder_pan_joint, ur_right_shoulder_lift_joint, ur_right_elbow_joint, ur_right_wrist_1_joint, ur_right_wrist_2_joint, ur_right_wrist_3_joint
[INFO] [spawner-17]: process has finished cleanly [pid 32047]
[INFO] [spawner-10]: process has finished cleanly [pid 31962]
[INFO] [spawner-9]: process has finished cleanly [pid 31959]
[move_group-20] [WARN] [1757343478.870702201] [moveit_ros.planning_scene_monitor.planning_scene_monitor]: The complete state of the robot is not yet known.  Missing left_summit_back_left_wheel_joint, left_summit_back_right_wheel_joint, left_summit_front_left_wheel_joint, left_summit_front_right_wheel_joint, right_summit_back_left_wheel_joint, right_summit_back_right_wheel_joint, right_summit_front_left_wheel_joint, right_summit_front_right_wheel_joint
[move_group-20] [WARN] [1757343479.887881803] [moveit_ros.planning_scene_monitor.planning_scene_monitor]: The complete state of the robot is not yet known.  Missing left_summit_back_left_wheel_joint, left_summit_back_right_wheel_joint, left_summit_front_left_wheel_joint, left_summit_front_right_wheel_joint, right_summit_back_left_wheel_joint, right_summit_back_right_wheel_joint, right_summit_front_left_wheel_joint, right_summit_front_right_wheel_joint
[gazebo_scene_sync.py-27] [INFO] [1757343480.454620735] [gazebo_scene_sync]: Model ground_plane not handled in callback.
[gazebo_scene_sync.py-27] [INFO] [1757343480.745320404] [gazebo_scene_sync]: Published colored collision object: pallet2
[gazebo_scene_sync.py-27] [INFO] [1757343480.750192904] [gazebo_scene_sync]: Published colored collision object: warehouse_ground
[gazebo_scene_sync.py-27] [INFO] [1757343480.752433971] [gazebo_scene_sync]: Published collision object: target_plane
[gazebo_scene_sync.py-27] [INFO] [1757343480.755758865] [gazebo_scene_sync]: Published colored collision object: pacco
[gazebo_scene_sync.py-27] [INFO] [1757343480.764198385] [gazebo_scene_sync]: Published colored collision object: pacco_clone
[gazebo_scene_sync.py-27] [INFO] [1757343480.767377313] [gazebo_scene_sync]: Published colored collision object: pacco_clone_0
[gazebo_scene_sync.py-27] [INFO] [1757343480.770552236] [gazebo_scene_sync]: Published colored collision object: pacco_clone_1
[gazebo_scene_sync.py-27] [INFO] [1757343480.774659511] [gazebo_scene_sync]: Published colored collision object: pacco_clone_2
[gazebo_scene_sync.py-27] [INFO] [1757343480.782725000] [gazebo_scene_sync]: Published collision object: muraUse1
[gazebo_scene_sync.py-27] [INFO] [1757343480.785235682] [gazebo_scene_sync]: Model right_robot not handled in callback.
[gazebo_scene_sync.py-27] [INFO] [1757343480.786334066] [gazebo_scene_sync]: Model left_robot not handled in callback.
[gazebo_scene_sync.py-27] [INFO] [1757343480.791765091] [gazebo_scene_sync]: Model ground_plane::link not handled in callback.
[gazebo_scene_sync.py-27] [INFO] [1757343480.792855445] [gazebo_scene_sync]: Model pallet2::pallet_base not handled in callback.
[gazebo_scene_sync.py-27] [INFO] [1757343480.793939839] [gazebo_scene_sync]: Model aws_robomaker_warehouse_GroundB_01_0::link not handled in callback.
[gazebo_scene_sync.py-27] [INFO] [1757343480.794930725] [gazebo_scene_sync]: Model target_plane::link_0 not handled in callback.
[gazebo_scene_sync.py-27] [INFO] [1757343480.796508573] [gazebo_scene_sync]: Published collision object: pacco
[gazebo_scene_sync.py-27] [INFO] [1757343480.798011117] [gazebo_scene_sync]: Published collision object: pacco_clone
[gazebo_scene_sync.py-27] [INFO] [1757343480.799538457] [gazebo_scene_sync]: Published collision object: pacco_clone_0
[gazebo_scene_sync.py-27] [INFO] [1757343480.801048217] [gazebo_scene_sync]: Published collision object: pacco_clone_1
[gazebo_scene_sync.py-27] [INFO] [1757343480.802592747] [gazebo_scene_sync]: Published collision object: pacco_clone_2
[gazebo_scene_sync.py-27] [INFO] [1757343480.803565415] [gazebo_scene_sync]: Model muraUse1::link_0 not handled in callback.
[gazebo_scene_sync.py-27] [INFO] [1757343480.804609898] [gazebo_scene_sync]: Model right_robot::right_summit_base_footprint not handled in callback.
[gazebo_scene_sync.py-27] [INFO] [1757343480.805791531] [gazebo_scene_sync]: Model right_robot::right_summit_back_left_wheel_link not handled in callback.
[gazebo_scene_sync.py-27] [INFO] [1757343480.806790549] [gazebo_scene_sync]: Model right_robot::right_summit_back_right_wheel_link not handled in callback.
[gazebo_scene_sync.py-27] [INFO] [1757343480.807887983] [gazebo_scene_sync]: Model right_robot::right_summit_front_left_wheel_link not handled in callback.
[gazebo_scene_sync.py-27] [INFO] [1757343480.808939381] [gazebo_scene_sync]: Model right_robot::right_summit_front_right_wheel_link not handled in callback.
[gazebo_scene_sync.py-27] [INFO] [1757343480.809979472] [gazebo_scene_sync]: Model right_robot::ur_right_shoulder_link not handled in callback.
[gazebo_scene_sync.py-27] [INFO] [1757343480.810992416] [gazebo_scene_sync]: Model right_robot::ur_right_upper_arm_link not handled in callback.
[gazebo_scene_sync.py-27] [INFO] [1757343480.812001242] [gazebo_scene_sync]: Model right_robot::ur_right_forearm_link not handled in callback.
[gazebo_scene_sync.py-27] [INFO] [1757343480.812977658] [gazebo_scene_sync]: Model right_robot::ur_right_wrist_1_link not handled in callback.
[gazebo_scene_sync.py-27] [INFO] [1757343480.813979067] [gazebo_scene_sync]: Model right_robot::ur_right_wrist_2_link not handled in callback.
[gazebo_scene_sync.py-27] [INFO] [1757343480.814958223] [gazebo_scene_sync]: Model right_robot::ur_right_wrist_3_link not handled in callback.
[gazebo_scene_sync.py-27] [INFO] [1757343480.815919920] [gazebo_scene_sync]: Model left_robot::left_summit_base_footprint not handled in callback.
[gazebo_scene_sync.py-27] [INFO] [1757343480.816926107] [gazebo_scene_sync]: Model left_robot::left_summit_back_left_wheel_link not handled in callback.
[gazebo_scene_sync.py-27] [INFO] [1757343480.817897321] [gazebo_scene_sync]: Model left_robot::left_summit_back_right_wheel_link not handled in callback.
[gazebo_scene_sync.py-27] [INFO] [1757343480.818864705] [gazebo_scene_sync]: Model left_robot::left_summit_front_left_wheel_link not handled in callback.
[gazebo_scene_sync.py-27] [INFO] [1757343480.819888854] [gazebo_scene_sync]: Model left_robot::left_summit_front_right_wheel_link not handled in callback.
[gazebo_scene_sync.py-27] [INFO] [1757343480.820922215] [gazebo_scene_sync]: Model left_robot::ur_left_shoulder_link not handled in callback.
[gazebo_scene_sync.py-27] [INFO] [1757343480.821896337] [gazebo_scene_sync]: Model left_robot::ur_left_upper_arm_link not handled in callback.
[gazebo_scene_sync.py-27] [INFO] [1757343480.822903911] [gazebo_scene_sync]: Model left_robot::ur_left_forearm_link not handled in callback.
[gazebo_scene_sync.py-27] [INFO] [1757343480.823869382] [gazebo_scene_sync]: Model left_robot::ur_left_wrist_1_link not handled in callback.
[gazebo_scene_sync.py-27] [INFO] [1757343480.824815061] [gazebo_scene_sync]: Model left_robot::ur_left_wrist_2_link not handled in callback.
[gazebo_scene_sync.py-27] [INFO] [1757343480.825828621] [gazebo_scene_sync]: Model left_robot::ur_left_wrist_3_link not handled in callback.
[move_group-20] [WARN] [1757343480.928799724] [moveit_ros.planning_scene_monitor.planning_scene_monitor]: The complete state of the robot is not yet known.  Missing left_summit_back_left_wheel_joint, left_summit_back_right_wheel_joint, left_summit_front_left_wheel_joint, left_summit_front_right_wheel_joint, right_summit_back_left_wheel_joint, right_summit_back_right_wheel_joint, right_summit_front_left_wheel_joint, right_summit_front_right_wheel_joint
[WARNING] [launch]: user interrupted with ctrl-c (SIGINT)
[static_transform_publisher-15] [INFO] [1757343481.423365026] [rclcpp]: signal_handler(signum=2)
[static_transform_publisher-21] [INFO] [1757343481.423099531] [rclcpp]: signal_handler(signum=2)
[rviz2-19] [INFO] [1757343481.423099442] [rclcpp]: signal_handler(signum=2)
[static_transform_publisher-24] [INFO] [1757343481.423131165] [rclcpp]: signal_handler(signum=2)
[static_transform_publisher-23] [INFO] [1757343481.423163824] [rclcpp]: signal_handler(signum=2)
[static_transform_publisher-16] [INFO] [1757343481.423187334] [rclcpp]: signal_handler(signum=2)
[static_transform_publisher-22] [INFO] [1757343481.423230310] [rclcpp]: signal_handler(signum=2)
[move_group-20] [INFO] [1757343481.423298749] [rclcpp]: signal_handler(signum=2)
[robot_state_publisher-4] [INFO] [1757343481.423329003] [rclcpp]: signal_handler(signum=2)
[gazebo_scene_sync.py-27] Traceback (most recent call last):
[gazebo_scene_sync.py-27]   File "/ros2_ws/install/ur/lib/ur/gazebo_scene_sync.py", line 301, in <module>
[gazebo_scene_sync.py-27]     main()
[gazebo_scene_sync.py-27]   File "/ros2_ws/install/ur/lib/ur/gazebo_scene_sync.py", line 296, in main
[gazebo_scene_sync.py-27]     rclpy.spin(node)
[gazebo_scene_sync.py-27]   File "/opt/ros/humble/local/lib/python3.10/dist-packages/rclpy/__init__.py", line 226, in spin
[gazebo_scene_sync.py-27]     executor.spin_once()
[gazebo_scene_sync.py-27]   File "/opt/ros/humble/local/lib/python3.10/dist-packages/rclpy/executors.py", line 751, in spin_once
[gazebo_scene_sync.py-27]     self._spin_once_impl(timeout_sec)
[gazebo_scene_sync.py-27]   File "/opt/ros/humble/local/lib/python3.10/dist-packages/rclpy/executors.py", line 740, in _spin_once_impl
[gazebo_scene_sync.py-27]     handler, entity, node = self.wait_for_ready_callbacks(timeout_sec=timeout_sec)
[gazebo_scene_sync.py-27]   File "/opt/ros/humble/local/lib/python3.10/dist-packages/rclpy/executors.py", line 723, in wait_for_ready_callbacks
[gazebo_scene_sync.py-27]     return next(self._cb_iter)
[gazebo_scene_sync.py-27]   File "/opt/ros/humble/local/lib/python3.10/dist-packages/rclpy/executors.py", line 620, in _wait_for_ready_callbacks
[gazebo_scene_sync.py-27]     wait_set.wait(timeout_nsec)
[gazebo_scene_sync.py-27] KeyboardInterrupt
[static_transform_publisher-14] [INFO] [1757343481.423411030] [rclcpp]: signal_handler(signum=2)
[static_transform_publisher-13] [INFO] [1757343481.423428204] [rclcpp]: signal_handler(signum=2)
[static_transform_publisher-8] [INFO] [1757343481.423489329] [rclcpp]: signal_handler(signum=2)
[static_transform_publisher-7] [INFO] [1757343481.423548228] [rclcpp]: signal_handler(signum=2)
[static_transform_publisher-6] [INFO] [1757343481.423603488] [rclcpp]: signal_handler(signum=2)
[static_transform_publisher-5] [INFO] [1757343481.423658447] [rclcpp]: signal_handler(signum=2)
[robot_state_publisher-12] [INFO] [1757343481.431130697] [rclcpp]: signal_handler(signum=2)
[INFO] [static_transform_publisher-16]: process has finished cleanly [pid 32036]
[joint_state_merger.py-26] Traceback (most recent call last):
[joint_state_merger.py-26]   File "/ros2_ws/install/ur/lib/ur/joint_state_merger.py", line 46, in <module>
[joint_state_merger.py-26]     main()
[joint_state_merger.py-26]   File "/ros2_ws/install/ur/lib/ur/joint_state_merger.py", line 41, in main
[joint_state_merger.py-26]     rclpy.spin(node)
[joint_state_merger.py-26]   File "/opt/ros/humble/local/lib/python3.10/dist-packages/rclpy/__init__.py", line 226, in spin
[joint_state_merger.py-26]     executor.spin_once()
[joint_state_merger.py-26]   File "/opt/ros/humble/local/lib/python3.10/dist-packages/rclpy/executors.py", line 751, in spin_once
[joint_state_merger.py-26]     self._spin_once_impl(timeout_sec)
[joint_state_merger.py-26]   File "/opt/ros/humble/local/lib/python3.10/dist-packages/rclpy/executors.py", line 746, in _spin_once_impl
[joint_state_merger.py-26]     handler()
[joint_state_merger.py-26]   File "/opt/ros/humble/local/lib/python3.10/dist-packages/rclpy/task.py", line 254, in __call__
[joint_state_merger.py-26]     self._handler.send(None)
[joint_state_merger.py-26]   File "/opt/ros/humble/local/lib/python3.10/dist-packages/rclpy/executors.py", line 447, in handler
[joint_state_merger.py-26]     await call_coroutine(entity, arg)
[joint_state_merger.py-26]   File "/opt/ros/humble/local/lib/python3.10/dist-packages/rclpy/executors.py", line 361, in _execute_timer
[joint_state_merger.py-26]     await await_or_execute(tmr.callback)
[joint_state_merger.py-26]   File "/opt/ros/humble/local/lib/python3.10/dist-packages/rclpy/executors.py", line 107, in await_or_execute
[joint_state_merger.py-26]     return callback(*args)
[joint_state_merger.py-26]   File "/ros2_ws/install/ur/lib/ur/joint_state_merger.py", line 32, in publish_merged
[joint_state_merger.py-26]     merged.position = positions
[joint_state_merger.py-26]   File "/opt/ros/humble/local/lib/python3.10/dist-packages/sensor_msgs/msg/_joint_state.py", line 212, in position
[joint_state_merger.py-26]     self._position = array.array('d', value)
[joint_state_merger.py-26] KeyboardInterrupt
[INFO] [static_transform_publisher-7]: process has finished cleanly [pid 31955]
[rviz2-19] [INFO] [1757343481.481376190] [moveit_ros.planning_scene_monitor.planning_scene_monitor]: Stopping planning scene monitor
[gazebo_moveit_bridge.py-25] Traceback (most recent call last):
[gazebo_moveit_bridge.py-25]   File "/ros2_ws/install/ur/lib/ur/gazebo_moveit_bridge.py", line 90, in main
[gazebo_moveit_bridge.py-25]     rclpy.spin(node)
[gazebo_moveit_bridge.py-25]   File "/opt/ros/humble/local/lib/python3.10/dist-packages/rclpy/__init__.py", line 226, in spin
[gazebo_moveit_bridge.py-25]     executor.spin_once()
[gazebo_moveit_bridge.py-25]   File "/opt/ros/humble/local/lib/python3.10/dist-packages/rclpy/executors.py", line 751, in spin_once
[gazebo_moveit_bridge.py-25]     self._spin_once_impl(timeout_sec)
[gazebo_moveit_bridge.py-25]   File "/opt/ros/humble/local/lib/python3.10/dist-packages/rclpy/executors.py", line 740, in _spin_once_impl
[gazebo_moveit_bridge.py-25]     handler, entity, node = self.wait_for_ready_callbacks(timeout_sec=timeout_sec)
[gazebo_moveit_bridge.py-25]   File "/opt/ros/humble/local/lib/python3.10/dist-packages/rclpy/executors.py", line 723, in wait_for_ready_callbacks
[gazebo_moveit_bridge.py-25]     return next(self._cb_iter)
[gazebo_moveit_bridge.py-25]   File "/opt/ros/humble/local/lib/python3.10/dist-packages/rclpy/executors.py", line 620, in _wait_for_ready_callbacks
[gazebo_moveit_bridge.py-25]     wait_set.wait(timeout_nsec)
[gazebo_moveit_bridge.py-25] KeyboardInterrupt
[gazebo_moveit_bridge.py-25] 
[gazebo_moveit_bridge.py-25] During handling of the above exception, another exception occurred:
[gazebo_moveit_bridge.py-25] 
[gazebo_moveit_bridge.py-25] Traceback (most recent call last):
[gazebo_moveit_bridge.py-25]   File "/ros2_ws/install/ur/lib/ur/gazebo_moveit_bridge.py", line 96, in <module>
[gazebo_moveit_bridge.py-25]     main()
[gazebo_moveit_bridge.py-25]   File "/ros2_ws/install/ur/lib/ur/gazebo_moveit_bridge.py", line 93, in main
[gazebo_moveit_bridge.py-25]     rclpy.shutdown()
[gazebo_moveit_bridge.py-25]   File "/opt/ros/humble/local/lib/python3.10/dist-packages/rclpy/__init__.py", line 130, in shutdown
[gazebo_moveit_bridge.py-25]     _shutdown(context=context)
[gazebo_moveit_bridge.py-25]   File "/opt/ros/humble/local/lib/python3.10/dist-packages/rclpy/utilities.py", line 58, in shutdown
[gazebo_moveit_bridge.py-25]     return context.shutdown()
[gazebo_moveit_bridge.py-25]   File "/opt/ros/humble/local/lib/python3.10/dist-packages/rclpy/context.py", line 102, in shutdown
[gazebo_moveit_bridge.py-25]     self.__context.shutdown()
[gazebo_moveit_bridge.py-25] rclpy._rclpy_pybind11.RCLError: failed to shutdown: rcl_shutdown already called on the given context, at ./src/rcl/init.c:241
[move_group-20] [INFO] [1757343481.595890996] [moveit.ros_planning_interface.moveit_cpp]: Deleting MoveItCpp
[INFO] [static_transform_publisher-23]: process has finished cleanly [pid 32215]
[INFO] [static_transform_publisher-21]: process has finished cleanly [pid 32184]
[INFO] [static_transform_publisher-6]: process has finished cleanly [pid 31953]
[INFO] [static_transform_publisher-24]: process has finished cleanly [pid 32228]
[INFO] [static_transform_publisher-8]: process has finished cleanly [pid 31957]
[INFO] [static_transform_publisher-5]: process has finished cleanly [pid 31951]
[INFO] [static_transform_publisher-15]: process has finished cleanly [pid 32023]
[INFO] [robot_state_publisher-4]: process has finished cleanly [pid 31949]
[INFO] [static_transform_publisher-22]: process has finished cleanly [pid 32195]
[INFO] [static_transform_publisher-13]: process has finished cleanly [pid 32012]
[INFO] [static_transform_publisher-14]: process has finished cleanly [pid 32015]
[INFO] [robot_state_publisher-12]: process has finished cleanly [pid 32010]
[move_group-20] [INFO] [1757343481.676368451] [moveit_ros.planning_scene_monitor.planning_scene_monitor]: Stopped publishing maintained planning scene.
[ERROR] [joint_state_merger.py-26]: process has died [pid 32348, exit code -2, cmd '/ros2_ws/install/ur/lib/ur/joint_state_merger.py --ros-args -r __node:=joint_state_merger'].
[move_group-20] [INFO] [1757343481.678942476] [moveit_ros.planning_scene_monitor.planning_scene_monitor]: Stopping world geometry monitor
[move_group-20] [INFO] [1757343481.680864172] [moveit_ros.planning_scene_monitor.planning_scene_monitor]: Stopping planning scene monitor
[move_group-20] Warning: class_loader.ClassLoader: SEVERE WARNING!!! Attempting to unload library while objects created by this loader exist in the heap! You should delete your objects before attempting to unload the library or destroying the ClassLoader. The library will NOT be unloaded.
[move_group-20]          at line 127 in ./src/class_loader.cpp
[ERROR] [gazebo_scene_sync.py-27]: process has died [pid 32368, exit code -2, cmd '/ros2_ws/install/ur/lib/ur/gazebo_scene_sync.py --ros-args -r __node:=gazebo_scene_sync'].
[move_group-20] Stack trace (most recent call last):
[move_group-20] #11   Object "", at 0xffffffffffffffff, in 
[move_group-20] #10   Object "/ros2_ws/build/moveit_ros_move_group/move_group", at 0x55c4c1da9eb4, in _start
[move_group-20] #9    Object "/usr/lib/x86_64-linux-gnu/libc.so.6", at 0x7f99565dde3f, in __libc_start_main
[move_group-20] #8    Object "/usr/lib/x86_64-linux-gnu/libc.so.6", at 0x7f99565ddd8f, in 
[move_group-20] #7    Object "/ros2_ws/build/moveit_ros_move_group/move_group", at 0x55c4c1da9483, in main
[move_group-20] #6    Object "/ros2_ws/build/moveit_ros_move_group/move_group", at 0x55c4c1db09c1, in std::_Sp_counted_base<(__gnu_cxx::_Lock_policy)2>::_M_release()
[move_group-20] #5    Object "/opt/ros/humble/lib/librclcpp.so", at 0x7f9956b02ade, in rclcpp::Node::~Node()
[move_group-20] #4    Object "/opt/ros/humble/lib/librclcpp.so", at 0x7f9956addd49, in 
[move_group-20] #3    Object "/opt/ros/humble/lib/librclcpp.so", at 0x7f9956b0c189, in 
[move_group-20] #2    Object "/opt/ros/humble/lib/librclcpp.so", at 0x7f9956b0c0d0, in rclcpp::node_interfaces::NodeBase::~NodeBase()
[move_group-20] #1    Object "/opt/ros/humble/lib/librclcpp.so", at 0x7f9956addd49, in 
[move_group-20] #0    Object "/opt/ros/humble/lib/librclcpp.so", at 0x7f9956ae2ac1, in rclcpp::CallbackGroup::~CallbackGroup()
[move_group-20] Segmentation fault (Address not mapped to object [0x7f992f63ac70])
[INFO] [rviz2-19]: process has finished cleanly [pid 32061]
[ERROR] [gazebo_moveit_bridge.py-25]: process has died [pid 32311, exit code 1, cmd '/ros2_ws/install/ur/lib/ur/gazebo_moveit_bridge.py --ros-args -r __node:=gazebo_moveit_bridge'].
[ERROR] [move_group-20]: process has died [pid 32064, exit code -11, cmd '/ros2_ws/install/moveit_ros_move_group/lib/moveit_ros_move_group/move_group --ros-args --params-file /tmp/launch_params_ss6cs150 --params-file /tmp/launch_params_a6jk3ms1 --params-file /tmp/launch_params_9rs82xjp --params-file /tmp/launch_params_rwn40yar --params-file /tmp/launch_params__6kk3di5'].
[move_group-20] [0m
[INFO] [gzclient-2]: process has finished cleanly [pid 31945]
[INFO] [gzserver-1]: process has finished cleanly [pid 31943]
