[INFO] [launch]: All log files can be found below /root/.ros/log/2025-05-28-12-13-51-898911-outlander-Aspire-V3-571G-544
[INFO] [launch]: Default logging verbosity is set to INFO
[INFO] [gzserver-1]: process started with pid [548]
[INFO] [gzclient-2]: process started with pid [550]
[INFO] [spawn_entity.py-3]: process started with pid [552]
[INFO] [robot_state_publisher-4]: process started with pid [554]
[INFO] [static_transform_publisher-5]: process started with pid [556]
[INFO] [static_transform_publisher-6]: process started with pid [558]
[INFO] [static_transform_publisher-7]: process started with pid [560]
[INFO] [static_transform_publisher-8]: process started with pid [562]
[INFO] [static_transform_publisher-9]: process started with pid [564]
[INFO] [spawner-10]: process started with pid [566]
[INFO] [spawner-11]: process started with pid [568]
[INFO] [spawn_entity.py-12]: process started with pid [570]
[INFO] [robot_state_publisher-13]: process started with pid [572]
[INFO] [static_transform_publisher-14]: process started with pid [574]
[INFO] [static_transform_publisher-15]: process started with pid [578]
[INFO] [static_transform_publisher-16]: process started with pid [585]
[INFO] [static_transform_publisher-17]: process started with pid [602]
[INFO] [static_transform_publisher-18]: process started with pid [623]
[INFO] [spawner-19]: process started with pid [642]
[INFO] [spawner-20]: process started with pid [650]
[INFO] [rviz2-21]: process started with pid [667]
[INFO] [move_group-22]: process started with pid [669]
[static_transform_publisher-5] [WARN] [1748434437.700797809] []: Old-style arguments are deprecated; see --help for new-style arguments
[static_transform_publisher-5] [INFO] [1748434437.840824284] [left.static_transform_publisher]: Spinning until stopped - publishing transform
[static_transform_publisher-5] translation: ('-0.660000', '0.000000', '0.000000')
[static_transform_publisher-5] rotation: ('0.000000', '0.000000', '0.000000', '1.000000')
[static_transform_publisher-5] from 'world' to 'left_summit_odom'
[static_transform_publisher-6] [WARN] [1748434437.702295643] []: Old-style arguments are deprecated; see --help for new-style arguments
[static_transform_publisher-7] [WARN] [1748434437.691078006] []: Old-style arguments are deprecated; see --help for new-style arguments
[static_transform_publisher-7] [INFO] [1748434437.776991674] [left_static_transform_publisher_back_right]: Spinning until stopped - publishing transform
[static_transform_publisher-7] translation: ('0.250000', '-0.150000', '0.000000')
[static_transform_publisher-7] rotation: ('0.000000', '0.000000', '0.000000', '1.000000')
[static_transform_publisher-7] from 'left_summit_base_link' to 'left_summit_back_right_wheel_link'
[static_transform_publisher-8] [WARN] [1748434437.700718363] []: Old-style arguments are deprecated; see --help for new-style arguments
[static_transform_publisher-8] [INFO] [1748434437.845177699] [left_static_transform_publisher_front_left]: Spinning until stopped - publishing transform
[static_transform_publisher-8] translation: ('-0.250000', '0.150000', '0.000000')
[static_transform_publisher-8] rotation: ('0.000000', '0.000000', '0.000000', '1.000000')
[static_transform_publisher-8] from 'left_summit_base_link' to 'left_summit_front_left_wheel_link'
[static_transform_publisher-9] [WARN] [1748434437.694271304] []: Old-style arguments are deprecated; see --help for new-style arguments
[static_transform_publisher-9] [INFO] [1748434437.790622018] [static_transform_publisher_front_right]: Spinning until stopped - publishing transform
[static_transform_publisher-9] translation: ('-0.250000', '-0.150000', '0.000000')
[static_transform_publisher-9] rotation: ('0.000000', '0.000000', '0.000000', '1.000000')
[static_transform_publisher-9] from 'left_summit_base_link' to 'left_summit_front_right_wheel_link'
[static_transform_publisher-14] [WARN] [1748434437.805144913] []: Old-style arguments are deprecated; see --help for new-style arguments
[static_transform_publisher-15] [WARN] [1748434437.791599814] []: Old-style arguments are deprecated; see --help for new-style arguments
[static_transform_publisher-16] [WARN] [1748434437.859278135] []: Old-style arguments are deprecated; see --help for new-style arguments
[static_transform_publisher-17] [WARN] [1748434437.861376043] []: Old-style arguments are deprecated; see --help for new-style arguments
[static_transform_publisher-6] [INFO] [1748434437.908869526] [left_static_transform_publisher_back_left]: Spinning until stopped - publishing transform
[static_transform_publisher-6] translation: ('0.250000', '0.150000', '0.000000')
[static_transform_publisher-6] rotation: ('0.000000', '0.000000', '0.000000', '1.000000')
[static_transform_publisher-6] from 'left_summit_base_link' to 'left_summit_back_left_wheel_link'
[static_transform_publisher-18] [WARN] [1748434437.984366163] []: Old-style arguments are deprecated; see --help for new-style arguments
[static_transform_publisher-15] [INFO] [1748434438.020728299] [right_static_transform_publisher_back_left]: Spinning until stopped - publishing transform
[static_transform_publisher-15] translation: ('0.250000', '0.150000', '0.000000')
[static_transform_publisher-15] rotation: ('0.000000', '0.000000', '0.000000', '1.000000')
[static_transform_publisher-15] from 'right_summit_base_link' to 'right_summit_back_left_wheel_link'
[static_transform_publisher-14] [INFO] [1748434438.063981534] [right.static_transform_publisher]: Spinning until stopped - publishing transform
[static_transform_publisher-14] translation: ('0.660000', '0.000000', '0.000000')
[static_transform_publisher-14] rotation: ('0.000000', '0.000000', '0.000000', '1.000000')
[static_transform_publisher-14] from 'world' to 'right_summit_odom'
[static_transform_publisher-16] [INFO] [1748434438.081534877] [right_static_transform_publisher_back_right]: Spinning until stopped - publishing transform
[static_transform_publisher-16] translation: ('0.250000', '-0.150000', '0.000000')
[static_transform_publisher-16] rotation: ('0.000000', '0.000000', '0.000000', '1.000000')
[static_transform_publisher-16] from 'right_summit_base_link' to 'right_summit_back_right_wheel_link'
[static_transform_publisher-17] [INFO] [1748434438.087156251] [right_static_transform_publisher_front_left]: Spinning until stopped - publishing transform
[static_transform_publisher-17] translation: ('-0.250000', '0.150000', '0.000000')
[static_transform_publisher-17] rotation: ('0.000000', '0.000000', '0.000000', '1.000000')
[static_transform_publisher-17] from 'right_summit_base_link' to 'right_summit_front_left_wheel_link'
[static_transform_publisher-18] [INFO] [1748434438.128475469] [static_transform_publisher_front_right]: Spinning until stopped - publishing transform
[static_transform_publisher-18] translation: ('-0.250000', '-0.150000', '0.000000')
[static_transform_publisher-18] rotation: ('0.000000', '0.000000', '0.000000', '1.000000')
[static_transform_publisher-18] from 'right_summit_base_link' to 'right_summit_front_right_wheel_link'
[robot_state_publisher-4] [INFO] [1748434438.141036318] [left.robot_state_publisher]: got segment left_summit_back_left_wheel_link
[robot_state_publisher-4] [INFO] [1748434438.141209162] [left.robot_state_publisher]: got segment left_summit_back_right_wheel_link
[robot_state_publisher-4] [INFO] [1748434438.141237455] [left.robot_state_publisher]: got segment left_summit_base_chapa
[robot_state_publisher-4] [INFO] [1748434438.141258717] [left.robot_state_publisher]: got segment left_summit_base_docking_contact
[robot_state_publisher-4] [INFO] [1748434438.141278188] [left.robot_state_publisher]: got segment left_summit_base_footprint
[robot_state_publisher-4] [INFO] [1748434438.141297602] [left.robot_state_publisher]: got segment left_summit_base_link
[robot_state_publisher-4] [INFO] [1748434438.141316622] [left.robot_state_publisher]: got segment left_summit_base_logo_front
[robot_state_publisher-4] [INFO] [1748434438.141337168] [left.robot_state_publisher]: got segment left_summit_base_logo_left
[robot_state_publisher-4] [INFO] [1748434438.141358152] [left.robot_state_publisher]: got segment left_summit_base_logo_rear
[robot_state_publisher-4] [INFO] [1748434438.141377561] [left.robot_state_publisher]: got segment left_summit_base_logo_right
[robot_state_publisher-4] [INFO] [1748434438.141396980] [left.robot_state_publisher]: got segment left_summit_front_laser_base_link
[robot_state_publisher-4] [INFO] [1748434438.141416670] [left.robot_state_publisher]: got segment left_summit_front_laser_link
[robot_state_publisher-4] [INFO] [1748434438.141435961] [left.robot_state_publisher]: got segment left_summit_front_left_wheel_link
[robot_state_publisher-4] [INFO] [1748434438.141453836] [left.robot_state_publisher]: got segment left_summit_front_right_wheel_link
[robot_state_publisher-4] [INFO] [1748434438.141470020] [left.robot_state_publisher]: got segment left_summit_imu_link
[robot_state_publisher-4] [INFO] [1748434438.141485527] [left.robot_state_publisher]: got segment left_summit_rear_laser_base_link
[robot_state_publisher-4] [INFO] [1748434438.141501205] [left.robot_state_publisher]: got segment left_summit_rear_laser_link
[robot_state_publisher-4] [INFO] [1748434438.141517934] [left.robot_state_publisher]: got segment ur_left_base
[robot_state_publisher-4] [INFO] [1748434438.141534476] [left.robot_state_publisher]: got segment ur_left_base_link
[robot_state_publisher-4] [INFO] [1748434438.141551431] [left.robot_state_publisher]: got segment ur_left_base_link_inertia
[robot_state_publisher-4] [INFO] [1748434438.141570162] [left.robot_state_publisher]: got segment ur_left_finger_left
[robot_state_publisher-4] [INFO] [1748434438.141589095] [left.robot_state_publisher]: got segment ur_left_finger_right
[robot_state_publisher-4] [INFO] [1748434438.141607900] [left.robot_state_publisher]: got segment ur_left_finger_tip
[robot_state_publisher-4] [INFO] [1748434438.141627408] [left.robot_state_publisher]: got segment ur_left_flange
[robot_state_publisher-4] [INFO] [1748434438.141647178] [left.robot_state_publisher]: got segment ur_left_forearm_link
[robot_state_publisher-4] [INFO] [1748434438.141666239] [left.robot_state_publisher]: got segment ur_left_ft_frame
[robot_state_publisher-4] [INFO] [1748434438.141685283] [left.robot_state_publisher]: got segment ur_left_robotiq_hand
[robot_state_publisher-4] [INFO] [1748434438.141704785] [left.robot_state_publisher]: got segment ur_left_shoulder_link
[robot_state_publisher-4] [INFO] [1748434438.141724160] [left.robot_state_publisher]: got segment ur_left_tool0
[robot_state_publisher-4] [INFO] [1748434438.141743013] [left.robot_state_publisher]: got segment ur_left_upper_arm_link
[robot_state_publisher-4] [INFO] [1748434438.141761786] [left.robot_state_publisher]: got segment ur_left_wrist_1_link
[robot_state_publisher-4] [INFO] [1748434438.141781783] [left.robot_state_publisher]: got segment ur_left_wrist_2_link
[robot_state_publisher-4] [INFO] [1748434438.141801232] [left.robot_state_publisher]: got segment ur_left_wrist_3_link
[robot_state_publisher-13] [INFO] [1748434438.142154200] [right.robot_state_publisher]: got segment right_summit_back_left_wheel_link
[robot_state_publisher-13] [INFO] [1748434438.142944121] [right.robot_state_publisher]: got segment right_summit_back_right_wheel_link
[robot_state_publisher-13] [INFO] [1748434438.142973249] [right.robot_state_publisher]: got segment right_summit_base_chapa
[robot_state_publisher-13] [INFO] [1748434438.142994762] [right.robot_state_publisher]: got segment right_summit_base_docking_contact
[robot_state_publisher-13] [INFO] [1748434438.143014907] [right.robot_state_publisher]: got segment right_summit_base_footprint
[robot_state_publisher-13] [INFO] [1748434438.143035415] [right.robot_state_publisher]: got segment right_summit_base_link
[robot_state_publisher-13] [INFO] [1748434438.143055890] [right.robot_state_publisher]: got segment right_summit_base_logo_front
[robot_state_publisher-13] [INFO] [1748434438.143075750] [right.robot_state_publisher]: got segment right_summit_base_logo_left
[robot_state_publisher-13] [INFO] [1748434438.143094692] [right.robot_state_publisher]: got segment right_summit_base_logo_rear
[robot_state_publisher-13] [INFO] [1748434438.143114042] [right.robot_state_publisher]: got segment right_summit_base_logo_right
[robot_state_publisher-13] [INFO] [1748434438.143133834] [right.robot_state_publisher]: got segment right_summit_front_laser_base_link
[robot_state_publisher-13] [INFO] [1748434438.143153042] [right.robot_state_publisher]: got segment right_summit_front_laser_link
[robot_state_publisher-13] [INFO] [1748434438.143172621] [right.robot_state_publisher]: got segment right_summit_front_left_wheel_link
[robot_state_publisher-13] [INFO] [1748434438.143192634] [right.robot_state_publisher]: got segment right_summit_front_right_wheel_link
[robot_state_publisher-13] [INFO] [1748434438.143211711] [right.robot_state_publisher]: got segment right_summit_imu_link
[robot_state_publisher-13] [INFO] [1748434438.143230570] [right.robot_state_publisher]: got segment right_summit_rear_laser_base_link
[robot_state_publisher-13] [INFO] [1748434438.143288488] [right.robot_state_publisher]: got segment right_summit_rear_laser_link
[robot_state_publisher-13] [INFO] [1748434438.143374360] [right.robot_state_publisher]: got segment ur_right_base
[robot_state_publisher-13] [INFO] [1748434438.143480251] [right.robot_state_publisher]: got segment ur_right_base_link
[robot_state_publisher-13] [INFO] [1748434438.144378177] [right.robot_state_publisher]: got segment ur_right_base_link_inertia
[robot_state_publisher-13] [INFO] [1748434438.144404447] [right.robot_state_publisher]: got segment ur_right_finger_left
[robot_state_publisher-13] [INFO] [1748434438.144425480] [right.robot_state_publisher]: got segment ur_right_finger_right
[robot_state_publisher-13] [INFO] [1748434438.144445082] [right.robot_state_publisher]: got segment ur_right_finger_tip
[robot_state_publisher-13] [INFO] [1748434438.144464008] [right.robot_state_publisher]: got segment ur_right_flange
[robot_state_publisher-13] [INFO] [1748434438.144483476] [right.robot_state_publisher]: got segment ur_right_forearm_link
[robot_state_publisher-13] [INFO] [1748434438.144503929] [right.robot_state_publisher]: got segment ur_right_ft_frame
[robot_state_publisher-13] [INFO] [1748434438.144523359] [right.robot_state_publisher]: got segment ur_right_robotiq_hand
[robot_state_publisher-13] [INFO] [1748434438.144542727] [right.robot_state_publisher]: got segment ur_right_shoulder_link
[robot_state_publisher-13] [INFO] [1748434438.144561399] [right.robot_state_publisher]: got segment ur_right_tool0
[robot_state_publisher-13] [INFO] [1748434438.144579057] [right.robot_state_publisher]: got segment ur_right_upper_arm_link
[robot_state_publisher-13] [INFO] [1748434438.144598762] [right.robot_state_publisher]: got segment ur_right_wrist_1_link
[robot_state_publisher-13] [INFO] [1748434438.144615741] [right.robot_state_publisher]: got segment ur_right_wrist_2_link
[robot_state_publisher-13] [INFO] [1748434438.144632756] [right.robot_state_publisher]: got segment ur_right_wrist_3_link
[rviz2-21] QStandardPaths: XDG_RUNTIME_DIR not set, defaulting to '/tmp/runtime-root'
[move_group-22] Error:   Group state 'home_r' specified for group 'srm_r', but that group is not known
[move_group-22]          at line 340 in /ros2_ws/src/srdfdom/src/model.cpp
[move_group-22] Error:   Group state 'home_l' specified for group 'srm_l', but that group is not known
[move_group-22]          at line 340 in /ros2_ws/src/srdfdom/src/model.cpp
[move_group-22] [INFO] [1748434438.635599181] [moveit_rdf_loader.rdf_loader]: Loaded robot model in 0.135113 seconds
[move_group-22] [INFO] [1748434438.635718934] [moveit_robot_model.robot_model]: Loading robot model 'srm'...
[move_group-22] [WARN] [1748434438.635751105] [moveit_robot_model.robot_model]: Skipping virtual joint 'Vjoint_left' because its child frame 'left_summit_base_footprint' does not match the URDF frame 'world'
[move_group-22] [WARN] [1748434438.635765623] [moveit_robot_model.robot_model]: Skipping virtual joint 'Vjoint_right' because its child frame 'right_summit_base_footprint' does not match the URDF frame 'world'
[move_group-22] [INFO] [1748434438.635775906] [moveit_robot_model.robot_model]: No root/virtual joint specified in SRDF. Assuming fixed joint
[move_group-22] [WARN] [1748434438.635846750] [moveit_robot_model.robot_model]: Link left_summit_base_footprint has visual geometry but no collision geometry. Collision geometry will be left empty. Fix your URDF file by explicitly specifying collision geometry.
[move_group-22] [WARN] [1748434438.657750788] [moveit_robot_model.robot_model]: Link left_summit_base_logo_front has visual geometry but no collision geometry. Collision geometry will be left empty. Fix your URDF file by explicitly specifying collision geometry.
[move_group-22] [WARN] [1748434438.659691644] [moveit_robot_model.robot_model]: Link left_summit_base_logo_left has visual geometry but no collision geometry. Collision geometry will be left empty. Fix your URDF file by explicitly specifying collision geometry.
[move_group-22] [WARN] [1748434438.661204724] [moveit_robot_model.robot_model]: Link left_summit_base_logo_rear has visual geometry but no collision geometry. Collision geometry will be left empty. Fix your URDF file by explicitly specifying collision geometry.
[move_group-22] [WARN] [1748434438.667669377] [moveit_robot_model.robot_model]: Link left_summit_base_logo_right has visual geometry but no collision geometry. Collision geometry will be left empty. Fix your URDF file by explicitly specifying collision geometry.
[move_group-22] [WARN] [1748434438.667704514] [moveit_robot_model.robot_model]: Link left_summit_base_chapa has visual geometry but no collision geometry. Collision geometry will be left empty. Fix your URDF file by explicitly specifying collision geometry.
[move_group-22] [WARN] [1748434438.683512926] [moveit_robot_model.robot_model]: Link left_summit_imu_link has visual geometry but no collision geometry. Collision geometry will be left empty. Fix your URDF file by explicitly specifying collision geometry.
[spawner-11] [INFO] [1748434438.821260324] [left.spawner_ur_left_joint_group_vel_controller]: waiting for service /left/controller_manager/list_controllers to become available...
[move_group-22] [WARN] [1748434438.930520922] [moveit_robot_model.robot_model]: Link right_summit_base_footprint has visual geometry but no collision geometry. Collision geometry will be left empty. Fix your URDF file by explicitly specifying collision geometry.
[move_group-22] [WARN] [1748434438.933582341] [moveit_robot_model.robot_model]: Link right_summit_base_logo_front has visual geometry but no collision geometry. Collision geometry will be left empty. Fix your URDF file by explicitly specifying collision geometry.
[move_group-22] [WARN] [1748434438.933613607] [moveit_robot_model.robot_model]: Link right_summit_base_logo_left has visual geometry but no collision geometry. Collision geometry will be left empty. Fix your URDF file by explicitly specifying collision geometry.
[move_group-22] [WARN] [1748434438.933624190] [moveit_robot_model.robot_model]: Link right_summit_base_logo_rear has visual geometry but no collision geometry. Collision geometry will be left empty. Fix your URDF file by explicitly specifying collision geometry.
[move_group-22] [WARN] [1748434438.933633267] [moveit_robot_model.robot_model]: Link right_summit_base_logo_right has visual geometry but no collision geometry. Collision geometry will be left empty. Fix your URDF file by explicitly specifying collision geometry.
[move_group-22] [WARN] [1748434438.933643027] [moveit_robot_model.robot_model]: Link right_summit_base_chapa has visual geometry but no collision geometry. Collision geometry will be left empty. Fix your URDF file by explicitly specifying collision geometry.
[move_group-22] [WARN] [1748434438.937757516] [moveit_robot_model.robot_model]: Link right_summit_imu_link has visual geometry but no collision geometry. Collision geometry will be left empty. Fix your URDF file by explicitly specifying collision geometry.
[spawner-19] [INFO] [1748434439.305904575] [right.spawner_joint_state_broadcaster]: waiting for service /right/controller_manager/list_controllers to become available...
[spawner-10] [INFO] [1748434439.364683527] [left.spawner_joint_state_broadcaster]: waiting for service /left/controller_manager/list_controllers to become available...
[spawn_entity.py-12] [INFO] [1748434439.466651724] [right]: Spawn Entity started
[spawn_entity.py-12] [INFO] [1748434439.467558406] [right]: Loading entity published on topic /right/robot_description
[spawn_entity.py-12] /opt/ros/humble/local/lib/python3.10/dist-packages/rclpy/qos.py:307: UserWarning: DurabilityPolicy.RMW_QOS_POLICY_DURABILITY_TRANSIENT_LOCAL is deprecated. Use DurabilityPolicy.TRANSIENT_LOCAL instead.
[spawn_entity.py-12]   warnings.warn(
[spawn_entity.py-12] [INFO] [1748434439.481541431] [right]: Waiting for entity xml on /right/robot_description
[spawner-20] [INFO] [1748434439.487919394] [right.spawner_ur_right_joint_group_vel_controller]: waiting for service /right/controller_manager/list_controllers to become available...
[spawn_entity.py-12] [INFO] [1748434439.492965726] [right]: Waiting for service /spawn_entity, timeout = 5
[spawn_entity.py-12] [INFO] [1748434439.493543108] [right]: Waiting for service /spawn_entity
[spawn_entity.py-3] [INFO] [1748434439.506710381] [left]: Spawn Entity started
[spawn_entity.py-3] [INFO] [1748434439.507735660] [left]: Loading entity published on topic /left/robot_description
[spawn_entity.py-3] /opt/ros/humble/local/lib/python3.10/dist-packages/rclpy/qos.py:307: UserWarning: DurabilityPolicy.RMW_QOS_POLICY_DURABILITY_TRANSIENT_LOCAL is deprecated. Use DurabilityPolicy.TRANSIENT_LOCAL instead.
[spawn_entity.py-3]   warnings.warn(
[spawn_entity.py-3] [INFO] [1748434439.514721468] [left]: Waiting for entity xml on /left/robot_description
[spawn_entity.py-3] [INFO] [1748434439.526546253] [left]: Waiting for service /spawn_entity, timeout = 5
[spawn_entity.py-3] [INFO] [1748434439.527510870] [left]: Waiting for service /spawn_entity
[rviz2-21] [INFO] [1748434439.687096725] [rviz2]: Stereo is NOT SUPPORTED
[rviz2-21] [INFO] [1748434439.687320121] [rviz2]: OpenGl version: 4.6 (GLSL 4.6)
[rviz2-21] [INFO] [1748434439.757827274] [rviz2]: Stereo is NOT SUPPORTED
[move_group-22] [INFO] [1748434440.420499096] [moveit_ros.planning_scene_monitor.planning_scene_monitor]: Publishing maintained planning scene on 'monitored_planning_scene'
[move_group-22] [INFO] [1748434440.420915795] [moveit.ros_planning_interface.moveit_cpp]: Listening to 'joint_states' for joint states
[move_group-22] [INFO] [1748434440.429619815] [moveit_ros.current_state_monitor]: Listening to joint states on topic 'joint_states'
[move_group-22] [INFO] [1748434440.435313447] [moveit_ros.planning_scene_monitor.planning_scene_monitor]: Listening to '/attached_collision_object' for attached collision objects
[move_group-22] [INFO] [1748434440.435364327] [moveit_ros.planning_scene_monitor.planning_scene_monitor]: Starting planning scene monitor
[move_group-22] [INFO] [1748434440.439254299] [moveit_ros.planning_scene_monitor.planning_scene_monitor]: Listening to '/planning_scene'
[move_group-22] [INFO] [1748434440.439310988] [moveit_ros.planning_scene_monitor.planning_scene_monitor]: Starting world geometry update monitor for collision objects, attached objects, octomap updates.
[move_group-22] [INFO] [1748434440.442262156] [moveit_ros.planning_scene_monitor.planning_scene_monitor]: Listening to 'collision_object'
[move_group-22] [INFO] [1748434440.445240429] [moveit_ros.planning_scene_monitor.planning_scene_monitor]: Listening to 'planning_scene_world' for planning scene world geometry
[move_group-22] [WARN] [1748434440.450713098] [moveit.ros.occupancy_map_monitor.middleware_handle]: Resolution not specified for Octomap. Assuming resolution = 0.1 instead
[rviz2-21] [WARN] [1748434441.054766495] [rcl.logging_rosout]: Publisher already registered for provided node name. If this is due to multiple nodes with the same name then all logs for that logger name will go out over the existing publisher. As soon as any node with that name is destructed it will unregister the publisher, preventing any further logs for that name from being published on the rosout topic.
[spawn_entity.py-3] [INFO] [1748434442.290865971] [left]: Calling service /spawn_entity
[gzserver-1] [WARN] [1748434442.317788340] [rcl]: Found remap rule 'model_states:=model_states'. This syntax is deprecated. Use '--ros-args --remap model_states:=model_states' instead.
[gzserver-1] [WARN] [1748434442.318109265] [rcl]: Found remap rule 'link_states:=link_states'. This syntax is deprecated. Use '--ros-args --remap link_states:=link_states' instead.
[gzserver-1] [INFO] [1748434442.356436403] [state.gazebo_ros_state]: Publishing states of gazebo models at [/state/model_states]
[gzserver-1] [INFO] [1748434442.359046984] [state.gazebo_ros_state]: Publishing states of gazebo links at [/state/link_states]
[spawn_entity.py-12] [INFO] [1748434442.517035502] [right]: Calling service /spawn_entity
[move_group-22] [INFO] [1748434442.987618092] [moveit.ros_planning_interface.moveit_cpp]: Loading planning pipeline 'ompl'
[move_group-22] [INFO] [1748434443.028967340] [moveit.ros_planning.planning_pipeline]: Using planning interface 'OMPL'
[move_group-22] [INFO] [1748434443.048874257] [moveit_ros.add_time_optimal_parameterization]: Param 'ompl.path_tolerance' was not set. Using default value: 0.100000
[move_group-22] [INFO] [1748434443.048911693] [moveit_ros.add_time_optimal_parameterization]: Param 'ompl.resample_dt' was not set. Using default value: 0.100000
[move_group-22] [INFO] [1748434443.048920592] [moveit_ros.add_time_optimal_parameterization]: Param 'ompl.min_angle_change' was not set. Using default value: 0.001000
[move_group-22] [INFO] [1748434443.048968595] [moveit_ros.fix_workspace_bounds]: Param 'ompl.default_workspace_bounds' was not set. Using default value: 10.000000
[move_group-22] [INFO] [1748434443.048994756] [moveit_ros.fix_start_state_bounds]: Param 'ompl.start_state_max_bounds_error' was set to 0.100000
[move_group-22] [INFO] [1748434443.049003925] [moveit_ros.fix_start_state_bounds]: Param 'ompl.start_state_max_dt' was not set. Using default value: 0.500000
[move_group-22] [INFO] [1748434443.049028969] [moveit_ros.fix_start_state_collision]: Param 'ompl.start_state_max_dt' was not set. Using default value: 0.500000
[move_group-22] [INFO] [1748434443.049043773] [moveit_ros.fix_start_state_collision]: Param 'ompl.jiggle_fraction' was set to 0.050000
[move_group-22] [INFO] [1748434443.049072945] [moveit_ros.fix_start_state_collision]: Param 'ompl.max_sampling_attempts' was not set. Using default value: 100
[move_group-22] [INFO] [1748434443.049108058] [moveit.ros_planning.planning_pipeline]: Using planning request adapter 'Add Time Optimal Parameterization'
[move_group-22] [INFO] [1748434443.049119524] [moveit.ros_planning.planning_pipeline]: Using planning request adapter 'Resolve constraint frames to robot links'
[move_group-22] [INFO] [1748434443.049125364] [moveit.ros_planning.planning_pipeline]: Using planning request adapter 'Fix Workspace Bounds'
[move_group-22] [INFO] [1748434443.049130785] [moveit.ros_planning.planning_pipeline]: Using planning request adapter 'Fix Start State Bounds'
[move_group-22] [INFO] [1748434443.049135881] [moveit.ros_planning.planning_pipeline]: Using planning request adapter 'Fix Start State In Collision'
[move_group-22] [INFO] [1748434443.049140937] [moveit.ros_planning.planning_pipeline]: Using planning request adapter 'Fix Start State Path Constraints'
[move_group-22] [INFO] [1748434443.057533591] [moveit.ros_planning_interface.moveit_cpp]: Loading planning pipeline 'chomp'
[move_group-22] [INFO] [1748434443.076479785] [moveit.ros_planning.planning_pipeline]: Using planning interface 'CHOMP'
[move_group-22] [INFO] [1748434443.084782320] [moveit_ros.add_time_optimal_parameterization]: Param 'chomp.path_tolerance' was not set. Using default value: 0.100000
[move_group-22] [INFO] [1748434443.084850503] [moveit_ros.add_time_optimal_parameterization]: Param 'chomp.resample_dt' was not set. Using default value: 0.100000
[move_group-22] [INFO] [1748434443.084866632] [moveit_ros.add_time_optimal_parameterization]: Param 'chomp.min_angle_change' was not set. Using default value: 0.001000
[move_group-22] [INFO] [1748434443.084905983] [moveit_ros.fix_workspace_bounds]: Param 'chomp.default_workspace_bounds' was not set. Using default value: 10.000000
[move_group-22] [INFO] [1748434443.084931630] [moveit_ros.fix_start_state_bounds]: Param 'chomp.start_state_max_bounds_error' was set to 0.100000
[move_group-22] [INFO] [1748434443.084940848] [moveit_ros.fix_start_state_bounds]: Param 'chomp.start_state_max_dt' was not set. Using default value: 0.500000
[move_group-22] [INFO] [1748434443.084960345] [moveit_ros.fix_start_state_collision]: Param 'chomp.start_state_max_dt' was not set. Using default value: 0.500000
[move_group-22] [INFO] [1748434443.084969714] [moveit_ros.fix_start_state_collision]: Param 'chomp.jiggle_fraction' was set to 0.050000
[move_group-22] [INFO] [1748434443.084977464] [moveit_ros.fix_start_state_collision]: Param 'chomp.max_sampling_attempts' was not set. Using default value: 100
[move_group-22] [INFO] [1748434443.084995235] [moveit.ros_planning.planning_pipeline]: Using planning request adapter 'Add Time Optimal Parameterization'
[move_group-22] [INFO] [1748434443.085002487] [moveit.ros_planning.planning_pipeline]: Using planning request adapter 'Resolve constraint frames to robot links'
[move_group-22] [INFO] [1748434443.085007941] [moveit.ros_planning.planning_pipeline]: Using planning request adapter 'Fix Workspace Bounds'
[move_group-22] [INFO] [1748434443.085013219] [moveit.ros_planning.planning_pipeline]: Using planning request adapter 'Fix Start State Bounds'
[move_group-22] [INFO] [1748434443.085018412] [moveit.ros_planning.planning_pipeline]: Using planning request adapter 'Fix Start State In Collision'
[move_group-22] [INFO] [1748434443.085023555] [moveit.ros_planning.planning_pipeline]: Using planning request adapter 'Fix Start State Path Constraints'
[move_group-22] [INFO] [1748434443.088747635] [moveit.ros_planning_interface.moveit_cpp]: Loading planning pipeline 'pilz_industrial_motion_planner'
[move_group-22] [INFO] [1748434443.101378209] [moveit.pilz_industrial_motion_planner.joint_limits_aggregator]: Reading limits from namespace robot_description_planning
[move_group-22] [INFO] [1748434443.159146365] [moveit.pilz_industrial_motion_planner]: Available plugins: pilz_industrial_motion_planner/PlanningContextLoaderCIRC pilz_industrial_motion_planner/PlanningContextLoaderLIN pilz_industrial_motion_planner/PlanningContextLoaderPTP 
[move_group-22] [INFO] [1748434443.159176440] [moveit.pilz_industrial_motion_planner]: About to load: pilz_industrial_motion_planner/PlanningContextLoaderCIRC
[move_group-22] [INFO] [1748434443.163280983] [moveit.pilz_industrial_motion_planner]: Registered Algorithm [CIRC]
[move_group-22] [INFO] [1748434443.163310030] [moveit.pilz_industrial_motion_planner]: About to load: pilz_industrial_motion_planner/PlanningContextLoaderLIN
[move_group-22] [INFO] [1748434443.165133891] [moveit.pilz_industrial_motion_planner]: Registered Algorithm [LIN]
[move_group-22] [INFO] [1748434443.165157093] [moveit.pilz_industrial_motion_planner]: About to load: pilz_industrial_motion_planner/PlanningContextLoaderPTP
[move_group-22] [INFO] [1748434443.166876905] [moveit.pilz_industrial_motion_planner]: Registered Algorithm [PTP]
[move_group-22] [INFO] [1748434443.166927315] [moveit.ros_planning.planning_pipeline]: Using planning interface 'Pilz Industrial Motion Planner'
[move_group-22] [WARN] [1748434443.178074837] [moveit_ros.trajectory_execution_manager]: moveit_ros_control_interface/MoveItControllerManager is deprecated. Replace with `moveit_ros_control_interface/MoveItControllerManager.`
[move_group-22] [INFO] [1748434443.409418374] [moveit.plugins.ros_control_interface]: Started moveit_ros_control_interface::Ros2ControlManager for namespace 
[gzserver-1] [INFO] [1748434443.501637912] [left_summit_imu_imu_plugin]: <initial_orientation_as_reference> is unset, using default value of false to comply with REP 145 (world as orientation reference)
[spawn_entity.py-3] [INFO] [1748434443.829948840] [left]: Spawn status: SpawnEntity: Successfully spawned entity [left_robot]
[spawn_entity.py-3] [INFO] [1748434443.845798659] [left]: Calling service /unpause_physics
[INFO] [spawn_entity.py-3]: process has finished cleanly [pid 552]
[gzserver-1] [INFO] [1748434444.134282810] [left_summit.omni_steering]: Subscribed to [/left_summit/cmd_vel]
[gzserver-1] [INFO] [1748434444.141588061] [left_summit.omni_steering]: Advertise odometry on [/left_summit/odom]
[gzserver-1] [INFO] [1748434444.151230111] [left_summit.omni_steering]: Publishing odom transforms between [left_summit_odom] and [left_summit_base_footprint]
[gzserver-1] [INFO] [1748434444.268644674] [gazebo_ros2_control]: Loading gazebo_ros2_control plugin
[gzserver-1] [INFO] [1748434444.289059144] [left.left_gazebo_ros2_control]: Starting gazebo_ros2_control plugin in namespace: /left
[gzserver-1] [INFO] [1748434444.289166636] [left.left_gazebo_ros2_control]: Starting gazebo_ros2_control plugin in ros 2 node: left_gazebo_ros2_control
[gzserver-1] [INFO] [1748434444.307269352] [left.left_gazebo_ros2_control]: connected to service!! robot_state_publisher
[gzserver-1] [INFO] [1748434444.312722964] [left.left_gazebo_ros2_control]: Received urdf from param server, parsing...
[gzserver-1] [INFO] [1748434444.313969920] [left.left_gazebo_ros2_control]: Loading parameter files /ros2_ws/install/ur/share/ur/config/left_controller.yaml
[gzserver-1] [INFO] [1748434444.382291887] [left.left_gazebo_ros2_control]: Loading joint: ur_left_shoulder_pan_joint
[gzserver-1] [INFO] [1748434444.382692790] [left.left_gazebo_ros2_control]: 	State:
[gzserver-1] [INFO] [1748434444.382787139] [left.left_gazebo_ros2_control]: 		 position
[gzserver-1] [INFO] [1748434444.383777137] [left.left_gazebo_ros2_control]: 			 found initial value: -1.400000
[gzserver-1] [INFO] [1748434444.383876590] [left.left_gazebo_ros2_control]: 		 velocity
[gzserver-1] [INFO] [1748434444.384317800] [left.left_gazebo_ros2_control]: 		 effort
[gzserver-1] [INFO] [1748434444.384496451] [left.left_gazebo_ros2_control]: 	Command:
[gzserver-1] [INFO] [1748434444.384525017] [left.left_gazebo_ros2_control]: 		 position
[gzserver-1] [INFO] [1748434444.385656855] [left.left_gazebo_ros2_control]: 		 velocity
[gzserver-1] [INFO] [1748434444.386336176] [left.left_gazebo_ros2_control]: Loading joint: ur_left_shoulder_lift_joint
[gzserver-1] [INFO] [1748434444.386395924] [left.left_gazebo_ros2_control]: 	State:
[gzserver-1] [INFO] [1748434444.386425436] [left.left_gazebo_ros2_control]: 		 position
[gzserver-1] [INFO] [1748434444.386456917] [left.left_gazebo_ros2_control]: 			 found initial value: -1.227838
[gzserver-1] [INFO] [1748434444.386497078] [left.left_gazebo_ros2_control]: 		 velocity
[gzserver-1] [INFO] [1748434444.386539250] [left.left_gazebo_ros2_control]: 		 effort
[gzserver-1] [INFO] [1748434444.386573626] [left.left_gazebo_ros2_control]: 	Command:
[gzserver-1] [INFO] [1748434444.386603953] [left.left_gazebo_ros2_control]: 		 position
[gzserver-1] [INFO] [1748434444.386691243] [left.left_gazebo_ros2_control]: 		 velocity
[gzserver-1] [INFO] [1748434444.386754439] [left.left_gazebo_ros2_control]: Loading joint: ur_left_elbow_joint
[gzserver-1] [INFO] [1748434444.386784857] [left.left_gazebo_ros2_control]: 	State:
[gzserver-1] [INFO] [1748434444.386812696] [left.left_gazebo_ros2_control]: 		 position
[gzserver-1] [INFO] [1748434444.386843224] [left.left_gazebo_ros2_control]: 			 found initial value: -1.791046
[gzserver-1] [INFO] [1748434444.386877332] [left.left_gazebo_ros2_control]: 		 velocity
[gzserver-1] [INFO] [1748434444.386908694] [left.left_gazebo_ros2_control]: 		 effort
[gzserver-1] [INFO] [1748434444.387052910] [left.left_gazebo_ros2_control]: 	Command:
[gzserver-1] [INFO] [1748434444.387082724] [left.left_gazebo_ros2_control]: 		 position
[gzserver-1] [INFO] [1748434444.387151892] [left.left_gazebo_ros2_control]: 		 velocity
[gzserver-1] [INFO] [1748434444.387198257] [left.left_gazebo_ros2_control]: Loading joint: ur_left_wrist_1_joint
[gzserver-1] [INFO] [1748434444.387232428] [left.left_gazebo_ros2_control]: 	State:
[gzserver-1] [INFO] [1748434444.387311855] [left.left_gazebo_ros2_control]: 		 position
[gzserver-1] [INFO] [1748434444.387335556] [left.left_gazebo_ros2_control]: 			 found initial value: -1.447073
[gzserver-1] [INFO] [1748434444.387354659] [left.left_gazebo_ros2_control]: 		 velocity
[gzserver-1] [INFO] [1748434444.387370840] [left.left_gazebo_ros2_control]: 		 effort
[gzserver-1] [INFO] [1748434444.387386860] [left.left_gazebo_ros2_control]: 	Command:
[gzserver-1] [INFO] [1748434444.387402676] [left.left_gazebo_ros2_control]: 		 position
[gzserver-1] [INFO] [1748434444.387446019] [left.left_gazebo_ros2_control]: 		 velocity
[gzserver-1] [INFO] [1748434444.387477485] [left.left_gazebo_ros2_control]: Loading joint: ur_left_wrist_2_joint
[gzserver-1] [INFO] [1748434444.387496797] [left.left_gazebo_ros2_control]: 	State:
[gzserver-1] [INFO] [1748434444.387511726] [left.left_gazebo_ros2_control]: 		 position
[gzserver-1] [INFO] [1748434444.387527784] [left.left_gazebo_ros2_control]: 			 found initial value: 1.900333
[gzserver-1] [INFO] [1748434444.387545585] [left.left_gazebo_ros2_control]: 		 velocity
[gzserver-1] [INFO] [1748434444.387561348] [left.left_gazebo_ros2_control]: 		 effort
[gzserver-1] [INFO] [1748434444.387577254] [left.left_gazebo_ros2_control]: 	Command:
[gzserver-1] [INFO] [1748434444.387591489] [left.left_gazebo_ros2_control]: 		 position
[gzserver-1] [INFO] [1748434444.387640887] [left.left_gazebo_ros2_control]: 		 velocity
[gzserver-1] [INFO] [1748434444.387677928] [left.left_gazebo_ros2_control]: Loading joint: ur_left_wrist_3_joint
[gzserver-1] [INFO] [1748434444.387698653] [left.left_gazebo_ros2_control]: 	State:
[gzserver-1] [INFO] [1748434444.387714204] [left.left_gazebo_ros2_control]: 		 position
[gzserver-1] [INFO] [1748434444.387730427] [left.left_gazebo_ros2_control]: 			 found initial value: -0.755379
[gzserver-1] [INFO] [1748434444.387748994] [left.left_gazebo_ros2_control]: 		 velocity
[gzserver-1] [INFO] [1748434444.387770846] [left.left_gazebo_ros2_control]: 		 effort
[gzserver-1] [INFO] [1748434444.387788469] [left.left_gazebo_ros2_control]: 	Command:
[gzserver-1] [INFO] [1748434444.387803081] [left.left_gazebo_ros2_control]: 		 position
[gzserver-1] [INFO] [1748434444.387830770] [left.left_gazebo_ros2_control]: 		 velocity
[gzserver-1] [INFO] [1748434444.389677783] [resource_manager]: Initialize hardware 'left_ur' 
[gzserver-1] [INFO] [1748434444.393460598] [resource_manager]: Successful initialization of hardware 'left_ur'
[gzserver-1] [INFO] [1748434444.402387171] [resource_manager]: 'configure' hardware 'left_ur' 
[gzserver-1] [INFO] [1748434444.402757281] [resource_manager]: Successful 'configure' of hardware 'left_ur'
[gzserver-1] [INFO] [1748434444.403183597] [resource_manager]: 'activate' hardware 'left_ur' 
[gzserver-1] [INFO] [1748434444.403220507] [resource_manager]: Successful 'activate' of hardware 'left_ur'
[gzserver-1] [INFO] [1748434444.404826155] [left.left_gazebo_ros2_control]: Loading controller_manager
[move_group-22] [WARN] [1748434444.417905688] [moveit.plugins.ros_control_interface]: Failed to read controllers from /controller_manager/list_controllers within 1 seconds
[gzserver-1] [WARN] [1748434444.554323792] [left.left_gazebo_ros2_control]:  Desired controller update period (0.002 s) is slower than the gazebo simulation period (0.001 s).
[gzserver-1] [INFO] [1748434444.558801711] [left.left_gazebo_ros2_control]: Loaded gazebo_ros2_control.
[gzserver-1] [INFO] [1748434444.598754813] [left.controller_manager]: Loading controller 'ur_left_joint_group_vel_controller'
[spawner-11] [INFO] [1748434444.688416064] [left.spawner_ur_left_joint_group_vel_controller]: [94mLoaded [1mur_left_joint_group_vel_controller[0m
[gzserver-1] [INFO] [1748434444.696227992] [left.controller_manager]: Configuring controller 'ur_left_joint_group_vel_controller'
[gzserver-1] [INFO] [1748434444.724757806] [left.ur_left_joint_group_vel_controller]: configure successful
[gzserver-1] [INFO] [1748434444.729406633] [left.controller_manager]: Loading controller 'joint_state_broadcaster'
[gzserver-1] [INFO] [1748434445.300123719] [right_summit_imu_imu_plugin]: <initial_orientation_as_reference> is unset, using default value of false to comply with REP 145 (world as orientation reference)
[move_group-22] [WARN] [1748434445.418437927] [moveit.plugins.ros_control_interface]: Failed to read controllers from /controller_manager/list_controllers within 1 seconds
[spawn_entity.py-12] [INFO] [1748434445.600768046] [right]: Spawn status: SpawnEntity: Successfully spawned entity [right_robot]
[spawn_entity.py-12] [INFO] [1748434445.618784982] [right]: Calling service /unpause_physics
[gzserver-1] [WARN] [1748434445.697750435] [gazebo.rclcpp]: failed to send response to /unpause_physics (timeout): client will not receive response, at ./src/rmw_response.cpp:154, at ./src/rcl/service.c:314
[gzserver-1] [INFO] [1748434445.757719584] [right_summit.omni_steering]: Subscribed to [/right_summit/cmd_vel]
[gzserver-1] [INFO] [1748434445.760081828] [right_summit.omni_steering]: Advertise odometry on [/right_summit/odom]
[gzserver-1] [INFO] [1748434445.767575393] [right_summit.omni_steering]: Publishing odom transforms between [right_summit_odom] and [right_summit_base_footprint]
[gzserver-1] [INFO] [1748434445.767978890] [gazebo_ros2_control]: Loading gazebo_ros2_control plugin
[gzserver-1] [INFO] [1748434445.790881630] [right.right_gazebo_ros2_control]: Starting gazebo_ros2_control plugin in namespace: /right
[gzserver-1] [INFO] [1748434445.791082589] [right.right_gazebo_ros2_control]: Starting gazebo_ros2_control plugin in ros 2 node: right_gazebo_ros2_control
[gzserver-1] [WARN] [1748434445.798585910] [gazebo.rclcpp]: failed to send response to /unpause_physics (timeout): client will not receive response, at ./src/rmw_response.cpp:154, at ./src/rcl/service.c:314
[gzserver-1] [INFO] [1748434445.810500916] [right.right_gazebo_ros2_control]: connected to service!! robot_state_publisher
[gzserver-1] [INFO] [1748434445.811757161] [right.right_gazebo_ros2_control]: Received urdf from param server, parsing...
[gzserver-1] [INFO] [1748434445.811861890] [right.right_gazebo_ros2_control]: Loading parameter files /ros2_ws/install/ur/share/ur/config/right_controller.yaml
[INFO] [spawn_entity.py-12]: process has finished cleanly [pid 570]
[gzserver-1] [INFO] [1748434445.834131441] [right.right_gazebo_ros2_control]: Loading joint: ur_right_shoulder_pan_joint
[gzserver-1] [INFO] [1748434445.834214587] [right.right_gazebo_ros2_control]: 	State:
[gzserver-1] [INFO] [1748434445.834245978] [right.right_gazebo_ros2_control]: 		 position
[gzserver-1] [INFO] [1748434445.834284607] [right.right_gazebo_ros2_control]: 			 found initial value: -1.300000
[gzserver-1] [INFO] [1748434445.834320770] [right.right_gazebo_ros2_control]: 		 velocity
[gzserver-1] [INFO] [1748434445.834359584] [right.right_gazebo_ros2_control]: 		 effort
[gzserver-1] [INFO] [1748434445.834394317] [right.right_gazebo_ros2_control]: 	Command:
[gzserver-1] [INFO] [1748434445.834424364] [right.right_gazebo_ros2_control]: 		 position
[gzserver-1] [INFO] [1748434445.834506554] [right.right_gazebo_ros2_control]: 		 velocity
[gzserver-1] [INFO] [1748434445.834543513] [right.right_gazebo_ros2_control]: Loading joint: ur_right_shoulder_lift_joint
[gzserver-1] [INFO] [1748434445.834564498] [right.right_gazebo_ros2_control]: 	State:
[gzserver-1] [INFO] [1748434445.834580003] [right.right_gazebo_ros2_control]: 		 position
[gzserver-1] [INFO] [1748434445.834596628] [right.right_gazebo_ros2_control]: 			 found initial value: -0.800000
[gzserver-1] [INFO] [1748434445.834615963] [right.right_gazebo_ros2_control]: 		 velocity
[gzserver-1] [INFO] [1748434445.834635061] [right.right_gazebo_ros2_control]: 		 effort
[gzserver-1] [INFO] [1748434445.834651829] [right.right_gazebo_ros2_control]: 	Command:
[gzserver-1] [INFO] [1748434445.834666477] [right.right_gazebo_ros2_control]: 		 position
[gzserver-1] [INFO] [1748434445.834701113] [right.right_gazebo_ros2_control]: 		 velocity
[gzserver-1] [INFO] [1748434445.834728655] [right.right_gazebo_ros2_control]: Loading joint: ur_right_elbow_joint
[gzserver-1] [INFO] [1748434445.834747814] [right.right_gazebo_ros2_control]: 	State:
[gzserver-1] [INFO] [1748434445.834762906] [right.right_gazebo_ros2_control]: 		 position
[gzserver-1] [INFO] [1748434445.834778796] [right.right_gazebo_ros2_control]: 			 found initial value: -1.800000
[gzserver-1] [INFO] [1748434445.834796229] [right.right_gazebo_ros2_control]: 		 velocity
[gzserver-1] [INFO] [1748434445.834812075] [right.right_gazebo_ros2_control]: 		 effort
[gzserver-1] [INFO] [1748434445.834839137] [right.right_gazebo_ros2_control]: 	Command:
[gzserver-1] [INFO] [1748434445.834855552] [right.right_gazebo_ros2_control]: 		 position
[gzserver-1] [INFO] [1748434445.834889623] [right.right_gazebo_ros2_control]: 		 velocity
[gzserver-1] [INFO] [1748434445.834915422] [right.right_gazebo_ros2_control]: Loading joint: ur_right_wrist_1_joint
[gzserver-1] [INFO] [1748434445.834934048] [right.right_gazebo_ros2_control]: 	State:
[gzserver-1] [INFO] [1748434445.834948723] [right.right_gazebo_ros2_control]: 		 position
[gzserver-1] [INFO] [1748434445.834964428] [right.right_gazebo_ros2_control]: 			 found initial value: -1.570000
[gzserver-1] [INFO] [1748434445.834982447] [right.right_gazebo_ros2_control]: 		 velocity
[gzserver-1] [INFO] [1748434445.834998760] [right.right_gazebo_ros2_control]: 		 effort
[gzserver-1] [INFO] [1748434445.835014445] [right.right_gazebo_ros2_control]: 	Command:
[gzserver-1] [INFO] [1748434445.835028965] [right.right_gazebo_ros2_control]: 		 position
[gzserver-1] [INFO] [1748434445.835058493] [right.right_gazebo_ros2_control]: 		 velocity
[gzserver-1] [INFO] [1748434445.835085296] [right.right_gazebo_ros2_control]: Loading joint: ur_right_wrist_2_joint
[gzserver-1] [INFO] [1748434445.835113890] [right.right_gazebo_ros2_control]: 	State:
[gzserver-1] [INFO] [1748434445.835140557] [right.right_gazebo_ros2_control]: 		 position
[gzserver-1] [INFO] [1748434445.835164807] [right.right_gazebo_ros2_control]: 			 found initial value: 1.638000
[gzserver-1] [INFO] [1748434445.835214168] [right.right_gazebo_ros2_control]: 		 velocity
[gzserver-1] [INFO] [1748434445.835234388] [right.right_gazebo_ros2_control]: 		 effort
[gzserver-1] [INFO] [1748434445.835250713] [right.right_gazebo_ros2_control]: 	Command:
[gzserver-1] [INFO] [1748434445.835265549] [right.right_gazebo_ros2_control]: 		 position
[gzserver-1] [INFO] [1748434445.835307792] [right.right_gazebo_ros2_control]: 		 velocity
[gzserver-1] [INFO] [1748434445.835376653] [right.right_gazebo_ros2_control]: Loading joint: ur_right_wrist_3_joint
[gzserver-1] [INFO] [1748434445.835410114] [right.right_gazebo_ros2_control]: 	State:
[gzserver-1] [INFO] [1748434445.835437976] [right.right_gazebo_ros2_control]: 		 position
[gzserver-1] [INFO] [1748434445.835458535] [right.right_gazebo_ros2_control]: 			 found initial value: 0.000000
[gzserver-1] [INFO] [1748434445.835476754] [right.right_gazebo_ros2_control]: 		 velocity
[gzserver-1] [INFO] [1748434445.835498451] [right.right_gazebo_ros2_control]: 		 effort
[gzserver-1] [INFO] [1748434445.835516473] [right.right_gazebo_ros2_control]: 	Command:
[gzserver-1] [INFO] [1748434445.835531117] [right.right_gazebo_ros2_control]: 		 position
[gzserver-1] [INFO] [1748434445.835559046] [right.right_gazebo_ros2_control]: 		 velocity
[gzserver-1] [INFO] [1748434445.835610118] [resource_manager]: Initialize hardware 'right_ur' 
[gzserver-1] [INFO] [1748434445.835712012] [resource_manager]: Successful initialization of hardware 'right_ur'
[gzserver-1] [INFO] [1748434445.835900510] [resource_manager]: 'configure' hardware 'right_ur' 
[gzserver-1] [INFO] [1748434445.835925575] [resource_manager]: Successful 'configure' of hardware 'right_ur'
[gzserver-1] [INFO] [1748434445.835983033] [resource_manager]: 'activate' hardware 'right_ur' 
[gzserver-1] [INFO] [1748434445.836006863] [resource_manager]: Successful 'activate' of hardware 'right_ur'
[gzserver-1] [INFO] [1748434445.836089875] [right.right_gazebo_ros2_control]: Loading controller_manager
[gzserver-1] [WARN] [1748434445.940753290] [right.right_gazebo_ros2_control]:  Desired controller update period (0.002 s) is slower than the gazebo simulation period (0.001 s).
[gzserver-1] [INFO] [1748434445.941539155] [right.right_gazebo_ros2_control]: Loaded gazebo_ros2_control.
[spawner-10] [INFO] [1748434445.945098139] [left.spawner_joint_state_broadcaster]: [94mLoaded [1mjoint_state_broadcaster[0m
[gzserver-1] [INFO] [1748434445.956568381] [left.ur_left_joint_group_vel_controller]: activate successful
[gzserver-1] [INFO] [1748434445.960763128] [left.controller_manager]: Configuring controller 'joint_state_broadcaster'
[gzserver-1] [INFO] [1748434445.961015676] [left.joint_state_broadcaster]: 'joints' or 'interfaces' parameter is empty. All available state interfaces will be published
[spawner-11] [INFO] [1748434445.961783040] [left.spawner_ur_left_joint_group_vel_controller]: [92mConfigured and activated [1mur_left_joint_group_vel_controller[0m
[gzserver-1] [INFO] [1748434446.004337204] [right.controller_manager]: Loading controller 'ur_right_joint_group_vel_controller'
[spawner-20] [INFO] [1748434446.088117999] [right.spawner_ur_right_joint_group_vel_controller]: [94mLoaded [1mur_right_joint_group_vel_controller[0m
[gzserver-1] [INFO] [1748434446.093031215] [right.controller_manager]: Loading controller 'joint_state_broadcaster'
[spawner-10] [INFO] [1748434446.151910723] [left.spawner_joint_state_broadcaster]: [92mConfigured and activated [1mjoint_state_broadcaster[0m
[gzserver-1] [INFO] [1748434446.156394663] [right.controller_manager]: Configuring controller 'ur_right_joint_group_vel_controller'
[spawner-19] [INFO] [1748434446.160121386] [right.spawner_joint_state_broadcaster]: [94mLoaded [1mjoint_state_broadcaster[0m
[gzserver-1] [INFO] [1748434446.164065696] [right.ur_right_joint_group_vel_controller]: configure successful
[gzserver-1] [INFO] [1748434446.171940161] [right.controller_manager]: Configuring controller 'joint_state_broadcaster'
[gzserver-1] [INFO] [1748434446.172170817] [right.joint_state_broadcaster]: 'joints' or 'interfaces' parameter is empty. All available state interfaces will be published
[gzserver-1] [INFO] [1748434446.187956970] [right.ur_right_joint_group_vel_controller]: activate successful
[spawner-20] [INFO] [1748434446.194368516] [right.spawner_ur_right_joint_group_vel_controller]: [92mConfigured and activated [1mur_right_joint_group_vel_controller[0m
[spawner-19] [INFO] [1748434446.205999908] [right.spawner_joint_state_broadcaster]: [92mConfigured and activated [1mjoint_state_broadcaster[0m
[INFO] [spawner-11]: process has finished cleanly [pid 568]
[move_group-22] [WARN] [1748434446.418633531] [moveit.plugins.ros_control_interface]: Failed to read controllers from /controller_manager/list_controllers within 1 seconds
[move_group-22] [INFO] [1748434446.422039018] [moveit_ros.trajectory_execution_manager]: Trajectory execution is managing controllers
[move_group-22] [INFO] [1748434446.422084736] [move_group.move_group]: MoveGroup debug mode is ON
[INFO] [spawner-20]: process has finished cleanly [pid 650]
[INFO] [spawner-10]: process has finished cleanly [pid 566]
[move_group-22] [INFO] [1748434446.524688106] [move_group.move_group]: 
[move_group-22] 
[move_group-22] ********************************************************
[move_group-22] * MoveGroup using: 
[move_group-22] *     - ApplyPlanningSceneService
[move_group-22] *     - ClearOctomapService
[move_group-22] *     - ExecuteTaskSolution
[move_group-22] *     - CartesianPathService
[move_group-22] *     - ExecuteTrajectoryAction
[move_group-22] *     - GetPlanningSceneService
[move_group-22] *     - KinematicsService
[move_group-22] *     - MoveAction
[move_group-22] *     - MotionPlanService
[move_group-22] *     - QueryPlannersService
[move_group-22] *     - StateValidationService
[move_group-22] ********************************************************
[move_group-22] 
[move_group-22] [INFO] [1748434446.524777091] [moveit_move_group_capabilities_base.move_group_context]: MoveGroup context using planning plugin ompl_interface/OMPLPlanner
[move_group-22] [INFO] [1748434446.524794622] [moveit_move_group_capabilities_base.move_group_context]: MoveGroup context initialization complete
[move_group-22] [96mLoading 'move_group/ApplyPlanningSceneService'...
[move_group-22] [0m[96mLoading 'move_group/ClearOctomapService'...
[move_group-22] [0m[96mLoading 'move_group/ExecuteTaskSolutionCapability'...
[move_group-22] [0m[96mLoading 'move_group/MoveGroupCartesianPathService'...
[move_group-22] [0m[96mLoading 'move_group/MoveGroupExecuteTrajectoryAction'...
[move_group-22] [0m[96mLoading 'move_group/MoveGroupGetPlanningSceneService'...
[move_group-22] [0m[96mLoading 'move_group/MoveGroupKinematicsService'...
[move_group-22] [0m[96mLoading 'move_group/MoveGroupMoveAction'...
[move_group-22] [0m[96mLoading 'move_group/MoveGroupPlanService'...
[move_group-22] [0m[96mLoading 'move_group/MoveGroupQueryPlannersService'...
[move_group-22] [0m[96mLoading 'move_group/MoveGroupStateValidationService'...
[move_group-22] [0m[92m
[move_group-22] You can start planning now!
[move_group-22] 
[INFO] [spawner-19]: process has finished cleanly [pid 642]
[rviz2-21] [ERROR] [1748434451.091325907] [rviz2]: Could not find parameter robot_description and did not receive robot_description via std_msgs::msg::String subscription within 10.000000 seconds.
[rviz2-21] Error:   Error document empty.
[rviz2-21]          at line 100 in ./urdf_parser/src/model.cpp
[rviz2-21] Failed to parse robot description using: urdf_xml_parser/URDFXMLParser
[rviz2-21] [INFO] [1748434461.179901581] [moveit_rdf_loader.rdf_loader]: Unable to parse URDF
[rviz2-21] [ERROR] [1748434461.223794459] [moveit_ros.planning_scene_monitor.planning_scene_monitor]: Robot model not loaded
[WARNING] [launch]: user interrupted with ctrl-c (SIGINT)
[move_group-22] [INFO] [1748434462.545511638] [rclcpp]: signal_handler(signum=2)
[rviz2-21] [INFO] [1748434462.545511308] [rclcpp]: signal_handler(signum=2)
[static_transform_publisher-18] [INFO] [1748434462.545520946] [rclcpp]: signal_handler(signum=2)
[static_transform_publisher-17] [INFO] [1748434462.545582698] [rclcpp]: signal_handler(signum=2)
[static_transform_publisher-16] [INFO] [1748434462.545665500] [rclcpp]: signal_handler(signum=2)
[static_transform_publisher-15] [INFO] [1748434462.545732875] [rclcpp]: signal_handler(signum=2)
[static_transform_publisher-14] [INFO] [1748434462.545742675] [rclcpp]: signal_handler(signum=2)
[static_transform_publisher-9] [INFO] [1748434462.545817235] [rclcpp]: signal_handler(signum=2)
[static_transform_publisher-8] [INFO] [1748434462.545899011] [rclcpp]: signal_handler(signum=2)
[static_transform_publisher-7] [INFO] [1748434462.545976434] [rclcpp]: signal_handler(signum=2)
[static_transform_publisher-6] [INFO] [1748434462.546059313] [rclcpp]: signal_handler(signum=2)
[static_transform_publisher-5] [INFO] [1748434462.546136730] [rclcpp]: signal_handler(signum=2)
[robot_state_publisher-4] [INFO] [1748434462.547669182] [rclcpp]: signal_handler(signum=2)
[robot_state_publisher-13] [INFO] [1748434462.548835458] [rclcpp]: signal_handler(signum=2)
[move_group-22] [INFO] [1748434462.622202421] [moveit.ros_planning_interface.moveit_cpp]: Deleting MoveItCpp
[move_group-22] [INFO] [1748434462.623407941] [moveit_ros.planning_scene_monitor.planning_scene_monitor]: Stopped publishing maintained planning scene.
[move_group-22] [INFO] [1748434462.624499812] [moveit_ros.planning_scene_monitor.planning_scene_monitor]: Stopping world geometry monitor
[move_group-22] [INFO] [1748434462.627387039] [moveit_ros.planning_scene_monitor.planning_scene_monitor]: Stopping planning scene monitor
[move_group-22] Warning: class_loader.ClassLoader: SEVERE WARNING!!! Attempting to unload library while objects created by this loader exist in the heap! You should delete your objects before attempting to unload the library or destroying the ClassLoader. The library will NOT be unloaded.
[move_group-22]          at line 127 in ./src/class_loader.cpp
[INFO] [static_transform_publisher-9]: process has finished cleanly [pid 564]
[INFO] [static_transform_publisher-7]: process has finished cleanly [pid 560]
[INFO] [static_transform_publisher-17]: process has finished cleanly [pid 602]
[INFO] [static_transform_publisher-16]: process has finished cleanly [pid 585]
[INFO] [static_transform_publisher-14]: process has finished cleanly [pid 574]
[INFO] [static_transform_publisher-8]: process has finished cleanly [pid 562]
[INFO] [static_transform_publisher-5]: process has finished cleanly [pid 556]
[INFO] [static_transform_publisher-15]: process has finished cleanly [pid 578]
[INFO] [robot_state_publisher-4]: process has finished cleanly [pid 554]
[INFO] [static_transform_publisher-18]: process has finished cleanly [pid 623]
[INFO] [static_transform_publisher-6]: process has finished cleanly [pid 558]
[move_group-22] Stack trace (most recent call last):
[INFO] [robot_state_publisher-13]: process has finished cleanly [pid 572]
[move_group-22] #11   Object "", at 0xffffffffffffffff, in 
[move_group-22] #10   Object "/ros2_ws/build/moveit_ros_move_group/move_group", at 0x55e4a81ebeb4, in _start
[move_group-22] #9    Object "/usr/lib/x86_64-linux-gnu/libc.so.6", at 0x7f9af71dee3f, in __libc_start_main
[move_group-22] #8    Object "/usr/lib/x86_64-linux-gnu/libc.so.6", at 0x7f9af71ded8f, in 
[move_group-22] #7    Object "/ros2_ws/build/moveit_ros_move_group/move_group", at 0x55e4a81eb483, in main
[move_group-22] #6    Object "/ros2_ws/build/moveit_ros_move_group/move_group", at 0x55e4a81f29c1, in std::_Sp_counted_base<(__gnu_cxx::_Lock_policy)2>::_M_release()
[move_group-22] #5    Object "/opt/ros/humble/lib/librclcpp.so", at 0x7f9af770384e, in rclcpp::Node::~Node()
[move_group-22] #4    Object "/opt/ros/humble/lib/librclcpp.so", at 0x7f9af76dec69, in 
[move_group-22] #3    Object "/opt/ros/humble/lib/librclcpp.so", at 0x7f9af770cef9, in 
[move_group-22] #2    Object "/opt/ros/humble/lib/librclcpp.so", at 0x7f9af770ce40, in rclcpp::node_interfaces::NodeBase::~NodeBase()
[move_group-22] #1    Object "/opt/ros/humble/lib/librclcpp.so", at 0x7f9af76dec69, in 
[move_group-22] #0    Object "/opt/ros/humble/lib/librclcpp.so", at 0x7f9af76e39e1, in rclcpp::CallbackGroup::~CallbackGroup()
[move_group-22] Segmentation fault (Address not mapped to object [0x7f9aec574c70])
[INFO] [rviz2-21]: process has finished cleanly [pid 667]
[ERROR] [move_group-22]: process has died [pid 669, exit code -11, cmd '/ros2_ws/install/moveit_ros_move_group/lib/moveit_ros_move_group/move_group --ros-args --params-file /tmp/launch_params_hxtpr38d --params-file /tmp/launch_params_qv_cyn7k --params-file /tmp/launch_params_kgyzmv4n --params-file /tmp/launch_params_ayicwkm5 --params-file /tmp/launch_params_r77lrwgq'].
[move_group-22] [0m
[INFO] [gzserver-1]: process has finished cleanly [pid 548]
[ERROR] [gzclient-2]: process has died [pid 550, exit code -11, cmd 'gzclient'].
