[INFO] [launch]: All log files can be found below /root/.ros/log/2025-05-23-09-33-01-064216-outlander-Aspire-V3-571G-141121
[INFO] [launch]: Default logging verbosity is set to INFO
[INFO] [gzserver-1]: process started with pid [141125]
[INFO] [gzclient-2]: process started with pid [141127]
[INFO] [spawn_entity.py-3]: process started with pid [141129]
[INFO] [robot_state_publisher-4]: process started with pid [141131]
[INFO] [static_transform_publisher-5]: process started with pid [141133]
[INFO] [static_transform_publisher-6]: process started with pid [141135]
[INFO] [static_transform_publisher-7]: process started with pid [141137]
[INFO] [static_transform_publisher-8]: process started with pid [141139]
[INFO] [static_transform_publisher-9]: process started with pid [141149]
[INFO] [spawner-10]: process started with pid [141179]
[INFO] [spawner-11]: process started with pid [141182]
[INFO] [spawn_entity.py-12]: process started with pid [141184]
[INFO] [robot_state_publisher-13]: process started with pid [141203]
[INFO] [static_transform_publisher-14]: process started with pid [141206]
[INFO] [static_transform_publisher-15]: process started with pid [141208]
[INFO] [static_transform_publisher-16]: process started with pid [141211]
[INFO] [static_transform_publisher-17]: process started with pid [141233]
[INFO] [static_transform_publisher-18]: process started with pid [141238]
[INFO] [spawner-19]: process started with pid [141251]
[INFO] [spawner-20]: process started with pid [141255]
[INFO] [rviz2-21]: process started with pid [141257]
[INFO] [move_group-22]: process started with pid [141259]
[robot_state_publisher-4] [INFO] [1747992786.368891004] [left.robot_state_publisher]: got segment left_summit_back_left_wheel_link
[robot_state_publisher-4] [INFO] [1747992786.369079983] [left.robot_state_publisher]: got segment left_summit_back_right_wheel_link
[robot_state_publisher-4] [INFO] [1747992786.369112848] [left.robot_state_publisher]: got segment left_summit_base_chapa
[robot_state_publisher-4] [INFO] [1747992786.369133512] [left.robot_state_publisher]: got segment left_summit_base_docking_contact
[robot_state_publisher-4] [INFO] [1747992786.369151414] [left.robot_state_publisher]: got segment left_summit_base_footprint
[robot_state_publisher-4] [INFO] [1747992786.369167067] [left.robot_state_publisher]: got segment left_summit_base_link
[robot_state_publisher-4] [INFO] [1747992786.369183432] [left.robot_state_publisher]: got segment left_summit_base_logo_front
[robot_state_publisher-4] [INFO] [1747992786.369199057] [left.robot_state_publisher]: got segment left_summit_base_logo_left
[robot_state_publisher-4] [INFO] [1747992786.369214730] [left.robot_state_publisher]: got segment left_summit_base_logo_rear
[robot_state_publisher-4] [INFO] [1747992786.369230347] [left.robot_state_publisher]: got segment left_summit_base_logo_right
[robot_state_publisher-4] [INFO] [1747992786.369246018] [left.robot_state_publisher]: got segment left_summit_front_laser_base_link
[robot_state_publisher-4] [INFO] [1747992786.369261874] [left.robot_state_publisher]: got segment left_summit_front_laser_link
[robot_state_publisher-4] [INFO] [1747992786.369277625] [left.robot_state_publisher]: got segment left_summit_front_left_wheel_link
[robot_state_publisher-4] [INFO] [1747992786.369294080] [left.robot_state_publisher]: got segment left_summit_front_right_wheel_link
[robot_state_publisher-4] [INFO] [1747992786.369309645] [left.robot_state_publisher]: got segment left_summit_imu_link
[robot_state_publisher-4] [INFO] [1747992786.369327283] [left.robot_state_publisher]: got segment left_summit_rear_laser_base_link
[robot_state_publisher-4] [INFO] [1747992786.369344727] [left.robot_state_publisher]: got segment left_summit_rear_laser_link
[robot_state_publisher-4] [INFO] [1747992786.369364155] [left.robot_state_publisher]: got segment ur_left_base
[robot_state_publisher-4] [INFO] [1747992786.369382373] [left.robot_state_publisher]: got segment ur_left_base_link
[robot_state_publisher-4] [INFO] [1747992786.369399012] [left.robot_state_publisher]: got segment ur_left_base_link_inertia
[robot_state_publisher-4] [INFO] [1747992786.369415695] [left.robot_state_publisher]: got segment ur_left_finger_left
[robot_state_publisher-4] [INFO] [1747992786.369432254] [left.robot_state_publisher]: got segment ur_left_finger_right
[robot_state_publisher-4] [INFO] [1747992786.369449773] [left.robot_state_publisher]: got segment ur_left_finger_tip
[robot_state_publisher-4] [INFO] [1747992786.369467799] [left.robot_state_publisher]: got segment ur_left_flange
[robot_state_publisher-4] [INFO] [1747992786.369486488] [left.robot_state_publisher]: got segment ur_left_forearm_link
[robot_state_publisher-4] [INFO] [1747992786.369504258] [left.robot_state_publisher]: got segment ur_left_ft_frame
[robot_state_publisher-4] [INFO] [1747992786.369523241] [left.robot_state_publisher]: got segment ur_left_robotiq_hand
[robot_state_publisher-4] [INFO] [1747992786.369541947] [left.robot_state_publisher]: got segment ur_left_shoulder_link
[robot_state_publisher-4] [INFO] [1747992786.369559707] [left.robot_state_publisher]: got segment ur_left_tool0
[robot_state_publisher-4] [INFO] [1747992786.369578412] [left.robot_state_publisher]: got segment ur_left_upper_arm_link
[robot_state_publisher-4] [INFO] [1747992786.369597416] [left.robot_state_publisher]: got segment ur_left_wrist_1_link
[robot_state_publisher-4] [INFO] [1747992786.369614484] [left.robot_state_publisher]: got segment ur_left_wrist_2_link
[robot_state_publisher-4] [INFO] [1747992786.369679884] [left.robot_state_publisher]: got segment ur_left_wrist_3_link
[static_transform_publisher-5] [WARN] [1747992786.122605098] []: Old-style arguments are deprecated; see --help for new-style arguments
[static_transform_publisher-5] [INFO] [1747992786.173722057] [left.static_transform_publisher]: Spinning until stopped - publishing transform
[static_transform_publisher-5] translation: ('-0.660000', '0.000000', '0.000000')
[static_transform_publisher-5] rotation: ('0.000000', '0.000000', '0.000000', '1.000000')
[static_transform_publisher-5] from 'world' to 'left_summit_odom'
[static_transform_publisher-6] [WARN] [1747992786.122640969] []: Old-style arguments are deprecated; see --help for new-style arguments
[static_transform_publisher-6] [INFO] [1747992786.187049574] [left_static_transform_publisher_back_left]: Spinning until stopped - publishing transform
[static_transform_publisher-6] translation: ('0.250000', '0.150000', '0.000000')
[static_transform_publisher-6] rotation: ('0.000000', '0.000000', '0.000000', '1.000000')
[static_transform_publisher-6] from 'left_summit_base_link' to 'left_summit_back_left_wheel_link'
[static_transform_publisher-7] [WARN] [1747992786.124383591] []: Old-style arguments are deprecated; see --help for new-style arguments
[static_transform_publisher-7] [INFO] [1747992786.189985183] [left_static_transform_publisher_back_right]: Spinning until stopped - publishing transform
[static_transform_publisher-7] translation: ('0.250000', '-0.150000', '0.000000')
[static_transform_publisher-7] rotation: ('0.000000', '0.000000', '0.000000', '1.000000')
[static_transform_publisher-7] from 'left_summit_base_link' to 'left_summit_back_right_wheel_link'
[static_transform_publisher-8] [WARN] [1747992786.160547439] []: Old-style arguments are deprecated; see --help for new-style arguments
[static_transform_publisher-8] [INFO] [1747992786.225715754] [left_static_transform_publisher_front_left]: Spinning until stopped - publishing transform
[static_transform_publisher-8] translation: ('-0.250000', '0.150000', '0.000000')
[static_transform_publisher-8] rotation: ('0.000000', '0.000000', '0.000000', '1.000000')
[static_transform_publisher-8] from 'left_summit_base_link' to 'left_summit_front_left_wheel_link'
[static_transform_publisher-9] [WARN] [1747992786.170300096] []: Old-style arguments are deprecated; see --help for new-style arguments
[static_transform_publisher-9] [INFO] [1747992786.248891265] [static_transform_publisher_front_right]: Spinning until stopped - publishing transform
[static_transform_publisher-9] translation: ('-0.250000', '-0.150000', '0.000000')
[static_transform_publisher-9] rotation: ('0.000000', '0.000000', '0.000000', '1.000000')
[static_transform_publisher-9] from 'left_summit_base_link' to 'left_summit_front_right_wheel_link'
[static_transform_publisher-14] [WARN] [1747992786.254373223] []: Old-style arguments are deprecated; see --help for new-style arguments
[static_transform_publisher-14] [INFO] [1747992786.377347660] [right.static_transform_publisher]: Spinning until stopped - publishing transform
[static_transform_publisher-14] translation: ('0.660000', '0.000000', '0.000000')
[static_transform_publisher-14] rotation: ('0.000000', '0.000000', '0.000000', '1.000000')
[static_transform_publisher-14] from 'world' to 'right_summit_odom'
[static_transform_publisher-15] [WARN] [1747992786.276887054] []: Old-style arguments are deprecated; see --help for new-style arguments
[static_transform_publisher-15] [INFO] [1747992786.399872698] [right_static_transform_publisher_back_left]: Spinning until stopped - publishing transform
[static_transform_publisher-15] translation: ('0.250000', '0.150000', '0.000000')
[static_transform_publisher-15] rotation: ('0.000000', '0.000000', '0.000000', '1.000000')
[static_transform_publisher-15] from 'right_summit_base_link' to 'right_summit_back_left_wheel_link'
[static_transform_publisher-16] [WARN] [1747992786.304696189] []: Old-style arguments are deprecated; see --help for new-style arguments
[static_transform_publisher-18] [WARN] [1747992786.393426768] []: Old-style arguments are deprecated; see --help for new-style arguments
[static_transform_publisher-17] [WARN] [1747992786.430304096] []: Old-style arguments are deprecated; see --help for new-style arguments
[static_transform_publisher-18] [INFO] [1747992786.432059396] [static_transform_publisher_front_right]: Spinning until stopped - publishing transform
[static_transform_publisher-18] translation: ('-0.250000', '-0.150000', '0.000000')
[static_transform_publisher-18] rotation: ('0.000000', '0.000000', '0.000000', '1.000000')
[static_transform_publisher-18] from 'right_summit_base_link' to 'right_summit_front_right_wheel_link'
[static_transform_publisher-16] [INFO] [1747992786.435845367] [right_static_transform_publisher_back_right]: Spinning until stopped - publishing transform
[static_transform_publisher-16] translation: ('0.250000', '-0.150000', '0.000000')
[static_transform_publisher-16] rotation: ('0.000000', '0.000000', '0.000000', '1.000000')
[static_transform_publisher-16] from 'right_summit_base_link' to 'right_summit_back_right_wheel_link'
[static_transform_publisher-17] [INFO] [1747992786.602856802] [right_static_transform_publisher_front_left]: Spinning until stopped - publishing transform
[static_transform_publisher-17] translation: ('-0.250000', '0.150000', '0.000000')
[static_transform_publisher-17] rotation: ('0.000000', '0.000000', '0.000000', '1.000000')
[static_transform_publisher-17] from 'right_summit_base_link' to 'right_summit_front_left_wheel_link'
[rviz2-21] QStandardPaths: XDG_RUNTIME_DIR not set, defaulting to '/tmp/runtime-root'
[robot_state_publisher-13] [INFO] [1747992786.705291288] [right.robot_state_publisher]: got segment right_summit_back_left_wheel_link
[robot_state_publisher-13] [INFO] [1747992786.706971778] [right.robot_state_publisher]: got segment right_summit_back_right_wheel_link
[robot_state_publisher-13] [INFO] [1747992786.708335635] [right.robot_state_publisher]: got segment right_summit_base_chapa
[robot_state_publisher-13] [INFO] [1747992786.709696853] [right.robot_state_publisher]: got segment right_summit_base_docking_contact
[robot_state_publisher-13] [INFO] [1747992786.711204801] [right.robot_state_publisher]: got segment right_summit_base_footprint
[robot_state_publisher-13] [INFO] [1747992786.712521214] [right.robot_state_publisher]: got segment right_summit_base_link
[robot_state_publisher-13] [INFO] [1747992786.713735163] [right.robot_state_publisher]: got segment right_summit_base_logo_front
[robot_state_publisher-13] [INFO] [1747992786.714991810] [right.robot_state_publisher]: got segment right_summit_base_logo_left
[robot_state_publisher-13] [INFO] [1747992786.716243388] [right.robot_state_publisher]: got segment right_summit_base_logo_rear
[robot_state_publisher-13] [INFO] [1747992786.717902336] [right.robot_state_publisher]: got segment right_summit_base_logo_right
[robot_state_publisher-13] [INFO] [1747992786.717937347] [right.robot_state_publisher]: got segment right_summit_front_laser_base_link
[robot_state_publisher-13] [INFO] [1747992786.717959046] [right.robot_state_publisher]: got segment right_summit_front_laser_link
[robot_state_publisher-13] [INFO] [1747992786.717978966] [right.robot_state_publisher]: got segment right_summit_front_left_wheel_link
[robot_state_publisher-13] [INFO] [1747992786.723103579] [right.robot_state_publisher]: got segment right_summit_front_right_wheel_link
[robot_state_publisher-13] [INFO] [1747992786.724706102] [right.robot_state_publisher]: got segment right_summit_imu_link
[robot_state_publisher-13] [INFO] [1747992786.724742910] [right.robot_state_publisher]: got segment right_summit_rear_laser_base_link
[robot_state_publisher-13] [INFO] [1747992786.724765857] [right.robot_state_publisher]: got segment right_summit_rear_laser_link
[robot_state_publisher-13] [INFO] [1747992786.724786375] [right.robot_state_publisher]: got segment ur_right_base
[robot_state_publisher-13] [INFO] [1747992786.724806395] [right.robot_state_publisher]: got segment ur_right_base_link
[robot_state_publisher-13] [INFO] [1747992786.724826225] [right.robot_state_publisher]: got segment ur_right_base_link_inertia
[robot_state_publisher-13] [INFO] [1747992786.724845108] [right.robot_state_publisher]: got segment ur_right_finger_left
[robot_state_publisher-13] [INFO] [1747992786.724864008] [right.robot_state_publisher]: got segment ur_right_finger_right
[robot_state_publisher-13] [INFO] [1747992786.724883146] [right.robot_state_publisher]: got segment ur_right_finger_tip
[robot_state_publisher-13] [INFO] [1747992786.724901834] [right.robot_state_publisher]: got segment ur_right_flange
[robot_state_publisher-13] [INFO] [1747992786.724920930] [right.robot_state_publisher]: got segment ur_right_forearm_link
[robot_state_publisher-13] [INFO] [1747992786.724940270] [right.robot_state_publisher]: got segment ur_right_ft_frame
[robot_state_publisher-13] [INFO] [1747992786.724959894] [right.robot_state_publisher]: got segment ur_right_robotiq_hand
[robot_state_publisher-13] [INFO] [1747992786.724978856] [right.robot_state_publisher]: got segment ur_right_shoulder_link
[robot_state_publisher-13] [INFO] [1747992786.724998350] [right.robot_state_publisher]: got segment ur_right_tool0
[robot_state_publisher-13] [INFO] [1747992786.725016640] [right.robot_state_publisher]: got segment ur_right_upper_arm_link
[robot_state_publisher-13] [INFO] [1747992786.725035896] [right.robot_state_publisher]: got segment ur_right_wrist_1_link
[robot_state_publisher-13] [INFO] [1747992786.725054627] [right.robot_state_publisher]: got segment ur_right_wrist_2_link
[robot_state_publisher-13] [INFO] [1747992786.725072807] [right.robot_state_publisher]: got segment ur_right_wrist_3_link
[move_group-22] [INFO] [1747992787.062012740] [moveit_rdf_loader.rdf_loader]: Loaded robot model in 0.115922 seconds
[move_group-22] [INFO] [1747992787.064634834] [moveit_robot_model.robot_model]: Loading robot model 'srm'...
[move_group-22] [INFO] [1747992787.070678930] [moveit_robot_model.robot_model]: No root/virtual joint specified in SRDF. Assuming fixed joint
[move_group-22] [WARN] [1747992787.085759750] [moveit_robot_model.robot_model]: Link left_summit_base_footprint has visual geometry but no collision geometry. Collision geometry will be left empty. Fix your URDF file by explicitly specifying collision geometry.
[move_group-22] [WARN] [1747992787.107309202] [moveit_robot_model.robot_model]: Link left_summit_base_logo_front has visual geometry but no collision geometry. Collision geometry will be left empty. Fix your URDF file by explicitly specifying collision geometry.
[move_group-22] [WARN] [1747992787.107358290] [moveit_robot_model.robot_model]: Link left_summit_base_logo_left has visual geometry but no collision geometry. Collision geometry will be left empty. Fix your URDF file by explicitly specifying collision geometry.
[move_group-22] [WARN] [1747992787.107377606] [moveit_robot_model.robot_model]: Link left_summit_base_logo_rear has visual geometry but no collision geometry. Collision geometry will be left empty. Fix your URDF file by explicitly specifying collision geometry.
[move_group-22] [WARN] [1747992787.107394255] [moveit_robot_model.robot_model]: Link left_summit_base_logo_right has visual geometry but no collision geometry. Collision geometry will be left empty. Fix your URDF file by explicitly specifying collision geometry.
[move_group-22] [WARN] [1747992787.107411070] [moveit_robot_model.robot_model]: Link left_summit_base_chapa has visual geometry but no collision geometry. Collision geometry will be left empty. Fix your URDF file by explicitly specifying collision geometry.
[move_group-22] [WARN] [1747992787.114075835] [moveit_robot_model.robot_model]: Link left_summit_imu_link has visual geometry but no collision geometry. Collision geometry will be left empty. Fix your URDF file by explicitly specifying collision geometry.
[spawner-10] [INFO] [1747992787.454852557] [left.spawner_joint_state_broadcaster]: waiting for service /left/controller_manager/list_controllers to become available...
[spawner-11] [INFO] [1747992787.853774558] [left.spawner_ur_left_joint_group_vel_controller]: waiting for service /left/controller_manager/list_controllers to become available...
[spawn_entity.py-12] [INFO] [1747992787.859984700] [right]: Spawn Entity started
[spawn_entity.py-12] [INFO] [1747992787.861021095] [right]: Loading entity published on topic /right/robot_description
[spawn_entity.py-12] /opt/ros/humble/local/lib/python3.10/dist-packages/rclpy/qos.py:307: UserWarning: DurabilityPolicy.RMW_QOS_POLICY_DURABILITY_TRANSIENT_LOCAL is deprecated. Use DurabilityPolicy.TRANSIENT_LOCAL instead.
[spawn_entity.py-12]   warnings.warn(
[spawn_entity.py-12] [INFO] [1747992787.869312105] [right]: Waiting for entity xml on /right/robot_description
[spawn_entity.py-12] [INFO] [1747992787.881887988] [right]: Waiting for service /spawn_entity, timeout = 5
[spawn_entity.py-12] [INFO] [1747992787.882946698] [right]: Waiting for service /spawn_entity
[spawner-20] [INFO] [1747992787.884525700] [right.spawner_ur_right_joint_group_vel_controller]: waiting for service /right/controller_manager/list_controllers to become available...
[move_group-22] [WARN] [1747992787.888246292] [moveit_robot_model.robot_model]: Link right_summit_base_footprint has visual geometry but no collision geometry. Collision geometry will be left empty. Fix your URDF file by explicitly specifying collision geometry.
[spawn_entity.py-3] [INFO] [1747992787.888476912] [left]: Spawn Entity started
[spawn_entity.py-3] [INFO] [1747992787.889121902] [left]: Loading entity published on topic /left/robot_description
[spawn_entity.py-3] /opt/ros/humble/local/lib/python3.10/dist-packages/rclpy/qos.py:307: UserWarning: DurabilityPolicy.RMW_QOS_POLICY_DURABILITY_TRANSIENT_LOCAL is deprecated. Use DurabilityPolicy.TRANSIENT_LOCAL instead.
[spawn_entity.py-3]   warnings.warn(
[move_group-22] [WARN] [1747992787.893083150] [moveit_robot_model.robot_model]: Link right_summit_base_logo_front has visual geometry but no collision geometry. Collision geometry will be left empty. Fix your URDF file by explicitly specifying collision geometry.
[move_group-22] [WARN] [1747992787.893136377] [moveit_robot_model.robot_model]: Link right_summit_base_logo_left has visual geometry but no collision geometry. Collision geometry will be left empty. Fix your URDF file by explicitly specifying collision geometry.
[move_group-22] [WARN] [1747992787.893158026] [moveit_robot_model.robot_model]: Link right_summit_base_logo_rear has visual geometry but no collision geometry. Collision geometry will be left empty. Fix your URDF file by explicitly specifying collision geometry.
[move_group-22] [WARN] [1747992787.893176499] [moveit_robot_model.robot_model]: Link right_summit_base_logo_right has visual geometry but no collision geometry. Collision geometry will be left empty. Fix your URDF file by explicitly specifying collision geometry.
[move_group-22] [WARN] [1747992787.893194961] [moveit_robot_model.robot_model]: Link right_summit_base_chapa has visual geometry but no collision geometry. Collision geometry will be left empty. Fix your URDF file by explicitly specifying collision geometry.
[spawn_entity.py-3] [INFO] [1747992787.895145613] [left]: Waiting for entity xml on /left/robot_description
[move_group-22] [WARN] [1747992787.900429277] [moveit_robot_model.robot_model]: Link right_summit_imu_link has visual geometry but no collision geometry. Collision geometry will be left empty. Fix your URDF file by explicitly specifying collision geometry.
[spawner-19] [INFO] [1747992787.901497675] [right.spawner_joint_state_broadcaster]: waiting for service /right/controller_manager/list_controllers to become available...
[move_group-22] [INFO] [1747992788.145069417] [moveit_kinematics_base.kinematics_base]: SrvKinematicsPlugin initializing
[move_group-22] [INFO] [1747992788.145114184] [moveit_kinematics_base.kinematics_base]: Dimension planning group 'srm_r': 10. Active Joints Models: 10. Mimic Joint Models: 0
[rviz2-21] [INFO] [1747992788.213341658] [rviz2]: Stereo is NOT SUPPORTED
[rviz2-21] [INFO] [1747992788.213553539] [rviz2]: OpenGl version: 4.6 (GLSL 4.6)
[rviz2-21] [INFO] [1747992788.275667024] [rviz2]: Stereo is NOT SUPPORTED
[spawn_entity.py-3] [INFO] [1747992788.339581349] [left]: Waiting for service /spawn_entity, timeout = 5
[spawn_entity.py-3] [INFO] [1747992788.340705799] [left]: Waiting for service /spawn_entity
[move_group-22] [WARN] [1747992789.151258277] [moveit_kinematics_base.kinematics_base]: Unable to connect to ROS service client with name: /solve_ik
[move_group-22] [ERROR] [1747992789.151374427] [moveit_ros.robot_model_loader]: Kinematics solver N21srv_kinematics_plugin19SrvKinematicsPluginE does not support joint group srm_r.  Error: This plugin only supports joint groups which are chains
[move_group-22] [INFO] [1747992789.151456291] [moveit_kinematics_base.kinematics_base]: SrvKinematicsPlugin initializing
[move_group-22] [INFO] [1747992789.151481761] [moveit_kinematics_base.kinematics_base]: Dimension planning group 'srm_l': 10. Active Joints Models: 10. Mimic Joint Models: 0
[rviz2-21] [WARN] [1747992789.261010764] [rcl.logging_rosout]: Publisher already registered for provided node name. If this is due to multiple nodes with the same name then all logs for that logger name will go out over the existing publisher. As soon as any node with that name is destructed it will unregister the publisher, preventing any further logs for that name from being published on the rosout topic.
[gzserver-1] [WARN] [1747992789.677369572] [rcl]: Found remap rule 'model_states:=model_states'. This syntax is deprecated. Use '--ros-args --remap model_states:=model_states' instead.
[gzserver-1] [WARN] [1747992789.677739286] [rcl]: Found remap rule 'link_states:=link_states'. This syntax is deprecated. Use '--ros-args --remap link_states:=link_states' instead.
[gzserver-1] [INFO] [1747992789.706597789] [state.gazebo_ros_state]: Publishing states of gazebo models at [/state/model_states]
[gzserver-1] [INFO] [1747992789.708335793] [state.gazebo_ros_state]: Publishing states of gazebo links at [/state/link_states]
[move_group-22] [WARN] [1747992790.153622000] [moveit_kinematics_base.kinematics_base]: Unable to connect to ROS service client with name: /solve_ik
[move_group-22] [ERROR] [1747992790.153702840] [moveit_ros.robot_model_loader]: Kinematics solver N21srv_kinematics_plugin19SrvKinematicsPluginE does not support joint group srm_l.  Error: This plugin only supports joint groups which are chains
[move_group-22] [INFO] [1747992790.153803259] [moveit_kinematics_base.kinematics_base]: SrvKinematicsPlugin initializing
[move_group-22] [INFO] [1747992790.153827872] [moveit_kinematics_base.kinematics_base]: Dimension planning group 'srm_r_base': 4. Active Joints Models: 4. Mimic Joint Models: 0
[spawn_entity.py-3] [INFO] [1747992790.858221957] [left]: Calling service /spawn_entity
[spawn_entity.py-12] [INFO] [1747992790.902877941] [right]: Calling service /spawn_entity
[move_group-22] [WARN] [1747992791.155692139] [moveit_kinematics_base.kinematics_base]: Unable to connect to ROS service client with name: /solve_ik
[move_group-22] [ERROR] [1747992791.155746926] [moveit_ros.robot_model_loader]: Kinematics solver N21srv_kinematics_plugin19SrvKinematicsPluginE does not support joint group srm_r_base.  Error: This plugin only supports joint groups which are chains
[move_group-22] [INFO] [1747992791.161321654] [moveit_kinematics_base.kinematics_base]: SrvKinematicsPlugin initializing
[move_group-22] [INFO] [1747992791.161363687] [moveit_kinematics_base.kinematics_base]: Dimension planning group 'srm_l_base': 4. Active Joints Models: 4. Mimic Joint Models: 0
[gzserver-1] [INFO] [1747992791.893347069] [right_summit_imu_imu_plugin]: <initial_orientation_as_reference> is unset, using default value of false to comply with REP 145 (world as orientation reference)
[move_group-22] [WARN] [1747992792.164794291] [moveit_kinematics_base.kinematics_base]: Unable to connect to ROS service client with name: /solve_ik
[move_group-22] [ERROR] [1747992792.164847410] [moveit_ros.robot_model_loader]: Kinematics solver N21srv_kinematics_plugin19SrvKinematicsPluginE does not support joint group srm_l_base.  Error: This plugin only supports joint groups which are chains
[spawn_entity.py-12] [INFO] [1747992792.181722346] [right]: Spawn status: SpawnEntity: Successfully spawned entity [right_robot]
[spawn_entity.py-12] [INFO] [1747992792.191889022] [right]: Calling service /unpause_physics
[INFO] [spawn_entity.py-12]: process has finished cleanly [pid 141184]
[gzserver-1] [INFO] [1747992792.560983510] [right_summit.omni_steering]: Subscribed to [/right_summit/cmd_vel]
[gzserver-1] [INFO] [1747992792.571152061] [right_summit.omni_steering]: Advertise odometry on [/right_summit/odom]
[gzserver-1] [INFO] [1747992792.582689914] [right_summit.omni_steering]: Publishing odom transforms between [right_summit_odom] and [right_summit_base_footprint]
[gzserver-1] [INFO] [1747992792.657423342] [gazebo_ros2_control]: Loading gazebo_ros2_control plugin
[gzserver-1] [INFO] [1747992792.684264347] [right.right_gazebo_ros2_control]: Starting gazebo_ros2_control plugin in namespace: /right
[gzserver-1] [INFO] [1747992792.684992505] [right.right_gazebo_ros2_control]: Starting gazebo_ros2_control plugin in ros 2 node: right_gazebo_ros2_control
[gzserver-1] [INFO] [1747992792.706253591] [right.right_gazebo_ros2_control]: connected to service!! robot_state_publisher
[gzserver-1] [INFO] [1747992792.713189749] [right.right_gazebo_ros2_control]: Received urdf from param server, parsing...
[gzserver-1] [INFO] [1747992792.714760123] [right.right_gazebo_ros2_control]: Loading parameter files /ros2_ws/install/ur/share/ur/config/right_controller.yaml
[gzserver-1] [INFO] [1747992792.770242249] [right.right_gazebo_ros2_control]: Loading joint: ur_right_shoulder_pan_joint
[gzserver-1] [INFO] [1747992792.770681742] [right.right_gazebo_ros2_control]: 	State:
[gzserver-1] [INFO] [1747992792.770791010] [right.right_gazebo_ros2_control]: 		 position
[gzserver-1] [INFO] [1747992792.771916400] [right.right_gazebo_ros2_control]: 			 found initial value: -1.300000
[gzserver-1] [INFO] [1747992792.771987371] [right.right_gazebo_ros2_control]: 		 velocity
[gzserver-1] [INFO] [1747992792.772431318] [right.right_gazebo_ros2_control]: 		 effort
[gzserver-1] [INFO] [1747992792.772666978] [right.right_gazebo_ros2_control]: 	Command:
[gzserver-1] [INFO] [1747992792.772701938] [right.right_gazebo_ros2_control]: 		 position
[gzserver-1] [INFO] [1747992792.773986702] [right.right_gazebo_ros2_control]: 		 velocity
[gzserver-1] [INFO] [1747992792.774871428] [right.right_gazebo_ros2_control]: Loading joint: ur_right_shoulder_lift_joint
[gzserver-1] [INFO] [1747992792.774941483] [right.right_gazebo_ros2_control]: 	State:
[gzserver-1] [INFO] [1747992792.774973601] [right.right_gazebo_ros2_control]: 		 position
[gzserver-1] [INFO] [1747992792.775006649] [right.right_gazebo_ros2_control]: 			 found initial value: -0.800000
[gzserver-1] [INFO] [1747992792.775040736] [right.right_gazebo_ros2_control]: 		 velocity
[gzserver-1] [INFO] [1747992792.775079684] [right.right_gazebo_ros2_control]: 		 effort
[gzserver-1] [INFO] [1747992792.775108208] [right.right_gazebo_ros2_control]: 	Command:
[gzserver-1] [INFO] [1747992792.775133760] [right.right_gazebo_ros2_control]: 		 position
[gzserver-1] [INFO] [1747992792.775218867] [right.right_gazebo_ros2_control]: 		 velocity
[gzserver-1] [INFO] [1747992792.775268410] [right.right_gazebo_ros2_control]: Loading joint: ur_right_elbow_joint
[gzserver-1] [INFO] [1747992792.775301121] [right.right_gazebo_ros2_control]: 	State:
[gzserver-1] [INFO] [1747992792.775329058] [right.right_gazebo_ros2_control]: 		 position
[gzserver-1] [INFO] [1747992792.775358459] [right.right_gazebo_ros2_control]: 			 found initial value: -1.800000
[gzserver-1] [INFO] [1747992792.775391515] [right.right_gazebo_ros2_control]: 		 velocity
[gzserver-1] [INFO] [1747992792.775423225] [right.right_gazebo_ros2_control]: 		 effort
[gzserver-1] [INFO] [1747992792.775499733] [right.right_gazebo_ros2_control]: 	Command:
[gzserver-1] [INFO] [1747992792.775530837] [right.right_gazebo_ros2_control]: 		 position
[gzserver-1] [INFO] [1747992792.775593987] [right.right_gazebo_ros2_control]: 		 velocity
[gzserver-1] [INFO] [1747992792.775640314] [right.right_gazebo_ros2_control]: Loading joint: ur_right_wrist_1_joint
[gzserver-1] [INFO] [1747992792.775727548] [right.right_gazebo_ros2_control]: 	State:
[gzserver-1] [INFO] [1747992792.775759471] [right.right_gazebo_ros2_control]: 		 position
[gzserver-1] [INFO] [1747992792.775788383] [right.right_gazebo_ros2_control]: 			 found initial value: -1.570000
[gzserver-1] [INFO] [1747992792.775818912] [right.right_gazebo_ros2_control]: 		 velocity
[gzserver-1] [INFO] [1747992792.775847559] [right.right_gazebo_ros2_control]: 		 effort
[gzserver-1] [INFO] [1747992792.775875936] [right.right_gazebo_ros2_control]: 	Command:
[gzserver-1] [INFO] [1747992792.775901406] [right.right_gazebo_ros2_control]: 		 position
[gzserver-1] [INFO] [1747992792.775953445] [right.right_gazebo_ros2_control]: 		 velocity
[gzserver-1] [INFO] [1747992792.776001163] [right.right_gazebo_ros2_control]: Loading joint: ur_right_wrist_2_joint
[gzserver-1] [INFO] [1747992792.776034844] [right.right_gazebo_ros2_control]: 	State:
[gzserver-1] [INFO] [1747992792.776061872] [right.right_gazebo_ros2_control]: 		 position
[gzserver-1] [INFO] [1747992792.776092436] [right.right_gazebo_ros2_control]: 			 found initial value: 1.638000
[gzserver-1] [INFO] [1747992792.776125273] [right.right_gazebo_ros2_control]: 		 velocity
[gzserver-1] [INFO] [1747992792.776155542] [right.right_gazebo_ros2_control]: 		 effort
[gzserver-1] [INFO] [1747992792.776180751] [right.right_gazebo_ros2_control]: 	Command:
[gzserver-1] [INFO] [1747992792.776202883] [right.right_gazebo_ros2_control]: 		 position
[gzserver-1] [INFO] [1747992792.776271397] [right.right_gazebo_ros2_control]: 		 velocity
[gzserver-1] [INFO] [1747992792.776330462] [right.right_gazebo_ros2_control]: Loading joint: ur_right_wrist_3_joint
[gzserver-1] [INFO] [1747992792.776364759] [right.right_gazebo_ros2_control]: 	State:
[gzserver-1] [INFO] [1747992792.776394502] [right.right_gazebo_ros2_control]: 		 position
[gzserver-1] [INFO] [1747992792.776423919] [right.right_gazebo_ros2_control]: 			 found initial value: 0.000000
[gzserver-1] [INFO] [1747992792.776459733] [right.right_gazebo_ros2_control]: 		 velocity
[gzserver-1] [INFO] [1747992792.776509239] [right.right_gazebo_ros2_control]: 		 effort
[gzserver-1] [INFO] [1747992792.776536313] [right.right_gazebo_ros2_control]: 	Command:
[gzserver-1] [INFO] [1747992792.776559076] [right.right_gazebo_ros2_control]: 		 position
[gzserver-1] [INFO] [1747992792.776601602] [right.right_gazebo_ros2_control]: 		 velocity
[gzserver-1] [INFO] [1747992792.778766227] [resource_manager]: Initialize hardware 'right_ur' 
[gzserver-1] [INFO] [1747992792.782619357] [resource_manager]: Successful initialization of hardware 'right_ur'
[gzserver-1] [INFO] [1747992792.795122186] [resource_manager]: 'configure' hardware 'right_ur' 
[gzserver-1] [INFO] [1747992792.795474908] [resource_manager]: Successful 'configure' of hardware 'right_ur'
[gzserver-1] [INFO] [1747992792.795872474] [resource_manager]: 'activate' hardware 'right_ur' 
[gzserver-1] [INFO] [1747992792.795900544] [resource_manager]: Successful 'activate' of hardware 'right_ur'
[gzserver-1] [INFO] [1747992792.797596377] [right.right_gazebo_ros2_control]: Loading controller_manager
[gzserver-1] [WARN] [1747992792.968789448] [right.right_gazebo_ros2_control]:  Desired controller update period (0.002 s) is slower than the gazebo simulation period (0.001 s).
[gzserver-1] [INFO] [1747992792.972022189] [right.right_gazebo_ros2_control]: Loaded gazebo_ros2_control.
[gzserver-1] [INFO] [1747992792.987514424] [right.controller_manager]: Loading controller 'joint_state_broadcaster'
[spawner-19] [INFO] [1747992793.062341069] [right.spawner_joint_state_broadcaster]: [94mLoaded [1mjoint_state_broadcaster[0m
[gzserver-1] [INFO] [1747992793.070710556] [right.controller_manager]: Configuring controller 'joint_state_broadcaster'
[gzserver-1] [INFO] [1747992793.073609327] [right.joint_state_broadcaster]: 'joints' or 'interfaces' parameter is empty. All available state interfaces will be published
[spawner-19] [INFO] [1747992793.129757601] [right.spawner_joint_state_broadcaster]: [92mConfigured and activated [1mjoint_state_broadcaster[0m
[gzserver-1] [INFO] [1747992793.160313587] [right.controller_manager]: Loading controller 'ur_right_joint_group_vel_controller'
[move_group-22] [INFO] [1747992793.292197036] [moveit_ros.planning_scene_monitor.planning_scene_monitor]: Publishing maintained planning scene on 'monitored_planning_scene'
[move_group-22] [INFO] [1747992793.292470488] [moveit.ros_planning_interface.moveit_cpp]: Listening to 'joint_states' for joint states
[move_group-22] [INFO] [1747992793.295723850] [moveit_ros.current_state_monitor]: Listening to joint states on topic 'joint_states'
[move_group-22] [INFO] [1747992793.297746358] [moveit_ros.planning_scene_monitor.planning_scene_monitor]: Listening to '/attached_collision_object' for attached collision objects
[move_group-22] [INFO] [1747992793.297807729] [moveit_ros.planning_scene_monitor.planning_scene_monitor]: Starting planning scene monitor
[move_group-22] [INFO] [1747992793.299733112] [moveit_ros.planning_scene_monitor.planning_scene_monitor]: Listening to '/planning_scene'
[move_group-22] [INFO] [1747992793.299763466] [moveit_ros.planning_scene_monitor.planning_scene_monitor]: Starting world geometry update monitor for collision objects, attached objects, octomap updates.
[move_group-22] [INFO] [1747992793.301867996] [moveit_ros.planning_scene_monitor.planning_scene_monitor]: Listening to 'collision_object'
[move_group-22] [INFO] [1747992793.303785871] [moveit_ros.planning_scene_monitor.planning_scene_monitor]: Listening to 'planning_scene_world' for planning scene world geometry
[move_group-22] [WARN] [1747992793.306078308] [moveit.ros.occupancy_map_monitor.middleware_handle]: Resolution not specified for Octomap. Assuming resolution = 0.1 instead
[INFO] [spawner-19]: process has finished cleanly [pid 141251]
[gzserver-1] [INFO] [1747992793.820839980] [left_summit_imu_imu_plugin]: <initial_orientation_as_reference> is unset, using default value of false to comply with REP 145 (world as orientation reference)
[spawn_entity.py-3] [INFO] [1747992794.173933549] [left]: Spawn status: SpawnEntity: Successfully spawned entity [left_robot]
[spawn_entity.py-3] [INFO] [1747992794.184676917] [left]: Calling service /unpause_physics
[INFO] [spawn_entity.py-3]: process has finished cleanly [pid 141129]
[move_group-22] [INFO] [1747992796.441585812] [moveit.ros_planning_interface.moveit_cpp]: Loading planning pipeline 'ompl'
[move_group-22] [INFO] [1747992796.613139015] [moveit.ros_planning.planning_pipeline]: Using planning interface 'OMPL'
[move_group-22] [INFO] [1747992796.634304909] [moveit_ros.add_time_optimal_parameterization]: Param 'ompl.path_tolerance' was not set. Using default value: 0.100000
[move_group-22] [INFO] [1747992796.634362495] [moveit_ros.add_time_optimal_parameterization]: Param 'ompl.resample_dt' was not set. Using default value: 0.100000
[move_group-22] [INFO] [1747992796.634427501] [moveit_ros.add_time_optimal_parameterization]: Param 'ompl.min_angle_change' was not set. Using default value: 0.001000
[move_group-22] [INFO] [1747992796.634519707] [moveit_ros.fix_workspace_bounds]: Param 'ompl.default_workspace_bounds' was not set. Using default value: 10.000000
[move_group-22] [INFO] [1747992796.634566081] [moveit_ros.fix_start_state_bounds]: Param 'ompl.start_state_max_bounds_error' was set to 0.100000
[move_group-22] [INFO] [1747992796.634583976] [moveit_ros.fix_start_state_bounds]: Param 'ompl.start_state_max_dt' was not set. Using default value: 0.500000
[move_group-22] [INFO] [1747992796.634623275] [moveit_ros.fix_start_state_collision]: Param 'ompl.start_state_max_dt' was not set. Using default value: 0.500000
[move_group-22] [INFO] [1747992796.634641258] [moveit_ros.fix_start_state_collision]: Param 'ompl.jiggle_fraction' was set to 0.050000
[move_group-22] [INFO] [1747992796.634677230] [moveit_ros.fix_start_state_collision]: Param 'ompl.max_sampling_attempts' was not set. Using default value: 100
[move_group-22] [INFO] [1747992796.634717099] [moveit.ros_planning.planning_pipeline]: Using planning request adapter 'Add Time Optimal Parameterization'
[move_group-22] [INFO] [1747992796.634837330] [moveit.ros_planning.planning_pipeline]: Using planning request adapter 'Resolve constraint frames to robot links'
[move_group-22] [INFO] [1747992796.634853883] [moveit.ros_planning.planning_pipeline]: Using planning request adapter 'Fix Workspace Bounds'
[move_group-22] [INFO] [1747992796.634865462] [moveit.ros_planning.planning_pipeline]: Using planning request adapter 'Fix Start State Bounds'
[move_group-22] [INFO] [1747992796.634876593] [moveit.ros_planning.planning_pipeline]: Using planning request adapter 'Fix Start State In Collision'
[move_group-22] [INFO] [1747992796.634887911] [moveit.ros_planning.planning_pipeline]: Using planning request adapter 'Fix Start State Path Constraints'
[move_group-22] [INFO] [1747992796.647728482] [moveit.ros_planning_interface.moveit_cpp]: Loading planning pipeline 'chomp'
[move_group-22] [INFO] [1747992796.684883961] [moveit.ros_planning.planning_pipeline]: Using planning interface 'CHOMP'
[move_group-22] [INFO] [1747992796.702136542] [moveit_ros.add_time_optimal_parameterization]: Param 'chomp.path_tolerance' was not set. Using default value: 0.100000
[move_group-22] [INFO] [1747992796.702176725] [moveit_ros.add_time_optimal_parameterization]: Param 'chomp.resample_dt' was not set. Using default value: 0.100000
[move_group-22] [INFO] [1747992796.702192772] [moveit_ros.add_time_optimal_parameterization]: Param 'chomp.min_angle_change' was not set. Using default value: 0.001000
[move_group-22] [INFO] [1747992796.702256762] [moveit_ros.fix_workspace_bounds]: Param 'chomp.default_workspace_bounds' was not set. Using default value: 10.000000
[move_group-22] [INFO] [1747992796.702303446] [moveit_ros.fix_start_state_bounds]: Param 'chomp.start_state_max_bounds_error' was set to 0.100000
[move_group-22] [INFO] [1747992796.702320736] [moveit_ros.fix_start_state_bounds]: Param 'chomp.start_state_max_dt' was not set. Using default value: 0.500000
[move_group-22] [INFO] [1747992796.702358960] [moveit_ros.fix_start_state_collision]: Param 'chomp.start_state_max_dt' was not set. Using default value: 0.500000
[move_group-22] [INFO] [1747992796.702375809] [moveit_ros.fix_start_state_collision]: Param 'chomp.jiggle_fraction' was set to 0.050000
[move_group-22] [INFO] [1747992796.702390417] [moveit_ros.fix_start_state_collision]: Param 'chomp.max_sampling_attempts' was not set. Using default value: 100
[move_group-22] [INFO] [1747992796.702422182] [moveit.ros_planning.planning_pipeline]: Using planning request adapter 'Add Time Optimal Parameterization'
[move_group-22] [INFO] [1747992796.702436155] [moveit.ros_planning.planning_pipeline]: Using planning request adapter 'Resolve constraint frames to robot links'
[move_group-22] [INFO] [1747992796.702447019] [moveit.ros_planning.planning_pipeline]: Using planning request adapter 'Fix Workspace Bounds'
[move_group-22] [INFO] [1747992796.702458277] [moveit.ros_planning.planning_pipeline]: Using planning request adapter 'Fix Start State Bounds'
[move_group-22] [INFO] [1747992796.702468796] [moveit.ros_planning.planning_pipeline]: Using planning request adapter 'Fix Start State In Collision'
[move_group-22] [INFO] [1747992796.702479473] [moveit.ros_planning.planning_pipeline]: Using planning request adapter 'Fix Start State Path Constraints'
[move_group-22] [INFO] [1747992796.706921228] [moveit.ros_planning_interface.moveit_cpp]: Loading planning pipeline 'pilz_industrial_motion_planner'
[move_group-22] [INFO] [1747992796.763499350] [moveit.pilz_industrial_motion_planner.joint_limits_aggregator]: Reading limits from namespace robot_description_planning
[move_group-22] [INFO] [1747992796.973646052] [moveit.pilz_industrial_motion_planner]: Available plugins: pilz_industrial_motion_planner/PlanningContextLoaderCIRC pilz_industrial_motion_planner/PlanningContextLoaderLIN pilz_industrial_motion_planner/PlanningContextLoaderPTP 
[move_group-22] [INFO] [1747992796.973687644] [moveit.pilz_industrial_motion_planner]: About to load: pilz_industrial_motion_planner/PlanningContextLoaderCIRC
[move_group-22] [INFO] [1747992796.982388642] [moveit.pilz_industrial_motion_planner]: Registered Algorithm [CIRC]
[move_group-22] [INFO] [1747992796.982450811] [moveit.pilz_industrial_motion_planner]: About to load: pilz_industrial_motion_planner/PlanningContextLoaderLIN
[move_group-22] [INFO] [1747992796.989438127] [moveit.pilz_industrial_motion_planner]: Registered Algorithm [LIN]
[move_group-22] [INFO] [1747992796.989498437] [moveit.pilz_industrial_motion_planner]: About to load: pilz_industrial_motion_planner/PlanningContextLoaderPTP
[move_group-22] [INFO] [1747992796.993750737] [moveit.pilz_industrial_motion_planner]: Registered Algorithm [PTP]
[move_group-22] [INFO] [1747992796.993864414] [moveit.ros_planning.planning_pipeline]: Using planning interface 'Pilz Industrial Motion Planner'
[move_group-22] [WARN] [1747992797.054726386] [moveit_ros.trajectory_execution_manager]: moveit_ros_control_interface/MoveItControllerManager is deprecated. Replace with `moveit_ros_control_interface/MoveItControllerManager.`
[ERROR] [gzserver-1]: process has died [pid 141125, exit code -11, cmd 'gzserver /ros2_ws/install/ur/share/ur/xacro/gazebo.world --physics False -slibgazebo_ros_init.so -slibgazebo_ros_factory.so -slibgazebo_ros_force_system.so'].
[spawner-10] [FATAL] [1747992797.474721835] [left.spawner_joint_state_broadcaster]: Could not contact service /left/controller_manager/list_controllers
[move_group-22] [INFO] [1747992797.576456231] [moveit.plugins.ros_control_interface]: Started moveit_ros_control_interface::Ros2ControlManager for namespace 
[ERROR] [spawner-10]: process has died [pid 141179, exit code 1, cmd '/ros2_ws/install/controller_manager/lib/controller_manager/spawner joint_state_broadcaster -c /left/controller_manager --controller-manager-timeout 10 --ros-args -r __ns:=/left'].
[spawner-11] [WARN] [1747992797.875879464] [left.spawner_ur_left_joint_group_vel_controller]: Could not contact service /left/controller_manager/list_controllers
[spawner-11] [INFO] [1747992797.876654606] [left.spawner_ur_left_joint_group_vel_controller]: waiting for service /left/controller_manager/list_controllers to become available...
[move_group-22] [WARN] [1747992798.584931698] [moveit.plugins.ros_control_interface]: Failed to read controllers from /controller_manager/list_controllers within 1 seconds
[WARNING] [launch]: user interrupted with ctrl-c (SIGINT)
[move_group-22] [INFO] [1747992799.252494776] [rclcpp]: signal_handler(signum=2)
[rviz2-21] [INFO] [1747992799.252494116] [rclcpp]: signal_handler(signum=2)
[static_transform_publisher-18] [INFO] [1747992799.252509123] [rclcpp]: signal_handler(signum=2)
[static_transform_publisher-17] [INFO] [1747992799.252508770] [rclcpp]: signal_handler(signum=2)
[static_transform_publisher-14] [INFO] [1747992799.252555732] [rclcpp]: signal_handler(signum=2)
[static_transform_publisher-15] [INFO] [1747992799.252556143] [rclcpp]: signal_handler(signum=2)
[robot_state_publisher-4] [INFO] [1747992799.252560677] [rclcpp]: signal_handler(signum=2)
[static_transform_publisher-16] [INFO] [1747992799.252589049] [rclcpp]: signal_handler(signum=2)
[static_transform_publisher-8] [INFO] [1747992799.252591361] [rclcpp]: signal_handler(signum=2)
[robot_state_publisher-13] [INFO] [1747992799.252630495] [rclcpp]: signal_handler(signum=2)
[static_transform_publisher-6] [INFO] [1747992799.252710107] [rclcpp]: signal_handler(signum=2)
[static_transform_publisher-9] [INFO] [1747992799.252780754] [rclcpp]: signal_handler(signum=2)
[static_transform_publisher-7] [INFO] [1747992799.252860510] [rclcpp]: signal_handler(signum=2)
[static_transform_publisher-5] [INFO] [1747992799.252940066] [rclcpp]: signal_handler(signum=2)
[rviz2-21] [ERROR] [1747992799.346089799] [rviz2]: Could not find parameter robot_description and did not receive robot_description via std_msgs::msg::String subscription within 10.000000 seconds.
[rviz2-21] [ERROR] [1747992799.360479944] [moveit_background_processing.background_processing]: Exception caught while processing action 'loadRobotModel': failed to create guard condition: the given context is not valid, either rcl_init() was not called or rcl_shutdown() was called., at ./src/rcl/guard_condition.c:67
[INFO] [static_transform_publisher-18]: process has finished cleanly [pid 141238]
[INFO] [static_transform_publisher-15]: process has finished cleanly [pid 141208]
[INFO] [static_transform_publisher-17]: process has finished cleanly [pid 141233]
[INFO] [static_transform_publisher-5]: process has finished cleanly [pid 141133]
[INFO] [static_transform_publisher-16]: process has finished cleanly [pid 141211]
[INFO] [static_transform_publisher-8]: process has finished cleanly [pid 141139]
[INFO] [static_transform_publisher-9]: process has finished cleanly [pid 141149]
[INFO] [static_transform_publisher-7]: process has finished cleanly [pid 141137]
[INFO] [static_transform_publisher-6]: process has finished cleanly [pid 141135]
[INFO] [static_transform_publisher-14]: process has finished cleanly [pid 141206]
[INFO] [robot_state_publisher-13]: process has finished cleanly [pid 141203]
[INFO] [robot_state_publisher-4]: process has finished cleanly [pid 141131]
[INFO] [spawner-11]: process has finished cleanly [pid 141182]
[INFO] [rviz2-21]: process has finished cleanly [pid 141257]
[move_group-22] [WARN] [1747992799.585303023] [moveit.plugins.ros_control_interface]: Failed to read controllers from /controller_manager/list_controllers within 1 seconds
[move_group-22] [WARN] [1747992800.585472717] [moveit.plugins.ros_control_interface]: Failed to read controllers from /controller_manager/list_controllers within 1 seconds
[move_group-22] terminate called after throwing an instance of 'rclcpp::exceptions::RCLError'
[move_group-22]   what():  could not create subscription: rcl node's context is invalid, at ./src/rcl/node.c:428
[move_group-22] Stack trace (most recent call last):
[move_group-22] #20   Object "", at 0xffffffffffffffff, in 
[move_group-22] #19   Object "/ros2_ws/build/moveit_ros_move_group/move_group", at 0x55cde9bc4eb4, in _start
[ERROR] [gzclient-2]: process has died [pid 141127, exit code -11, cmd 'gzclient'].
[move_group-22] #18   Object "/usr/lib/x86_64-linux-gnu/libc.so.6", at 0x7f8f86e93e3f, in __libc_start_main
[move_group-22] #17   Object "/usr/lib/x86_64-linux-gnu/libc.so.6", at 0x7f8f86e93d8f, in 
[move_group-22] #16   Object "/ros2_ws/build/moveit_ros_move_group/move_group", at 0x55cde9bc41f3, in main
[move_group-22] #15   Object "/ros2_ws/install/moveit_ros_planning/lib/libmoveit_cpp.so.2.5.8", at 0x7f8f8789eda0, in moveit_cpp::MoveItCpp::MoveItCpp(std::shared_ptr<rclcpp::Node> const&, moveit_cpp::MoveItCpp::Options const&)
[move_group-22] #14   Object "/ros2_ws/install/moveit_ros_planning/lib/libmoveit_trajectory_execution_manager.so.2.5.8", at 0x7f8f86b4b716, in trajectory_execution_manager::TrajectoryExecutionManager::TrajectoryExecutionManager(std::shared_ptr<rclcpp::Node> const&, std::shared_ptr<moveit::core::RobotModel const> const&, std::shared_ptr<planning_scene_monitor::CurrentStateMonitor> const&)
[move_group-22] #13   Object "/ros2_ws/install/moveit_ros_planning/lib/libmoveit_trajectory_execution_manager.so.2.5.8", at 0x7f8f86b4a2b1, in trajectory_execution_manager::TrajectoryExecutionManager::initialize()
[move_group-22] #12   Object "/ros2_ws/install/moveit_ros_planning/lib/libmoveit_trajectory_execution_manager.so.2.5.8", at 0x7f8f86b3b5f0, in std::shared_ptr<rclcpp::Subscription<std_msgs::msg::String_<std::allocator<void> >, std::allocator<void>, std_msgs::msg::String_<std::allocator<void> >, std_msgs::msg::String_<std::allocator<void> >, rclcpp::message_memory_strategy::MessageMemoryStrategy<std_msgs::msg::String_<std::allocator<void> >, std::allocator<void> > > > rclcpp::detail::create_subscription<std_msgs::msg::String_<std::allocator<void> >, trajectory_execution_manager::TrajectoryExecutionManager::initialize()::{lambda(std::shared_ptr<std_msgs::msg::String_<std::allocator<void> > const> const&)#2}, std::allocator<void>, rclcpp::Subscription<std_msgs::msg::String_<std::allocator<void> >, std::allocator<void>, std_msgs::msg::String_<std::allocator<void> >, std_msgs::msg::String_<std::allocator<void> >, rclcpp::message_memory_strategy::MessageMemoryStrategy<std_msgs::msg::String_<std::allocator<void> >, std::allocator<void> > >, rclcpp::message_memory_strategy::MessageMemoryStrategy<std_msgs::msg::String_<std::allocator<void> >, std::allocator<void> >, rclcpp::Node, rclcpp::Node, std_msgs::msg::String_<std::allocator<void> > >(rclcpp::Node&, rclcpp::Node&, std::__cxx11::basic_string<char, std::char_traits<char>, std::allocator<char> > const&, rclcpp::QoS const&, trajectory_execution_manager::TrajectoryExecutionManager::initialize()::{lambda(std::shared_ptr<std_msgs::msg::String_<std::allocator<void> > const> const&)#2}&&, rclcpp::SubscriptionOptionsWithAllocator<std::allocator<void> > const&, rclcpp::message_memory_strategy::MessageMemoryStrategy<std_msgs::msg::String_<std::allocator<void> >, std::allocator<void> >::SharedPtr)
[move_group-22] #11   Object "/opt/ros/humble/lib/librclcpp.so", at 0x7f8f87466ccb, in rclcpp::node_interfaces::NodeTopics::create_subscription(std::__cxx11::basic_string<char, std::char_traits<char>, std::allocator<char> > const&, rclcpp::SubscriptionFactory const&, rclcpp::QoS const&)
[move_group-22] #10   Object "/ros2_ws/install/moveit_ros_planning/lib/libmoveit_trajectory_execution_manager.so.2.5.8", at 0x7f8f86b4bc6b, in std::_Function_handler<std::shared_ptr<rclcpp::SubscriptionBase> (rclcpp::node_interfaces::NodeBaseInterface*, std::__cxx11::basic_string<char, std::char_traits<char>, std::allocator<char> > const&, rclcpp::QoS const&), rclcpp::create_subscription_factory<std_msgs::msg::String_<std::allocator<void> >, trajectory_execution_manager::TrajectoryExecutionManager::initialize()::{lambda(std::shared_ptr<std_msgs::msg::String_<std::allocator<void> > const> const&)#2}, std::allocator<void>, rclcpp::Subscription<std_msgs::msg::String_<std::allocator<void> >, std::allocator<void>, std_msgs::msg::String_<std::allocator<void> >, std_msgs::msg::String_<std::allocator<void> >, rclcpp::message_memory_strategy::MessageMemoryStrategy<std_msgs::msg::String_<std::allocator<void> >, std::allocator<void> > >, rclcpp::message_memory_strategy::MessageMemoryStrategy<std_msgs::msg::String_<std::allocator<void> >, std::allocator<void> >, std_msgs::msg::String_<std::allocator<void> > >(trajectory_execution_manager::TrajectoryExecutionManager::initialize()::{lambda(std::shared_ptr<std_msgs::msg::String_<std::allocator<void> > const> const&)#2}&&, rclcpp::SubscriptionOptionsWithAllocator<std::allocator<void> > const&, rclcpp::message_memory_strategy::MessageMemoryStrategy<std_msgs::msg::String_<std::allocator<void> >, std::allocator<void> >::SharedPtr, std::shared_ptr<rclcpp::topic_statistics::SubscriptionTopicStatistics<std_msgs::msg::String_<std::allocator<void> > > >)::{lambda(rclcpp::node_interfaces::NodeBaseInterface*, std::__cxx11::basic_string<char, std::char_traits<char>, std::allocator<char> > const&, rclcpp::QoS const&)#1}>::_M_invoke(std::_Any_data const&, rclcpp::node_interfaces::NodeBaseInterface*&&, std::__cxx11::basic_string<char, std::char_traits<char>, std::allocator<char> > const&, rclcpp::QoS const&)
[move_group-22] #9    Object "/ros2_ws/install/moveit_ros_planning/lib/libmoveit_trajectory_execution_manager.so.2.5.8", at 0x7f8f86b9142b, in rclcpp::Subscription<std_msgs::msg::String_<std::allocator<void> >, std::allocator<void>, std_msgs::msg::String_<std::allocator<void> >, std_msgs::msg::String_<std::allocator<void> >, rclcpp::message_memory_strategy::MessageMemoryStrategy<std_msgs::msg::String_<std::allocator<void> >, std::allocator<void> > >::Subscription(rclcpp::node_interfaces::NodeBaseInterface*, rosidl_message_type_support_t const&, std::__cxx11::basic_string<char, std::char_traits<char>, std::allocator<char> > const&, rclcpp::QoS const&, rclcpp::AnySubscriptionCallback<std_msgs::msg::String_<std::allocator<void> >, std::allocator<void> >, rclcpp::SubscriptionOptionsWithAllocator<std::allocator<void> > const&, std::shared_ptr<rclcpp::message_memory_strategy::MessageMemoryStrategy<std_msgs::msg::String_<std::allocator<void> >, std::allocator<void> > >, std::shared_ptr<rclcpp::topic_statistics::SubscriptionTopicStatistics<std_msgs::msg::String_<std::allocator<void> > > >)
[move_group-22] #8    Object "/opt/ros/humble/lib/librclcpp.so", at 0x7f8f874b0d2f, in rclcpp::SubscriptionBase::SubscriptionBase(rclcpp::node_interfaces::NodeBaseInterface*, rosidl_message_type_support_t const&, std::__cxx11::basic_string<char, std::char_traits<char>, std::allocator<char> > const&, rcl_subscription_options_s const&, bool)
[move_group-22] #7    Object "/opt/ros/humble/lib/librclcpp.so", at 0x7f8f87432128, in rclcpp::exceptions::throw_from_rcl_error(int, std::__cxx11::basic_string<char, std::char_traits<char>, std::allocator<char> > const&, rcutils_error_state_s const*, void (*)())
[move_group-22] #6    Object "/usr/lib/x86_64-linux-gnu/libstdc++.so.6.0.30", at 0x7f8f871611fd, in std::rethrow_exception(std::__exception_ptr::exception_ptr)
[move_group-22] #5    Object "/usr/lib/x86_64-linux-gnu/libstdc++.so.6.0.30", at 0x7f8f87161276, in std::terminate()
[move_group-22] #4    Object "/usr/lib/x86_64-linux-gnu/libstdc++.so.6.0.30", at 0x7f8f8716120b, in 
[move_group-22] #3    Object "/usr/lib/x86_64-linux-gnu/libstdc++.so.6.0.30", at 0x7f8f87155b9d, in 
[move_group-22] #2    Object "/usr/lib/x86_64-linux-gnu/libc.so.6", at 0x7f8f86e927f2, in abort
[move_group-22] #1    Object "/usr/lib/x86_64-linux-gnu/libc.so.6", at 0x7f8f86eac475, in raise
[move_group-22] #0    Object "/usr/lib/x86_64-linux-gnu/libc.so.6", at 0x7f8f86f009fc, in pthread_kill
[move_group-22] Aborted (Signal sent by tkill() 141259 0)
[ERROR] [move_group-22]: process has died [pid 141259, exit code -6, cmd '/ros2_ws/install/moveit_ros_move_group/lib/moveit_ros_move_group/move_group --ros-args --params-file /tmp/launch_params_mgcgv1lk --params-file /tmp/launch_params_2tax3a04 --params-file /tmp/launch_params_arj4pyxb --params-file /tmp/launch_params_e668b94i --params-file /tmp/launch_params_rk5efeny'].
[INFO] [spawner-20]: process has finished cleanly [pid 141255]
