[INFO] [launch]: All log files can be found below /root/.ros/log/2025-05-22-12-16-13-591951-outlander-Aspire-V3-571G-147453
[INFO] [launch]: Default logging verbosity is set to INFO
[INFO] [gzserver-1]: process started with pid [147457]
[INFO] [gzclient-2]: process started with pid [147459]
[INFO] [spawn_entity.py-3]: process started with pid [147461]
[INFO] [robot_state_publisher-4]: process started with pid [147463]
[INFO] [static_transform_publisher-5]: process started with pid [147465]
[INFO] [static_transform_publisher-6]: process started with pid [147467]
[INFO] [static_transform_publisher-7]: process started with pid [147469]
[INFO] [static_transform_publisher-8]: process started with pid [147471]
[INFO] [static_transform_publisher-9]: process started with pid [147473]
[INFO] [spawner-10]: process started with pid [147501]
[INFO] [spawner-11]: process started with pid [147517]
[INFO] [spawn_entity.py-12]: process started with pid [147529]
[INFO] [robot_state_publisher-13]: process started with pid [147535]
[INFO] [static_transform_publisher-14]: process started with pid [147538]
[INFO] [static_transform_publisher-15]: process started with pid [147540]
[INFO] [static_transform_publisher-16]: process started with pid [147550]
[INFO] [static_transform_publisher-17]: process started with pid [147553]
[INFO] [static_transform_publisher-18]: process started with pid [147555]
[INFO] [spawner-19]: process started with pid [147583]
[INFO] [spawner-20]: process started with pid [147592]
[INFO] [rviz2-21]: process started with pid [147603]
[INFO] [move_group-22]: process started with pid [147609]
[robot_state_publisher-4] [INFO] [1747916178.559200036] [left.robot_state_publisher]: got segment left_summit_back_left_wheel_link
[robot_state_publisher-4] [INFO] [1747916178.559380739] [left.robot_state_publisher]: got segment left_summit_back_right_wheel_link
[robot_state_publisher-4] [INFO] [1747916178.559407175] [left.robot_state_publisher]: got segment left_summit_base_chapa
[robot_state_publisher-4] [INFO] [1747916178.559427438] [left.robot_state_publisher]: got segment left_summit_base_docking_contact
[robot_state_publisher-4] [INFO] [1747916178.559444984] [left.robot_state_publisher]: got segment left_summit_base_footprint
[robot_state_publisher-4] [INFO] [1747916178.559463308] [left.robot_state_publisher]: got segment left_summit_base_link
[robot_state_publisher-4] [INFO] [1747916178.559481171] [left.robot_state_publisher]: got segment left_summit_base_logo_front
[robot_state_publisher-4] [INFO] [1747916178.559499642] [left.robot_state_publisher]: got segment left_summit_base_logo_left
[robot_state_publisher-4] [INFO] [1747916178.559516558] [left.robot_state_publisher]: got segment left_summit_base_logo_rear
[robot_state_publisher-4] [INFO] [1747916178.559535991] [left.robot_state_publisher]: got segment left_summit_base_logo_right
[robot_state_publisher-4] [INFO] [1747916178.559553720] [left.robot_state_publisher]: got segment left_summit_front_laser_base_link
[robot_state_publisher-4] [INFO] [1747916178.559572882] [left.robot_state_publisher]: got segment left_summit_front_laser_link
[robot_state_publisher-4] [INFO] [1747916178.559592239] [left.robot_state_publisher]: got segment left_summit_front_left_wheel_link
[robot_state_publisher-4] [INFO] [1747916178.559609602] [left.robot_state_publisher]: got segment left_summit_front_right_wheel_link
[robot_state_publisher-4] [INFO] [1747916178.559627001] [left.robot_state_publisher]: got segment left_summit_imu_link
[robot_state_publisher-4] [INFO] [1747916178.559645295] [left.robot_state_publisher]: got segment left_summit_rear_laser_base_link
[robot_state_publisher-4] [INFO] [1747916178.559665330] [left.robot_state_publisher]: got segment left_summit_rear_laser_link
[robot_state_publisher-4] [INFO] [1747916178.559683951] [left.robot_state_publisher]: got segment ur_left_base
[robot_state_publisher-4] [INFO] [1747916178.559702013] [left.robot_state_publisher]: got segment ur_left_base_link
[robot_state_publisher-4] [INFO] [1747916178.559721634] [left.robot_state_publisher]: got segment ur_left_base_link_inertia
[robot_state_publisher-4] [INFO] [1747916178.559740318] [left.robot_state_publisher]: got segment ur_left_finger_left
[robot_state_publisher-4] [INFO] [1747916178.559757862] [left.robot_state_publisher]: got segment ur_left_finger_right
[robot_state_publisher-4] [INFO] [1747916178.559775766] [left.robot_state_publisher]: got segment ur_left_finger_tip
[robot_state_publisher-4] [INFO] [1747916178.559795217] [left.robot_state_publisher]: got segment ur_left_flange
[robot_state_publisher-4] [INFO] [1747916178.559813131] [left.robot_state_publisher]: got segment ur_left_forearm_link
[robot_state_publisher-4] [INFO] [1747916178.559830827] [left.robot_state_publisher]: got segment ur_left_ft_frame
[robot_state_publisher-4] [INFO] [1747916178.559848565] [left.robot_state_publisher]: got segment ur_left_robotiq_hand
[robot_state_publisher-4] [INFO] [1747916178.559866921] [left.robot_state_publisher]: got segment ur_left_shoulder_link
[robot_state_publisher-4] [INFO] [1747916178.559885261] [left.robot_state_publisher]: got segment ur_left_tool0
[robot_state_publisher-4] [INFO] [1747916178.559904078] [left.robot_state_publisher]: got segment ur_left_upper_arm_link
[robot_state_publisher-4] [INFO] [1747916178.559921707] [left.robot_state_publisher]: got segment ur_left_wrist_1_link
[robot_state_publisher-4] [INFO] [1747916178.559940890] [left.robot_state_publisher]: got segment ur_left_wrist_2_link
[robot_state_publisher-4] [INFO] [1747916178.559959054] [left.robot_state_publisher]: got segment ur_left_wrist_3_link
[static_transform_publisher-5] [WARN] [1747916178.439238791] []: Old-style arguments are deprecated; see --help for new-style arguments
[static_transform_publisher-5] [INFO] [1747916178.476464390] [left.static_transform_publisher]: Spinning until stopped - publishing transform
[static_transform_publisher-5] translation: ('-0.660000', '0.000000', '0.000000')
[static_transform_publisher-5] rotation: ('0.000000', '0.000000', '0.000000', '1.000000')
[static_transform_publisher-5] from 'world' to 'left_summit_odom'
[static_transform_publisher-6] [WARN] [1747916178.438776106] []: Old-style arguments are deprecated; see --help for new-style arguments
[static_transform_publisher-6] [INFO] [1747916178.476464047] [left_static_transform_publisher_back_left]: Spinning until stopped - publishing transform
[static_transform_publisher-6] translation: ('0.250000', '0.150000', '0.000000')
[static_transform_publisher-6] rotation: ('0.000000', '0.000000', '0.000000', '1.000000')
[static_transform_publisher-6] from 'left_summit_base_link' to 'left_summit_back_left_wheel_link'
[static_transform_publisher-7] [WARN] [1747916178.441806713] []: Old-style arguments are deprecated; see --help for new-style arguments
[static_transform_publisher-7] [INFO] [1747916178.526297262] [left_static_transform_publisher_back_right]: Spinning until stopped - publishing transform
[static_transform_publisher-7] translation: ('0.250000', '-0.150000', '0.000000')
[static_transform_publisher-7] rotation: ('0.000000', '0.000000', '0.000000', '1.000000')
[static_transform_publisher-7] from 'left_summit_base_link' to 'left_summit_back_right_wheel_link'
[static_transform_publisher-8] [WARN] [1747916178.441774472] []: Old-style arguments are deprecated; see --help for new-style arguments
[static_transform_publisher-8] [INFO] [1747916178.538032702] [left_static_transform_publisher_front_left]: Spinning until stopped - publishing transform
[static_transform_publisher-8] translation: ('-0.250000', '0.150000', '0.000000')
[static_transform_publisher-8] rotation: ('0.000000', '0.000000', '0.000000', '1.000000')
[static_transform_publisher-8] from 'left_summit_base_link' to 'left_summit_front_left_wheel_link'
[static_transform_publisher-9] [WARN] [1747916178.485643453] []: Old-style arguments are deprecated; see --help for new-style arguments
[static_transform_publisher-9] [INFO] [1747916178.584549535] [static_transform_publisher_front_right]: Spinning until stopped - publishing transform
[static_transform_publisher-9] translation: ('-0.250000', '-0.150000', '0.000000')
[static_transform_publisher-9] rotation: ('0.000000', '0.000000', '0.000000', '1.000000')
[static_transform_publisher-9] from 'left_summit_base_link' to 'left_summit_front_right_wheel_link'
[robot_state_publisher-13] [INFO] [1747916178.735532617] [right.robot_state_publisher]: got segment right_summit_back_left_wheel_link
[robot_state_publisher-13] [INFO] [1747916178.741091755] [right.robot_state_publisher]: got segment right_summit_back_right_wheel_link
[robot_state_publisher-13] [INFO] [1747916178.741584904] [right.robot_state_publisher]: got segment right_summit_base_chapa
[robot_state_publisher-13] [INFO] [1747916178.741614804] [right.robot_state_publisher]: got segment right_summit_base_docking_contact
[robot_state_publisher-13] [INFO] [1747916178.741635832] [right.robot_state_publisher]: got segment right_summit_base_footprint
[robot_state_publisher-13] [INFO] [1747916178.741655562] [right.robot_state_publisher]: got segment right_summit_base_link
[robot_state_publisher-13] [INFO] [1747916178.741674249] [right.robot_state_publisher]: got segment right_summit_base_logo_front
[robot_state_publisher-13] [INFO] [1747916178.741692376] [right.robot_state_publisher]: got segment right_summit_base_logo_left
[robot_state_publisher-13] [INFO] [1747916178.741741884] [right.robot_state_publisher]: got segment right_summit_base_logo_rear
[robot_state_publisher-13] [INFO] [1747916178.741760466] [right.robot_state_publisher]: got segment right_summit_base_logo_right
[robot_state_publisher-13] [INFO] [1747916178.741780105] [right.robot_state_publisher]: got segment right_summit_front_laser_base_link
[robot_state_publisher-13] [INFO] [1747916178.741799263] [right.robot_state_publisher]: got segment right_summit_front_laser_link
[robot_state_publisher-13] [INFO] [1747916178.741817470] [right.robot_state_publisher]: got segment right_summit_front_left_wheel_link
[robot_state_publisher-13] [INFO] [1747916178.741836699] [right.robot_state_publisher]: got segment right_summit_front_right_wheel_link
[robot_state_publisher-13] [INFO] [1747916178.741855826] [right.robot_state_publisher]: got segment right_summit_imu_link
[robot_state_publisher-13] [INFO] [1747916178.741874505] [right.robot_state_publisher]: got segment right_summit_rear_laser_base_link
[robot_state_publisher-13] [INFO] [1747916178.741893215] [right.robot_state_publisher]: got segment right_summit_rear_laser_link
[robot_state_publisher-13] [INFO] [1747916178.742878003] [right.robot_state_publisher]: got segment ur_right_base
[robot_state_publisher-13] [INFO] [1747916178.743024381] [right.robot_state_publisher]: got segment ur_right_base_link
[robot_state_publisher-13] [INFO] [1747916178.743050968] [right.robot_state_publisher]: got segment ur_right_base_link_inertia
[robot_state_publisher-13] [INFO] [1747916178.743119908] [right.robot_state_publisher]: got segment ur_right_finger_left
[robot_state_publisher-13] [INFO] [1747916178.743176457] [right.robot_state_publisher]: got segment ur_right_finger_right
[robot_state_publisher-13] [INFO] [1747916178.743199051] [right.robot_state_publisher]: got segment ur_right_finger_tip
[robot_state_publisher-13] [INFO] [1747916178.743263593] [right.robot_state_publisher]: got segment ur_right_flange
[robot_state_publisher-13] [INFO] [1747916178.743320053] [right.robot_state_publisher]: got segment ur_right_forearm_link
[robot_state_publisher-13] [INFO] [1747916178.743342316] [right.robot_state_publisher]: got segment ur_right_ft_frame
[robot_state_publisher-13] [INFO] [1747916178.743361738] [right.robot_state_publisher]: got segment ur_right_robotiq_hand
[robot_state_publisher-13] [INFO] [1747916178.743426418] [right.robot_state_publisher]: got segment ur_right_shoulder_link
[robot_state_publisher-13] [INFO] [1747916178.743446319] [right.robot_state_publisher]: got segment ur_right_tool0
[robot_state_publisher-13] [INFO] [1747916178.743534472] [right.robot_state_publisher]: got segment ur_right_upper_arm_link
[robot_state_publisher-13] [INFO] [1747916178.743556103] [right.robot_state_publisher]: got segment ur_right_wrist_1_link
[robot_state_publisher-13] [INFO] [1747916178.743617783] [right.robot_state_publisher]: got segment ur_right_wrist_2_link
[robot_state_publisher-13] [INFO] [1747916178.743641242] [right.robot_state_publisher]: got segment ur_right_wrist_3_link
[static_transform_publisher-14] [WARN] [1747916178.638546742] []: Old-style arguments are deprecated; see --help for new-style arguments
[static_transform_publisher-14] [INFO] [1747916178.802091251] [right.static_transform_publisher]: Spinning until stopped - publishing transform
[static_transform_publisher-14] translation: ('0.660000', '0.000000', '0.000000')
[static_transform_publisher-14] rotation: ('0.000000', '0.000000', '0.000000', '1.000000')
[static_transform_publisher-14] from 'world' to 'right_summit_odom'
[static_transform_publisher-15] [WARN] [1747916178.650509743] []: Old-style arguments are deprecated; see --help for new-style arguments
[static_transform_publisher-15] [INFO] [1747916178.805095030] [right_static_transform_publisher_back_left]: Spinning until stopped - publishing transform
[static_transform_publisher-15] translation: ('0.250000', '0.150000', '0.000000')
[static_transform_publisher-15] rotation: ('0.000000', '0.000000', '0.000000', '1.000000')
[static_transform_publisher-15] from 'right_summit_base_link' to 'right_summit_back_left_wheel_link'
[static_transform_publisher-16] [WARN] [1747916178.636977143] []: Old-style arguments are deprecated; see --help for new-style arguments
[static_transform_publisher-17] [WARN] [1747916178.689600900] []: Old-style arguments are deprecated; see --help for new-style arguments
[static_transform_publisher-18] [WARN] [1747916178.720291582] []: Old-style arguments are deprecated; see --help for new-style arguments
[static_transform_publisher-18] [INFO] [1747916178.882912901] [static_transform_publisher_front_right]: Spinning until stopped - publishing transform
[static_transform_publisher-18] translation: ('-0.250000', '-0.150000', '0.000000')
[static_transform_publisher-18] rotation: ('0.000000', '0.000000', '0.000000', '1.000000')
[static_transform_publisher-18] from 'right_summit_base_link' to 'right_summit_front_right_wheel_link'
[static_transform_publisher-17] [INFO] [1747916178.890959005] [right_static_transform_publisher_front_left]: Spinning until stopped - publishing transform
[static_transform_publisher-17] translation: ('-0.250000', '0.150000', '0.000000')
[static_transform_publisher-17] rotation: ('0.000000', '0.000000', '0.000000', '1.000000')
[static_transform_publisher-17] from 'right_summit_base_link' to 'right_summit_front_left_wheel_link'
[static_transform_publisher-16] [INFO] [1747916178.903252664] [right_static_transform_publisher_back_right]: Spinning until stopped - publishing transform
[static_transform_publisher-16] translation: ('0.250000', '-0.150000', '0.000000')
[static_transform_publisher-16] rotation: ('0.000000', '0.000000', '0.000000', '1.000000')
[static_transform_publisher-16] from 'right_summit_base_link' to 'right_summit_back_right_wheel_link'
[rviz2-21] QStandardPaths: XDG_RUNTIME_DIR not set, defaulting to '/tmp/runtime-root'
[move_group-22] [INFO] [1747916179.303748356] [moveit_rdf_loader.rdf_loader]: Loaded robot model in 0.0231414 seconds
[move_group-22] [INFO] [1747916179.303952983] [moveit_robot_model.robot_model]: Loading robot model 'srm'...
[move_group-22] [INFO] [1747916179.303987919] [moveit_robot_model.robot_model]: No root/virtual joint specified in SRDF. Assuming fixed joint
[move_group-22] [WARN] [1747916179.304209839] [moveit_robot_model.robot_model]: Link left_summit_base_footprint has visual geometry but no collision geometry. Collision geometry will be left empty. Fix your URDF file by explicitly specifying collision geometry.
[move_group-22] [WARN] [1747916179.312103584] [moveit_robot_model.robot_model]: Link left_summit_base_logo_front has visual geometry but no collision geometry. Collision geometry will be left empty. Fix your URDF file by explicitly specifying collision geometry.
[move_group-22] [WARN] [1747916179.312175669] [moveit_robot_model.robot_model]: Link left_summit_base_logo_left has visual geometry but no collision geometry. Collision geometry will be left empty. Fix your URDF file by explicitly specifying collision geometry.
[move_group-22] [WARN] [1747916179.312197841] [moveit_robot_model.robot_model]: Link left_summit_base_logo_rear has visual geometry but no collision geometry. Collision geometry will be left empty. Fix your URDF file by explicitly specifying collision geometry.
[move_group-22] [WARN] [1747916179.312215484] [moveit_robot_model.robot_model]: Link left_summit_base_logo_right has visual geometry but no collision geometry. Collision geometry will be left empty. Fix your URDF file by explicitly specifying collision geometry.
[move_group-22] [WARN] [1747916179.312232134] [moveit_robot_model.robot_model]: Link left_summit_base_chapa has visual geometry but no collision geometry. Collision geometry will be left empty. Fix your URDF file by explicitly specifying collision geometry.
[move_group-22] [WARN] [1747916179.322362729] [moveit_robot_model.robot_model]: Link left_summit_imu_link has visual geometry but no collision geometry. Collision geometry will be left empty. Fix your URDF file by explicitly specifying collision geometry.
[move_group-22] [WARN] [1747916179.717345508] [moveit_robot_model.robot_model]: Link right_summit_base_footprint has visual geometry but no collision geometry. Collision geometry will be left empty. Fix your URDF file by explicitly specifying collision geometry.
[move_group-22] [WARN] [1747916179.722079662] [moveit_robot_model.robot_model]: Link right_summit_base_logo_front has visual geometry but no collision geometry. Collision geometry will be left empty. Fix your URDF file by explicitly specifying collision geometry.
[move_group-22] [WARN] [1747916179.722140268] [moveit_robot_model.robot_model]: Link right_summit_base_logo_left has visual geometry but no collision geometry. Collision geometry will be left empty. Fix your URDF file by explicitly specifying collision geometry.
[move_group-22] [WARN] [1747916179.722159933] [moveit_robot_model.robot_model]: Link right_summit_base_logo_rear has visual geometry but no collision geometry. Collision geometry will be left empty. Fix your URDF file by explicitly specifying collision geometry.
[move_group-22] [WARN] [1747916179.722176592] [moveit_robot_model.robot_model]: Link right_summit_base_logo_right has visual geometry but no collision geometry. Collision geometry will be left empty. Fix your URDF file by explicitly specifying collision geometry.
[move_group-22] [WARN] [1747916179.722194052] [moveit_robot_model.robot_model]: Link right_summit_base_chapa has visual geometry but no collision geometry. Collision geometry will be left empty. Fix your URDF file by explicitly specifying collision geometry.
[move_group-22] [WARN] [1747916179.727488336] [moveit_robot_model.robot_model]: Link right_summit_imu_link has visual geometry but no collision geometry. Collision geometry will be left empty. Fix your URDF file by explicitly specifying collision geometry.
[spawn_entity.py-3] [INFO] [1747916180.176491105] [left]: Spawn Entity started
[spawn_entity.py-3] [INFO] [1747916180.180662556] [left]: Loading entity published on topic /left/robot_description
[spawn_entity.py-3] /opt/ros/humble/local/lib/python3.10/dist-packages/rclpy/qos.py:307: UserWarning: DurabilityPolicy.RMW_QOS_POLICY_DURABILITY_TRANSIENT_LOCAL is deprecated. Use DurabilityPolicy.TRANSIENT_LOCAL instead.
[spawn_entity.py-3]   warnings.warn(
[spawn_entity.py-12] [INFO] [1747916180.198680094] [right]: Spawn Entity started
[spawn_entity.py-3] [INFO] [1747916180.199313763] [left]: Waiting for entity xml on /left/robot_description
[spawn_entity.py-12] [INFO] [1747916180.199788832] [right]: Loading entity published on topic /right/robot_description
[spawn_entity.py-12] /opt/ros/humble/local/lib/python3.10/dist-packages/rclpy/qos.py:307: UserWarning: DurabilityPolicy.RMW_QOS_POLICY_DURABILITY_TRANSIENT_LOCAL is deprecated. Use DurabilityPolicy.TRANSIENT_LOCAL instead.
[spawn_entity.py-12]   warnings.warn(
[spawn_entity.py-12] [INFO] [1747916180.210035105] [right]: Waiting for entity xml on /right/robot_description
[move_group-22] terminate called after throwing an instance of 'rclcpp::exceptions::InvalidParameterTypeException'
[move_group-22]   what():  parameter 'robot_description_planning.joint_limits.left_summit_back_left_wheel_joint.max_velocity' has invalid type: expected [double] got [integer]
[move_group-22] Stack trace (most recent call last):
[move_group-22] #19   Object "", at 0xffffffffffffffff, in 
[spawner-10] [INFO] [1747916180.232727972] [left.spawner_joint_state_broadcaster]: waiting for service /left/controller_manager/list_controllers to become available...
[move_group-22] #18   Object "/ros2_ws/build/moveit_ros_move_group/move_group", at 0x55b8fb8e2eb4, in _start
[move_group-22] #17   Object "/usr/lib/x86_64-linux-gnu/libc.so.6", at 0x7f00680c5e3f, in __libc_start_main
[move_group-22] #16   Object "/usr/lib/x86_64-linux-gnu/libc.so.6", at 0x7f00680c5d8f, in 
[move_group-22] #15   Object "/ros2_ws/build/moveit_ros_move_group/move_group", at 0x55b8fb8e21f3, in main
[move_group-22] #14   Object "/ros2_ws/install/moveit_ros_planning/lib/libmoveit_cpp.so.2.5.8", at 0x7f0068acbbe4, in moveit_cpp::MoveItCpp::MoveItCpp(std::shared_ptr<rclcpp::Node> const&, moveit_cpp::MoveItCpp::Options const&)
[move_group-22] #13   Object "/ros2_ws/install/moveit_ros_planning/lib/libmoveit_cpp.so.2.5.8", at 0x7f0068acb6cb, in moveit_cpp::MoveItCpp::loadPlanningSceneMonitor(moveit_cpp::MoveItCpp::PlanningSceneMonitorOptions const&)
[move_group-22] #12   Object "/ros2_ws/install/moveit_ros_planning/lib/libmoveit_planning_scene_monitor.so.2.5.8", at 0x7f006897ed01, in planning_scene_monitor::PlanningSceneMonitor::PlanningSceneMonitor(std::shared_ptr<rclcpp::Node> const&, std::__cxx11::basic_string<char, std::char_traits<char>, std::allocator<char> > const&, std::__cxx11::basic_string<char, std::char_traits<char>, std::allocator<char> > const&)
[move_group-22] #11   Object "/ros2_ws/install/moveit_ros_planning/lib/libmoveit_planning_scene_monitor.so.2.5.8", at 0x7f006897ec56, in planning_scene_monitor::PlanningSceneMonitor::PlanningSceneMonitor(std::shared_ptr<rclcpp::Node> const&, std::shared_ptr<planning_scene::PlanningScene> const&, std::__cxx11::basic_string<char, std::char_traits<char>, std::allocator<char> > const&, std::__cxx11::basic_string<char, std::char_traits<char>, std::allocator<char> > const&)
[move_group-22] #10   Object "/ros2_ws/install/moveit_ros_planning/lib/libmoveit_robot_model_loader.so.2.5.8", at 0x7f0067b3b812, in robot_model_loader::RobotModelLoader::RobotModelLoader(std::shared_ptr<rclcpp::Node> const&, std::__cxx11::basic_string<char, std::char_traits<char>, std::allocator<char> > const&, bool)
[move_group-22] #9    Object "/ros2_ws/install/moveit_ros_planning/lib/libmoveit_robot_model_loader.so.2.5.8", at 0x7f0067b3a98f, in robot_model_loader::RobotModelLoader::configure(robot_model_loader::RobotModelLoader::Options const&)
[move_group-22] #8    Object "/ros2_ws/build/moveit_ros_move_group/move_group", at 0x55b8fb8ea5ce, in bool rclcpp::Node::get_parameter<double>(std::__cxx11::basic_string<char, std::char_traits<char>, std::allocator<char> > const&, double&) const
[move_group-22] #7    Object "/ros2_ws/build/moveit_ros_move_group/move_group", at 0x55b8fb8ea50c, in decltype(auto) rclcpp::Parameter::get_value<double>() const
[move_group-22] #6    Object "/usr/lib/x86_64-linux-gnu/libstdc++.so.6.0.30", at 0x7f00683934d7, in __cxa_throw
[move_group-22] #5    Object "/usr/lib/x86_64-linux-gnu/libstdc++.so.6.0.30", at 0x7f0068393276, in std::terminate()
[move_group-22] #4    Object "/usr/lib/x86_64-linux-gnu/libstdc++.so.6.0.30", at 0x7f006839320b, in 
[move_group-22] #3    Object "/usr/lib/x86_64-linux-gnu/libstdc++.so.6.0.30", at 0x7f0068387b9d, in 
[move_group-22] #2    Object "/usr/lib/x86_64-linux-gnu/libc.so.6", at 0x7f00680c47f2, in abort
[move_group-22] #1    Object "/usr/lib/x86_64-linux-gnu/libc.so.6", at 0x7f00680de475, in raise
[move_group-22] #0    Object "/usr/lib/x86_64-linux-gnu/libc.so.6", at 0x7f00681329fc, in pthread_kill
[move_group-22] Aborted (Signal sent by tkill() 147609 0)
[spawner-11] [INFO] [1747916180.260596936] [left.spawner_ur_left_joint_group_vel_controller]: waiting for service /left/controller_manager/list_controllers to become available...
[spawner-19] [INFO] [1747916180.265391739] [right.spawner_joint_state_broadcaster]: waiting for service /right/controller_manager/list_controllers to become available...
[spawn_entity.py-12] [INFO] [1747916180.486645918] [right]: Waiting for service /spawn_entity, timeout = 5
[spawn_entity.py-12] [INFO] [1747916180.487667688] [right]: Waiting for service /spawn_entity
[spawn_entity.py-3] [INFO] [1747916180.490707334] [left]: Waiting for service /spawn_entity, timeout = 5
[spawn_entity.py-3] [INFO] [1747916180.491920644] [left]: Waiting for service /spawn_entity
[rviz2-21] [INFO] [1747916180.637895978] [rviz2]: Stereo is NOT SUPPORTED
[rviz2-21] [INFO] [1747916180.639208349] [rviz2]: OpenGl version: 4.6 (GLSL 4.6)
[spawner-20] [INFO] [1747916180.648618392] [right.spawner_ur_right_joint_group_vel_controller]: waiting for service /right/controller_manager/list_controllers to become available...
[rviz2-21] [INFO] [1747916180.700469195] [rviz2]: Stereo is NOT SUPPORTED
[rviz2-21] [WARN] [1747916181.760696958] [rcl.logging_rosout]: Publisher already registered for provided node name. If this is due to multiple nodes with the same name then all logs for that logger name will go out over the existing publisher. As soon as any node with that name is destructed it will unregister the publisher, preventing any further logs for that name from being published on the rosout topic.
[spawn_entity.py-12] [INFO] [1747916183.040237961] [right]: Calling service /spawn_entity
[gzserver-1] [WARN] [1747916183.043195362] [rcl]: Found remap rule 'model_states:=model_states'. This syntax is deprecated. Use '--ros-args --remap model_states:=model_states' instead.
[gzserver-1] [WARN] [1747916183.043666080] [rcl]: Found remap rule 'link_states:=link_states'. This syntax is deprecated. Use '--ros-args --remap link_states:=link_states' instead.
[spawn_entity.py-3] [INFO] [1747916183.076883541] [left]: Calling service /spawn_entity
[gzserver-1] [INFO] [1747916183.088406064] [state.gazebo_ros_state]: Publishing states of gazebo models at [/state/model_states]
[gzserver-1] [INFO] [1747916183.091290840] [state.gazebo_ros_state]: Publishing states of gazebo links at [/state/link_states]
[gzserver-1] [INFO] [1747916183.987274091] [right_summit_imu_imu_plugin]: <initial_orientation_as_reference> is unset, using default value of false to comply with REP 145 (world as orientation reference)
[spawn_entity.py-12] [INFO] [1747916184.351049768] [right]: Spawn status: SpawnEntity: Successfully spawned entity [right_robot]
[spawn_entity.py-12] [INFO] [1747916184.369200185] [right]: Calling service /unpause_physics
[INFO] [spawn_entity.py-12]: process has finished cleanly [pid 147529]
[gzserver-1] [INFO] [1747916184.690558123] [right_summit.omni_steering]: Subscribed to [/right_summit/cmd_vel]
[gzserver-1] [INFO] [1747916184.699310293] [right_summit.omni_steering]: Advertise odometry on [/right_summit/odom]
[gzserver-1] [INFO] [1747916184.709304705] [right_summit.omni_steering]: Publishing odom transforms between [right_summit_odom] and [right_summit_base_footprint]
[gzserver-1] [INFO] [1747916184.779145739] [gazebo_ros2_control]: Loading gazebo_ros2_control plugin
[gzserver-1] [INFO] [1747916184.803980873] [right.right_gazebo_ros2_control]: Starting gazebo_ros2_control plugin in namespace: /right
[gzserver-1] [INFO] [1747916184.804094019] [right.right_gazebo_ros2_control]: Starting gazebo_ros2_control plugin in ros 2 node: right_gazebo_ros2_control
[gzserver-1] [INFO] [1747916184.825321297] [right.right_gazebo_ros2_control]: connected to service!! robot_state_publisher
[gzserver-1] [INFO] [1747916184.837150021] [right.right_gazebo_ros2_control]: Received urdf from param server, parsing...
[gzserver-1] [INFO] [1747916184.839216792] [right.right_gazebo_ros2_control]: Loading parameter files /ros2_ws/install/ur/share/ur/config/right_controller.yaml
[gzserver-1] [INFO] [1747916184.852678295] [resource_manager]: Loading hardware 'right_ur' 
[gzserver-1] [ERROR] [1747916184.852861084] [right.right_gazebo_ros2_control]: Error initializing URDF to resource manager!
[gzserver-1] [INFO] [1747916184.892465147] [right.right_gazebo_ros2_control]: Loading joint: ur_right_shoulder_pan_joint
[gzserver-1] [INFO] [1747916184.893071846] [right.right_gazebo_ros2_control]: 	State:
[gzserver-1] [INFO] [1747916184.893191956] [right.right_gazebo_ros2_control]: 		 position
[gzserver-1] [INFO] [1747916184.894437507] [right.right_gazebo_ros2_control]: 			 found initial value: -1.300000
[gzserver-1] [INFO] [1747916184.894523301] [right.right_gazebo_ros2_control]: 		 velocity
[gzserver-1] [INFO] [1747916184.895067898] [right.right_gazebo_ros2_control]: 		 effort
[gzserver-1] [INFO] [1747916184.895281851] [right.right_gazebo_ros2_control]: 	Command:
[gzserver-1] [INFO] [1747916184.895317823] [right.right_gazebo_ros2_control]: 		 position
[gzserver-1] [INFO] [1747916184.896677184] [right.right_gazebo_ros2_control]: 		 velocity
[gzserver-1] [INFO] [1747916184.898349604] [right.right_gazebo_ros2_control]: Loading joint: ur_right_shoulder_lift_joint
[gzserver-1] [INFO] [1747916184.898583547] [right.right_gazebo_ros2_control]: 	State:
[gzserver-1] [INFO] [1747916184.898638276] [right.right_gazebo_ros2_control]: 		 position
[gzserver-1] [INFO] [1747916184.898700667] [right.right_gazebo_ros2_control]: 			 found initial value: -0.800000
[gzserver-1] [INFO] [1747916184.898772221] [right.right_gazebo_ros2_control]: 		 velocity
[gzserver-1] [INFO] [1747916184.898829783] [right.right_gazebo_ros2_control]: 		 effort
[gzserver-1] [INFO] [1747916184.898859753] [right.right_gazebo_ros2_control]: 	Command:
[gzserver-1] [INFO] [1747916184.898885523] [right.right_gazebo_ros2_control]: 		 position
[gzserver-1] [INFO] [1747916184.899095181] [right.right_gazebo_ros2_control]: 		 velocity
[gzserver-1] [INFO] [1747916184.899191079] [right.right_gazebo_ros2_control]: Loading joint: ur_right_elbow_joint
[gzserver-1] [INFO] [1747916184.899237402] [right.right_gazebo_ros2_control]: 	State:
[gzserver-1] [INFO] [1747916184.899302947] [right.right_gazebo_ros2_control]: 		 position
[gzserver-1] [INFO] [1747916184.899346816] [right.right_gazebo_ros2_control]: 			 found initial value: -1.800000
[gzserver-1] [INFO] [1747916184.899385370] [right.right_gazebo_ros2_control]: 		 velocity
[gzserver-1] [INFO] [1747916184.899414294] [right.right_gazebo_ros2_control]: 		 effort
[gzserver-1] [INFO] [1747916184.899565806] [right.right_gazebo_ros2_control]: 	Command:
[gzserver-1] [INFO] [1747916184.899615252] [right.right_gazebo_ros2_control]: 		 position
[gzserver-1] [INFO] [1747916184.899865752] [right.right_gazebo_ros2_control]: 		 velocity
[gzserver-1] [INFO] [1747916184.899931545] [right.right_gazebo_ros2_control]: Loading joint: ur_right_wrist_1_joint
[gzserver-1] [INFO] [1747916184.899965682] [right.right_gazebo_ros2_control]: 	State:
[gzserver-1] [INFO] [1747916184.899993157] [right.right_gazebo_ros2_control]: 		 position
[gzserver-1] [INFO] [1747916184.900026041] [right.right_gazebo_ros2_control]: 			 found initial value: -1.570000
[gzserver-1] [INFO] [1747916184.900064582] [right.right_gazebo_ros2_control]: 		 velocity
[gzserver-1] [INFO] [1747916184.900092697] [right.right_gazebo_ros2_control]: 		 effort
[gzserver-1] [INFO] [1747916184.900127263] [right.right_gazebo_ros2_control]: 	Command:
[gzserver-1] [INFO] [1747916184.900153809] [right.right_gazebo_ros2_control]: 		 position
[gzserver-1] [INFO] [1747916184.900210873] [right.right_gazebo_ros2_control]: 		 velocity
[gzserver-1] [INFO] [1747916184.900272266] [right.right_gazebo_ros2_control]: Loading joint: ur_right_wrist_2_joint
[gzserver-1] [INFO] [1747916184.900307549] [right.right_gazebo_ros2_control]: 	State:
[gzserver-1] [INFO] [1747916184.900338764] [right.right_gazebo_ros2_control]: 		 position
[gzserver-1] [INFO] [1747916184.900367308] [right.right_gazebo_ros2_control]: 			 found initial value: 1.638000
[gzserver-1] [INFO] [1747916184.900402962] [right.right_gazebo_ros2_control]: 		 velocity
[gzserver-1] [INFO] [1747916184.900440441] [right.right_gazebo_ros2_control]: 		 effort
[gzserver-1] [INFO] [1747916184.900469885] [right.right_gazebo_ros2_control]: 	Command:
[gzserver-1] [INFO] [1747916184.900495893] [right.right_gazebo_ros2_control]: 		 position
[gzserver-1] [INFO] [1747916184.900547613] [right.right_gazebo_ros2_control]: 		 velocity
[gzserver-1] [INFO] [1747916184.900599421] [right.right_gazebo_ros2_control]: Loading joint: ur_right_wrist_3_joint
[gzserver-1] [INFO] [1747916184.900635615] [right.right_gazebo_ros2_control]: 	State:
[gzserver-1] [INFO] [1747916184.900665175] [right.right_gazebo_ros2_control]: 		 position
[gzserver-1] [INFO] [1747916184.900700457] [right.right_gazebo_ros2_control]: 			 found initial value: 0.000000
[gzserver-1] [INFO] [1747916184.900732622] [right.right_gazebo_ros2_control]: 		 velocity
[gzserver-1] [INFO] [1747916184.900786249] [right.right_gazebo_ros2_control]: 		 effort
[gzserver-1] [INFO] [1747916184.900905916] [right.right_gazebo_ros2_control]: 	Command:
[gzserver-1] [INFO] [1747916184.900935821] [right.right_gazebo_ros2_control]: 		 position
[gzserver-1] [INFO] [1747916184.900987678] [right.right_gazebo_ros2_control]: 		 velocity
[gzserver-1] [INFO] [1747916184.902527417] [resource_manager]: Initialize hardware 'right_ur' 
[gzserver-1] [INFO] [1747916184.907926716] [resource_manager]: Successful initialization of hardware 'right_ur'
[gzserver-1] [INFO] [1747916184.909034908] [resource_manager]: 'configure' hardware 'right_ur' 
[gzserver-1] [INFO] [1747916184.909099552] [resource_manager]: Successful 'configure' of hardware 'right_ur'
[gzserver-1] [INFO] [1747916184.909127609] [resource_manager]: 'activate' hardware 'right_ur' 
[gzserver-1] [INFO] [1747916184.909144438] [resource_manager]: Successful 'activate' of hardware 'right_ur'
[gzserver-1] [INFO] [1747916184.910906094] [right.right_gazebo_ros2_control]: Loading controller_manager
[gzserver-1] [WARN] [1747916185.006481378] [right.right_gazebo_ros2_control]:  Desired controller update period (0.002 s) is slower than the gazebo simulation period (0.001 s).
[gzserver-1] [INFO] [1747916185.012615239] [right.right_gazebo_ros2_control]: Loaded gazebo_ros2_control.
[gzserver-1] [INFO] [1747916185.065615080] [right.controller_manager]: Loading controller 'joint_state_broadcaster'
[spawner-19] [INFO] [1747916185.152304029] [right.spawner_joint_state_broadcaster]: [94mLoaded [1mjoint_state_broadcaster[0m
[gzserver-1] [INFO] [1747916185.158220172] [right.controller_manager]: Configuring controller 'joint_state_broadcaster'
[gzserver-1] [INFO] [1747916185.159001198] [right.joint_state_broadcaster]: 'joints' or 'interfaces' parameter is empty. All available state interfaces will be published
[spawner-19] [INFO] [1747916185.198116469] [right.spawner_joint_state_broadcaster]: [92mConfigured and activated [1mjoint_state_broadcaster[0m
[gzserver-1] [INFO] [1747916185.261274691] [right.controller_manager]: Loading controller 'ur_right_joint_group_vel_controller'
[INFO] [spawner-19]: process has finished cleanly [pid 147583]
[gzserver-1] [INFO] [1747916186.113187634] [left_summit_imu_imu_plugin]: <initial_orientation_as_reference> is unset, using default value of false to comply with REP 145 (world as orientation reference)
[spawn_entity.py-3] [INFO] [1747916186.493526484] [left]: Spawn status: SpawnEntity: Successfully spawned entity [left_robot]
[spawn_entity.py-3] [INFO] [1747916186.509587215] [left]: Calling service /unpause_physics
[INFO] [spawn_entity.py-3]: process has finished cleanly [pid 147461]
[spawner-10] [FATAL] [1747916190.257138919] [left.spawner_joint_state_broadcaster]: Could not contact service /left/controller_manager/list_controllers
[spawner-11] [WARN] [1747916190.296601122] [left.spawner_ur_left_joint_group_vel_controller]: Could not contact service /left/controller_manager/list_controllers
[spawner-11] [INFO] [1747916190.298188160] [left.spawner_ur_left_joint_group_vel_controller]: waiting for service /left/controller_manager/list_controllers to become available...
[ERROR] [spawner-10]: process has died [pid 147501, exit code 1, cmd '/opt/ros/humble/lib/controller_manager/spawner joint_state_broadcaster -c /left/controller_manager --controller-manager-timeout 10 --ros-args -r __ns:=/left'].
[rviz2-21] [ERROR] [1747916191.821745858] [rviz2]: Could not find parameter robot_description and did not receive robot_description via std_msgs::msg::String subscription within 10.000000 seconds.
[WARNING] [launch]: user interrupted with ctrl-c (SIGINT)
[rviz2-21] [INFO] [1747916194.839536238] [rclcpp]: signal_handler(signum=2)
[static_transform_publisher-15] [INFO] [1747916194.839549955] [rclcpp]: signal_handler(signum=2)
[static_transform_publisher-17] [INFO] [1747916194.839541528] [rclcpp]: signal_handler(signum=2)
[static_transform_publisher-6] [INFO] [1747916194.839586128] [rclcpp]: signal_handler(signum=2)
[static_transform_publisher-18] [INFO] [1747916194.839607128] [rclcpp]: signal_handler(signum=2)
[robot_state_publisher-13] [INFO] [1747916194.839636603] [rclcpp]: signal_handler(signum=2)
[static_transform_publisher-14] [INFO] [1747916194.839643482] [rclcpp]: signal_handler(signum=2)
[static_transform_publisher-8] [INFO] [1747916194.839655342] [rclcpp]: signal_handler(signum=2)
[robot_state_publisher-4] [INFO] [1747916194.839672592] [rclcpp]: signal_handler(signum=2)
[static_transform_publisher-16] [INFO] [1747916194.839686238] [rclcpp]: signal_handler(signum=2)
[static_transform_publisher-7] [INFO] [1747916194.839727145] [rclcpp]: signal_handler(signum=2)
[static_transform_publisher-9] [INFO] [1747916194.839764626] [rclcpp]: signal_handler(signum=2)
[static_transform_publisher-5] [INFO] [1747916194.839844903] [rclcpp]: signal_handler(signum=2)
[INFO] [static_transform_publisher-17]: process has finished cleanly [pid 147553]
[INFO] [static_transform_publisher-5]: process has finished cleanly [pid 147465]
[INFO] [static_transform_publisher-8]: process has finished cleanly [pid 147471]
[INFO] [static_transform_publisher-7]: process has finished cleanly [pid 147469]
[INFO] [static_transform_publisher-9]: process has finished cleanly [pid 147473]
[INFO] [static_transform_publisher-6]: process has finished cleanly [pid 147467]
[INFO] [static_transform_publisher-18]: process has finished cleanly [pid 147555]
[INFO] [static_transform_publisher-16]: process has finished cleanly [pid 147550]
[INFO] [static_transform_publisher-15]: process has finished cleanly [pid 147540]
[INFO] [static_transform_publisher-14]: process has finished cleanly [pid 147538]
[INFO] [robot_state_publisher-4]: process has finished cleanly [pid 147463]
[INFO] [robot_state_publisher-13]: process has finished cleanly [pid 147535]
[INFO] [spawner-11]: process has finished cleanly [pid 147517]
[INFO] [spawner-20]: process has finished cleanly [pid 147592]
[INFO] [gzclient-2]: process has finished cleanly [pid 147459]
[ERROR] [move_group-22]: process[move_group-22] failed to terminate '5' seconds after receiving 'SIGINT', escalating to 'SIGTERM'
[ERROR] [rviz2-21]: process[rviz2-21] failed to terminate '5' seconds after receiving 'SIGINT', escalating to 'SIGTERM'
[INFO] [move_group-22]: sending signal 'SIGTERM' to process[move_group-22]
[ERROR] [gzserver-1]: process[gzserver-1] failed to terminate '5' seconds after receiving 'SIGINT', escalating to 'SIGTERM'
[INFO] [rviz2-21]: sending signal 'SIGTERM' to process[rviz2-21]
[INFO] [gzserver-1]: sending signal 'SIGTERM' to process[gzserver-1]
[ERROR] [rviz2-21]: process has died [pid 147603, exit code -15, cmd '/opt/ros/humble/lib/rviz2/rviz2 -d /ros2_ws/install/ur/share/ur/rviz/rviz_config.rviz --ros-args -r __node:=rviz2 --params-file /tmp/launch_params_0algsblf --params-file /tmp/launch_params_yntqe5e2'].
[ERROR] [move_group-22]: process[move_group-22] failed to terminate '10.0' seconds after receiving 'SIGTERM', escalating to 'SIGKILL'
[ERROR] [gzserver-1]: process[gzserver-1] failed to terminate '10.0' seconds after receiving 'SIGTERM', escalating to 'SIGKILL'
[INFO] [move_group-22]: sending signal 'SIGKILL' to process[move_group-22]
[INFO] [gzserver-1]: sending signal 'SIGKILL' to process[gzserver-1]
[ERROR] [move_group-22]: process has died [pid 147609, exit code -9, cmd '/ros2_ws/install/moveit_ros_move_group/lib/moveit_ros_move_group/move_group --ros-args --params-file /tmp/launch_params_kru3a9fk --params-file /tmp/launch_params_q68_kgql --params-file /tmp/launch_params_trl_texp --params-file /tmp/launch_params_kmuuucqv --params-file /tmp/launch_params_9uqf7gp4'].
[ERROR] [gzserver-1]: process has died [pid 147457, exit code -9, cmd 'gzserver /ros2_ws/install/ur/share/ur/xacro/gazebo.world --physics False -slibgazebo_ros_init.so -slibgazebo_ros_factory.so -slibgazebo_ros_force_system.so'].
