[INFO] [launch]: All log files can be found below /root/.ros/log/2025-05-23-09-34-04-849108-outlander-Aspire-V3-571G-141949
[INFO] [launch]: Default logging verbosity is set to INFO
[INFO] [gzserver-1]: process started with pid [141953]
[INFO] [gzclient-2]: process started with pid [141955]
[INFO] [spawn_entity.py-3]: process started with pid [141957]
[INFO] [robot_state_publisher-4]: process started with pid [141959]
[INFO] [static_transform_publisher-5]: process started with pid [141961]
[INFO] [static_transform_publisher-6]: process started with pid [141963]
[INFO] [static_transform_publisher-7]: process started with pid [141965]
[INFO] [static_transform_publisher-8]: process started with pid [141967]
[INFO] [static_transform_publisher-9]: process started with pid [141969]
[INFO] [spawner-10]: process started with pid [141971]
[INFO] [spawner-11]: process started with pid [141973]
[INFO] [spawn_entity.py-12]: process started with pid [141983]
[INFO] [robot_state_publisher-13]: process started with pid [142016]
[INFO] [static_transform_publisher-14]: process started with pid [142027]
[INFO] [static_transform_publisher-15]: process started with pid [142034]
[INFO] [static_transform_publisher-16]: process started with pid [142037]
[INFO] [static_transform_publisher-17]: process started with pid [142047]
[INFO] [static_transform_publisher-18]: process started with pid [142058]
[INFO] [spawner-19]: process started with pid [142063]
[INFO] [spawner-20]: process started with pid [142070]
[INFO] [rviz2-21]: process started with pid [142077]
[INFO] [move_group-22]: process started with pid [142085]
[static_transform_publisher-5] [WARN] [1747992850.052687293] []: Old-style arguments are deprecated; see --help for new-style arguments
[static_transform_publisher-5] [INFO] [1747992850.104722235] [left.static_transform_publisher]: Spinning until stopped - publishing transform
[static_transform_publisher-5] translation: ('-0.660000', '0.000000', '0.000000')
[static_transform_publisher-5] rotation: ('0.000000', '0.000000', '0.000000', '1.000000')
[static_transform_publisher-5] from 'world' to 'left_summit_odom'
[static_transform_publisher-6] [WARN] [1747992850.058391388] []: Old-style arguments are deprecated; see --help for new-style arguments
[static_transform_publisher-6] [INFO] [1747992850.158248199] [left_static_transform_publisher_back_left]: Spinning until stopped - publishing transform
[static_transform_publisher-6] translation: ('0.250000', '0.150000', '0.000000')
[static_transform_publisher-6] rotation: ('0.000000', '0.000000', '0.000000', '1.000000')
[static_transform_publisher-6] from 'left_summit_base_link' to 'left_summit_back_left_wheel_link'
[static_transform_publisher-7] [WARN] [1747992850.050760619] []: Old-style arguments are deprecated; see --help for new-style arguments
[static_transform_publisher-7] [INFO] [1747992850.101680220] [left_static_transform_publisher_back_right]: Spinning until stopped - publishing transform
[static_transform_publisher-7] translation: ('0.250000', '-0.150000', '0.000000')
[static_transform_publisher-7] rotation: ('0.000000', '0.000000', '0.000000', '1.000000')
[static_transform_publisher-7] from 'left_summit_base_link' to 'left_summit_back_right_wheel_link'
[static_transform_publisher-8] [WARN] [1747992850.058408721] []: Old-style arguments are deprecated; see --help for new-style arguments
[static_transform_publisher-8] [INFO] [1747992850.111559253] [left_static_transform_publisher_front_left]: Spinning until stopped - publishing transform
[static_transform_publisher-8] translation: ('-0.250000', '0.150000', '0.000000')
[static_transform_publisher-8] rotation: ('0.000000', '0.000000', '0.000000', '1.000000')
[static_transform_publisher-8] from 'left_summit_base_link' to 'left_summit_front_left_wheel_link'
[static_transform_publisher-9] [WARN] [1747992850.055783854] []: Old-style arguments are deprecated; see --help for new-style arguments
[static_transform_publisher-9] [INFO] [1747992850.130990866] [static_transform_publisher_front_right]: Spinning until stopped - publishing transform
[static_transform_publisher-9] translation: ('-0.250000', '-0.150000', '0.000000')
[static_transform_publisher-9] rotation: ('0.000000', '0.000000', '0.000000', '1.000000')
[static_transform_publisher-9] from 'left_summit_base_link' to 'left_summit_front_right_wheel_link'
[static_transform_publisher-14] [WARN] [1747992850.187088428] []: Old-style arguments are deprecated; see --help for new-style arguments
[static_transform_publisher-14] [INFO] [1747992850.307112527] [right.static_transform_publisher]: Spinning until stopped - publishing transform
[static_transform_publisher-14] translation: ('0.660000', '0.000000', '0.000000')
[static_transform_publisher-14] rotation: ('0.000000', '0.000000', '0.000000', '1.000000')
[static_transform_publisher-14] from 'world' to 'right_summit_odom'
[static_transform_publisher-15] [WARN] [1747992850.236582514] []: Old-style arguments are deprecated; see --help for new-style arguments
[static_transform_publisher-16] [WARN] [1747992850.227787769] []: Old-style arguments are deprecated; see --help for new-style arguments
[static_transform_publisher-17] [WARN] [1747992850.292391747] []: Old-style arguments are deprecated; see --help for new-style arguments
[static_transform_publisher-18] [WARN] [1747992850.318256851] []: Old-style arguments are deprecated; see --help for new-style arguments
[static_transform_publisher-17] [INFO] [1747992850.403303119] [right_static_transform_publisher_front_left]: Spinning until stopped - publishing transform
[static_transform_publisher-17] translation: ('-0.250000', '0.150000', '0.000000')
[static_transform_publisher-17] rotation: ('0.000000', '0.000000', '0.000000', '1.000000')
[static_transform_publisher-17] from 'right_summit_base_link' to 'right_summit_front_left_wheel_link'
[static_transform_publisher-16] [INFO] [1747992850.408468508] [right_static_transform_publisher_back_right]: Spinning until stopped - publishing transform
[static_transform_publisher-16] translation: ('0.250000', '-0.150000', '0.000000')
[static_transform_publisher-16] rotation: ('0.000000', '0.000000', '0.000000', '1.000000')
[static_transform_publisher-16] from 'right_summit_base_link' to 'right_summit_back_right_wheel_link'
[static_transform_publisher-15] [INFO] [1747992850.422064041] [right_static_transform_publisher_back_left]: Spinning until stopped - publishing transform
[static_transform_publisher-15] translation: ('0.250000', '0.150000', '0.000000')
[static_transform_publisher-15] rotation: ('0.000000', '0.000000', '0.000000', '1.000000')
[static_transform_publisher-15] from 'right_summit_base_link' to 'right_summit_back_left_wheel_link'
[static_transform_publisher-18] [INFO] [1747992850.483174563] [static_transform_publisher_front_right]: Spinning until stopped - publishing transform
[static_transform_publisher-18] translation: ('-0.250000', '-0.150000', '0.000000')
[static_transform_publisher-18] rotation: ('0.000000', '0.000000', '0.000000', '1.000000')
[static_transform_publisher-18] from 'right_summit_base_link' to 'right_summit_front_right_wheel_link'
[robot_state_publisher-13] [INFO] [1747992850.502528718] [right.robot_state_publisher]: got segment right_summit_back_left_wheel_link
[robot_state_publisher-13] [INFO] [1747992850.502730019] [right.robot_state_publisher]: got segment right_summit_back_right_wheel_link
[robot_state_publisher-13] [INFO] [1747992850.502761977] [right.robot_state_publisher]: got segment right_summit_base_chapa
[robot_state_publisher-13] [INFO] [1747992850.502783089] [right.robot_state_publisher]: got segment right_summit_base_docking_contact
[robot_state_publisher-13] [INFO] [1747992850.502801464] [right.robot_state_publisher]: got segment right_summit_base_footprint
[robot_state_publisher-13] [INFO] [1747992850.502818537] [right.robot_state_publisher]: got segment right_summit_base_link
[robot_state_publisher-13] [INFO] [1747992850.502835595] [right.robot_state_publisher]: got segment right_summit_base_logo_front
[robot_state_publisher-13] [INFO] [1747992850.502852035] [right.robot_state_publisher]: got segment right_summit_base_logo_left
[robot_state_publisher-13] [INFO] [1747992850.502868026] [right.robot_state_publisher]: got segment right_summit_base_logo_rear
[robot_state_publisher-13] [INFO] [1747992850.502884594] [right.robot_state_publisher]: got segment right_summit_base_logo_right
[robot_state_publisher-13] [INFO] [1747992850.502900411] [right.robot_state_publisher]: got segment right_summit_front_laser_base_link
[robot_state_publisher-13] [INFO] [1747992850.502916156] [right.robot_state_publisher]: got segment right_summit_front_laser_link
[robot_state_publisher-13] [INFO] [1747992850.502932346] [right.robot_state_publisher]: got segment right_summit_front_left_wheel_link
[robot_state_publisher-13] [INFO] [1747992850.502947489] [right.robot_state_publisher]: got segment right_summit_front_right_wheel_link
[robot_state_publisher-13] [INFO] [1747992850.502962697] [right.robot_state_publisher]: got segment right_summit_imu_link
[robot_state_publisher-13] [INFO] [1747992850.502977799] [right.robot_state_publisher]: got segment right_summit_rear_laser_base_link
[robot_state_publisher-13] [INFO] [1747992850.502992628] [right.robot_state_publisher]: got segment right_summit_rear_laser_link
[robot_state_publisher-13] [INFO] [1747992850.503008031] [right.robot_state_publisher]: got segment ur_right_base
[robot_state_publisher-13] [INFO] [1747992850.503023621] [right.robot_state_publisher]: got segment ur_right_base_link
[robot_state_publisher-13] [INFO] [1747992850.503038900] [right.robot_state_publisher]: got segment ur_right_base_link_inertia
[robot_state_publisher-13] [INFO] [1747992850.503054638] [right.robot_state_publisher]: got segment ur_right_finger_left
[robot_state_publisher-13] [INFO] [1747992850.503069813] [right.robot_state_publisher]: got segment ur_right_finger_right
[robot_state_publisher-13] [INFO] [1747992850.503085752] [right.robot_state_publisher]: got segment ur_right_finger_tip
[robot_state_publisher-13] [INFO] [1747992850.503101420] [right.robot_state_publisher]: got segment ur_right_flange
[robot_state_publisher-13] [INFO] [1747992850.503116689] [right.robot_state_publisher]: got segment ur_right_forearm_link
[robot_state_publisher-13] [INFO] [1747992850.503131861] [right.robot_state_publisher]: got segment ur_right_ft_frame
[robot_state_publisher-13] [INFO] [1747992850.503146793] [right.robot_state_publisher]: got segment ur_right_robotiq_hand
[robot_state_publisher-13] [INFO] [1747992850.503161789] [right.robot_state_publisher]: got segment ur_right_shoulder_link
[robot_state_publisher-13] [INFO] [1747992850.503177034] [right.robot_state_publisher]: got segment ur_right_tool0
[robot_state_publisher-13] [INFO] [1747992850.503192293] [right.robot_state_publisher]: got segment ur_right_upper_arm_link
[robot_state_publisher-13] [INFO] [1747992850.503207007] [right.robot_state_publisher]: got segment ur_right_wrist_1_link
[robot_state_publisher-13] [INFO] [1747992850.503221429] [right.robot_state_publisher]: got segment ur_right_wrist_2_link
[robot_state_publisher-13] [INFO] [1747992850.503236354] [right.robot_state_publisher]: got segment ur_right_wrist_3_link
[robot_state_publisher-4] [INFO] [1747992850.514558128] [left.robot_state_publisher]: got segment left_summit_back_left_wheel_link
[robot_state_publisher-4] [INFO] [1747992850.514709707] [left.robot_state_publisher]: got segment left_summit_back_right_wheel_link
[robot_state_publisher-4] [INFO] [1747992850.514742904] [left.robot_state_publisher]: got segment left_summit_base_chapa
[robot_state_publisher-4] [INFO] [1747992850.514766454] [left.robot_state_publisher]: got segment left_summit_base_docking_contact
[robot_state_publisher-4] [INFO] [1747992850.514789438] [left.robot_state_publisher]: got segment left_summit_base_footprint
[robot_state_publisher-4] [INFO] [1747992850.514808348] [left.robot_state_publisher]: got segment left_summit_base_link
[robot_state_publisher-4] [INFO] [1747992850.514825941] [left.robot_state_publisher]: got segment left_summit_base_logo_front
[robot_state_publisher-4] [INFO] [1747992850.514842364] [left.robot_state_publisher]: got segment left_summit_base_logo_left
[robot_state_publisher-4] [INFO] [1747992850.514859030] [left.robot_state_publisher]: got segment left_summit_base_logo_rear
[robot_state_publisher-4] [INFO] [1747992850.514875250] [left.robot_state_publisher]: got segment left_summit_base_logo_right
[robot_state_publisher-4] [INFO] [1747992850.514891187] [left.robot_state_publisher]: got segment left_summit_front_laser_base_link
[robot_state_publisher-4] [INFO] [1747992850.514907435] [left.robot_state_publisher]: got segment left_summit_front_laser_link
[robot_state_publisher-4] [INFO] [1747992850.514923595] [left.robot_state_publisher]: got segment left_summit_front_left_wheel_link
[robot_state_publisher-4] [INFO] [1747992850.514940015] [left.robot_state_publisher]: got segment left_summit_front_right_wheel_link
[robot_state_publisher-4] [INFO] [1747992850.514959585] [left.robot_state_publisher]: got segment left_summit_imu_link
[robot_state_publisher-4] [INFO] [1747992850.514978761] [left.robot_state_publisher]: got segment left_summit_rear_laser_base_link
[robot_state_publisher-4] [INFO] [1747992850.514999025] [left.robot_state_publisher]: got segment left_summit_rear_laser_link
[robot_state_publisher-4] [INFO] [1747992850.515019784] [left.robot_state_publisher]: got segment ur_left_base
[robot_state_publisher-4] [INFO] [1747992850.515040586] [left.robot_state_publisher]: got segment ur_left_base_link
[robot_state_publisher-4] [INFO] [1747992850.515059587] [left.robot_state_publisher]: got segment ur_left_base_link_inertia
[robot_state_publisher-4] [INFO] [1747992850.515079807] [left.robot_state_publisher]: got segment ur_left_finger_left
[robot_state_publisher-4] [INFO] [1747992850.515099265] [left.robot_state_publisher]: got segment ur_left_finger_right
[robot_state_publisher-4] [INFO] [1747992850.515118030] [left.robot_state_publisher]: got segment ur_left_finger_tip
[robot_state_publisher-4] [INFO] [1747992850.515137177] [left.robot_state_publisher]: got segment ur_left_flange
[robot_state_publisher-4] [INFO] [1747992850.515157610] [left.robot_state_publisher]: got segment ur_left_forearm_link
[robot_state_publisher-4] [INFO] [1747992850.515177461] [left.robot_state_publisher]: got segment ur_left_ft_frame
[robot_state_publisher-4] [INFO] [1747992850.515194970] [left.robot_state_publisher]: got segment ur_left_robotiq_hand
[robot_state_publisher-4] [INFO] [1747992850.515210905] [left.robot_state_publisher]: got segment ur_left_shoulder_link
[robot_state_publisher-4] [INFO] [1747992850.515226900] [left.robot_state_publisher]: got segment ur_left_tool0
[robot_state_publisher-4] [INFO] [1747992850.515242603] [left.robot_state_publisher]: got segment ur_left_upper_arm_link
[robot_state_publisher-4] [INFO] [1747992850.515258446] [left.robot_state_publisher]: got segment ur_left_wrist_1_link
[robot_state_publisher-4] [INFO] [1747992850.515274379] [left.robot_state_publisher]: got segment ur_left_wrist_2_link
[robot_state_publisher-4] [INFO] [1747992850.515289917] [left.robot_state_publisher]: got segment ur_left_wrist_3_link
[rviz2-21] QStandardPaths: XDG_RUNTIME_DIR not set, defaulting to '/tmp/runtime-root'
[move_group-22] [INFO] [1747992851.224472425] [moveit_rdf_loader.rdf_loader]: Loaded robot model in 0.0946191 seconds
[move_group-22] [INFO] [1747992851.224565718] [moveit_robot_model.robot_model]: Loading robot model 'srm'...
[move_group-22] [INFO] [1747992851.224584000] [moveit_robot_model.robot_model]: No root/virtual joint specified in SRDF. Assuming fixed joint
[move_group-22] [WARN] [1747992851.224635846] [moveit_robot_model.robot_model]: Link left_summit_base_footprint has visual geometry but no collision geometry. Collision geometry will be left empty. Fix your URDF file by explicitly specifying collision geometry.
[spawn_entity.py-3] [INFO] [1747992851.227537394] [left]: Spawn Entity started
[spawn_entity.py-3] [INFO] [1747992851.228152686] [left]: Loading entity published on topic /left/robot_description
[spawn_entity.py-3] /opt/ros/humble/local/lib/python3.10/dist-packages/rclpy/qos.py:307: UserWarning: DurabilityPolicy.RMW_QOS_POLICY_DURABILITY_TRANSIENT_LOCAL is deprecated. Use DurabilityPolicy.TRANSIENT_LOCAL instead.
[spawn_entity.py-3]   warnings.warn(
[move_group-22] [WARN] [1747992851.229907350] [moveit_robot_model.robot_model]: Link left_summit_base_logo_front has visual geometry but no collision geometry. Collision geometry will be left empty. Fix your URDF file by explicitly specifying collision geometry.
[move_group-22] [WARN] [1747992851.229941496] [moveit_robot_model.robot_model]: Link left_summit_base_logo_left has visual geometry but no collision geometry. Collision geometry will be left empty. Fix your URDF file by explicitly specifying collision geometry.
[move_group-22] [WARN] [1747992851.229957686] [moveit_robot_model.robot_model]: Link left_summit_base_logo_rear has visual geometry but no collision geometry. Collision geometry will be left empty. Fix your URDF file by explicitly specifying collision geometry.
[move_group-22] [WARN] [1747992851.229972716] [moveit_robot_model.robot_model]: Link left_summit_base_logo_right has visual geometry but no collision geometry. Collision geometry will be left empty. Fix your URDF file by explicitly specifying collision geometry.
[move_group-22] [WARN] [1747992851.229987971] [moveit_robot_model.robot_model]: Link left_summit_base_chapa has visual geometry but no collision geometry. Collision geometry will be left empty. Fix your URDF file by explicitly specifying collision geometry.
[spawn_entity.py-3] [INFO] [1747992851.234221888] [left]: Waiting for entity xml on /left/robot_description
[move_group-22] [WARN] [1747992851.236417498] [moveit_robot_model.robot_model]: Link left_summit_imu_link has visual geometry but no collision geometry. Collision geometry will be left empty. Fix your URDF file by explicitly specifying collision geometry.
[spawn_entity.py-3] [INFO] [1747992851.247934732] [left]: Waiting for service /spawn_entity, timeout = 5
[spawn_entity.py-3] [INFO] [1747992851.248857582] [left]: Waiting for service /spawn_entity
[move_group-22] [WARN] [1747992851.560489180] [moveit_robot_model.robot_model]: Link right_summit_base_footprint has visual geometry but no collision geometry. Collision geometry will be left empty. Fix your URDF file by explicitly specifying collision geometry.
[move_group-22] [WARN] [1747992851.586382392] [moveit_robot_model.robot_model]: Link right_summit_base_logo_front has visual geometry but no collision geometry. Collision geometry will be left empty. Fix your URDF file by explicitly specifying collision geometry.
[move_group-22] [WARN] [1747992851.586433589] [moveit_robot_model.robot_model]: Link right_summit_base_logo_left has visual geometry but no collision geometry. Collision geometry will be left empty. Fix your URDF file by explicitly specifying collision geometry.
[move_group-22] [WARN] [1747992851.586453425] [moveit_robot_model.robot_model]: Link right_summit_base_logo_rear has visual geometry but no collision geometry. Collision geometry will be left empty. Fix your URDF file by explicitly specifying collision geometry.
[move_group-22] [WARN] [1747992851.586472026] [moveit_robot_model.robot_model]: Link right_summit_base_logo_right has visual geometry but no collision geometry. Collision geometry will be left empty. Fix your URDF file by explicitly specifying collision geometry.
[move_group-22] [WARN] [1747992851.586489831] [moveit_robot_model.robot_model]: Link right_summit_base_chapa has visual geometry but no collision geometry. Collision geometry will be left empty. Fix your URDF file by explicitly specifying collision geometry.
[move_group-22] [WARN] [1747992851.592889251] [moveit_robot_model.robot_model]: Link right_summit_imu_link has visual geometry but no collision geometry. Collision geometry will be left empty. Fix your URDF file by explicitly specifying collision geometry.
[spawner-11] [INFO] [1747992851.709955327] [left.spawner_ur_left_joint_group_vel_controller]: waiting for service /left/controller_manager/list_controllers to become available...
[spawner-19] [INFO] [1747992851.773919708] [right.spawner_joint_state_broadcaster]: waiting for service /right/controller_manager/list_controllers to become available...
[spawn_entity.py-12] [INFO] [1747992851.784817987] [right]: Spawn Entity started
[spawn_entity.py-12] [INFO] [1747992851.785919222] [right]: Loading entity published on topic /right/robot_description
[spawner-20] [INFO] [1747992851.786070459] [right.spawner_ur_right_joint_group_vel_controller]: waiting for service /right/controller_manager/list_controllers to become available...
[spawn_entity.py-12] /opt/ros/humble/local/lib/python3.10/dist-packages/rclpy/qos.py:307: UserWarning: DurabilityPolicy.RMW_QOS_POLICY_DURABILITY_TRANSIENT_LOCAL is deprecated. Use DurabilityPolicy.TRANSIENT_LOCAL instead.
[spawn_entity.py-12]   warnings.warn(
[spawn_entity.py-12] [INFO] [1747992851.792941430] [right]: Waiting for entity xml on /right/robot_description
[spawner-10] [INFO] [1747992851.797842034] [left.spawner_joint_state_broadcaster]: waiting for service /left/controller_manager/list_controllers to become available...
[spawn_entity.py-12] [INFO] [1747992851.807293513] [right]: Waiting for service /spawn_entity, timeout = 5
[spawn_entity.py-12] [INFO] [1747992851.808760138] [right]: Waiting for service /spawn_entity
[move_group-22] [INFO] [1747992851.922771676] [moveit_kinematics_base.kinematics_base]: SrvKinematicsPlugin initializing
[move_group-22] [INFO] [1747992851.922818796] [moveit_kinematics_base.kinematics_base]: Dimension planning group 'srm_r': 10. Active Joints Models: 10. Mimic Joint Models: 0
[rviz2-21] [INFO] [1747992851.977753142] [rviz2]: Stereo is NOT SUPPORTED
[rviz2-21] [INFO] [1747992851.977975190] [rviz2]: OpenGl version: 4.6 (GLSL 4.6)
[rviz2-21] [INFO] [1747992852.039004766] [rviz2]: Stereo is NOT SUPPORTED
[move_group-22] [WARN] [1747992852.932555196] [moveit_kinematics_base.kinematics_base]: Unable to connect to ROS service client with name: /solve_ik
[move_group-22] [ERROR] [1747992852.932662852] [moveit_ros.robot_model_loader]: Kinematics solver N21srv_kinematics_plugin19SrvKinematicsPluginE does not support joint group srm_r.  Error: This plugin only supports joint groups which are chains
[move_group-22] [INFO] [1747992852.932719907] [moveit_kinematics_base.kinematics_base]: SrvKinematicsPlugin initializing
[move_group-22] [INFO] [1747992852.932739279] [moveit_kinematics_base.kinematics_base]: Dimension planning group 'srm_l': 10. Active Joints Models: 10. Mimic Joint Models: 0
[rviz2-21] [WARN] [1747992853.024939293] [rcl.logging_rosout]: Publisher already registered for provided node name. If this is due to multiple nodes with the same name then all logs for that logger name will go out over the existing publisher. As soon as any node with that name is destructed it will unregister the publisher, preventing any further logs for that name from being published on the rosout topic.
[gzserver-1] [WARN] [1747992853.471683354] [rcl]: Found remap rule 'model_states:=model_states'. This syntax is deprecated. Use '--ros-args --remap model_states:=model_states' instead.
[gzserver-1] [WARN] [1747992853.472011879] [rcl]: Found remap rule 'link_states:=link_states'. This syntax is deprecated. Use '--ros-args --remap link_states:=link_states' instead.
[gzserver-1] [INFO] [1747992853.491693110] [state.gazebo_ros_state]: Publishing states of gazebo models at [/state/model_states]
[gzserver-1] [INFO] [1747992853.493232211] [state.gazebo_ros_state]: Publishing states of gazebo links at [/state/link_states]
[spawn_entity.py-12] [INFO] [1747992853.583033219] [right]: Calling service /spawn_entity
[move_group-22] [WARN] [1747992853.934735381] [moveit_kinematics_base.kinematics_base]: Unable to connect to ROS service client with name: /solve_ik
[move_group-22] [ERROR] [1747992853.934801460] [moveit_ros.robot_model_loader]: Kinematics solver N21srv_kinematics_plugin19SrvKinematicsPluginE does not support joint group srm_l.  Error: This plugin only supports joint groups which are chains
[move_group-22] [INFO] [1747992853.934878558] [moveit_kinematics_base.kinematics_base]: SrvKinematicsPlugin initializing
[move_group-22] [INFO] [1747992853.934911359] [moveit_kinematics_base.kinematics_base]: Dimension planning group 'srm_r_base': 4. Active Joints Models: 4. Mimic Joint Models: 0
[spawn_entity.py-3] [INFO] [1747992854.516647403] [left]: Calling service /spawn_entity
[gzserver-1] [INFO] [1747992854.562449186] [right_summit_imu_imu_plugin]: <initial_orientation_as_reference> is unset, using default value of false to comply with REP 145 (world as orientation reference)
[spawn_entity.py-12] [INFO] [1747992854.899771120] [right]: Spawn status: SpawnEntity: Successfully spawned entity [right_robot]
[spawn_entity.py-12] [INFO] [1747992854.911513823] [right]: Calling service /unpause_physics
[move_group-22] [WARN] [1747992854.936293794] [moveit_kinematics_base.kinematics_base]: Unable to connect to ROS service client with name: /solve_ik
[move_group-22] [ERROR] [1747992854.936351261] [moveit_ros.robot_model_loader]: Kinematics solver N21srv_kinematics_plugin19SrvKinematicsPluginE does not support joint group srm_r_base.  Error: This plugin only supports joint groups which are chains
[move_group-22] [INFO] [1747992854.940217936] [moveit_kinematics_base.kinematics_base]: SrvKinematicsPlugin initializing
[move_group-22] [INFO] [1747992854.940263689] [moveit_kinematics_base.kinematics_base]: Dimension planning group 'srm_l_base': 4. Active Joints Models: 4. Mimic Joint Models: 0
[INFO] [spawn_entity.py-12]: process has finished cleanly [pid 141983]
[gzserver-1] [INFO] [1747992855.165355064] [right_summit.omni_steering]: Subscribed to [/right_summit/cmd_vel]
[gzserver-1] [INFO] [1747992855.173760198] [right_summit.omni_steering]: Advertise odometry on [/right_summit/odom]
[gzserver-1] [INFO] [1747992855.181916739] [right_summit.omni_steering]: Publishing odom transforms between [right_summit_odom] and [right_summit_base_footprint]
[gzserver-1] [INFO] [1747992855.251904026] [gazebo_ros2_control]: Loading gazebo_ros2_control plugin
[gzserver-1] [INFO] [1747992855.271931975] [right.right_gazebo_ros2_control]: Starting gazebo_ros2_control plugin in namespace: /right
[gzserver-1] [INFO] [1747992855.272018221] [right.right_gazebo_ros2_control]: Starting gazebo_ros2_control plugin in ros 2 node: right_gazebo_ros2_control
[gzserver-1] [INFO] [1747992855.295281629] [right.right_gazebo_ros2_control]: connected to service!! robot_state_publisher
[gzserver-1] [INFO] [1747992855.302386562] [right.right_gazebo_ros2_control]: Received urdf from param server, parsing...
[gzserver-1] [INFO] [1747992855.304798940] [right.right_gazebo_ros2_control]: Loading parameter files /ros2_ws/install/ur/share/ur/config/right_controller.yaml
[gzserver-1] [INFO] [1747992855.366342032] [right.right_gazebo_ros2_control]: Loading joint: ur_right_shoulder_pan_joint
[gzserver-1] [INFO] [1747992855.366833660] [right.right_gazebo_ros2_control]: 	State:
[gzserver-1] [INFO] [1747992855.367072873] [right.right_gazebo_ros2_control]: 		 position
[gzserver-1] [INFO] [1747992855.368151279] [right.right_gazebo_ros2_control]: 			 found initial value: -1.300000
[gzserver-1] [INFO] [1747992855.368204388] [right.right_gazebo_ros2_control]: 		 velocity
[gzserver-1] [INFO] [1747992855.368538959] [right.right_gazebo_ros2_control]: 		 effort
[gzserver-1] [INFO] [1747992855.368679665] [right.right_gazebo_ros2_control]: 	Command:
[gzserver-1] [INFO] [1747992855.368705597] [right.right_gazebo_ros2_control]: 		 position
[gzserver-1] [INFO] [1747992855.369554656] [right.right_gazebo_ros2_control]: 		 velocity
[gzserver-1] [INFO] [1747992855.370126725] [right.right_gazebo_ros2_control]: Loading joint: ur_right_shoulder_lift_joint
[gzserver-1] [INFO] [1747992855.370159297] [right.right_gazebo_ros2_control]: 	State:
[gzserver-1] [INFO] [1747992855.370177613] [right.right_gazebo_ros2_control]: 		 position
[gzserver-1] [INFO] [1747992855.370196619] [right.right_gazebo_ros2_control]: 			 found initial value: -0.800000
[gzserver-1] [INFO] [1747992855.370217896] [right.right_gazebo_ros2_control]: 		 velocity
[gzserver-1] [INFO] [1747992855.370239561] [right.right_gazebo_ros2_control]: 		 effort
[gzserver-1] [INFO] [1747992855.370257787] [right.right_gazebo_ros2_control]: 	Command:
[gzserver-1] [INFO] [1747992855.370272719] [right.right_gazebo_ros2_control]: 		 position
[gzserver-1] [INFO] [1747992855.370327662] [right.right_gazebo_ros2_control]: 		 velocity
[gzserver-1] [INFO] [1747992855.370365133] [right.right_gazebo_ros2_control]: Loading joint: ur_right_elbow_joint
[gzserver-1] [INFO] [1747992855.370397553] [right.right_gazebo_ros2_control]: 	State:
[gzserver-1] [INFO] [1747992855.370432052] [right.right_gazebo_ros2_control]: 		 position
[gzserver-1] [INFO] [1747992855.370516676] [right.right_gazebo_ros2_control]: 			 found initial value: -1.800000
[gzserver-1] [INFO] [1747992855.370556378] [right.right_gazebo_ros2_control]: 		 velocity
[gzserver-1] [INFO] [1747992855.370591005] [right.right_gazebo_ros2_control]: 		 effort
[gzserver-1] [INFO] [1747992855.370687818] [right.right_gazebo_ros2_control]: 	Command:
[gzserver-1] [INFO] [1747992855.370721045] [right.right_gazebo_ros2_control]: 		 position
[gzserver-1] [INFO] [1747992855.370848743] [right.right_gazebo_ros2_control]: 		 velocity
[gzserver-1] [INFO] [1747992855.370899637] [right.right_gazebo_ros2_control]: Loading joint: ur_right_wrist_1_joint
[gzserver-1] [INFO] [1747992855.371001186] [right.right_gazebo_ros2_control]: 	State:
[gzserver-1] [INFO] [1747992855.371035655] [right.right_gazebo_ros2_control]: 		 position
[gzserver-1] [INFO] [1747992855.371066279] [right.right_gazebo_ros2_control]: 			 found initial value: -1.570000
[gzserver-1] [INFO] [1747992855.371099548] [right.right_gazebo_ros2_control]: 		 velocity
[gzserver-1] [INFO] [1747992855.371126071] [right.right_gazebo_ros2_control]: 		 effort
[gzserver-1] [INFO] [1747992855.371144590] [right.right_gazebo_ros2_control]: 	Command:
[gzserver-1] [INFO] [1747992855.371166915] [right.right_gazebo_ros2_control]: 		 position
[gzserver-1] [INFO] [1747992855.371213091] [right.right_gazebo_ros2_control]: 		 velocity
[gzserver-1] [INFO] [1747992855.371262111] [right.right_gazebo_ros2_control]: Loading joint: ur_right_wrist_2_joint
[gzserver-1] [INFO] [1747992855.371291815] [right.right_gazebo_ros2_control]: 	State:
[gzserver-1] [INFO] [1747992855.371320058] [right.right_gazebo_ros2_control]: 		 position
[gzserver-1] [INFO] [1747992855.371340532] [right.right_gazebo_ros2_control]: 			 found initial value: 1.638000
[gzserver-1] [INFO] [1747992855.371370460] [right.right_gazebo_ros2_control]: 		 velocity
[gzserver-1] [INFO] [1747992855.371398062] [right.right_gazebo_ros2_control]: 		 effort
[gzserver-1] [INFO] [1747992855.371423381] [right.right_gazebo_ros2_control]: 	Command:
[gzserver-1] [INFO] [1747992855.371447634] [right.right_gazebo_ros2_control]: 		 position
[gzserver-1] [INFO] [1747992855.371499292] [right.right_gazebo_ros2_control]: 		 velocity
[gzserver-1] [INFO] [1747992855.371542429] [right.right_gazebo_ros2_control]: Loading joint: ur_right_wrist_3_joint
[gzserver-1] [INFO] [1747992855.371573574] [right.right_gazebo_ros2_control]: 	State:
[gzserver-1] [INFO] [1747992855.371594253] [right.right_gazebo_ros2_control]: 		 position
[gzserver-1] [INFO] [1747992855.371610925] [right.right_gazebo_ros2_control]: 			 found initial value: 0.000000
[gzserver-1] [INFO] [1747992855.371629233] [right.right_gazebo_ros2_control]: 		 velocity
[gzserver-1] [INFO] [1747992855.371651701] [right.right_gazebo_ros2_control]: 		 effort
[gzserver-1] [INFO] [1747992855.371670246] [right.right_gazebo_ros2_control]: 	Command:
[gzserver-1] [INFO] [1747992855.371685855] [right.right_gazebo_ros2_control]: 		 position
[gzserver-1] [INFO] [1747992855.371722038] [right.right_gazebo_ros2_control]: 		 velocity
[gzserver-1] [INFO] [1747992855.373534728] [resource_manager]: Initialize hardware 'right_ur' 
[gzserver-1] [INFO] [1747992855.377038984] [resource_manager]: Successful initialization of hardware 'right_ur'
[gzserver-1] [INFO] [1747992855.386531088] [resource_manager]: 'configure' hardware 'right_ur' 
[gzserver-1] [INFO] [1747992855.386814740] [resource_manager]: Successful 'configure' of hardware 'right_ur'
[gzserver-1] [INFO] [1747992855.387142349] [resource_manager]: 'activate' hardware 'right_ur' 
[gzserver-1] [INFO] [1747992855.387170064] [resource_manager]: Successful 'activate' of hardware 'right_ur'
[gzserver-1] [INFO] [1747992855.388432247] [right.right_gazebo_ros2_control]: Loading controller_manager
[gzserver-1] [WARN] [1747992855.530905249] [right.right_gazebo_ros2_control]:  Desired controller update period (0.002 s) is slower than the gazebo simulation period (0.001 s).
[gzserver-1] [INFO] [1747992855.535095715] [right.right_gazebo_ros2_control]: Loaded gazebo_ros2_control.
[gzserver-1] [INFO] [1747992855.551712138] [right.controller_manager]: Loading controller 'joint_state_broadcaster'
[gzserver-1] [INFO] [1747992855.624087474] [right.controller_manager]: Loading controller 'ur_right_joint_group_vel_controller'
[spawner-19] [INFO] [1747992855.625848598] [right.spawner_joint_state_broadcaster]: [94mLoaded [1mjoint_state_broadcaster[0m
[spawner-20] [INFO] [1747992855.701299134] [right.spawner_ur_right_joint_group_vel_controller]: [94mLoaded [1mur_right_joint_group_vel_controller[0m
[gzserver-1] [INFO] [1747992855.702455910] [right.controller_manager]: Configuring controller 'joint_state_broadcaster'
[gzserver-1] [INFO] [1747992855.704844769] [right.joint_state_broadcaster]: 'joints' or 'interfaces' parameter is empty. All available state interfaces will be published
[move_group-22] [WARN] [1747992855.949860945] [moveit_kinematics_base.kinematics_base]: Unable to connect to ROS service client with name: /solve_ik
[move_group-22] [ERROR] [1747992855.949907246] [moveit_ros.robot_model_loader]: Kinematics solver N21srv_kinematics_plugin19SrvKinematicsPluginE does not support joint group srm_l_base.  Error: This plugin only supports joint groups which are chains
[gzserver-1] [INFO] [1747992856.445665834] [left_summit_imu_imu_plugin]: <initial_orientation_as_reference> is unset, using default value of false to comply with REP 145 (world as orientation reference)
[spawn_entity.py-3] [INFO] [1747992856.917595547] [left]: Spawn status: SpawnEntity: Successfully spawned entity [left_robot]
[spawn_entity.py-3] [INFO] [1747992856.929228841] [left]: Calling service /unpause_physics
[gzserver-1] [WARN] [1747992857.016478149] [gazebo.rclcpp]: failed to send response to /unpause_physics (timeout): client will not receive response, at ./src/rmw_response.cpp:154, at ./src/rcl/service.c:314
[move_group-22] [INFO] [1747992857.038856970] [moveit_ros.planning_scene_monitor.planning_scene_monitor]: Publishing maintained planning scene on 'monitored_planning_scene'
[move_group-22] [INFO] [1747992857.039164807] [moveit.ros_planning_interface.moveit_cpp]: Listening to 'joint_states' for joint states
[move_group-22] [INFO] [1747992857.041521533] [moveit_ros.current_state_monitor]: Listening to joint states on topic 'joint_states'
[move_group-22] [INFO] [1747992857.043798516] [moveit_ros.planning_scene_monitor.planning_scene_monitor]: Listening to '/attached_collision_object' for attached collision objects
[move_group-22] [INFO] [1747992857.044016509] [moveit_ros.planning_scene_monitor.planning_scene_monitor]: Starting planning scene monitor
[move_group-22] [INFO] [1747992857.045538986] [moveit_ros.planning_scene_monitor.planning_scene_monitor]: Listening to '/planning_scene'
[move_group-22] [INFO] [1747992857.045572664] [moveit_ros.planning_scene_monitor.planning_scene_monitor]: Starting world geometry update monitor for collision objects, attached objects, octomap updates.
[move_group-22] [INFO] [1747992857.047094862] [moveit_ros.planning_scene_monitor.planning_scene_monitor]: Listening to 'collision_object'
[move_group-22] [INFO] [1747992857.048489895] [moveit_ros.planning_scene_monitor.planning_scene_monitor]: Listening to 'planning_scene_world' for planning scene world geometry
[move_group-22] [WARN] [1747992857.051170269] [moveit.ros.occupancy_map_monitor.middleware_handle]: Resolution not specified for Octomap. Assuming resolution = 0.1 instead
[gzserver-1] [INFO] [1747992857.087940946] [left_summit.omni_steering]: Subscribed to [/left_summit/cmd_vel]
[gzserver-1] [INFO] [1747992857.090045136] [left_summit.omni_steering]: Advertise odometry on [/left_summit/odom]
[gzserver-1] [INFO] [1747992857.095132701] [left_summit.omni_steering]: Publishing odom transforms between [left_summit_odom] and [left_summit_base_footprint]
[gzserver-1] [INFO] [1747992857.095525355] [gazebo_ros2_control]: Loading gazebo_ros2_control plugin
[gzserver-1] [WARN] [1747992857.117207692] [gazebo.rclcpp]: failed to send response to /unpause_physics (timeout): client will not receive response, at ./src/rmw_response.cpp:154, at ./src/rcl/service.c:314
[gzserver-1] [INFO] [1747992857.132874519] [left.left_gazebo_ros2_control]: Starting gazebo_ros2_control plugin in namespace: /left
[gzserver-1] [INFO] [1747992857.133684251] [left.left_gazebo_ros2_control]: Starting gazebo_ros2_control plugin in ros 2 node: left_gazebo_ros2_control
[INFO] [spawn_entity.py-3]: process has finished cleanly [pid 141957]
[gzserver-1] [INFO] [1747992857.159170604] [left.left_gazebo_ros2_control]: connected to service!! robot_state_publisher
[gzserver-1] [INFO] [1747992857.159829098] [left.left_gazebo_ros2_control]: Received urdf from param server, parsing...
[gzserver-1] [INFO] [1747992857.159918389] [left.left_gazebo_ros2_control]: Loading parameter files /ros2_ws/install/ur/share/ur/config/left_controller.yaml
[gzserver-1] [INFO] [1747992857.175830106] [left.left_gazebo_ros2_control]: Loading joint: ur_left_shoulder_pan_joint
[gzserver-1] [INFO] [1747992857.175910195] [left.left_gazebo_ros2_control]: 	State:
[gzserver-1] [INFO] [1747992857.175948385] [left.left_gazebo_ros2_control]: 		 position
[gzserver-1] [INFO] [1747992857.176052726] [left.left_gazebo_ros2_control]: 			 found initial value: -1.400000
[gzserver-1] [INFO] [1747992857.176097210] [left.left_gazebo_ros2_control]: 		 velocity
[gzserver-1] [INFO] [1747992857.176143077] [left.left_gazebo_ros2_control]: 		 effort
[gzserver-1] [INFO] [1747992857.176178092] [left.left_gazebo_ros2_control]: 	Command:
[gzserver-1] [INFO] [1747992857.176211043] [left.left_gazebo_ros2_control]: 		 position
[gzserver-1] [INFO] [1747992857.176370624] [left.left_gazebo_ros2_control]: 		 velocity
[gzserver-1] [INFO] [1747992857.176434123] [left.left_gazebo_ros2_control]: Loading joint: ur_left_shoulder_lift_joint
[gzserver-1] [INFO] [1747992857.176474308] [left.left_gazebo_ros2_control]: 	State:
[gzserver-1] [INFO] [1747992857.176503001] [left.left_gazebo_ros2_control]: 		 position
[gzserver-1] [INFO] [1747992857.176533345] [left.left_gazebo_ros2_control]: 			 found initial value: -1.227838
[gzserver-1] [INFO] [1747992857.176564885] [left.left_gazebo_ros2_control]: 		 velocity
[gzserver-1] [INFO] [1747992857.176600971] [left.left_gazebo_ros2_control]: 		 effort
[gzserver-1] [INFO] [1747992857.176632330] [left.left_gazebo_ros2_control]: 	Command:
[gzserver-1] [INFO] [1747992857.176661820] [left.left_gazebo_ros2_control]: 		 position
[gzserver-1] [INFO] [1747992857.176746470] [left.left_gazebo_ros2_control]: 		 velocity
[gzserver-1] [INFO] [1747992857.176801548] [left.left_gazebo_ros2_control]: Loading joint: ur_left_elbow_joint
[gzserver-1] [INFO] [1747992857.176835082] [left.left_gazebo_ros2_control]: 	State:
[gzserver-1] [INFO] [1747992857.176862504] [left.left_gazebo_ros2_control]: 		 position
[gzserver-1] [INFO] [1747992857.176893254] [left.left_gazebo_ros2_control]: 			 found initial value: -1.791046
[gzserver-1] [INFO] [1747992857.176924141] [left.left_gazebo_ros2_control]: 		 velocity
[gzserver-1] [INFO] [1747992857.176951640] [left.left_gazebo_ros2_control]: 		 effort
[gzserver-1] [INFO] [1747992857.176988831] [left.left_gazebo_ros2_control]: 	Command:
[gzserver-1] [INFO] [1747992857.177017289] [left.left_gazebo_ros2_control]: 		 position
[gzserver-1] [INFO] [1747992857.177085694] [left.left_gazebo_ros2_control]: 		 velocity
[gzserver-1] [INFO] [1747992857.177130684] [left.left_gazebo_ros2_control]: Loading joint: ur_left_wrist_1_joint
[gzserver-1] [INFO] [1747992857.177164774] [left.left_gazebo_ros2_control]: 	State:
[gzserver-1] [INFO] [1747992857.177192029] [left.left_gazebo_ros2_control]: 		 position
[gzserver-1] [INFO] [1747992857.177219106] [left.left_gazebo_ros2_control]: 			 found initial value: -1.447073
[gzserver-1] [INFO] [1747992857.177247251] [left.left_gazebo_ros2_control]: 		 velocity
[gzserver-1] [INFO] [1747992857.177273825] [left.left_gazebo_ros2_control]: 		 effort
[gzserver-1] [INFO] [1747992857.177303011] [left.left_gazebo_ros2_control]: 	Command:
[gzserver-1] [INFO] [1747992857.177328640] [left.left_gazebo_ros2_control]: 		 position
[gzserver-1] [INFO] [1747992857.177382644] [left.left_gazebo_ros2_control]: 		 velocity
[gzserver-1] [INFO] [1747992857.177432827] [left.left_gazebo_ros2_control]: Loading joint: ur_left_wrist_2_joint
[gzserver-1] [INFO] [1747992857.177462656] [left.left_gazebo_ros2_control]: 	State:
[gzserver-1] [INFO] [1747992857.177485670] [left.left_gazebo_ros2_control]: 		 position
[gzserver-1] [INFO] [1747992857.177749976] [left.left_gazebo_ros2_control]: 			 found initial value: 1.900333
[gzserver-1] [INFO] [1747992857.177806456] [left.left_gazebo_ros2_control]: 		 velocity
[gzserver-1] [INFO] [1747992857.177835846] [left.left_gazebo_ros2_control]: 		 effort
[gzserver-1] [INFO] [1747992857.177864140] [left.left_gazebo_ros2_control]: 	Command:
[gzserver-1] [INFO] [1747992857.177888868] [left.left_gazebo_ros2_control]: 		 position
[gzserver-1] [INFO] [1747992857.177951309] [left.left_gazebo_ros2_control]: 		 velocity
[gzserver-1] [INFO] [1747992857.178001241] [left.left_gazebo_ros2_control]: Loading joint: ur_left_wrist_3_joint
[gzserver-1] [INFO] [1747992857.178035586] [left.left_gazebo_ros2_control]: 	State:
[gzserver-1] [INFO] [1747992857.178064239] [left.left_gazebo_ros2_control]: 		 position
[gzserver-1] [INFO] [1747992857.178091607] [left.left_gazebo_ros2_control]: 			 found initial value: -0.755379
[gzserver-1] [INFO] [1747992857.178120236] [left.left_gazebo_ros2_control]: 		 velocity
[gzserver-1] [INFO] [1747992857.178162227] [left.left_gazebo_ros2_control]: 		 effort
[gzserver-1] [INFO] [1747992857.178187988] [left.left_gazebo_ros2_control]: 	Command:
[gzserver-1] [INFO] [1747992857.178210712] [left.left_gazebo_ros2_control]: 		 position
[gzserver-1] [INFO] [1747992857.178254475] [left.left_gazebo_ros2_control]: 		 velocity
[gzserver-1] [INFO] [1747992857.178324853] [resource_manager]: Initialize hardware 'left_ur' 
[gzserver-1] [INFO] [1747992857.178410958] [resource_manager]: Successful initialization of hardware 'left_ur'
[gzserver-1] [INFO] [1747992857.178674535] [resource_manager]: 'configure' hardware 'left_ur' 
[gzserver-1] [INFO] [1747992857.178702634] [resource_manager]: Successful 'configure' of hardware 'left_ur'
[gzserver-1] [INFO] [1747992857.178771847] [resource_manager]: 'activate' hardware 'left_ur' 
[gzserver-1] [INFO] [1747992857.178796021] [resource_manager]: Successful 'activate' of hardware 'left_ur'
[gzserver-1] [INFO] [1747992857.178875624] [left.left_gazebo_ros2_control]: Loading controller_manager
[gzserver-1] [WARN] [1747992857.297104130] [left.left_gazebo_ros2_control]:  Desired controller update period (0.002 s) is slower than the gazebo simulation period (0.001 s).
[gzserver-1] [INFO] [1747992857.298373106] [left.left_gazebo_ros2_control]: Loaded gazebo_ros2_control.
[gzserver-1] [INFO] [1747992857.301627858] [right.controller_manager]: Configuring controller 'ur_right_joint_group_vel_controller'
[gzserver-1] [INFO] [1747992857.313564727] [left.controller_manager]: Loading controller 'joint_state_broadcaster'
[gzserver-1] [INFO] [1747992857.335965319] [right.ur_right_joint_group_vel_controller]: configure successful
[spawner-19] [INFO] [1747992857.379219312] [right.spawner_joint_state_broadcaster]: [92mConfigured and activated [1mjoint_state_broadcaster[0m
[spawner-10] [INFO] [1747992857.379274539] [left.spawner_joint_state_broadcaster]: [94mLoaded [1mjoint_state_broadcaster[0m
[gzserver-1] [INFO] [1747992857.385422900] [right.ur_right_joint_group_vel_controller]: activate successful
[gzserver-1] [INFO] [1747992857.386801878] [left.controller_manager]: Configuring controller 'joint_state_broadcaster'
[gzserver-1] [INFO] [1747992857.386988273] [left.joint_state_broadcaster]: 'joints' or 'interfaces' parameter is empty. All available state interfaces will be published
[spawner-20] [INFO] [1747992857.397316431] [right.spawner_ur_right_joint_group_vel_controller]: [92mConfigured and activated [1mur_right_joint_group_vel_controller[0m
[spawner-10] [INFO] [1747992857.421861547] [left.spawner_joint_state_broadcaster]: [92mConfigured and activated [1mjoint_state_broadcaster[0m
[gzserver-1] [INFO] [1747992857.569183779] [left.controller_manager]: Loading controller 'ur_left_joint_group_vel_controller'
[spawner-11] [INFO] [1747992857.634677200] [left.spawner_ur_left_joint_group_vel_controller]: [94mLoaded [1mur_left_joint_group_vel_controller[0m
[gzserver-1] [INFO] [1747992857.637069518] [left.controller_manager]: Configuring controller 'ur_left_joint_group_vel_controller'
[gzserver-1] [INFO] [1747992857.640238809] [left.ur_left_joint_group_vel_controller]: configure successful
[gzserver-1] [INFO] [1747992857.647860167] [left.ur_left_joint_group_vel_controller]: activate successful
[spawner-11] [INFO] [1747992857.651610754] [left.spawner_ur_left_joint_group_vel_controller]: [92mConfigured and activated [1mur_left_joint_group_vel_controller[0m
[INFO] [spawner-19]: process has finished cleanly [pid 142063]
[INFO] [spawner-20]: process has finished cleanly [pid 142070]
[INFO] [spawner-10]: process has finished cleanly [pid 141971]
[INFO] [spawner-11]: process has finished cleanly [pid 141973]
[move_group-22] [INFO] [1747992860.490733291] [moveit.ros_planning_interface.moveit_cpp]: Loading planning pipeline 'ompl'
[move_group-22] [INFO] [1747992860.532488661] [moveit.ros_planning.planning_pipeline]: Using planning interface 'OMPL'
[move_group-22] [INFO] [1747992860.547304293] [moveit_ros.add_time_optimal_parameterization]: Param 'ompl.path_tolerance' was not set. Using default value: 0.100000
[move_group-22] [INFO] [1747992860.547341911] [moveit_ros.add_time_optimal_parameterization]: Param 'ompl.resample_dt' was not set. Using default value: 0.100000
[move_group-22] [INFO] [1747992860.547406253] [moveit_ros.add_time_optimal_parameterization]: Param 'ompl.min_angle_change' was not set. Using default value: 0.001000
[move_group-22] [INFO] [1747992860.547483658] [moveit_ros.fix_workspace_bounds]: Param 'ompl.default_workspace_bounds' was not set. Using default value: 10.000000
[move_group-22] [INFO] [1747992860.547525404] [moveit_ros.fix_start_state_bounds]: Param 'ompl.start_state_max_bounds_error' was set to 0.100000
[move_group-22] [INFO] [1747992860.547543351] [moveit_ros.fix_start_state_bounds]: Param 'ompl.start_state_max_dt' was not set. Using default value: 0.500000
[move_group-22] [INFO] [1747992860.547579383] [moveit_ros.fix_start_state_collision]: Param 'ompl.start_state_max_dt' was not set. Using default value: 0.500000
[move_group-22] [INFO] [1747992860.547596318] [moveit_ros.fix_start_state_collision]: Param 'ompl.jiggle_fraction' was set to 0.050000
[move_group-22] [INFO] [1747992860.547626419] [moveit_ros.fix_start_state_collision]: Param 'ompl.max_sampling_attempts' was not set. Using default value: 100
[move_group-22] [INFO] [1747992860.547660573] [moveit.ros_planning.planning_pipeline]: Using planning request adapter 'Add Time Optimal Parameterization'
[move_group-22] [INFO] [1747992860.547676641] [moveit.ros_planning.planning_pipeline]: Using planning request adapter 'Resolve constraint frames to robot links'
[move_group-22] [INFO] [1747992860.547686802] [moveit.ros_planning.planning_pipeline]: Using planning request adapter 'Fix Workspace Bounds'
[move_group-22] [INFO] [1747992860.547695748] [moveit.ros_planning.planning_pipeline]: Using planning request adapter 'Fix Start State Bounds'
[move_group-22] [INFO] [1747992860.547704676] [moveit.ros_planning.planning_pipeline]: Using planning request adapter 'Fix Start State In Collision'
[move_group-22] [INFO] [1747992860.547713557] [moveit.ros_planning.planning_pipeline]: Using planning request adapter 'Fix Start State Path Constraints'
[move_group-22] [INFO] [1747992860.554073371] [moveit.ros_planning_interface.moveit_cpp]: Loading planning pipeline 'chomp'
[move_group-22] [INFO] [1747992860.568416067] [moveit.ros_planning.planning_pipeline]: Using planning interface 'CHOMP'
[move_group-22] [INFO] [1747992860.578913255] [moveit_ros.add_time_optimal_parameterization]: Param 'chomp.path_tolerance' was not set. Using default value: 0.100000
[move_group-22] [INFO] [1747992860.578950465] [moveit_ros.add_time_optimal_parameterization]: Param 'chomp.resample_dt' was not set. Using default value: 0.100000
[move_group-22] [INFO] [1747992860.578961410] [moveit_ros.add_time_optimal_parameterization]: Param 'chomp.min_angle_change' was not set. Using default value: 0.001000
[move_group-22] [INFO] [1747992860.578999961] [moveit_ros.fix_workspace_bounds]: Param 'chomp.default_workspace_bounds' was not set. Using default value: 10.000000
[move_group-22] [INFO] [1747992860.579024984] [moveit_ros.fix_start_state_bounds]: Param 'chomp.start_state_max_bounds_error' was set to 0.100000
[move_group-22] [INFO] [1747992860.579034515] [moveit_ros.fix_start_state_bounds]: Param 'chomp.start_state_max_dt' was not set. Using default value: 0.500000
[move_group-22] [INFO] [1747992860.579054073] [moveit_ros.fix_start_state_collision]: Param 'chomp.start_state_max_dt' was not set. Using default value: 0.500000
[move_group-22] [INFO] [1747992860.579063855] [moveit_ros.fix_start_state_collision]: Param 'chomp.jiggle_fraction' was set to 0.050000
[move_group-22] [INFO] [1747992860.579072648] [moveit_ros.fix_start_state_collision]: Param 'chomp.max_sampling_attempts' was not set. Using default value: 100
[move_group-22] [INFO] [1747992860.579090689] [moveit.ros_planning.planning_pipeline]: Using planning request adapter 'Add Time Optimal Parameterization'
[move_group-22] [INFO] [1747992860.579098447] [moveit.ros_planning.planning_pipeline]: Using planning request adapter 'Resolve constraint frames to robot links'
[move_group-22] [INFO] [1747992860.579104068] [moveit.ros_planning.planning_pipeline]: Using planning request adapter 'Fix Workspace Bounds'
[move_group-22] [INFO] [1747992860.579109583] [moveit.ros_planning.planning_pipeline]: Using planning request adapter 'Fix Start State Bounds'
[move_group-22] [INFO] [1747992860.579114829] [moveit.ros_planning.planning_pipeline]: Using planning request adapter 'Fix Start State In Collision'
[move_group-22] [INFO] [1747992860.579120088] [moveit.ros_planning.planning_pipeline]: Using planning request adapter 'Fix Start State Path Constraints'
[move_group-22] [INFO] [1747992860.582306621] [moveit.ros_planning_interface.moveit_cpp]: Loading planning pipeline 'pilz_industrial_motion_planner'
[move_group-22] [INFO] [1747992860.593830353] [moveit.pilz_industrial_motion_planner.joint_limits_aggregator]: Reading limits from namespace robot_description_planning
[move_group-22] [INFO] [1747992860.688376535] [moveit.pilz_industrial_motion_planner]: Available plugins: pilz_industrial_motion_planner/PlanningContextLoaderCIRC pilz_industrial_motion_planner/PlanningContextLoaderLIN pilz_industrial_motion_planner/PlanningContextLoaderPTP 
[move_group-22] [INFO] [1747992860.688422466] [moveit.pilz_industrial_motion_planner]: About to load: pilz_industrial_motion_planner/PlanningContextLoaderCIRC
[move_group-22] [INFO] [1747992860.691820021] [moveit.pilz_industrial_motion_planner]: Registered Algorithm [CIRC]
[move_group-22] [INFO] [1747992860.691857547] [moveit.pilz_industrial_motion_planner]: About to load: pilz_industrial_motion_planner/PlanningContextLoaderLIN
[move_group-22] [INFO] [1747992860.694097838] [moveit.pilz_industrial_motion_planner]: Registered Algorithm [LIN]
[move_group-22] [INFO] [1747992860.694129792] [moveit.pilz_industrial_motion_planner]: About to load: pilz_industrial_motion_planner/PlanningContextLoaderPTP
[move_group-22] [INFO] [1747992860.696385338] [moveit.pilz_industrial_motion_planner]: Registered Algorithm [PTP]
[move_group-22] [INFO] [1747992860.696460595] [moveit.ros_planning.planning_pipeline]: Using planning interface 'Pilz Industrial Motion Planner'
[move_group-22] [WARN] [1747992860.711079989] [moveit_ros.trajectory_execution_manager]: moveit_ros_control_interface/MoveItControllerManager is deprecated. Replace with `moveit_ros_control_interface/MoveItControllerManager.`
[move_group-22] [INFO] [1747992861.077819414] [moveit.plugins.ros_control_interface]: Started moveit_ros_control_interface::Ros2ControlManager for namespace 
[move_group-22] [WARN] [1747992862.087479875] [moveit.plugins.ros_control_interface]: Failed to read controllers from /controller_manager/list_controllers within 1 seconds
[rviz2-21] [ERROR] [1747992863.058211794] [rviz2]: Could not find parameter robot_description and did not receive robot_description via std_msgs::msg::String subscription within 10.000000 seconds.
[move_group-22] [WARN] [1747992863.087856559] [moveit.plugins.ros_control_interface]: Failed to read controllers from /controller_manager/list_controllers within 1 seconds
[move_group-22] [WARN] [1747992864.088035123] [moveit.plugins.ros_control_interface]: Failed to read controllers from /controller_manager/list_controllers within 1 seconds
[move_group-22] [INFO] [1747992864.090106067] [moveit_ros.trajectory_execution_manager]: Trajectory execution is managing controllers
[move_group-22] [INFO] [1747992864.090160866] [move_group.move_group]: MoveGroup debug mode is ON
[move_group-22] [INFO] [1747992864.173497074] [move_group.move_group]: 
[move_group-22] 
[move_group-22] ********************************************************
[move_group-22] * MoveGroup using: 
[move_group-22] *     - ApplyPlanningSceneService
[move_group-22] *     - ClearOctomapService
[move_group-22] *     - ExecuteTaskSolution
[move_group-22] *     - CartesianPathService
[move_group-22] *     - ExecuteTrajectoryAction
[move_group-22] *     - GetPlanningSceneService
[move_group-22] *     - KinematicsService
[move_group-22] *     - MoveAction
[move_group-22] *     - MotionPlanService
[move_group-22] *     - QueryPlannersService
[move_group-22] *     - StateValidationService
[move_group-22] ********************************************************
[move_group-22] 
[move_group-22] [INFO] [1747992864.173589507] [moveit_move_group_capabilities_base.move_group_context]: MoveGroup context using planning plugin ompl_interface/OMPLPlanner
[move_group-22] [INFO] [1747992864.173613346] [moveit_move_group_capabilities_base.move_group_context]: MoveGroup context initialization complete
[move_group-22] [96mLoading 'move_group/ApplyPlanningSceneService'...
[move_group-22] [0m[96mLoading 'move_group/ClearOctomapService'...
[move_group-22] [0m[96mLoading 'move_group/ExecuteTaskSolutionCapability'...
[move_group-22] [0m[96mLoading 'move_group/MoveGroupCartesianPathService'...
[move_group-22] [0m[96mLoading 'move_group/MoveGroupExecuteTrajectoryAction'...
[move_group-22] [0m[96mLoading 'move_group/MoveGroupGetPlanningSceneService'...
[move_group-22] [0m[96mLoading 'move_group/MoveGroupKinematicsService'...
[move_group-22] [0m[96mLoading 'move_group/MoveGroupMoveAction'...
[move_group-22] [0m[96mLoading 'move_group/MoveGroupPlanService'...
[move_group-22] [0m[96mLoading 'move_group/MoveGroupQueryPlannersService'...
[move_group-22] [0m[96mLoading 'move_group/MoveGroupStateValidationService'...
[move_group-22] [0m[92m
[move_group-22] You can start planning now!
[move_group-22] 
[rviz2-21] Error:   Error document empty.
[rviz2-21]          at line 100 in ./urdf_parser/src/model.cpp
[rviz2-21] Failed to parse robot description using: urdf_xml_parser/URDFXMLParser
[rviz2-21] [INFO] [1747992873.151851064] [moveit_rdf_loader.rdf_loader]: Unable to parse URDF
[rviz2-21] [ERROR] [1747992873.192731465] [moveit_ros.planning_scene_monitor.planning_scene_monitor]: Robot model not loaded
[WARNING] [launch]: user interrupted with ctrl-c (SIGINT)
[rviz2-21] [INFO] [1747992878.565416965] [rclcpp]: signal_handler(signum=2)
[move_group-22] [INFO] [1747992878.565422673] [rclcpp]: signal_handler(signum=2)
[static_transform_publisher-17] [INFO] [1747992878.565430127] [rclcpp]: signal_handler(signum=2)
[static_transform_publisher-18] [INFO] [1747992878.565426964] [rclcpp]: signal_handler(signum=2)
[static_transform_publisher-8] [INFO] [1747992878.565455008] [rclcpp]: signal_handler(signum=2)
[static_transform_publisher-16] [INFO] [1747992878.565484968] [rclcpp]: signal_handler(signum=2)
[static_transform_publisher-9] [INFO] [1747992878.565502776] [rclcpp]: signal_handler(signum=2)
[static_transform_publisher-15] [INFO] [1747992878.565556270] [rclcpp]: signal_handler(signum=2)
[static_transform_publisher-14] [INFO] [1747992878.565631461] [rclcpp]: signal_handler(signum=2)
[static_transform_publisher-7] [INFO] [1747992878.565709776] [rclcpp]: signal_handler(signum=2)
[static_transform_publisher-6] [INFO] [1747992878.565785527] [rclcpp]: signal_handler(signum=2)
[static_transform_publisher-5] [INFO] [1747992878.565856435] [rclcpp]: signal_handler(signum=2)
[robot_state_publisher-13] [INFO] [1747992878.578204210] [rclcpp]: signal_handler(signum=2)
[robot_state_publisher-4] [INFO] [1747992878.578420804] [rclcpp]: signal_handler(signum=2)
[move_group-22] [INFO] [1747992878.635094583] [moveit.ros_planning_interface.moveit_cpp]: Deleting MoveItCpp
[move_group-22] [INFO] [1747992878.636252899] [moveit_ros.planning_scene_monitor.planning_scene_monitor]: Stopped publishing maintained planning scene.
[move_group-22] [INFO] [1747992878.637017033] [moveit_ros.planning_scene_monitor.planning_scene_monitor]: Stopping world geometry monitor
[move_group-22] [INFO] [1747992878.638726341] [moveit_ros.planning_scene_monitor.planning_scene_monitor]: Stopping planning scene monitor
[move_group-22] Warning: class_loader.ClassLoader: SEVERE WARNING!!! Attempting to unload library while objects created by this loader exist in the heap! You should delete your objects before attempting to unload the library or destroying the ClassLoader. The library will NOT be unloaded.
[move_group-22]          at line 127 in ./src/class_loader.cpp
[INFO] [static_transform_publisher-15]: process has finished cleanly [pid 142034]
[INFO] [static_transform_publisher-7]: process has finished cleanly [pid 141965]
[INFO] [static_transform_publisher-14]: process has finished cleanly [pid 142027]
[INFO] [static_transform_publisher-9]: process has finished cleanly [pid 141969]
[INFO] [static_transform_publisher-17]: process has finished cleanly [pid 142047]
[INFO] [static_transform_publisher-6]: process has finished cleanly [pid 141963]
[INFO] [static_transform_publisher-16]: process has finished cleanly [pid 142037]
[INFO] [static_transform_publisher-8]: process has finished cleanly [pid 141967]
[INFO] [static_transform_publisher-18]: process has finished cleanly [pid 142058]
[INFO] [static_transform_publisher-5]: process has finished cleanly [pid 141961]
[INFO] [robot_state_publisher-13]: process has finished cleanly [pid 142016]
[INFO] [robot_state_publisher-4]: process has finished cleanly [pid 141959]
[move_group-22] Stack trace (most recent call last):
[move_group-22] #11   Object "", at 0xffffffffffffffff, in 
[move_group-22] #10   Object "/ros2_ws/build/moveit_ros_move_group/move_group", at 0x563dde4b0eb4, in _start
[move_group-22] #9    Object "/usr/lib/x86_64-linux-gnu/libc.so.6", at 0x7f3bd6ba0e3f, in __libc_start_main
[move_group-22] #8    Object "/usr/lib/x86_64-linux-gnu/libc.so.6", at 0x7f3bd6ba0d8f, in 
[move_group-22] #7    Object "/ros2_ws/build/moveit_ros_move_group/move_group", at 0x563dde4b0483, in main
[move_group-22] #6    Object "/ros2_ws/build/moveit_ros_move_group/move_group", at 0x563dde4b79c1, in std::_Sp_counted_base<(__gnu_cxx::_Lock_policy)2>::_M_release()
[move_group-22] #5    Object "/opt/ros/humble/lib/librclcpp.so", at 0x7f3bd710384e, in rclcpp::Node::~Node()
[move_group-22] #4    Object "/opt/ros/humble/lib/librclcpp.so", at 0x7f3bd70dec69, in 
[move_group-22] #3    Object "/opt/ros/humble/lib/librclcpp.so", at 0x7f3bd710cef9, in 
[move_group-22] #2    Object "/opt/ros/humble/lib/librclcpp.so", at 0x7f3bd710ce40, in rclcpp::node_interfaces::NodeBase::~NodeBase()
[move_group-22] #1    Object "/opt/ros/humble/lib/librclcpp.so", at 0x7f3bd70dec69, in 
[move_group-22] #0    Object "/opt/ros/humble/lib/librclcpp.so", at 0x7f3bd70e39e1, in rclcpp::CallbackGroup::~CallbackGroup()
[move_group-22] Segmentation fault (Address not mapped to object [0x7f3bcc13ec70])
[INFO] [gzclient-2]: process has finished cleanly [pid 141955]
[INFO] [rviz2-21]: process has finished cleanly [pid 142077]
[ERROR] [move_group-22]: process has died [pid 142085, exit code -11, cmd '/ros2_ws/install/moveit_ros_move_group/lib/moveit_ros_move_group/move_group --ros-args --params-file /tmp/launch_params_sex7jbic --params-file /tmp/launch_params_nafac9g3 --params-file /tmp/launch_params_uedxjc8g --params-file /tmp/launch_params_kkajnrcs --params-file /tmp/launch_params_52ljhkiw'].
[move_group-22] [0m
[INFO] [gzserver-1]: process has finished cleanly [pid 141953]
