[INFO] [launch]: All log files can be found below /root/.ros/log/2025-05-23-09-18-22-322603-outlander-Aspire-V3-571G-140212
[INFO] [launch]: Default logging verbosity is set to INFO
[INFO] [gzserver-1]: process started with pid [140216]
[INFO] [gzclient-2]: process started with pid [140218]
[INFO] [spawn_entity.py-3]: process started with pid [140220]
[INFO] [robot_state_publisher-4]: process started with pid [140222]
[INFO] [static_transform_publisher-5]: process started with pid [140224]
[INFO] [static_transform_publisher-6]: process started with pid [140226]
[INFO] [static_transform_publisher-7]: process started with pid [140228]
[INFO] [static_transform_publisher-8]: process started with pid [140230]
[INFO] [static_transform_publisher-9]: process started with pid [140232]
[INFO] [spawner-10]: process started with pid [140234]
[INFO] [spawner-11]: process started with pid [140236]
[INFO] [spawn_entity.py-12]: process started with pid [140259]
[INFO] [robot_state_publisher-13]: process started with pid [140286]
[INFO] [static_transform_publisher-14]: process started with pid [140295]
[INFO] [static_transform_publisher-15]: process started with pid [140298]
[INFO] [static_transform_publisher-16]: process started with pid [140302]
[INFO] [static_transform_publisher-17]: process started with pid [140311]
[INFO] [static_transform_publisher-18]: process started with pid [140322]
[INFO] [spawner-19]: process started with pid [140326]
[INFO] [spawner-20]: process started with pid [140328]
[INFO] [rviz2-21]: process started with pid [140335]
[INFO] [move_group-22]: process started with pid [140346]
[static_transform_publisher-5] [WARN] [1747991907.534748930] []: Old-style arguments are deprecated; see --help for new-style arguments
[static_transform_publisher-5] [INFO] [1747991907.597831175] [left.static_transform_publisher]: Spinning until stopped - publishing transform
[static_transform_publisher-5] translation: ('-0.660000', '0.000000', '0.000000')
[static_transform_publisher-5] rotation: ('0.000000', '0.000000', '0.000000', '1.000000')
[static_transform_publisher-5] from 'world' to 'left_summit_odom'
[static_transform_publisher-6] [WARN] [1747991907.538971615] []: Old-style arguments are deprecated; see --help for new-style arguments
[static_transform_publisher-6] [INFO] [1747991907.593397654] [left_static_transform_publisher_back_left]: Spinning until stopped - publishing transform
[static_transform_publisher-6] translation: ('0.250000', '0.150000', '0.000000')
[static_transform_publisher-6] rotation: ('0.000000', '0.000000', '0.000000', '1.000000')
[static_transform_publisher-6] from 'left_summit_base_link' to 'left_summit_back_left_wheel_link'
[static_transform_publisher-7] [WARN] [1747991907.557225249] []: Old-style arguments are deprecated; see --help for new-style arguments
[static_transform_publisher-7] [INFO] [1747991907.621988336] [left_static_transform_publisher_back_right]: Spinning until stopped - publishing transform
[static_transform_publisher-7] translation: ('0.250000', '-0.150000', '0.000000')
[static_transform_publisher-7] rotation: ('0.000000', '0.000000', '0.000000', '1.000000')
[static_transform_publisher-7] from 'left_summit_base_link' to 'left_summit_back_right_wheel_link'
[static_transform_publisher-8] [WARN] [1747991907.544018502] []: Old-style arguments are deprecated; see --help for new-style arguments
[static_transform_publisher-8] [INFO] [1747991907.610489121] [left_static_transform_publisher_front_left]: Spinning until stopped - publishing transform
[static_transform_publisher-8] translation: ('-0.250000', '0.150000', '0.000000')
[static_transform_publisher-8] rotation: ('0.000000', '0.000000', '0.000000', '1.000000')
[static_transform_publisher-8] from 'left_summit_base_link' to 'left_summit_front_left_wheel_link'
[static_transform_publisher-9] [WARN] [1747991907.543492626] []: Old-style arguments are deprecated; see --help for new-style arguments
[static_transform_publisher-9] [INFO] [1747991907.616619405] [static_transform_publisher_front_right]: Spinning until stopped - publishing transform
[static_transform_publisher-9] translation: ('-0.250000', '-0.150000', '0.000000')
[static_transform_publisher-9] rotation: ('0.000000', '0.000000', '0.000000', '1.000000')
[static_transform_publisher-9] from 'left_summit_base_link' to 'left_summit_front_right_wheel_link'
[static_transform_publisher-14] [WARN] [1747991907.665394760] []: Old-style arguments are deprecated; see --help for new-style arguments
[static_transform_publisher-15] [WARN] [1747991907.739448920] []: Old-style arguments are deprecated; see --help for new-style arguments
[static_transform_publisher-16] [WARN] [1747991907.725165646] []: Old-style arguments are deprecated; see --help for new-style arguments
[static_transform_publisher-17] [WARN] [1747991907.745014441] []: Old-style arguments are deprecated; see --help for new-style arguments
[static_transform_publisher-18] [WARN] [1747991907.756964627] []: Old-style arguments are deprecated; see --help for new-style arguments
[static_transform_publisher-14] [INFO] [1747991907.795416585] [right.static_transform_publisher]: Spinning until stopped - publishing transform
[static_transform_publisher-14] translation: ('0.660000', '0.000000', '0.000000')
[static_transform_publisher-14] rotation: ('0.000000', '0.000000', '0.000000', '1.000000')
[static_transform_publisher-14] from 'world' to 'right_summit_odom'
[static_transform_publisher-15] [INFO] [1747991907.862783721] [right_static_transform_publisher_back_left]: Spinning until stopped - publishing transform
[static_transform_publisher-15] translation: ('0.250000', '0.150000', '0.000000')
[static_transform_publisher-15] rotation: ('0.000000', '0.000000', '0.000000', '1.000000')
[static_transform_publisher-15] from 'right_summit_base_link' to 'right_summit_back_left_wheel_link'
[robot_state_publisher-4] [INFO] [1747991907.904823783] [left.robot_state_publisher]: got segment left_summit_back_left_wheel_link
[robot_state_publisher-4] [INFO] [1747991907.904986240] [left.robot_state_publisher]: got segment left_summit_back_right_wheel_link
[robot_state_publisher-4] [INFO] [1747991907.905015902] [left.robot_state_publisher]: got segment left_summit_base_chapa
[robot_state_publisher-4] [INFO] [1747991907.905038072] [left.robot_state_publisher]: got segment left_summit_base_docking_contact
[robot_state_publisher-4] [INFO] [1747991907.905057846] [left.robot_state_publisher]: got segment left_summit_base_footprint
[robot_state_publisher-4] [INFO] [1747991907.905079537] [left.robot_state_publisher]: got segment left_summit_base_link
[robot_state_publisher-4] [INFO] [1747991907.905099220] [left.robot_state_publisher]: got segment left_summit_base_logo_front
[robot_state_publisher-4] [INFO] [1747991907.905118885] [left.robot_state_publisher]: got segment left_summit_base_logo_left
[robot_state_publisher-4] [INFO] [1747991907.905138301] [left.robot_state_publisher]: got segment left_summit_base_logo_rear
[robot_state_publisher-4] [INFO] [1747991907.905157849] [left.robot_state_publisher]: got segment left_summit_base_logo_right
[robot_state_publisher-4] [INFO] [1747991907.905177544] [left.robot_state_publisher]: got segment left_summit_front_laser_base_link
[robot_state_publisher-4] [INFO] [1747991907.905196170] [left.robot_state_publisher]: got segment left_summit_front_laser_link
[robot_state_publisher-4] [INFO] [1747991907.905213800] [left.robot_state_publisher]: got segment left_summit_front_left_wheel_link
[robot_state_publisher-4] [INFO] [1747991907.905230335] [left.robot_state_publisher]: got segment left_summit_front_right_wheel_link
[robot_state_publisher-4] [INFO] [1747991907.905249068] [left.robot_state_publisher]: got segment left_summit_imu_link
[robot_state_publisher-4] [INFO] [1747991907.905267167] [left.robot_state_publisher]: got segment left_summit_rear_laser_base_link
[robot_state_publisher-4] [INFO] [1747991907.905286214] [left.robot_state_publisher]: got segment left_summit_rear_laser_link
[robot_state_publisher-4] [INFO] [1747991907.905305311] [left.robot_state_publisher]: got segment ur_left_base
[robot_state_publisher-4] [INFO] [1747991907.905324102] [left.robot_state_publisher]: got segment ur_left_base_link
[robot_state_publisher-4] [INFO] [1747991907.905342798] [left.robot_state_publisher]: got segment ur_left_base_link_inertia
[robot_state_publisher-4] [INFO] [1747991907.905362418] [left.robot_state_publisher]: got segment ur_left_finger_left
[robot_state_publisher-4] [INFO] [1747991907.905381677] [left.robot_state_publisher]: got segment ur_left_finger_right
[robot_state_publisher-4] [INFO] [1747991907.905400520] [left.robot_state_publisher]: got segment ur_left_finger_tip
[robot_state_publisher-4] [INFO] [1747991907.905419979] [left.robot_state_publisher]: got segment ur_left_flange
[robot_state_publisher-4] [INFO] [1747991907.905437993] [left.robot_state_publisher]: got segment ur_left_forearm_link
[robot_state_publisher-4] [INFO] [1747991907.905457837] [left.robot_state_publisher]: got segment ur_left_ft_frame
[robot_state_publisher-4] [INFO] [1747991907.905477274] [left.robot_state_publisher]: got segment ur_left_robotiq_hand
[robot_state_publisher-4] [INFO] [1747991907.905496091] [left.robot_state_publisher]: got segment ur_left_shoulder_link
[robot_state_publisher-4] [INFO] [1747991907.905515154] [left.robot_state_publisher]: got segment ur_left_tool0
[robot_state_publisher-4] [INFO] [1747991907.905533363] [left.robot_state_publisher]: got segment ur_left_upper_arm_link
[robot_state_publisher-4] [INFO] [1747991907.905552085] [left.robot_state_publisher]: got segment ur_left_wrist_1_link
[robot_state_publisher-4] [INFO] [1747991907.905570351] [left.robot_state_publisher]: got segment ur_left_wrist_2_link
[robot_state_publisher-4] [INFO] [1747991907.905588074] [left.robot_state_publisher]: got segment ur_left_wrist_3_link
[static_transform_publisher-17] [INFO] [1747991907.925170925] [right_static_transform_publisher_front_left]: Spinning until stopped - publishing transform
[static_transform_publisher-17] translation: ('-0.250000', '0.150000', '0.000000')
[static_transform_publisher-17] rotation: ('0.000000', '0.000000', '0.000000', '1.000000')
[static_transform_publisher-17] from 'right_summit_base_link' to 'right_summit_front_left_wheel_link'
[static_transform_publisher-16] [INFO] [1747991907.927839013] [right_static_transform_publisher_back_right]: Spinning until stopped - publishing transform
[static_transform_publisher-16] translation: ('0.250000', '-0.150000', '0.000000')
[static_transform_publisher-16] rotation: ('0.000000', '0.000000', '0.000000', '1.000000')
[static_transform_publisher-16] from 'right_summit_base_link' to 'right_summit_back_right_wheel_link'
[static_transform_publisher-18] [INFO] [1747991907.952999714] [static_transform_publisher_front_right]: Spinning until stopped - publishing transform
[static_transform_publisher-18] translation: ('-0.250000', '-0.150000', '0.000000')
[static_transform_publisher-18] rotation: ('0.000000', '0.000000', '0.000000', '1.000000')
[static_transform_publisher-18] from 'right_summit_base_link' to 'right_summit_front_right_wheel_link'
[robot_state_publisher-13] [INFO] [1747991908.009399720] [right.robot_state_publisher]: got segment right_summit_back_left_wheel_link
[robot_state_publisher-13] [INFO] [1747991908.009818553] [right.robot_state_publisher]: got segment right_summit_back_right_wheel_link
[robot_state_publisher-13] [INFO] [1747991908.009848808] [right.robot_state_publisher]: got segment right_summit_base_chapa
[robot_state_publisher-13] [INFO] [1747991908.009869322] [right.robot_state_publisher]: got segment right_summit_base_docking_contact
[robot_state_publisher-13] [INFO] [1747991908.009889532] [right.robot_state_publisher]: got segment right_summit_base_footprint
[robot_state_publisher-13] [INFO] [1747991908.009908650] [right.robot_state_publisher]: got segment right_summit_base_link
[robot_state_publisher-13] [INFO] [1747991908.009927130] [right.robot_state_publisher]: got segment right_summit_base_logo_front
[robot_state_publisher-13] [INFO] [1747991908.009944695] [right.robot_state_publisher]: got segment right_summit_base_logo_left
[robot_state_publisher-13] [INFO] [1747991908.009963202] [right.robot_state_publisher]: got segment right_summit_base_logo_rear
[robot_state_publisher-13] [INFO] [1747991908.009981312] [right.robot_state_publisher]: got segment right_summit_base_logo_right
[robot_state_publisher-13] [INFO] [1747991908.009997769] [right.robot_state_publisher]: got segment right_summit_front_laser_base_link
[robot_state_publisher-13] [INFO] [1747991908.010015978] [right.robot_state_publisher]: got segment right_summit_front_laser_link
[robot_state_publisher-13] [INFO] [1747991908.010035179] [right.robot_state_publisher]: got segment right_summit_front_left_wheel_link
[robot_state_publisher-13] [INFO] [1747991908.010053156] [right.robot_state_publisher]: got segment right_summit_front_right_wheel_link
[robot_state_publisher-13] [INFO] [1747991908.010072069] [right.robot_state_publisher]: got segment right_summit_imu_link
[robot_state_publisher-13] [INFO] [1747991908.010091320] [right.robot_state_publisher]: got segment right_summit_rear_laser_base_link
[robot_state_publisher-13] [INFO] [1747991908.010109581] [right.robot_state_publisher]: got segment right_summit_rear_laser_link
[robot_state_publisher-13] [INFO] [1747991908.010126338] [right.robot_state_publisher]: got segment ur_right_base
[robot_state_publisher-13] [INFO] [1747991908.010141265] [right.robot_state_publisher]: got segment ur_right_base_link
[robot_state_publisher-13] [INFO] [1747991908.010158551] [right.robot_state_publisher]: got segment ur_right_base_link_inertia
[robot_state_publisher-13] [INFO] [1747991908.010174973] [right.robot_state_publisher]: got segment ur_right_finger_left
[robot_state_publisher-13] [INFO] [1747991908.010193811] [right.robot_state_publisher]: got segment ur_right_finger_right
[robot_state_publisher-13] [INFO] [1747991908.010213150] [right.robot_state_publisher]: got segment ur_right_finger_tip
[robot_state_publisher-13] [INFO] [1747991908.010231162] [right.robot_state_publisher]: got segment ur_right_flange
[robot_state_publisher-13] [INFO] [1747991908.010249344] [right.robot_state_publisher]: got segment ur_right_forearm_link
[robot_state_publisher-13] [INFO] [1747991908.010268586] [right.robot_state_publisher]: got segment ur_right_ft_frame
[robot_state_publisher-13] [INFO] [1747991908.010286619] [right.robot_state_publisher]: got segment ur_right_robotiq_hand
[robot_state_publisher-13] [INFO] [1747991908.010306406] [right.robot_state_publisher]: got segment ur_right_shoulder_link
[robot_state_publisher-13] [INFO] [1747991908.010325985] [right.robot_state_publisher]: got segment ur_right_tool0
[robot_state_publisher-13] [INFO] [1747991908.010344074] [right.robot_state_publisher]: got segment ur_right_upper_arm_link
[robot_state_publisher-13] [INFO] [1747991908.010363475] [right.robot_state_publisher]: got segment ur_right_wrist_1_link
[robot_state_publisher-13] [INFO] [1747991908.010383350] [right.robot_state_publisher]: got segment ur_right_wrist_2_link
[robot_state_publisher-13] [INFO] [1747991908.010402379] [right.robot_state_publisher]: got segment ur_right_wrist_3_link
[rviz2-21] QStandardPaths: XDG_RUNTIME_DIR not set, defaulting to '/tmp/runtime-root'
[move_group-22] [INFO] [1747991908.422051953] [moveit_rdf_loader.rdf_loader]: Loaded robot model in 0.170145 seconds
[move_group-22] [INFO] [1747991908.422187869] [moveit_robot_model.robot_model]: Loading robot model 'srm'...
[move_group-22] [INFO] [1747991908.422218710] [moveit_robot_model.robot_model]: No root/virtual joint specified in SRDF. Assuming fixed joint
[move_group-22] [WARN] [1747991908.422302151] [moveit_robot_model.robot_model]: Link left_summit_base_footprint has visual geometry but no collision geometry. Collision geometry will be left empty. Fix your URDF file by explicitly specifying collision geometry.
[move_group-22] [WARN] [1747991908.428590152] [moveit_robot_model.robot_model]: Link left_summit_base_logo_front has visual geometry but no collision geometry. Collision geometry will be left empty. Fix your URDF file by explicitly specifying collision geometry.
[move_group-22] [WARN] [1747991908.430584293] [moveit_robot_model.robot_model]: Link left_summit_base_logo_left has visual geometry but no collision geometry. Collision geometry will be left empty. Fix your URDF file by explicitly specifying collision geometry.
[move_group-22] [WARN] [1747991908.431649399] [moveit_robot_model.robot_model]: Link left_summit_base_logo_rear has visual geometry but no collision geometry. Collision geometry will be left empty. Fix your URDF file by explicitly specifying collision geometry.
[move_group-22] [WARN] [1747991908.432745177] [moveit_robot_model.robot_model]: Link left_summit_base_logo_right has visual geometry but no collision geometry. Collision geometry will be left empty. Fix your URDF file by explicitly specifying collision geometry.
[move_group-22] [WARN] [1747991908.433825616] [moveit_robot_model.robot_model]: Link left_summit_base_chapa has visual geometry but no collision geometry. Collision geometry will be left empty. Fix your URDF file by explicitly specifying collision geometry.
[move_group-22] [WARN] [1747991908.441724175] [moveit_robot_model.robot_model]: Link left_summit_imu_link has visual geometry but no collision geometry. Collision geometry will be left empty. Fix your URDF file by explicitly specifying collision geometry.
[move_group-22] [WARN] [1747991908.749350543] [moveit_robot_model.robot_model]: Link right_summit_base_footprint has visual geometry but no collision geometry. Collision geometry will be left empty. Fix your URDF file by explicitly specifying collision geometry.
[move_group-22] [WARN] [1747991908.753843455] [moveit_robot_model.robot_model]: Link right_summit_base_logo_front has visual geometry but no collision geometry. Collision geometry will be left empty. Fix your URDF file by explicitly specifying collision geometry.
[move_group-22] [WARN] [1747991908.753873624] [moveit_robot_model.robot_model]: Link right_summit_base_logo_left has visual geometry but no collision geometry. Collision geometry will be left empty. Fix your URDF file by explicitly specifying collision geometry.
[move_group-22] [WARN] [1747991908.753884093] [moveit_robot_model.robot_model]: Link right_summit_base_logo_rear has visual geometry but no collision geometry. Collision geometry will be left empty. Fix your URDF file by explicitly specifying collision geometry.
[move_group-22] [WARN] [1747991908.753893776] [moveit_robot_model.robot_model]: Link right_summit_base_logo_right has visual geometry but no collision geometry. Collision geometry will be left empty. Fix your URDF file by explicitly specifying collision geometry.
[move_group-22] [WARN] [1747991908.753902838] [moveit_robot_model.robot_model]: Link right_summit_base_chapa has visual geometry but no collision geometry. Collision geometry will be left empty. Fix your URDF file by explicitly specifying collision geometry.
[move_group-22] [WARN] [1747991908.757918193] [moveit_robot_model.robot_model]: Link right_summit_imu_link has visual geometry but no collision geometry. Collision geometry will be left empty. Fix your URDF file by explicitly specifying collision geometry.
[rviz2-21] [INFO] [1747991909.131520034] [rviz2]: Stereo is NOT SUPPORTED
[rviz2-21] [INFO] [1747991909.131765088] [rviz2]: OpenGl version: 4.6 (GLSL 4.6)
[rviz2-21] [INFO] [1747991909.197780889] [rviz2]: Stereo is NOT SUPPORTED
[move_group-22] [ERROR] [1747991909.360263223] [moveit_kinematics_base.kinematics_base]: Group 'srm_r' need to have two sub-groups
[move_group-22] [ERROR] [1747991909.360363062] [kinematics_plugin_loader]: Kinematics solver of type 'stretch_kinematics_plugin/StretchKinematicsPlugin' could not be initialized for group 'srm_r'
[move_group-22] [ERROR] [1747991909.360444726] [moveit_ros.robot_model_loader]: Kinematics solver could not be instantiated for joint group srm_r.
[move_group-22] [ERROR] [1747991909.360544797] [moveit_kinematics_base.kinematics_base]: Group 'srm_l' need to have two sub-groups
[move_group-22] [ERROR] [1747991909.360562935] [kinematics_plugin_loader]: Kinematics solver of type 'stretch_kinematics_plugin/StretchKinematicsPlugin' could not be initialized for group 'srm_l'
[move_group-22] [ERROR] [1747991909.360578058] [moveit_ros.robot_model_loader]: Kinematics solver could not be instantiated for joint group srm_l.
[move_group-22] [ERROR] [1747991909.360611962] [moveit_kinematics_base.kinematics_base]: Group 'srm_r_base' need to have two sub-groups
[move_group-22] [ERROR] [1747991909.360626667] [kinematics_plugin_loader]: Kinematics solver of type 'stretch_kinematics_plugin/StretchKinematicsPlugin' could not be initialized for group 'srm_r_base'
[move_group-22] [ERROR] [1747991909.360641130] [moveit_ros.robot_model_loader]: Kinematics solver could not be instantiated for joint group srm_r_base.
[move_group-22] [ERROR] [1747991909.360675029] [moveit_kinematics_base.kinematics_base]: Group 'srm_r_ur' need to have two sub-groups
[move_group-22] [ERROR] [1747991909.360689778] [kinematics_plugin_loader]: Kinematics solver of type 'stretch_kinematics_plugin/StretchKinematicsPlugin' could not be initialized for group 'srm_r_ur'
[move_group-22] [ERROR] [1747991909.360703689] [moveit_ros.robot_model_loader]: Kinematics solver could not be instantiated for joint group srm_r_ur.
[move_group-22] [ERROR] [1747991909.360735498] [moveit_kinematics_base.kinematics_base]: Group 'srm_l_base' need to have two sub-groups
[move_group-22] [ERROR] [1747991909.360750093] [kinematics_plugin_loader]: Kinematics solver of type 'stretch_kinematics_plugin/StretchKinematicsPlugin' could not be initialized for group 'srm_l_base'
[move_group-22] [ERROR] [1747991909.360764007] [moveit_ros.robot_model_loader]: Kinematics solver could not be instantiated for joint group srm_l_base.
[move_group-22] [ERROR] [1747991909.360882365] [moveit_kinematics_base.kinematics_base]: Failed to find a sub-group for the mobile base in srm_r_manipulator
[move_group-22] [ERROR] [1747991909.360898549] [kinematics_plugin_loader]: Kinematics solver of type 'stretch_kinematics_plugin/StretchKinematicsPlugin' could not be initialized for group 'srm_r_manipulator'
[move_group-22] [ERROR] [1747991909.386568818] [moveit_ros.robot_model_loader]: Kinematics solver could not be instantiated for joint group srm_r_manipulator.
[move_group-22] [ERROR] [1747991909.386677982] [moveit_kinematics_base.kinematics_base]: Failed to find a sub-group for the mobile base in srm_l_manipulator
[move_group-22] [ERROR] [1747991909.386700004] [kinematics_plugin_loader]: Kinematics solver of type 'stretch_kinematics_plugin/StretchKinematicsPlugin' could not be initialized for group 'srm_l_manipulator'
[move_group-22] [ERROR] [1747991909.386717648] [moveit_ros.robot_model_loader]: Kinematics solver could not be instantiated for joint group srm_l_manipulator.
[spawner-10] [INFO] [1747991909.576336890] [left.spawner_joint_state_broadcaster]: waiting for service /left/controller_manager/list_controllers to become available...
[spawner-11] [INFO] [1747991909.577223653] [left.spawner_ur_left_joint_group_vel_controller]: waiting for service /left/controller_manager/list_controllers to become available...
[spawner-20] [INFO] [1747991909.742599881] [right.spawner_ur_right_joint_group_vel_controller]: waiting for service /right/controller_manager/list_controllers to become available...
[spawner-19] [INFO] [1747991909.752340080] [right.spawner_joint_state_broadcaster]: waiting for service /right/controller_manager/list_controllers to become available...
[spawn_entity.py-3] [INFO] [1747991909.759425125] [left]: Spawn Entity started
[spawn_entity.py-3] [INFO] [1747991909.760058978] [left]: Loading entity published on topic /left/robot_description
[spawn_entity.py-3] /opt/ros/humble/local/lib/python3.10/dist-packages/rclpy/qos.py:307: UserWarning: DurabilityPolicy.RMW_QOS_POLICY_DURABILITY_TRANSIENT_LOCAL is deprecated. Use DurabilityPolicy.TRANSIENT_LOCAL instead.
[spawn_entity.py-3]   warnings.warn(
[spawn_entity.py-12] [INFO] [1747991909.767221514] [right]: Spawn Entity started
[spawn_entity.py-12] [INFO] [1747991909.767845509] [right]: Loading entity published on topic /right/robot_description
[spawn_entity.py-12] /opt/ros/humble/local/lib/python3.10/dist-packages/rclpy/qos.py:307: UserWarning: DurabilityPolicy.RMW_QOS_POLICY_DURABILITY_TRANSIENT_LOCAL is deprecated. Use DurabilityPolicy.TRANSIENT_LOCAL instead.
[spawn_entity.py-12]   warnings.warn(
[spawn_entity.py-3] [INFO] [1747991909.767858913] [left]: Waiting for entity xml on /left/robot_description
[spawn_entity.py-12] [INFO] [1747991909.774468453] [right]: Waiting for entity xml on /right/robot_description
[spawn_entity.py-3] [INFO] [1747991909.781620979] [left]: Waiting for service /spawn_entity, timeout = 5
[spawn_entity.py-3] [INFO] [1747991909.782314503] [left]: Waiting for service /spawn_entity
[spawn_entity.py-12] [INFO] [1747991909.786692910] [right]: Waiting for service /spawn_entity, timeout = 5
[spawn_entity.py-12] [INFO] [1747991909.787662085] [right]: Waiting for service /spawn_entity
[move_group-22] [INFO] [1747991910.593869973] [moveit_ros.planning_scene_monitor.planning_scene_monitor]: Publishing maintained planning scene on 'monitored_planning_scene'
[move_group-22] [INFO] [1747991910.594110417] [moveit.ros_planning_interface.moveit_cpp]: Listening to 'joint_states' for joint states
[move_group-22] [INFO] [1747991910.596668394] [moveit_ros.current_state_monitor]: Listening to joint states on topic 'joint_states'
[move_group-22] [INFO] [1747991910.598249372] [moveit_ros.planning_scene_monitor.planning_scene_monitor]: Listening to '/attached_collision_object' for attached collision objects
[move_group-22] [INFO] [1747991910.598283476] [moveit_ros.planning_scene_monitor.planning_scene_monitor]: Starting planning scene monitor
[move_group-22] [INFO] [1747991910.599765521] [moveit_ros.planning_scene_monitor.planning_scene_monitor]: Listening to '/planning_scene'
[move_group-22] [INFO] [1747991910.599803758] [moveit_ros.planning_scene_monitor.planning_scene_monitor]: Starting world geometry update monitor for collision objects, attached objects, octomap updates.
[move_group-22] [INFO] [1747991910.601396777] [moveit_ros.planning_scene_monitor.planning_scene_monitor]: Listening to 'collision_object'
[move_group-22] [INFO] [1747991910.603105235] [moveit_ros.planning_scene_monitor.planning_scene_monitor]: Listening to 'planning_scene_world' for planning scene world geometry
[move_group-22] [WARN] [1747991910.606310701] [moveit.ros.occupancy_map_monitor.middleware_handle]: Resolution not specified for Octomap. Assuming resolution = 0.1 instead
[rviz2-21] [WARN] [1747991910.738019938] [rcl.logging_rosout]: Publisher already registered for provided node name. If this is due to multiple nodes with the same name then all logs for that logger name will go out over the existing publisher. As soon as any node with that name is destructed it will unregister the publisher, preventing any further logs for that name from being published on the rosout topic.
[gzserver-1] [WARN] [1747991912.052433445] [rcl]: Found remap rule 'model_states:=model_states'. This syntax is deprecated. Use '--ros-args --remap model_states:=model_states' instead.
[gzserver-1] [WARN] [1747991912.052816533] [rcl]: Found remap rule 'link_states:=link_states'. This syntax is deprecated. Use '--ros-args --remap link_states:=link_states' instead.
[spawn_entity.py-12] [INFO] [1747991912.061947235] [right]: Calling service /spawn_entity
[spawn_entity.py-3] [INFO] [1747991912.063414098] [left]: Calling service /spawn_entity
[gzserver-1] [INFO] [1747991912.090787772] [state.gazebo_ros_state]: Publishing states of gazebo models at [/state/model_states]
[gzserver-1] [INFO] [1747991912.095228293] [state.gazebo_ros_state]: Publishing states of gazebo links at [/state/link_states]
[gzserver-1] [INFO] [1747991913.037444175] [right_summit_imu_imu_plugin]: <initial_orientation_as_reference> is unset, using default value of false to comply with REP 145 (world as orientation reference)
[move_group-22] [INFO] [1747991913.231965226] [moveit.ros_planning_interface.moveit_cpp]: Loading planning pipeline 'ompl'
[move_group-22] [INFO] [1747991913.273588798] [moveit.ros_planning.planning_pipeline]: Using planning interface 'OMPL'
[move_group-22] [INFO] [1747991913.288559140] [moveit_ros.add_time_optimal_parameterization]: Param 'ompl.path_tolerance' was not set. Using default value: 0.100000
[move_group-22] [INFO] [1747991913.288595675] [moveit_ros.add_time_optimal_parameterization]: Param 'ompl.resample_dt' was not set. Using default value: 0.100000
[move_group-22] [INFO] [1747991913.288606735] [moveit_ros.add_time_optimal_parameterization]: Param 'ompl.min_angle_change' was not set. Using default value: 0.001000
[move_group-22] [INFO] [1747991913.288657111] [moveit_ros.fix_workspace_bounds]: Param 'ompl.default_workspace_bounds' was not set. Using default value: 10.000000
[move_group-22] [INFO] [1747991913.288686487] [moveit_ros.fix_start_state_bounds]: Param 'ompl.start_state_max_bounds_error' was set to 0.100000
[move_group-22] [INFO] [1747991913.288697927] [moveit_ros.fix_start_state_bounds]: Param 'ompl.start_state_max_dt' was not set. Using default value: 0.500000
[move_group-22] [INFO] [1747991913.288719019] [moveit_ros.fix_start_state_collision]: Param 'ompl.start_state_max_dt' was not set. Using default value: 0.500000
[move_group-22] [INFO] [1747991913.288730027] [moveit_ros.fix_start_state_collision]: Param 'ompl.jiggle_fraction' was set to 0.050000
[move_group-22] [INFO] [1747991913.288750247] [moveit_ros.fix_start_state_collision]: Param 'ompl.max_sampling_attempts' was not set. Using default value: 100
[move_group-22] [INFO] [1747991913.288771925] [moveit.ros_planning.planning_pipeline]: Using planning request adapter 'Add Time Optimal Parameterization'
[move_group-22] [INFO] [1747991913.288781981] [moveit.ros_planning.planning_pipeline]: Using planning request adapter 'Resolve constraint frames to robot links'
[move_group-22] [INFO] [1747991913.288787656] [moveit.ros_planning.planning_pipeline]: Using planning request adapter 'Fix Workspace Bounds'
[move_group-22] [INFO] [1747991913.288793182] [moveit.ros_planning.planning_pipeline]: Using planning request adapter 'Fix Start State Bounds'
[move_group-22] [INFO] [1747991913.288798150] [moveit.ros_planning.planning_pipeline]: Using planning request adapter 'Fix Start State In Collision'
[move_group-22] [INFO] [1747991913.288803298] [moveit.ros_planning.planning_pipeline]: Using planning request adapter 'Fix Start State Path Constraints'
[move_group-22] [INFO] [1747991913.297272354] [moveit.ros_planning_interface.moveit_cpp]: Loading planning pipeline 'chomp'
[move_group-22] [INFO] [1747991913.314663869] [moveit.ros_planning.planning_pipeline]: Using planning interface 'CHOMP'
[move_group-22] [INFO] [1747991913.323052762] [moveit_ros.add_time_optimal_parameterization]: Param 'chomp.path_tolerance' was not set. Using default value: 0.100000
[move_group-22] [INFO] [1747991913.323079473] [moveit_ros.add_time_optimal_parameterization]: Param 'chomp.resample_dt' was not set. Using default value: 0.100000
[move_group-22] [INFO] [1747991913.323089241] [moveit_ros.add_time_optimal_parameterization]: Param 'chomp.min_angle_change' was not set. Using default value: 0.001000
[move_group-22] [INFO] [1747991913.323124087] [moveit_ros.fix_workspace_bounds]: Param 'chomp.default_workspace_bounds' was not set. Using default value: 10.000000
[move_group-22] [INFO] [1747991913.323149034] [moveit_ros.fix_start_state_bounds]: Param 'chomp.start_state_max_bounds_error' was set to 0.100000
[move_group-22] [INFO] [1747991913.323159062] [moveit_ros.fix_start_state_bounds]: Param 'chomp.start_state_max_dt' was not set. Using default value: 0.500000
[move_group-22] [INFO] [1747991913.323179070] [moveit_ros.fix_start_state_collision]: Param 'chomp.start_state_max_dt' was not set. Using default value: 0.500000
[move_group-22] [INFO] [1747991913.323188815] [moveit_ros.fix_start_state_collision]: Param 'chomp.jiggle_fraction' was set to 0.050000
[move_group-22] [INFO] [1747991913.323197433] [moveit_ros.fix_start_state_collision]: Param 'chomp.max_sampling_attempts' was not set. Using default value: 100
[move_group-22] [INFO] [1747991913.323215376] [moveit.ros_planning.planning_pipeline]: Using planning request adapter 'Add Time Optimal Parameterization'
[move_group-22] [INFO] [1747991913.323223057] [moveit.ros_planning.planning_pipeline]: Using planning request adapter 'Resolve constraint frames to robot links'
[move_group-22] [INFO] [1747991913.323259963] [moveit.ros_planning.planning_pipeline]: Using planning request adapter 'Fix Workspace Bounds'
[move_group-22] [INFO] [1747991913.323267371] [moveit.ros_planning.planning_pipeline]: Using planning request adapter 'Fix Start State Bounds'
[move_group-22] [INFO] [1747991913.323272653] [moveit.ros_planning.planning_pipeline]: Using planning request adapter 'Fix Start State In Collision'
[move_group-22] [INFO] [1747991913.323278012] [moveit.ros_planning.planning_pipeline]: Using planning request adapter 'Fix Start State Path Constraints'
[move_group-22] [INFO] [1747991913.327325986] [moveit.ros_planning_interface.moveit_cpp]: Loading planning pipeline 'pilz_industrial_motion_planner'
[move_group-22] [INFO] [1747991913.348959662] [moveit.pilz_industrial_motion_planner.joint_limits_aggregator]: Reading limits from namespace robot_description_planning
[move_group-22] [INFO] [1747991913.439923562] [moveit.pilz_industrial_motion_planner]: Available plugins: pilz_industrial_motion_planner/PlanningContextLoaderCIRC pilz_industrial_motion_planner/PlanningContextLoaderLIN pilz_industrial_motion_planner/PlanningContextLoaderPTP 
[move_group-22] [INFO] [1747991913.439973739] [moveit.pilz_industrial_motion_planner]: About to load: pilz_industrial_motion_planner/PlanningContextLoaderCIRC
[move_group-22] [INFO] [1747991913.457023527] [moveit.pilz_industrial_motion_planner]: Registered Algorithm [CIRC]
[move_group-22] [INFO] [1747991913.457864467] [moveit.pilz_industrial_motion_planner]: About to load: pilz_industrial_motion_planner/PlanningContextLoaderLIN
[move_group-22] [INFO] [1747991913.464740657] [moveit.pilz_industrial_motion_planner]: Registered Algorithm [LIN]
[move_group-22] [INFO] [1747991913.467140900] [moveit.pilz_industrial_motion_planner]: About to load: pilz_industrial_motion_planner/PlanningContextLoaderPTP
[move_group-22] [INFO] [1747991913.472934020] [moveit.pilz_industrial_motion_planner]: Registered Algorithm [PTP]
[move_group-22] [INFO] [1747991913.473047025] [moveit.ros_planning.planning_pipeline]: Using planning interface 'Pilz Industrial Motion Planner'
[move_group-22] [WARN] [1747991913.492776694] [moveit_ros.trajectory_execution_manager]: moveit_ros_control_interface/MoveItControllerManager is deprecated. Replace with `moveit_ros_control_interface/MoveItControllerManager.`
[spawn_entity.py-12] [INFO] [1747991913.518620226] [right]: Spawn status: SpawnEntity: Successfully spawned entity [right_robot]
[spawn_entity.py-12] [INFO] [1747991913.551502833] [right]: Calling service /unpause_physics
[move_group-22] [INFO] [1747991913.835744745] [moveit.plugins.ros_control_interface]: Started moveit_ros_control_interface::Ros2ControlManager for namespace 
[INFO] [spawn_entity.py-12]: process has finished cleanly [pid 140259]
[gzserver-1] [INFO] [1747991913.965842371] [right_summit.omni_steering]: Subscribed to [/right_summit/cmd_vel]
[gzserver-1] [INFO] [1747991913.974255974] [right_summit.omni_steering]: Advertise odometry on [/right_summit/odom]
[gzserver-1] [INFO] [1747991913.984929767] [right_summit.omni_steering]: Publishing odom transforms between [right_summit_odom] and [right_summit_base_footprint]
[gzserver-1] [INFO] [1747991914.060857275] [gazebo_ros2_control]: Loading gazebo_ros2_control plugin
[gzserver-1] [INFO] [1747991914.079924977] [right.right_gazebo_ros2_control]: Starting gazebo_ros2_control plugin in namespace: /right
[gzserver-1] [INFO] [1747991914.080043946] [right.right_gazebo_ros2_control]: Starting gazebo_ros2_control plugin in ros 2 node: right_gazebo_ros2_control
[gzserver-1] [INFO] [1747991914.098894435] [right.right_gazebo_ros2_control]: connected to service!! robot_state_publisher
[gzserver-1] [INFO] [1747991914.104550950] [right.right_gazebo_ros2_control]: Received urdf from param server, parsing...
[gzserver-1] [INFO] [1747991914.105796634] [right.right_gazebo_ros2_control]: Loading parameter files /ros2_ws/install/ur/share/ur/config/right_controller.yaml
[gzserver-1] [INFO] [1747991914.166286044] [right.right_gazebo_ros2_control]: Loading joint: ur_right_shoulder_pan_joint
[gzserver-1] [INFO] [1747991914.166730320] [right.right_gazebo_ros2_control]: 	State:
[gzserver-1] [INFO] [1747991914.166866606] [right.right_gazebo_ros2_control]: 		 position
[gzserver-1] [INFO] [1747991914.167815810] [right.right_gazebo_ros2_control]: 			 found initial value: -1.300000
[gzserver-1] [INFO] [1747991914.167875054] [right.right_gazebo_ros2_control]: 		 velocity
[gzserver-1] [INFO] [1747991914.168151776] [right.right_gazebo_ros2_control]: 		 effort
[gzserver-1] [INFO] [1747991914.168268262] [right.right_gazebo_ros2_control]: 	Command:
[gzserver-1] [INFO] [1747991914.168290264] [right.right_gazebo_ros2_control]: 		 position
[gzserver-1] [INFO] [1747991914.169203693] [right.right_gazebo_ros2_control]: 		 velocity
[gzserver-1] [INFO] [1747991914.169854019] [right.right_gazebo_ros2_control]: Loading joint: ur_right_shoulder_lift_joint
[gzserver-1] [INFO] [1747991914.169903584] [right.right_gazebo_ros2_control]: 	State:
[gzserver-1] [INFO] [1747991914.169936584] [right.right_gazebo_ros2_control]: 		 position
[gzserver-1] [INFO] [1747991914.169964810] [right.right_gazebo_ros2_control]: 			 found initial value: -0.800000
[gzserver-1] [INFO] [1747991914.169986480] [right.right_gazebo_ros2_control]: 		 velocity
[gzserver-1] [INFO] [1747991914.170008539] [right.right_gazebo_ros2_control]: 		 effort
[gzserver-1] [INFO] [1747991914.170025965] [right.right_gazebo_ros2_control]: 	Command:
[gzserver-1] [INFO] [1747991914.170040867] [right.right_gazebo_ros2_control]: 		 position
[gzserver-1] [INFO] [1747991914.170092291] [right.right_gazebo_ros2_control]: 		 velocity
[gzserver-1] [INFO] [1747991914.170135832] [right.right_gazebo_ros2_control]: Loading joint: ur_right_elbow_joint
[gzserver-1] [INFO] [1747991914.170163382] [right.right_gazebo_ros2_control]: 	State:
[gzserver-1] [INFO] [1747991914.170188345] [right.right_gazebo_ros2_control]: 		 position
[gzserver-1] [INFO] [1747991914.170216305] [right.right_gazebo_ros2_control]: 			 found initial value: -1.800000
[gzserver-1] [INFO] [1747991914.170249337] [right.right_gazebo_ros2_control]: 		 velocity
[gzserver-1] [INFO] [1747991914.170282009] [right.right_gazebo_ros2_control]: 		 effort
[gzserver-1] [INFO] [1747991914.170374390] [right.right_gazebo_ros2_control]: 	Command:
[gzserver-1] [INFO] [1747991914.170406806] [right.right_gazebo_ros2_control]: 		 position
[gzserver-1] [INFO] [1747991914.170478308] [right.right_gazebo_ros2_control]: 		 velocity
[gzserver-1] [INFO] [1747991914.170526602] [right.right_gazebo_ros2_control]: Loading joint: ur_right_wrist_1_joint
[gzserver-1] [INFO] [1747991914.170667605] [right.right_gazebo_ros2_control]: 	State:
[gzserver-1] [INFO] [1747991914.170699634] [right.right_gazebo_ros2_control]: 		 position
[gzserver-1] [INFO] [1747991914.170727643] [right.right_gazebo_ros2_control]: 			 found initial value: -1.570000
[gzserver-1] [INFO] [1747991914.170748549] [right.right_gazebo_ros2_control]: 		 velocity
[gzserver-1] [INFO] [1747991914.170765163] [right.right_gazebo_ros2_control]: 		 effort
[gzserver-1] [INFO] [1747991914.170788288] [right.right_gazebo_ros2_control]: 	Command:
[gzserver-1] [INFO] [1747991914.170813378] [right.right_gazebo_ros2_control]: 		 position
[gzserver-1] [INFO] [1747991914.170880221] [right.right_gazebo_ros2_control]: 		 velocity
[gzserver-1] [INFO] [1747991914.170916049] [right.right_gazebo_ros2_control]: Loading joint: ur_right_wrist_2_joint
[gzserver-1] [INFO] [1747991914.170936376] [right.right_gazebo_ros2_control]: 	State:
[gzserver-1] [INFO] [1747991914.170960960] [right.right_gazebo_ros2_control]: 		 position
[gzserver-1] [INFO] [1747991914.170988027] [right.right_gazebo_ros2_control]: 			 found initial value: 1.638000
[gzserver-1] [INFO] [1747991914.171017089] [right.right_gazebo_ros2_control]: 		 velocity
[gzserver-1] [INFO] [1747991914.171041897] [right.right_gazebo_ros2_control]: 		 effort
[gzserver-1] [INFO] [1747991914.171065940] [right.right_gazebo_ros2_control]: 	Command:
[gzserver-1] [INFO] [1747991914.171088046] [right.right_gazebo_ros2_control]: 		 position
[gzserver-1] [INFO] [1747991914.171141521] [right.right_gazebo_ros2_control]: 		 velocity
[gzserver-1] [INFO] [1747991914.171174366] [right.right_gazebo_ros2_control]: Loading joint: ur_right_wrist_3_joint
[gzserver-1] [INFO] [1747991914.171194242] [right.right_gazebo_ros2_control]: 	State:
[gzserver-1] [INFO] [1747991914.171208955] [right.right_gazebo_ros2_control]: 		 position
[gzserver-1] [INFO] [1747991914.171224561] [right.right_gazebo_ros2_control]: 			 found initial value: 0.000000
[gzserver-1] [INFO] [1747991914.171243471] [right.right_gazebo_ros2_control]: 		 velocity
[gzserver-1] [INFO] [1747991914.171281460] [right.right_gazebo_ros2_control]: 		 effort
[gzserver-1] [INFO] [1747991914.171309938] [right.right_gazebo_ros2_control]: 	Command:
[gzserver-1] [INFO] [1747991914.171333707] [right.right_gazebo_ros2_control]: 		 position
[gzserver-1] [INFO] [1747991914.171375191] [right.right_gazebo_ros2_control]: 		 velocity
[gzserver-1] [INFO] [1747991914.173439834] [resource_manager]: Initialize hardware 'right_ur' 
[gzserver-1] [INFO] [1747991914.176771114] [resource_manager]: Successful initialization of hardware 'right_ur'
[gzserver-1] [INFO] [1747991914.185436560] [resource_manager]: 'configure' hardware 'right_ur' 
[gzserver-1] [INFO] [1747991914.185682379] [resource_manager]: Successful 'configure' of hardware 'right_ur'
[gzserver-1] [INFO] [1747991914.185974511] [resource_manager]: 'activate' hardware 'right_ur' 
[gzserver-1] [INFO] [1747991914.185996461] [resource_manager]: Successful 'activate' of hardware 'right_ur'
[gzserver-1] [INFO] [1747991914.187079400] [right.right_gazebo_ros2_control]: Loading controller_manager
[gzserver-1] [WARN] [1747991914.336364236] [right.right_gazebo_ros2_control]:  Desired controller update period (0.002 s) is slower than the gazebo simulation period (0.001 s).
[gzserver-1] [INFO] [1747991914.340337160] [right.right_gazebo_ros2_control]: Loaded gazebo_ros2_control.
[gzserver-1] [INFO] [1747991914.520650498] [right.controller_manager]: Loading controller 'ur_right_joint_group_vel_controller'
[move_group-22] [WARN] [1747991914.851964286] [moveit.plugins.ros_control_interface]: Failed to read controllers from /controller_manager/list_controllers within 1 seconds
[gzserver-1] [INFO] [1747991915.135500162] [left_summit_imu_imu_plugin]: <initial_orientation_as_reference> is unset, using default value of false to comply with REP 145 (world as orientation reference)
[spawn_entity.py-3] [INFO] [1747991915.520232997] [left]: Spawn status: SpawnEntity: Successfully spawned entity [left_robot]
[spawn_entity.py-3] [INFO] [1747991915.527561719] [left]: Calling service /unpause_physics
[gzserver-1] [WARN] [1747991915.622305174] [gazebo.rclcpp]: failed to send response to /unpause_physics (timeout): client will not receive response, at ./src/rmw_response.cpp:154, at ./src/rcl/service.c:314
[gzserver-1] [INFO] [1747991915.685347526] [left_summit.omni_steering]: Subscribed to [/left_summit/cmd_vel]
[gzserver-1] [INFO] [1747991915.687441582] [left_summit.omni_steering]: Advertise odometry on [/left_summit/odom]
[gzserver-1] [INFO] [1747991915.691039788] [left_summit.omni_steering]: Publishing odom transforms between [left_summit_odom] and [left_summit_base_footprint]
[gzserver-1] [INFO] [1747991915.691735052] [gazebo_ros2_control]: Loading gazebo_ros2_control plugin
[gzserver-1] [INFO] [1747991915.713641028] [left.left_gazebo_ros2_control]: Starting gazebo_ros2_control plugin in namespace: /left
[gzserver-1] [INFO] [1747991915.715343512] [left.left_gazebo_ros2_control]: Starting gazebo_ros2_control plugin in ros 2 node: left_gazebo_ros2_control
[gzserver-1] [WARN] [1747991915.723169035] [gazebo.rclcpp]: failed to send response to /unpause_physics (timeout): client will not receive response, at ./src/rmw_response.cpp:154, at ./src/rcl/service.c:314
[INFO] [spawn_entity.py-3]: process has finished cleanly [pid 140220]
[gzserver-1] [INFO] [1747991915.743792647] [left.left_gazebo_ros2_control]: connected to service!! robot_state_publisher
[gzserver-1] [INFO] [1747991915.744587326] [left.left_gazebo_ros2_control]: Received urdf from param server, parsing...
[gzserver-1] [INFO] [1747991915.748843022] [left.left_gazebo_ros2_control]: Loading parameter files /ros2_ws/install/ur/share/ur/config/left_controller.yaml
[gzserver-1] [INFO] [1747991915.778044674] [left.left_gazebo_ros2_control]: Loading joint: ur_left_shoulder_pan_joint
[gzserver-1] [INFO] [1747991915.778131410] [left.left_gazebo_ros2_control]: 	State:
[gzserver-1] [INFO] [1747991915.778178035] [left.left_gazebo_ros2_control]: 		 position
[gzserver-1] [INFO] [1747991915.778226549] [left.left_gazebo_ros2_control]: 			 found initial value: -1.400000
[gzserver-1] [INFO] [1747991915.778268000] [left.left_gazebo_ros2_control]: 		 velocity
[gzserver-1] [INFO] [1747991915.778311461] [left.left_gazebo_ros2_control]: 		 effort
[gzserver-1] [INFO] [1747991915.778349208] [left.left_gazebo_ros2_control]: 	Command:
[gzserver-1] [INFO] [1747991915.778378677] [left.left_gazebo_ros2_control]: 		 position
[gzserver-1] [INFO] [1747991915.778484864] [left.left_gazebo_ros2_control]: 		 velocity
[gzserver-1] [INFO] [1747991915.778540212] [left.left_gazebo_ros2_control]: Loading joint: ur_left_shoulder_lift_joint
[gzserver-1] [INFO] [1747991915.778565494] [left.left_gazebo_ros2_control]: 	State:
[gzserver-1] [INFO] [1747991915.778581963] [left.left_gazebo_ros2_control]: 		 position
[gzserver-1] [INFO] [1747991915.778599148] [left.left_gazebo_ros2_control]: 			 found initial value: -1.227838
[gzserver-1] [INFO] [1747991915.778618198] [left.left_gazebo_ros2_control]: 		 velocity
[gzserver-1] [INFO] [1747991915.778639078] [left.left_gazebo_ros2_control]: 		 effort
[gzserver-1] [INFO] [1747991915.778668590] [left.left_gazebo_ros2_control]: 	Command:
[gzserver-1] [INFO] [1747991915.778695025] [left.left_gazebo_ros2_control]: 		 position
[gzserver-1] [INFO] [1747991915.778760159] [left.left_gazebo_ros2_control]: 		 velocity
[gzserver-1] [INFO] [1747991915.778806451] [left.left_gazebo_ros2_control]: Loading joint: ur_left_elbow_joint
[gzserver-1] [INFO] [1747991915.778837778] [left.left_gazebo_ros2_control]: 	State:
[gzserver-1] [INFO] [1747991915.778871120] [left.left_gazebo_ros2_control]: 		 position
[gzserver-1] [INFO] [1747991915.778893249] [left.left_gazebo_ros2_control]: 			 found initial value: -1.791046
[gzserver-1] [INFO] [1747991915.778915751] [left.left_gazebo_ros2_control]: 		 velocity
[gzserver-1] [INFO] [1747991915.778944867] [left.left_gazebo_ros2_control]: 		 effort
[gzserver-1] [INFO] [1747991915.778979945] [left.left_gazebo_ros2_control]: 	Command:
[gzserver-1] [INFO] [1747991915.779009020] [left.left_gazebo_ros2_control]: 		 position
[gzserver-1] [INFO] [1747991915.779074859] [left.left_gazebo_ros2_control]: 		 velocity
[gzserver-1] [INFO] [1747991915.779120403] [left.left_gazebo_ros2_control]: Loading joint: ur_left_wrist_1_joint
[gzserver-1] [INFO] [1747991915.779153193] [left.left_gazebo_ros2_control]: 	State:
[gzserver-1] [INFO] [1747991915.779182050] [left.left_gazebo_ros2_control]: 		 position
[gzserver-1] [INFO] [1747991915.779213755] [left.left_gazebo_ros2_control]: 			 found initial value: -1.447073
[gzserver-1] [INFO] [1747991915.779247514] [left.left_gazebo_ros2_control]: 		 velocity
[gzserver-1] [INFO] [1747991915.779279568] [left.left_gazebo_ros2_control]: 		 effort
[gzserver-1] [INFO] [1747991915.779313063] [left.left_gazebo_ros2_control]: 	Command:
[gzserver-1] [INFO] [1747991915.779343325] [left.left_gazebo_ros2_control]: 		 position
[gzserver-1] [INFO] [1747991915.779399058] [left.left_gazebo_ros2_control]: 		 velocity
[gzserver-1] [INFO] [1747991915.779439232] [left.left_gazebo_ros2_control]: Loading joint: ur_left_wrist_2_joint
[gzserver-1] [INFO] [1747991915.779472647] [left.left_gazebo_ros2_control]: 	State:
[gzserver-1] [INFO] [1747991915.779504114] [left.left_gazebo_ros2_control]: 		 position
[gzserver-1] [INFO] [1747991915.779536188] [left.left_gazebo_ros2_control]: 			 found initial value: 1.900333
[gzserver-1] [INFO] [1747991915.779570245] [left.left_gazebo_ros2_control]: 		 velocity
[gzserver-1] [INFO] [1747991915.779601904] [left.left_gazebo_ros2_control]: 		 effort
[gzserver-1] [INFO] [1747991915.779632392] [left.left_gazebo_ros2_control]: 	Command:
[gzserver-1] [INFO] [1747991915.779708821] [left.left_gazebo_ros2_control]: 		 position
[gzserver-1] [INFO] [1747991915.779774124] [left.left_gazebo_ros2_control]: 		 velocity
[gzserver-1] [INFO] [1747991915.779820678] [left.left_gazebo_ros2_control]: Loading joint: ur_left_wrist_3_joint
[gzserver-1] [INFO] [1747991915.779855303] [left.left_gazebo_ros2_control]: 	State:
[gzserver-1] [INFO] [1747991915.779884965] [left.left_gazebo_ros2_control]: 		 position
[gzserver-1] [INFO] [1747991915.779914802] [left.left_gazebo_ros2_control]: 			 found initial value: -0.755379
[gzserver-1] [INFO] [1747991915.779946435] [left.left_gazebo_ros2_control]: 		 velocity
[gzserver-1] [INFO] [1747991915.779970426] [left.left_gazebo_ros2_control]: 		 effort
[gzserver-1] [INFO] [1747991915.779988510] [left.left_gazebo_ros2_control]: 	Command:
[gzserver-1] [INFO] [1747991915.780004162] [left.left_gazebo_ros2_control]: 		 position
[gzserver-1] [INFO] [1747991915.780033541] [left.left_gazebo_ros2_control]: 		 velocity
[gzserver-1] [INFO] [1747991915.780080921] [resource_manager]: Initialize hardware 'left_ur' 
[gzserver-1] [INFO] [1747991915.780151504] [resource_manager]: Successful initialization of hardware 'left_ur'
[gzserver-1] [INFO] [1747991915.780414241] [resource_manager]: 'configure' hardware 'left_ur' 
[gzserver-1] [INFO] [1747991915.780440378] [resource_manager]: Successful 'configure' of hardware 'left_ur'
[gzserver-1] [INFO] [1747991915.780499679] [resource_manager]: 'activate' hardware 'left_ur' 
[gzserver-1] [INFO] [1747991915.780520575] [resource_manager]: Successful 'activate' of hardware 'left_ur'
[gzserver-1] [INFO] [1747991915.780597437] [left.left_gazebo_ros2_control]: Loading controller_manager
[move_group-22] [WARN] [1747991915.852523106] [moveit.plugins.ros_control_interface]: Failed to read controllers from /controller_manager/list_controllers within 1 seconds
[gzserver-1] [WARN] [1747991915.870150209] [left.left_gazebo_ros2_control]:  Desired controller update period (0.002 s) is slower than the gazebo simulation period (0.001 s).
[gzserver-1] [INFO] [1747991915.870984196] [left.left_gazebo_ros2_control]: Loaded gazebo_ros2_control.
[gzserver-1] [INFO] [1747991915.878531835] [right.controller_manager]: Loading controller 'joint_state_broadcaster'
[spawner-20] [INFO] [1747991915.880687554] [right.spawner_ur_right_joint_group_vel_controller]: [94mLoaded [1mur_right_joint_group_vel_controller[0m
[gzserver-1] [INFO] [1747991915.883452087] [left.controller_manager]: Loading controller 'joint_state_broadcaster'
[gzserver-1] [ERROR] [1747991915.898630830] [left.controller_manager]: Caught exception while loading the controller 'joint_state_broadcaster' of plugin type 'joint_state_broadcaster/JointStateBroadcaster':
[gzserver-1] MultiLibraryClassLoader: Could not create object of class type joint_state_broadcaster::JointStateBroadcaster as no factory exists for it. Make sure that the library exists and was explicitly loaded through MultiLibraryClassLoader::loadLibrary()
[spawner-10] [FATAL] [1747991915.903328974] [left.spawner_joint_state_broadcaster]: [91mFailed loading controller [1mjoint_state_broadcaster[0m
[spawner-19] [INFO] [1747991915.972757473] [right.spawner_joint_state_broadcaster]: [94mLoaded [1mjoint_state_broadcaster[0m
[gzserver-1] [INFO] [1747991915.974518380] [right.controller_manager]: Configuring controller 'ur_right_joint_group_vel_controller'
[gzserver-1] [INFO] [1747991916.004205673] [right.ur_right_joint_group_vel_controller]: configure successful
[gzserver-1] [INFO] [1747991916.009080393] [right.controller_manager]: Configuring controller 'joint_state_broadcaster'
[gzserver-1] [INFO] [1747991916.009334602] [right.joint_state_broadcaster]: 'joints' or 'interfaces' parameter is empty. All available state interfaces will be published
[gzserver-1] [INFO] [1747991916.068384156] [right.ur_right_joint_group_vel_controller]: activate successful
[spawner-20] [INFO] [1747991916.074788191] [right.spawner_ur_right_joint_group_vel_controller]: [92mConfigured and activated [1mur_right_joint_group_vel_controller[0m
[gzserver-1] [INFO] [1747991916.096181072] [left.controller_manager]: Loading controller 'ur_left_joint_group_vel_controller'
[ERROR] [spawner-10]: process has died [pid 140234, exit code 1, cmd '/ros2_ws/install/controller_manager/lib/controller_manager/spawner joint_state_broadcaster -c /left/controller_manager --controller-manager-timeout 10 --ros-args -r __ns:=/left'].
[spawner-11] [INFO] [1747991916.169492039] [left.spawner_ur_left_joint_group_vel_controller]: [94mLoaded [1mur_left_joint_group_vel_controller[0m
[spawner-19] [INFO] [1747991916.171303173] [right.spawner_joint_state_broadcaster]: [92mConfigured and activated [1mjoint_state_broadcaster[0m
[gzserver-1] [INFO] [1747991916.177511246] [left.controller_manager]: Configuring controller 'ur_left_joint_group_vel_controller'
[gzserver-1] [INFO] [1747991916.181438233] [left.ur_left_joint_group_vel_controller]: configure successful
[gzserver-1] [INFO] [1747991916.199971313] [left.ur_left_joint_group_vel_controller]: activate successful
[spawner-11] [INFO] [1747991916.210027923] [left.spawner_ur_left_joint_group_vel_controller]: [92mConfigured and activated [1mur_left_joint_group_vel_controller[0m
[INFO] [spawner-20]: process has finished cleanly [pid 140328]
[INFO] [spawner-19]: process has finished cleanly [pid 140326]
[INFO] [spawner-11]: process has finished cleanly [pid 140236]
[move_group-22] [WARN] [1747991916.852681698] [moveit.plugins.ros_control_interface]: Failed to read controllers from /controller_manager/list_controllers within 1 seconds
[move_group-22] [INFO] [1747991916.854275361] [moveit_ros.trajectory_execution_manager]: Trajectory execution is managing controllers
[move_group-22] [INFO] [1747991916.854315747] [move_group.move_group]: MoveGroup debug mode is ON
[move_group-22] [INFO] [1747991916.925526734] [move_group.move_group]: 
[move_group-22] 
[move_group-22] ********************************************************
[move_group-22] * MoveGroup using: 
[move_group-22] *     - ApplyPlanningSceneService
[move_group-22] *     - ClearOctomapService
[move_group-22] *     - ExecuteTaskSolution
[move_group-22] *     - CartesianPathService
[move_group-22] *     - ExecuteTrajectoryAction
[move_group-22] *     - GetPlanningSceneService
[move_group-22] *     - KinematicsService
[move_group-22] *     - MoveAction
[move_group-22] *     - MotionPlanService
[move_group-22] *     - QueryPlannersService
[move_group-22] *     - StateValidationService
[move_group-22] ********************************************************
[move_group-22] 
[move_group-22] [INFO] [1747991916.925616463] [moveit_move_group_capabilities_base.move_group_context]: MoveGroup context using planning plugin ompl_interface/OMPLPlanner
[move_group-22] [INFO] [1747991916.925641861] [moveit_move_group_capabilities_base.move_group_context]: MoveGroup context initialization complete
[move_group-22] [96mLoading 'move_group/ApplyPlanningSceneService'...
[move_group-22] [0m[96mLoading 'move_group/ClearOctomapService'...
[move_group-22] [0m[96mLoading 'move_group/ExecuteTaskSolutionCapability'...
[move_group-22] [0m[96mLoading 'move_group/MoveGroupCartesianPathService'...
[move_group-22] [0m[96mLoading 'move_group/MoveGroupExecuteTrajectoryAction'...
[move_group-22] [0m[96mLoading 'move_group/MoveGroupGetPlanningSceneService'...
[move_group-22] [0m[96mLoading 'move_group/MoveGroupKinematicsService'...
[move_group-22] [0m[96mLoading 'move_group/MoveGroupMoveAction'...
[move_group-22] [0m[96mLoading 'move_group/MoveGroupPlanService'...
[move_group-22] [0m[96mLoading 'move_group/MoveGroupQueryPlannersService'...
[move_group-22] [0m[96mLoading 'move_group/MoveGroupStateValidationService'...
[move_group-22] [0m[92m
[move_group-22] You can start planning now!
[move_group-22] 
[rviz2-21] [ERROR] [1747991920.773298000] [rviz2]: Could not find parameter robot_description and did not receive robot_description via std_msgs::msg::String subscription within 10.000000 seconds.
[INFO] [gzclient-2]: process has finished cleanly [pid 140218]
[WARNING] [launch]: user interrupted with ctrl-c (SIGINT)
[rviz2-21] [INFO] [1747991927.692135275] [rclcpp]: signal_handler(signum=2)
[static_transform_publisher-17] [INFO] [1747991927.692149835] [rclcpp]: signal_handler(signum=2)
[static_transform_publisher-16] [INFO] [1747991927.692151644] [rclcpp]: signal_handler(signum=2)
[static_transform_publisher-18] [INFO] [1747991927.692166285] [rclcpp]: signal_handler(signum=2)
[static_transform_publisher-15] [INFO] [1747991927.692171903] [rclcpp]: signal_handler(signum=2)
[static_transform_publisher-9] [INFO] [1747991927.692205420] [rclcpp]: signal_handler(signum=2)
[static_transform_publisher-14] [INFO] [1747991927.692211562] [rclcpp]: signal_handler(signum=2)
[static_transform_publisher-8] [INFO] [1747991927.692251498] [rclcpp]: signal_handler(signum=2)
[static_transform_publisher-7] [INFO] [1747991927.692288172] [rclcpp]: signal_handler(signum=2)
[static_transform_publisher-5] [INFO] [1747991927.692367200] [rclcpp]: signal_handler(signum=2)
[static_transform_publisher-6] [INFO] [1747991927.692409866] [rclcpp]: signal_handler(signum=2)
[robot_state_publisher-4] [INFO] [1747991927.692453947] [rclcpp]: signal_handler(signum=2)
[move_group-22] [INFO] [1747991927.692141486] [rclcpp]: signal_handler(signum=2)
[robot_state_publisher-13] [INFO] [1747991927.711354205] [rclcpp]: signal_handler(signum=2)
[move_group-22] [INFO] [1747991927.766436087] [moveit.ros_planning_interface.moveit_cpp]: Deleting MoveItCpp
[move_group-22] [INFO] [1747991927.767301135] [moveit_ros.planning_scene_monitor.planning_scene_monitor]: Stopped publishing maintained planning scene.
[move_group-22] [INFO] [1747991927.768031755] [moveit_ros.planning_scene_monitor.planning_scene_monitor]: Stopping world geometry monitor
[move_group-22] [INFO] [1747991927.769606155] [moveit_ros.planning_scene_monitor.planning_scene_monitor]: Stopping planning scene monitor
[INFO] [static_transform_publisher-8]: process has finished cleanly [pid 140230]
[INFO] [static_transform_publisher-14]: process has finished cleanly [pid 140295]
[INFO] [robot_state_publisher-4]: process has finished cleanly [pid 140222]
[move_group-22] Stack trace (most recent call last):
[INFO] [static_transform_publisher-17]: process has finished cleanly [pid 140311]
[INFO] [static_transform_publisher-16]: process has finished cleanly [pid 140302]
[INFO] [static_transform_publisher-6]: process has finished cleanly [pid 140226]
[INFO] [static_transform_publisher-18]: process has finished cleanly [pid 140322]
[INFO] [static_transform_publisher-15]: process has finished cleanly [pid 140298]
[INFO] [static_transform_publisher-5]: process has finished cleanly [pid 140224]
[INFO] [static_transform_publisher-7]: process has finished cleanly [pid 140228]
[INFO] [static_transform_publisher-9]: process has finished cleanly [pid 140232]
[move_group-22] #11   Object "", at 0xffffffffffffffff, in 
[move_group-22] #10   Object "/ros2_ws/build/moveit_ros_move_group/move_group", at 0x556fe3f37eb4, in _start
[move_group-22] #9    Object "/usr/lib/x86_64-linux-gnu/libc.so.6", at 0x7fb5b92f1e3f, in __libc_start_main
[move_group-22] #8    Object "/usr/lib/x86_64-linux-gnu/libc.so.6", at 0x7fb5b92f1d8f, in 
[move_group-22] #7    Object "/ros2_ws/build/moveit_ros_move_group/move_group", at 0x556fe3f37483, in main
[move_group-22] #6    Object "/ros2_ws/build/moveit_ros_move_group/move_group", at 0x556fe3f3e9c1, in std::_Sp_counted_base<(__gnu_cxx::_Lock_policy)2>::_M_release()
[move_group-22] #5    Object "/opt/ros/humble/lib/librclcpp.so", at 0x7fb5b986984e, in rclcpp::Node::~Node()
[move_group-22] #4    Object "/opt/ros/humble/lib/librclcpp.so", at 0x7fb5b9844c69, in 
[move_group-22] #3    Object "/opt/ros/humble/lib/librclcpp.so", at 0x7fb5b9872ef9, in 
[INFO] [robot_state_publisher-13]: process has finished cleanly [pid 140286]
[move_group-22] #2    Object "/opt/ros/humble/lib/librclcpp.so", at 0x7fb5b9872e40, in rclcpp::node_interfaces::NodeBase::~NodeBase()
[move_group-22] #1    Object "/opt/ros/humble/lib/librclcpp.so", at 0x7fb5b9844c69, in 
[move_group-22] #0    Object "/opt/ros/humble/lib/librclcpp.so", at 0x7fb5b98499e1, in rclcpp::CallbackGroup::~CallbackGroup()
[move_group-22] Segmentation fault (Address not mapped to object [0x7fb598564c70])
[ERROR] [move_group-22]: process has died [pid 140346, exit code -11, cmd '/ros2_ws/install/moveit_ros_move_group/lib/moveit_ros_move_group/move_group --ros-args --params-file /tmp/launch_params_8mqo9yrh --params-file /tmp/launch_params_sblaz3le --params-file /tmp/launch_params_wpci1ouh --params-file /tmp/launch_params_1jmhpm8s --params-file /tmp/launch_params_hu_l3quo'].
[move_group-22] [0m
[INFO] [gzserver-1]: process has finished cleanly [pid 140216]
[rviz2-21] Error:   Error document empty.
[rviz2-21]          at line 100 in ./urdf_parser/src/model.cpp
[rviz2-21] Failed to parse robot description using: urdf_xml_parser/URDFXMLParser
[rviz2-21] [INFO] [1747991930.885919377] [moveit_rdf_loader.rdf_loader]: Unable to parse URDF
[rviz2-21] [ERROR] [1747991930.888121625] [moveit_background_processing.background_processing]: Exception caught while processing action 'loadRobotModel': failed to create guard condition: the given context is not valid, either rcl_init() was not called or rcl_shutdown() was called., at ./src/rcl/guard_condition.c:67
[INFO] [rviz2-21]: process has finished cleanly [pid 140335]
