[INFO] [launch]: All log files can be found below /root/.ros/log/2025-05-27-13-15-08-190911-outlander-Aspire-V3-571G-1617
[INFO] [launch]: Default logging verbosity is set to INFO
[INFO] [gzserver-1]: process started with pid [1621]
[INFO] [gzclient-2]: process started with pid [1623]
[INFO] [spawn_entity.py-3]: process started with pid [1625]
[INFO] [robot_state_publisher-4]: process started with pid [1627]
[INFO] [static_transform_publisher-5]: process started with pid [1629]
[INFO] [static_transform_publisher-6]: process started with pid [1631]
[INFO] [static_transform_publisher-7]: process started with pid [1633]
[INFO] [static_transform_publisher-8]: process started with pid [1635]
[INFO] [static_transform_publisher-9]: process started with pid [1637]
[INFO] [spawner-10]: process started with pid [1655]
[INFO] [spawner-11]: process started with pid [1672]
[INFO] [spawn_entity.py-12]: process started with pid [1679]
[INFO] [robot_state_publisher-13]: process started with pid [1682]
[INFO] [static_transform_publisher-14]: process started with pid [1696]
[INFO] [static_transform_publisher-15]: process started with pid [1698]
[INFO] [static_transform_publisher-16]: process started with pid [1706]
[INFO] [static_transform_publisher-17]: process started with pid [1709]
[INFO] [static_transform_publisher-18]: process started with pid [1716]
[INFO] [spawner-19]: process started with pid [1722]
[INFO] [spawner-20]: process started with pid [1745]
[INFO] [rviz2-21]: process started with pid [1766]
[INFO] [move_group-22]: process started with pid [1769]
[robot_state_publisher-4] [INFO] [1748351714.029871139] [left.robot_state_publisher]: got segment left_summit_back_left_wheel_link
[robot_state_publisher-4] [INFO] [1748351714.030049014] [left.robot_state_publisher]: got segment left_summit_back_right_wheel_link
[robot_state_publisher-4] [INFO] [1748351714.030074392] [left.robot_state_publisher]: got segment left_summit_base_chapa
[robot_state_publisher-4] [INFO] [1748351714.030094077] [left.robot_state_publisher]: got segment left_summit_base_docking_contact
[robot_state_publisher-4] [INFO] [1748351714.030113322] [left.robot_state_publisher]: got segment left_summit_base_footprint
[robot_state_publisher-4] [INFO] [1748351714.030132505] [left.robot_state_publisher]: got segment left_summit_base_link
[robot_state_publisher-4] [INFO] [1748351714.030151666] [left.robot_state_publisher]: got segment left_summit_base_logo_front
[robot_state_publisher-4] [INFO] [1748351714.030170987] [left.robot_state_publisher]: got segment left_summit_base_logo_left
[robot_state_publisher-4] [INFO] [1748351714.030189366] [left.robot_state_publisher]: got segment left_summit_base_logo_rear
[robot_state_publisher-4] [INFO] [1748351714.030207921] [left.robot_state_publisher]: got segment left_summit_base_logo_right
[robot_state_publisher-4] [INFO] [1748351714.030226569] [left.robot_state_publisher]: got segment left_summit_front_laser_base_link
[robot_state_publisher-4] [INFO] [1748351714.030244995] [left.robot_state_publisher]: got segment left_summit_front_laser_link
[robot_state_publisher-4] [INFO] [1748351714.030263994] [left.robot_state_publisher]: got segment left_summit_front_left_wheel_link
[robot_state_publisher-4] [INFO] [1748351714.030283531] [left.robot_state_publisher]: got segment left_summit_front_right_wheel_link
[robot_state_publisher-4] [INFO] [1748351714.030303749] [left.robot_state_publisher]: got segment left_summit_imu_link
[robot_state_publisher-4] [INFO] [1748351714.030322331] [left.robot_state_publisher]: got segment left_summit_rear_laser_base_link
[robot_state_publisher-4] [INFO] [1748351714.030340559] [left.robot_state_publisher]: got segment left_summit_rear_laser_link
[robot_state_publisher-4] [INFO] [1748351714.030358711] [left.robot_state_publisher]: got segment ur_left_base
[robot_state_publisher-4] [INFO] [1748351714.030377646] [left.robot_state_publisher]: got segment ur_left_base_link
[robot_state_publisher-4] [INFO] [1748351714.030396747] [left.robot_state_publisher]: got segment ur_left_base_link_inertia
[robot_state_publisher-4] [INFO] [1748351714.030416051] [left.robot_state_publisher]: got segment ur_left_finger_left
[robot_state_publisher-4] [INFO] [1748351714.030435704] [left.robot_state_publisher]: got segment ur_left_finger_right
[robot_state_publisher-4] [INFO] [1748351714.030453325] [left.robot_state_publisher]: got segment ur_left_finger_tip
[robot_state_publisher-4] [INFO] [1748351714.030472089] [left.robot_state_publisher]: got segment ur_left_flange
[robot_state_publisher-4] [INFO] [1748351714.030490314] [left.robot_state_publisher]: got segment ur_left_forearm_link
[robot_state_publisher-4] [INFO] [1748351714.030508582] [left.robot_state_publisher]: got segment ur_left_ft_frame
[robot_state_publisher-4] [INFO] [1748351714.030527747] [left.robot_state_publisher]: got segment ur_left_robotiq_hand
[robot_state_publisher-4] [INFO] [1748351714.030546081] [left.robot_state_publisher]: got segment ur_left_shoulder_link
[robot_state_publisher-4] [INFO] [1748351714.030564855] [left.robot_state_publisher]: got segment ur_left_tool0
[robot_state_publisher-4] [INFO] [1748351714.030583369] [left.robot_state_publisher]: got segment ur_left_upper_arm_link
[robot_state_publisher-4] [INFO] [1748351714.030602070] [left.robot_state_publisher]: got segment ur_left_wrist_1_link
[robot_state_publisher-4] [INFO] [1748351714.030621390] [left.robot_state_publisher]: got segment ur_left_wrist_2_link
[robot_state_publisher-4] [INFO] [1748351714.030640473] [left.robot_state_publisher]: got segment ur_left_wrist_3_link
[static_transform_publisher-5] [WARN] [1748351713.759175629] []: Old-style arguments are deprecated; see --help for new-style arguments
[static_transform_publisher-5] [INFO] [1748351713.826342257] [left.static_transform_publisher]: Spinning until stopped - publishing transform
[static_transform_publisher-5] translation: ('-0.660000', '0.000000', '0.000000')
[static_transform_publisher-5] rotation: ('0.000000', '0.000000', '0.000000', '1.000000')
[static_transform_publisher-5] from 'world' to 'left_summit_odom'
[static_transform_publisher-6] [WARN] [1748351713.744628845] []: Old-style arguments are deprecated; see --help for new-style arguments
[static_transform_publisher-6] [INFO] [1748351713.790169401] [left_static_transform_publisher_back_left]: Spinning until stopped - publishing transform
[static_transform_publisher-6] translation: ('0.250000', '0.150000', '0.000000')
[static_transform_publisher-6] rotation: ('0.000000', '0.000000', '0.000000', '1.000000')
[static_transform_publisher-6] from 'left_summit_base_link' to 'left_summit_back_left_wheel_link'
[static_transform_publisher-7] [WARN] [1748351713.748985674] []: Old-style arguments are deprecated; see --help for new-style arguments
[static_transform_publisher-7] [INFO] [1748351713.798990098] [left_static_transform_publisher_back_right]: Spinning until stopped - publishing transform
[static_transform_publisher-7] translation: ('0.250000', '-0.150000', '0.000000')
[static_transform_publisher-7] rotation: ('0.000000', '0.000000', '0.000000', '1.000000')
[static_transform_publisher-7] from 'left_summit_base_link' to 'left_summit_back_right_wheel_link'
[static_transform_publisher-8] [WARN] [1748351713.815605889] []: Old-style arguments are deprecated; see --help for new-style arguments
[static_transform_publisher-8] [INFO] [1748351713.898662123] [left_static_transform_publisher_front_left]: Spinning until stopped - publishing transform
[static_transform_publisher-8] translation: ('-0.250000', '0.150000', '0.000000')
[static_transform_publisher-8] rotation: ('0.000000', '0.000000', '0.000000', '1.000000')
[static_transform_publisher-8] from 'left_summit_base_link' to 'left_summit_front_left_wheel_link'
[static_transform_publisher-9] [WARN] [1748351713.820891616] []: Old-style arguments are deprecated; see --help for new-style arguments
[static_transform_publisher-9] [INFO] [1748351713.957596652] [static_transform_publisher_front_right]: Spinning until stopped - publishing transform
[static_transform_publisher-9] translation: ('-0.250000', '-0.150000', '0.000000')
[static_transform_publisher-9] rotation: ('0.000000', '0.000000', '0.000000', '1.000000')
[static_transform_publisher-9] from 'left_summit_base_link' to 'left_summit_front_right_wheel_link'
[static_transform_publisher-14] [WARN] [1748351713.965757663] []: Old-style arguments are deprecated; see --help for new-style arguments
[static_transform_publisher-15] [WARN] [1748351713.994127092] []: Old-style arguments are deprecated; see --help for new-style arguments
[static_transform_publisher-16] [WARN] [1748351713.981384649] []: Old-style arguments are deprecated; see --help for new-style arguments
[static_transform_publisher-17] [WARN] [1748351714.003465712] []: Old-style arguments are deprecated; see --help for new-style arguments
[static_transform_publisher-18] [WARN] [1748351713.986232150] []: Old-style arguments are deprecated; see --help for new-style arguments
[static_transform_publisher-16] [INFO] [1748351714.133052192] [right_static_transform_publisher_back_right]: Spinning until stopped - publishing transform
[static_transform_publisher-16] translation: ('0.250000', '-0.150000', '0.000000')
[static_transform_publisher-16] rotation: ('0.000000', '0.000000', '0.000000', '1.000000')
[static_transform_publisher-16] from 'right_summit_base_link' to 'right_summit_back_right_wheel_link'
[static_transform_publisher-17] [INFO] [1748351714.231850274] [right_static_transform_publisher_front_left]: Spinning until stopped - publishing transform
[static_transform_publisher-17] translation: ('-0.250000', '0.150000', '0.000000')
[static_transform_publisher-17] rotation: ('0.000000', '0.000000', '0.000000', '1.000000')
[static_transform_publisher-17] from 'right_summit_base_link' to 'right_summit_front_left_wheel_link'
[static_transform_publisher-14] [INFO] [1748351714.241470564] [right.static_transform_publisher]: Spinning until stopped - publishing transform
[static_transform_publisher-14] translation: ('0.660000', '0.000000', '0.000000')
[static_transform_publisher-14] rotation: ('0.000000', '0.000000', '0.000000', '1.000000')
[static_transform_publisher-14] from 'world' to 'right_summit_odom'
[static_transform_publisher-18] [INFO] [1748351714.294317618] [static_transform_publisher_front_right]: Spinning until stopped - publishing transform
[static_transform_publisher-18] translation: ('-0.250000', '-0.150000', '0.000000')
[static_transform_publisher-18] rotation: ('0.000000', '0.000000', '0.000000', '1.000000')
[static_transform_publisher-18] from 'right_summit_base_link' to 'right_summit_front_right_wheel_link'
[static_transform_publisher-15] [INFO] [1748351714.299487548] [right_static_transform_publisher_back_left]: Spinning until stopped - publishing transform
[static_transform_publisher-15] translation: ('0.250000', '0.150000', '0.000000')
[static_transform_publisher-15] rotation: ('0.000000', '0.000000', '0.000000', '1.000000')
[static_transform_publisher-15] from 'right_summit_base_link' to 'right_summit_back_left_wheel_link'
[rviz2-21] QStandardPaths: XDG_RUNTIME_DIR not set, defaulting to '/tmp/runtime-root'
[robot_state_publisher-13] [INFO] [1748351714.479350695] [right.robot_state_publisher]: got segment right_summit_back_left_wheel_link
[robot_state_publisher-13] [INFO] [1748351714.479524090] [right.robot_state_publisher]: got segment right_summit_back_right_wheel_link
[robot_state_publisher-13] [INFO] [1748351714.479550434] [right.robot_state_publisher]: got segment right_summit_base_chapa
[robot_state_publisher-13] [INFO] [1748351714.479571217] [right.robot_state_publisher]: got segment right_summit_base_docking_contact
[robot_state_publisher-13] [INFO] [1748351714.479590188] [right.robot_state_publisher]: got segment right_summit_base_footprint
[robot_state_publisher-13] [INFO] [1748351714.479610029] [right.robot_state_publisher]: got segment right_summit_base_link
[robot_state_publisher-13] [INFO] [1748351714.479628776] [right.robot_state_publisher]: got segment right_summit_base_logo_front
[robot_state_publisher-13] [INFO] [1748351714.479646242] [right.robot_state_publisher]: got segment right_summit_base_logo_left
[robot_state_publisher-13] [INFO] [1748351714.479666127] [right.robot_state_publisher]: got segment right_summit_base_logo_rear
[robot_state_publisher-13] [INFO] [1748351714.479685151] [right.robot_state_publisher]: got segment right_summit_base_logo_right
[robot_state_publisher-13] [INFO] [1748351714.479704286] [right.robot_state_publisher]: got segment right_summit_front_laser_base_link
[robot_state_publisher-13] [INFO] [1748351714.479722153] [right.robot_state_publisher]: got segment right_summit_front_laser_link
[robot_state_publisher-13] [INFO] [1748351714.479741978] [right.robot_state_publisher]: got segment right_summit_front_left_wheel_link
[robot_state_publisher-13] [INFO] [1748351714.479761078] [right.robot_state_publisher]: got segment right_summit_front_right_wheel_link
[robot_state_publisher-13] [INFO] [1748351714.479779576] [right.robot_state_publisher]: got segment right_summit_imu_link
[robot_state_publisher-13] [INFO] [1748351714.479797725] [right.robot_state_publisher]: got segment right_summit_rear_laser_base_link
[robot_state_publisher-13] [INFO] [1748351714.479815356] [right.robot_state_publisher]: got segment right_summit_rear_laser_link
[robot_state_publisher-13] [INFO] [1748351714.479833089] [right.robot_state_publisher]: got segment ur_right_base
[robot_state_publisher-13] [INFO] [1748351714.479851743] [right.robot_state_publisher]: got segment ur_right_base_link
[robot_state_publisher-13] [INFO] [1748351714.479869815] [right.robot_state_publisher]: got segment ur_right_base_link_inertia
[robot_state_publisher-13] [INFO] [1748351714.479887328] [right.robot_state_publisher]: got segment ur_right_finger_left
[robot_state_publisher-13] [INFO] [1748351714.479905422] [right.robot_state_publisher]: got segment ur_right_finger_right
[robot_state_publisher-13] [INFO] [1748351714.479923025] [right.robot_state_publisher]: got segment ur_right_finger_tip
[robot_state_publisher-13] [INFO] [1748351714.479940618] [right.robot_state_publisher]: got segment ur_right_flange
[robot_state_publisher-13] [INFO] [1748351714.479958624] [right.robot_state_publisher]: got segment ur_right_forearm_link
[robot_state_publisher-13] [INFO] [1748351714.479978340] [right.robot_state_publisher]: got segment ur_right_ft_frame
[robot_state_publisher-13] [INFO] [1748351714.479999211] [right.robot_state_publisher]: got segment ur_right_robotiq_hand
[robot_state_publisher-13] [INFO] [1748351714.480019089] [right.robot_state_publisher]: got segment ur_right_shoulder_link
[robot_state_publisher-13] [INFO] [1748351714.480039475] [right.robot_state_publisher]: got segment ur_right_tool0
[robot_state_publisher-13] [INFO] [1748351714.480058607] [right.robot_state_publisher]: got segment ur_right_upper_arm_link
[robot_state_publisher-13] [INFO] [1748351714.480078255] [right.robot_state_publisher]: got segment ur_right_wrist_1_link
[robot_state_publisher-13] [INFO] [1748351714.480096885] [right.robot_state_publisher]: got segment ur_right_wrist_2_link
[robot_state_publisher-13] [INFO] [1748351714.480117503] [right.robot_state_publisher]: got segment ur_right_wrist_3_link
[move_group-22] [INFO] [1748351714.707663094] [moveit_rdf_loader.rdf_loader]: Loaded robot model in 0.262246 seconds
[move_group-22] [INFO] [1748351714.707814633] [moveit_robot_model.robot_model]: Loading robot model 'srm'...
[move_group-22] [WARN] [1748351714.707850629] [moveit_robot_model.robot_model]: Skipping virtual joint 'Vjoint_left' because its child frame 'left_summit_base_footprint' does not match the URDF frame 'world'
[move_group-22] [WARN] [1748351714.707865256] [moveit_robot_model.robot_model]: Skipping virtual joint 'Vjoint_right' because its child frame 'right_summit_base_footprint' does not match the URDF frame 'world'
[move_group-22] [INFO] [1748351714.707875076] [moveit_robot_model.robot_model]: No root/virtual joint specified in SRDF. Assuming fixed joint
[move_group-22] [WARN] [1748351714.707951775] [moveit_robot_model.robot_model]: Link left_summit_base_footprint has visual geometry but no collision geometry. Collision geometry will be left empty. Fix your URDF file by explicitly specifying collision geometry.
[move_group-22] [WARN] [1748351714.733944213] [moveit_robot_model.robot_model]: Link left_summit_base_logo_front has visual geometry but no collision geometry. Collision geometry will be left empty. Fix your URDF file by explicitly specifying collision geometry.
[move_group-22] [WARN] [1748351714.735251925] [moveit_robot_model.robot_model]: Link left_summit_base_logo_left has visual geometry but no collision geometry. Collision geometry will be left empty. Fix your URDF file by explicitly specifying collision geometry.
[move_group-22] [WARN] [1748351714.736247781] [moveit_robot_model.robot_model]: Link left_summit_base_logo_rear has visual geometry but no collision geometry. Collision geometry will be left empty. Fix your URDF file by explicitly specifying collision geometry.
[move_group-22] [WARN] [1748351714.737272702] [moveit_robot_model.robot_model]: Link left_summit_base_logo_right has visual geometry but no collision geometry. Collision geometry will be left empty. Fix your URDF file by explicitly specifying collision geometry.
[move_group-22] [WARN] [1748351714.738407193] [moveit_robot_model.robot_model]: Link left_summit_base_chapa has visual geometry but no collision geometry. Collision geometry will be left empty. Fix your URDF file by explicitly specifying collision geometry.
[move_group-22] [WARN] [1748351714.746194037] [moveit_robot_model.robot_model]: Link left_summit_imu_link has visual geometry but no collision geometry. Collision geometry will be left empty. Fix your URDF file by explicitly specifying collision geometry.
[move_group-22] [WARN] [1748351715.077530490] [moveit_robot_model.robot_model]: Link right_summit_base_footprint has visual geometry but no collision geometry. Collision geometry will be left empty. Fix your URDF file by explicitly specifying collision geometry.
[move_group-22] [WARN] [1748351715.081317558] [moveit_robot_model.robot_model]: Link right_summit_base_logo_front has visual geometry but no collision geometry. Collision geometry will be left empty. Fix your URDF file by explicitly specifying collision geometry.
[move_group-22] [WARN] [1748351715.081370844] [moveit_robot_model.robot_model]: Link right_summit_base_logo_left has visual geometry but no collision geometry. Collision geometry will be left empty. Fix your URDF file by explicitly specifying collision geometry.
[move_group-22] [WARN] [1748351715.081389902] [moveit_robot_model.robot_model]: Link right_summit_base_logo_rear has visual geometry but no collision geometry. Collision geometry will be left empty. Fix your URDF file by explicitly specifying collision geometry.
[move_group-22] [WARN] [1748351715.081406924] [moveit_robot_model.robot_model]: Link right_summit_base_logo_right has visual geometry but no collision geometry. Collision geometry will be left empty. Fix your URDF file by explicitly specifying collision geometry.
[move_group-22] [WARN] [1748351715.081424502] [moveit_robot_model.robot_model]: Link right_summit_base_chapa has visual geometry but no collision geometry. Collision geometry will be left empty. Fix your URDF file by explicitly specifying collision geometry.
[move_group-22] [WARN] [1748351715.087548783] [moveit_robot_model.robot_model]: Link right_summit_imu_link has visual geometry but no collision geometry. Collision geometry will be left empty. Fix your URDF file by explicitly specifying collision geometry.
[move_group-22] [ERROR] [1748351715.479648817] [moveit_kinematics_base.kinematics_base]: Group 'srm_r_base' is not a chain
[move_group-22] [ERROR] [1748351715.479705683] [kinematics_plugin_loader]: Kinematics solver of type 'kdl_kinematics_plugin/KDLKinematicsPlugin' could not be initialized for group 'srm_r_base'
[move_group-22] [ERROR] [1748351715.479735922] [moveit_ros.robot_model_loader]: Kinematics solver could not be instantiated for joint group srm_r_base.
[move_group-22] [ERROR] [1748351715.510918839] [moveit_kinematics_base.kinematics_base]: Group 'srm_l_base' is not a chain
[move_group-22] [ERROR] [1748351715.510966375] [kinematics_plugin_loader]: Kinematics solver of type 'kdl_kinematics_plugin/KDLKinematicsPlugin' could not be initialized for group 'srm_l_base'
[move_group-22] [ERROR] [1748351715.510983905] [moveit_ros.robot_model_loader]: Kinematics solver could not be instantiated for joint group srm_l_base.
[spawn_entity.py-3] [INFO] [1748351715.624217353] [left]: Spawn Entity started
[spawn_entity.py-3] [INFO] [1748351715.625528651] [left]: Loading entity published on topic /left/robot_description
[spawn_entity.py-3] /opt/ros/humble/local/lib/python3.10/dist-packages/rclpy/qos.py:307: UserWarning: DurabilityPolicy.RMW_QOS_POLICY_DURABILITY_TRANSIENT_LOCAL is deprecated. Use DurabilityPolicy.TRANSIENT_LOCAL instead.
[spawn_entity.py-3]   warnings.warn(
[spawn_entity.py-3] [INFO] [1748351715.639640098] [left]: Waiting for entity xml on /left/robot_description
[spawn_entity.py-3] [INFO] [1748351715.649181357] [left]: Waiting for service /spawn_entity, timeout = 5
[spawn_entity.py-3] [INFO] [1748351715.651812052] [left]: Waiting for service /spawn_entity
[spawn_entity.py-12] [INFO] [1748351715.684299206] [right]: Spawn Entity started
[spawn_entity.py-12] [INFO] [1748351715.687232698] [right]: Loading entity published on topic /right/robot_description
[spawn_entity.py-12] /opt/ros/humble/local/lib/python3.10/dist-packages/rclpy/qos.py:307: UserWarning: DurabilityPolicy.RMW_QOS_POLICY_DURABILITY_TRANSIENT_LOCAL is deprecated. Use DurabilityPolicy.TRANSIENT_LOCAL instead.
[spawn_entity.py-12]   warnings.warn(
[spawn_entity.py-12] [INFO] [1748351715.700544694] [right]: Waiting for entity xml on /right/robot_description
[spawner-19] [INFO] [1748351715.765034491] [right.spawner_joint_state_broadcaster]: waiting for service /right/controller_manager/list_controllers to become available...
[spawner-20] [INFO] [1748351715.780739113] [right.spawner_ur_right_joint_group_vel_controller]: waiting for service /right/controller_manager/list_controllers to become available...
[spawner-10] [INFO] [1748351715.781272660] [left.spawner_joint_state_broadcaster]: waiting for service /left/controller_manager/list_controllers to become available...
[spawner-11] [INFO] [1748351715.802022316] [left.spawner_ur_left_joint_group_vel_controller]: waiting for service /left/controller_manager/list_controllers to become available...
[spawn_entity.py-12] [INFO] [1748351715.875980572] [right]: Waiting for service /spawn_entity, timeout = 5
[spawn_entity.py-12] [INFO] [1748351715.877351558] [right]: Waiting for service /spawn_entity
[rviz2-21] [INFO] [1748351715.993520796] [rviz2]: Stereo is NOT SUPPORTED
[rviz2-21] [INFO] [1748351715.993768260] [rviz2]: OpenGl version: 4.6 (GLSL 4.6)
[rviz2-21] [INFO] [1748351716.066861654] [rviz2]: Stereo is NOT SUPPORTED
[move_group-22] [INFO] [1748351716.655456777] [moveit_ros.planning_scene_monitor.planning_scene_monitor]: Publishing maintained planning scene on 'monitored_planning_scene'
[move_group-22] [INFO] [1748351716.655866606] [moveit.ros_planning_interface.moveit_cpp]: Listening to 'joint_states' for joint states
[move_group-22] [INFO] [1748351716.659097750] [moveit_ros.current_state_monitor]: Listening to joint states on topic 'joint_states'
[move_group-22] [INFO] [1748351716.661794892] [moveit_ros.planning_scene_monitor.planning_scene_monitor]: Listening to '/attached_collision_object' for attached collision objects
[move_group-22] [INFO] [1748351716.661852780] [moveit_ros.planning_scene_monitor.planning_scene_monitor]: Starting planning scene monitor
[move_group-22] [INFO] [1748351716.663952348] [moveit_ros.planning_scene_monitor.planning_scene_monitor]: Listening to '/planning_scene'
[move_group-22] [INFO] [1748351716.664004016] [moveit_ros.planning_scene_monitor.planning_scene_monitor]: Starting world geometry update monitor for collision objects, attached objects, octomap updates.
[move_group-22] [INFO] [1748351716.666117900] [moveit_ros.planning_scene_monitor.planning_scene_monitor]: Listening to 'collision_object'
[move_group-22] [INFO] [1748351716.668776635] [moveit_ros.planning_scene_monitor.planning_scene_monitor]: Listening to 'planning_scene_world' for planning scene world geometry
[move_group-22] [WARN] [1748351716.672406493] [moveit.ros.occupancy_map_monitor.middleware_handle]: Resolution not specified for Octomap. Assuming resolution = 0.1 instead
[rviz2-21] [WARN] [1748351717.291068149] [rcl.logging_rosout]: Publisher already registered for provided node name. If this is due to multiple nodes with the same name then all logs for that logger name will go out over the existing publisher. As soon as any node with that name is destructed it will unregister the publisher, preventing any further logs for that name from being published on the rosout topic.
[gzserver-1] [WARN] [1748351718.385891441] [rcl]: Found remap rule 'model_states:=model_states'. This syntax is deprecated. Use '--ros-args --remap model_states:=model_states' instead.
[gzserver-1] [WARN] [1748351718.386484018] [rcl]: Found remap rule 'link_states:=link_states'. This syntax is deprecated. Use '--ros-args --remap link_states:=link_states' instead.
[gzserver-1] [INFO] [1748351718.443817234] [state.gazebo_ros_state]: Publishing states of gazebo models at [/state/model_states]
[gzserver-1] [INFO] [1748351718.446219230] [state.gazebo_ros_state]: Publishing states of gazebo links at [/state/link_states]
[spawn_entity.py-3] [INFO] [1748351718.685424103] [left]: Calling service /spawn_entity
[spawn_entity.py-12] [INFO] [1748351718.898777773] [right]: Calling service /spawn_entity
[gzserver-1] [INFO] [1748351719.874085966] [left_summit_imu_imu_plugin]: <initial_orientation_as_reference> is unset, using default value of false to comply with REP 145 (world as orientation reference)
[move_group-22] [INFO] [1748351720.086040362] [moveit.ros_planning_interface.moveit_cpp]: Loading planning pipeline 'ompl'
[move_group-22] [INFO] [1748351720.161203611] [moveit.ros_planning.planning_pipeline]: Using planning interface 'OMPL'
[move_group-22] [INFO] [1748351720.175280426] [moveit_ros.add_time_optimal_parameterization]: Param 'ompl.path_tolerance' was not set. Using default value: 0.100000
[move_group-22] [INFO] [1748351720.175333020] [moveit_ros.add_time_optimal_parameterization]: Param 'ompl.resample_dt' was not set. Using default value: 0.100000
[move_group-22] [INFO] [1748351720.175351023] [moveit_ros.add_time_optimal_parameterization]: Param 'ompl.min_angle_change' was not set. Using default value: 0.001000
[move_group-22] [INFO] [1748351720.175430910] [moveit_ros.fix_workspace_bounds]: Param 'ompl.default_workspace_bounds' was not set. Using default value: 10.000000
[move_group-22] [INFO] [1748351720.175476765] [moveit_ros.fix_start_state_bounds]: Param 'ompl.start_state_max_bounds_error' was set to 0.100000
[move_group-22] [INFO] [1748351720.175494677] [moveit_ros.fix_start_state_bounds]: Param 'ompl.start_state_max_dt' was not set. Using default value: 0.500000
[move_group-22] [INFO] [1748351720.175530171] [moveit_ros.fix_start_state_collision]: Param 'ompl.start_state_max_dt' was not set. Using default value: 0.500000
[move_group-22] [INFO] [1748351720.175548513] [moveit_ros.fix_start_state_collision]: Param 'ompl.jiggle_fraction' was set to 0.050000
[move_group-22] [INFO] [1748351720.175581282] [moveit_ros.fix_start_state_collision]: Param 'ompl.max_sampling_attempts' was not set. Using default value: 100
[move_group-22] [INFO] [1748351720.175618546] [moveit.ros_planning.planning_pipeline]: Using planning request adapter 'Add Time Optimal Parameterization'
[move_group-22] [INFO] [1748351720.175637380] [moveit.ros_planning.planning_pipeline]: Using planning request adapter 'Resolve constraint frames to robot links'
[move_group-22] [INFO] [1748351720.175648371] [moveit.ros_planning.planning_pipeline]: Using planning request adapter 'Fix Workspace Bounds'
[move_group-22] [INFO] [1748351720.175732779] [moveit.ros_planning.planning_pipeline]: Using planning request adapter 'Fix Start State Bounds'
[move_group-22] [INFO] [1748351720.175747334] [moveit.ros_planning.planning_pipeline]: Using planning request adapter 'Fix Start State In Collision'
[move_group-22] [INFO] [1748351720.175757296] [moveit.ros_planning.planning_pipeline]: Using planning request adapter 'Fix Start State Path Constraints'
[move_group-22] [INFO] [1748351720.186833488] [moveit.ros_planning_interface.moveit_cpp]: Loading planning pipeline 'chomp'
[move_group-22] [INFO] [1748351720.214285827] [moveit.ros_planning.planning_pipeline]: Using planning interface 'CHOMP'
[move_group-22] [INFO] [1748351720.229036961] [moveit_ros.add_time_optimal_parameterization]: Param 'chomp.path_tolerance' was not set. Using default value: 0.100000
[move_group-22] [INFO] [1748351720.229080470] [moveit_ros.add_time_optimal_parameterization]: Param 'chomp.resample_dt' was not set. Using default value: 0.100000
[move_group-22] [INFO] [1748351720.229096421] [moveit_ros.add_time_optimal_parameterization]: Param 'chomp.min_angle_change' was not set. Using default value: 0.001000
[move_group-22] [INFO] [1748351720.229148132] [moveit_ros.fix_workspace_bounds]: Param 'chomp.default_workspace_bounds' was not set. Using default value: 10.000000
[move_group-22] [INFO] [1748351720.229192132] [moveit_ros.fix_start_state_bounds]: Param 'chomp.start_state_max_bounds_error' was set to 0.100000
[move_group-22] [INFO] [1748351720.229207365] [moveit_ros.fix_start_state_bounds]: Param 'chomp.start_state_max_dt' was not set. Using default value: 0.500000
[move_group-22] [INFO] [1748351720.229239427] [moveit_ros.fix_start_state_collision]: Param 'chomp.start_state_max_dt' was not set. Using default value: 0.500000
[move_group-22] [INFO] [1748351720.229255681] [moveit_ros.fix_start_state_collision]: Param 'chomp.jiggle_fraction' was set to 0.050000
[move_group-22] [INFO] [1748351720.229269546] [moveit_ros.fix_start_state_collision]: Param 'chomp.max_sampling_attempts' was not set. Using default value: 100
[move_group-22] [INFO] [1748351720.229297901] [moveit.ros_planning.planning_pipeline]: Using planning request adapter 'Add Time Optimal Parameterization'
[move_group-22] [INFO] [1748351720.229311479] [moveit.ros_planning.planning_pipeline]: Using planning request adapter 'Resolve constraint frames to robot links'
[move_group-22] [INFO] [1748351720.229320160] [moveit.ros_planning.planning_pipeline]: Using planning request adapter 'Fix Workspace Bounds'
[move_group-22] [INFO] [1748351720.229329506] [moveit.ros_planning.planning_pipeline]: Using planning request adapter 'Fix Start State Bounds'
[move_group-22] [INFO] [1748351720.229338286] [moveit.ros_planning.planning_pipeline]: Using planning request adapter 'Fix Start State In Collision'
[move_group-22] [INFO] [1748351720.229347033] [moveit.ros_planning.planning_pipeline]: Using planning request adapter 'Fix Start State Path Constraints'
[move_group-22] [INFO] [1748351720.235708258] [moveit.ros_planning_interface.moveit_cpp]: Loading planning pipeline 'pilz_industrial_motion_planner'
[move_group-22] [INFO] [1748351720.257806644] [moveit.pilz_industrial_motion_planner.joint_limits_aggregator]: Reading limits from namespace robot_description_planning
[move_group-22] [INFO] [1748351720.337949655] [moveit.pilz_industrial_motion_planner]: Available plugins: pilz_industrial_motion_planner/PlanningContextLoaderCIRC pilz_industrial_motion_planner/PlanningContextLoaderLIN pilz_industrial_motion_planner/PlanningContextLoaderPTP 
[move_group-22] [INFO] [1748351720.337994311] [moveit.pilz_industrial_motion_planner]: About to load: pilz_industrial_motion_planner/PlanningContextLoaderCIRC
[move_group-22] [INFO] [1748351720.342803408] [moveit.pilz_industrial_motion_planner]: Registered Algorithm [CIRC]
[move_group-22] [INFO] [1748351720.342855794] [moveit.pilz_industrial_motion_planner]: About to load: pilz_industrial_motion_planner/PlanningContextLoaderLIN
[move_group-22] [INFO] [1748351720.345221757] [moveit.pilz_industrial_motion_planner]: Registered Algorithm [LIN]
[move_group-22] [INFO] [1748351720.345261395] [moveit.pilz_industrial_motion_planner]: About to load: pilz_industrial_motion_planner/PlanningContextLoaderPTP
[move_group-22] [INFO] [1748351720.347272238] [moveit.pilz_industrial_motion_planner]: Registered Algorithm [PTP]
[move_group-22] [INFO] [1748351720.347332371] [moveit.ros_planning.planning_pipeline]: Using planning interface 'Pilz Industrial Motion Planner'
[move_group-22] [WARN] [1748351720.376553325] [moveit_ros.trajectory_execution_manager]: moveit_ros_control_interface/MoveItControllerManager is deprecated. Replace with `moveit_ros_control_interface/MoveItControllerManager.`
[spawn_entity.py-3] [INFO] [1748351720.421410572] [left]: Spawn status: SpawnEntity: Successfully spawned entity [left_robot]
[spawn_entity.py-3] [INFO] [1748351720.453970075] [left]: Calling service /unpause_physics
[move_group-22] [INFO] [1748351720.818138938] [moveit.plugins.ros_control_interface]: Started moveit_ros_control_interface::Ros2ControlManager for namespace 
[INFO] [spawn_entity.py-3]: process has finished cleanly [pid 1625]
[gzserver-1] [INFO] [1748351720.964414616] [left_summit.omni_steering]: Subscribed to [/left_summit/cmd_vel]
[gzserver-1] [INFO] [1748351720.973706484] [left_summit.omni_steering]: Advertise odometry on [/left_summit/odom]
[gzserver-1] [INFO] [1748351720.983856586] [left_summit.omni_steering]: Publishing odom transforms between [left_summit_odom] and [left_summit_base_footprint]
[gzserver-1] [INFO] [1748351721.064623481] [gazebo_ros2_control]: Loading gazebo_ros2_control plugin
[gzserver-1] [INFO] [1748351721.095671727] [left.left_gazebo_ros2_control]: Starting gazebo_ros2_control plugin in namespace: /left
[gzserver-1] [INFO] [1748351721.095826823] [left.left_gazebo_ros2_control]: Starting gazebo_ros2_control plugin in ros 2 node: left_gazebo_ros2_control
[gzserver-1] [INFO] [1748351721.121262135] [left.left_gazebo_ros2_control]: connected to service!! robot_state_publisher
[gzserver-1] [INFO] [1748351721.127846554] [left.left_gazebo_ros2_control]: Received urdf from param server, parsing...
[gzserver-1] [INFO] [1748351721.129503395] [left.left_gazebo_ros2_control]: Loading parameter files /ros2_ws/install/ur/share/ur/config/left_controller.yaml
[gzserver-1] [INFO] [1748351721.197421140] [left.left_gazebo_ros2_control]: Loading joint: ur_left_shoulder_pan_joint
[gzserver-1] [INFO] [1748351721.198775159] [left.left_gazebo_ros2_control]: 	State:
[gzserver-1] [INFO] [1748351721.198931419] [left.left_gazebo_ros2_control]: 		 position
[gzserver-1] [INFO] [1748351721.200450676] [left.left_gazebo_ros2_control]: 			 found initial value: -1.400000
[gzserver-1] [INFO] [1748351721.200543345] [left.left_gazebo_ros2_control]: 		 velocity
[gzserver-1] [INFO] [1748351721.200969069] [left.left_gazebo_ros2_control]: 		 effort
[gzserver-1] [INFO] [1748351721.201161334] [left.left_gazebo_ros2_control]: 	Command:
[gzserver-1] [INFO] [1748351721.201197626] [left.left_gazebo_ros2_control]: 		 position
[gzserver-1] [INFO] [1748351721.202456767] [left.left_gazebo_ros2_control]: 		 velocity
[gzserver-1] [INFO] [1748351721.203333940] [left.left_gazebo_ros2_control]: Loading joint: ur_left_shoulder_lift_joint
[gzserver-1] [INFO] [1748351721.203407136] [left.left_gazebo_ros2_control]: 	State:
[gzserver-1] [INFO] [1748351721.203437161] [left.left_gazebo_ros2_control]: 		 position
[gzserver-1] [INFO] [1748351721.203474857] [left.left_gazebo_ros2_control]: 			 found initial value: -1.227838
[gzserver-1] [INFO] [1748351721.203514618] [left.left_gazebo_ros2_control]: 		 velocity
[gzserver-1] [INFO] [1748351721.203558957] [left.left_gazebo_ros2_control]: 		 effort
[gzserver-1] [INFO] [1748351721.203591230] [left.left_gazebo_ros2_control]: 	Command:
[gzserver-1] [INFO] [1748351721.203618035] [left.left_gazebo_ros2_control]: 		 position
[gzserver-1] [INFO] [1748351721.203706193] [left.left_gazebo_ros2_control]: 		 velocity
[gzserver-1] [INFO] [1748351721.203755879] [left.left_gazebo_ros2_control]: Loading joint: ur_left_elbow_joint
[gzserver-1] [INFO] [1748351721.203786391] [left.left_gazebo_ros2_control]: 	State:
[gzserver-1] [INFO] [1748351721.203812405] [left.left_gazebo_ros2_control]: 		 position
[gzserver-1] [INFO] [1748351721.203843166] [left.left_gazebo_ros2_control]: 			 found initial value: -1.791046
[gzserver-1] [INFO] [1748351721.203875336] [left.left_gazebo_ros2_control]: 		 velocity
[gzserver-1] [INFO] [1748351721.203905215] [left.left_gazebo_ros2_control]: 		 effort
[gzserver-1] [INFO] [1748351721.203964144] [left.left_gazebo_ros2_control]: 	Command:
[gzserver-1] [INFO] [1748351721.203996096] [left.left_gazebo_ros2_control]: 		 position
[gzserver-1] [INFO] [1748351721.204061293] [left.left_gazebo_ros2_control]: 		 velocity
[gzserver-1] [INFO] [1748351721.204106604] [left.left_gazebo_ros2_control]: Loading joint: ur_left_wrist_1_joint
[gzserver-1] [INFO] [1748351721.204139992] [left.left_gazebo_ros2_control]: 	State:
[gzserver-1] [INFO] [1748351721.204231728] [left.left_gazebo_ros2_control]: 		 position
[gzserver-1] [INFO] [1748351721.204266626] [left.left_gazebo_ros2_control]: 			 found initial value: -1.447073
[gzserver-1] [INFO] [1748351721.204303760] [left.left_gazebo_ros2_control]: 		 velocity
[gzserver-1] [INFO] [1748351721.204337029] [left.left_gazebo_ros2_control]: 		 effort
[gzserver-1] [INFO] [1748351721.204386333] [left.left_gazebo_ros2_control]: 	Command:
[gzserver-1] [INFO] [1748351721.204414898] [left.left_gazebo_ros2_control]: 		 position
[gzserver-1] [INFO] [1748351721.204471565] [left.left_gazebo_ros2_control]: 		 velocity
[gzserver-1] [INFO] [1748351721.204520716] [left.left_gazebo_ros2_control]: Loading joint: ur_left_wrist_2_joint
[gzserver-1] [INFO] [1748351721.204551850] [left.left_gazebo_ros2_control]: 	State:
[gzserver-1] [INFO] [1748351721.204577973] [left.left_gazebo_ros2_control]: 		 position
[gzserver-1] [INFO] [1748351721.204606180] [left.left_gazebo_ros2_control]: 			 found initial value: 1.900333
[gzserver-1] [INFO] [1748351721.204637734] [left.left_gazebo_ros2_control]: 		 velocity
[gzserver-1] [INFO] [1748351721.204666429] [left.left_gazebo_ros2_control]: 		 effort
[gzserver-1] [INFO] [1748351721.204695050] [left.left_gazebo_ros2_control]: 	Command:
[gzserver-1] [INFO] [1748351721.204721358] [left.left_gazebo_ros2_control]: 		 position
[gzserver-1] [INFO] [1748351721.204781527] [left.left_gazebo_ros2_control]: 		 velocity
[gzserver-1] [INFO] [1748351721.204828904] [left.left_gazebo_ros2_control]: Loading joint: ur_left_wrist_3_joint
[gzserver-1] [INFO] [1748351721.204864273] [left.left_gazebo_ros2_control]: 	State:
[gzserver-1] [INFO] [1748351721.204893992] [left.left_gazebo_ros2_control]: 		 position
[gzserver-1] [INFO] [1748351721.204925046] [left.left_gazebo_ros2_control]: 			 found initial value: -0.755379
[gzserver-1] [INFO] [1748351721.204959762] [left.left_gazebo_ros2_control]: 		 velocity
[gzserver-1] [INFO] [1748351721.205013011] [left.left_gazebo_ros2_control]: 		 effort
[gzserver-1] [INFO] [1748351721.205048031] [left.left_gazebo_ros2_control]: 	Command:
[gzserver-1] [INFO] [1748351721.205078975] [left.left_gazebo_ros2_control]: 		 position
[gzserver-1] [INFO] [1748351721.205131694] [left.left_gazebo_ros2_control]: 		 velocity
[gzserver-1] [INFO] [1748351721.208011088] [resource_manager]: Initialize hardware 'left_ur' 
[gzserver-1] [INFO] [1748351721.212795324] [resource_manager]: Successful initialization of hardware 'left_ur'
[gzserver-1] [INFO] [1748351721.228814480] [resource_manager]: 'configure' hardware 'left_ur' 
[gzserver-1] [INFO] [1748351721.229204653] [resource_manager]: Successful 'configure' of hardware 'left_ur'
[gzserver-1] [INFO] [1748351721.229592572] [resource_manager]: 'activate' hardware 'left_ur' 
[gzserver-1] [INFO] [1748351721.229623715] [resource_manager]: Successful 'activate' of hardware 'left_ur'
[gzserver-1] [INFO] [1748351721.231322782] [left.left_gazebo_ros2_control]: Loading controller_manager
[gzserver-1] [WARN] [1748351721.433930188] [left.left_gazebo_ros2_control]:  Desired controller update period (0.002 s) is slower than the gazebo simulation period (0.001 s).
[gzserver-1] [INFO] [1748351721.441377783] [left.left_gazebo_ros2_control]: Loaded gazebo_ros2_control.
[gzserver-1] [INFO] [1748351721.559810672] [left.controller_manager]: Loading controller 'joint_state_broadcaster'
[move_group-22] [WARN] [1748351721.841107048] [moveit.plugins.ros_control_interface]: Failed to read controllers from /controller_manager/list_controllers within 1 seconds
[gzserver-1] [INFO] [1748351722.295928263] [right_summit_imu_imu_plugin]: <initial_orientation_as_reference> is unset, using default value of false to comply with REP 145 (world as orientation reference)
[spawn_entity.py-12] [INFO] [1748351722.721671998] [right]: Spawn status: SpawnEntity: Successfully spawned entity [right_robot]
[spawn_entity.py-12] [INFO] [1748351722.737048729] [right]: Calling service /unpause_physics
[move_group-22] [WARN] [1748351722.841683209] [moveit.plugins.ros_control_interface]: Failed to read controllers from /controller_manager/list_controllers within 1 seconds
[INFO] [spawn_entity.py-12]: process has finished cleanly [pid 1679]
[move_group-22] [WARN] [1748351723.841906170] [moveit.plugins.ros_control_interface]: Failed to read controllers from /controller_manager/list_controllers within 1 seconds
[move_group-22] [INFO] [1748351723.844957174] [moveit_ros.trajectory_execution_manager]: Trajectory execution is managing controllers
[move_group-22] [INFO] [1748351723.845025221] [move_group.move_group]: MoveGroup debug mode is ON
[move_group-22] [INFO] [1748351723.953268835] [move_group.move_group]: 
[move_group-22] 
[move_group-22] ********************************************************
[move_group-22] * MoveGroup using: 
[move_group-22] *     - ApplyPlanningSceneService
[move_group-22] *     - ClearOctomapService
[move_group-22] *     - ExecuteTaskSolution
[move_group-22] *     - CartesianPathService
[move_group-22] *     - ExecuteTrajectoryAction
[move_group-22] *     - GetPlanningSceneService
[move_group-22] *     - KinematicsService
[move_group-22] *     - MoveAction
[move_group-22] *     - MotionPlanService
[move_group-22] *     - QueryPlannersService
[move_group-22] *     - StateValidationService
[move_group-22] ********************************************************
[move_group-22] 
[move_group-22] [INFO] [1748351723.953355903] [moveit_move_group_capabilities_base.move_group_context]: MoveGroup context using planning plugin ompl_interface/OMPLPlanner
[move_group-22] [INFO] [1748351723.953375685] [moveit_move_group_capabilities_base.move_group_context]: MoveGroup context initialization complete
[move_group-22] [96mLoading 'move_group/ApplyPlanningSceneService'...
[move_group-22] [0m[96mLoading 'move_group/ClearOctomapService'...
[move_group-22] [0m[96mLoading 'move_group/ExecuteTaskSolutionCapability'...
[move_group-22] [0m[96mLoading 'move_group/MoveGroupCartesianPathService'...
[move_group-22] [0m[96mLoading 'move_group/MoveGroupExecuteTrajectoryAction'...
[move_group-22] [0m[96mLoading 'move_group/MoveGroupGetPlanningSceneService'...
[move_group-22] [0m[96mLoading 'move_group/MoveGroupKinematicsService'...
[move_group-22] [0m[96mLoading 'move_group/MoveGroupMoveAction'...
[move_group-22] [0m[96mLoading 'move_group/MoveGroupPlanService'...
[move_group-22] [0m[96mLoading 'move_group/MoveGroupQueryPlannersService'...
[move_group-22] [0m[96mLoading 'move_group/MoveGroupStateValidationService'...
[move_group-22] [0m[92m
[move_group-22] You can start planning now!
[move_group-22] 
[spawner-19] [FATAL] [1748351725.784193616] [right.spawner_joint_state_broadcaster]: Could not contact service /right/controller_manager/list_controllers
[spawner-20] [WARN] [1748351725.802759892] [right.spawner_ur_right_joint_group_vel_controller]: Could not contact service /right/controller_manager/list_controllers
[spawner-20] [INFO] [1748351725.804687931] [right.spawner_ur_right_joint_group_vel_controller]: waiting for service /right/controller_manager/list_controllers to become available...
[ERROR] [spawner-19]: process has died [pid 1722, exit code 1, cmd '/ros2_ws/install/controller_manager/lib/controller_manager/spawner joint_state_broadcaster -c /right/controller_manager --controller-manager-timeout 10 --ros-args -r __ns:=/right'].
[rviz2-21] [ERROR] [1748351727.360430626] [rviz2]: Could not find parameter robot_description and did not receive robot_description via std_msgs::msg::String subscription within 10.000000 seconds.
[WARNING] [launch]: user interrupted with ctrl-c (SIGINT)
[rviz2-21] [INFO] [1748351730.275341525] [rclcpp]: signal_handler(signum=2)
[move_group-22] [INFO] [1748351730.275347960] [rclcpp]: signal_handler(signum=2)
[static_transform_publisher-18] [INFO] [1748351730.275348162] [rclcpp]: signal_handler(signum=2)
[static_transform_publisher-17] [INFO] [1748351730.275353049] [rclcpp]: signal_handler(signum=2)
[static_transform_publisher-14] [INFO] [1748351730.275408973] [rclcpp]: signal_handler(signum=2)
[static_transform_publisher-16] [INFO] [1748351730.275438890] [rclcpp]: signal_handler(signum=2)
[static_transform_publisher-15] [INFO] [1748351730.275467602] [rclcpp]: signal_handler(signum=2)
[static_transform_publisher-9] [INFO] [1748351730.275532527] [rclcpp]: signal_handler(signum=2)
[static_transform_publisher-7] [INFO] [1748351730.275627448] [rclcpp]: signal_handler(signum=2)
[static_transform_publisher-5] [INFO] [1748351730.275722319] [rclcpp]: signal_handler(signum=2)
[robot_state_publisher-4] [INFO] [1748351730.275806529] [rclcpp]: signal_handler(signum=2)
[robot_state_publisher-13] [INFO] [1748351730.276007011] [rclcpp]: signal_handler(signum=2)
[static_transform_publisher-8] [INFO] [1748351730.276150929] [rclcpp]: signal_handler(signum=2)
[static_transform_publisher-6] [INFO] [1748351730.276252546] [rclcpp]: signal_handler(signum=2)
[move_group-22] [INFO] [1748351730.459019534] [moveit.ros_planning_interface.moveit_cpp]: Deleting MoveItCpp
[move_group-22] [INFO] [1748351730.461557001] [moveit_ros.planning_scene_monitor.planning_scene_monitor]: Stopped publishing maintained planning scene.
[move_group-22] [INFO] [1748351730.465526387] [moveit_ros.planning_scene_monitor.planning_scene_monitor]: Stopping world geometry monitor
[move_group-22] [INFO] [1748351730.471073557] [moveit_ros.planning_scene_monitor.planning_scene_monitor]: Stopping planning scene monitor
[move_group-22] Warning: class_loader.ClassLoader: SEVERE WARNING!!! Attempting to unload library while objects created by this loader exist in the heap! You should delete your objects before attempting to unload the library or destroying the ClassLoader. The library will NOT be unloaded.
[move_group-22]          at line 127 in ./src/class_loader.cpp
[INFO] [static_transform_publisher-15]: process has finished cleanly [pid 1698]
[INFO] [static_transform_publisher-8]: process has finished cleanly [pid 1635]
[INFO] [static_transform_publisher-9]: process has finished cleanly [pid 1637]
[INFO] [static_transform_publisher-17]: process has finished cleanly [pid 1709]
[INFO] [static_transform_publisher-18]: process has finished cleanly [pid 1716]
[INFO] [static_transform_publisher-5]: process has finished cleanly [pid 1629]
[INFO] [static_transform_publisher-16]: process has finished cleanly [pid 1706]
[INFO] [static_transform_publisher-7]: process has finished cleanly [pid 1633]
[INFO] [static_transform_publisher-14]: process has finished cleanly [pid 1696]
[INFO] [static_transform_publisher-6]: process has finished cleanly [pid 1631]
[INFO] [robot_state_publisher-13]: process has finished cleanly [pid 1682]
[INFO] [robot_state_publisher-4]: process has finished cleanly [pid 1627]
[move_group-22] Stack trace (most recent call last):
[move_group-22] #11   Object "/usr/lib/x86_64-linux-gnu/ld-linux-x86-64.so.2", at 0xffffffffffffffff, in 
[move_group-22] #10   Object "/ros2_ws/build/moveit_ros_move_group/move_group", at 0x55dd9c662eb4, in _start
[move_group-22] #9    Object "/usr/lib/x86_64-linux-gnu/libc.so.6", at 0x7fee2ef8be3f, in __libc_start_main
[move_group-22] #8    Object "/usr/lib/x86_64-linux-gnu/libc.so.6", at 0x7fee2ef8bd8f, in 
[move_group-22] #7    Object "/ros2_ws/build/moveit_ros_move_group/move_group", at 0x55dd9c662483, in main
[move_group-22] #6    Object "/ros2_ws/build/moveit_ros_move_group/move_group", at 0x55dd9c6699c1, in std::_Sp_counted_base<(__gnu_cxx::_Lock_policy)2>::_M_release()
[move_group-22] #5    Object "/opt/ros/humble/lib/librclcpp.so", at 0x7fee2f50384e, in rclcpp::Node::~Node()
[move_group-22] #4    Object "/opt/ros/humble/lib/librclcpp.so", at 0x7fee2f4dec69, in 
[move_group-22] #3    Object "/opt/ros/humble/lib/librclcpp.so", at 0x7fee2f50cef9, in 
[move_group-22] #2    Object "/opt/ros/humble/lib/librclcpp.so", at 0x7fee2f50ce40, in rclcpp::node_interfaces::NodeBase::~NodeBase()
[move_group-22] #1    Object "/opt/ros/humble/lib/librclcpp.so", at 0x7fee2f4dec69, in 
[move_group-22] #0    Object "/opt/ros/humble/lib/librclcpp.so", at 0x7fee2f4e39e1, in rclcpp::CallbackGroup::~CallbackGroup()
[move_group-22] Segmentation fault (Address not mapped to object [0x7fee243b2c70])
[INFO] [spawner-20]: process has finished cleanly [pid 1745]
[INFO] [spawner-11]: process has finished cleanly [pid 1672]
[INFO] [spawner-10]: process has finished cleanly [pid 1655]
[ERROR] [move_group-22]: process[move_group-22] failed to terminate '5' seconds after receiving 'SIGINT', escalating to 'SIGTERM'
[ERROR] [rviz2-21]: process[rviz2-21] failed to terminate '5' seconds after receiving 'SIGINT', escalating to 'SIGTERM'
[ERROR] [gzclient-2]: process[gzclient-2] failed to terminate '5' seconds after receiving 'SIGINT', escalating to 'SIGTERM'
[INFO] [move_group-22]: sending signal 'SIGTERM' to process[move_group-22]
[ERROR] [gzserver-1]: process[gzserver-1] failed to terminate '5' seconds after receiving 'SIGINT', escalating to 'SIGTERM'
[INFO] [rviz2-21]: sending signal 'SIGTERM' to process[rviz2-21]
[INFO] [gzclient-2]: sending signal 'SIGTERM' to process[gzclient-2]
[INFO] [gzserver-1]: sending signal 'SIGTERM' to process[gzserver-1]
[ERROR] [rviz2-21]: process has died [pid 1766, exit code -15, cmd '/opt/ros/humble/lib/rviz2/rviz2 -d /ros2_ws/install/ur/share/ur/rviz/rviz_config.rviz --ros-args -r __node:=rviz2 --params-file /tmp/launch_params_vaw79kte --params-file /tmp/launch_params_vtz8418x'].
[ERROR] [move_group-22]: process[move_group-22] failed to terminate '10.0' seconds after receiving 'SIGTERM', escalating to 'SIGKILL'
[INFO] [move_group-22]: sending signal 'SIGKILL' to process[move_group-22]
[ERROR] [gzclient-2]: process[gzclient-2] failed to terminate '10.0' seconds after receiving 'SIGTERM', escalating to 'SIGKILL'
[ERROR] [gzserver-1]: process[gzserver-1] failed to terminate '10.0' seconds after receiving 'SIGTERM', escalating to 'SIGKILL'
[INFO] [gzclient-2]: sending signal 'SIGKILL' to process[gzclient-2]
[INFO] [gzserver-1]: sending signal 'SIGKILL' to process[gzserver-1]
[ERROR] [move_group-22]: process has died [pid 1769, exit code -9, cmd '/ros2_ws/install/moveit_ros_move_group/lib/moveit_ros_move_group/move_group --ros-args --params-file /tmp/launch_params_gdo4r4pg --params-file /tmp/launch_params_5eudvy59 --params-file /tmp/launch_params_587obddq --params-file /tmp/launch_params_e3kuqoh0 --params-file /tmp/launch_params_sdvx0y_i'].
[move_group-22] [0m
[ERROR] [gzclient-2]: process has died [pid 1623, exit code -9, cmd 'gzclient'].
[ERROR] [gzserver-1]: process has died [pid 1621, exit code -9, cmd 'gzserver /ros2_ws/install/ur/share/ur/xacro/gazebo.world --physics False -slibgazebo_ros_init.so -slibgazebo_ros_factory.so -slibgazebo_ros_force_system.so'].
