[INFO] [launch]: All log files can be found below /root/.ros/log/2025-05-22-12-20-09-039356-outlander-Aspire-V3-571G-148496
[INFO] [launch]: Default logging verbosity is set to INFO
[INFO] [gzserver-1]: process started with pid [148500]
[INFO] [gzclient-2]: process started with pid [148502]
[INFO] [spawn_entity.py-3]: process started with pid [148504]
[INFO] [robot_state_publisher-4]: process started with pid [148506]
[INFO] [static_transform_publisher-5]: process started with pid [148508]
[INFO] [static_transform_publisher-6]: process started with pid [148510]
[INFO] [static_transform_publisher-7]: process started with pid [148512]
[INFO] [static_transform_publisher-8]: process started with pid [148514]
[INFO] [static_transform_publisher-9]: process started with pid [148516]
[INFO] [spawner-10]: process started with pid [148518]
[INFO] [spawner-11]: process started with pid [148520]
[INFO] [spawn_entity.py-12]: process started with pid [148522]
[INFO] [robot_state_publisher-13]: process started with pid [148548]
[INFO] [static_transform_publisher-14]: process started with pid [148577]
[INFO] [static_transform_publisher-15]: process started with pid [148582]
[INFO] [static_transform_publisher-16]: process started with pid [148585]
[INFO] [static_transform_publisher-17]: process started with pid [148587]
[INFO] [static_transform_publisher-18]: process started with pid [148591]
[INFO] [spawner-19]: process started with pid [148603]
[INFO] [spawner-20]: process started with pid [148611]
[INFO] [rviz2-21]: process started with pid [148626]
[INFO] [move_group-22]: process started with pid [148636]
[robot_state_publisher-4] [INFO] [1747916413.734332480] [left.robot_state_publisher]: got segment left_summit_back_left_wheel_link
[robot_state_publisher-4] [INFO] [1747916413.734502961] [left.robot_state_publisher]: got segment left_summit_back_right_wheel_link
[robot_state_publisher-4] [INFO] [1747916413.734537125] [left.robot_state_publisher]: got segment left_summit_base_chapa
[robot_state_publisher-4] [INFO] [1747916413.734560700] [left.robot_state_publisher]: got segment left_summit_base_docking_contact
[robot_state_publisher-4] [INFO] [1747916413.734582422] [left.robot_state_publisher]: got segment left_summit_base_footprint
[robot_state_publisher-4] [INFO] [1747916413.734603125] [left.robot_state_publisher]: got segment left_summit_base_link
[robot_state_publisher-4] [INFO] [1747916413.734622418] [left.robot_state_publisher]: got segment left_summit_base_logo_front
[robot_state_publisher-4] [INFO] [1747916413.734639914] [left.robot_state_publisher]: got segment left_summit_base_logo_left
[robot_state_publisher-4] [INFO] [1747916413.734656752] [left.robot_state_publisher]: got segment left_summit_base_logo_rear
[robot_state_publisher-4] [INFO] [1747916413.734674634] [left.robot_state_publisher]: got segment left_summit_base_logo_right
[robot_state_publisher-4] [INFO] [1747916413.734692569] [left.robot_state_publisher]: got segment left_summit_front_laser_base_link
[robot_state_publisher-4] [INFO] [1747916413.734711290] [left.robot_state_publisher]: got segment left_summit_front_laser_link
[robot_state_publisher-4] [INFO] [1747916413.734729095] [left.robot_state_publisher]: got segment left_summit_front_left_wheel_link
[robot_state_publisher-4] [INFO] [1747916413.734746727] [left.robot_state_publisher]: got segment left_summit_front_right_wheel_link
[robot_state_publisher-4] [INFO] [1747916413.734764578] [left.robot_state_publisher]: got segment left_summit_imu_link
[robot_state_publisher-4] [INFO] [1747916413.734782397] [left.robot_state_publisher]: got segment left_summit_rear_laser_base_link
[robot_state_publisher-4] [INFO] [1747916413.734799584] [left.robot_state_publisher]: got segment left_summit_rear_laser_link
[robot_state_publisher-4] [INFO] [1747916413.734817922] [left.robot_state_publisher]: got segment ur_left_base
[robot_state_publisher-4] [INFO] [1747916413.734836836] [left.robot_state_publisher]: got segment ur_left_base_link
[robot_state_publisher-4] [INFO] [1747916413.734854342] [left.robot_state_publisher]: got segment ur_left_base_link_inertia
[robot_state_publisher-4] [INFO] [1747916413.734871456] [left.robot_state_publisher]: got segment ur_left_finger_left
[robot_state_publisher-4] [INFO] [1747916413.734888083] [left.robot_state_publisher]: got segment ur_left_finger_right
[robot_state_publisher-4] [INFO] [1747916413.734904890] [left.robot_state_publisher]: got segment ur_left_finger_tip
[robot_state_publisher-4] [INFO] [1747916413.734923408] [left.robot_state_publisher]: got segment ur_left_flange
[robot_state_publisher-4] [INFO] [1747916413.734941362] [left.robot_state_publisher]: got segment ur_left_forearm_link
[robot_state_publisher-4] [INFO] [1747916413.734959265] [left.robot_state_publisher]: got segment ur_left_ft_frame
[robot_state_publisher-4] [INFO] [1747916413.734976725] [left.robot_state_publisher]: got segment ur_left_robotiq_hand
[robot_state_publisher-4] [INFO] [1747916413.734995549] [left.robot_state_publisher]: got segment ur_left_shoulder_link
[robot_state_publisher-4] [INFO] [1747916413.735013776] [left.robot_state_publisher]: got segment ur_left_tool0
[robot_state_publisher-4] [INFO] [1747916413.735031706] [left.robot_state_publisher]: got segment ur_left_upper_arm_link
[robot_state_publisher-4] [INFO] [1747916413.735050026] [left.robot_state_publisher]: got segment ur_left_wrist_1_link
[robot_state_publisher-4] [INFO] [1747916413.735067262] [left.robot_state_publisher]: got segment ur_left_wrist_2_link
[robot_state_publisher-4] [INFO] [1747916413.735084806] [left.robot_state_publisher]: got segment ur_left_wrist_3_link
[static_transform_publisher-5] [WARN] [1747916413.627765017] []: Old-style arguments are deprecated; see --help for new-style arguments
[static_transform_publisher-5] [INFO] [1747916413.703745780] [left.static_transform_publisher]: Spinning until stopped - publishing transform
[static_transform_publisher-5] translation: ('-0.660000', '0.000000', '0.000000')
[static_transform_publisher-5] rotation: ('0.000000', '0.000000', '0.000000', '1.000000')
[static_transform_publisher-5] from 'world' to 'left_summit_odom'
[static_transform_publisher-6] [WARN] [1747916413.627814351] []: Old-style arguments are deprecated; see --help for new-style arguments
[static_transform_publisher-6] [INFO] [1747916413.688454984] [left_static_transform_publisher_back_left]: Spinning until stopped - publishing transform
[static_transform_publisher-6] translation: ('0.250000', '0.150000', '0.000000')
[static_transform_publisher-6] rotation: ('0.000000', '0.000000', '0.000000', '1.000000')
[static_transform_publisher-6] from 'left_summit_base_link' to 'left_summit_back_left_wheel_link'
[static_transform_publisher-7] [WARN] [1747916413.625448429] []: Old-style arguments are deprecated; see --help for new-style arguments
[static_transform_publisher-7] [INFO] [1747916413.706699699] [left_static_transform_publisher_back_right]: Spinning until stopped - publishing transform
[static_transform_publisher-7] translation: ('0.250000', '-0.150000', '0.000000')
[static_transform_publisher-7] rotation: ('0.000000', '0.000000', '0.000000', '1.000000')
[static_transform_publisher-7] from 'left_summit_base_link' to 'left_summit_back_right_wheel_link'
[static_transform_publisher-8] [WARN] [1747916413.631562583] []: Old-style arguments are deprecated; see --help for new-style arguments
[static_transform_publisher-8] [INFO] [1747916413.732544013] [left_static_transform_publisher_front_left]: Spinning until stopped - publishing transform
[static_transform_publisher-8] translation: ('-0.250000', '0.150000', '0.000000')
[static_transform_publisher-8] rotation: ('0.000000', '0.000000', '0.000000', '1.000000')
[static_transform_publisher-8] from 'left_summit_base_link' to 'left_summit_front_left_wheel_link'
[static_transform_publisher-9] [WARN] [1747916413.626311665] []: Old-style arguments are deprecated; see --help for new-style arguments
[static_transform_publisher-9] [INFO] [1747916413.751215624] [static_transform_publisher_front_right]: Spinning until stopped - publishing transform
[static_transform_publisher-9] translation: ('-0.250000', '-0.150000', '0.000000')
[static_transform_publisher-9] rotation: ('0.000000', '0.000000', '0.000000', '1.000000')
[static_transform_publisher-9] from 'left_summit_base_link' to 'left_summit_front_right_wheel_link'
[static_transform_publisher-14] [WARN] [1747916413.707399313] []: Old-style arguments are deprecated; see --help for new-style arguments
[static_transform_publisher-14] [INFO] [1747916413.762668728] [right.static_transform_publisher]: Spinning until stopped - publishing transform
[static_transform_publisher-14] translation: ('0.660000', '0.000000', '0.000000')
[static_transform_publisher-14] rotation: ('0.000000', '0.000000', '0.000000', '1.000000')
[static_transform_publisher-14] from 'world' to 'right_summit_odom'
[static_transform_publisher-15] [WARN] [1747916413.776089390] []: Old-style arguments are deprecated; see --help for new-style arguments
[static_transform_publisher-16] [WARN] [1747916413.727329053] []: Old-style arguments are deprecated; see --help for new-style arguments
[static_transform_publisher-16] [INFO] [1747916413.800850154] [right_static_transform_publisher_back_right]: Spinning until stopped - publishing transform
[static_transform_publisher-16] translation: ('0.250000', '-0.150000', '0.000000')
[static_transform_publisher-16] rotation: ('0.000000', '0.000000', '0.000000', '1.000000')
[static_transform_publisher-16] from 'right_summit_base_link' to 'right_summit_back_right_wheel_link'
[static_transform_publisher-17] [WARN] [1747916413.747192892] []: Old-style arguments are deprecated; see --help for new-style arguments
[static_transform_publisher-18] [WARN] [1747916413.807979357] []: Old-style arguments are deprecated; see --help for new-style arguments
[static_transform_publisher-17] [INFO] [1747916413.884640504] [right_static_transform_publisher_front_left]: Spinning until stopped - publishing transform
[static_transform_publisher-17] translation: ('-0.250000', '0.150000', '0.000000')
[static_transform_publisher-17] rotation: ('0.000000', '0.000000', '0.000000', '1.000000')
[static_transform_publisher-17] from 'right_summit_base_link' to 'right_summit_front_left_wheel_link'
[robot_state_publisher-13] [INFO] [1747916413.928191420] [right.robot_state_publisher]: got segment right_summit_back_left_wheel_link
[robot_state_publisher-13] [INFO] [1747916413.934361595] [right.robot_state_publisher]: got segment right_summit_back_right_wheel_link
[robot_state_publisher-13] [INFO] [1747916413.934422005] [right.robot_state_publisher]: got segment right_summit_base_chapa
[robot_state_publisher-13] [INFO] [1747916413.934446441] [right.robot_state_publisher]: got segment right_summit_base_docking_contact
[robot_state_publisher-13] [INFO] [1747916413.934466535] [right.robot_state_publisher]: got segment right_summit_base_footprint
[robot_state_publisher-13] [INFO] [1747916413.934484209] [right.robot_state_publisher]: got segment right_summit_base_link
[robot_state_publisher-13] [INFO] [1747916413.934548649] [right.robot_state_publisher]: got segment right_summit_base_logo_front
[robot_state_publisher-13] [INFO] [1747916413.934609831] [right.robot_state_publisher]: got segment right_summit_base_logo_left
[robot_state_publisher-13] [INFO] [1747916413.934658655] [right.robot_state_publisher]: got segment right_summit_base_logo_rear
[robot_state_publisher-13] [INFO] [1747916413.934679670] [right.robot_state_publisher]: got segment right_summit_base_logo_right
[robot_state_publisher-13] [INFO] [1747916413.934696590] [right.robot_state_publisher]: got segment right_summit_front_laser_base_link
[robot_state_publisher-13] [INFO] [1747916413.934714004] [right.robot_state_publisher]: got segment right_summit_front_laser_link
[robot_state_publisher-13] [INFO] [1747916413.934730532] [right.robot_state_publisher]: got segment right_summit_front_left_wheel_link
[robot_state_publisher-13] [INFO] [1747916413.934747473] [right.robot_state_publisher]: got segment right_summit_front_right_wheel_link
[robot_state_publisher-13] [INFO] [1747916413.934764642] [right.robot_state_publisher]: got segment right_summit_imu_link
[robot_state_publisher-13] [INFO] [1747916413.934781582] [right.robot_state_publisher]: got segment right_summit_rear_laser_base_link
[robot_state_publisher-13] [INFO] [1747916413.934798219] [right.robot_state_publisher]: got segment right_summit_rear_laser_link
[robot_state_publisher-13] [INFO] [1747916413.934815219] [right.robot_state_publisher]: got segment ur_right_base
[robot_state_publisher-13] [INFO] [1747916413.934830545] [right.robot_state_publisher]: got segment ur_right_base_link
[robot_state_publisher-13] [INFO] [1747916413.934996680] [right.robot_state_publisher]: got segment ur_right_base_link_inertia
[robot_state_publisher-13] [INFO] [1747916413.935014191] [right.robot_state_publisher]: got segment ur_right_finger_left
[robot_state_publisher-13] [INFO] [1747916413.935030339] [right.robot_state_publisher]: got segment ur_right_finger_right
[robot_state_publisher-13] [INFO] [1747916413.935045990] [right.robot_state_publisher]: got segment ur_right_finger_tip
[robot_state_publisher-13] [INFO] [1747916413.935061475] [right.robot_state_publisher]: got segment ur_right_flange
[robot_state_publisher-13] [INFO] [1747916413.935077376] [right.robot_state_publisher]: got segment ur_right_forearm_link
[robot_state_publisher-13] [INFO] [1747916413.935095602] [right.robot_state_publisher]: got segment ur_right_ft_frame
[robot_state_publisher-13] [INFO] [1747916413.935111297] [right.robot_state_publisher]: got segment ur_right_robotiq_hand
[robot_state_publisher-13] [INFO] [1747916413.935126444] [right.robot_state_publisher]: got segment ur_right_shoulder_link
[robot_state_publisher-13] [INFO] [1747916413.935141405] [right.robot_state_publisher]: got segment ur_right_tool0
[robot_state_publisher-13] [INFO] [1747916413.935156603] [right.robot_state_publisher]: got segment ur_right_upper_arm_link
[robot_state_publisher-13] [INFO] [1747916413.935172547] [right.robot_state_publisher]: got segment ur_right_wrist_1_link
[robot_state_publisher-13] [INFO] [1747916413.935188111] [right.robot_state_publisher]: got segment ur_right_wrist_2_link
[robot_state_publisher-13] [INFO] [1747916413.935203638] [right.robot_state_publisher]: got segment ur_right_wrist_3_link
[static_transform_publisher-15] [INFO] [1747916413.977687314] [right_static_transform_publisher_back_left]: Spinning until stopped - publishing transform
[static_transform_publisher-15] translation: ('0.250000', '0.150000', '0.000000')
[static_transform_publisher-15] rotation: ('0.000000', '0.000000', '0.000000', '1.000000')
[static_transform_publisher-15] from 'right_summit_base_link' to 'right_summit_back_left_wheel_link'
[static_transform_publisher-18] [INFO] [1747916413.984505549] [static_transform_publisher_front_right]: Spinning until stopped - publishing transform
[static_transform_publisher-18] translation: ('-0.250000', '-0.150000', '0.000000')
[static_transform_publisher-18] rotation: ('0.000000', '0.000000', '0.000000', '1.000000')
[static_transform_publisher-18] from 'right_summit_base_link' to 'right_summit_front_right_wheel_link'
[rviz2-21] QStandardPaths: XDG_RUNTIME_DIR not set, defaulting to '/tmp/runtime-root'
[move_group-22] [INFO] [1747916414.538084637] [moveit_rdf_loader.rdf_loader]: Loaded robot model in 0.0346604 seconds
[move_group-22] [INFO] [1747916414.538277230] [moveit_robot_model.robot_model]: Loading robot model 'srm'...
[move_group-22] [INFO] [1747916414.538307656] [moveit_robot_model.robot_model]: No root/virtual joint specified in SRDF. Assuming fixed joint
[move_group-22] [WARN] [1747916414.538413717] [moveit_robot_model.robot_model]: Link left_summit_base_footprint has visual geometry but no collision geometry. Collision geometry will be left empty. Fix your URDF file by explicitly specifying collision geometry.
[move_group-22] [WARN] [1747916414.549220016] [moveit_robot_model.robot_model]: Link left_summit_base_logo_front has visual geometry but no collision geometry. Collision geometry will be left empty. Fix your URDF file by explicitly specifying collision geometry.
[move_group-22] [WARN] [1747916414.549268799] [moveit_robot_model.robot_model]: Link left_summit_base_logo_left has visual geometry but no collision geometry. Collision geometry will be left empty. Fix your URDF file by explicitly specifying collision geometry.
[move_group-22] [WARN] [1747916414.549288806] [moveit_robot_model.robot_model]: Link left_summit_base_logo_rear has visual geometry but no collision geometry. Collision geometry will be left empty. Fix your URDF file by explicitly specifying collision geometry.
[move_group-22] [WARN] [1747916414.549305456] [moveit_robot_model.robot_model]: Link left_summit_base_logo_right has visual geometry but no collision geometry. Collision geometry will be left empty. Fix your URDF file by explicitly specifying collision geometry.
[move_group-22] [WARN] [1747916414.549320657] [moveit_robot_model.robot_model]: Link left_summit_base_chapa has visual geometry but no collision geometry. Collision geometry will be left empty. Fix your URDF file by explicitly specifying collision geometry.
[move_group-22] [WARN] [1747916414.570182985] [moveit_robot_model.robot_model]: Link left_summit_imu_link has visual geometry but no collision geometry. Collision geometry will be left empty. Fix your URDF file by explicitly specifying collision geometry.
[spawn_entity.py-3] [INFO] [1747916414.821403505] [left]: Spawn Entity started
[spawn_entity.py-3] [INFO] [1747916414.822758216] [left]: Loading entity published on topic /left/robot_description
[spawn_entity.py-3] /opt/ros/humble/local/lib/python3.10/dist-packages/rclpy/qos.py:307: UserWarning: DurabilityPolicy.RMW_QOS_POLICY_DURABILITY_TRANSIENT_LOCAL is deprecated. Use DurabilityPolicy.TRANSIENT_LOCAL instead.
[spawn_entity.py-3]   warnings.warn(
[spawn_entity.py-3] [INFO] [1747916414.830866314] [left]: Waiting for entity xml on /left/robot_description
[move_group-22] [WARN] [1747916414.858553165] [moveit_robot_model.robot_model]: Link right_summit_base_footprint has visual geometry but no collision geometry. Collision geometry will be left empty. Fix your URDF file by explicitly specifying collision geometry.
[move_group-22] [WARN] [1747916414.861963543] [moveit_robot_model.robot_model]: Link right_summit_base_logo_front has visual geometry but no collision geometry. Collision geometry will be left empty. Fix your URDF file by explicitly specifying collision geometry.
[move_group-22] [WARN] [1747916414.861992129] [moveit_robot_model.robot_model]: Link right_summit_base_logo_left has visual geometry but no collision geometry. Collision geometry will be left empty. Fix your URDF file by explicitly specifying collision geometry.
[move_group-22] [WARN] [1747916414.862003494] [moveit_robot_model.robot_model]: Link right_summit_base_logo_rear has visual geometry but no collision geometry. Collision geometry will be left empty. Fix your URDF file by explicitly specifying collision geometry.
[move_group-22] [WARN] [1747916414.862012970] [moveit_robot_model.robot_model]: Link right_summit_base_logo_right has visual geometry but no collision geometry. Collision geometry will be left empty. Fix your URDF file by explicitly specifying collision geometry.
[move_group-22] [WARN] [1747916414.862022477] [moveit_robot_model.robot_model]: Link right_summit_base_chapa has visual geometry but no collision geometry. Collision geometry will be left empty. Fix your URDF file by explicitly specifying collision geometry.
[move_group-22] [WARN] [1747916414.866175654] [moveit_robot_model.robot_model]: Link right_summit_imu_link has visual geometry but no collision geometry. Collision geometry will be left empty. Fix your URDF file by explicitly specifying collision geometry.
[move_group-22] [ERROR] [1747916415.172487284] [moveit_kinematics_base.kinematics_base]: Group 'srm_r' is not a chain
[move_group-22] [ERROR] [1747916415.172534536] [kinematics_plugin_loader]: Kinematics solver of type 'kdl_kinematics_plugin/KDLKinematicsPlugin' could not be initialized for group 'srm_r'
[move_group-22] [ERROR] [1747916415.172563576] [moveit_ros.robot_model_loader]: Kinematics solver could not be instantiated for joint group srm_r.
[move_group-22] [ERROR] [1747916415.172655547] [moveit_kinematics_base.kinematics_base]: Group 'srm_l' is not a chain
[move_group-22] [ERROR] [1747916415.172671459] [kinematics_plugin_loader]: Kinematics solver of type 'kdl_kinematics_plugin/KDLKinematicsPlugin' could not be initialized for group 'srm_l'
[move_group-22] [ERROR] [1747916415.172684705] [moveit_ros.robot_model_loader]: Kinematics solver could not be instantiated for joint group srm_l.
[move_group-22] [ERROR] [1747916415.172715756] [moveit_kinematics_base.kinematics_base]: Group 'srm_r_base' is not a chain
[move_group-22] [ERROR] [1747916415.172730054] [kinematics_plugin_loader]: Kinematics solver of type 'kdl_kinematics_plugin/KDLKinematicsPlugin' could not be initialized for group 'srm_r_base'
[move_group-22] [ERROR] [1747916415.172742598] [moveit_ros.robot_model_loader]: Kinematics solver could not be instantiated for joint group srm_r_base.
[move_group-22] [ERROR] [1747916415.173439126] [moveit_kinematics_base.kinematics_base]: Group 'srm_l_base' is not a chain
[move_group-22] [ERROR] [1747916415.173458094] [kinematics_plugin_loader]: Kinematics solver of type 'kdl_kinematics_plugin/KDLKinematicsPlugin' could not be initialized for group 'srm_l_base'
[move_group-22] [ERROR] [1747916415.173471509] [moveit_ros.robot_model_loader]: Kinematics solver could not be instantiated for joint group srm_l_base.
[spawn_entity.py-3] [INFO] [1747916415.202607924] [left]: Waiting for service /spawn_entity, timeout = 5
[spawner-11] [INFO] [1747916415.203503136] [left.spawner_ur_left_joint_group_vel_controller]: waiting for service /left/controller_manager/list_controllers to become available...
[spawn_entity.py-3] [INFO] [1747916415.203685147] [left]: Waiting for service /spawn_entity
[spawner-19] [INFO] [1747916415.227395100] [right.spawner_joint_state_broadcaster]: waiting for service /right/controller_manager/list_controllers to become available...
[spawner-10] [INFO] [1747916415.239661967] [left.spawner_joint_state_broadcaster]: waiting for service /left/controller_manager/list_controllers to become available...
[spawn_entity.py-12] [INFO] [1747916415.304295001] [right]: Spawn Entity started
[spawn_entity.py-12] [INFO] [1747916415.304947048] [right]: Loading entity published on topic /right/robot_description
[spawn_entity.py-12] /opt/ros/humble/local/lib/python3.10/dist-packages/rclpy/qos.py:307: UserWarning: DurabilityPolicy.RMW_QOS_POLICY_DURABILITY_TRANSIENT_LOCAL is deprecated. Use DurabilityPolicy.TRANSIENT_LOCAL instead.
[spawn_entity.py-12]   warnings.warn(
[spawn_entity.py-12] [INFO] [1747916415.310468702] [right]: Waiting for entity xml on /right/robot_description
[spawn_entity.py-12] [INFO] [1747916415.325959480] [right]: Waiting for service /spawn_entity, timeout = 5
[spawn_entity.py-12] [INFO] [1747916415.327529095] [right]: Waiting for service /spawn_entity
[spawner-20] [INFO] [1747916415.340397037] [right.spawner_ur_right_joint_group_vel_controller]: waiting for service /right/controller_manager/list_controllers to become available...
[rviz2-21] [INFO] [1747916415.497866084] [rviz2]: Stereo is NOT SUPPORTED
[rviz2-21] [INFO] [1747916415.498132377] [rviz2]: OpenGl version: 4.6 (GLSL 4.6)
[rviz2-21] [INFO] [1747916415.587308252] [rviz2]: Stereo is NOT SUPPORTED
[move_group-22] [INFO] [1747916416.286190527] [moveit_ros.planning_scene_monitor.planning_scene_monitor]: Publishing maintained planning scene on 'monitored_planning_scene'
[move_group-22] [INFO] [1747916416.287237039] [moveit.ros_planning_interface.moveit_cpp]: Listening to 'joint_states' for joint states
[move_group-22] [INFO] [1747916416.291029517] [moveit_ros.current_state_monitor]: Listening to joint states on topic 'joint_states'
[move_group-22] [INFO] [1747916416.294502482] [moveit_ros.planning_scene_monitor.planning_scene_monitor]: Listening to '/attached_collision_object' for attached collision objects
[move_group-22] [INFO] [1747916416.294612595] [moveit_ros.planning_scene_monitor.planning_scene_monitor]: Starting planning scene monitor
[move_group-22] [INFO] [1747916416.297221832] [moveit_ros.planning_scene_monitor.planning_scene_monitor]: Listening to '/planning_scene'
[move_group-22] [INFO] [1747916416.297312394] [moveit_ros.planning_scene_monitor.planning_scene_monitor]: Starting world geometry update monitor for collision objects, attached objects, octomap updates.
[move_group-22] [INFO] [1747916416.300680923] [moveit_ros.planning_scene_monitor.planning_scene_monitor]: Listening to 'collision_object'
[move_group-22] [INFO] [1747916416.303083331] [moveit_ros.planning_scene_monitor.planning_scene_monitor]: Listening to 'planning_scene_world' for planning scene world geometry
[move_group-22] [WARN] [1747916416.308835115] [moveit.ros.occupancy_map_monitor.middleware_handle]: Resolution not specified for Octomap. Assuming resolution = 0.1 instead
[rviz2-21] [WARN] [1747916416.655961972] [rcl.logging_rosout]: Publisher already registered for provided node name. If this is due to multiple nodes with the same name then all logs for that logger name will go out over the existing publisher. As soon as any node with that name is destructed it will unregister the publisher, preventing any further logs for that name from being published on the rosout topic.
[gzserver-1] [WARN] [1747916417.440124410] [rcl]: Found remap rule 'model_states:=model_states'. This syntax is deprecated. Use '--ros-args --remap model_states:=model_states' instead.
[gzserver-1] [WARN] [1747916417.440558652] [rcl]: Found remap rule 'link_states:=link_states'. This syntax is deprecated. Use '--ros-args --remap link_states:=link_states' instead.
[gzserver-1] [INFO] [1747916417.484950105] [state.gazebo_ros_state]: Publishing states of gazebo models at [/state/model_states]
[spawn_entity.py-3] [INFO] [1747916417.488153565] [left]: Calling service /spawn_entity
[gzserver-1] [INFO] [1747916417.488750442] [state.gazebo_ros_state]: Publishing states of gazebo links at [/state/link_states]
[spawn_entity.py-12] [INFO] [1747916417.596045573] [right]: Calling service /spawn_entity
[gzserver-1] [INFO] [1747916418.342559477] [left_summit_imu_imu_plugin]: <initial_orientation_as_reference> is unset, using default value of false to comply with REP 145 (world as orientation reference)
[spawn_entity.py-3] [INFO] [1747916418.669663991] [left]: Spawn status: SpawnEntity: Successfully spawned entity [left_robot]
[spawn_entity.py-3] [INFO] [1747916418.682072924] [left]: Calling service /unpause_physics
[INFO] [spawn_entity.py-3]: process has finished cleanly [pid 148504]
[gzserver-1] [INFO] [1747916418.979910961] [left_summit.omni_steering]: Subscribed to [/left_summit/cmd_vel]
[gzserver-1] [INFO] [1747916418.987870114] [left_summit.omni_steering]: Advertise odometry on [/left_summit/odom]
[gzserver-1] [INFO] [1747916418.995787494] [left_summit.omni_steering]: Publishing odom transforms between [left_summit_odom] and [left_summit_base_footprint]
[gzserver-1] [INFO] [1747916419.071440939] [gazebo_ros2_control]: Loading gazebo_ros2_control plugin
[gzserver-1] [INFO] [1747916419.091759596] [left.left_gazebo_ros2_control]: Starting gazebo_ros2_control plugin in namespace: /left
[gzserver-1] [INFO] [1747916419.091897052] [left.left_gazebo_ros2_control]: Starting gazebo_ros2_control plugin in ros 2 node: left_gazebo_ros2_control
[gzserver-1] [INFO] [1747916419.112755707] [left.left_gazebo_ros2_control]: connected to service!! robot_state_publisher
[gzserver-1] [INFO] [1747916419.118839185] [left.left_gazebo_ros2_control]: Received urdf from param server, parsing...
[gzserver-1] [INFO] [1747916419.120563519] [left.left_gazebo_ros2_control]: Loading parameter files /ros2_ws/install/ur/share/ur/config/left_controller.yaml
[gzserver-1] [INFO] [1747916419.132626720] [resource_manager]: Loading hardware 'left_ur' 
[gzserver-1] [ERROR] [1747916419.132766904] [left.left_gazebo_ros2_control]: Error initializing URDF to resource manager!
[gzserver-1] [INFO] [1747916419.164461754] [left.left_gazebo_ros2_control]: Loading joint: ur_left_shoulder_pan_joint
[gzserver-1] [INFO] [1747916419.165105541] [left.left_gazebo_ros2_control]: 	State:
[gzserver-1] [INFO] [1747916419.165312132] [left.left_gazebo_ros2_control]: 		 position
[gzserver-1] [INFO] [1747916419.166673023] [left.left_gazebo_ros2_control]: 			 found initial value: -1.400000
[gzserver-1] [INFO] [1747916419.166785346] [left.left_gazebo_ros2_control]: 		 velocity
[gzserver-1] [INFO] [1747916419.167175897] [left.left_gazebo_ros2_control]: 		 effort
[gzserver-1] [INFO] [1747916419.167355289] [left.left_gazebo_ros2_control]: 	Command:
[gzserver-1] [INFO] [1747916419.167392163] [left.left_gazebo_ros2_control]: 		 position
[gzserver-1] [INFO] [1747916419.168561538] [left.left_gazebo_ros2_control]: 		 velocity
[gzserver-1] [INFO] [1747916419.169477914] [left.left_gazebo_ros2_control]: Loading joint: ur_left_shoulder_lift_joint
[gzserver-1] [INFO] [1747916419.169529943] [left.left_gazebo_ros2_control]: 	State:
[gzserver-1] [INFO] [1747916419.169583331] [left.left_gazebo_ros2_control]: 		 position
[gzserver-1] [INFO] [1747916419.169622378] [left.left_gazebo_ros2_control]: 			 found initial value: -1.227838
[gzserver-1] [INFO] [1747916419.169658755] [left.left_gazebo_ros2_control]: 		 velocity
[gzserver-1] [INFO] [1747916419.169699522] [left.left_gazebo_ros2_control]: 		 effort
[gzserver-1] [INFO] [1747916419.169731440] [left.left_gazebo_ros2_control]: 	Command:
[gzserver-1] [INFO] [1747916419.169759348] [left.left_gazebo_ros2_control]: 		 position
[gzserver-1] [INFO] [1747916419.169979488] [left.left_gazebo_ros2_control]: 		 velocity
[gzserver-1] [INFO] [1747916419.170039821] [left.left_gazebo_ros2_control]: Loading joint: ur_left_elbow_joint
[gzserver-1] [INFO] [1747916419.170073206] [left.left_gazebo_ros2_control]: 	State:
[gzserver-1] [INFO] [1747916419.170100575] [left.left_gazebo_ros2_control]: 		 position
[gzserver-1] [INFO] [1747916419.170128927] [left.left_gazebo_ros2_control]: 			 found initial value: -1.791046
[gzserver-1] [INFO] [1747916419.170159733] [left.left_gazebo_ros2_control]: 		 velocity
[gzserver-1] [INFO] [1747916419.170250778] [left.left_gazebo_ros2_control]: 		 effort
[gzserver-1] [INFO] [1747916419.170347308] [left.left_gazebo_ros2_control]: 	Command:
[gzserver-1] [INFO] [1747916419.170376673] [left.left_gazebo_ros2_control]: 		 position
[gzserver-1] [INFO] [1747916419.170445143] [left.left_gazebo_ros2_control]: 		 velocity
[gzserver-1] [INFO] [1747916419.170611519] [left.left_gazebo_ros2_control]: Loading joint: ur_left_wrist_1_joint
[gzserver-1] [INFO] [1747916419.170644304] [left.left_gazebo_ros2_control]: 	State:
[gzserver-1] [INFO] [1747916419.170667937] [left.left_gazebo_ros2_control]: 		 position
[gzserver-1] [INFO] [1747916419.170695766] [left.left_gazebo_ros2_control]: 			 found initial value: -1.447073
[gzserver-1] [INFO] [1747916419.170731080] [left.left_gazebo_ros2_control]: 		 velocity
[gzserver-1] [INFO] [1747916419.170763154] [left.left_gazebo_ros2_control]: 		 effort
[gzserver-1] [INFO] [1747916419.170794607] [left.left_gazebo_ros2_control]: 	Command:
[gzserver-1] [INFO] [1747916419.170822596] [left.left_gazebo_ros2_control]: 		 position
[gzserver-1] [INFO] [1747916419.170880972] [left.left_gazebo_ros2_control]: 		 velocity
[gzserver-1] [INFO] [1747916419.170932115] [left.left_gazebo_ros2_control]: Loading joint: ur_left_wrist_2_joint
[gzserver-1] [INFO] [1747916419.170967458] [left.left_gazebo_ros2_control]: 	State:
[gzserver-1] [INFO] [1747916419.170997137] [left.left_gazebo_ros2_control]: 		 position
[gzserver-1] [INFO] [1747916419.171027142] [left.left_gazebo_ros2_control]: 			 found initial value: 1.900333
[gzserver-1] [INFO] [1747916419.171061801] [left.left_gazebo_ros2_control]: 		 velocity
[gzserver-1] [INFO] [1747916419.171093316] [left.left_gazebo_ros2_control]: 		 effort
[gzserver-1] [INFO] [1747916419.171125204] [left.left_gazebo_ros2_control]: 	Command:
[gzserver-1] [INFO] [1747916419.171154975] [left.left_gazebo_ros2_control]: 		 position
[gzserver-1] [INFO] [1747916419.171313385] [left.left_gazebo_ros2_control]: 		 velocity
[gzserver-1] [INFO] [1747916419.171363121] [left.left_gazebo_ros2_control]: Loading joint: ur_left_wrist_3_joint
[gzserver-1] [INFO] [1747916419.171396250] [left.left_gazebo_ros2_control]: 	State:
[gzserver-1] [INFO] [1747916419.171424899] [left.left_gazebo_ros2_control]: 		 position
[gzserver-1] [INFO] [1747916419.171456701] [left.left_gazebo_ros2_control]: 			 found initial value: -0.755379
[gzserver-1] [INFO] [1747916419.171488893] [left.left_gazebo_ros2_control]: 		 velocity
[gzserver-1] [INFO] [1747916419.171526687] [left.left_gazebo_ros2_control]: 		 effort
[gzserver-1] [INFO] [1747916419.171558173] [left.left_gazebo_ros2_control]: 	Command:
[gzserver-1] [INFO] [1747916419.171585473] [left.left_gazebo_ros2_control]: 		 position
[gzserver-1] [INFO] [1747916419.171717593] [left.left_gazebo_ros2_control]: 		 velocity
[gzserver-1] [INFO] [1747916419.172915863] [resource_manager]: Initialize hardware 'left_ur' 
[gzserver-1] [INFO] [1747916419.177164680] [resource_manager]: Successful initialization of hardware 'left_ur'
[gzserver-1] [INFO] [1747916419.178181841] [resource_manager]: 'configure' hardware 'left_ur' 
[gzserver-1] [INFO] [1747916419.178221086] [resource_manager]: Successful 'configure' of hardware 'left_ur'
[gzserver-1] [INFO] [1747916419.178254532] [resource_manager]: 'activate' hardware 'left_ur' 
[gzserver-1] [INFO] [1747916419.178275775] [resource_manager]: Successful 'activate' of hardware 'left_ur'
[gzserver-1] [INFO] [1747916419.179790567] [left.left_gazebo_ros2_control]: Loading controller_manager
[gzserver-1] [WARN] [1747916419.266848163] [left.left_gazebo_ros2_control]:  Desired controller update period (0.002 s) is slower than the gazebo simulation period (0.001 s).
[gzserver-1] [INFO] [1747916419.274960279] [left.left_gazebo_ros2_control]: Loaded gazebo_ros2_control.
[gzserver-1] [INFO] [1747916419.279704685] [left.controller_manager]: Loading controller 'joint_state_broadcaster'
[spawner-10] [INFO] [1747916419.351451716] [left.spawner_joint_state_broadcaster]: [94mLoaded [1mjoint_state_broadcaster[0m
[gzserver-1] [INFO] [1747916419.359679271] [left.controller_manager]: Configuring controller 'joint_state_broadcaster'
[gzserver-1] [INFO] [1747916419.361490642] [left.joint_state_broadcaster]: 'joints' or 'interfaces' parameter is empty. All available state interfaces will be published
[move_group-22] [INFO] [1747916419.429384719] [moveit.ros_planning_interface.moveit_cpp]: Loading planning pipeline 'ompl'
[gzserver-1] [INFO] [1747916419.470307572] [left.controller_manager]: Loading controller 'ur_left_joint_group_vel_controller'
[move_group-22] [INFO] [1747916419.495767634] [moveit.ros_planning.planning_pipeline]: Using planning interface 'OMPL'
[move_group-22] [INFO] [1747916419.522188500] [moveit_ros.add_time_optimal_parameterization]: Param 'ompl.path_tolerance' was not set. Using default value: 0.100000
[move_group-22] [INFO] [1747916419.523399271] [moveit_ros.add_time_optimal_parameterization]: Param 'ompl.resample_dt' was not set. Using default value: 0.100000
[move_group-22] [INFO] [1747916419.523434579] [moveit_ros.add_time_optimal_parameterization]: Param 'ompl.min_angle_change' was not set. Using default value: 0.001000
[move_group-22] [INFO] [1747916419.523547059] [moveit_ros.fix_workspace_bounds]: Param 'ompl.default_workspace_bounds' was not set. Using default value: 10.000000
[move_group-22] [INFO] [1747916419.523596554] [moveit_ros.fix_start_state_bounds]: Param 'ompl.start_state_max_bounds_error' was set to 0.100000
[move_group-22] [INFO] [1747916419.523613967] [moveit_ros.fix_start_state_bounds]: Param 'ompl.start_state_max_dt' was not set. Using default value: 0.500000
[move_group-22] [INFO] [1747916419.523649004] [moveit_ros.fix_start_state_collision]: Param 'ompl.start_state_max_dt' was not set. Using default value: 0.500000
[move_group-22] [INFO] [1747916419.523667621] [moveit_ros.fix_start_state_collision]: Param 'ompl.jiggle_fraction' was set to 0.050000
[move_group-22] [INFO] [1747916419.523728029] [moveit_ros.fix_start_state_collision]: Param 'ompl.max_sampling_attempts' was not set. Using default value: 100
[move_group-22] [INFO] [1747916419.523846350] [moveit.ros_planning.planning_pipeline]: Using planning request adapter 'Add Time Optimal Parameterization'
[move_group-22] [INFO] [1747916419.523929791] [moveit.ros_planning.planning_pipeline]: Using planning request adapter 'Resolve constraint frames to robot links'
[move_group-22] [INFO] [1747916419.523944024] [moveit.ros_planning.planning_pipeline]: Using planning request adapter 'Fix Workspace Bounds'
[move_group-22] [INFO] [1747916419.523954512] [moveit.ros_planning.planning_pipeline]: Using planning request adapter 'Fix Start State Bounds'
[move_group-22] [INFO] [1747916419.523963730] [moveit.ros_planning.planning_pipeline]: Using planning request adapter 'Fix Start State In Collision'
[move_group-22] [INFO] [1747916419.523973473] [moveit.ros_planning.planning_pipeline]: Using planning request adapter 'Fix Start State Path Constraints'
[move_group-22] [INFO] [1747916419.540306109] [moveit.ros_planning_interface.moveit_cpp]: Loading planning pipeline 'chomp'
[move_group-22] [INFO] [1747916419.568479000] [moveit.ros_planning.planning_pipeline]: Using planning interface 'CHOMP'
[move_group-22] [INFO] [1747916419.578470454] [moveit_ros.add_time_optimal_parameterization]: Param 'chomp.path_tolerance' was not set. Using default value: 0.100000
[move_group-22] [INFO] [1747916419.578505483] [moveit_ros.add_time_optimal_parameterization]: Param 'chomp.resample_dt' was not set. Using default value: 0.100000
[move_group-22] [INFO] [1747916419.578520590] [moveit_ros.add_time_optimal_parameterization]: Param 'chomp.min_angle_change' was not set. Using default value: 0.001000
[move_group-22] [INFO] [1747916419.578580383] [moveit_ros.fix_workspace_bounds]: Param 'chomp.default_workspace_bounds' was not set. Using default value: 10.000000
[move_group-22] [INFO] [1747916419.578620058] [moveit_ros.fix_start_state_bounds]: Param 'chomp.start_state_max_bounds_error' was set to 0.100000
[move_group-22] [INFO] [1747916419.578634926] [moveit_ros.fix_start_state_bounds]: Param 'chomp.start_state_max_dt' was not set. Using default value: 0.500000
[move_group-22] [INFO] [1747916419.578669033] [moveit_ros.fix_start_state_collision]: Param 'chomp.start_state_max_dt' was not set. Using default value: 0.500000
[move_group-22] [INFO] [1747916419.578683402] [moveit_ros.fix_start_state_collision]: Param 'chomp.jiggle_fraction' was set to 0.050000
[move_group-22] [INFO] [1747916419.578695933] [moveit_ros.fix_start_state_collision]: Param 'chomp.max_sampling_attempts' was not set. Using default value: 100
[move_group-22] [INFO] [1747916419.578727153] [moveit.ros_planning.planning_pipeline]: Using planning request adapter 'Add Time Optimal Parameterization'
[move_group-22] [INFO] [1747916419.578739284] [moveit.ros_planning.planning_pipeline]: Using planning request adapter 'Resolve constraint frames to robot links'
[move_group-22] [INFO] [1747916419.578748914] [moveit.ros_planning.planning_pipeline]: Using planning request adapter 'Fix Workspace Bounds'
[move_group-22] [INFO] [1747916419.578758712] [moveit.ros_planning.planning_pipeline]: Using planning request adapter 'Fix Start State Bounds'
[move_group-22] [INFO] [1747916419.578767792] [moveit.ros_planning.planning_pipeline]: Using planning request adapter 'Fix Start State In Collision'
[move_group-22] [INFO] [1747916419.578777042] [moveit.ros_planning.planning_pipeline]: Using planning request adapter 'Fix Start State Path Constraints'
[move_group-22] [INFO] [1747916419.582200593] [moveit.ros_planning_interface.moveit_cpp]: Loading planning pipeline 'pilz_industrial_motion_planner'
[move_group-22] [INFO] [1747916419.598065851] [moveit.pilz_industrial_motion_planner.joint_limits_aggregator]: Reading limits from namespace robot_description_planning
[move_group-22] [INFO] [1747916419.692199271] [moveit.pilz_industrial_motion_planner]: Available plugins: pilz_industrial_motion_planner/PlanningContextLoaderCIRC pilz_industrial_motion_planner/PlanningContextLoaderLIN pilz_industrial_motion_planner/PlanningContextLoaderPTP 
[move_group-22] [INFO] [1747916419.692242429] [moveit.pilz_industrial_motion_planner]: About to load: pilz_industrial_motion_planner/PlanningContextLoaderCIRC
[move_group-22] [INFO] [1747916419.700208715] [moveit.pilz_industrial_motion_planner]: Registered Algorithm [CIRC]
[move_group-22] [INFO] [1747916419.700281672] [moveit.pilz_industrial_motion_planner]: About to load: pilz_industrial_motion_planner/PlanningContextLoaderLIN
[move_group-22] [INFO] [1747916419.704896527] [moveit.pilz_industrial_motion_planner]: Registered Algorithm [LIN]
[move_group-22] [INFO] [1747916419.704976870] [moveit.pilz_industrial_motion_planner]: About to load: pilz_industrial_motion_planner/PlanningContextLoaderPTP
[move_group-22] [INFO] [1747916419.710171680] [moveit.pilz_industrial_motion_planner]: Registered Algorithm [PTP]
[move_group-22] [INFO] [1747916419.710256978] [moveit.ros_planning.planning_pipeline]: Using planning interface 'Pilz Industrial Motion Planner'
[move_group-22] [WARN] [1747916419.723544375] [moveit_ros.trajectory_execution_manager]: moveit_ros_control_interface/MoveItControllerManager is deprecated. Replace with `moveit_ros_control_interface/MoveItControllerManager.`
[move_group-22] [INFO] [1747916419.998112356] [moveit.plugins.ros_control_interface]: Started moveit_ros_control_interface::Ros2ControlManager for namespace 
[gzserver-1] [INFO] [1747916420.356960607] [right_summit_imu_imu_plugin]: <initial_orientation_as_reference> is unset, using default value of false to comply with REP 145 (world as orientation reference)
[spawn_entity.py-12] [INFO] [1747916420.766673234] [right]: Spawn status: SpawnEntity: Successfully spawned entity [right_robot]
[spawn_entity.py-12] [INFO] [1747916420.783385183] [right]: Calling service /unpause_physics
[gzserver-1] [WARN] [1747916420.865439101] [gazebo.rclcpp]: failed to send response to /unpause_physics (timeout): client will not receive response, at ./src/rmw_response.cpp:154, at ./src/rcl/service.c:314
[gzserver-1] [INFO] [1747916420.924009193] [right_summit.omni_steering]: Subscribed to [/right_summit/cmd_vel]
[gzserver-1] [INFO] [1747916420.928005858] [right_summit.omni_steering]: Advertise odometry on [/right_summit/odom]
[gzserver-1] [INFO] [1747916420.934573110] [right_summit.omni_steering]: Publishing odom transforms between [right_summit_odom] and [right_summit_base_footprint]
[gzserver-1] [INFO] [1747916420.934962334] [gazebo_ros2_control]: Loading gazebo_ros2_control plugin
[gzserver-1] [WARN] [1747916420.966382564] [gazebo.rclcpp]: failed to send response to /unpause_physics (timeout): client will not receive response, at ./src/rmw_response.cpp:154, at ./src/rcl/service.c:314
[gzserver-1] [INFO] [1747916420.969493321] [right.right_gazebo_ros2_control]: Starting gazebo_ros2_control plugin in namespace: /right
[gzserver-1] [INFO] [1747916420.969662591] [right.right_gazebo_ros2_control]: Starting gazebo_ros2_control plugin in ros 2 node: right_gazebo_ros2_control
[INFO] [spawn_entity.py-12]: process has finished cleanly [pid 148522]
[gzserver-1] [INFO] [1747916420.999836483] [right.right_gazebo_ros2_control]: connected to service!! robot_state_publisher
[gzserver-1] [INFO] [1747916421.003025912] [right.right_gazebo_ros2_control]: Received urdf from param server, parsing...
[gzserver-1] [INFO] [1747916421.003104624] [right.right_gazebo_ros2_control]: Loading parameter files /ros2_ws/install/ur/share/ur/config/right_controller.yaml
[move_group-22] [WARN] [1747916421.006191320] [moveit.plugins.ros_control_interface]: Failed to read controllers from /controller_manager/list_controllers within 1 seconds
[gzserver-1] [INFO] [1747916421.017614904] [resource_manager]: Loading hardware 'right_ur' 
[gzserver-1] [ERROR] [1747916421.017713464] [right.right_gazebo_ros2_control]: Error initializing URDF to resource manager!
[gzserver-1] [INFO] [1747916421.021889954] [right.right_gazebo_ros2_control]: Loading joint: ur_right_shoulder_pan_joint
[gzserver-1] [INFO] [1747916421.021985114] [right.right_gazebo_ros2_control]: 	State:
[gzserver-1] [INFO] [1747916421.022038159] [right.right_gazebo_ros2_control]: 		 position
[gzserver-1] [INFO] [1747916421.022129461] [right.right_gazebo_ros2_control]: 			 found initial value: -1.300000
[gzserver-1] [INFO] [1747916421.022194687] [right.right_gazebo_ros2_control]: 		 velocity
[gzserver-1] [INFO] [1747916421.022251456] [right.right_gazebo_ros2_control]: 		 effort
[gzserver-1] [INFO] [1747916421.022290455] [right.right_gazebo_ros2_control]: 	Command:
[gzserver-1] [INFO] [1747916421.022321435] [right.right_gazebo_ros2_control]: 		 position
[gzserver-1] [INFO] [1747916421.022443777] [right.right_gazebo_ros2_control]: 		 velocity
[gzserver-1] [INFO] [1747916421.022502743] [right.right_gazebo_ros2_control]: Loading joint: ur_right_shoulder_lift_joint
[gzserver-1] [INFO] [1747916421.022538431] [right.right_gazebo_ros2_control]: 	State:
[gzserver-1] [INFO] [1747916421.022565782] [right.right_gazebo_ros2_control]: 		 position
[gzserver-1] [INFO] [1747916421.022595848] [right.right_gazebo_ros2_control]: 			 found initial value: -0.800000
[gzserver-1] [INFO] [1747916421.022629320] [right.right_gazebo_ros2_control]: 		 velocity
[gzserver-1] [INFO] [1747916421.022654276] [right.right_gazebo_ros2_control]: 		 effort
[gzserver-1] [INFO] [1747916421.022672551] [right.right_gazebo_ros2_control]: 	Command:
[gzserver-1] [INFO] [1747916421.022688075] [right.right_gazebo_ros2_control]: 		 position
[gzserver-1] [INFO] [1747916421.022734092] [right.right_gazebo_ros2_control]: 		 velocity
[gzserver-1] [INFO] [1747916421.022765876] [right.right_gazebo_ros2_control]: Loading joint: ur_right_elbow_joint
[gzserver-1] [INFO] [1747916421.022786327] [right.right_gazebo_ros2_control]: 	State:
[gzserver-1] [INFO] [1747916421.022801587] [right.right_gazebo_ros2_control]: 		 position
[gzserver-1] [INFO] [1747916421.022818153] [right.right_gazebo_ros2_control]: 			 found initial value: -1.800000
[gzserver-1] [INFO] [1747916421.022837228] [right.right_gazebo_ros2_control]: 		 velocity
[gzserver-1] [INFO] [1747916421.022853980] [right.right_gazebo_ros2_control]: 		 effort
[gzserver-1] [INFO] [1747916421.022887786] [right.right_gazebo_ros2_control]: 	Command:
[gzserver-1] [INFO] [1747916421.022908310] [right.right_gazebo_ros2_control]: 		 position
[gzserver-1] [INFO] [1747916421.022947021] [right.right_gazebo_ros2_control]: 		 velocity
[gzserver-1] [INFO] [1747916421.022974236] [right.right_gazebo_ros2_control]: Loading joint: ur_right_wrist_1_joint
[gzserver-1] [INFO] [1747916421.022993005] [right.right_gazebo_ros2_control]: 	State:
[gzserver-1] [INFO] [1747916421.023008011] [right.right_gazebo_ros2_control]: 		 position
[gzserver-1] [INFO] [1747916421.023025035] [right.right_gazebo_ros2_control]: 			 found initial value: -1.570000
[gzserver-1] [INFO] [1747916421.023043261] [right.right_gazebo_ros2_control]: 		 velocity
[gzserver-1] [INFO] [1747916421.023068562] [right.right_gazebo_ros2_control]: 		 effort
[gzserver-1] [INFO] [1747916421.023086968] [right.right_gazebo_ros2_control]: 	Command:
[gzserver-1] [INFO] [1747916421.023102437] [right.right_gazebo_ros2_control]: 		 position
[gzserver-1] [INFO] [1747916421.023188836] [right.right_gazebo_ros2_control]: 		 velocity
[gzserver-1] [INFO] [1747916421.023234639] [right.right_gazebo_ros2_control]: Loading joint: ur_right_wrist_2_joint
[gzserver-1] [INFO] [1747916421.023266168] [right.right_gazebo_ros2_control]: 	State:
[gzserver-1] [INFO] [1747916421.023294724] [right.right_gazebo_ros2_control]: 		 position
[gzserver-1] [INFO] [1747916421.023322662] [right.right_gazebo_ros2_control]: 			 found initial value: 1.638000
[gzserver-1] [INFO] [1747916421.023352383] [right.right_gazebo_ros2_control]: 		 velocity
[gzserver-1] [INFO] [1747916421.023371746] [right.right_gazebo_ros2_control]: 		 effort
[gzserver-1] [INFO] [1747916421.023402878] [right.right_gazebo_ros2_control]: 	Command:
[gzserver-1] [INFO] [1747916421.023430520] [right.right_gazebo_ros2_control]: 		 position
[gzserver-1] [INFO] [1747916421.023482983] [right.right_gazebo_ros2_control]: 		 velocity
[gzserver-1] [INFO] [1747916421.023512812] [right.right_gazebo_ros2_control]: Loading joint: ur_right_wrist_3_joint
[gzserver-1] [INFO] [1747916421.023538181] [right.right_gazebo_ros2_control]: 	State:
[gzserver-1] [INFO] [1747916421.023566385] [right.right_gazebo_ros2_control]: 		 position
[gzserver-1] [INFO] [1747916421.023593380] [right.right_gazebo_ros2_control]: 			 found initial value: 0.000000
[gzserver-1] [INFO] [1747916421.023619359] [right.right_gazebo_ros2_control]: 		 velocity
[gzserver-1] [INFO] [1747916421.023651430] [right.right_gazebo_ros2_control]: 		 effort
[gzserver-1] [INFO] [1747916421.023680019] [right.right_gazebo_ros2_control]: 	Command:
[gzserver-1] [INFO] [1747916421.023707990] [right.right_gazebo_ros2_control]: 		 position
[gzserver-1] [INFO] [1747916421.023754698] [right.right_gazebo_ros2_control]: 		 velocity
[gzserver-1] [INFO] [1747916421.023811911] [resource_manager]: Initialize hardware 'right_ur' 
[gzserver-1] [INFO] [1747916421.023883355] [resource_manager]: Successful initialization of hardware 'right_ur'
[gzserver-1] [INFO] [1747916421.023936957] [resource_manager]: 'configure' hardware 'right_ur' 
[gzserver-1] [INFO] [1747916421.023950872] [resource_manager]: Successful 'configure' of hardware 'right_ur'
[gzserver-1] [INFO] [1747916421.023965400] [resource_manager]: 'activate' hardware 'right_ur' 
[gzserver-1] [INFO] [1747916421.023977727] [resource_manager]: Successful 'activate' of hardware 'right_ur'
[gzserver-1] [INFO] [1747916421.024065908] [right.right_gazebo_ros2_control]: Loading controller_manager
[gzserver-1] [WARN] [1747916421.124784246] [right.right_gazebo_ros2_control]:  Desired controller update period (0.002 s) is slower than the gazebo simulation period (0.001 s).
[gzserver-1] [INFO] [1747916421.125527261] [right.right_gazebo_ros2_control]: Loaded gazebo_ros2_control.
[spawner-11] [INFO] [1747916421.136088811] [left.spawner_ur_left_joint_group_vel_controller]: [94mLoaded [1mur_left_joint_group_vel_controller[0m
[gzserver-1] [INFO] [1747916421.140589910] [left.controller_manager]: Configuring controller 'ur_left_joint_group_vel_controller'
[spawner-10] [INFO] [1747916421.141421540] [left.spawner_joint_state_broadcaster]: [92mConfigured and activated [1mjoint_state_broadcaster[0m
[gzserver-1] [INFO] [1747916421.147838165] [left.ur_left_joint_group_vel_controller]: configure successful
[gzserver-1] [INFO] [1747916421.164463592] [left.ur_left_joint_group_vel_controller]: activate successful
[spawner-11] [INFO] [1747916421.171248276] [left.spawner_ur_left_joint_group_vel_controller]: [92mConfigured and activated [1mur_left_joint_group_vel_controller[0m
[gzserver-1] [INFO] [1747916421.212645299] [right.controller_manager]: Loading controller 'ur_right_joint_group_vel_controller'
[spawner-20] [INFO] [1747916421.307152011] [right.spawner_ur_right_joint_group_vel_controller]: [94mLoaded [1mur_right_joint_group_vel_controller[0m
[gzserver-1] [INFO] [1747916421.310459192] [right.controller_manager]: Loading controller 'joint_state_broadcaster'
[gzserver-1] [INFO] [1747916421.383036466] [right.controller_manager]: Configuring controller 'ur_right_joint_group_vel_controller'
[spawner-19] [INFO] [1747916421.385702299] [right.spawner_joint_state_broadcaster]: [94mLoaded [1mjoint_state_broadcaster[0m
[gzserver-1] [INFO] [1747916421.385918456] [right.ur_right_joint_group_vel_controller]: configure successful
[gzserver-1] [INFO] [1747916421.392390209] [right.controller_manager]: Configuring controller 'joint_state_broadcaster'
[gzserver-1] [INFO] [1747916421.392517291] [right.joint_state_broadcaster]: 'joints' or 'interfaces' parameter is empty. All available state interfaces will be published
[spawner-19] [INFO] [1747916421.418514114] [right.spawner_joint_state_broadcaster]: [92mConfigured and activated [1mjoint_state_broadcaster[0m
[INFO] [spawner-10]: process has finished cleanly [pid 148518]
[gzserver-1] [INFO] [1747916421.479629942] [right.ur_right_joint_group_vel_controller]: activate successful
[spawner-20] [INFO] [1747916421.483938907] [right.spawner_ur_right_joint_group_vel_controller]: [92mConfigured and activated [1mur_right_joint_group_vel_controller[0m
[INFO] [spawner-11]: process has finished cleanly [pid 148520]
[INFO] [spawner-19]: process has finished cleanly [pid 148603]
[INFO] [spawner-20]: process has finished cleanly [pid 148611]
[move_group-22] [WARN] [1747916422.006644370] [moveit.plugins.ros_control_interface]: Failed to read controllers from /controller_manager/list_controllers within 1 seconds
[move_group-22] [WARN] [1747916423.006807358] [moveit.plugins.ros_control_interface]: Failed to read controllers from /controller_manager/list_controllers within 1 seconds
[move_group-22] [INFO] [1747916423.008768788] [moveit_ros.trajectory_execution_manager]: Trajectory execution is managing controllers
[move_group-22] [INFO] [1747916423.008815265] [move_group.move_group]: MoveGroup debug mode is ON
[move_group-22] [INFO] [1747916423.106521025] [move_group.move_group]: 
[move_group-22] 
[move_group-22] ********************************************************
[move_group-22] * MoveGroup using: 
[move_group-22] *     - ApplyPlanningSceneService
[move_group-22] *     - ClearOctomapService
[move_group-22] *     - ExecuteTaskSolution
[move_group-22] *     - CartesianPathService
[move_group-22] *     - ExecuteTrajectoryAction
[move_group-22] *     - GetPlanningSceneService
[move_group-22] *     - KinematicsService
[move_group-22] *     - MoveAction
[move_group-22] *     - MotionPlanService
[move_group-22] *     - QueryPlannersService
[move_group-22] *     - StateValidationService
[move_group-22] ********************************************************
[move_group-22] 
[move_group-22] [INFO] [1747916423.106602125] [moveit_move_group_capabilities_base.move_group_context]: MoveGroup context using planning plugin ompl_interface/OMPLPlanner
[move_group-22] [INFO] [1747916423.106623585] [moveit_move_group_capabilities_base.move_group_context]: MoveGroup context initialization complete
[move_group-22] [96mLoading 'move_group/ApplyPlanningSceneService'...
[move_group-22] [0m[96mLoading 'move_group/ClearOctomapService'...
[move_group-22] [0m[96mLoading 'move_group/ExecuteTaskSolutionCapability'...
[move_group-22] [0m[96mLoading 'move_group/MoveGroupCartesianPathService'...
[move_group-22] [0m[96mLoading 'move_group/MoveGroupExecuteTrajectoryAction'...
[move_group-22] [0m[96mLoading 'move_group/MoveGroupGetPlanningSceneService'...
[move_group-22] [0m[96mLoading 'move_group/MoveGroupKinematicsService'...
[move_group-22] [0m[96mLoading 'move_group/MoveGroupMoveAction'...
[move_group-22] [0m[96mLoading 'move_group/MoveGroupPlanService'...
[move_group-22] [0m[96mLoading 'move_group/MoveGroupQueryPlannersService'...
[move_group-22] [0m[96mLoading 'move_group/MoveGroupStateValidationService'...
[move_group-22] [0m[92m
[move_group-22] You can start planning now!
[move_group-22] 
[rviz2-21] [ERROR] [1747916426.708302323] [rviz2]: Could not find parameter robot_description and did not receive robot_description via std_msgs::msg::String subscription within 10.000000 seconds.
[rviz2-21] Error:   Error document empty.
[rviz2-21]          at line 100 in ./urdf_parser/src/model.cpp
[rviz2-21] Failed to parse robot description using: urdf_xml_parser/URDFXMLParser
[rviz2-21] [INFO] [1747916436.750349123] [moveit_rdf_loader.rdf_loader]: Unable to parse URDF
[rviz2-21] [ERROR] [1747916436.783496312] [moveit_ros.planning_scene_monitor.planning_scene_monitor]: Robot model not loaded
[WARNING] [launch]: user interrupted with ctrl-c (SIGINT)
[move_group-22] [INFO] [1747916440.788134134] [rclcpp]: signal_handler(signum=2)
[static_transform_publisher-18] [INFO] [1747916440.788110837] [rclcpp]: signal_handler(signum=2)
[rviz2-21] [INFO] [1747916440.788107334] [rclcpp]: signal_handler(signum=2)
[static_transform_publisher-16] [INFO] [1747916440.788121892] [rclcpp]: signal_handler(signum=2)
[static_transform_publisher-9] [INFO] [1747916440.788188807] [rclcpp]: signal_handler(signum=2)
[static_transform_publisher-15] [INFO] [1747916440.788198828] [rclcpp]: signal_handler(signum=2)
[static_transform_publisher-8] [INFO] [1747916440.788280691] [rclcpp]: signal_handler(signum=2)
[static_transform_publisher-14] [INFO] [1747916440.788325895] [rclcpp]: signal_handler(signum=2)
[static_transform_publisher-7] [INFO] [1747916440.788364418] [rclcpp]: signal_handler(signum=2)
[static_transform_publisher-6] [INFO] [1747916440.788402473] [rclcpp]: signal_handler(signum=2)
[robot_state_publisher-13] [INFO] [1747916440.788395050] [rclcpp]: signal_handler(signum=2)
[static_transform_publisher-5] [INFO] [1747916440.788443637] [rclcpp]: signal_handler(signum=2)
[static_transform_publisher-17] [INFO] [1747916440.788128517] [rclcpp]: signal_handler(signum=2)
[robot_state_publisher-4] [INFO] [1747916440.789229532] [rclcpp]: signal_handler(signum=2)
[move_group-22] [INFO] [1747916440.870179523] [moveit.ros_planning_interface.moveit_cpp]: Deleting MoveItCpp
[move_group-22] [INFO] [1747916440.871587794] [moveit_ros.planning_scene_monitor.planning_scene_monitor]: Stopped publishing maintained planning scene.
[move_group-22] [INFO] [1747916440.872533820] [moveit_ros.planning_scene_monitor.planning_scene_monitor]: Stopping world geometry monitor
[move_group-22] [INFO] [1747916440.874803223] [moveit_ros.planning_scene_monitor.planning_scene_monitor]: Stopping planning scene monitor
[move_group-22] Warning: class_loader.ClassLoader: SEVERE WARNING!!! Attempting to unload library while objects created by this loader exist in the heap! You should delete your objects before attempting to unload the library or destroying the ClassLoader. The library will NOT be unloaded.
[move_group-22]          at line 127 in ./src/class_loader.cpp
[INFO] [static_transform_publisher-17]: process has finished cleanly [pid 148587]
[move_group-22] Stack trace (most recent call last):
[move_group-22] #11   Object "", at 0xffffffffffffffff, in 
[move_group-22] #10   Object "/ros2_ws/build/moveit_ros_move_group/move_group", at 0x55b942ee7eb4, in _start
[INFO] [static_transform_publisher-9]: process has finished cleanly [pid 148516]
[move_group-22] #9    Object "/usr/lib/x86_64-linux-gnu/libc.so.6", at 0x7f0eb970ce3f, in __libc_start_main
[move_group-22] #8    Object "/usr/lib/x86_64-linux-gnu/libc.so.6", at 0x7f0eb970cd8f, in 
[move_group-22] #7    Object "/ros2_ws/build/moveit_ros_move_group/move_group", at 0x55b942ee7483, in main
[move_group-22] #6    Object "/ros2_ws/build/moveit_ros_move_group/move_group", at 0x55b942eee9c1, in std::_Sp_counted_base<(__gnu_cxx::_Lock_policy)2>::_M_release()
[INFO] [static_transform_publisher-15]: process has finished cleanly [pid 148582]
[move_group-22] #5    Object "/opt/ros/humble/lib/librclcpp.so", at 0x7f0eb9c6984e, in rclcpp::Node::~Node()
[move_group-22] #4    Object "/opt/ros/humble/lib/librclcpp.so", at 0x7f0eb9c44c69, in 
[move_group-22] #3    Object "/opt/ros/humble/lib/librclcpp.so", at 0x7f0eb9c72ef9, in 
[move_group-22] #2    Object "/opt/ros/humble/lib/librclcpp.so", at 0x7f0eb9c72e40, in rclcpp::node_interfaces::NodeBase::~NodeBase()
[move_group-22] #1    Object "/opt/ros/humble/lib/librclcpp.so", at 0x7f0eb9c44c69, in 
[move_group-22] #0    Object "/opt/ros/humble/lib/librclcpp.so", at 0x7f0eb9c499e1, in rclcpp::CallbackGroup::~CallbackGroup()
[move_group-22] Segmentation fault (Address not mapped to object [0x7f0e904acc70])
[INFO] [static_transform_publisher-7]: process has finished cleanly [pid 148512]
[INFO] [static_transform_publisher-5]: process has finished cleanly [pid 148508]
[INFO] [static_transform_publisher-16]: process has finished cleanly [pid 148585]
[INFO] [static_transform_publisher-8]: process has finished cleanly [pid 148514]
[INFO] [static_transform_publisher-18]: process has finished cleanly [pid 148591]
[INFO] [static_transform_publisher-6]: process has finished cleanly [pid 148510]
[INFO] [static_transform_publisher-14]: process has finished cleanly [pid 148577]
[INFO] [robot_state_publisher-4]: process has finished cleanly [pid 148506]
[INFO] [robot_state_publisher-13]: process has finished cleanly [pid 148548]
[INFO] [rviz2-21]: process has finished cleanly [pid 148626]
[INFO] [gzclient-2]: process has finished cleanly [pid 148502]
[ERROR] [move_group-22]: process has died [pid 148636, exit code -11, cmd '/ros2_ws/install/moveit_ros_move_group/lib/moveit_ros_move_group/move_group --ros-args --params-file /tmp/launch_params_a27t95ev --params-file /tmp/launch_params_260dfdik --params-file /tmp/launch_params_zozay_24 --params-file /tmp/launch_params_gf4gsszw --params-file /tmp/launch_params_jfv9q_3_'].
[move_group-22] [0m
[INFO] [gzserver-1]: process has finished cleanly [pid 148500]
