[INFO] [launch]: All log files can be found below /root/.ros/log/2025-05-22-12-17-14-688089-outlander-Aspire-V3-571G-147854
[INFO] [launch]: Default logging verbosity is set to INFO
[INFO] [gzserver-1]: process started with pid [147858]
[INFO] [gzclient-2]: process started with pid [147860]
[INFO] [spawn_entity.py-3]: process started with pid [147862]
[INFO] [robot_state_publisher-4]: process started with pid [147864]
[INFO] [static_transform_publisher-5]: process started with pid [147866]
[INFO] [static_transform_publisher-6]: process started with pid [147868]
[INFO] [static_transform_publisher-7]: process started with pid [147870]
[INFO] [static_transform_publisher-8]: process started with pid [147872]
[INFO] [static_transform_publisher-9]: process started with pid [147874]
[INFO] [spawner-10]: process started with pid [147876]
[INFO] [spawner-11]: process started with pid [147878]
[INFO] [spawn_entity.py-12]: process started with pid [147880]
[INFO] [robot_state_publisher-13]: process started with pid [147884]
[INFO] [static_transform_publisher-14]: process started with pid [147919]
[INFO] [static_transform_publisher-15]: process started with pid [147931]
[INFO] [static_transform_publisher-16]: process started with pid [147941]
[INFO] [static_transform_publisher-17]: process started with pid [147953]
[INFO] [static_transform_publisher-18]: process started with pid [147963]
[INFO] [spawner-19]: process started with pid [147966]
[INFO] [spawner-20]: process started with pid [147978]
[INFO] [rviz2-21]: process started with pid [147986]
[INFO] [move_group-22]: process started with pid [147993]
[robot_state_publisher-4] [INFO] [1747916239.724737206] [left.robot_state_publisher]: got segment left_summit_back_left_wheel_link
[robot_state_publisher-4] [INFO] [1747916239.724911064] [left.robot_state_publisher]: got segment left_summit_back_right_wheel_link
[robot_state_publisher-4] [INFO] [1747916239.724936514] [left.robot_state_publisher]: got segment left_summit_base_chapa
[robot_state_publisher-4] [INFO] [1747916239.724955886] [left.robot_state_publisher]: got segment left_summit_base_docking_contact
[robot_state_publisher-4] [INFO] [1747916239.724976966] [left.robot_state_publisher]: got segment left_summit_base_footprint
[robot_state_publisher-4] [INFO] [1747916239.724996321] [left.robot_state_publisher]: got segment left_summit_base_link
[robot_state_publisher-4] [INFO] [1747916239.725015469] [left.robot_state_publisher]: got segment left_summit_base_logo_front
[robot_state_publisher-4] [INFO] [1747916239.725034678] [left.robot_state_publisher]: got segment left_summit_base_logo_left
[robot_state_publisher-4] [INFO] [1747916239.725054458] [left.robot_state_publisher]: got segment left_summit_base_logo_rear
[robot_state_publisher-4] [INFO] [1747916239.725070761] [left.robot_state_publisher]: got segment left_summit_base_logo_right
[robot_state_publisher-4] [INFO] [1747916239.725086966] [left.robot_state_publisher]: got segment left_summit_front_laser_base_link
[robot_state_publisher-4] [INFO] [1747916239.725106212] [left.robot_state_publisher]: got segment left_summit_front_laser_link
[robot_state_publisher-4] [INFO] [1747916239.725123892] [left.robot_state_publisher]: got segment left_summit_front_left_wheel_link
[robot_state_publisher-4] [INFO] [1747916239.725139594] [left.robot_state_publisher]: got segment left_summit_front_right_wheel_link
[robot_state_publisher-4] [INFO] [1747916239.725158759] [left.robot_state_publisher]: got segment left_summit_imu_link
[robot_state_publisher-4] [INFO] [1747916239.725178019] [left.robot_state_publisher]: got segment left_summit_rear_laser_base_link
[robot_state_publisher-4] [INFO] [1747916239.725197870] [left.robot_state_publisher]: got segment left_summit_rear_laser_link
[robot_state_publisher-4] [INFO] [1747916239.725217233] [left.robot_state_publisher]: got segment ur_left_base
[robot_state_publisher-4] [INFO] [1747916239.725237764] [left.robot_state_publisher]: got segment ur_left_base_link
[robot_state_publisher-4] [INFO] [1747916239.725256984] [left.robot_state_publisher]: got segment ur_left_base_link_inertia
[robot_state_publisher-4] [INFO] [1747916239.725275581] [left.robot_state_publisher]: got segment ur_left_finger_left
[robot_state_publisher-4] [INFO] [1747916239.725292535] [left.robot_state_publisher]: got segment ur_left_finger_right
[robot_state_publisher-4] [INFO] [1747916239.725309375] [left.robot_state_publisher]: got segment ur_left_finger_tip
[robot_state_publisher-4] [INFO] [1747916239.725329382] [left.robot_state_publisher]: got segment ur_left_flange
[robot_state_publisher-4] [INFO] [1747916239.725349209] [left.robot_state_publisher]: got segment ur_left_forearm_link
[robot_state_publisher-4] [INFO] [1747916239.725368600] [left.robot_state_publisher]: got segment ur_left_ft_frame
[robot_state_publisher-4] [INFO] [1747916239.725388142] [left.robot_state_publisher]: got segment ur_left_robotiq_hand
[robot_state_publisher-4] [INFO] [1747916239.725407130] [left.robot_state_publisher]: got segment ur_left_shoulder_link
[robot_state_publisher-4] [INFO] [1747916239.725425359] [left.robot_state_publisher]: got segment ur_left_tool0
[robot_state_publisher-4] [INFO] [1747916239.725442141] [left.robot_state_publisher]: got segment ur_left_upper_arm_link
[robot_state_publisher-4] [INFO] [1747916239.725460399] [left.robot_state_publisher]: got segment ur_left_wrist_1_link
[robot_state_publisher-4] [INFO] [1747916239.725479026] [left.robot_state_publisher]: got segment ur_left_wrist_2_link
[robot_state_publisher-4] [INFO] [1747916239.725494658] [left.robot_state_publisher]: got segment ur_left_wrist_3_link
[static_transform_publisher-5] [WARN] [1747916239.596532796] []: Old-style arguments are deprecated; see --help for new-style arguments
[static_transform_publisher-5] [INFO] [1747916239.709107572] [left.static_transform_publisher]: Spinning until stopped - publishing transform
[static_transform_publisher-5] translation: ('-0.660000', '0.000000', '0.000000')
[static_transform_publisher-5] rotation: ('0.000000', '0.000000', '0.000000', '1.000000')
[static_transform_publisher-5] from 'world' to 'left_summit_odom'
[static_transform_publisher-6] [WARN] [1747916239.600125027] []: Old-style arguments are deprecated; see --help for new-style arguments
[static_transform_publisher-6] [INFO] [1747916239.682228536] [left_static_transform_publisher_back_left]: Spinning until stopped - publishing transform
[static_transform_publisher-6] translation: ('0.250000', '0.150000', '0.000000')
[static_transform_publisher-6] rotation: ('0.000000', '0.000000', '0.000000', '1.000000')
[static_transform_publisher-6] from 'left_summit_base_link' to 'left_summit_back_left_wheel_link'
[static_transform_publisher-7] [WARN] [1747916239.605299389] []: Old-style arguments are deprecated; see --help for new-style arguments
[static_transform_publisher-7] [INFO] [1747916239.683300274] [left_static_transform_publisher_back_right]: Spinning until stopped - publishing transform
[static_transform_publisher-7] translation: ('0.250000', '-0.150000', '0.000000')
[static_transform_publisher-7] rotation: ('0.000000', '0.000000', '0.000000', '1.000000')
[static_transform_publisher-7] from 'left_summit_base_link' to 'left_summit_back_right_wheel_link'
[static_transform_publisher-8] [WARN] [1747916239.606157307] []: Old-style arguments are deprecated; see --help for new-style arguments
[static_transform_publisher-8] [INFO] [1747916239.678548429] [left_static_transform_publisher_front_left]: Spinning until stopped - publishing transform
[static_transform_publisher-8] translation: ('-0.250000', '0.150000', '0.000000')
[static_transform_publisher-8] rotation: ('0.000000', '0.000000', '0.000000', '1.000000')
[static_transform_publisher-8] from 'left_summit_base_link' to 'left_summit_front_left_wheel_link'
[static_transform_publisher-9] [WARN] [1747916239.683543321] []: Old-style arguments are deprecated; see --help for new-style arguments
[static_transform_publisher-9] [INFO] [1747916239.800129774] [static_transform_publisher_front_right]: Spinning until stopped - publishing transform
[static_transform_publisher-9] translation: ('-0.250000', '-0.150000', '0.000000')
[static_transform_publisher-9] rotation: ('0.000000', '0.000000', '0.000000', '1.000000')
[static_transform_publisher-9] from 'left_summit_base_link' to 'left_summit_front_right_wheel_link'
[static_transform_publisher-14] [WARN] [1747916239.705708959] []: Old-style arguments are deprecated; see --help for new-style arguments
[static_transform_publisher-14] [INFO] [1747916239.824475864] [right.static_transform_publisher]: Spinning until stopped - publishing transform
[static_transform_publisher-14] translation: ('0.660000', '0.000000', '0.000000')
[static_transform_publisher-14] rotation: ('0.000000', '0.000000', '0.000000', '1.000000')
[static_transform_publisher-14] from 'world' to 'right_summit_odom'
[static_transform_publisher-15] [WARN] [1747916239.776353383] []: Old-style arguments are deprecated; see --help for new-style arguments
[static_transform_publisher-16] [WARN] [1747916239.764711911] []: Old-style arguments are deprecated; see --help for new-style arguments
[static_transform_publisher-16] [INFO] [1747916239.946711582] [right_static_transform_publisher_back_right]: Spinning until stopped - publishing transform
[static_transform_publisher-16] translation: ('0.250000', '-0.150000', '0.000000')
[static_transform_publisher-16] rotation: ('0.000000', '0.000000', '0.000000', '1.000000')
[static_transform_publisher-16] from 'right_summit_base_link' to 'right_summit_back_right_wheel_link'
[static_transform_publisher-17] [WARN] [1747916239.863584168] []: Old-style arguments are deprecated; see --help for new-style arguments
[static_transform_publisher-18] [WARN] [1747916239.833016700] []: Old-style arguments are deprecated; see --help for new-style arguments
[static_transform_publisher-18] [INFO] [1747916239.968602349] [static_transform_publisher_front_right]: Spinning until stopped - publishing transform
[static_transform_publisher-18] translation: ('-0.250000', '-0.150000', '0.000000')
[static_transform_publisher-18] rotation: ('0.000000', '0.000000', '0.000000', '1.000000')
[static_transform_publisher-18] from 'right_summit_base_link' to 'right_summit_front_right_wheel_link'
[robot_state_publisher-13] [INFO] [1747916239.990298068] [right.robot_state_publisher]: got segment right_summit_back_left_wheel_link
[robot_state_publisher-13] [INFO] [1747916239.990477211] [right.robot_state_publisher]: got segment right_summit_back_right_wheel_link
[robot_state_publisher-13] [INFO] [1747916239.990511970] [right.robot_state_publisher]: got segment right_summit_base_chapa
[robot_state_publisher-13] [INFO] [1747916239.990535136] [right.robot_state_publisher]: got segment right_summit_base_docking_contact
[robot_state_publisher-13] [INFO] [1747916239.990557088] [right.robot_state_publisher]: got segment right_summit_base_footprint
[robot_state_publisher-13] [INFO] [1747916239.990578989] [right.robot_state_publisher]: got segment right_summit_base_link
[robot_state_publisher-13] [INFO] [1747916239.990601442] [right.robot_state_publisher]: got segment right_summit_base_logo_front
[robot_state_publisher-13] [INFO] [1747916239.990622737] [right.robot_state_publisher]: got segment right_summit_base_logo_left
[robot_state_publisher-13] [INFO] [1747916239.990644513] [right.robot_state_publisher]: got segment right_summit_base_logo_rear
[robot_state_publisher-13] [INFO] [1747916239.990665382] [right.robot_state_publisher]: got segment right_summit_base_logo_right
[robot_state_publisher-13] [INFO] [1747916239.990686134] [right.robot_state_publisher]: got segment right_summit_front_laser_base_link
[robot_state_publisher-13] [INFO] [1747916239.990706501] [right.robot_state_publisher]: got segment right_summit_front_laser_link
[robot_state_publisher-13] [INFO] [1747916239.990727583] [right.robot_state_publisher]: got segment right_summit_front_left_wheel_link
[robot_state_publisher-13] [INFO] [1747916239.990746866] [right.robot_state_publisher]: got segment right_summit_front_right_wheel_link
[robot_state_publisher-13] [INFO] [1747916239.990765481] [right.robot_state_publisher]: got segment right_summit_imu_link
[robot_state_publisher-13] [INFO] [1747916239.990784442] [right.robot_state_publisher]: got segment right_summit_rear_laser_base_link
[robot_state_publisher-13] [INFO] [1747916239.990802977] [right.robot_state_publisher]: got segment right_summit_rear_laser_link
[robot_state_publisher-13] [INFO] [1747916239.990821340] [right.robot_state_publisher]: got segment ur_right_base
[robot_state_publisher-13] [INFO] [1747916239.990840516] [right.robot_state_publisher]: got segment ur_right_base_link
[robot_state_publisher-13] [INFO] [1747916239.990860252] [right.robot_state_publisher]: got segment ur_right_base_link_inertia
[robot_state_publisher-13] [INFO] [1747916239.990879694] [right.robot_state_publisher]: got segment ur_right_finger_left
[robot_state_publisher-13] [INFO] [1747916239.990899616] [right.robot_state_publisher]: got segment ur_right_finger_right
[robot_state_publisher-13] [INFO] [1747916239.990918941] [right.robot_state_publisher]: got segment ur_right_finger_tip
[robot_state_publisher-13] [INFO] [1747916239.990935332] [right.robot_state_publisher]: got segment ur_right_flange
[robot_state_publisher-13] [INFO] [1747916239.990950716] [right.robot_state_publisher]: got segment ur_right_forearm_link
[robot_state_publisher-13] [INFO] [1747916239.990966137] [right.robot_state_publisher]: got segment ur_right_ft_frame
[robot_state_publisher-13] [INFO] [1747916239.990983441] [right.robot_state_publisher]: got segment ur_right_robotiq_hand
[robot_state_publisher-13] [INFO] [1747916239.991003418] [right.robot_state_publisher]: got segment ur_right_shoulder_link
[robot_state_publisher-13] [INFO] [1747916239.991023145] [right.robot_state_publisher]: got segment ur_right_tool0
[robot_state_publisher-13] [INFO] [1747916239.991041882] [right.robot_state_publisher]: got segment ur_right_upper_arm_link
[robot_state_publisher-13] [INFO] [1747916239.991060555] [right.robot_state_publisher]: got segment ur_right_wrist_1_link
[robot_state_publisher-13] [INFO] [1747916239.991079764] [right.robot_state_publisher]: got segment ur_right_wrist_2_link
[robot_state_publisher-13] [INFO] [1747916239.991098757] [right.robot_state_publisher]: got segment ur_right_wrist_3_link
[static_transform_publisher-17] [INFO] [1747916240.010327309] [right_static_transform_publisher_front_left]: Spinning until stopped - publishing transform
[static_transform_publisher-17] translation: ('-0.250000', '0.150000', '0.000000')
[static_transform_publisher-17] rotation: ('0.000000', '0.000000', '0.000000', '1.000000')
[static_transform_publisher-17] from 'right_summit_base_link' to 'right_summit_front_left_wheel_link'
[static_transform_publisher-15] [INFO] [1747916240.112968468] [right_static_transform_publisher_back_left]: Spinning until stopped - publishing transform
[static_transform_publisher-15] translation: ('0.250000', '0.150000', '0.000000')
[static_transform_publisher-15] rotation: ('0.000000', '0.000000', '0.000000', '1.000000')
[static_transform_publisher-15] from 'right_summit_base_link' to 'right_summit_back_left_wheel_link'
[rviz2-21] QStandardPaths: XDG_RUNTIME_DIR not set, defaulting to '/tmp/runtime-root'
[move_group-22] [INFO] [1747916240.327768175] [moveit_rdf_loader.rdf_loader]: Loaded robot model in 0.0321138 seconds
[move_group-22] [INFO] [1747916240.329777816] [moveit_robot_model.robot_model]: Loading robot model 'srm'...
[move_group-22] [INFO] [1747916240.331465496] [moveit_robot_model.robot_model]: No root/virtual joint specified in SRDF. Assuming fixed joint
[move_group-22] [WARN] [1747916240.333049822] [moveit_robot_model.robot_model]: Link left_summit_base_footprint has visual geometry but no collision geometry. Collision geometry will be left empty. Fix your URDF file by explicitly specifying collision geometry.
[move_group-22] [WARN] [1747916240.342587083] [moveit_robot_model.robot_model]: Link left_summit_base_logo_front has visual geometry but no collision geometry. Collision geometry will be left empty. Fix your URDF file by explicitly specifying collision geometry.
[move_group-22] [WARN] [1747916240.344530248] [moveit_robot_model.robot_model]: Link left_summit_base_logo_left has visual geometry but no collision geometry. Collision geometry will be left empty. Fix your URDF file by explicitly specifying collision geometry.
[move_group-22] [WARN] [1747916240.346403485] [moveit_robot_model.robot_model]: Link left_summit_base_logo_rear has visual geometry but no collision geometry. Collision geometry will be left empty. Fix your URDF file by explicitly specifying collision geometry.
[move_group-22] [WARN] [1747916240.347949427] [moveit_robot_model.robot_model]: Link left_summit_base_logo_right has visual geometry but no collision geometry. Collision geometry will be left empty. Fix your URDF file by explicitly specifying collision geometry.
[move_group-22] [WARN] [1747916240.349477608] [moveit_robot_model.robot_model]: Link left_summit_base_chapa has visual geometry but no collision geometry. Collision geometry will be left empty. Fix your URDF file by explicitly specifying collision geometry.
[move_group-22] [WARN] [1747916240.365845119] [moveit_robot_model.robot_model]: Link left_summit_imu_link has visual geometry but no collision geometry. Collision geometry will be left empty. Fix your URDF file by explicitly specifying collision geometry.
[move_group-22] [WARN] [1747916240.776141193] [moveit_robot_model.robot_model]: Link right_summit_base_footprint has visual geometry but no collision geometry. Collision geometry will be left empty. Fix your URDF file by explicitly specifying collision geometry.
[move_group-22] [WARN] [1747916240.783021208] [moveit_robot_model.robot_model]: Link right_summit_base_logo_front has visual geometry but no collision geometry. Collision geometry will be left empty. Fix your URDF file by explicitly specifying collision geometry.
[move_group-22] [WARN] [1747916240.784684620] [moveit_robot_model.robot_model]: Link right_summit_base_logo_left has visual geometry but no collision geometry. Collision geometry will be left empty. Fix your URDF file by explicitly specifying collision geometry.
[move_group-22] [WARN] [1747916240.786948025] [moveit_robot_model.robot_model]: Link right_summit_base_logo_rear has visual geometry but no collision geometry. Collision geometry will be left empty. Fix your URDF file by explicitly specifying collision geometry.
[move_group-22] [WARN] [1747916240.788564476] [moveit_robot_model.robot_model]: Link right_summit_base_logo_right has visual geometry but no collision geometry. Collision geometry will be left empty. Fix your URDF file by explicitly specifying collision geometry.
[move_group-22] [WARN] [1747916240.790041755] [moveit_robot_model.robot_model]: Link right_summit_base_chapa has visual geometry but no collision geometry. Collision geometry will be left empty. Fix your URDF file by explicitly specifying collision geometry.
[spawner-10] [INFO] [1747916240.790434462] [left.spawner_joint_state_broadcaster]: waiting for service /left/controller_manager/list_controllers to become available...
[move_group-22] [WARN] [1747916240.795366549] [moveit_robot_model.robot_model]: Link right_summit_imu_link has visual geometry but no collision geometry. Collision geometry will be left empty. Fix your URDF file by explicitly specifying collision geometry.
[move_group-22] terminate called after throwing an instance of 'rclcpp::exceptions::InvalidParameterTypeException'
[move_group-22]   what():  parameter 'robot_description_planning.joint_limits.left_summit_back_left_wheel_joint.max_velocity' has invalid type: expected [double] got [integer]
[move_group-22] Stack trace (most recent call last):
[move_group-22] #19   Object "", at 0xffffffffffffffff, in 
[move_group-22] #18   Object "/ros2_ws/build/moveit_ros_move_group/move_group", at 0x55a8b0fa6eb4, in _start
[move_group-22] #17   Object "/usr/lib/x86_64-linux-gnu/libc.so.6", at 0x7f9bfab33e3f, in __libc_start_main
[move_group-22] #16   Object "/usr/lib/x86_64-linux-gnu/libc.so.6", at 0x7f9bfab33d8f, in 
[move_group-22] #15   Object "/ros2_ws/build/moveit_ros_move_group/move_group", at 0x55a8b0fa61f3, in main
[move_group-22] #14   Object "/ros2_ws/install/moveit_ros_planning/lib/libmoveit_cpp.so.2.5.8", at 0x7f9bfb539be4, in moveit_cpp::MoveItCpp::MoveItCpp(std::shared_ptr<rclcpp::Node> const&, moveit_cpp::MoveItCpp::Options const&)
[move_group-22] #13   Object "/ros2_ws/install/moveit_ros_planning/lib/libmoveit_cpp.so.2.5.8", at 0x7f9bfb5396cb, in moveit_cpp::MoveItCpp::loadPlanningSceneMonitor(moveit_cpp::MoveItCpp::PlanningSceneMonitorOptions const&)
[move_group-22] #12   Object "/ros2_ws/install/moveit_ros_planning/lib/libmoveit_planning_scene_monitor.so.2.5.8", at 0x7f9bfb37ed01, in planning_scene_monitor::PlanningSceneMonitor::PlanningSceneMonitor(std::shared_ptr<rclcpp::Node> const&, std::__cxx11::basic_string<char, std::char_traits<char>, std::allocator<char> > const&, std::__cxx11::basic_string<char, std::char_traits<char>, std::allocator<char> > const&)
[move_group-22] #11   Object "/ros2_ws/install/moveit_ros_planning/lib/libmoveit_planning_scene_monitor.so.2.5.8", at 0x7f9bfb37ec56, in planning_scene_monitor::PlanningSceneMonitor::PlanningSceneMonitor(std::shared_ptr<rclcpp::Node> const&, std::shared_ptr<planning_scene::PlanningScene> const&, std::__cxx11::basic_string<char, std::char_traits<char>, std::allocator<char> > const&, std::__cxx11::basic_string<char, std::char_traits<char>, std::allocator<char> > const&)
[move_group-22] #10   Object "/ros2_ws/install/moveit_ros_planning/lib/libmoveit_robot_model_loader.so.2.5.8", at 0x7f9bfa5a9812, in robot_model_loader::RobotModelLoader::RobotModelLoader(std::shared_ptr<rclcpp::Node> const&, std::__cxx11::basic_string<char, std::char_traits<char>, std::allocator<char> > const&, bool)
[move_group-22] #9    Object "/ros2_ws/install/moveit_ros_planning/lib/libmoveit_robot_model_loader.so.2.5.8", at 0x7f9bfa5a898f, in robot_model_loader::RobotModelLoader::configure(robot_model_loader::RobotModelLoader::Options const&)
[move_group-22] #8    Object "/ros2_ws/build/moveit_ros_move_group/move_group", at 0x55a8b0fae5ce, in bool rclcpp::Node::get_parameter<double>(std::__cxx11::basic_string<char, std::char_traits<char>, std::allocator<char> > const&, double&) const
[move_group-22] #7    Object "/ros2_ws/build/moveit_ros_move_group/move_group", at 0x55a8b0fae50c, in decltype(auto) rclcpp::Parameter::get_value<double>() const
[move_group-22] #6    Object "/usr/lib/x86_64-linux-gnu/libstdc++.so.6.0.30", at 0x7f9bfae014d7, in __cxa_throw
[move_group-22] #5    Object "/usr/lib/x86_64-linux-gnu/libstdc++.so.6.0.30", at 0x7f9bfae01276, in std::terminate()
[move_group-22] #4    Object "/usr/lib/x86_64-linux-gnu/libstdc++.so.6.0.30", at 0x7f9bfae0120b, in 
[move_group-22] #3    Object "/usr/lib/x86_64-linux-gnu/libstdc++.so.6.0.30", at 0x7f9bfadf5b9d, in 
[move_group-22] #2    Object "/usr/lib/x86_64-linux-gnu/libc.so.6", at 0x7f9bfab327f2, in abort
[move_group-22] #1    Object "/usr/lib/x86_64-linux-gnu/libc.so.6", at 0x7f9bfab4c475, in raise
[move_group-22] #0    Object "/usr/lib/x86_64-linux-gnu/libc.so.6", at 0x7f9bfaba09fc, in pthread_kill
[move_group-22] Aborted (Signal sent by tkill() 147993 0)
[spawn_entity.py-12] [INFO] [1747916241.318970073] [right]: Spawn Entity started
[spawn_entity.py-12] [INFO] [1747916241.320317943] [right]: Loading entity published on topic /right/robot_description
[spawn_entity.py-12] /opt/ros/humble/local/lib/python3.10/dist-packages/rclpy/qos.py:307: UserWarning: DurabilityPolicy.RMW_QOS_POLICY_DURABILITY_TRANSIENT_LOCAL is deprecated. Use DurabilityPolicy.TRANSIENT_LOCAL instead.
[spawn_entity.py-12]   warnings.warn(
[spawn_entity.py-12] [INFO] [1747916241.335700036] [right]: Waiting for entity xml on /right/robot_description
[spawn_entity.py-12] [INFO] [1747916241.350139286] [right]: Waiting for service /spawn_entity, timeout = 5
[spawn_entity.py-12] [INFO] [1747916241.354400054] [right]: Waiting for service /spawn_entity
[spawner-19] [INFO] [1747916241.386450489] [right.spawner_joint_state_broadcaster]: waiting for service /right/controller_manager/list_controllers to become available...
[spawn_entity.py-3] [INFO] [1747916241.428469496] [left]: Spawn Entity started
[spawn_entity.py-3] [INFO] [1747916241.429669767] [left]: Loading entity published on topic /left/robot_description
[spawn_entity.py-3] /opt/ros/humble/local/lib/python3.10/dist-packages/rclpy/qos.py:307: UserWarning: DurabilityPolicy.RMW_QOS_POLICY_DURABILITY_TRANSIENT_LOCAL is deprecated. Use DurabilityPolicy.TRANSIENT_LOCAL instead.
[spawn_entity.py-3]   warnings.warn(
[spawn_entity.py-3] [INFO] [1747916241.436058044] [left]: Waiting for entity xml on /left/robot_description
[spawner-20] [INFO] [1747916241.440643362] [right.spawner_ur_right_joint_group_vel_controller]: waiting for service /right/controller_manager/list_controllers to become available...
[spawner-11] [INFO] [1747916241.442077582] [left.spawner_ur_left_joint_group_vel_controller]: waiting for service /left/controller_manager/list_controllers to become available...
[rviz2-21] [INFO] [1747916241.672038308] [rviz2]: Stereo is NOT SUPPORTED
[rviz2-21] [INFO] [1747916241.672371957] [rviz2]: OpenGl version: 4.6 (GLSL 4.6)
[rviz2-21] [INFO] [1747916241.734889116] [rviz2]: Stereo is NOT SUPPORTED
[spawn_entity.py-3] [INFO] [1747916242.015873932] [left]: Waiting for service /spawn_entity, timeout = 5
[spawn_entity.py-3] [INFO] [1747916242.018888205] [left]: Waiting for service /spawn_entity
[rviz2-21] [WARN] [1747916242.790572108] [rcl.logging_rosout]: Publisher already registered for provided node name. If this is due to multiple nodes with the same name then all logs for that logger name will go out over the existing publisher. As soon as any node with that name is destructed it will unregister the publisher, preventing any further logs for that name from being published on the rosout topic.
[gzserver-1] [WARN] [1747916244.023206828] [rcl]: Found remap rule 'model_states:=model_states'. This syntax is deprecated. Use '--ros-args --remap model_states:=model_states' instead.
[gzserver-1] [WARN] [1747916244.023527491] [rcl]: Found remap rule 'link_states:=link_states'. This syntax is deprecated. Use '--ros-args --remap link_states:=link_states' instead.
[spawn_entity.py-3] [INFO] [1747916244.040487675] [left]: Calling service /spawn_entity
[gzserver-1] [INFO] [1747916244.068174422] [state.gazebo_ros_state]: Publishing states of gazebo models at [/state/model_states]
[gzserver-1] [INFO] [1747916244.071788017] [state.gazebo_ros_state]: Publishing states of gazebo links at [/state/link_states]
[spawn_entity.py-12] [INFO] [1747916244.137083197] [right]: Calling service /spawn_entity
[gzserver-1] [INFO] [1747916245.063179963] [left_summit_imu_imu_plugin]: <initial_orientation_as_reference> is unset, using default value of false to comply with REP 145 (world as orientation reference)
[spawn_entity.py-3] [INFO] [1747916245.461737898] [left]: Spawn status: SpawnEntity: Successfully spawned entity [left_robot]
[spawn_entity.py-3] [INFO] [1747916245.482215719] [left]: Calling service /unpause_physics
[INFO] [spawn_entity.py-3]: process has finished cleanly [pid 147862]
[gzserver-1] [INFO] [1747916245.807249704] [left_summit.omni_steering]: Subscribed to [/left_summit/cmd_vel]
[gzserver-1] [INFO] [1747916245.819135584] [left_summit.omni_steering]: Advertise odometry on [/left_summit/odom]
[gzserver-1] [INFO] [1747916245.831750893] [left_summit.omni_steering]: Publishing odom transforms between [left_summit_odom] and [left_summit_base_footprint]
[gzserver-1] [INFO] [1747916245.915449445] [gazebo_ros2_control]: Loading gazebo_ros2_control plugin
[gzserver-1] [INFO] [1747916245.944151103] [left.left_gazebo_ros2_control]: Starting gazebo_ros2_control plugin in namespace: /left
[gzserver-1] [INFO] [1747916245.944297897] [left.left_gazebo_ros2_control]: Starting gazebo_ros2_control plugin in ros 2 node: left_gazebo_ros2_control
[gzserver-1] [INFO] [1747916245.967580412] [left.left_gazebo_ros2_control]: connected to service!! robot_state_publisher
[gzserver-1] [INFO] [1747916245.975195022] [left.left_gazebo_ros2_control]: Received urdf from param server, parsing...
[gzserver-1] [INFO] [1747916245.976662233] [left.left_gazebo_ros2_control]: Loading parameter files /ros2_ws/install/ur/share/ur/config/left_controller.yaml
[gzserver-1] [INFO] [1747916246.024955161] [resource_manager]: Loading hardware 'left_ur' 
[gzserver-1] [ERROR] [1747916246.025759151] [left.left_gazebo_ros2_control]: Error initializing URDF to resource manager!
[gzserver-1] [INFO] [1747916246.086251549] [left.left_gazebo_ros2_control]: Loading joint: ur_left_shoulder_pan_joint
[gzserver-1] [INFO] [1747916246.086737101] [left.left_gazebo_ros2_control]: 	State:
[gzserver-1] [INFO] [1747916246.086827462] [left.left_gazebo_ros2_control]: 		 position
[gzserver-1] [INFO] [1747916246.087638359] [left.left_gazebo_ros2_control]: 			 found initial value: -1.400000
[gzserver-1] [INFO] [1747916246.087680841] [left.left_gazebo_ros2_control]: 		 velocity
[gzserver-1] [INFO] [1747916246.087951484] [left.left_gazebo_ros2_control]: 		 effort
[gzserver-1] [INFO] [1747916246.088115715] [left.left_gazebo_ros2_control]: 	Command:
[gzserver-1] [INFO] [1747916246.088140196] [left.left_gazebo_ros2_control]: 		 position
[gzserver-1] [INFO] [1747916246.089021016] [left.left_gazebo_ros2_control]: 		 velocity
[gzserver-1] [INFO] [1747916246.089716948] [left.left_gazebo_ros2_control]: Loading joint: ur_left_shoulder_lift_joint
[gzserver-1] [INFO] [1747916246.089769605] [left.left_gazebo_ros2_control]: 	State:
[gzserver-1] [INFO] [1747916246.089796802] [left.left_gazebo_ros2_control]: 		 position
[gzserver-1] [INFO] [1747916246.089833109] [left.left_gazebo_ros2_control]: 			 found initial value: -1.227838
[gzserver-1] [INFO] [1747916246.089868174] [left.left_gazebo_ros2_control]: 		 velocity
[gzserver-1] [INFO] [1747916246.089906670] [left.left_gazebo_ros2_control]: 		 effort
[gzserver-1] [INFO] [1747916246.089940340] [left.left_gazebo_ros2_control]: 	Command:
[gzserver-1] [INFO] [1747916246.089965957] [left.left_gazebo_ros2_control]: 		 position
[gzserver-1] [INFO] [1747916246.090058410] [left.left_gazebo_ros2_control]: 		 velocity
[gzserver-1] [INFO] [1747916246.090139313] [left.left_gazebo_ros2_control]: Loading joint: ur_left_elbow_joint
[gzserver-1] [INFO] [1747916246.090171445] [left.left_gazebo_ros2_control]: 	State:
[gzserver-1] [INFO] [1747916246.090198280] [left.left_gazebo_ros2_control]: 		 position
[gzserver-1] [INFO] [1747916246.090228935] [left.left_gazebo_ros2_control]: 			 found initial value: -1.791046
[gzserver-1] [INFO] [1747916246.090260014] [left.left_gazebo_ros2_control]: 		 velocity
[gzserver-1] [INFO] [1747916246.090286962] [left.left_gazebo_ros2_control]: 		 effort
[gzserver-1] [INFO] [1747916246.090373055] [left.left_gazebo_ros2_control]: 	Command:
[gzserver-1] [INFO] [1747916246.090404396] [left.left_gazebo_ros2_control]: 		 position
[gzserver-1] [INFO] [1747916246.090470798] [left.left_gazebo_ros2_control]: 		 velocity
[gzserver-1] [INFO] [1747916246.090598121] [left.left_gazebo_ros2_control]: Loading joint: ur_left_wrist_1_joint
[gzserver-1] [INFO] [1747916246.090632884] [left.left_gazebo_ros2_control]: 	State:
[gzserver-1] [INFO] [1747916246.090661515] [left.left_gazebo_ros2_control]: 		 position
[gzserver-1] [INFO] [1747916246.090689604] [left.left_gazebo_ros2_control]: 			 found initial value: -1.447073
[gzserver-1] [INFO] [1747916246.090722813] [left.left_gazebo_ros2_control]: 		 velocity
[gzserver-1] [INFO] [1747916246.090752550] [left.left_gazebo_ros2_control]: 		 effort
[gzserver-1] [INFO] [1747916246.090780824] [left.left_gazebo_ros2_control]: 	Command:
[gzserver-1] [INFO] [1747916246.090808918] [left.left_gazebo_ros2_control]: 		 position
[gzserver-1] [INFO] [1747916246.090870055] [left.left_gazebo_ros2_control]: 		 velocity
[gzserver-1] [INFO] [1747916246.090918849] [left.left_gazebo_ros2_control]: Loading joint: ur_left_wrist_2_joint
[gzserver-1] [INFO] [1747916246.090948204] [left.left_gazebo_ros2_control]: 	State:
[gzserver-1] [INFO] [1747916246.090973964] [left.left_gazebo_ros2_control]: 		 position
[gzserver-1] [INFO] [1747916246.090998215] [left.left_gazebo_ros2_control]: 			 found initial value: 1.900333
[gzserver-1] [INFO] [1747916246.091024778] [left.left_gazebo_ros2_control]: 		 velocity
[gzserver-1] [INFO] [1747916246.091051718] [left.left_gazebo_ros2_control]: 		 effort
[gzserver-1] [INFO] [1747916246.091076366] [left.left_gazebo_ros2_control]: 	Command:
[gzserver-1] [INFO] [1747916246.091101923] [left.left_gazebo_ros2_control]: 		 position
[gzserver-1] [INFO] [1747916246.091162121] [left.left_gazebo_ros2_control]: 		 velocity
[gzserver-1] [INFO] [1747916246.091200089] [left.left_gazebo_ros2_control]: Loading joint: ur_left_wrist_3_joint
[gzserver-1] [INFO] [1747916246.091226217] [left.left_gazebo_ros2_control]: 	State:
[gzserver-1] [INFO] [1747916246.091248970] [left.left_gazebo_ros2_control]: 		 position
[gzserver-1] [INFO] [1747916246.091275875] [left.left_gazebo_ros2_control]: 			 found initial value: -0.755379
[gzserver-1] [INFO] [1747916246.091304148] [left.left_gazebo_ros2_control]: 		 velocity
[gzserver-1] [INFO] [1747916246.091338894] [left.left_gazebo_ros2_control]: 		 effort
[gzserver-1] [INFO] [1747916246.091363995] [left.left_gazebo_ros2_control]: 	Command:
[gzserver-1] [INFO] [1747916246.091388622] [left.left_gazebo_ros2_control]: 		 position
[gzserver-1] [INFO] [1747916246.091431017] [left.left_gazebo_ros2_control]: 		 velocity
[gzserver-1] [INFO] [1747916246.092561513] [resource_manager]: Initialize hardware 'left_ur' 
[gzserver-1] [INFO] [1747916246.096777931] [resource_manager]: Successful initialization of hardware 'left_ur'
[gzserver-1] [INFO] [1747916246.097558032] [resource_manager]: 'configure' hardware 'left_ur' 
[gzserver-1] [INFO] [1747916246.097605278] [resource_manager]: Successful 'configure' of hardware 'left_ur'
[gzserver-1] [INFO] [1747916246.097623080] [resource_manager]: 'activate' hardware 'left_ur' 
[gzserver-1] [INFO] [1747916246.097633008] [resource_manager]: Successful 'activate' of hardware 'left_ur'
[gzserver-1] [INFO] [1747916246.098923304] [left.left_gazebo_ros2_control]: Loading controller_manager
[gzserver-1] [WARN] [1747916246.236374580] [left.left_gazebo_ros2_control]:  Desired controller update period (0.002 s) is slower than the gazebo simulation period (0.001 s).
[gzserver-1] [INFO] [1747916246.240941069] [left.left_gazebo_ros2_control]: Loaded gazebo_ros2_control.
[gzserver-1] [INFO] [1747916246.308229903] [left.controller_manager]: Loading controller 'joint_state_broadcaster'
[spawner-10] [INFO] [1747916246.389393115] [left.spawner_joint_state_broadcaster]: [94mLoaded [1mjoint_state_broadcaster[0m
[gzserver-1] [INFO] [1747916246.393722807] [left.controller_manager]: Configuring controller 'joint_state_broadcaster'
[gzserver-1] [INFO] [1747916246.394466234] [left.joint_state_broadcaster]: 'joints' or 'interfaces' parameter is empty. All available state interfaces will be published
[gzserver-1] [INFO] [1747916246.457512987] [left.controller_manager]: Loading controller 'ur_left_joint_group_vel_controller'
[gzserver-1] [INFO] [1747916247.303940887] [right_summit_imu_imu_plugin]: <initial_orientation_as_reference> is unset, using default value of false to comply with REP 145 (world as orientation reference)
[spawn_entity.py-12] [INFO] [1747916247.613086184] [right]: Spawn status: SpawnEntity: Successfully spawned entity [right_robot]
[spawn_entity.py-12] [INFO] [1747916247.645441623] [right]: Calling service /unpause_physics
[gzserver-1] [WARN] [1747916247.721907944] [gazebo.rclcpp]: failed to send response to /unpause_physics (timeout): client will not receive response, at ./src/rmw_response.cpp:154, at ./src/rcl/service.c:314
[gzserver-1] [INFO] [1747916247.831009273] [right_summit.omni_steering]: Subscribed to [/right_summit/cmd_vel]
[gzserver-1] [INFO] [1747916247.834784103] [right_summit.omni_steering]: Advertise odometry on [/right_summit/odom]
[gzserver-1] [INFO] [1747916247.847724858] [right_summit.omni_steering]: Publishing odom transforms between [right_summit_odom] and [right_summit_base_footprint]
[gzserver-1] [INFO] [1747916247.848478990] [gazebo_ros2_control]: Loading gazebo_ros2_control plugin
[gzserver-1] [INFO] [1747916247.894113107] [right.right_gazebo_ros2_control]: Starting gazebo_ros2_control plugin in namespace: /right
[gzserver-1] [INFO] [1747916247.894207139] [right.right_gazebo_ros2_control]: Starting gazebo_ros2_control plugin in ros 2 node: right_gazebo_ros2_control
[gzserver-1] [INFO] [1747916247.931364446] [right.right_gazebo_ros2_control]: connected to service!! robot_state_publisher
[gzserver-1] [INFO] [1747916247.951649934] [right.right_gazebo_ros2_control]: Received urdf from param server, parsing...
[gzserver-1] [INFO] [1747916247.952333159] [right.right_gazebo_ros2_control]: Loading parameter files /ros2_ws/install/ur/share/ur/config/right_controller.yaml
[INFO] [spawn_entity.py-12]: process has finished cleanly [pid 147880]
[gzserver-1] [INFO] [1747916247.967403868] [resource_manager]: Loading hardware 'right_ur' 
[gzserver-1] [ERROR] [1747916247.967509576] [right.right_gazebo_ros2_control]: Error initializing URDF to resource manager!
[gzserver-1] [INFO] [1747916247.982170003] [right.right_gazebo_ros2_control]: Loading joint: ur_right_shoulder_pan_joint
[gzserver-1] [INFO] [1747916247.982267874] [right.right_gazebo_ros2_control]: 	State:
[gzserver-1] [INFO] [1747916247.982312069] [right.right_gazebo_ros2_control]: 		 position
[gzserver-1] [INFO] [1747916247.982358781] [right.right_gazebo_ros2_control]: 			 found initial value: -1.300000
[gzserver-1] [INFO] [1747916247.982485058] [right.right_gazebo_ros2_control]: 		 velocity
[gzserver-1] [INFO] [1747916247.982533176] [right.right_gazebo_ros2_control]: 		 effort
[gzserver-1] [INFO] [1747916247.982571782] [right.right_gazebo_ros2_control]: 	Command:
[gzserver-1] [INFO] [1747916247.982604661] [right.right_gazebo_ros2_control]: 		 position
[gzserver-1] [INFO] [1747916247.983051337] [right.right_gazebo_ros2_control]: 		 velocity
[gzserver-1] [INFO] [1747916247.983129254] [right.right_gazebo_ros2_control]: Loading joint: ur_right_shoulder_lift_joint
[gzserver-1] [INFO] [1747916247.983167643] [right.right_gazebo_ros2_control]: 	State:
[gzserver-1] [INFO] [1747916247.983196998] [right.right_gazebo_ros2_control]: 		 position
[gzserver-1] [INFO] [1747916247.983252508] [right.right_gazebo_ros2_control]: 			 found initial value: -0.800000
[gzserver-1] [INFO] [1747916247.983294380] [right.right_gazebo_ros2_control]: 		 velocity
[gzserver-1] [INFO] [1747916247.983331577] [right.right_gazebo_ros2_control]: 		 effort
[gzserver-1] [INFO] [1747916247.983364479] [right.right_gazebo_ros2_control]: 	Command:
[gzserver-1] [INFO] [1747916247.983393151] [right.right_gazebo_ros2_control]: 		 position
[gzserver-1] [INFO] [1747916247.983468624] [right.right_gazebo_ros2_control]: 		 velocity
[gzserver-1] [INFO] [1747916247.983519977] [right.right_gazebo_ros2_control]: Loading joint: ur_right_elbow_joint
[gzserver-1] [INFO] [1747916247.983554700] [right.right_gazebo_ros2_control]: 	State:
[gzserver-1] [INFO] [1747916247.983582952] [right.right_gazebo_ros2_control]: 		 position
[gzserver-1] [INFO] [1747916247.983613192] [right.right_gazebo_ros2_control]: 			 found initial value: -1.800000
[gzserver-1] [INFO] [1747916247.984322409] [right.right_gazebo_ros2_control]: 		 velocity
[gzserver-1] [INFO] [1747916247.984365746] [right.right_gazebo_ros2_control]: 		 effort
[gzserver-1] [INFO] [1747916247.984434010] [right.right_gazebo_ros2_control]: 	Command:
[gzserver-1] [INFO] [1747916247.984465735] [right.right_gazebo_ros2_control]: 		 position
[gzserver-1] [INFO] [1747916247.984547049] [right.right_gazebo_ros2_control]: 		 velocity
[gzserver-1] [INFO] [1747916247.984599771] [right.right_gazebo_ros2_control]: Loading joint: ur_right_wrist_1_joint
[gzserver-1] [INFO] [1747916247.984635318] [right.right_gazebo_ros2_control]: 	State:
[gzserver-1] [INFO] [1747916247.984664194] [right.right_gazebo_ros2_control]: 		 position
[gzserver-1] [INFO] [1747916247.984695400] [right.right_gazebo_ros2_control]: 			 found initial value: -1.570000
[gzserver-1] [INFO] [1747916247.984728578] [right.right_gazebo_ros2_control]: 		 velocity
[gzserver-1] [INFO] [1747916247.984760046] [right.right_gazebo_ros2_control]: 		 effort
[gzserver-1] [INFO] [1747916247.984947939] [right.right_gazebo_ros2_control]: 	Command:
[gzserver-1] [INFO] [1747916247.984982717] [right.right_gazebo_ros2_control]: 		 position
[gzserver-1] [INFO] [1747916247.985077086] [right.right_gazebo_ros2_control]: 		 velocity
[gzserver-1] [INFO] [1747916247.985137052] [right.right_gazebo_ros2_control]: Loading joint: ur_right_wrist_2_joint
[gzserver-1] [INFO] [1747916247.985223085] [right.right_gazebo_ros2_control]: 	State:
[gzserver-1] [INFO] [1747916247.985256178] [right.right_gazebo_ros2_control]: 		 position
[gzserver-1] [INFO] [1747916247.985537511] [right.right_gazebo_ros2_control]: 			 found initial value: 1.638000
[gzserver-1] [INFO] [1747916247.985600007] [right.right_gazebo_ros2_control]: 		 velocity
[gzserver-1] [INFO] [1747916247.985636256] [right.right_gazebo_ros2_control]: 		 effort
[gzserver-1] [INFO] [1747916247.985668978] [right.right_gazebo_ros2_control]: 	Command:
[gzserver-1] [INFO] [1747916247.985697665] [right.right_gazebo_ros2_control]: 		 position
[gzserver-1] [INFO] [1747916247.985834254] [right.right_gazebo_ros2_control]: 		 velocity
[gzserver-1] [INFO] [1747916247.985913410] [right.right_gazebo_ros2_control]: Loading joint: ur_right_wrist_3_joint
[gzserver-1] [INFO] [1747916247.985950626] [right.right_gazebo_ros2_control]: 	State:
[gzserver-1] [INFO] [1747916247.985979004] [right.right_gazebo_ros2_control]: 		 position
[gzserver-1] [INFO] [1747916247.986009206] [right.right_gazebo_ros2_control]: 			 found initial value: 0.000000
[gzserver-1] [INFO] [1747916247.986043971] [right.right_gazebo_ros2_control]: 		 velocity
[gzserver-1] [INFO] [1747916247.986086955] [right.right_gazebo_ros2_control]: 		 effort
[gzserver-1] [INFO] [1747916247.986170642] [right.right_gazebo_ros2_control]: 	Command:
[gzserver-1] [INFO] [1747916247.986280791] [right.right_gazebo_ros2_control]: 		 position
[gzserver-1] [INFO] [1747916247.986352006] [right.right_gazebo_ros2_control]: 		 velocity
[gzserver-1] [INFO] [1747916247.986419971] [resource_manager]: Initialize hardware 'right_ur' 
[gzserver-1] [INFO] [1747916247.986535703] [resource_manager]: Successful initialization of hardware 'right_ur'
[gzserver-1] [INFO] [1747916247.987749216] [resource_manager]: 'configure' hardware 'right_ur' 
[gzserver-1] [INFO] [1747916247.987905101] [resource_manager]: Successful 'configure' of hardware 'right_ur'
[gzserver-1] [INFO] [1747916247.987947002] [resource_manager]: 'activate' hardware 'right_ur' 
[gzserver-1] [INFO] [1747916247.987968859] [resource_manager]: Successful 'activate' of hardware 'right_ur'
[gzserver-1] [INFO] [1747916247.988067573] [right.right_gazebo_ros2_control]: Loading controller_manager
[gzserver-1] [WARN] [1747916248.107941180] [right.right_gazebo_ros2_control]:  Desired controller update period (0.002 s) is slower than the gazebo simulation period (0.001 s).
[gzserver-1] [INFO] [1747916248.108845721] [right.right_gazebo_ros2_control]: Loaded gazebo_ros2_control.
[spawner-11] [INFO] [1747916248.122021049] [left.spawner_ur_left_joint_group_vel_controller]: [94mLoaded [1mur_left_joint_group_vel_controller[0m
[spawner-10] [INFO] [1747916248.131660558] [left.spawner_joint_state_broadcaster]: [92mConfigured and activated [1mjoint_state_broadcaster[0m
[gzserver-1] [INFO] [1747916248.133032999] [left.controller_manager]: Configuring controller 'ur_left_joint_group_vel_controller'
[gzserver-1] [INFO] [1747916248.140706485] [left.ur_left_joint_group_vel_controller]: configure successful
[gzserver-1] [INFO] [1747916248.158113205] [left.ur_left_joint_group_vel_controller]: activate successful
[gzserver-1] [INFO] [1747916248.163977308] [right.controller_manager]: Loading controller 'joint_state_broadcaster'
[spawner-11] [INFO] [1747916248.166878770] [left.spawner_ur_left_joint_group_vel_controller]: [92mConfigured and activated [1mur_left_joint_group_vel_controller[0m
[spawner-19] [INFO] [1747916248.235234046] [right.spawner_joint_state_broadcaster]: [94mLoaded [1mjoint_state_broadcaster[0m
[gzserver-1] [INFO] [1747916248.242018737] [right.controller_manager]: Loading controller 'ur_right_joint_group_vel_controller'
[gzserver-1] [INFO] [1747916248.402628526] [right.controller_manager]: Configuring controller 'joint_state_broadcaster'
[gzserver-1] [INFO] [1747916248.403848243] [right.joint_state_broadcaster]: 'joints' or 'interfaces' parameter is empty. All available state interfaces will be published
[spawner-20] [INFO] [1747916248.408465713] [right.spawner_ur_right_joint_group_vel_controller]: [94mLoaded [1mur_right_joint_group_vel_controller[0m
[gzserver-1] [INFO] [1747916248.421068171] [right.controller_manager]: Configuring controller 'ur_right_joint_group_vel_controller'
[gzserver-1] [INFO] [1747916248.424733893] [right.ur_right_joint_group_vel_controller]: configure successful
[spawner-19] [INFO] [1747916248.444055191] [right.spawner_joint_state_broadcaster]: [92mConfigured and activated [1mjoint_state_broadcaster[0m
[gzserver-1] [INFO] [1747916248.447471117] [right.ur_right_joint_group_vel_controller]: activate successful
[spawner-20] [INFO] [1747916248.453880092] [right.spawner_ur_right_joint_group_vel_controller]: [92mConfigured and activated [1mur_right_joint_group_vel_controller[0m
[INFO] [spawner-10]: process has finished cleanly [pid 147876]
[INFO] [spawner-11]: process has finished cleanly [pid 147878]
[INFO] [spawner-19]: process has finished cleanly [pid 147966]
[INFO] [spawner-20]: process has finished cleanly [pid 147978]
[rviz2-21] [ERROR] [1747916252.864790696] [rviz2]: Could not find parameter robot_description and did not receive robot_description via std_msgs::msg::String subscription within 10.000000 seconds.
[rviz2-21] Error:   Error document empty.
[rviz2-21]          at line 100 in ./urdf_parser/src/model.cpp
[rviz2-21] Failed to parse robot description using: urdf_xml_parser/URDFXMLParser
[rviz2-21] [INFO] [1747916262.958320423] [moveit_rdf_loader.rdf_loader]: Unable to parse URDF
[rviz2-21] [ERROR] [1747916263.050920998] [moveit_ros.planning_scene_monitor.planning_scene_monitor]: Robot model not loaded
[WARNING] [launch]: user interrupted with ctrl-c (SIGINT)
[rviz2-21] [INFO] [1747916269.300827238] [rclcpp]: signal_handler(signum=2)
[static_transform_publisher-17] [INFO] [1747916269.300860110] [rclcpp]: signal_handler(signum=2)
[static_transform_publisher-18] [INFO] [1747916269.300978079] [rclcpp]: signal_handler(signum=2)
[static_transform_publisher-6] [INFO] [1747916269.300995363] [rclcpp]: signal_handler(signum=2)
[static_transform_publisher-16] [INFO] [1747916269.301092882] [rclcpp]: signal_handler(signum=2)
[static_transform_publisher-15] [INFO] [1747916269.301192846] [rclcpp]: signal_handler(signum=2)
[static_transform_publisher-14] [INFO] [1747916269.301291269] [rclcpp]: signal_handler(signum=2)
[static_transform_publisher-9] [INFO] [1747916269.301496294] [rclcpp]: signal_handler(signum=2)
[static_transform_publisher-8] [INFO] [1747916269.301646039] [rclcpp]: signal_handler(signum=2)
[static_transform_publisher-7] [INFO] [1747916269.301767407] [rclcpp]: signal_handler(signum=2)
[static_transform_publisher-5] [INFO] [1747916269.301883155] [rclcpp]: signal_handler(signum=2)
[robot_state_publisher-4] [INFO] [1747916269.301129133] [rclcpp]: signal_handler(signum=2)
[robot_state_publisher-13] [INFO] [1747916269.318086759] [rclcpp]: signal_handler(signum=2)
[INFO] [static_transform_publisher-14]: process has finished cleanly [pid 147919]
[INFO] [static_transform_publisher-18]: process has finished cleanly [pid 147963]
[INFO] [static_transform_publisher-5]: process has finished cleanly [pid 147866]
[INFO] [static_transform_publisher-16]: process has finished cleanly [pid 147941]
[INFO] [static_transform_publisher-7]: process has finished cleanly [pid 147870]
[INFO] [static_transform_publisher-8]: process has finished cleanly [pid 147872]
[INFO] [static_transform_publisher-15]: process has finished cleanly [pid 147931]
[INFO] [robot_state_publisher-13]: process has finished cleanly [pid 147884]
[INFO] [static_transform_publisher-9]: process has finished cleanly [pid 147874]
[INFO] [static_transform_publisher-17]: process has finished cleanly [pid 147953]
[INFO] [static_transform_publisher-6]: process has finished cleanly [pid 147868]
[INFO] [robot_state_publisher-4]: process has finished cleanly [pid 147864]
[INFO] [rviz2-21]: process has finished cleanly [pid 147986]
[INFO] [gzclient-2]: process has finished cleanly [pid 147860]
[INFO] [gzserver-1]: process has finished cleanly [pid 147858]
[ERROR] [move_group-22]: process has died [pid 147993, exit code -6, cmd '/ros2_ws/install/moveit_ros_move_group/lib/moveit_ros_move_group/move_group --ros-args --params-file /tmp/launch_params_l4jw33rc --params-file /tmp/launch_params_a6u1uh6c --params-file /tmp/launch_params_fpvlcf7f --params-file /tmp/launch_params_rj_qcjur --params-file /tmp/launch_params_e4wrbiqw'].
